[2023-10-25T18:47:44.395+0530] {taskinstance.py:1157} INFO - Dependencies all met for dep_context=non-requeueable deps ti=<TaskInstance: wikipedia_dag.send_notification_email manual__2023-10-25T13:17:36.665007+00:00 [queued]>
[2023-10-25T18:47:44.401+0530] {taskinstance.py:1157} INFO - Dependencies all met for dep_context=requeueable deps ti=<TaskInstance: wikipedia_dag.send_notification_email manual__2023-10-25T13:17:36.665007+00:00 [queued]>
[2023-10-25T18:47:44.401+0530] {taskinstance.py:1359} INFO - Starting attempt 1 of 2
[2023-10-25T18:47:44.413+0530] {taskinstance.py:1380} INFO - Executing <Task(EmailOperator): send_notification_email> on 2023-10-25 13:17:36.665007+00:00
[2023-10-25T18:47:44.416+0530] {standard_task_runner.py:57} INFO - Started process 98561 to run task
[2023-10-25T18:47:44.419+0530] {standard_task_runner.py:84} INFO - Running: ['airflow', 'tasks', 'run', 'wikipedia_dag', 'send_notification_email', 'manual__2023-10-25T13:17:36.665007+00:00', '--job-id', '1638', '--raw', '--subdir', 'DAGS_FOLDER/word_count.py', '--cfg-path', '/tmp/tmpw_7oe4wu']
[2023-10-25T18:47:44.420+0530] {standard_task_runner.py:85} INFO - Job 1638: Subtask send_notification_email
[2023-10-25T18:47:44.444+0530] {task_command.py:415} INFO - Running <TaskInstance: wikipedia_dag.send_notification_email manual__2023-10-25T13:17:36.665007+00:00 [running]> on host harika-Latitude-5511
[2023-10-25T18:47:44.486+0530] {taskinstance.py:1660} INFO - Exporting env vars: AIRFLOW_CTX_DAG_EMAIL='harikasree2225@gmail.com' AIRFLOW_CTX_DAG_OWNER='airflow' AIRFLOW_CTX_DAG_ID='wikipedia_dag' AIRFLOW_CTX_TASK_ID='send_notification_email' AIRFLOW_CTX_EXECUTION_DATE='2023-10-25T13:17:36.665007+00:00' AIRFLOW_CTX_TRY_NUMBER='1' AIRFLOW_CTX_DAG_RUN_ID='manual__2023-10-25T13:17:36.665007+00:00'
[2023-10-25T18:47:44.494+0530] {logging_mixin.py:151} WARNING - /home/harika/.local/lib/python3.10/site-packages/airflow/utils/email.py:154 RemovedInAirflow3Warning: Fetching SMTP credentials from configuration variables will be deprecated in a future release. Please set credentials using a connection instead.
[2023-10-25T18:47:44.495+0530] {email.py:270} INFO - Email alerting: attempt 1
[2023-10-25T18:48:33.453+0530] {process_utils.py:131} INFO - Sending Signals.SIGTERM to group 98561. PIDs of all processes in the group: [98561]
[2023-10-25T18:48:33.453+0530] {process_utils.py:86} INFO - Sending the signal Signals.SIGTERM to group 98561
[2023-10-25T18:48:33.453+0530] {taskinstance.py:1630} ERROR - Received SIGTERM. Terminating subprocesses.
[2023-10-25T18:48:33.460+0530] {taskinstance.py:1935} ERROR - Task failed with exception
Traceback (most recent call last):
  File "/home/harika/.local/lib/python3.10/site-packages/airflow/operators/email.py", line 77, in execute
    send_email(
  File "/home/harika/.local/lib/python3.10/site-packages/airflow/utils/email.py", line 80, in send_email
    return backend(
  File "/home/harika/.local/lib/python3.10/site-packages/airflow/utils/email.py", line 154, in send_email_smtp
    send_mime_email(e_from=mail_from, e_to=recipients, mime_msg=msg, conn_id=conn_id, dryrun=dryrun)
  File "/home/harika/.local/lib/python3.10/site-packages/airflow/utils/email.py", line 272, in send_mime_email
    smtp_conn = _get_smtp_connection(smtp_host, smtp_port, smtp_timeout, smtp_ssl)
  File "/home/harika/.local/lib/python3.10/site-packages/airflow/utils/email.py", line 317, in _get_smtp_connection
    return smtplib.SMTP(host=host, port=port, timeout=timeout)
  File "/usr/lib/python3.10/smtplib.py", line 255, in __init__
    (code, msg) = self.connect(host, port)
  File "/usr/lib/python3.10/smtplib.py", line 341, in connect
    self.sock = self._get_socket(host, port, self.timeout)
  File "/usr/lib/python3.10/smtplib.py", line 312, in _get_socket
    return socket.create_connection((host, port), timeout,
  File "/usr/lib/python3.10/socket.py", line 833, in create_connection
    sock.connect(sa)
  File "/home/harika/.local/lib/python3.10/site-packages/airflow/models/taskinstance.py", line 1632, in signal_handler
    raise AirflowException("Task received SIGTERM signal")
airflow.exceptions.AirflowException: Task received SIGTERM signal
[2023-10-25T18:48:33.462+0530] {taskinstance.py:1398} INFO - Marking task as UP_FOR_RETRY. dag_id=wikipedia_dag, task_id=send_notification_email, execution_date=20231025T131736, start_date=20231025T131744, end_date=20231025T131833
[2023-10-25T18:48:33.470+0530] {standard_task_runner.py:104} ERROR - Failed to execute job 1638 for task send_notification_email (Task received SIGTERM signal; 98561)
[2023-10-25T18:48:33.480+0530] {process_utils.py:79} INFO - Process psutil.Process(pid=98561, status='terminated', exitcode=1, started='18:47:43') (98561) terminated with exit code 1
