[2023-11-01T09:50:29.283+0530] {taskinstance.py:1157} INFO - Dependencies all met for dep_context=non-requeueable deps ti=<TaskInstance: date_time_example.wait_until_new_year scheduled__2023-11-01T00:12:00+00:00 [queued]>
[2023-11-01T09:50:29.288+0530] {taskinstance.py:1157} INFO - Dependencies all met for dep_context=requeueable deps ti=<TaskInstance: date_time_example.wait_until_new_year scheduled__2023-11-01T00:12:00+00:00 [queued]>
[2023-11-01T09:50:29.288+0530] {taskinstance.py:1359} INFO - Starting attempt 1 of 1
[2023-11-01T09:50:29.297+0530] {taskinstance.py:1380} INFO - Executing <Task(DateTimeSensor): wait_until_new_year> on 2023-11-01 00:12:00+00:00
[2023-11-01T09:50:29.300+0530] {standard_task_runner.py:57} INFO - Started process 920097 to run task
[2023-11-01T09:50:29.302+0530] {standard_task_runner.py:84} INFO - Running: ['airflow', 'tasks', 'run', 'date_time_example', 'wait_until_new_year', 'scheduled__2023-11-01T00:12:00+00:00', '--job-id', '2125', '--raw', '--subdir', 'DAGS_FOLDER/dataTimeSensor.py', '--cfg-path', '/tmp/tmpmum1juth']
[2023-11-01T09:50:29.302+0530] {standard_task_runner.py:85} INFO - Job 2125: Subtask wait_until_new_year
[2023-11-01T09:50:29.323+0530] {task_command.py:415} INFO - Running <TaskInstance: date_time_example.wait_until_new_year scheduled__2023-11-01T00:12:00+00:00 [running]> on host harika-Latitude-5511
[2023-11-01T09:50:29.366+0530] {taskinstance.py:1660} INFO - Exporting env vars: AIRFLOW_CTX_DAG_OWNER='airflow' AIRFLOW_CTX_DAG_ID='date_time_example' AIRFLOW_CTX_TASK_ID='wait_until_new_year' AIRFLOW_CTX_EXECUTION_DATE='2023-11-01T00:12:00+00:00' AIRFLOW_CTX_TRY_NUMBER='1' AIRFLOW_CTX_DAG_RUN_ID='scheduled__2023-11-01T00:12:00+00:00'
[2023-11-01T09:50:29.370+0530] {date_time.py:74} INFO - Checking if the time (2023-11-01T09:39:00) has come
[2023-11-01T09:50:29.441+0530] {taskinstance.py:1895} INFO - Rescheduling task, marking task as UP_FOR_RESCHEDULE
[2023-11-01T09:50:29.473+0530] {local_task_job_runner.py:228} INFO - Task exited with return code 0
[2023-11-01T09:50:29.482+0530] {taskinstance.py:2776} INFO - 0 downstream tasks scheduled from follow-on schedule check
[2023-11-01T09:51:33.900+0530] {taskinstance.py:1157} INFO - Dependencies all met for dep_context=non-requeueable deps ti=<TaskInstance: date_time_example.wait_until_new_year scheduled__2023-11-01T00:12:00+00:00 [queued]>
[2023-11-01T09:51:33.907+0530] {taskinstance.py:1157} INFO - Dependencies all met for dep_context=requeueable deps ti=<TaskInstance: date_time_example.wait_until_new_year scheduled__2023-11-01T00:12:00+00:00 [queued]>
[2023-11-01T09:51:33.907+0530] {taskinstance.py:1359} INFO - Starting attempt 1 of 1
[2023-11-01T09:51:33.920+0530] {taskinstance.py:1380} INFO - Executing <Task(DateTimeSensor): wait_until_new_year> on 2023-11-01 00:12:00+00:00
[2023-11-01T09:51:33.924+0530] {standard_task_runner.py:57} INFO - Started process 921538 to run task
[2023-11-01T09:51:33.928+0530] {standard_task_runner.py:84} INFO - Running: ['airflow', 'tasks', 'run', 'date_time_example', 'wait_until_new_year', 'scheduled__2023-11-01T00:12:00+00:00', '--job-id', '2141', '--raw', '--subdir', 'DAGS_FOLDER/dataTimeSensor.py', '--cfg-path', '/tmp/tmpfxpakxzm']
[2023-11-01T09:51:33.929+0530] {standard_task_runner.py:85} INFO - Job 2141: Subtask wait_until_new_year
[2023-11-01T09:51:33.962+0530] {task_command.py:415} INFO - Running <TaskInstance: date_time_example.wait_until_new_year scheduled__2023-11-01T00:12:00+00:00 [running]> on host harika-Latitude-5511
[2023-11-01T09:51:34.022+0530] {taskinstance.py:1660} INFO - Exporting env vars: AIRFLOW_CTX_DAG_OWNER='airflow' AIRFLOW_CTX_DAG_ID='date_time_example' AIRFLOW_CTX_TASK_ID='wait_until_new_year' AIRFLOW_CTX_EXECUTION_DATE='2023-11-01T00:12:00+00:00' AIRFLOW_CTX_TRY_NUMBER='1' AIRFLOW_CTX_DAG_RUN_ID='scheduled__2023-11-01T00:12:00+00:00'
[2023-11-01T09:51:34.028+0530] {date_time.py:74} INFO - Checking if the time (2023-11-01T09:52:00) has come
[2023-11-01T09:51:34.131+0530] {taskinstance.py:1895} INFO - Rescheduling task, marking task as UP_FOR_RESCHEDULE
[2023-11-01T09:51:34.180+0530] {local_task_job_runner.py:228} INFO - Task exited with return code 0
[2023-11-01T09:51:34.190+0530] {taskinstance.py:2776} INFO - 0 downstream tasks scheduled from follow-on schedule check
[2023-11-01T09:52:37.948+0530] {taskinstance.py:1157} INFO - Dependencies all met for dep_context=non-requeueable deps ti=<TaskInstance: date_time_example.wait_until_new_year scheduled__2023-11-01T00:12:00+00:00 [queued]>
[2023-11-01T09:52:37.953+0530] {taskinstance.py:1157} INFO - Dependencies all met for dep_context=requeueable deps ti=<TaskInstance: date_time_example.wait_until_new_year scheduled__2023-11-01T00:12:00+00:00 [queued]>
[2023-11-01T09:52:37.954+0530] {taskinstance.py:1359} INFO - Starting attempt 1 of 1
[2023-11-01T09:52:37.963+0530] {taskinstance.py:1380} INFO - Executing <Task(DateTimeSensor): wait_until_new_year> on 2023-11-01 00:12:00+00:00
[2023-11-01T09:52:37.967+0530] {standard_task_runner.py:57} INFO - Started process 922954 to run task
[2023-11-01T09:52:37.970+0530] {standard_task_runner.py:84} INFO - Running: ['airflow', 'tasks', 'run', 'date_time_example', 'wait_until_new_year', 'scheduled__2023-11-01T00:12:00+00:00', '--job-id', '2159', '--raw', '--subdir', 'DAGS_FOLDER/dataTimeSensor.py', '--cfg-path', '/tmp/tmpm5xa8943']
[2023-11-01T09:52:37.970+0530] {standard_task_runner.py:85} INFO - Job 2159: Subtask wait_until_new_year
[2023-11-01T09:52:37.998+0530] {task_command.py:415} INFO - Running <TaskInstance: date_time_example.wait_until_new_year scheduled__2023-11-01T00:12:00+00:00 [running]> on host harika-Latitude-5511
[2023-11-01T09:52:38.058+0530] {taskinstance.py:1660} INFO - Exporting env vars: AIRFLOW_CTX_DAG_OWNER='airflow' AIRFLOW_CTX_DAG_ID='date_time_example' AIRFLOW_CTX_TASK_ID='wait_until_new_year' AIRFLOW_CTX_EXECUTION_DATE='2023-11-01T00:12:00+00:00' AIRFLOW_CTX_TRY_NUMBER='1' AIRFLOW_CTX_DAG_RUN_ID='scheduled__2023-11-01T00:12:00+00:00'
[2023-11-01T09:52:38.064+0530] {date_time.py:74} INFO - Checking if the time (2023-11-01T09:52:00) has come
[2023-11-01T09:52:38.154+0530] {taskinstance.py:1895} INFO - Rescheduling task, marking task as UP_FOR_RESCHEDULE
[2023-11-01T09:52:38.181+0530] {local_task_job_runner.py:228} INFO - Task exited with return code 0
[2023-11-01T09:52:38.191+0530] {taskinstance.py:2776} INFO - 0 downstream tasks scheduled from follow-on schedule check
[2023-11-01T09:53:40.421+0530] {taskinstance.py:1157} INFO - Dependencies all met for dep_context=non-requeueable deps ti=<TaskInstance: date_time_example.wait_until_new_year scheduled__2023-11-01T00:12:00+00:00 [queued]>
[2023-11-01T09:53:40.426+0530] {taskinstance.py:1157} INFO - Dependencies all met for dep_context=requeueable deps ti=<TaskInstance: date_time_example.wait_until_new_year scheduled__2023-11-01T00:12:00+00:00 [queued]>
[2023-11-01T09:53:40.426+0530] {taskinstance.py:1359} INFO - Starting attempt 1 of 1
[2023-11-01T09:53:40.437+0530] {taskinstance.py:1380} INFO - Executing <Task(DateTimeSensor): wait_until_new_year> on 2023-11-01 00:12:00+00:00
[2023-11-01T09:53:40.440+0530] {standard_task_runner.py:57} INFO - Started process 924345 to run task
[2023-11-01T09:53:40.442+0530] {standard_task_runner.py:84} INFO - Running: ['airflow', 'tasks', 'run', 'date_time_example', 'wait_until_new_year', 'scheduled__2023-11-01T00:12:00+00:00', '--job-id', '2177', '--raw', '--subdir', 'DAGS_FOLDER/dataTimeSensor.py', '--cfg-path', '/tmp/tmpcxpqlgxi']
[2023-11-01T09:53:40.443+0530] {standard_task_runner.py:85} INFO - Job 2177: Subtask wait_until_new_year
[2023-11-01T09:53:40.474+0530] {task_command.py:415} INFO - Running <TaskInstance: date_time_example.wait_until_new_year scheduled__2023-11-01T00:12:00+00:00 [running]> on host harika-Latitude-5511
[2023-11-01T09:53:40.523+0530] {taskinstance.py:1660} INFO - Exporting env vars: AIRFLOW_CTX_DAG_OWNER='airflow' AIRFLOW_CTX_DAG_ID='date_time_example' AIRFLOW_CTX_TASK_ID='wait_until_new_year' AIRFLOW_CTX_EXECUTION_DATE='2023-11-01T00:12:00+00:00' AIRFLOW_CTX_TRY_NUMBER='1' AIRFLOW_CTX_DAG_RUN_ID='scheduled__2023-11-01T00:12:00+00:00'
[2023-11-01T09:53:40.527+0530] {date_time.py:74} INFO - Checking if the time (2023-11-01T09:52:00) has come
[2023-11-01T09:53:40.617+0530] {taskinstance.py:1895} INFO - Rescheduling task, marking task as UP_FOR_RESCHEDULE
[2023-11-01T09:53:40.654+0530] {local_task_job_runner.py:228} INFO - Task exited with return code 0
[2023-11-01T09:53:40.666+0530] {taskinstance.py:2776} INFO - 0 downstream tasks scheduled from follow-on schedule check
[2023-11-01T09:54:42.374+0530] {taskinstance.py:1157} INFO - Dependencies all met for dep_context=non-requeueable deps ti=<TaskInstance: date_time_example.wait_until_new_year scheduled__2023-11-01T00:12:00+00:00 [queued]>
[2023-11-01T09:54:42.380+0530] {taskinstance.py:1157} INFO - Dependencies all met for dep_context=requeueable deps ti=<TaskInstance: date_time_example.wait_until_new_year scheduled__2023-11-01T00:12:00+00:00 [queued]>
[2023-11-01T09:54:42.380+0530] {taskinstance.py:1359} INFO - Starting attempt 1 of 1
[2023-11-01T09:54:42.393+0530] {taskinstance.py:1380} INFO - Executing <Task(DateTimeSensor): wait_until_new_year> on 2023-11-01 00:12:00+00:00
[2023-11-01T09:54:42.399+0530] {standard_task_runner.py:57} INFO - Started process 925594 to run task
[2023-11-01T09:54:42.401+0530] {standard_task_runner.py:84} INFO - Running: ['airflow', 'tasks', 'run', 'date_time_example', 'wait_until_new_year', 'scheduled__2023-11-01T00:12:00+00:00', '--job-id', '2193', '--raw', '--subdir', 'DAGS_FOLDER/dataTimeSensor.py', '--cfg-path', '/tmp/tmpl926oabd']
[2023-11-01T09:54:42.402+0530] {standard_task_runner.py:85} INFO - Job 2193: Subtask wait_until_new_year
[2023-11-01T09:54:42.427+0530] {task_command.py:415} INFO - Running <TaskInstance: date_time_example.wait_until_new_year scheduled__2023-11-01T00:12:00+00:00 [running]> on host harika-Latitude-5511
[2023-11-01T09:54:42.473+0530] {taskinstance.py:1660} INFO - Exporting env vars: AIRFLOW_CTX_DAG_OWNER='airflow' AIRFLOW_CTX_DAG_ID='date_time_example' AIRFLOW_CTX_TASK_ID='wait_until_new_year' AIRFLOW_CTX_EXECUTION_DATE='2023-11-01T00:12:00+00:00' AIRFLOW_CTX_TRY_NUMBER='1' AIRFLOW_CTX_DAG_RUN_ID='scheduled__2023-11-01T00:12:00+00:00'
[2023-11-01T09:54:42.477+0530] {date_time.py:74} INFO - Checking if the time (2023-11-01T09:52:00) has come
[2023-11-01T09:54:42.563+0530] {taskinstance.py:1895} INFO - Rescheduling task, marking task as UP_FOR_RESCHEDULE
[2023-11-01T09:54:42.573+0530] {local_task_job_runner.py:228} INFO - Task exited with return code 0
[2023-11-01T09:54:42.584+0530] {taskinstance.py:2776} INFO - 0 downstream tasks scheduled from follow-on schedule check
[2023-11-01T09:55:45.022+0530] {taskinstance.py:1157} INFO - Dependencies all met for dep_context=non-requeueable deps ti=<TaskInstance: date_time_example.wait_until_new_year scheduled__2023-11-01T00:12:00+00:00 [queued]>
[2023-11-01T09:55:45.027+0530] {taskinstance.py:1157} INFO - Dependencies all met for dep_context=requeueable deps ti=<TaskInstance: date_time_example.wait_until_new_year scheduled__2023-11-01T00:12:00+00:00 [queued]>
[2023-11-01T09:55:45.028+0530] {taskinstance.py:1359} INFO - Starting attempt 1 of 1
[2023-11-01T09:55:45.038+0530] {taskinstance.py:1380} INFO - Executing <Task(DateTimeSensor): wait_until_new_year> on 2023-11-01 00:12:00+00:00
[2023-11-01T09:55:45.042+0530] {standard_task_runner.py:57} INFO - Started process 926999 to run task
[2023-11-01T09:55:45.044+0530] {standard_task_runner.py:84} INFO - Running: ['airflow', 'tasks', 'run', 'date_time_example', 'wait_until_new_year', 'scheduled__2023-11-01T00:12:00+00:00', '--job-id', '2209', '--raw', '--subdir', 'DAGS_FOLDER/dataTimeSensor.py', '--cfg-path', '/tmp/tmpf8af8lyq']
[2023-11-01T09:55:45.045+0530] {standard_task_runner.py:85} INFO - Job 2209: Subtask wait_until_new_year
[2023-11-01T09:55:45.072+0530] {task_command.py:415} INFO - Running <TaskInstance: date_time_example.wait_until_new_year scheduled__2023-11-01T00:12:00+00:00 [running]> on host harika-Latitude-5511
[2023-11-01T09:55:45.121+0530] {taskinstance.py:1660} INFO - Exporting env vars: AIRFLOW_CTX_DAG_OWNER='airflow' AIRFLOW_CTX_DAG_ID='date_time_example' AIRFLOW_CTX_TASK_ID='wait_until_new_year' AIRFLOW_CTX_EXECUTION_DATE='2023-11-01T00:12:00+00:00' AIRFLOW_CTX_TRY_NUMBER='1' AIRFLOW_CTX_DAG_RUN_ID='scheduled__2023-11-01T00:12:00+00:00'
[2023-11-01T09:55:45.125+0530] {date_time.py:74} INFO - Checking if the time (2023-11-01T09:52:00) has come
[2023-11-01T09:55:45.212+0530] {taskinstance.py:1895} INFO - Rescheduling task, marking task as UP_FOR_RESCHEDULE
[2023-11-01T09:55:45.256+0530] {local_task_job_runner.py:228} INFO - Task exited with return code 0
[2023-11-01T09:55:45.267+0530] {taskinstance.py:2776} INFO - 0 downstream tasks scheduled from follow-on schedule check
[2023-11-01T09:56:48.206+0530] {taskinstance.py:1157} INFO - Dependencies all met for dep_context=non-requeueable deps ti=<TaskInstance: date_time_example.wait_until_new_year scheduled__2023-11-01T00:12:00+00:00 [queued]>
[2023-11-01T09:56:48.212+0530] {taskinstance.py:1157} INFO - Dependencies all met for dep_context=requeueable deps ti=<TaskInstance: date_time_example.wait_until_new_year scheduled__2023-11-01T00:12:00+00:00 [queued]>
[2023-11-01T09:56:48.212+0530] {taskinstance.py:1359} INFO - Starting attempt 1 of 1
[2023-11-01T09:56:48.223+0530] {taskinstance.py:1380} INFO - Executing <Task(DateTimeSensor): wait_until_new_year> on 2023-11-01 00:12:00+00:00
[2023-11-01T09:56:48.226+0530] {standard_task_runner.py:57} INFO - Started process 928386 to run task
[2023-11-01T09:56:48.228+0530] {standard_task_runner.py:84} INFO - Running: ['airflow', 'tasks', 'run', 'date_time_example', 'wait_until_new_year', 'scheduled__2023-11-01T00:12:00+00:00', '--job-id', '2225', '--raw', '--subdir', 'DAGS_FOLDER/dataTimeSensor.py', '--cfg-path', '/tmp/tmpkri3mxo2']
[2023-11-01T09:56:48.229+0530] {standard_task_runner.py:85} INFO - Job 2225: Subtask wait_until_new_year
[2023-11-01T09:56:48.254+0530] {task_command.py:415} INFO - Running <TaskInstance: date_time_example.wait_until_new_year scheduled__2023-11-01T00:12:00+00:00 [running]> on host harika-Latitude-5511
[2023-11-01T09:56:48.302+0530] {taskinstance.py:1660} INFO - Exporting env vars: AIRFLOW_CTX_DAG_OWNER='airflow' AIRFLOW_CTX_DAG_ID='date_time_example' AIRFLOW_CTX_TASK_ID='wait_until_new_year' AIRFLOW_CTX_EXECUTION_DATE='2023-11-01T00:12:00+00:00' AIRFLOW_CTX_TRY_NUMBER='1' AIRFLOW_CTX_DAG_RUN_ID='scheduled__2023-11-01T00:12:00+00:00'
[2023-11-01T09:56:48.306+0530] {date_time.py:74} INFO - Checking if the time (2023-11-01T09:52:00) has come
[2023-11-01T09:56:48.398+0530] {taskinstance.py:1895} INFO - Rescheduling task, marking task as UP_FOR_RESCHEDULE
[2023-11-01T09:56:48.441+0530] {local_task_job_runner.py:228} INFO - Task exited with return code 0
[2023-11-01T09:56:48.450+0530] {taskinstance.py:2776} INFO - 0 downstream tasks scheduled from follow-on schedule check
[2023-11-01T09:57:50.903+0530] {taskinstance.py:1157} INFO - Dependencies all met for dep_context=non-requeueable deps ti=<TaskInstance: date_time_example.wait_until_new_year scheduled__2023-11-01T00:12:00+00:00 [queued]>
[2023-11-01T09:57:50.908+0530] {taskinstance.py:1157} INFO - Dependencies all met for dep_context=requeueable deps ti=<TaskInstance: date_time_example.wait_until_new_year scheduled__2023-11-01T00:12:00+00:00 [queued]>
[2023-11-01T09:57:50.908+0530] {taskinstance.py:1359} INFO - Starting attempt 1 of 1
[2023-11-01T09:57:50.919+0530] {taskinstance.py:1380} INFO - Executing <Task(DateTimeSensor): wait_until_new_year> on 2023-11-01 00:12:00+00:00
[2023-11-01T09:57:50.922+0530] {standard_task_runner.py:57} INFO - Started process 929646 to run task
[2023-11-01T09:57:50.924+0530] {standard_task_runner.py:84} INFO - Running: ['airflow', 'tasks', 'run', 'date_time_example', 'wait_until_new_year', 'scheduled__2023-11-01T00:12:00+00:00', '--job-id', '2241', '--raw', '--subdir', 'DAGS_FOLDER/dataTimeSensor.py', '--cfg-path', '/tmp/tmpzxiyzvpq']
[2023-11-01T09:57:50.925+0530] {standard_task_runner.py:85} INFO - Job 2241: Subtask wait_until_new_year
[2023-11-01T09:57:50.949+0530] {task_command.py:415} INFO - Running <TaskInstance: date_time_example.wait_until_new_year scheduled__2023-11-01T00:12:00+00:00 [running]> on host harika-Latitude-5511
[2023-11-01T09:57:50.997+0530] {taskinstance.py:1660} INFO - Exporting env vars: AIRFLOW_CTX_DAG_OWNER='airflow' AIRFLOW_CTX_DAG_ID='date_time_example' AIRFLOW_CTX_TASK_ID='wait_until_new_year' AIRFLOW_CTX_EXECUTION_DATE='2023-11-01T00:12:00+00:00' AIRFLOW_CTX_TRY_NUMBER='1' AIRFLOW_CTX_DAG_RUN_ID='scheduled__2023-11-01T00:12:00+00:00'
[2023-11-01T09:57:51.002+0530] {date_time.py:74} INFO - Checking if the time (2023-11-01T09:52:00) has come
[2023-11-01T09:57:51.097+0530] {taskinstance.py:1895} INFO - Rescheduling task, marking task as UP_FOR_RESCHEDULE
[2023-11-01T09:57:51.136+0530] {local_task_job_runner.py:228} INFO - Task exited with return code 0
[2023-11-01T09:57:51.147+0530] {taskinstance.py:2776} INFO - 0 downstream tasks scheduled from follow-on schedule check
[2023-11-01T09:58:56.286+0530] {taskinstance.py:1157} INFO - Dependencies all met for dep_context=non-requeueable deps ti=<TaskInstance: date_time_example.wait_until_new_year scheduled__2023-11-01T00:12:00+00:00 [queued]>
[2023-11-01T09:58:56.292+0530] {taskinstance.py:1157} INFO - Dependencies all met for dep_context=requeueable deps ti=<TaskInstance: date_time_example.wait_until_new_year scheduled__2023-11-01T00:12:00+00:00 [queued]>
[2023-11-01T09:58:56.292+0530] {taskinstance.py:1359} INFO - Starting attempt 1 of 1
[2023-11-01T09:58:56.303+0530] {taskinstance.py:1380} INFO - Executing <Task(DateTimeSensor): wait_until_new_year> on 2023-11-01 00:12:00+00:00
[2023-11-01T09:58:56.307+0530] {standard_task_runner.py:57} INFO - Started process 931105 to run task
[2023-11-01T09:58:56.309+0530] {standard_task_runner.py:84} INFO - Running: ['airflow', 'tasks', 'run', 'date_time_example', 'wait_until_new_year', 'scheduled__2023-11-01T00:12:00+00:00', '--job-id', '2257', '--raw', '--subdir', 'DAGS_FOLDER/dataTimeSensor.py', '--cfg-path', '/tmp/tmp5_ljxyoc']
[2023-11-01T09:58:56.311+0530] {standard_task_runner.py:85} INFO - Job 2257: Subtask wait_until_new_year
[2023-11-01T09:58:56.340+0530] {task_command.py:415} INFO - Running <TaskInstance: date_time_example.wait_until_new_year scheduled__2023-11-01T00:12:00+00:00 [running]> on host harika-Latitude-5511
[2023-11-01T09:58:56.391+0530] {taskinstance.py:1660} INFO - Exporting env vars: AIRFLOW_CTX_DAG_OWNER='airflow' AIRFLOW_CTX_DAG_ID='date_time_example' AIRFLOW_CTX_TASK_ID='wait_until_new_year' AIRFLOW_CTX_EXECUTION_DATE='2023-11-01T00:12:00+00:00' AIRFLOW_CTX_TRY_NUMBER='1' AIRFLOW_CTX_DAG_RUN_ID='scheduled__2023-11-01T00:12:00+00:00'
[2023-11-01T09:58:56.396+0530] {date_time.py:74} INFO - Checking if the time (2023-11-01T09:52:00) has come
[2023-11-01T09:58:56.491+0530] {taskinstance.py:1895} INFO - Rescheduling task, marking task as UP_FOR_RESCHEDULE
[2023-11-01T09:58:56.521+0530] {local_task_job_runner.py:228} INFO - Task exited with return code 0
[2023-11-01T09:58:56.532+0530] {taskinstance.py:2776} INFO - 0 downstream tasks scheduled from follow-on schedule check
