[2023-11-08T10:46:38.206+0530] {temporal.py:60} INFO - trigger starting
[2023-11-08T10:46:38.206+0530] {temporal.py:64} INFO - 3598 seconds remaining; sleeping 60 seconds
[2023-11-08T10:47:38.207+0530] {temporal.py:64} INFO - 3538 seconds remaining; sleeping 60 seconds
[2023-11-08T10:48:38.208+0530] {temporal.py:64} INFO - 3478 seconds remaining; sleeping 60 seconds
[2023-11-08T10:49:38.209+0530] {temporal.py:64} INFO - 3418 seconds remaining; sleeping 60 seconds
[2023-11-08T10:50:38.210+0530] {temporal.py:64} INFO - 3358 seconds remaining; sleeping 60 seconds
[2023-11-08T10:51:38.212+0530] {temporal.py:64} INFO - 3298 seconds remaining; sleeping 60 seconds
[2023-11-08T10:52:38.213+0530] {temporal.py:64} INFO - 3238 seconds remaining; sleeping 60 seconds
[2023-11-08T10:53:38.214+0530] {temporal.py:64} INFO - 3178 seconds remaining; sleeping 60 seconds
[2023-11-08T10:54:38.214+0530] {temporal.py:64} INFO - 3118 seconds remaining; sleeping 60 seconds
[2023-11-08T10:55:38.215+0530] {temporal.py:64} INFO - 3058 seconds remaining; sleeping 60 seconds
[2023-11-08T10:56:38.217+0530] {temporal.py:64} INFO - 2998 seconds remaining; sleeping 60 seconds
[2023-11-08T10:57:38.220+0530] {temporal.py:64} INFO - 2938 seconds remaining; sleeping 60 seconds
[2023-11-08T10:58:38.221+0530] {temporal.py:64} INFO - 2878 seconds remaining; sleeping 60 seconds
[2023-11-08T10:59:38.222+0530] {temporal.py:64} INFO - 2818 seconds remaining; sleeping 60 seconds
[2023-11-08T11:00:38.223+0530] {temporal.py:64} INFO - 2758 seconds remaining; sleeping 60 seconds
[2023-11-08T11:01:37.715+0530] {temporal.py:64} INFO - 2698 seconds remaining; sleeping 60 seconds
[2023-11-08T11:02:37.716+0530] {temporal.py:64} INFO - 2638 seconds remaining; sleeping 60 seconds
[2023-11-08T11:03:37.718+0530] {temporal.py:64} INFO - 2578 seconds remaining; sleeping 60 seconds
[2023-11-08T11:04:37.720+0530] {temporal.py:64} INFO - 2518 seconds remaining; sleeping 60 seconds
[2023-11-08T11:05:37.721+0530] {temporal.py:64} INFO - 2458 seconds remaining; sleeping 60 seconds
[2023-11-08T11:06:37.722+0530] {temporal.py:64} INFO - 2398 seconds remaining; sleeping 60 seconds
[2023-11-08T11:07:37.724+0530] {temporal.py:64} INFO - 2338 seconds remaining; sleeping 60 seconds
[2023-11-08T11:08:37.724+0530] {temporal.py:64} INFO - 2278 seconds remaining; sleeping 60 seconds
[2023-11-08T11:09:37.725+0530] {temporal.py:64} INFO - 2218 seconds remaining; sleeping 60 seconds
[2023-11-08T11:10:37.727+0530] {temporal.py:64} INFO - 2158 seconds remaining; sleeping 60 seconds
[2023-11-08T11:11:37.728+0530] {temporal.py:64} INFO - 2098 seconds remaining; sleeping 60 seconds
[2023-11-08T11:12:37.729+0530] {temporal.py:64} INFO - 2038 seconds remaining; sleeping 60 seconds
[2023-11-08T11:13:37.730+0530] {temporal.py:64} INFO - 1978 seconds remaining; sleeping 60 seconds
[2023-11-08T11:14:37.731+0530] {temporal.py:64} INFO - 1918 seconds remaining; sleeping 60 seconds
[2023-11-08T11:15:37.732+0530] {temporal.py:64} INFO - 1858 seconds remaining; sleeping 60 seconds
[2023-11-08T11:16:37.733+0530] {temporal.py:64} INFO - 1798 seconds remaining; sleeping 60 seconds
[2023-11-08T11:17:37.733+0530] {temporal.py:64} INFO - 1738 seconds remaining; sleeping 60 seconds
[2023-11-08T11:18:37.734+0530] {temporal.py:64} INFO - 1678 seconds remaining; sleeping 60 seconds
[2023-11-08T11:19:37.736+0530] {temporal.py:64} INFO - 1618 seconds remaining; sleeping 60 seconds
[2023-11-08T11:20:37.736+0530] {temporal.py:64} INFO - 1558 seconds remaining; sleeping 60 seconds
[2023-11-08T11:21:37.737+0530] {temporal.py:64} INFO - 1498 seconds remaining; sleeping 60 seconds
[2023-11-08T11:22:37.738+0530] {temporal.py:64} INFO - 1438 seconds remaining; sleeping 60 seconds
[2023-11-08T11:23:37.740+0530] {temporal.py:64} INFO - 1378 seconds remaining; sleeping 60 seconds
[2023-11-08T11:24:37.742+0530] {temporal.py:64} INFO - 1318 seconds remaining; sleeping 60 seconds
[2023-11-08T11:25:37.743+0530] {temporal.py:64} INFO - 1258 seconds remaining; sleeping 60 seconds
[2023-11-08T11:26:37.744+0530] {temporal.py:64} INFO - 1198 seconds remaining; sleeping 60 seconds
[2023-11-08T11:27:37.746+0530] {temporal.py:64} INFO - 1138 seconds remaining; sleeping 60 seconds
[2023-11-08T11:28:37.747+0530] {temporal.py:64} INFO - 1078 seconds remaining; sleeping 60 seconds
[2023-11-08T11:29:37.747+0530] {temporal.py:64} INFO - 1018 seconds remaining; sleeping 60 seconds
[2023-11-08T11:30:37.748+0530] {temporal.py:64} INFO - 958 seconds remaining; sleeping 60 seconds
[2023-11-08T11:31:37.749+0530] {temporal.py:64} INFO - 898 seconds remaining; sleeping 60 seconds
[2023-11-08T11:32:37.751+0530] {temporal.py:64} INFO - 838 seconds remaining; sleeping 60 seconds
[2023-11-08T11:33:37.752+0530] {temporal.py:64} INFO - 778 seconds remaining; sleeping 60 seconds
[2023-11-08T11:34:37.755+0530] {temporal.py:64} INFO - 718 seconds remaining; sleeping 60 seconds
[2023-11-08T11:35:37.756+0530] {temporal.py:64} INFO - 658 seconds remaining; sleeping 60 seconds
[2023-11-08T11:36:37.758+0530] {temporal.py:64} INFO - 598 seconds remaining; sleeping 60 seconds
[2023-11-08T11:37:37.759+0530] {temporal.py:64} INFO - 538 seconds remaining; sleeping 60 seconds
[2023-11-08T11:38:37.760+0530] {temporal.py:64} INFO - 478 seconds remaining; sleeping 60 seconds
[2023-11-08T11:39:37.762+0530] {temporal.py:64} INFO - 418 seconds remaining; sleeping 60 seconds
[2023-11-08T11:40:37.763+0530] {temporal.py:64} INFO - 358 seconds remaining; sleeping 60 seconds
[2023-11-08T11:41:37.765+0530] {temporal.py:64} INFO - 298 seconds remaining; sleeping 60 seconds
[2023-11-08T11:42:37.766+0530] {temporal.py:64} INFO - 238 seconds remaining; sleeping 60 seconds
[2023-11-08T11:43:37.767+0530] {temporal.py:64} INFO - 178 seconds remaining; sleeping 60 seconds
[2023-11-08T11:44:37.768+0530] {temporal.py:64} INFO - 118 seconds remaining; sleeping 10 seconds
[2023-11-08T11:44:47.770+0530] {temporal.py:64} INFO - 108 seconds remaining; sleeping 10 seconds
[2023-11-08T11:44:57.771+0530] {temporal.py:64} INFO - 98 seconds remaining; sleeping 10 seconds
[2023-11-08T11:45:07.772+0530] {temporal.py:64} INFO - 88 seconds remaining; sleeping 10 seconds
[2023-11-08T11:45:17.774+0530] {temporal.py:64} INFO - 78 seconds remaining; sleeping 10 seconds
[2023-11-08T11:45:27.775+0530] {temporal.py:64} INFO - 68 seconds remaining; sleeping 10 seconds
[2023-11-08T11:45:37.777+0530] {temporal.py:64} INFO - 58 seconds remaining; sleeping 10 seconds
[2023-11-08T11:45:47.778+0530] {temporal.py:64} INFO - 48 seconds remaining; sleeping 10 seconds
[2023-11-08T11:45:57.779+0530] {temporal.py:64} INFO - 38 seconds remaining; sleeping 10 seconds
[2023-11-08T11:46:07.780+0530] {temporal.py:64} INFO - 28 seconds remaining; sleeping 10 seconds
[2023-11-08T11:46:17.781+0530] {temporal.py:69} INFO - sleeping 1 second...
[2023-11-08T11:46:18.782+0530] {temporal.py:69} INFO - sleeping 1 second...
[2023-11-08T11:46:19.783+0530] {temporal.py:69} INFO - sleeping 1 second...
[2023-11-08T11:46:20.784+0530] {temporal.py:69} INFO - sleeping 1 second...
[2023-11-08T11:46:21.785+0530] {temporal.py:69} INFO - sleeping 1 second...
[2023-11-08T11:46:22.786+0530] {temporal.py:69} INFO - sleeping 1 second...
[2023-11-08T11:46:23.786+0530] {temporal.py:69} INFO - sleeping 1 second...
[2023-11-08T11:46:24.787+0530] {temporal.py:69} INFO - sleeping 1 second...
[2023-11-08T11:46:25.789+0530] {temporal.py:69} INFO - sleeping 1 second...
[2023-11-08T11:46:26.790+0530] {temporal.py:69} INFO - sleeping 1 second...
[2023-11-08T11:46:27.790+0530] {temporal.py:69} INFO - sleeping 1 second...
[2023-11-08T11:46:28.792+0530] {temporal.py:69} INFO - sleeping 1 second...
[2023-11-08T11:46:29.793+0530] {temporal.py:69} INFO - sleeping 1 second...
[2023-11-08T11:46:30.793+0530] {temporal.py:69} INFO - sleeping 1 second...
[2023-11-08T11:46:31.794+0530] {temporal.py:69} INFO - sleeping 1 second...
[2023-11-08T11:46:32.796+0530] {temporal.py:69} INFO - sleeping 1 second...
[2023-11-08T11:46:33.797+0530] {temporal.py:69} INFO - sleeping 1 second...
[2023-11-08T11:46:34.798+0530] {temporal.py:69} INFO - sleeping 1 second...
[2023-11-08T11:46:35.799+0530] {temporal.py:69} INFO - sleeping 1 second...
[2023-11-08T11:46:36.800+0530] {temporal.py:72} INFO - yielding event with payload DateTime(2023, 11, 8, 6, 16, 36, 598981, tzinfo=Timezone('UTC'))
[2023-11-08T11:46:36.800+0530] {triggerer_job_runner.py:599} INFO - Trigger example_sensors/manual__2023-11-08T05:15:23.865348+00:00/timeout_after_second_date_in_the_future_async/-1/1 (ID 2) fired: TriggerEvent<DateTime(2023, 11, 8, 6, 16, 36, 598981, tzinfo=Timezone('UTC'))>
