[2023-11-07T14:47:58.810+0530] {temporal.py:60} INFO - trigger starting
[2023-11-07T14:47:58.811+0530] {temporal.py:64} INFO - 3598 seconds remaining; sleeping 60 seconds
[2023-11-07T14:48:58.811+0530] {temporal.py:64} INFO - 3538 seconds remaining; sleeping 60 seconds
[2023-11-07T14:49:58.812+0530] {temporal.py:64} INFO - 3478 seconds remaining; sleeping 60 seconds
[2023-11-07T14:50:58.813+0530] {temporal.py:64} INFO - 3418 seconds remaining; sleeping 60 seconds
[2023-11-07T14:51:58.814+0530] {temporal.py:64} INFO - 3358 seconds remaining; sleeping 60 seconds
[2023-11-07T14:52:58.816+0530] {temporal.py:64} INFO - 3298 seconds remaining; sleeping 60 seconds
[2023-11-07T14:53:58.817+0530] {temporal.py:64} INFO - 3238 seconds remaining; sleeping 60 seconds
[2023-11-07T14:54:58.818+0530] {temporal.py:64} INFO - 3178 seconds remaining; sleeping 60 seconds
[2023-11-07T14:55:58.819+0530] {temporal.py:64} INFO - 3118 seconds remaining; sleeping 60 seconds
[2023-11-07T14:56:58.821+0530] {temporal.py:64} INFO - 3058 seconds remaining; sleeping 60 seconds
[2023-11-07T14:57:58.822+0530] {temporal.py:64} INFO - 2998 seconds remaining; sleeping 60 seconds
[2023-11-07T14:58:58.824+0530] {temporal.py:64} INFO - 2938 seconds remaining; sleeping 60 seconds
[2023-11-07T14:59:58.825+0530] {temporal.py:64} INFO - 2878 seconds remaining; sleeping 60 seconds
[2023-11-07T15:00:58.827+0530] {temporal.py:64} INFO - 2818 seconds remaining; sleeping 60 seconds
[2023-11-07T15:01:58.827+0530] {temporal.py:64} INFO - 2758 seconds remaining; sleeping 60 seconds
[2023-11-07T15:02:58.828+0530] {temporal.py:64} INFO - 2698 seconds remaining; sleeping 60 seconds
[2023-11-07T15:03:58.830+0530] {temporal.py:64} INFO - 2638 seconds remaining; sleeping 60 seconds
[2023-11-07T15:04:58.832+0530] {temporal.py:64} INFO - 2578 seconds remaining; sleeping 60 seconds
[2023-11-07T15:05:58.833+0530] {temporal.py:64} INFO - 2518 seconds remaining; sleeping 60 seconds
[2023-11-07T15:06:58.834+0530] {temporal.py:64} INFO - 2458 seconds remaining; sleeping 60 seconds
[2023-11-07T15:07:58.834+0530] {temporal.py:64} INFO - 2398 seconds remaining; sleeping 60 seconds
[2023-11-07T15:08:58.836+0530] {temporal.py:64} INFO - 2338 seconds remaining; sleeping 60 seconds
[2023-11-07T15:09:58.837+0530] {temporal.py:64} INFO - 2278 seconds remaining; sleeping 60 seconds
[2023-11-07T15:10:58.839+0530] {temporal.py:64} INFO - 2218 seconds remaining; sleeping 60 seconds
[2023-11-07T15:11:58.841+0530] {temporal.py:64} INFO - 2158 seconds remaining; sleeping 60 seconds
[2023-11-07T15:12:58.842+0530] {temporal.py:64} INFO - 2098 seconds remaining; sleeping 60 seconds
[2023-11-07T15:13:58.843+0530] {temporal.py:64} INFO - 2038 seconds remaining; sleeping 60 seconds
[2023-11-07T15:14:58.845+0530] {temporal.py:64} INFO - 1978 seconds remaining; sleeping 60 seconds
[2023-11-07T15:15:58.846+0530] {temporal.py:64} INFO - 1918 seconds remaining; sleeping 60 seconds
[2023-11-07T15:16:58.848+0530] {temporal.py:64} INFO - 1858 seconds remaining; sleeping 60 seconds
[2023-11-07T15:17:58.849+0530] {temporal.py:64} INFO - 1798 seconds remaining; sleeping 60 seconds
[2023-11-07T15:18:58.850+0530] {temporal.py:64} INFO - 1738 seconds remaining; sleeping 60 seconds
[2023-11-07T15:19:58.851+0530] {temporal.py:64} INFO - 1678 seconds remaining; sleeping 60 seconds
[2023-11-07T15:20:58.852+0530] {temporal.py:64} INFO - 1618 seconds remaining; sleeping 60 seconds
[2023-11-07T15:21:58.853+0530] {temporal.py:64} INFO - 1558 seconds remaining; sleeping 60 seconds
[2023-11-07T15:22:58.854+0530] {temporal.py:64} INFO - 1498 seconds remaining; sleeping 60 seconds
[2023-11-07T15:23:58.856+0530] {temporal.py:64} INFO - 1438 seconds remaining; sleeping 60 seconds
[2023-11-07T15:24:58.857+0530] {temporal.py:64} INFO - 1378 seconds remaining; sleeping 60 seconds
[2023-11-07T15:25:58.859+0530] {temporal.py:64} INFO - 1318 seconds remaining; sleeping 60 seconds
[2023-11-07T15:26:58.861+0530] {temporal.py:64} INFO - 1258 seconds remaining; sleeping 60 seconds
[2023-11-07T15:27:58.863+0530] {temporal.py:64} INFO - 1198 seconds remaining; sleeping 60 seconds
[2023-11-07T15:28:58.864+0530] {temporal.py:64} INFO - 1138 seconds remaining; sleeping 60 seconds
[2023-11-07T15:29:58.865+0530] {temporal.py:64} INFO - 1078 seconds remaining; sleeping 60 seconds
[2023-11-07T15:30:58.866+0530] {temporal.py:64} INFO - 1018 seconds remaining; sleeping 60 seconds
[2023-11-07T15:31:58.868+0530] {temporal.py:64} INFO - 958 seconds remaining; sleeping 60 seconds
[2023-11-07T15:32:58.869+0530] {temporal.py:64} INFO - 898 seconds remaining; sleeping 60 seconds
[2023-11-07T15:33:58.870+0530] {temporal.py:64} INFO - 838 seconds remaining; sleeping 60 seconds
[2023-11-07T15:34:58.872+0530] {temporal.py:64} INFO - 778 seconds remaining; sleeping 60 seconds
[2023-11-07T15:35:58.873+0530] {temporal.py:64} INFO - 718 seconds remaining; sleeping 60 seconds
[2023-11-07T15:36:58.874+0530] {temporal.py:64} INFO - 658 seconds remaining; sleeping 60 seconds
[2023-11-07T15:37:58.875+0530] {temporal.py:64} INFO - 598 seconds remaining; sleeping 60 seconds
[2023-11-07T15:38:58.876+0530] {temporal.py:64} INFO - 538 seconds remaining; sleeping 60 seconds
[2023-11-07T15:39:58.877+0530] {temporal.py:64} INFO - 478 seconds remaining; sleeping 60 seconds
[2023-11-07T15:40:58.878+0530] {temporal.py:64} INFO - 418 seconds remaining; sleeping 60 seconds
[2023-11-07T15:41:58.880+0530] {temporal.py:64} INFO - 358 seconds remaining; sleeping 60 seconds
[2023-11-07T15:42:58.882+0530] {temporal.py:64} INFO - 298 seconds remaining; sleeping 60 seconds
[2023-11-07T15:43:58.883+0530] {temporal.py:64} INFO - 238 seconds remaining; sleeping 60 seconds
[2023-11-07T15:44:58.884+0530] {temporal.py:64} INFO - 178 seconds remaining; sleeping 60 seconds
[2023-11-07T15:45:58.886+0530] {temporal.py:64} INFO - 118 seconds remaining; sleeping 10 seconds
[2023-11-07T15:46:08.888+0530] {temporal.py:64} INFO - 108 seconds remaining; sleeping 10 seconds
[2023-11-07T15:46:18.889+0530] {temporal.py:64} INFO - 98 seconds remaining; sleeping 10 seconds
[2023-11-07T15:46:28.890+0530] {temporal.py:64} INFO - 88 seconds remaining; sleeping 10 seconds
[2023-11-07T15:46:38.891+0530] {temporal.py:64} INFO - 78 seconds remaining; sleeping 10 seconds
[2023-11-07T15:46:48.892+0530] {temporal.py:64} INFO - 68 seconds remaining; sleeping 10 seconds
[2023-11-07T15:46:58.892+0530] {temporal.py:64} INFO - 58 seconds remaining; sleeping 10 seconds
[2023-11-07T15:47:08.894+0530] {temporal.py:64} INFO - 48 seconds remaining; sleeping 10 seconds
[2023-11-07T15:47:18.895+0530] {temporal.py:64} INFO - 38 seconds remaining; sleeping 10 seconds
[2023-11-07T15:47:28.896+0530] {temporal.py:64} INFO - 28 seconds remaining; sleeping 10 seconds
[2023-11-07T15:47:38.898+0530] {temporal.py:69} INFO - sleeping 1 second...
[2023-11-07T15:47:39.898+0530] {temporal.py:69} INFO - sleeping 1 second...
[2023-11-07T15:47:40.899+0530] {temporal.py:69} INFO - sleeping 1 second...
[2023-11-07T15:47:41.900+0530] {temporal.py:69} INFO - sleeping 1 second...
[2023-11-07T15:47:42.902+0530] {temporal.py:69} INFO - sleeping 1 second...
[2023-11-07T15:47:43.903+0530] {temporal.py:69} INFO - sleeping 1 second...
[2023-11-07T15:47:44.905+0530] {temporal.py:69} INFO - sleeping 1 second...
[2023-11-07T15:47:45.906+0530] {temporal.py:69} INFO - sleeping 1 second...
[2023-11-07T15:47:46.907+0530] {temporal.py:69} INFO - sleeping 1 second...
[2023-11-07T15:47:47.909+0530] {temporal.py:69} INFO - sleeping 1 second...
[2023-11-07T15:47:48.909+0530] {temporal.py:69} INFO - sleeping 1 second...
[2023-11-07T15:47:49.910+0530] {temporal.py:69} INFO - sleeping 1 second...
[2023-11-07T15:47:50.911+0530] {temporal.py:69} INFO - sleeping 1 second...
[2023-11-07T15:47:51.912+0530] {temporal.py:69} INFO - sleeping 1 second...
[2023-11-07T15:47:52.913+0530] {temporal.py:69} INFO - sleeping 1 second...
[2023-11-07T15:47:53.914+0530] {temporal.py:69} INFO - sleeping 1 second...
[2023-11-07T15:47:54.915+0530] {temporal.py:69} INFO - sleeping 1 second...
[2023-11-07T15:47:55.917+0530] {temporal.py:69} INFO - sleeping 1 second...
[2023-11-07T15:47:56.918+0530] {temporal.py:69} INFO - sleeping 1 second...
[2023-11-07T15:47:57.919+0530] {temporal.py:72} INFO - yielding event with payload DateTime(2023, 11, 7, 10, 17, 57, 388983, tzinfo=Timezone('UTC'))
[2023-11-07T15:47:57.919+0530] {triggerer_job_runner.py:599} INFO - Trigger example_sensors/manual__2023-11-07T09:16:43.573302+00:00/timeout_after_second_date_in_the_future_async/-1/1 (ID 2) fired: TriggerEvent<DateTime(2023, 11, 7, 10, 17, 57, 388983, tzinfo=Timezone('UTC'))>
