[2023-11-07T14:47:58.033+0530] {taskinstance.py:1157} INFO - Dependencies all met for dep_context=non-requeueable deps ti=<TaskInstance: example_sensors.timeout_after_second_date_in_the_future_async manual__2023-11-07T09:16:43.573302+00:00 [queued]>
[2023-11-07T14:47:58.037+0530] {taskinstance.py:1157} INFO - Dependencies all met for dep_context=requeueable deps ti=<TaskInstance: example_sensors.timeout_after_second_date_in_the_future_async manual__2023-11-07T09:16:43.573302+00:00 [queued]>
[2023-11-07T14:47:58.037+0530] {taskinstance.py:1359} INFO - Starting attempt 1 of 1
[2023-11-07T14:47:58.048+0530] {taskinstance.py:1380} INFO - Executing <Task(TimeSensorAsync): timeout_after_second_date_in_the_future_async> on 2023-11-07 09:16:43.573302+00:00
[2023-11-07T14:47:58.051+0530] {standard_task_runner.py:57} INFO - Started process 82162 to run task
[2023-11-07T14:47:58.053+0530] {standard_task_runner.py:84} INFO - Running: ['airflow', 'tasks', 'run', 'example_sensors', 'timeout_after_second_date_in_the_future_async', 'manual__2023-11-07T09:16:43.573302+00:00', '--job-id', '4364', '--raw', '--subdir', 'DAGS_FOLDER/example_sensors.py', '--cfg-path', '/tmp/tmpoi9d0u32']
[2023-11-07T14:47:58.054+0530] {standard_task_runner.py:85} INFO - Job 4364: Subtask timeout_after_second_date_in_the_future_async
[2023-11-07T14:47:58.078+0530] {task_command.py:415} INFO - Running <TaskInstance: example_sensors.timeout_after_second_date_in_the_future_async manual__2023-11-07T09:16:43.573302+00:00 [running]> on host harika-Latitude-5511
[2023-11-07T14:47:58.121+0530] {taskinstance.py:1660} INFO - Exporting env vars: AIRFLOW_CTX_DAG_OWNER='airflow' AIRFLOW_CTX_DAG_ID='example_sensors' AIRFLOW_CTX_TASK_ID='timeout_after_second_date_in_the_future_async' AIRFLOW_CTX_EXECUTION_DATE='2023-11-07T09:16:43.573302+00:00' AIRFLOW_CTX_TRY_NUMBER='1' AIRFLOW_CTX_DAG_RUN_ID='manual__2023-11-07T09:16:43.573302+00:00'
[2023-11-07T14:47:58.125+0530] {taskinstance.py:1524} INFO - Pausing task as DEFERRED. dag_id=example_sensors, task_id=timeout_after_second_date_in_the_future_async, execution_date=20231107T091643, start_date=20231107T091758
[2023-11-07T14:47:58.144+0530] {local_task_job_runner.py:225} INFO - Task exited with return code 100 (task deferral)
[2023-11-07T15:48:01.163+0530] {taskinstance.py:1157} INFO - Dependencies all met for dep_context=non-requeueable deps ti=<TaskInstance: example_sensors.timeout_after_second_date_in_the_future_async manual__2023-11-07T09:16:43.573302+00:00 [queued]>
[2023-11-07T15:48:01.167+0530] {taskinstance.py:1157} INFO - Dependencies all met for dep_context=requeueable deps ti=<TaskInstance: example_sensors.timeout_after_second_date_in_the_future_async manual__2023-11-07T09:16:43.573302+00:00 [queued]>
[2023-11-07T15:48:01.167+0530] {taskinstance.py:1357} INFO - Resuming after deferral
[2023-11-07T15:48:01.176+0530] {taskinstance.py:1380} INFO - Executing <Task(TimeSensorAsync): timeout_after_second_date_in_the_future_async> on 2023-11-07 09:16:43.573302+00:00
[2023-11-07T15:48:01.180+0530] {standard_task_runner.py:57} INFO - Started process 87227 to run task
[2023-11-07T15:48:01.182+0530] {standard_task_runner.py:84} INFO - Running: ['airflow', 'tasks', 'run', 'example_sensors', 'timeout_after_second_date_in_the_future_async', 'manual__2023-11-07T09:16:43.573302+00:00', '--job-id', '4390', '--raw', '--subdir', '/home/harika/.local/lib/python3.10/site-packages/airflow/example_dags/example_sensors.py', '--cfg-path', '/tmp/tmpomy84r1p']
[2023-11-07T15:48:01.182+0530] {standard_task_runner.py:85} INFO - Job 4390: Subtask timeout_after_second_date_in_the_future_async
[2023-11-07T15:48:01.203+0530] {task_command.py:415} INFO - Running <TaskInstance: example_sensors.timeout_after_second_date_in_the_future_async manual__2023-11-07T09:16:43.573302+00:00 [running]> on host harika-Latitude-5511
[2023-11-07T15:48:01.242+0530] {taskinstance.py:1398} INFO - Marking task as SUCCESS. dag_id=example_sensors, task_id=timeout_after_second_date_in_the_future_async, execution_date=20231107T091643, start_date=20231107T091758, end_date=20231107T101801
[2023-11-07T15:48:01.273+0530] {local_task_job_runner.py:228} INFO - Task exited with return code 0
[2023-11-07T15:48:01.295+0530] {taskinstance.py:2776} INFO - 1 downstream tasks scheduled from follow-on schedule check
