[2023-10-25T10:50:09.815+0530] {taskinstance.py:1157} INFO - Dependencies all met for dep_context=non-requeueable deps ti=<TaskInstance: first_dag.model_a scheduled__2022-10-22T00:00:00+00:00 [queued]>
[2023-10-25T10:50:09.821+0530] {taskinstance.py:1157} INFO - Dependencies all met for dep_context=requeueable deps ti=<TaskInstance: first_dag.model_a scheduled__2022-10-22T00:00:00+00:00 [queued]>
[2023-10-25T10:50:09.821+0530] {taskinstance.py:1359} INFO - Starting attempt 1 of 1
[2023-10-25T10:50:09.834+0530] {taskinstance.py:1380} INFO - Executing <Task(SimpleHttpOperator): model_a> on 2022-10-22 00:00:00+00:00
[2023-10-25T10:50:09.838+0530] {standard_task_runner.py:57} INFO - Started process 27144 to run task
[2023-10-25T10:50:09.840+0530] {standard_task_runner.py:84} INFO - Running: ['airflow', 'tasks', 'run', 'first_dag', 'model_a', 'scheduled__2022-10-22T00:00:00+00:00', '--job-id', '17', '--raw', '--subdir', 'DAGS_FOLDER/first_dag.py', '--cfg-path', '/tmp/tmp6a8bp5ly']
[2023-10-25T10:50:09.842+0530] {standard_task_runner.py:85} INFO - Job 17: Subtask model_a
[2023-10-25T10:50:09.873+0530] {task_command.py:415} INFO - Running <TaskInstance: first_dag.model_a scheduled__2022-10-22T00:00:00+00:00 [running]> on host harika-Latitude-5511
[2023-10-25T10:50:09.925+0530] {taskinstance.py:1660} INFO - Exporting env vars: AIRFLOW_CTX_DAG_OWNER='airflow' AIRFLOW_CTX_DAG_ID='first_dag' AIRFLOW_CTX_TASK_ID='model_a' AIRFLOW_CTX_EXECUTION_DATE='2022-10-22T00:00:00+00:00' AIRFLOW_CTX_TRY_NUMBER='1' AIRFLOW_CTX_DAG_RUN_ID='scheduled__2022-10-22T00:00:00+00:00'
[2023-10-25T10:50:09.927+0530] {http.py:143} INFO - Calling HTTP method
[2023-10-25T10:50:09.936+0530] {taskinstance.py:1935} ERROR - Task failed with exception
Traceback (most recent call last):
  File "/home/harika/.local/lib/python3.10/site-packages/airflow/providers/http/operators/http.py", line 145, in execute
    response = http.run(self.endpoint, self.data, self.headers, self.extra_options)
  File "/home/harika/.local/lib/python3.10/site-packages/airflow/providers/http/hooks/http.py", line 145, in run
    session = self.get_conn(headers)
  File "/home/harika/.local/lib/python3.10/site-packages/airflow/providers/http/hooks/http.py", line 98, in get_conn
    conn = self.get_connection(self.http_conn_id)
  File "/home/harika/.local/lib/python3.10/site-packages/airflow/hooks/base.py", line 72, in get_connection
    conn = Connection.get_connection_from_secrets(conn_id)
  File "/home/harika/.local/lib/python3.10/site-packages/airflow/models/connection.py", line 477, in get_connection_from_secrets
    raise AirflowNotFoundException(f"The conn_id `{conn_id}` isn't defined")
airflow.exceptions.AirflowNotFoundException: The conn_id `random_data_default` isn't defined
[2023-10-25T10:50:09.938+0530] {taskinstance.py:1398} INFO - Marking task as FAILED. dag_id=first_dag, task_id=model_a, execution_date=20221022T000000, start_date=20231025T052009, end_date=20231025T052009
[2023-10-25T10:50:09.946+0530] {standard_task_runner.py:104} ERROR - Failed to execute job 17 for task model_a (The conn_id `random_data_default` isn't defined; 27144)
[2023-10-25T10:50:09.972+0530] {local_task_job_runner.py:228} INFO - Task exited with return code 1
[2023-10-25T10:50:09.993+0530] {taskinstance.py:2776} INFO - 0 downstream tasks scheduled from follow-on schedule check
[2023-10-25T10:54:51.287+0530] {taskinstance.py:1157} INFO - Dependencies all met for dep_context=non-requeueable deps ti=<TaskInstance: first_dag.model_a scheduled__2022-10-22T00:00:00+00:00 [queued]>
[2023-10-25T10:54:51.292+0530] {taskinstance.py:1157} INFO - Dependencies all met for dep_context=requeueable deps ti=<TaskInstance: first_dag.model_a scheduled__2022-10-22T00:00:00+00:00 [queued]>
[2023-10-25T10:54:51.292+0530] {taskinstance.py:1359} INFO - Starting attempt 1 of 1
[2023-10-25T10:54:51.304+0530] {taskinstance.py:1380} INFO - Executing <Task(SimpleHttpOperator): model_a> on 2022-10-22 00:00:00+00:00
[2023-10-25T10:54:51.308+0530] {standard_task_runner.py:57} INFO - Started process 28441 to run task
[2023-10-25T10:54:51.310+0530] {standard_task_runner.py:84} INFO - Running: ['airflow', 'tasks', 'run', 'first_dag', 'model_a', 'scheduled__2022-10-22T00:00:00+00:00', '--job-id', '25', '--raw', '--subdir', 'DAGS_FOLDER/first_dag.py', '--cfg-path', '/tmp/tmpbydbr0cq']
[2023-10-25T10:54:51.311+0530] {standard_task_runner.py:85} INFO - Job 25: Subtask model_a
[2023-10-25T10:54:51.338+0530] {task_command.py:415} INFO - Running <TaskInstance: first_dag.model_a scheduled__2022-10-22T00:00:00+00:00 [running]> on host harika-Latitude-5511
[2023-10-25T10:54:51.385+0530] {taskinstance.py:1660} INFO - Exporting env vars: AIRFLOW_CTX_DAG_OWNER='airflow' AIRFLOW_CTX_DAG_ID='first_dag' AIRFLOW_CTX_TASK_ID='model_a' AIRFLOW_CTX_EXECUTION_DATE='2022-10-22T00:00:00+00:00' AIRFLOW_CTX_TRY_NUMBER='1' AIRFLOW_CTX_DAG_RUN_ID='scheduled__2022-10-22T00:00:00+00:00'
[2023-10-25T10:54:51.386+0530] {http.py:143} INFO - Calling HTTP method
[2023-10-25T10:54:51.390+0530] {base.py:73} INFO - Using connection ID 'random_data_default' for task execution.
[2023-10-25T10:54:53.037+0530] {taskinstance.py:1398} INFO - Marking task as SUCCESS. dag_id=first_dag, task_id=model_a, execution_date=20221022T000000, start_date=20231025T052451, end_date=20231025T052453
[2023-10-25T10:54:53.086+0530] {local_task_job_runner.py:228} INFO - Task exited with return code 0
[2023-10-25T10:54:53.107+0530] {taskinstance.py:2776} INFO - 0 downstream tasks scheduled from follow-on schedule check
