[2023-11-14T11:48:58.874+0530] {taskinstance.py:1157} INFO - Dependencies all met for dep_context=non-requeueable deps ti=<TaskInstance: plugin_dag.mysql_to_postgres manual__2023-11-14T06:18:52.412474+00:00 [queued]>
[2023-11-14T11:48:58.880+0530] {taskinstance.py:1157} INFO - Dependencies all met for dep_context=requeueable deps ti=<TaskInstance: plugin_dag.mysql_to_postgres manual__2023-11-14T06:18:52.412474+00:00 [queued]>
[2023-11-14T11:48:58.880+0530] {taskinstance.py:1359} INFO - Starting attempt 1 of 1
[2023-11-14T11:48:58.890+0530] {taskinstance.py:1380} INFO - Executing <Task(PythonOperator): mysql_to_postgres> on 2023-11-14 06:18:52.412474+00:00
[2023-11-14T11:48:58.893+0530] {standard_task_runner.py:57} INFO - Started process 17881 to run task
[2023-11-14T11:48:58.895+0530] {standard_task_runner.py:84} INFO - Running: ['airflow', 'tasks', 'run', 'plugin_dag', 'mysql_to_postgres', 'manual__2023-11-14T06:18:52.412474+00:00', '--job-id', '4595', '--raw', '--subdir', 'DAGS_FOLDER/dag_plugins.py', '--cfg-path', '/tmp/tmp8ga_or6b']
[2023-11-14T11:48:58.896+0530] {standard_task_runner.py:85} INFO - Job 4595: Subtask mysql_to_postgres
[2023-11-14T11:48:58.919+0530] {task_command.py:415} INFO - Running <TaskInstance: plugin_dag.mysql_to_postgres manual__2023-11-14T06:18:52.412474+00:00 [running]> on host harika-Latitude-5511
[2023-11-14T11:48:59.053+0530] {taskinstance.py:1660} INFO - Exporting env vars: AIRFLOW_CTX_DAG_OWNER='airflow' AIRFLOW_CTX_DAG_ID='plugin_dag' AIRFLOW_CTX_TASK_ID='mysql_to_postgres' AIRFLOW_CTX_EXECUTION_DATE='2023-11-14T06:18:52.412474+00:00' AIRFLOW_CTX_TRY_NUMBER='1' AIRFLOW_CTX_DAG_RUN_ID='manual__2023-11-14T06:18:52.412474+00:00'
[2023-11-14T11:48:59.053+0530] {logging_mixin.py:151} INFO - #custom hook
[2023-11-14T11:48:59.053+0530] {logging_mixin.py:151} INFO - fetching records from MYSQL table
[2023-11-14T11:48:59.053+0530] {taskinstance.py:1935} ERROR - Task failed with exception
Traceback (most recent call last):
  File "/home/harika/.local/lib/python3.10/site-packages/airflow/operators/python.py", line 192, in execute
    return_value = self.execute_callable()
  File "/home/harika/.local/lib/python3.10/site-packages/airflow/operators/python.py", line 209, in execute_callable
    return self.python_callable(*self.op_args, **self.op_kwargs)
  File "/home/harika/airflow/dags/dag_plugins.py", line 10, in trigger_hook
    MySQLToPostgresHook().copy_table('mysql_conn', 'postgrs_conn')
  File "/home/harika/airflow/plugins/demo_plugin.py", line 78, in copy_table
    mysqlserver = MySQLToPostgresHook(mysql_conn_id)
TypeError: MySQLToPostgresHook.__init__() takes 1 positional argument but 2 were given
[2023-11-14T11:48:59.056+0530] {taskinstance.py:1398} INFO - Marking task as FAILED. dag_id=plugin_dag, task_id=mysql_to_postgres, execution_date=20231114T061852, start_date=20231114T061858, end_date=20231114T061859
[2023-11-14T11:48:59.062+0530] {standard_task_runner.py:104} ERROR - Failed to execute job 4595 for task mysql_to_postgres (MySQLToPostgresHook.__init__() takes 1 positional argument but 2 were given; 17881)
[2023-11-14T11:48:59.107+0530] {local_task_job_runner.py:228} INFO - Task exited with return code 1
[2023-11-14T11:48:59.119+0530] {taskinstance.py:2776} INFO - 0 downstream tasks scheduled from follow-on schedule check
