[2023-11-08T12:23:53.602+0530] {temporal.py:60} INFO - trigger starting
[2023-11-08T12:23:53.603+0530] {temporal.py:64} INFO - 1720 seconds remaining; sleeping 60 seconds
[2023-11-08T12:24:53.605+0530] {temporal.py:64} INFO - 1660 seconds remaining; sleeping 60 seconds
[2023-11-08T12:25:53.606+0530] {temporal.py:64} INFO - 1600 seconds remaining; sleeping 60 seconds
[2023-11-08T12:26:53.608+0530] {temporal.py:64} INFO - 1540 seconds remaining; sleeping 60 seconds
[2023-11-08T12:27:53.609+0530] {temporal.py:64} INFO - 1480 seconds remaining; sleeping 60 seconds
[2023-11-08T12:28:53.611+0530] {temporal.py:64} INFO - 1420 seconds remaining; sleeping 60 seconds
[2023-11-08T12:29:53.613+0530] {temporal.py:64} INFO - 1360 seconds remaining; sleeping 60 seconds
[2023-11-08T12:30:53.614+0530] {temporal.py:64} INFO - 1300 seconds remaining; sleeping 60 seconds
[2023-11-08T12:31:53.615+0530] {temporal.py:64} INFO - 1240 seconds remaining; sleeping 60 seconds
[2023-11-08T12:32:53.616+0530] {temporal.py:64} INFO - 1180 seconds remaining; sleeping 60 seconds
[2023-11-08T12:33:53.618+0530] {temporal.py:64} INFO - 1120 seconds remaining; sleeping 60 seconds
[2023-11-08T12:34:53.618+0530] {temporal.py:64} INFO - 1060 seconds remaining; sleeping 60 seconds
[2023-11-08T12:35:53.619+0530] {temporal.py:64} INFO - 1000 seconds remaining; sleeping 60 seconds
[2023-11-08T12:36:53.621+0530] {temporal.py:64} INFO - 940 seconds remaining; sleeping 60 seconds
[2023-11-08T12:37:53.621+0530] {temporal.py:64} INFO - 880 seconds remaining; sleeping 60 seconds
[2023-11-08T12:38:53.623+0530] {temporal.py:64} INFO - 820 seconds remaining; sleeping 60 seconds
[2023-11-08T12:39:53.625+0530] {temporal.py:64} INFO - 760 seconds remaining; sleeping 60 seconds
[2023-11-08T12:40:53.627+0530] {temporal.py:64} INFO - 700 seconds remaining; sleeping 60 seconds
[2023-11-08T12:41:53.629+0530] {temporal.py:64} INFO - 640 seconds remaining; sleeping 60 seconds
[2023-11-08T12:42:53.630+0530] {temporal.py:64} INFO - 580 seconds remaining; sleeping 60 seconds
[2023-11-08T12:43:53.631+0530] {temporal.py:64} INFO - 520 seconds remaining; sleeping 60 seconds
[2023-11-08T12:44:53.632+0530] {temporal.py:64} INFO - 460 seconds remaining; sleeping 60 seconds
[2023-11-08T12:45:53.633+0530] {temporal.py:64} INFO - 400 seconds remaining; sleeping 60 seconds
[2023-11-08T12:46:53.634+0530] {temporal.py:64} INFO - 340 seconds remaining; sleeping 60 seconds
[2023-11-08T12:47:53.635+0530] {temporal.py:64} INFO - 280 seconds remaining; sleeping 60 seconds
[2023-11-08T12:48:53.637+0530] {temporal.py:64} INFO - 220 seconds remaining; sleeping 60 seconds
[2023-11-08T12:49:53.637+0530] {temporal.py:64} INFO - 160 seconds remaining; sleeping 60 seconds
[2023-11-08T12:50:53.639+0530] {temporal.py:64} INFO - 100 seconds remaining; sleeping 10 seconds
[2023-11-08T12:51:03.640+0530] {temporal.py:64} INFO - 90 seconds remaining; sleeping 10 seconds
[2023-11-08T12:51:13.641+0530] {temporal.py:64} INFO - 80 seconds remaining; sleeping 10 seconds
[2023-11-08T12:51:23.643+0530] {temporal.py:64} INFO - 70 seconds remaining; sleeping 10 seconds
[2023-11-08T12:51:33.644+0530] {temporal.py:64} INFO - 60 seconds remaining; sleeping 10 seconds
[2023-11-08T12:51:43.645+0530] {temporal.py:64} INFO - 50 seconds remaining; sleeping 10 seconds
[2023-11-08T12:51:53.646+0530] {temporal.py:64} INFO - 40 seconds remaining; sleeping 10 seconds
[2023-11-08T12:52:03.647+0530] {temporal.py:64} INFO - 30 seconds remaining; sleeping 10 seconds
[2023-11-08T12:52:13.649+0530] {temporal.py:64} INFO - 20 seconds remaining; sleeping 10 seconds
[2023-11-08T12:52:23.651+0530] {temporal.py:69} INFO - sleeping 1 second...
[2023-11-08T12:52:24.651+0530] {temporal.py:69} INFO - sleeping 1 second...
[2023-11-08T12:52:25.652+0530] {temporal.py:69} INFO - sleeping 1 second...
[2023-11-08T12:52:26.653+0530] {temporal.py:69} INFO - sleeping 1 second...
[2023-11-08T12:52:27.655+0530] {temporal.py:69} INFO - sleeping 1 second...
[2023-11-08T12:52:28.656+0530] {temporal.py:69} INFO - sleeping 1 second...
[2023-11-08T12:52:29.657+0530] {temporal.py:69} INFO - sleeping 1 second...
[2023-11-08T12:52:30.658+0530] {temporal.py:69} INFO - sleeping 1 second...
[2023-11-08T12:52:31.659+0530] {temporal.py:69} INFO - sleeping 1 second...
[2023-11-08T12:52:32.660+0530] {temporal.py:69} INFO - sleeping 1 second...
[2023-11-08T12:52:33.662+0530] {temporal.py:69} INFO - sleeping 1 second...
[2023-11-08T12:52:34.663+0530] {temporal.py:72} INFO - yielding event with payload DateTime(2023, 11, 8, 7, 22, 34, 476083, tzinfo=Timezone('UTC'))
[2023-11-08T12:52:34.663+0530] {triggerer_job_runner.py:599} INFO - Trigger example_sensors/manual__2023-11-08T06:21:20.830510+00:00/timeout_after_second_date_in_the_future_async/-1/1 (ID 2) fired: TriggerEvent<DateTime(2023, 11, 8, 7, 22, 34, 476083, tzinfo=Timezone('UTC'))>
