[2023-10-20T13:43:01.121+0530] {taskinstance.py:1157} INFO - Dependencies all met for dep_context=non-requeueable deps ti=<TaskInstance: word_count_dag.get_spark_df_from_file manual__2023-10-20T08:12:58.430706+00:00 [queued]>
[2023-10-20T13:43:01.126+0530] {taskinstance.py:1157} INFO - Dependencies all met for dep_context=requeueable deps ti=<TaskInstance: word_count_dag.get_spark_df_from_file manual__2023-10-20T08:12:58.430706+00:00 [queued]>
[2023-10-20T13:43:01.126+0530] {taskinstance.py:1359} INFO - Starting attempt 1 of 2
[2023-10-20T13:43:01.134+0530] {taskinstance.py:1380} INFO - Executing <Task(PythonOperator): get_spark_df_from_file> on 2023-10-20 08:12:58.430706+00:00
[2023-10-20T13:43:01.137+0530] {standard_task_runner.py:57} INFO - Started process 26541 to run task
[2023-10-20T13:43:01.139+0530] {standard_task_runner.py:84} INFO - Running: ['airflow', 'tasks', 'run', 'word_count_dag', 'get_spark_df_from_file', 'manual__2023-10-20T08:12:58.430706+00:00', '--job-id', '752', '--raw', '--subdir', 'DAGS_FOLDER/word_count_final.py', '--cfg-path', '/tmp/tmppwnc7vl0']
[2023-10-20T13:43:01.140+0530] {standard_task_runner.py:85} INFO - Job 752: Subtask get_spark_df_from_file
[2023-10-20T13:43:01.163+0530] {task_command.py:415} INFO - Running <TaskInstance: word_count_dag.get_spark_df_from_file manual__2023-10-20T08:12:58.430706+00:00 [running]> on host harika-Latitude-5511
[2023-10-20T13:43:01.216+0530] {taskinstance.py:1660} INFO - Exporting env vars: AIRFLOW_CTX_DAG_EMAIL='harikasree2225@gmail.com' AIRFLOW_CTX_DAG_OWNER='your_name' AIRFLOW_CTX_DAG_ID='word_count_dag' AIRFLOW_CTX_TASK_ID='get_spark_df_from_file' AIRFLOW_CTX_EXECUTION_DATE='2023-10-20T08:12:58.430706+00:00' AIRFLOW_CTX_TRY_NUMBER='1' AIRFLOW_CTX_DAG_RUN_ID='manual__2023-10-20T08:12:58.430706+00:00'
[2023-10-20T13:43:01.217+0530] {taskinstance.py:1935} ERROR - Task failed with exception
Traceback (most recent call last):
  File "/home/harika/.local/lib/python3.10/site-packages/airflow/operators/python.py", line 192, in execute
    return_value = self.execute_callable()
  File "/home/harika/.local/lib/python3.10/site-packages/airflow/operators/python.py", line 209, in execute_callable
    return self.python_callable(*self.op_args, **self.op_kwargs)
TypeError: get_spark_df_from_file() missing 2 required positional arguments: 'spark' and 'file_location'
[2023-10-20T13:43:01.219+0530] {taskinstance.py:1398} INFO - Marking task as UP_FOR_RETRY. dag_id=word_count_dag, task_id=get_spark_df_from_file, execution_date=20231020T081258, start_date=20231020T081301, end_date=20231020T081301
[2023-10-20T13:43:01.227+0530] {standard_task_runner.py:104} ERROR - Failed to execute job 752 for task get_spark_df_from_file (get_spark_df_from_file() missing 2 required positional arguments: 'spark' and 'file_location'; 26541)
[2023-10-20T13:43:01.271+0530] {local_task_job_runner.py:228} INFO - Task exited with return code 1
[2023-10-20T13:43:01.288+0530] {taskinstance.py:2776} INFO - 0 downstream tasks scheduled from follow-on schedule check
