[2023-11-01T09:50:23.136+0530] {taskinstance.py:1157} INFO - Dependencies all met for dep_context=non-requeueable deps ti=<TaskInstance: date_time_example.wait_until_new_year scheduled__2023-11-01T00:09:00+00:00 [queued]>
[2023-11-01T09:50:23.141+0530] {taskinstance.py:1157} INFO - Dependencies all met for dep_context=requeueable deps ti=<TaskInstance: date_time_example.wait_until_new_year scheduled__2023-11-01T00:09:00+00:00 [queued]>
[2023-11-01T09:50:23.141+0530] {taskinstance.py:1359} INFO - Starting attempt 1 of 1
[2023-11-01T09:50:23.150+0530] {taskinstance.py:1380} INFO - Executing <Task(DateTimeSensor): wait_until_new_year> on 2023-11-01 00:09:00+00:00
[2023-11-01T09:50:23.153+0530] {standard_task_runner.py:57} INFO - Started process 920000 to run task
[2023-11-01T09:50:23.155+0530] {standard_task_runner.py:84} INFO - Running: ['airflow', 'tasks', 'run', 'date_time_example', 'wait_until_new_year', 'scheduled__2023-11-01T00:09:00+00:00', '--job-id', '2122', '--raw', '--subdir', 'DAGS_FOLDER/dataTimeSensor.py', '--cfg-path', '/tmp/tmpl1tnd9vz']
[2023-11-01T09:50:23.156+0530] {standard_task_runner.py:85} INFO - Job 2122: Subtask wait_until_new_year
[2023-11-01T09:50:23.178+0530] {task_command.py:415} INFO - Running <TaskInstance: date_time_example.wait_until_new_year scheduled__2023-11-01T00:09:00+00:00 [running]> on host harika-Latitude-5511
[2023-11-01T09:50:23.223+0530] {taskinstance.py:1660} INFO - Exporting env vars: AIRFLOW_CTX_DAG_OWNER='airflow' AIRFLOW_CTX_DAG_ID='date_time_example' AIRFLOW_CTX_TASK_ID='wait_until_new_year' AIRFLOW_CTX_EXECUTION_DATE='2023-11-01T00:09:00+00:00' AIRFLOW_CTX_TRY_NUMBER='1' AIRFLOW_CTX_DAG_RUN_ID='scheduled__2023-11-01T00:09:00+00:00'
[2023-11-01T09:50:23.227+0530] {date_time.py:74} INFO - Checking if the time (2023-11-01T09:39:00) has come
[2023-11-01T09:50:23.301+0530] {taskinstance.py:1895} INFO - Rescheduling task, marking task as UP_FOR_RESCHEDULE
[2023-11-01T09:50:23.327+0530] {local_task_job_runner.py:228} INFO - Task exited with return code 0
[2023-11-01T09:50:23.336+0530] {taskinstance.py:2776} INFO - 0 downstream tasks scheduled from follow-on schedule check
[2023-11-01T09:51:26.773+0530] {taskinstance.py:1157} INFO - Dependencies all met for dep_context=non-requeueable deps ti=<TaskInstance: date_time_example.wait_until_new_year scheduled__2023-11-01T00:09:00+00:00 [queued]>
[2023-11-01T09:51:26.779+0530] {taskinstance.py:1157} INFO - Dependencies all met for dep_context=requeueable deps ti=<TaskInstance: date_time_example.wait_until_new_year scheduled__2023-11-01T00:09:00+00:00 [queued]>
[2023-11-01T09:51:26.779+0530] {taskinstance.py:1359} INFO - Starting attempt 1 of 1
[2023-11-01T09:51:26.788+0530] {taskinstance.py:1380} INFO - Executing <Task(DateTimeSensor): wait_until_new_year> on 2023-11-01 00:09:00+00:00
[2023-11-01T09:51:26.791+0530] {standard_task_runner.py:57} INFO - Started process 921450 to run task
[2023-11-01T09:51:26.794+0530] {standard_task_runner.py:84} INFO - Running: ['airflow', 'tasks', 'run', 'date_time_example', 'wait_until_new_year', 'scheduled__2023-11-01T00:09:00+00:00', '--job-id', '2138', '--raw', '--subdir', 'DAGS_FOLDER/dataTimeSensor.py', '--cfg-path', '/tmp/tmpzw_p11x9']
[2023-11-01T09:51:26.795+0530] {standard_task_runner.py:85} INFO - Job 2138: Subtask wait_until_new_year
[2023-11-01T09:51:26.821+0530] {task_command.py:415} INFO - Running <TaskInstance: date_time_example.wait_until_new_year scheduled__2023-11-01T00:09:00+00:00 [running]> on host harika-Latitude-5511
[2023-11-01T09:51:26.881+0530] {taskinstance.py:1660} INFO - Exporting env vars: AIRFLOW_CTX_DAG_OWNER='airflow' AIRFLOW_CTX_DAG_ID='date_time_example' AIRFLOW_CTX_TASK_ID='wait_until_new_year' AIRFLOW_CTX_EXECUTION_DATE='2023-11-01T00:09:00+00:00' AIRFLOW_CTX_TRY_NUMBER='1' AIRFLOW_CTX_DAG_RUN_ID='scheduled__2023-11-01T00:09:00+00:00'
[2023-11-01T09:51:26.885+0530] {date_time.py:74} INFO - Checking if the time (2023-11-01T09:52:00) has come
[2023-11-01T09:51:26.975+0530] {taskinstance.py:1895} INFO - Rescheduling task, marking task as UP_FOR_RESCHEDULE
[2023-11-01T09:51:27.005+0530] {local_task_job_runner.py:228} INFO - Task exited with return code 0
[2023-11-01T09:51:27.016+0530] {taskinstance.py:2776} INFO - 0 downstream tasks scheduled from follow-on schedule check
[2023-11-01T09:52:31.001+0530] {taskinstance.py:1157} INFO - Dependencies all met for dep_context=non-requeueable deps ti=<TaskInstance: date_time_example.wait_until_new_year scheduled__2023-11-01T00:09:00+00:00 [queued]>
[2023-11-01T09:52:31.006+0530] {taskinstance.py:1157} INFO - Dependencies all met for dep_context=requeueable deps ti=<TaskInstance: date_time_example.wait_until_new_year scheduled__2023-11-01T00:09:00+00:00 [queued]>
[2023-11-01T09:52:31.006+0530] {taskinstance.py:1359} INFO - Starting attempt 1 of 1
[2023-11-01T09:52:31.017+0530] {taskinstance.py:1380} INFO - Executing <Task(DateTimeSensor): wait_until_new_year> on 2023-11-01 00:09:00+00:00
[2023-11-01T09:52:31.020+0530] {standard_task_runner.py:57} INFO - Started process 922753 to run task
[2023-11-01T09:52:31.022+0530] {standard_task_runner.py:84} INFO - Running: ['airflow', 'tasks', 'run', 'date_time_example', 'wait_until_new_year', 'scheduled__2023-11-01T00:09:00+00:00', '--job-id', '2156', '--raw', '--subdir', 'DAGS_FOLDER/dataTimeSensor.py', '--cfg-path', '/tmp/tmphlz8m66h']
[2023-11-01T09:52:31.023+0530] {standard_task_runner.py:85} INFO - Job 2156: Subtask wait_until_new_year
[2023-11-01T09:52:31.048+0530] {task_command.py:415} INFO - Running <TaskInstance: date_time_example.wait_until_new_year scheduled__2023-11-01T00:09:00+00:00 [running]> on host harika-Latitude-5511
[2023-11-01T09:52:31.096+0530] {taskinstance.py:1660} INFO - Exporting env vars: AIRFLOW_CTX_DAG_OWNER='airflow' AIRFLOW_CTX_DAG_ID='date_time_example' AIRFLOW_CTX_TASK_ID='wait_until_new_year' AIRFLOW_CTX_EXECUTION_DATE='2023-11-01T00:09:00+00:00' AIRFLOW_CTX_TRY_NUMBER='1' AIRFLOW_CTX_DAG_RUN_ID='scheduled__2023-11-01T00:09:00+00:00'
[2023-11-01T09:52:31.100+0530] {date_time.py:74} INFO - Checking if the time (2023-11-01T09:52:00) has come
[2023-11-01T09:52:31.192+0530] {taskinstance.py:1895} INFO - Rescheduling task, marking task as UP_FOR_RESCHEDULE
[2023-11-01T09:52:31.234+0530] {local_task_job_runner.py:228} INFO - Task exited with return code 0
[2023-11-01T09:52:31.245+0530] {taskinstance.py:2776} INFO - 0 downstream tasks scheduled from follow-on schedule check
[2023-11-01T09:53:33.270+0530] {taskinstance.py:1157} INFO - Dependencies all met for dep_context=non-requeueable deps ti=<TaskInstance: date_time_example.wait_until_new_year scheduled__2023-11-01T00:09:00+00:00 [queued]>
[2023-11-01T09:53:33.275+0530] {taskinstance.py:1157} INFO - Dependencies all met for dep_context=requeueable deps ti=<TaskInstance: date_time_example.wait_until_new_year scheduled__2023-11-01T00:09:00+00:00 [queued]>
[2023-11-01T09:53:33.276+0530] {taskinstance.py:1359} INFO - Starting attempt 1 of 1
[2023-11-01T09:53:33.285+0530] {taskinstance.py:1380} INFO - Executing <Task(DateTimeSensor): wait_until_new_year> on 2023-11-01 00:09:00+00:00
[2023-11-01T09:53:33.289+0530] {standard_task_runner.py:57} INFO - Started process 924123 to run task
[2023-11-01T09:53:33.291+0530] {standard_task_runner.py:84} INFO - Running: ['airflow', 'tasks', 'run', 'date_time_example', 'wait_until_new_year', 'scheduled__2023-11-01T00:09:00+00:00', '--job-id', '2174', '--raw', '--subdir', 'DAGS_FOLDER/dataTimeSensor.py', '--cfg-path', '/tmp/tmp264p_26e']
[2023-11-01T09:53:33.292+0530] {standard_task_runner.py:85} INFO - Job 2174: Subtask wait_until_new_year
[2023-11-01T09:53:33.318+0530] {task_command.py:415} INFO - Running <TaskInstance: date_time_example.wait_until_new_year scheduled__2023-11-01T00:09:00+00:00 [running]> on host harika-Latitude-5511
[2023-11-01T09:53:33.365+0530] {taskinstance.py:1660} INFO - Exporting env vars: AIRFLOW_CTX_DAG_OWNER='airflow' AIRFLOW_CTX_DAG_ID='date_time_example' AIRFLOW_CTX_TASK_ID='wait_until_new_year' AIRFLOW_CTX_EXECUTION_DATE='2023-11-01T00:09:00+00:00' AIRFLOW_CTX_TRY_NUMBER='1' AIRFLOW_CTX_DAG_RUN_ID='scheduled__2023-11-01T00:09:00+00:00'
[2023-11-01T09:53:33.369+0530] {date_time.py:74} INFO - Checking if the time (2023-11-01T09:52:00) has come
[2023-11-01T09:53:33.462+0530] {taskinstance.py:1895} INFO - Rescheduling task, marking task as UP_FOR_RESCHEDULE
[2023-11-01T09:53:33.503+0530] {local_task_job_runner.py:228} INFO - Task exited with return code 0
[2023-11-01T09:53:33.515+0530] {taskinstance.py:2776} INFO - 0 downstream tasks scheduled from follow-on schedule check
[2023-11-01T09:54:35.068+0530] {taskinstance.py:1157} INFO - Dependencies all met for dep_context=non-requeueable deps ti=<TaskInstance: date_time_example.wait_until_new_year scheduled__2023-11-01T00:09:00+00:00 [queued]>
[2023-11-01T09:54:35.073+0530] {taskinstance.py:1157} INFO - Dependencies all met for dep_context=requeueable deps ti=<TaskInstance: date_time_example.wait_until_new_year scheduled__2023-11-01T00:09:00+00:00 [queued]>
[2023-11-01T09:54:35.073+0530] {taskinstance.py:1359} INFO - Starting attempt 1 of 1
[2023-11-01T09:54:35.087+0530] {taskinstance.py:1380} INFO - Executing <Task(DateTimeSensor): wait_until_new_year> on 2023-11-01 00:09:00+00:00
[2023-11-01T09:54:35.090+0530] {standard_task_runner.py:57} INFO - Started process 925518 to run task
[2023-11-01T09:54:35.092+0530] {standard_task_runner.py:84} INFO - Running: ['airflow', 'tasks', 'run', 'date_time_example', 'wait_until_new_year', 'scheduled__2023-11-01T00:09:00+00:00', '--job-id', '2190', '--raw', '--subdir', 'DAGS_FOLDER/dataTimeSensor.py', '--cfg-path', '/tmp/tmp7ht793l7']
[2023-11-01T09:54:35.093+0530] {standard_task_runner.py:85} INFO - Job 2190: Subtask wait_until_new_year
[2023-11-01T09:54:35.119+0530] {task_command.py:415} INFO - Running <TaskInstance: date_time_example.wait_until_new_year scheduled__2023-11-01T00:09:00+00:00 [running]> on host harika-Latitude-5511
[2023-11-01T09:54:35.167+0530] {taskinstance.py:1660} INFO - Exporting env vars: AIRFLOW_CTX_DAG_OWNER='airflow' AIRFLOW_CTX_DAG_ID='date_time_example' AIRFLOW_CTX_TASK_ID='wait_until_new_year' AIRFLOW_CTX_EXECUTION_DATE='2023-11-01T00:09:00+00:00' AIRFLOW_CTX_TRY_NUMBER='1' AIRFLOW_CTX_DAG_RUN_ID='scheduled__2023-11-01T00:09:00+00:00'
[2023-11-01T09:54:35.170+0530] {date_time.py:74} INFO - Checking if the time (2023-11-01T09:52:00) has come
[2023-11-01T09:54:35.264+0530] {taskinstance.py:1895} INFO - Rescheduling task, marking task as UP_FOR_RESCHEDULE
[2023-11-01T09:54:35.304+0530] {local_task_job_runner.py:228} INFO - Task exited with return code 0
[2023-11-01T09:54:35.313+0530] {taskinstance.py:2776} INFO - 0 downstream tasks scheduled from follow-on schedule check
[2023-11-01T09:55:38.069+0530] {taskinstance.py:1157} INFO - Dependencies all met for dep_context=non-requeueable deps ti=<TaskInstance: date_time_example.wait_until_new_year scheduled__2023-11-01T00:09:00+00:00 [queued]>
[2023-11-01T09:55:38.075+0530] {taskinstance.py:1157} INFO - Dependencies all met for dep_context=requeueable deps ti=<TaskInstance: date_time_example.wait_until_new_year scheduled__2023-11-01T00:09:00+00:00 [queued]>
[2023-11-01T09:55:38.075+0530] {taskinstance.py:1359} INFO - Starting attempt 1 of 1
[2023-11-01T09:55:38.086+0530] {taskinstance.py:1380} INFO - Executing <Task(DateTimeSensor): wait_until_new_year> on 2023-11-01 00:09:00+00:00
[2023-11-01T09:55:38.089+0530] {standard_task_runner.py:57} INFO - Started process 926770 to run task
[2023-11-01T09:55:38.091+0530] {standard_task_runner.py:84} INFO - Running: ['airflow', 'tasks', 'run', 'date_time_example', 'wait_until_new_year', 'scheduled__2023-11-01T00:09:00+00:00', '--job-id', '2206', '--raw', '--subdir', 'DAGS_FOLDER/dataTimeSensor.py', '--cfg-path', '/tmp/tmpf61elc32']
[2023-11-01T09:55:38.092+0530] {standard_task_runner.py:85} INFO - Job 2206: Subtask wait_until_new_year
[2023-11-01T09:55:38.116+0530] {task_command.py:415} INFO - Running <TaskInstance: date_time_example.wait_until_new_year scheduled__2023-11-01T00:09:00+00:00 [running]> on host harika-Latitude-5511
[2023-11-01T09:55:38.164+0530] {taskinstance.py:1660} INFO - Exporting env vars: AIRFLOW_CTX_DAG_OWNER='airflow' AIRFLOW_CTX_DAG_ID='date_time_example' AIRFLOW_CTX_TASK_ID='wait_until_new_year' AIRFLOW_CTX_EXECUTION_DATE='2023-11-01T00:09:00+00:00' AIRFLOW_CTX_TRY_NUMBER='1' AIRFLOW_CTX_DAG_RUN_ID='scheduled__2023-11-01T00:09:00+00:00'
[2023-11-01T09:55:38.169+0530] {date_time.py:74} INFO - Checking if the time (2023-11-01T09:52:00) has come
[2023-11-01T09:55:38.261+0530] {taskinstance.py:1895} INFO - Rescheduling task, marking task as UP_FOR_RESCHEDULE
[2023-11-01T09:55:38.303+0530] {local_task_job_runner.py:228} INFO - Task exited with return code 0
[2023-11-01T09:55:38.314+0530] {taskinstance.py:2776} INFO - 0 downstream tasks scheduled from follow-on schedule check
[2023-11-01T09:56:41.196+0530] {taskinstance.py:1157} INFO - Dependencies all met for dep_context=non-requeueable deps ti=<TaskInstance: date_time_example.wait_until_new_year scheduled__2023-11-01T00:09:00+00:00 [queued]>
[2023-11-01T09:56:41.203+0530] {taskinstance.py:1157} INFO - Dependencies all met for dep_context=requeueable deps ti=<TaskInstance: date_time_example.wait_until_new_year scheduled__2023-11-01T00:09:00+00:00 [queued]>
[2023-11-01T09:56:41.203+0530] {taskinstance.py:1359} INFO - Starting attempt 1 of 1
[2023-11-01T09:56:41.212+0530] {taskinstance.py:1380} INFO - Executing <Task(DateTimeSensor): wait_until_new_year> on 2023-11-01 00:09:00+00:00
[2023-11-01T09:56:41.217+0530] {standard_task_runner.py:57} INFO - Started process 928176 to run task
[2023-11-01T09:56:41.219+0530] {standard_task_runner.py:84} INFO - Running: ['airflow', 'tasks', 'run', 'date_time_example', 'wait_until_new_year', 'scheduled__2023-11-01T00:09:00+00:00', '--job-id', '2222', '--raw', '--subdir', 'DAGS_FOLDER/dataTimeSensor.py', '--cfg-path', '/tmp/tmp46zlu8u9']
[2023-11-01T09:56:41.220+0530] {standard_task_runner.py:85} INFO - Job 2222: Subtask wait_until_new_year
[2023-11-01T09:56:41.246+0530] {task_command.py:415} INFO - Running <TaskInstance: date_time_example.wait_until_new_year scheduled__2023-11-01T00:09:00+00:00 [running]> on host harika-Latitude-5511
[2023-11-01T09:56:41.298+0530] {taskinstance.py:1660} INFO - Exporting env vars: AIRFLOW_CTX_DAG_OWNER='airflow' AIRFLOW_CTX_DAG_ID='date_time_example' AIRFLOW_CTX_TASK_ID='wait_until_new_year' AIRFLOW_CTX_EXECUTION_DATE='2023-11-01T00:09:00+00:00' AIRFLOW_CTX_TRY_NUMBER='1' AIRFLOW_CTX_DAG_RUN_ID='scheduled__2023-11-01T00:09:00+00:00'
[2023-11-01T09:56:41.304+0530] {date_time.py:74} INFO - Checking if the time (2023-11-01T09:52:00) has come
[2023-11-01T09:56:41.392+0530] {taskinstance.py:1895} INFO - Rescheduling task, marking task as UP_FOR_RESCHEDULE
[2023-11-01T09:56:41.431+0530] {local_task_job_runner.py:228} INFO - Task exited with return code 0
[2023-11-01T09:56:41.441+0530] {taskinstance.py:2776} INFO - 0 downstream tasks scheduled from follow-on schedule check
[2023-11-01T09:57:43.707+0530] {taskinstance.py:1157} INFO - Dependencies all met for dep_context=non-requeueable deps ti=<TaskInstance: date_time_example.wait_until_new_year scheduled__2023-11-01T00:09:00+00:00 [queued]>
[2023-11-01T09:57:43.712+0530] {taskinstance.py:1157} INFO - Dependencies all met for dep_context=requeueable deps ti=<TaskInstance: date_time_example.wait_until_new_year scheduled__2023-11-01T00:09:00+00:00 [queued]>
[2023-11-01T09:57:43.712+0530] {taskinstance.py:1359} INFO - Starting attempt 1 of 1
[2023-11-01T09:57:43.722+0530] {taskinstance.py:1380} INFO - Executing <Task(DateTimeSensor): wait_until_new_year> on 2023-11-01 00:09:00+00:00
[2023-11-01T09:57:43.725+0530] {standard_task_runner.py:57} INFO - Started process 929548 to run task
[2023-11-01T09:57:43.727+0530] {standard_task_runner.py:84} INFO - Running: ['airflow', 'tasks', 'run', 'date_time_example', 'wait_until_new_year', 'scheduled__2023-11-01T00:09:00+00:00', '--job-id', '2238', '--raw', '--subdir', 'DAGS_FOLDER/dataTimeSensor.py', '--cfg-path', '/tmp/tmpaknna_6c']
[2023-11-01T09:57:43.728+0530] {standard_task_runner.py:85} INFO - Job 2238: Subtask wait_until_new_year
[2023-11-01T09:57:43.754+0530] {task_command.py:415} INFO - Running <TaskInstance: date_time_example.wait_until_new_year scheduled__2023-11-01T00:09:00+00:00 [running]> on host harika-Latitude-5511
[2023-11-01T09:57:43.803+0530] {taskinstance.py:1660} INFO - Exporting env vars: AIRFLOW_CTX_DAG_OWNER='airflow' AIRFLOW_CTX_DAG_ID='date_time_example' AIRFLOW_CTX_TASK_ID='wait_until_new_year' AIRFLOW_CTX_EXECUTION_DATE='2023-11-01T00:09:00+00:00' AIRFLOW_CTX_TRY_NUMBER='1' AIRFLOW_CTX_DAG_RUN_ID='scheduled__2023-11-01T00:09:00+00:00'
[2023-11-01T09:57:43.808+0530] {date_time.py:74} INFO - Checking if the time (2023-11-01T09:52:00) has come
[2023-11-01T09:57:43.902+0530] {taskinstance.py:1895} INFO - Rescheduling task, marking task as UP_FOR_RESCHEDULE
[2023-11-01T09:57:43.939+0530] {local_task_job_runner.py:228} INFO - Task exited with return code 0
[2023-11-01T09:57:43.950+0530] {taskinstance.py:2776} INFO - 0 downstream tasks scheduled from follow-on schedule check
[2023-11-01T09:58:48.956+0530] {taskinstance.py:1157} INFO - Dependencies all met for dep_context=non-requeueable deps ti=<TaskInstance: date_time_example.wait_until_new_year scheduled__2023-11-01T00:09:00+00:00 [queued]>
[2023-11-01T09:58:48.962+0530] {taskinstance.py:1157} INFO - Dependencies all met for dep_context=requeueable deps ti=<TaskInstance: date_time_example.wait_until_new_year scheduled__2023-11-01T00:09:00+00:00 [queued]>
[2023-11-01T09:58:48.962+0530] {taskinstance.py:1359} INFO - Starting attempt 1 of 1
[2023-11-01T09:58:48.973+0530] {taskinstance.py:1380} INFO - Executing <Task(DateTimeSensor): wait_until_new_year> on 2023-11-01 00:09:00+00:00
[2023-11-01T09:58:48.978+0530] {standard_task_runner.py:57} INFO - Started process 930876 to run task
[2023-11-01T09:58:48.981+0530] {standard_task_runner.py:84} INFO - Running: ['airflow', 'tasks', 'run', 'date_time_example', 'wait_until_new_year', 'scheduled__2023-11-01T00:09:00+00:00', '--job-id', '2254', '--raw', '--subdir', 'DAGS_FOLDER/dataTimeSensor.py', '--cfg-path', '/tmp/tmprx4zzc8u']
[2023-11-01T09:58:48.982+0530] {standard_task_runner.py:85} INFO - Job 2254: Subtask wait_until_new_year
[2023-11-01T09:58:49.021+0530] {task_command.py:415} INFO - Running <TaskInstance: date_time_example.wait_until_new_year scheduled__2023-11-01T00:09:00+00:00 [running]> on host harika-Latitude-5511
[2023-11-01T09:58:49.070+0530] {taskinstance.py:1660} INFO - Exporting env vars: AIRFLOW_CTX_DAG_OWNER='airflow' AIRFLOW_CTX_DAG_ID='date_time_example' AIRFLOW_CTX_TASK_ID='wait_until_new_year' AIRFLOW_CTX_EXECUTION_DATE='2023-11-01T00:09:00+00:00' AIRFLOW_CTX_TRY_NUMBER='1' AIRFLOW_CTX_DAG_RUN_ID='scheduled__2023-11-01T00:09:00+00:00'
[2023-11-01T09:58:49.074+0530] {date_time.py:74} INFO - Checking if the time (2023-11-01T09:52:00) has come
[2023-11-01T09:58:49.178+0530] {taskinstance.py:1895} INFO - Rescheduling task, marking task as UP_FOR_RESCHEDULE
[2023-11-01T09:58:49.194+0530] {local_task_job_runner.py:228} INFO - Task exited with return code 0
[2023-11-01T09:58:49.213+0530] {taskinstance.py:2776} INFO - 0 downstream tasks scheduled from follow-on schedule check
[2023-11-01T09:59:51.772+0530] {taskinstance.py:1157} INFO - Dependencies all met for dep_context=non-requeueable deps ti=<TaskInstance: date_time_example.wait_until_new_year scheduled__2023-11-01T00:09:00+00:00 [queued]>
[2023-11-01T09:59:51.778+0530] {taskinstance.py:1157} INFO - Dependencies all met for dep_context=requeueable deps ti=<TaskInstance: date_time_example.wait_until_new_year scheduled__2023-11-01T00:09:00+00:00 [queued]>
[2023-11-01T09:59:51.778+0530] {taskinstance.py:1359} INFO - Starting attempt 1 of 1
[2023-11-01T09:59:51.789+0530] {taskinstance.py:1380} INFO - Executing <Task(DateTimeSensor): wait_until_new_year> on 2023-11-01 00:09:00+00:00
[2023-11-01T09:59:51.792+0530] {standard_task_runner.py:57} INFO - Started process 932277 to run task
[2023-11-01T09:59:51.794+0530] {standard_task_runner.py:84} INFO - Running: ['airflow', 'tasks', 'run', 'date_time_example', 'wait_until_new_year', 'scheduled__2023-11-01T00:09:00+00:00', '--job-id', '2270', '--raw', '--subdir', 'DAGS_FOLDER/dataTimeSensor.py', '--cfg-path', '/tmp/tmpimhgmsg9']
[2023-11-01T09:59:51.795+0530] {standard_task_runner.py:85} INFO - Job 2270: Subtask wait_until_new_year
[2023-11-01T09:59:51.822+0530] {task_command.py:415} INFO - Running <TaskInstance: date_time_example.wait_until_new_year scheduled__2023-11-01T00:09:00+00:00 [running]> on host harika-Latitude-5511
[2023-11-01T09:59:51.872+0530] {taskinstance.py:1660} INFO - Exporting env vars: AIRFLOW_CTX_DAG_OWNER='airflow' AIRFLOW_CTX_DAG_ID='date_time_example' AIRFLOW_CTX_TASK_ID='wait_until_new_year' AIRFLOW_CTX_EXECUTION_DATE='2023-11-01T00:09:00+00:00' AIRFLOW_CTX_TRY_NUMBER='1' AIRFLOW_CTX_DAG_RUN_ID='scheduled__2023-11-01T00:09:00+00:00'
[2023-11-01T09:59:51.876+0530] {date_time.py:74} INFO - Checking if the time (2023-11-01T09:52:00) has come
[2023-11-01T09:59:51.973+0530] {taskinstance.py:1895} INFO - Rescheduling task, marking task as UP_FOR_RESCHEDULE
[2023-11-01T09:59:52.006+0530] {local_task_job_runner.py:228} INFO - Task exited with return code 0
[2023-11-01T09:59:52.017+0530] {taskinstance.py:2776} INFO - 0 downstream tasks scheduled from follow-on schedule check
