[2023-11-13T13:05:12.309+0530] {taskinstance.py:1157} INFO - Dependencies all met for dep_context=non-requeueable deps ti=<TaskInstance: deferrable.wait_sensor_deferrable manual__2023-11-13T07:35:08.122249+00:00 [queued]>
[2023-11-13T13:05:12.314+0530] {taskinstance.py:1157} INFO - Dependencies all met for dep_context=requeueable deps ti=<TaskInstance: deferrable.wait_sensor_deferrable manual__2023-11-13T07:35:08.122249+00:00 [queued]>
[2023-11-13T13:05:12.314+0530] {taskinstance.py:1359} INFO - Starting attempt 1 of 1
[2023-11-13T13:05:12.327+0530] {taskinstance.py:1380} INFO - Executing <Task(WaitOneHourSensor): wait_sensor_deferrable> on 2023-11-13 07:35:08.122249+00:00
[2023-11-13T13:05:12.330+0530] {standard_task_runner.py:57} INFO - Started process 223956 to run task
[2023-11-13T13:05:12.332+0530] {standard_task_runner.py:84} INFO - Running: ['airflow', 'tasks', 'run', 'deferrable', 'wait_sensor_deferrable', 'manual__2023-11-13T07:35:08.122249+00:00', '--job-id', '4536', '--raw', '--subdir', 'DAGS_FOLDER/deferrable_operator.py', '--cfg-path', '/tmp/tmpfbehnlgp']
[2023-11-13T13:05:12.333+0530] {standard_task_runner.py:85} INFO - Job 4536: Subtask wait_sensor_deferrable
[2023-11-13T13:05:12.369+0530] {task_command.py:415} INFO - Running <TaskInstance: deferrable.wait_sensor_deferrable manual__2023-11-13T07:35:08.122249+00:00 [running]> on host harika-Latitude-5511
[2023-11-13T13:05:12.418+0530] {taskinstance.py:1660} INFO - Exporting env vars: AIRFLOW_CTX_DAG_OWNER='airflow' AIRFLOW_CTX_DAG_ID='deferrable' AIRFLOW_CTX_TASK_ID='wait_sensor_deferrable' AIRFLOW_CTX_EXECUTION_DATE='2023-11-13T07:35:08.122249+00:00' AIRFLOW_CTX_TRY_NUMBER='1' AIRFLOW_CTX_DAG_RUN_ID='manual__2023-11-13T07:35:08.122249+00:00'
[2023-11-13T13:05:12.421+0530] {taskinstance.py:1524} INFO - Pausing task as DEFERRED. dag_id=deferrable, task_id=wait_sensor_deferrable, execution_date=20231113T073508, start_date=20231113T073512
[2023-11-13T13:05:12.464+0530] {local_task_job_runner.py:225} INFO - Task exited with return code 100 (task deferral)
[2023-11-13T14:05:16.953+0530] {taskinstance.py:1157} INFO - Dependencies all met for dep_context=non-requeueable deps ti=<TaskInstance: deferrable.wait_sensor_deferrable manual__2023-11-13T07:35:08.122249+00:00 [queued]>
[2023-11-13T14:05:16.957+0530] {taskinstance.py:1157} INFO - Dependencies all met for dep_context=requeueable deps ti=<TaskInstance: deferrable.wait_sensor_deferrable manual__2023-11-13T07:35:08.122249+00:00 [queued]>
[2023-11-13T14:05:16.957+0530] {taskinstance.py:1357} INFO - Resuming after deferral
[2023-11-13T14:05:16.968+0530] {taskinstance.py:1380} INFO - Executing <Task(WaitOneHourSensor): wait_sensor_deferrable> on 2023-11-13 07:35:08.122249+00:00
[2023-11-13T14:05:16.971+0530] {standard_task_runner.py:57} INFO - Started process 224822 to run task
[2023-11-13T14:05:16.973+0530] {standard_task_runner.py:84} INFO - Running: ['airflow', 'tasks', 'run', 'deferrable', 'wait_sensor_deferrable', 'manual__2023-11-13T07:35:08.122249+00:00', '--job-id', '4538', '--raw', '--subdir', 'DAGS_FOLDER/deferrable_operator.py', '--cfg-path', '/tmp/tmp5pdu5yg4']
[2023-11-13T14:05:16.974+0530] {standard_task_runner.py:85} INFO - Job 4538: Subtask wait_sensor_deferrable
[2023-11-13T14:05:16.996+0530] {task_command.py:415} INFO - Running <TaskInstance: deferrable.wait_sensor_deferrable manual__2023-11-13T07:35:08.122249+00:00 [running]> on host harika-Latitude-5511
[2023-11-13T14:05:17.035+0530] {logging_mixin.py:151} INFO - Sensor execution completed
[2023-11-13T14:05:17.038+0530] {taskinstance.py:1398} INFO - Marking task as SUCCESS. dag_id=deferrable, task_id=wait_sensor_deferrable, execution_date=20231113T073508, start_date=20231113T073512, end_date=20231113T083517
[2023-11-13T14:05:17.065+0530] {local_task_job_runner.py:228} INFO - Task exited with return code 0
[2023-11-13T14:05:17.077+0530] {taskinstance.py:2776} INFO - 0 downstream tasks scheduled from follow-on schedule check
