[2023-11-13T13:05:13.372+0530] {temporal.py:60} INFO - trigger starting
[2023-11-13T13:05:13.372+0530] {temporal.py:64} INFO - 3599 seconds remaining; sleeping 60 seconds
[2023-11-13T13:06:13.374+0530] {temporal.py:64} INFO - 3539 seconds remaining; sleeping 60 seconds
[2023-11-13T13:07:13.375+0530] {temporal.py:64} INFO - 3479 seconds remaining; sleeping 60 seconds
[2023-11-13T13:08:13.377+0530] {temporal.py:64} INFO - 3419 seconds remaining; sleeping 60 seconds
[2023-11-13T13:09:13.379+0530] {temporal.py:64} INFO - 3359 seconds remaining; sleeping 60 seconds
[2023-11-13T13:10:13.381+0530] {temporal.py:64} INFO - 3299 seconds remaining; sleeping 60 seconds
[2023-11-13T13:11:13.382+0530] {temporal.py:64} INFO - 3239 seconds remaining; sleeping 60 seconds
[2023-11-13T13:12:13.384+0530] {temporal.py:64} INFO - 3179 seconds remaining; sleeping 60 seconds
[2023-11-13T13:13:13.385+0530] {temporal.py:64} INFO - 3119 seconds remaining; sleeping 60 seconds
[2023-11-13T13:14:13.386+0530] {temporal.py:64} INFO - 3059 seconds remaining; sleeping 60 seconds
[2023-11-13T13:15:13.388+0530] {temporal.py:64} INFO - 2999 seconds remaining; sleeping 60 seconds
[2023-11-13T13:16:13.389+0530] {temporal.py:64} INFO - 2939 seconds remaining; sleeping 60 seconds
[2023-11-13T13:17:13.391+0530] {temporal.py:64} INFO - 2879 seconds remaining; sleeping 60 seconds
[2023-11-13T13:18:13.392+0530] {temporal.py:64} INFO - 2819 seconds remaining; sleeping 60 seconds
[2023-11-13T13:19:13.393+0530] {temporal.py:64} INFO - 2759 seconds remaining; sleeping 60 seconds
[2023-11-13T13:20:13.394+0530] {temporal.py:64} INFO - 2699 seconds remaining; sleeping 60 seconds
[2023-11-13T13:21:13.395+0530] {temporal.py:64} INFO - 2639 seconds remaining; sleeping 60 seconds
[2023-11-13T13:22:13.397+0530] {temporal.py:64} INFO - 2579 seconds remaining; sleeping 60 seconds
[2023-11-13T13:23:13.398+0530] {temporal.py:64} INFO - 2519 seconds remaining; sleeping 60 seconds
[2023-11-13T13:24:13.399+0530] {temporal.py:64} INFO - 2459 seconds remaining; sleeping 60 seconds
[2023-11-13T13:25:13.400+0530] {temporal.py:64} INFO - 2399 seconds remaining; sleeping 60 seconds
[2023-11-13T13:26:13.402+0530] {temporal.py:64} INFO - 2339 seconds remaining; sleeping 60 seconds
[2023-11-13T13:27:13.403+0530] {temporal.py:64} INFO - 2279 seconds remaining; sleeping 60 seconds
[2023-11-13T13:28:13.405+0530] {temporal.py:64} INFO - 2219 seconds remaining; sleeping 60 seconds
[2023-11-13T13:29:13.406+0530] {temporal.py:64} INFO - 2159 seconds remaining; sleeping 60 seconds
[2023-11-13T13:30:13.407+0530] {temporal.py:64} INFO - 2099 seconds remaining; sleeping 60 seconds
[2023-11-13T13:31:13.409+0530] {temporal.py:64} INFO - 2039 seconds remaining; sleeping 60 seconds
[2023-11-13T13:32:13.411+0530] {temporal.py:64} INFO - 1979 seconds remaining; sleeping 60 seconds
[2023-11-13T13:33:13.412+0530] {temporal.py:64} INFO - 1919 seconds remaining; sleeping 60 seconds
[2023-11-13T13:34:13.414+0530] {temporal.py:64} INFO - 1859 seconds remaining; sleeping 60 seconds
[2023-11-13T13:35:13.415+0530] {temporal.py:64} INFO - 1799 seconds remaining; sleeping 60 seconds
[2023-11-13T13:36:13.417+0530] {temporal.py:64} INFO - 1739 seconds remaining; sleeping 60 seconds
[2023-11-13T13:37:13.418+0530] {temporal.py:64} INFO - 1679 seconds remaining; sleeping 60 seconds
[2023-11-13T13:38:13.420+0530] {temporal.py:64} INFO - 1618 seconds remaining; sleeping 60 seconds
[2023-11-13T13:39:13.421+0530] {temporal.py:64} INFO - 1558 seconds remaining; sleeping 60 seconds
[2023-11-13T13:40:13.423+0530] {temporal.py:64} INFO - 1498 seconds remaining; sleeping 60 seconds
[2023-11-13T13:41:13.424+0530] {temporal.py:64} INFO - 1438 seconds remaining; sleeping 60 seconds
[2023-11-13T13:42:13.425+0530] {temporal.py:64} INFO - 1378 seconds remaining; sleeping 60 seconds
[2023-11-13T13:43:13.426+0530] {temporal.py:64} INFO - 1318 seconds remaining; sleeping 60 seconds
[2023-11-13T13:44:13.427+0530] {temporal.py:64} INFO - 1258 seconds remaining; sleeping 60 seconds
[2023-11-13T13:45:13.428+0530] {temporal.py:64} INFO - 1198 seconds remaining; sleeping 60 seconds
[2023-11-13T13:46:13.431+0530] {temporal.py:64} INFO - 1138 seconds remaining; sleeping 60 seconds
[2023-11-13T13:47:13.432+0530] {temporal.py:64} INFO - 1078 seconds remaining; sleeping 60 seconds
[2023-11-13T13:48:13.433+0530] {temporal.py:64} INFO - 1018 seconds remaining; sleeping 60 seconds
[2023-11-13T13:49:13.434+0530] {temporal.py:64} INFO - 958 seconds remaining; sleeping 60 seconds
[2023-11-13T13:50:13.436+0530] {temporal.py:64} INFO - 898 seconds remaining; sleeping 60 seconds
[2023-11-13T13:51:13.437+0530] {temporal.py:64} INFO - 838 seconds remaining; sleeping 60 seconds
[2023-11-13T13:52:13.438+0530] {temporal.py:64} INFO - 778 seconds remaining; sleeping 60 seconds
[2023-11-13T13:53:13.440+0530] {temporal.py:64} INFO - 718 seconds remaining; sleeping 60 seconds
[2023-11-13T13:54:13.441+0530] {temporal.py:64} INFO - 658 seconds remaining; sleeping 60 seconds
[2023-11-13T13:55:13.444+0530] {temporal.py:64} INFO - 598 seconds remaining; sleeping 60 seconds
[2023-11-13T13:56:13.445+0530] {temporal.py:64} INFO - 538 seconds remaining; sleeping 60 seconds
[2023-11-13T13:57:13.447+0530] {temporal.py:64} INFO - 478 seconds remaining; sleeping 60 seconds
[2023-11-13T13:58:13.448+0530] {temporal.py:64} INFO - 418 seconds remaining; sleeping 60 seconds
[2023-11-13T13:59:13.450+0530] {temporal.py:64} INFO - 358 seconds remaining; sleeping 60 seconds
[2023-11-13T14:00:13.451+0530] {temporal.py:64} INFO - 298 seconds remaining; sleeping 60 seconds
[2023-11-13T14:01:13.453+0530] {temporal.py:64} INFO - 238 seconds remaining; sleeping 60 seconds
[2023-11-13T14:02:13.455+0530] {temporal.py:64} INFO - 178 seconds remaining; sleeping 60 seconds
[2023-11-13T14:03:13.456+0530] {temporal.py:64} INFO - 118 seconds remaining; sleeping 10 seconds
[2023-11-13T14:03:23.457+0530] {temporal.py:64} INFO - 108 seconds remaining; sleeping 10 seconds
[2023-11-13T14:03:33.458+0530] {temporal.py:64} INFO - 98 seconds remaining; sleeping 10 seconds
[2023-11-13T14:03:43.459+0530] {temporal.py:64} INFO - 88 seconds remaining; sleeping 10 seconds
[2023-11-13T14:03:53.461+0530] {temporal.py:64} INFO - 78 seconds remaining; sleeping 10 seconds
[2023-11-13T14:04:03.461+0530] {temporal.py:64} INFO - 68 seconds remaining; sleeping 10 seconds
[2023-11-13T14:04:13.463+0530] {temporal.py:64} INFO - 58 seconds remaining; sleeping 10 seconds
[2023-11-13T14:04:23.466+0530] {temporal.py:64} INFO - 48 seconds remaining; sleeping 10 seconds
[2023-11-13T14:04:33.467+0530] {temporal.py:64} INFO - 38 seconds remaining; sleeping 10 seconds
[2023-11-13T14:04:43.469+0530] {temporal.py:64} INFO - 28 seconds remaining; sleeping 10 seconds
[2023-11-13T14:04:53.470+0530] {temporal.py:69} INFO - sleeping 1 second...
[2023-11-13T14:04:54.471+0530] {temporal.py:69} INFO - sleeping 1 second...
[2023-11-13T14:04:55.472+0530] {temporal.py:69} INFO - sleeping 1 second...
[2023-11-13T14:04:56.473+0530] {temporal.py:69} INFO - sleeping 1 second...
[2023-11-13T14:04:57.474+0530] {temporal.py:69} INFO - sleeping 1 second...
[2023-11-13T14:04:58.475+0530] {temporal.py:69} INFO - sleeping 1 second...
[2023-11-13T14:04:59.477+0530] {temporal.py:69} INFO - sleeping 1 second...
[2023-11-13T14:05:00.478+0530] {temporal.py:69} INFO - sleeping 1 second...
[2023-11-13T14:05:01.479+0530] {temporal.py:69} INFO - sleeping 1 second...
[2023-11-13T14:05:02.481+0530] {temporal.py:69} INFO - sleeping 1 second...
[2023-11-13T14:05:03.483+0530] {temporal.py:69} INFO - sleeping 1 second...
[2023-11-13T14:05:04.484+0530] {temporal.py:69} INFO - sleeping 1 second...
[2023-11-13T14:05:05.485+0530] {temporal.py:69} INFO - sleeping 1 second...
[2023-11-13T14:05:06.486+0530] {temporal.py:69} INFO - sleeping 1 second...
[2023-11-13T14:05:07.486+0530] {temporal.py:69} INFO - sleeping 1 second...
[2023-11-13T14:05:08.487+0530] {temporal.py:69} INFO - sleeping 1 second...
[2023-11-13T14:05:09.488+0530] {temporal.py:69} INFO - sleeping 1 second...
[2023-11-13T14:05:10.489+0530] {temporal.py:69} INFO - sleeping 1 second...
[2023-11-13T14:05:11.490+0530] {temporal.py:69} INFO - sleeping 1 second...
[2023-11-13T14:05:12.491+0530] {temporal.py:72} INFO - yielding event with payload DateTime(2023, 11, 13, 8, 35, 12, 418828, tzinfo=Timezone('UTC'))
[2023-11-13T14:05:12.492+0530] {triggerer_job_runner.py:599} INFO - Trigger deferrable/manual__2023-11-13T07:35:08.122249+00:00/wait_sensor_deferrable/-1/1 (ID 1) fired: TriggerEvent<DateTime(2023, 11, 13, 8, 35, 12, 418828, tzinfo=Timezone('UTC'))>
