[2023-10-30T17:09:23.959+0530] {taskinstance.py:1157} INFO - Dependencies all met for dep_context=non-requeueable deps ti=<TaskInstance: file_sensor_dag.is_file_available manual__2023-10-30T11:39:20.162595+00:00 [queued]>
[2023-10-30T17:09:23.965+0530] {taskinstance.py:1157} INFO - Dependencies all met for dep_context=requeueable deps ti=<TaskInstance: file_sensor_dag.is_file_available manual__2023-10-30T11:39:20.162595+00:00 [queued]>
[2023-10-30T17:09:23.965+0530] {taskinstance.py:1359} INFO - Starting attempt 1 of 1
[2023-10-30T17:09:23.975+0530] {taskinstance.py:1380} INFO - Executing <Task(FileSensor): is_file_available> on 2023-10-30 11:39:20.162595+00:00
[2023-10-30T17:09:23.978+0530] {standard_task_runner.py:57} INFO - Started process 470523 to run task
[2023-10-30T17:09:23.981+0530] {standard_task_runner.py:84} INFO - Running: ['airflow', 'tasks', 'run', 'file_sensor_dag', 'is_file_available', 'manual__2023-10-30T11:39:20.162595+00:00', '--job-id', '1936', '--raw', '--subdir', 'DAGS_FOLDER/fileSensor.py', '--cfg-path', '/tmp/tmpmqjlxhc3']
[2023-10-30T17:09:23.981+0530] {standard_task_runner.py:85} INFO - Job 1936: Subtask is_file_available
[2023-10-30T17:09:24.004+0530] {task_command.py:415} INFO - Running <TaskInstance: file_sensor_dag.is_file_available manual__2023-10-30T11:39:20.162595+00:00 [running]> on host harika-Latitude-5511
[2023-10-30T17:09:24.056+0530] {taskinstance.py:1660} INFO - Exporting env vars: AIRFLOW_CTX_DAG_OWNER='airflow' AIRFLOW_CTX_DAG_ID='file_sensor_dag' AIRFLOW_CTX_TASK_ID='is_file_available' AIRFLOW_CTX_EXECUTION_DATE='2023-10-30T11:39:20.162595+00:00' AIRFLOW_CTX_TRY_NUMBER='1' AIRFLOW_CTX_DAG_RUN_ID='manual__2023-10-30T11:39:20.162595+00:00'
[2023-10-30T17:09:24.059+0530] {base.py:73} INFO - Using connection ID 'my_file_system' for task execution.
[2023-10-30T17:09:24.060+0530] {filesystem.py:64} INFO - Poking for file /home/harika/airflow/dags/sample.txt
[2023-10-30T17:09:34.082+0530] {base.py:73} INFO - Using connection ID 'my_file_system' for task execution.
[2023-10-30T17:09:34.082+0530] {filesystem.py:64} INFO - Poking for file /home/harika/airflow/dags/sample.txt
[2023-10-30T17:09:44.098+0530] {base.py:73} INFO - Using connection ID 'my_file_system' for task execution.
[2023-10-30T17:09:44.099+0530] {filesystem.py:64} INFO - Poking for file /home/harika/airflow/dags/sample.txt
[2023-10-30T17:09:54.114+0530] {base.py:73} INFO - Using connection ID 'my_file_system' for task execution.
[2023-10-30T17:09:54.115+0530] {filesystem.py:64} INFO - Poking for file /home/harika/airflow/dags/sample.txt
[2023-10-30T17:10:04.131+0530] {base.py:73} INFO - Using connection ID 'my_file_system' for task execution.
[2023-10-30T17:10:04.131+0530] {filesystem.py:64} INFO - Poking for file /home/harika/airflow/dags/sample.txt
[2023-10-30T17:10:14.143+0530] {base.py:73} INFO - Using connection ID 'my_file_system' for task execution.
[2023-10-30T17:10:14.143+0530] {filesystem.py:64} INFO - Poking for file /home/harika/airflow/dags/sample.txt
[2023-10-30T17:10:24.147+0530] {base.py:73} INFO - Using connection ID 'my_file_system' for task execution.
[2023-10-30T17:10:24.147+0530] {filesystem.py:64} INFO - Poking for file /home/harika/airflow/dags/sample.txt
[2023-10-30T17:10:24.147+0530] {taskinstance.py:1935} ERROR - Task failed with exception
Traceback (most recent call last):
  File "/home/harika/.local/lib/python3.10/site-packages/airflow/sensors/base.py", line 274, in execute
    raise AirflowSensorTimeout(message)
airflow.exceptions.AirflowSensorTimeout: Sensor has timed out; run duration of 60.09083449699756 seconds exceeds the specified timeout of 60.0.
[2023-10-30T17:10:24.149+0530] {taskinstance.py:1398} INFO - Immediate failure requested. Marking task as FAILED. dag_id=file_sensor_dag, task_id=is_file_available, execution_date=20231030T113920, start_date=20231030T113923, end_date=20231030T114024
[2023-10-30T17:10:24.163+0530] {standard_task_runner.py:104} ERROR - Failed to execute job 1936 for task is_file_available (Sensor has timed out; run duration of 60.09083449699756 seconds exceeds the specified timeout of 60.0.; 470523)
[2023-10-30T17:10:24.177+0530] {local_task_job_runner.py:228} INFO - Task exited with return code 1
[2023-10-30T17:10:24.190+0530] {taskinstance.py:2776} INFO - 0 downstream tasks scheduled from follow-on schedule check
