[2023-11-07T14:47:56.154+0530] {taskinstance.py:1157} INFO - Dependencies all met for dep_context=non-requeueable deps ti=<TaskInstance: example_sensors.fire_immediately_async manual__2023-11-07T09:16:43.573302+00:00 [queued]>
[2023-11-07T14:47:56.161+0530] {taskinstance.py:1157} INFO - Dependencies all met for dep_context=requeueable deps ti=<TaskInstance: example_sensors.fire_immediately_async manual__2023-11-07T09:16:43.573302+00:00 [queued]>
[2023-11-07T14:47:56.162+0530] {taskinstance.py:1359} INFO - Starting attempt 1 of 1
[2023-11-07T14:47:56.174+0530] {taskinstance.py:1380} INFO - Executing <Task(TimeSensorAsync): fire_immediately_async> on 2023-11-07 09:16:43.573302+00:00
[2023-11-07T14:47:56.178+0530] {standard_task_runner.py:57} INFO - Started process 82149 to run task
[2023-11-07T14:47:56.180+0530] {standard_task_runner.py:84} INFO - Running: ['airflow', 'tasks', 'run', 'example_sensors', 'fire_immediately_async', 'manual__2023-11-07T09:16:43.573302+00:00', '--job-id', '4363', '--raw', '--subdir', 'DAGS_FOLDER/example_sensors.py', '--cfg-path', '/tmp/tmpko51p92t']
[2023-11-07T14:47:56.181+0530] {standard_task_runner.py:85} INFO - Job 4363: Subtask fire_immediately_async
[2023-11-07T14:47:56.209+0530] {task_command.py:415} INFO - Running <TaskInstance: example_sensors.fire_immediately_async manual__2023-11-07T09:16:43.573302+00:00 [running]> on host harika-Latitude-5511
[2023-11-07T14:47:56.250+0530] {taskinstance.py:1660} INFO - Exporting env vars: AIRFLOW_CTX_DAG_OWNER='airflow' AIRFLOW_CTX_DAG_ID='example_sensors' AIRFLOW_CTX_TASK_ID='fire_immediately_async' AIRFLOW_CTX_EXECUTION_DATE='2023-11-07T09:16:43.573302+00:00' AIRFLOW_CTX_TRY_NUMBER='1' AIRFLOW_CTX_DAG_RUN_ID='manual__2023-11-07T09:16:43.573302+00:00'
[2023-11-07T14:47:56.253+0530] {taskinstance.py:1524} INFO - Pausing task as DEFERRED. dag_id=example_sensors, task_id=fire_immediately_async, execution_date=20231107T091643, start_date=20231107T091756
[2023-11-07T14:47:56.272+0530] {local_task_job_runner.py:225} INFO - Task exited with return code 100 (task deferral)
[2023-11-07T14:50:17.593+0530] {taskinstance.py:1157} INFO - Dependencies all met for dep_context=non-requeueable deps ti=<TaskInstance: example_sensors.fire_immediately_async manual__2023-11-07T09:16:43.573302+00:00 [queued]>
[2023-11-07T14:50:17.598+0530] {taskinstance.py:1157} INFO - Dependencies all met for dep_context=requeueable deps ti=<TaskInstance: example_sensors.fire_immediately_async manual__2023-11-07T09:16:43.573302+00:00 [queued]>
[2023-11-07T14:50:17.598+0530] {taskinstance.py:1357} INFO - Resuming after deferral
[2023-11-07T14:50:17.608+0530] {taskinstance.py:1380} INFO - Executing <Task(TimeSensorAsync): fire_immediately_async> on 2023-11-07 09:16:43.573302+00:00
[2023-11-07T14:50:17.611+0530] {standard_task_runner.py:57} INFO - Started process 82311 to run task
[2023-11-07T14:50:17.613+0530] {standard_task_runner.py:84} INFO - Running: ['airflow', 'tasks', 'run', 'example_sensors', 'fire_immediately_async', 'manual__2023-11-07T09:16:43.573302+00:00', '--job-id', '4372', '--raw', '--subdir', 'DAGS_FOLDER/example_sensors.py', '--cfg-path', '/tmp/tmpext94i23']
[2023-11-07T14:50:17.614+0530] {standard_task_runner.py:85} INFO - Job 4372: Subtask fire_immediately_async
[2023-11-07T14:50:17.636+0530] {task_command.py:415} INFO - Running <TaskInstance: example_sensors.fire_immediately_async manual__2023-11-07T09:16:43.573302+00:00 [running]> on host harika-Latitude-5511
[2023-11-07T14:50:17.677+0530] {taskinstance.py:1398} INFO - Marking task as SUCCESS. dag_id=example_sensors, task_id=fire_immediately_async, execution_date=20231107T091643, start_date=20231107T091756, end_date=20231107T092017
[2023-11-07T14:50:17.705+0530] {local_task_job_runner.py:228} INFO - Task exited with return code 0
[2023-11-07T14:50:17.728+0530] {taskinstance.py:2776} INFO - 0 downstream tasks scheduled from follow-on schedule check
