[2023-11-09T10:49:59.357+0530] {taskinstance.py:1157} INFO - Dependencies all met for dep_context=non-requeueable deps ti=<TaskInstance: hooks_demo.transfer scheduled__2023-11-08T00:00:00+00:00 [queued]>
[2023-11-09T10:49:59.362+0530] {taskinstance.py:1157} INFO - Dependencies all met for dep_context=requeueable deps ti=<TaskInstance: hooks_demo.transfer scheduled__2023-11-08T00:00:00+00:00 [queued]>
[2023-11-09T10:49:59.362+0530] {taskinstance.py:1359} INFO - Starting attempt 1 of 2
[2023-11-09T10:49:59.371+0530] {taskinstance.py:1380} INFO - Executing <Task(PythonOperator): transfer> on 2023-11-08 00:00:00+00:00
[2023-11-09T10:49:59.375+0530] {standard_task_runner.py:57} INFO - Started process 150407 to run task
[2023-11-09T10:49:59.377+0530] {standard_task_runner.py:84} INFO - Running: ['airflow', 'tasks', 'run', 'hooks_demo', 'transfer', 'scheduled__2023-11-08T00:00:00+00:00', '--job-id', '4518', '--raw', '--subdir', 'DAGS_FOLDER/hooks.py', '--cfg-path', '/tmp/tmpfuezbyf3']
[2023-11-09T10:49:59.378+0530] {standard_task_runner.py:85} INFO - Job 4518: Subtask transfer
[2023-11-09T10:49:59.399+0530] {task_command.py:415} INFO - Running <TaskInstance: hooks_demo.transfer scheduled__2023-11-08T00:00:00+00:00 [running]> on host harika-Latitude-5511
[2023-11-09T10:49:59.522+0530] {taskinstance.py:1660} INFO - Exporting env vars: AIRFLOW_CTX_DAG_OWNER='Airflow' AIRFLOW_CTX_DAG_ID='hooks_demo' AIRFLOW_CTX_TASK_ID='transfer' AIRFLOW_CTX_EXECUTION_DATE='2023-11-08T00:00:00+00:00' AIRFLOW_CTX_TRY_NUMBER='1' AIRFLOW_CTX_DAG_RUN_ID='scheduled__2023-11-08T00:00:00+00:00'
[2023-11-09T10:49:59.525+0530] {base.py:73} INFO - Using connection ID 'postgres_conn' for task execution.
[2023-11-09T10:49:59.538+0530] {base.py:73} INFO - Using connection ID 'postgres_conn' for task execution.
[2023-11-09T10:49:59.548+0530] {logging_mixin.py:151} INFO - records [('Los Angles                                        ', 'ls                  '), ('Houston                                           ', 'ht                  '), ('New york                                          ', 'ny                  ')]
[2023-11-09T10:49:59.550+0530] {logging_mixin.py:151} INFO - Data transferred successfully
[2023-11-09T10:49:59.551+0530] {python.py:194} INFO - Done. Returned value was: None
[2023-11-09T10:49:59.555+0530] {taskinstance.py:1398} INFO - Marking task as SUCCESS. dag_id=hooks_demo, task_id=transfer, execution_date=20231108T000000, start_date=20231109T051959, end_date=20231109T051959
[2023-11-09T10:49:59.589+0530] {local_task_job_runner.py:228} INFO - Task exited with return code 0
[2023-11-09T10:49:59.604+0530] {taskinstance.py:2776} INFO - 0 downstream tasks scheduled from follow-on schedule check
[2023-11-16T16:07:02.182+0530] {taskinstance.py:1157} INFO - Dependencies all met for dep_context=non-requeueable deps ti=<TaskInstance: hooks_demo.transfer scheduled__2023-11-08T00:00:00+00:00 [queued]>
[2023-11-16T16:07:02.187+0530] {taskinstance.py:1157} INFO - Dependencies all met for dep_context=requeueable deps ti=<TaskInstance: hooks_demo.transfer scheduled__2023-11-08T00:00:00+00:00 [queued]>
[2023-11-16T16:07:02.187+0530] {taskinstance.py:1359} INFO - Starting attempt 1 of 2
[2023-11-16T16:07:02.198+0530] {taskinstance.py:1380} INFO - Executing <Task(PythonOperator): transfer> on 2023-11-08 00:00:00+00:00
[2023-11-16T16:07:02.201+0530] {standard_task_runner.py:57} INFO - Started process 146838 to run task
[2023-11-16T16:07:02.203+0530] {standard_task_runner.py:84} INFO - Running: ['airflow', 'tasks', 'run', 'hooks_demo', 'transfer', 'scheduled__2023-11-08T00:00:00+00:00', '--job-id', '4724', '--raw', '--subdir', 'DAGS_FOLDER/hooks_demo.py', '--cfg-path', '/tmp/tmpast3mjrn']
[2023-11-16T16:07:02.204+0530] {standard_task_runner.py:85} INFO - Job 4724: Subtask transfer
[2023-11-16T16:07:02.231+0530] {task_command.py:415} INFO - Running <TaskInstance: hooks_demo.transfer scheduled__2023-11-08T00:00:00+00:00 [running]> on host harika-Latitude-5511
[2023-11-16T16:07:02.384+0530] {taskinstance.py:1660} INFO - Exporting env vars: AIRFLOW_CTX_DAG_OWNER='Airflow' AIRFLOW_CTX_DAG_ID='hooks_demo' AIRFLOW_CTX_TASK_ID='transfer' AIRFLOW_CTX_EXECUTION_DATE='2023-11-08T00:00:00+00:00' AIRFLOW_CTX_TRY_NUMBER='1' AIRFLOW_CTX_DAG_RUN_ID='scheduled__2023-11-08T00:00:00+00:00'
[2023-11-16T16:07:02.388+0530] {base.py:73} INFO - Using connection ID 'postgres_conn' for task execution.
[2023-11-16T16:07:02.402+0530] {base.py:73} INFO - Using connection ID 'postgres_conn' for task execution.
[2023-11-16T16:07:02.412+0530] {logging_mixin.py:151} INFO - records [('New york                                          ', 'ny                  ')]
[2023-11-16T16:07:02.414+0530] {logging_mixin.py:151} INFO - Data transferred successfully
[2023-11-16T16:07:02.414+0530] {python.py:194} INFO - Done. Returned value was: None
[2023-11-16T16:07:02.418+0530] {taskinstance.py:1398} INFO - Marking task as SUCCESS. dag_id=hooks_demo, task_id=transfer, execution_date=20231108T000000, start_date=20231116T103702, end_date=20231116T103702
[2023-11-16T16:07:02.456+0530] {local_task_job_runner.py:228} INFO - Task exited with return code 0
[2023-11-16T16:07:02.483+0530] {taskinstance.py:2776} INFO - 0 downstream tasks scheduled from follow-on schedule check
