[2023-10-20T15:57:38.246+0530] {processor.py:157} INFO - Started process (PID=41533) to work on /home/harika/airflow/dags/word_count_url.py
[2023-10-20T15:57:38.247+0530] {processor.py:829} INFO - Processing file /home/harika/airflow/dags/word_count_url.py for tasks to queue
[2023-10-20T15:57:38.247+0530] {logging_mixin.py:151} INFO - [2023-10-20T15:57:38.247+0530] {dagbag.py:539} INFO - Filling up the DagBag from /home/harika/airflow/dags/word_count_url.py
[2023-10-20T15:57:38.308+0530] {processor.py:839} INFO - DAG(s) dict_keys(['webpage_dag']) retrieved from /home/harika/airflow/dags/word_count_url.py
[2023-10-20T15:57:38.313+0530] {logging_mixin.py:151} INFO - [2023-10-20T15:57:38.313+0530] {dag.py:2915} INFO - Sync 1 DAGs
[2023-10-20T15:57:38.326+0530] {logging_mixin.py:151} INFO - [2023-10-20T15:57:38.326+0530] {dag.py:3696} INFO - Setting next_dagrun for webpage_dag to 2023-10-18T00:00:00+00:00, run_after=2023-10-19T00:00:00+00:00
[2023-10-20T15:57:38.345+0530] {processor.py:179} INFO - Processing /home/harika/airflow/dags/word_count_url.py took 0.100 seconds
[2023-10-20T15:59:45.308+0530] {processor.py:157} INFO - Started process (PID=42434) to work on /home/harika/airflow/dags/word_count_url.py
[2023-10-20T15:59:45.310+0530] {processor.py:829} INFO - Processing file /home/harika/airflow/dags/word_count_url.py for tasks to queue
[2023-10-20T15:59:45.312+0530] {logging_mixin.py:151} INFO - [2023-10-20T15:59:45.312+0530] {dagbag.py:539} INFO - Filling up the DagBag from /home/harika/airflow/dags/word_count_url.py
[2023-10-20T15:59:45.391+0530] {processor.py:839} INFO - DAG(s) dict_keys(['webpage_dag']) retrieved from /home/harika/airflow/dags/word_count_url.py
[2023-10-20T15:59:45.462+0530] {logging_mixin.py:151} INFO - [2023-10-20T15:59:45.461+0530] {security.py:708} INFO - Not syncing DAG-level permissions for DAG 'DAG:webpage_dag' as access control is unset.
[2023-10-20T15:59:45.462+0530] {logging_mixin.py:151} INFO - [2023-10-20T15:59:45.462+0530] {dag.py:2915} INFO - Sync 1 DAGs
[2023-10-20T15:59:45.475+0530] {logging_mixin.py:151} INFO - [2023-10-20T15:59:45.475+0530] {dag.py:3696} INFO - Setting next_dagrun for webpage_dag to 2023-10-20T00:00:00+00:00, run_after=2023-10-21T00:00:00+00:00
[2023-10-20T15:59:45.491+0530] {processor.py:179} INFO - Processing /home/harika/airflow/dags/word_count_url.py took 0.190 seconds
[2023-10-20T16:00:37.510+0530] {processor.py:157} INFO - Started process (PID=42564) to work on /home/harika/airflow/dags/word_count_url.py
[2023-10-20T16:00:37.510+0530] {processor.py:829} INFO - Processing file /home/harika/airflow/dags/word_count_url.py for tasks to queue
[2023-10-20T16:00:37.511+0530] {logging_mixin.py:151} INFO - [2023-10-20T16:00:37.511+0530] {dagbag.py:539} INFO - Filling up the DagBag from /home/harika/airflow/dags/word_count_url.py
[2023-10-20T16:00:37.573+0530] {processor.py:839} INFO - DAG(s) dict_keys(['webpage_dag']) retrieved from /home/harika/airflow/dags/word_count_url.py
[2023-10-20T16:00:37.583+0530] {logging_mixin.py:151} INFO - [2023-10-20T16:00:37.583+0530] {dag.py:2915} INFO - Sync 1 DAGs
[2023-10-20T16:00:37.595+0530] {logging_mixin.py:151} INFO - [2023-10-20T16:00:37.595+0530] {dag.py:3696} INFO - Setting next_dagrun for webpage_dag to 2023-10-20T00:00:00+00:00, run_after=2023-10-21T00:00:00+00:00
[2023-10-20T16:00:37.607+0530] {processor.py:179} INFO - Processing /home/harika/airflow/dags/word_count_url.py took 0.100 seconds
[2023-10-20T16:01:29.225+0530] {processor.py:157} INFO - Started process (PID=42885) to work on /home/harika/airflow/dags/word_count_url.py
[2023-10-20T16:01:29.226+0530] {processor.py:829} INFO - Processing file /home/harika/airflow/dags/word_count_url.py for tasks to queue
[2023-10-20T16:01:29.226+0530] {logging_mixin.py:151} INFO - [2023-10-20T16:01:29.226+0530] {dagbag.py:539} INFO - Filling up the DagBag from /home/harika/airflow/dags/word_count_url.py
[2023-10-20T16:01:29.283+0530] {processor.py:839} INFO - DAG(s) dict_keys(['webpage_dag']) retrieved from /home/harika/airflow/dags/word_count_url.py
[2023-10-20T16:01:29.293+0530] {logging_mixin.py:151} INFO - [2023-10-20T16:01:29.293+0530] {dag.py:2915} INFO - Sync 1 DAGs
[2023-10-20T16:01:29.307+0530] {logging_mixin.py:151} INFO - [2023-10-20T16:01:29.306+0530] {dag.py:3696} INFO - Setting next_dagrun for webpage_dag to 2023-10-20T00:00:00+00:00, run_after=2023-10-21T00:00:00+00:00
[2023-10-20T16:01:29.323+0530] {processor.py:179} INFO - Processing /home/harika/airflow/dags/word_count_url.py took 0.100 seconds
[2023-10-20T16:02:21.895+0530] {processor.py:157} INFO - Started process (PID=42963) to work on /home/harika/airflow/dags/word_count_url.py
[2023-10-20T16:02:21.896+0530] {processor.py:829} INFO - Processing file /home/harika/airflow/dags/word_count_url.py for tasks to queue
[2023-10-20T16:02:21.896+0530] {logging_mixin.py:151} INFO - [2023-10-20T16:02:21.896+0530] {dagbag.py:539} INFO - Filling up the DagBag from /home/harika/airflow/dags/word_count_url.py
[2023-10-20T16:02:21.953+0530] {processor.py:839} INFO - DAG(s) dict_keys(['webpage_dag']) retrieved from /home/harika/airflow/dags/word_count_url.py
[2023-10-20T16:02:21.963+0530] {logging_mixin.py:151} INFO - [2023-10-20T16:02:21.963+0530] {dag.py:2915} INFO - Sync 1 DAGs
[2023-10-20T16:02:21.976+0530] {logging_mixin.py:151} INFO - [2023-10-20T16:02:21.976+0530] {dag.py:3696} INFO - Setting next_dagrun for webpage_dag to 2023-10-20T00:00:00+00:00, run_after=2023-10-21T00:00:00+00:00
[2023-10-20T16:02:21.988+0530] {processor.py:179} INFO - Processing /home/harika/airflow/dags/word_count_url.py took 0.096 seconds
[2023-10-20T16:03:12.101+0530] {processor.py:157} INFO - Started process (PID=43053) to work on /home/harika/airflow/dags/word_count_url.py
[2023-10-20T16:03:12.102+0530] {processor.py:829} INFO - Processing file /home/harika/airflow/dags/word_count_url.py for tasks to queue
[2023-10-20T16:03:12.103+0530] {logging_mixin.py:151} INFO - [2023-10-20T16:03:12.102+0530] {dagbag.py:539} INFO - Filling up the DagBag from /home/harika/airflow/dags/word_count_url.py
[2023-10-20T16:03:12.162+0530] {processor.py:839} INFO - DAG(s) dict_keys(['webpage_dag']) retrieved from /home/harika/airflow/dags/word_count_url.py
[2023-10-20T16:03:12.174+0530] {logging_mixin.py:151} INFO - [2023-10-20T16:03:12.173+0530] {dag.py:2915} INFO - Sync 1 DAGs
[2023-10-20T16:03:12.188+0530] {logging_mixin.py:151} INFO - [2023-10-20T16:03:12.188+0530] {dag.py:3696} INFO - Setting next_dagrun for webpage_dag to 2023-10-20T00:00:00+00:00, run_after=2023-10-21T00:00:00+00:00
[2023-10-20T16:03:12.201+0530] {processor.py:179} INFO - Processing /home/harika/airflow/dags/word_count_url.py took 0.102 seconds
[2023-10-20T16:04:03.187+0530] {processor.py:157} INFO - Started process (PID=43147) to work on /home/harika/airflow/dags/word_count_url.py
[2023-10-20T16:04:03.194+0530] {processor.py:829} INFO - Processing file /home/harika/airflow/dags/word_count_url.py for tasks to queue
[2023-10-20T16:04:03.194+0530] {logging_mixin.py:151} INFO - [2023-10-20T16:04:03.194+0530] {dagbag.py:539} INFO - Filling up the DagBag from /home/harika/airflow/dags/word_count_url.py
[2023-10-20T16:04:03.254+0530] {processor.py:839} INFO - DAG(s) dict_keys(['webpage_dag']) retrieved from /home/harika/airflow/dags/word_count_url.py
[2023-10-20T16:04:03.264+0530] {logging_mixin.py:151} INFO - [2023-10-20T16:04:03.264+0530] {dag.py:2915} INFO - Sync 1 DAGs
[2023-10-20T16:04:03.277+0530] {logging_mixin.py:151} INFO - [2023-10-20T16:04:03.277+0530] {dag.py:3696} INFO - Setting next_dagrun for webpage_dag to 2023-10-20T00:00:00+00:00, run_after=2023-10-21T00:00:00+00:00
[2023-10-20T16:04:03.289+0530] {processor.py:179} INFO - Processing /home/harika/airflow/dags/word_count_url.py took 0.104 seconds
[2023-10-20T16:04:53.333+0530] {processor.py:157} INFO - Started process (PID=43218) to work on /home/harika/airflow/dags/word_count_url.py
[2023-10-20T16:04:53.340+0530] {processor.py:829} INFO - Processing file /home/harika/airflow/dags/word_count_url.py for tasks to queue
[2023-10-20T16:04:53.341+0530] {logging_mixin.py:151} INFO - [2023-10-20T16:04:53.340+0530] {dagbag.py:539} INFO - Filling up the DagBag from /home/harika/airflow/dags/word_count_url.py
[2023-10-20T16:04:53.396+0530] {processor.py:839} INFO - DAG(s) dict_keys(['webpage_dag']) retrieved from /home/harika/airflow/dags/word_count_url.py
[2023-10-20T16:04:53.406+0530] {logging_mixin.py:151} INFO - [2023-10-20T16:04:53.406+0530] {dag.py:2915} INFO - Sync 1 DAGs
[2023-10-20T16:04:53.418+0530] {logging_mixin.py:151} INFO - [2023-10-20T16:04:53.418+0530] {dag.py:3696} INFO - Setting next_dagrun for webpage_dag to 2023-10-20T00:00:00+00:00, run_after=2023-10-21T00:00:00+00:00
[2023-10-20T16:04:53.430+0530] {processor.py:179} INFO - Processing /home/harika/airflow/dags/word_count_url.py took 0.099 seconds
[2023-10-20T16:05:44.737+0530] {processor.py:157} INFO - Started process (PID=43293) to work on /home/harika/airflow/dags/word_count_url.py
[2023-10-20T16:05:44.744+0530] {processor.py:829} INFO - Processing file /home/harika/airflow/dags/word_count_url.py for tasks to queue
[2023-10-20T16:05:44.744+0530] {logging_mixin.py:151} INFO - [2023-10-20T16:05:44.744+0530] {dagbag.py:539} INFO - Filling up the DagBag from /home/harika/airflow/dags/word_count_url.py
[2023-10-20T16:05:44.802+0530] {processor.py:839} INFO - DAG(s) dict_keys(['webpage_dag']) retrieved from /home/harika/airflow/dags/word_count_url.py
[2023-10-20T16:05:44.812+0530] {logging_mixin.py:151} INFO - [2023-10-20T16:05:44.812+0530] {dag.py:2915} INFO - Sync 1 DAGs
[2023-10-20T16:05:44.827+0530] {logging_mixin.py:151} INFO - [2023-10-20T16:05:44.826+0530] {dag.py:3696} INFO - Setting next_dagrun for webpage_dag to 2023-10-20T00:00:00+00:00, run_after=2023-10-21T00:00:00+00:00
[2023-10-20T16:05:44.842+0530] {processor.py:179} INFO - Processing /home/harika/airflow/dags/word_count_url.py took 0.108 seconds
[2023-10-20T16:06:11.815+0530] {processor.py:157} INFO - Started process (PID=43344) to work on /home/harika/airflow/dags/word_count_url.py
[2023-10-20T16:06:11.816+0530] {processor.py:829} INFO - Processing file /home/harika/airflow/dags/word_count_url.py for tasks to queue
[2023-10-20T16:06:11.816+0530] {logging_mixin.py:151} INFO - [2023-10-20T16:06:11.816+0530] {dagbag.py:539} INFO - Filling up the DagBag from /home/harika/airflow/dags/word_count_url.py
[2023-10-20T16:06:11.871+0530] {processor.py:839} INFO - DAG(s) dict_keys(['webpage_dag']) retrieved from /home/harika/airflow/dags/word_count_url.py
[2023-10-20T16:06:11.882+0530] {logging_mixin.py:151} INFO - [2023-10-20T16:06:11.882+0530] {dag.py:2915} INFO - Sync 1 DAGs
[2023-10-20T16:06:11.895+0530] {logging_mixin.py:151} INFO - [2023-10-20T16:06:11.894+0530] {dag.py:3696} INFO - Setting next_dagrun for webpage_dag to 2023-10-20T00:00:00+00:00, run_after=2023-10-21T00:00:00+00:00
[2023-10-20T16:06:11.907+0530] {processor.py:179} INFO - Processing /home/harika/airflow/dags/word_count_url.py took 0.094 seconds
[2023-10-20T16:07:02.247+0530] {processor.py:157} INFO - Started process (PID=43438) to work on /home/harika/airflow/dags/word_count_url.py
[2023-10-20T16:07:02.254+0530] {processor.py:829} INFO - Processing file /home/harika/airflow/dags/word_count_url.py for tasks to queue
[2023-10-20T16:07:02.254+0530] {logging_mixin.py:151} INFO - [2023-10-20T16:07:02.254+0530] {dagbag.py:539} INFO - Filling up the DagBag from /home/harika/airflow/dags/word_count_url.py
[2023-10-20T16:07:02.309+0530] {processor.py:839} INFO - DAG(s) dict_keys(['webpage_dag']) retrieved from /home/harika/airflow/dags/word_count_url.py
[2023-10-20T16:07:02.319+0530] {logging_mixin.py:151} INFO - [2023-10-20T16:07:02.319+0530] {dag.py:2915} INFO - Sync 1 DAGs
[2023-10-20T16:07:02.332+0530] {logging_mixin.py:151} INFO - [2023-10-20T16:07:02.332+0530] {dag.py:3696} INFO - Setting next_dagrun for webpage_dag to 2023-10-20T00:00:00+00:00, run_after=2023-10-21T00:00:00+00:00
[2023-10-20T16:07:02.345+0530] {processor.py:179} INFO - Processing /home/harika/airflow/dags/word_count_url.py took 0.099 seconds
[2023-10-20T16:07:52.590+0530] {processor.py:157} INFO - Started process (PID=43514) to work on /home/harika/airflow/dags/word_count_url.py
[2023-10-20T16:07:52.597+0530] {processor.py:829} INFO - Processing file /home/harika/airflow/dags/word_count_url.py for tasks to queue
[2023-10-20T16:07:52.599+0530] {logging_mixin.py:151} INFO - [2023-10-20T16:07:52.598+0530] {dagbag.py:539} INFO - Filling up the DagBag from /home/harika/airflow/dags/word_count_url.py
[2023-10-20T16:07:52.682+0530] {processor.py:839} INFO - DAG(s) dict_keys(['webpage_dag']) retrieved from /home/harika/airflow/dags/word_count_url.py
[2023-10-20T16:07:52.692+0530] {logging_mixin.py:151} INFO - [2023-10-20T16:07:52.692+0530] {dag.py:2915} INFO - Sync 1 DAGs
[2023-10-20T16:07:52.704+0530] {logging_mixin.py:151} INFO - [2023-10-20T16:07:52.704+0530] {dag.py:3696} INFO - Setting next_dagrun for webpage_dag to 2023-10-20T00:00:00+00:00, run_after=2023-10-21T00:00:00+00:00
[2023-10-20T16:07:52.723+0530] {processor.py:179} INFO - Processing /home/harika/airflow/dags/word_count_url.py took 0.135 seconds
[2023-10-20T16:08:45.582+0530] {processor.py:157} INFO - Started process (PID=43587) to work on /home/harika/airflow/dags/word_count_url.py
[2023-10-20T16:08:45.589+0530] {processor.py:829} INFO - Processing file /home/harika/airflow/dags/word_count_url.py for tasks to queue
[2023-10-20T16:08:45.591+0530] {logging_mixin.py:151} INFO - [2023-10-20T16:08:45.590+0530] {dagbag.py:539} INFO - Filling up the DagBag from /home/harika/airflow/dags/word_count_url.py
[2023-10-20T16:08:45.673+0530] {processor.py:839} INFO - DAG(s) dict_keys(['webpage_dag']) retrieved from /home/harika/airflow/dags/word_count_url.py
[2023-10-20T16:08:45.683+0530] {logging_mixin.py:151} INFO - [2023-10-20T16:08:45.683+0530] {dag.py:2915} INFO - Sync 1 DAGs
[2023-10-20T16:08:45.696+0530] {logging_mixin.py:151} INFO - [2023-10-20T16:08:45.695+0530] {dag.py:3696} INFO - Setting next_dagrun for webpage_dag to 2023-10-20T00:00:00+00:00, run_after=2023-10-21T00:00:00+00:00
[2023-10-20T16:08:45.713+0530] {processor.py:179} INFO - Processing /home/harika/airflow/dags/word_count_url.py took 0.134 seconds
[2023-10-20T16:09:38.216+0530] {processor.py:157} INFO - Started process (PID=43668) to work on /home/harika/airflow/dags/word_count_url.py
[2023-10-20T16:09:38.224+0530] {processor.py:829} INFO - Processing file /home/harika/airflow/dags/word_count_url.py for tasks to queue
[2023-10-20T16:09:38.226+0530] {logging_mixin.py:151} INFO - [2023-10-20T16:09:38.225+0530] {dagbag.py:539} INFO - Filling up the DagBag from /home/harika/airflow/dags/word_count_url.py
[2023-10-20T16:09:38.306+0530] {processor.py:839} INFO - DAG(s) dict_keys(['webpage_dag']) retrieved from /home/harika/airflow/dags/word_count_url.py
[2023-10-20T16:09:38.316+0530] {logging_mixin.py:151} INFO - [2023-10-20T16:09:38.316+0530] {dag.py:2915} INFO - Sync 1 DAGs
[2023-10-20T16:09:38.329+0530] {logging_mixin.py:151} INFO - [2023-10-20T16:09:38.329+0530] {dag.py:3696} INFO - Setting next_dagrun for webpage_dag to 2023-10-20T00:00:00+00:00, run_after=2023-10-21T00:00:00+00:00
[2023-10-20T16:09:38.347+0530] {processor.py:179} INFO - Processing /home/harika/airflow/dags/word_count_url.py took 0.138 seconds
[2023-10-20T16:10:30.676+0530] {processor.py:157} INFO - Started process (PID=43753) to work on /home/harika/airflow/dags/word_count_url.py
[2023-10-20T16:10:30.684+0530] {processor.py:829} INFO - Processing file /home/harika/airflow/dags/word_count_url.py for tasks to queue
[2023-10-20T16:10:30.686+0530] {logging_mixin.py:151} INFO - [2023-10-20T16:10:30.685+0530] {dagbag.py:539} INFO - Filling up the DagBag from /home/harika/airflow/dags/word_count_url.py
[2023-10-20T16:10:30.771+0530] {processor.py:839} INFO - DAG(s) dict_keys(['webpage_dag']) retrieved from /home/harika/airflow/dags/word_count_url.py
[2023-10-20T16:10:30.782+0530] {logging_mixin.py:151} INFO - [2023-10-20T16:10:30.782+0530] {dag.py:2915} INFO - Sync 1 DAGs
[2023-10-20T16:10:30.794+0530] {logging_mixin.py:151} INFO - [2023-10-20T16:10:30.794+0530] {dag.py:3696} INFO - Setting next_dagrun for webpage_dag to 2023-10-20T00:00:00+00:00, run_after=2023-10-21T00:00:00+00:00
[2023-10-20T16:10:30.813+0530] {processor.py:179} INFO - Processing /home/harika/airflow/dags/word_count_url.py took 0.139 seconds
[2023-10-20T16:11:24.030+0530] {processor.py:157} INFO - Started process (PID=43822) to work on /home/harika/airflow/dags/word_count_url.py
[2023-10-20T16:11:24.037+0530] {processor.py:829} INFO - Processing file /home/harika/airflow/dags/word_count_url.py for tasks to queue
[2023-10-20T16:11:24.038+0530] {logging_mixin.py:151} INFO - [2023-10-20T16:11:24.038+0530] {dagbag.py:539} INFO - Filling up the DagBag from /home/harika/airflow/dags/word_count_url.py
[2023-10-20T16:11:24.102+0530] {processor.py:839} INFO - DAG(s) dict_keys(['webpage_dag']) retrieved from /home/harika/airflow/dags/word_count_url.py
[2023-10-20T16:11:24.112+0530] {logging_mixin.py:151} INFO - [2023-10-20T16:11:24.112+0530] {dag.py:2915} INFO - Sync 1 DAGs
[2023-10-20T16:11:24.125+0530] {logging_mixin.py:151} INFO - [2023-10-20T16:11:24.125+0530] {dag.py:3696} INFO - Setting next_dagrun for webpage_dag to 2023-10-20T00:00:00+00:00, run_after=2023-10-21T00:00:00+00:00
[2023-10-20T16:11:24.137+0530] {processor.py:179} INFO - Processing /home/harika/airflow/dags/word_count_url.py took 0.109 seconds
[2023-10-20T16:12:15.499+0530] {processor.py:157} INFO - Started process (PID=43900) to work on /home/harika/airflow/dags/word_count_url.py
[2023-10-20T16:12:15.507+0530] {processor.py:829} INFO - Processing file /home/harika/airflow/dags/word_count_url.py for tasks to queue
[2023-10-20T16:12:15.509+0530] {logging_mixin.py:151} INFO - [2023-10-20T16:12:15.508+0530] {dagbag.py:539} INFO - Filling up the DagBag from /home/harika/airflow/dags/word_count_url.py
[2023-10-20T16:12:15.586+0530] {processor.py:839} INFO - DAG(s) dict_keys(['webpage_dag']) retrieved from /home/harika/airflow/dags/word_count_url.py
[2023-10-20T16:12:15.597+0530] {logging_mixin.py:151} INFO - [2023-10-20T16:12:15.597+0530] {dag.py:2915} INFO - Sync 1 DAGs
[2023-10-20T16:12:15.610+0530] {logging_mixin.py:151} INFO - [2023-10-20T16:12:15.610+0530] {dag.py:3696} INFO - Setting next_dagrun for webpage_dag to 2023-10-20T00:00:00+00:00, run_after=2023-10-21T00:00:00+00:00
[2023-10-20T16:12:15.635+0530] {processor.py:179} INFO - Processing /home/harika/airflow/dags/word_count_url.py took 0.142 seconds
[2023-10-20T16:13:09.190+0530] {processor.py:157} INFO - Started process (PID=44082) to work on /home/harika/airflow/dags/word_count_url.py
[2023-10-20T16:13:09.191+0530] {processor.py:829} INFO - Processing file /home/harika/airflow/dags/word_count_url.py for tasks to queue
[2023-10-20T16:13:09.192+0530] {logging_mixin.py:151} INFO - [2023-10-20T16:13:09.191+0530] {dagbag.py:539} INFO - Filling up the DagBag from /home/harika/airflow/dags/word_count_url.py
[2023-10-20T16:13:09.247+0530] {processor.py:839} INFO - DAG(s) dict_keys(['webpage_dag']) retrieved from /home/harika/airflow/dags/word_count_url.py
[2023-10-20T16:13:09.257+0530] {logging_mixin.py:151} INFO - [2023-10-20T16:13:09.257+0530] {dag.py:2915} INFO - Sync 1 DAGs
[2023-10-20T16:13:09.270+0530] {logging_mixin.py:151} INFO - [2023-10-20T16:13:09.270+0530] {dag.py:3696} INFO - Setting next_dagrun for webpage_dag to 2023-10-20T00:00:00+00:00, run_after=2023-10-21T00:00:00+00:00
[2023-10-20T16:13:09.282+0530] {processor.py:179} INFO - Processing /home/harika/airflow/dags/word_count_url.py took 0.094 seconds
[2023-10-20T16:14:02.341+0530] {processor.py:157} INFO - Started process (PID=44237) to work on /home/harika/airflow/dags/word_count_url.py
[2023-10-20T16:14:02.348+0530] {processor.py:829} INFO - Processing file /home/harika/airflow/dags/word_count_url.py for tasks to queue
[2023-10-20T16:14:02.348+0530] {logging_mixin.py:151} INFO - [2023-10-20T16:14:02.348+0530] {dagbag.py:539} INFO - Filling up the DagBag from /home/harika/airflow/dags/word_count_url.py
[2023-10-20T16:14:02.410+0530] {processor.py:839} INFO - DAG(s) dict_keys(['webpage_dag']) retrieved from /home/harika/airflow/dags/word_count_url.py
[2023-10-20T16:14:02.421+0530] {logging_mixin.py:151} INFO - [2023-10-20T16:14:02.420+0530] {dag.py:2915} INFO - Sync 1 DAGs
[2023-10-20T16:14:02.434+0530] {logging_mixin.py:151} INFO - [2023-10-20T16:14:02.434+0530] {dag.py:3696} INFO - Setting next_dagrun for webpage_dag to 2023-10-20T00:00:00+00:00, run_after=2023-10-21T00:00:00+00:00
[2023-10-20T16:14:02.463+0530] {processor.py:179} INFO - Processing /home/harika/airflow/dags/word_count_url.py took 0.125 seconds
[2023-10-20T16:14:53.136+0530] {processor.py:157} INFO - Started process (PID=44427) to work on /home/harika/airflow/dags/word_count_url.py
[2023-10-20T16:14:53.137+0530] {processor.py:829} INFO - Processing file /home/harika/airflow/dags/word_count_url.py for tasks to queue
[2023-10-20T16:14:53.137+0530] {logging_mixin.py:151} INFO - [2023-10-20T16:14:53.137+0530] {dagbag.py:539} INFO - Filling up the DagBag from /home/harika/airflow/dags/word_count_url.py
[2023-10-20T16:14:53.201+0530] {processor.py:839} INFO - DAG(s) dict_keys(['webpage_dag']) retrieved from /home/harika/airflow/dags/word_count_url.py
[2023-10-20T16:14:53.211+0530] {logging_mixin.py:151} INFO - [2023-10-20T16:14:53.211+0530] {dag.py:2915} INFO - Sync 1 DAGs
[2023-10-20T16:14:53.224+0530] {logging_mixin.py:151} INFO - [2023-10-20T16:14:53.223+0530] {dag.py:3696} INFO - Setting next_dagrun for webpage_dag to 2023-10-20T00:00:00+00:00, run_after=2023-10-21T00:00:00+00:00
[2023-10-20T16:14:53.235+0530] {processor.py:179} INFO - Processing /home/harika/airflow/dags/word_count_url.py took 0.102 seconds
[2023-10-20T16:15:42.978+0530] {processor.py:157} INFO - Started process (PID=44515) to work on /home/harika/airflow/dags/word_count_url.py
[2023-10-20T16:15:42.985+0530] {processor.py:829} INFO - Processing file /home/harika/airflow/dags/word_count_url.py for tasks to queue
[2023-10-20T16:15:42.986+0530] {logging_mixin.py:151} INFO - [2023-10-20T16:15:42.986+0530] {dagbag.py:539} INFO - Filling up the DagBag from /home/harika/airflow/dags/word_count_url.py
[2023-10-20T16:15:43.050+0530] {processor.py:839} INFO - DAG(s) dict_keys(['webpage_dag']) retrieved from /home/harika/airflow/dags/word_count_url.py
[2023-10-20T16:15:43.061+0530] {logging_mixin.py:151} INFO - [2023-10-20T16:15:43.061+0530] {dag.py:2915} INFO - Sync 1 DAGs
[2023-10-20T16:15:43.075+0530] {logging_mixin.py:151} INFO - [2023-10-20T16:15:43.074+0530] {dag.py:3696} INFO - Setting next_dagrun for webpage_dag to 2023-10-20T00:00:00+00:00, run_after=2023-10-21T00:00:00+00:00
[2023-10-20T16:15:43.088+0530] {processor.py:179} INFO - Processing /home/harika/airflow/dags/word_count_url.py took 0.113 seconds
[2023-10-20T16:16:33.470+0530] {processor.py:157} INFO - Started process (PID=44600) to work on /home/harika/airflow/dags/word_count_url.py
[2023-10-20T16:16:33.477+0530] {processor.py:829} INFO - Processing file /home/harika/airflow/dags/word_count_url.py for tasks to queue
[2023-10-20T16:16:33.478+0530] {logging_mixin.py:151} INFO - [2023-10-20T16:16:33.478+0530] {dagbag.py:539} INFO - Filling up the DagBag from /home/harika/airflow/dags/word_count_url.py
[2023-10-20T16:16:33.536+0530] {processor.py:839} INFO - DAG(s) dict_keys(['webpage_dag']) retrieved from /home/harika/airflow/dags/word_count_url.py
[2023-10-20T16:16:33.548+0530] {logging_mixin.py:151} INFO - [2023-10-20T16:16:33.548+0530] {dag.py:2915} INFO - Sync 1 DAGs
[2023-10-20T16:16:33.562+0530] {logging_mixin.py:151} INFO - [2023-10-20T16:16:33.562+0530] {dag.py:3696} INFO - Setting next_dagrun for webpage_dag to 2023-10-20T00:00:00+00:00, run_after=2023-10-21T00:00:00+00:00
[2023-10-20T16:16:33.575+0530] {processor.py:179} INFO - Processing /home/harika/airflow/dags/word_count_url.py took 0.108 seconds
[2023-10-20T16:17:23.915+0530] {processor.py:157} INFO - Started process (PID=44692) to work on /home/harika/airflow/dags/word_count_url.py
[2023-10-20T16:17:23.922+0530] {processor.py:829} INFO - Processing file /home/harika/airflow/dags/word_count_url.py for tasks to queue
[2023-10-20T16:17:23.922+0530] {logging_mixin.py:151} INFO - [2023-10-20T16:17:23.922+0530] {dagbag.py:539} INFO - Filling up the DagBag from /home/harika/airflow/dags/word_count_url.py
[2023-10-20T16:17:23.981+0530] {processor.py:839} INFO - DAG(s) dict_keys(['webpage_dag']) retrieved from /home/harika/airflow/dags/word_count_url.py
[2023-10-20T16:17:23.993+0530] {logging_mixin.py:151} INFO - [2023-10-20T16:17:23.992+0530] {dag.py:2915} INFO - Sync 1 DAGs
[2023-10-20T16:17:24.006+0530] {logging_mixin.py:151} INFO - [2023-10-20T16:17:24.006+0530] {dag.py:3696} INFO - Setting next_dagrun for webpage_dag to 2023-10-20T00:00:00+00:00, run_after=2023-10-21T00:00:00+00:00
[2023-10-20T16:17:24.019+0530] {processor.py:179} INFO - Processing /home/harika/airflow/dags/word_count_url.py took 0.106 seconds
[2023-10-20T16:18:13.534+0530] {processor.py:157} INFO - Started process (PID=44764) to work on /home/harika/airflow/dags/word_count_url.py
[2023-10-20T16:18:13.541+0530] {processor.py:829} INFO - Processing file /home/harika/airflow/dags/word_count_url.py for tasks to queue
[2023-10-20T16:18:13.544+0530] {logging_mixin.py:151} INFO - [2023-10-20T16:18:13.543+0530] {dagbag.py:539} INFO - Filling up the DagBag from /home/harika/airflow/dags/word_count_url.py
[2023-10-20T16:18:13.629+0530] {processor.py:839} INFO - DAG(s) dict_keys(['webpage_dag']) retrieved from /home/harika/airflow/dags/word_count_url.py
[2023-10-20T16:18:13.640+0530] {logging_mixin.py:151} INFO - [2023-10-20T16:18:13.639+0530] {dag.py:2915} INFO - Sync 1 DAGs
[2023-10-20T16:18:13.653+0530] {logging_mixin.py:151} INFO - [2023-10-20T16:18:13.652+0530] {dag.py:3696} INFO - Setting next_dagrun for webpage_dag to 2023-10-20T00:00:00+00:00, run_after=2023-10-21T00:00:00+00:00
[2023-10-20T16:18:13.671+0530] {processor.py:179} INFO - Processing /home/harika/airflow/dags/word_count_url.py took 0.139 seconds
[2023-10-20T16:19:07.949+0530] {processor.py:157} INFO - Started process (PID=44839) to work on /home/harika/airflow/dags/word_count_url.py
[2023-10-20T16:19:07.956+0530] {processor.py:829} INFO - Processing file /home/harika/airflow/dags/word_count_url.py for tasks to queue
[2023-10-20T16:19:07.956+0530] {logging_mixin.py:151} INFO - [2023-10-20T16:19:07.956+0530] {dagbag.py:539} INFO - Filling up the DagBag from /home/harika/airflow/dags/word_count_url.py
[2023-10-20T16:19:08.013+0530] {processor.py:839} INFO - DAG(s) dict_keys(['webpage_dag']) retrieved from /home/harika/airflow/dags/word_count_url.py
[2023-10-20T16:19:08.023+0530] {logging_mixin.py:151} INFO - [2023-10-20T16:19:08.023+0530] {dag.py:2915} INFO - Sync 1 DAGs
[2023-10-20T16:19:08.036+0530] {logging_mixin.py:151} INFO - [2023-10-20T16:19:08.036+0530] {dag.py:3696} INFO - Setting next_dagrun for webpage_dag to 2023-10-20T00:00:00+00:00, run_after=2023-10-21T00:00:00+00:00
[2023-10-20T16:19:08.049+0530] {processor.py:179} INFO - Processing /home/harika/airflow/dags/word_count_url.py took 0.103 seconds
[2023-10-20T16:19:59.972+0530] {processor.py:157} INFO - Started process (PID=44911) to work on /home/harika/airflow/dags/word_count_url.py
[2023-10-20T16:19:59.979+0530] {processor.py:829} INFO - Processing file /home/harika/airflow/dags/word_count_url.py for tasks to queue
[2023-10-20T16:19:59.980+0530] {logging_mixin.py:151} INFO - [2023-10-20T16:19:59.980+0530] {dagbag.py:539} INFO - Filling up the DagBag from /home/harika/airflow/dags/word_count_url.py
[2023-10-20T16:20:00.037+0530] {processor.py:839} INFO - DAG(s) dict_keys(['webpage_dag']) retrieved from /home/harika/airflow/dags/word_count_url.py
[2023-10-20T16:20:00.047+0530] {logging_mixin.py:151} INFO - [2023-10-20T16:20:00.047+0530] {dag.py:2915} INFO - Sync 1 DAGs
[2023-10-20T16:20:00.060+0530] {logging_mixin.py:151} INFO - [2023-10-20T16:20:00.060+0530] {dag.py:3696} INFO - Setting next_dagrun for webpage_dag to 2023-10-20T00:00:00+00:00, run_after=2023-10-21T00:00:00+00:00
[2023-10-20T16:20:00.073+0530] {processor.py:179} INFO - Processing /home/harika/airflow/dags/word_count_url.py took 0.102 seconds
[2023-10-20T16:20:52.918+0530] {processor.py:157} INFO - Started process (PID=44994) to work on /home/harika/airflow/dags/word_count_url.py
[2023-10-20T16:20:52.924+0530] {processor.py:829} INFO - Processing file /home/harika/airflow/dags/word_count_url.py for tasks to queue
[2023-10-20T16:20:52.925+0530] {logging_mixin.py:151} INFO - [2023-10-20T16:20:52.924+0530] {dagbag.py:539} INFO - Filling up the DagBag from /home/harika/airflow/dags/word_count_url.py
[2023-10-20T16:20:52.980+0530] {processor.py:839} INFO - DAG(s) dict_keys(['webpage_dag']) retrieved from /home/harika/airflow/dags/word_count_url.py
[2023-10-20T16:20:52.990+0530] {logging_mixin.py:151} INFO - [2023-10-20T16:20:52.990+0530] {dag.py:2915} INFO - Sync 1 DAGs
[2023-10-20T16:20:53.003+0530] {logging_mixin.py:151} INFO - [2023-10-20T16:20:53.003+0530] {dag.py:3696} INFO - Setting next_dagrun for webpage_dag to 2023-10-20T00:00:00+00:00, run_after=2023-10-21T00:00:00+00:00
[2023-10-20T16:20:53.015+0530] {processor.py:179} INFO - Processing /home/harika/airflow/dags/word_count_url.py took 0.100 seconds
[2023-10-20T16:21:44.705+0530] {processor.py:157} INFO - Started process (PID=45071) to work on /home/harika/airflow/dags/word_count_url.py
[2023-10-20T16:21:44.705+0530] {processor.py:829} INFO - Processing file /home/harika/airflow/dags/word_count_url.py for tasks to queue
[2023-10-20T16:21:44.706+0530] {logging_mixin.py:151} INFO - [2023-10-20T16:21:44.706+0530] {dagbag.py:539} INFO - Filling up the DagBag from /home/harika/airflow/dags/word_count_url.py
[2023-10-20T16:21:44.768+0530] {processor.py:839} INFO - DAG(s) dict_keys(['webpage_dag']) retrieved from /home/harika/airflow/dags/word_count_url.py
[2023-10-20T16:21:44.778+0530] {logging_mixin.py:151} INFO - [2023-10-20T16:21:44.778+0530] {dag.py:2915} INFO - Sync 1 DAGs
[2023-10-20T16:21:44.791+0530] {logging_mixin.py:151} INFO - [2023-10-20T16:21:44.791+0530] {dag.py:3696} INFO - Setting next_dagrun for webpage_dag to 2023-10-20T00:00:00+00:00, run_after=2023-10-21T00:00:00+00:00
[2023-10-20T16:21:44.803+0530] {processor.py:179} INFO - Processing /home/harika/airflow/dags/word_count_url.py took 0.100 seconds
[2023-10-20T16:22:37.845+0530] {processor.py:157} INFO - Started process (PID=45141) to work on /home/harika/airflow/dags/word_count_url.py
[2023-10-20T16:22:37.852+0530] {processor.py:829} INFO - Processing file /home/harika/airflow/dags/word_count_url.py for tasks to queue
[2023-10-20T16:22:37.855+0530] {logging_mixin.py:151} INFO - [2023-10-20T16:22:37.854+0530] {dagbag.py:539} INFO - Filling up the DagBag from /home/harika/airflow/dags/word_count_url.py
[2023-10-20T16:22:37.944+0530] {processor.py:839} INFO - DAG(s) dict_keys(['webpage_dag']) retrieved from /home/harika/airflow/dags/word_count_url.py
[2023-10-20T16:22:37.955+0530] {logging_mixin.py:151} INFO - [2023-10-20T16:22:37.955+0530] {dag.py:2915} INFO - Sync 1 DAGs
[2023-10-20T16:22:37.968+0530] {logging_mixin.py:151} INFO - [2023-10-20T16:22:37.968+0530] {dag.py:3696} INFO - Setting next_dagrun for webpage_dag to 2023-10-20T00:00:00+00:00, run_after=2023-10-21T00:00:00+00:00
[2023-10-20T16:22:37.981+0530] {processor.py:179} INFO - Processing /home/harika/airflow/dags/word_count_url.py took 0.138 seconds
[2023-10-20T16:23:30.502+0530] {processor.py:157} INFO - Started process (PID=45215) to work on /home/harika/airflow/dags/word_count_url.py
[2023-10-20T16:23:30.509+0530] {processor.py:829} INFO - Processing file /home/harika/airflow/dags/word_count_url.py for tasks to queue
[2023-10-20T16:23:30.511+0530] {logging_mixin.py:151} INFO - [2023-10-20T16:23:30.510+0530] {dagbag.py:539} INFO - Filling up the DagBag from /home/harika/airflow/dags/word_count_url.py
[2023-10-20T16:23:30.603+0530] {processor.py:839} INFO - DAG(s) dict_keys(['webpage_dag']) retrieved from /home/harika/airflow/dags/word_count_url.py
[2023-10-20T16:23:30.613+0530] {logging_mixin.py:151} INFO - [2023-10-20T16:23:30.613+0530] {dag.py:2915} INFO - Sync 1 DAGs
[2023-10-20T16:23:30.626+0530] {logging_mixin.py:151} INFO - [2023-10-20T16:23:30.625+0530] {dag.py:3696} INFO - Setting next_dagrun for webpage_dag to 2023-10-20T00:00:00+00:00, run_after=2023-10-21T00:00:00+00:00
[2023-10-20T16:23:30.643+0530] {processor.py:179} INFO - Processing /home/harika/airflow/dags/word_count_url.py took 0.144 seconds
[2023-10-20T16:24:21.372+0530] {processor.py:157} INFO - Started process (PID=45284) to work on /home/harika/airflow/dags/word_count_url.py
[2023-10-20T16:24:21.379+0530] {processor.py:829} INFO - Processing file /home/harika/airflow/dags/word_count_url.py for tasks to queue
[2023-10-20T16:24:21.381+0530] {logging_mixin.py:151} INFO - [2023-10-20T16:24:21.380+0530] {dagbag.py:539} INFO - Filling up the DagBag from /home/harika/airflow/dags/word_count_url.py
[2023-10-20T16:24:21.461+0530] {processor.py:839} INFO - DAG(s) dict_keys(['webpage_dag']) retrieved from /home/harika/airflow/dags/word_count_url.py
[2023-10-20T16:24:21.471+0530] {logging_mixin.py:151} INFO - [2023-10-20T16:24:21.471+0530] {dag.py:2915} INFO - Sync 1 DAGs
[2023-10-20T16:24:21.484+0530] {logging_mixin.py:151} INFO - [2023-10-20T16:24:21.484+0530] {dag.py:3696} INFO - Setting next_dagrun for webpage_dag to 2023-10-20T00:00:00+00:00, run_after=2023-10-21T00:00:00+00:00
[2023-10-20T16:24:21.508+0530] {processor.py:179} INFO - Processing /home/harika/airflow/dags/word_count_url.py took 0.144 seconds
[2023-10-20T16:25:11.369+0530] {processor.py:157} INFO - Started process (PID=45354) to work on /home/harika/airflow/dags/word_count_url.py
[2023-10-20T16:25:11.376+0530] {processor.py:829} INFO - Processing file /home/harika/airflow/dags/word_count_url.py for tasks to queue
[2023-10-20T16:25:11.378+0530] {logging_mixin.py:151} INFO - [2023-10-20T16:25:11.377+0530] {dagbag.py:539} INFO - Filling up the DagBag from /home/harika/airflow/dags/word_count_url.py
[2023-10-20T16:25:11.465+0530] {processor.py:839} INFO - DAG(s) dict_keys(['webpage_dag']) retrieved from /home/harika/airflow/dags/word_count_url.py
[2023-10-20T16:25:11.475+0530] {logging_mixin.py:151} INFO - [2023-10-20T16:25:11.475+0530] {dag.py:2915} INFO - Sync 1 DAGs
[2023-10-20T16:25:11.488+0530] {logging_mixin.py:151} INFO - [2023-10-20T16:25:11.488+0530] {dag.py:3696} INFO - Setting next_dagrun for webpage_dag to 2023-10-20T00:00:00+00:00, run_after=2023-10-21T00:00:00+00:00
[2023-10-20T16:25:11.500+0530] {processor.py:179} INFO - Processing /home/harika/airflow/dags/word_count_url.py took 0.134 seconds
[2023-10-20T16:26:07.430+0530] {processor.py:157} INFO - Started process (PID=45429) to work on /home/harika/airflow/dags/word_count_url.py
[2023-10-20T16:26:07.437+0530] {processor.py:829} INFO - Processing file /home/harika/airflow/dags/word_count_url.py for tasks to queue
[2023-10-20T16:26:07.439+0530] {logging_mixin.py:151} INFO - [2023-10-20T16:26:07.438+0530] {dagbag.py:539} INFO - Filling up the DagBag from /home/harika/airflow/dags/word_count_url.py
[2023-10-20T16:26:07.524+0530] {processor.py:839} INFO - DAG(s) dict_keys(['webpage_dag']) retrieved from /home/harika/airflow/dags/word_count_url.py
[2023-10-20T16:26:07.534+0530] {logging_mixin.py:151} INFO - [2023-10-20T16:26:07.534+0530] {dag.py:2915} INFO - Sync 1 DAGs
[2023-10-20T16:26:07.546+0530] {logging_mixin.py:151} INFO - [2023-10-20T16:26:07.546+0530] {dag.py:3696} INFO - Setting next_dagrun for webpage_dag to 2023-10-20T00:00:00+00:00, run_after=2023-10-21T00:00:00+00:00
[2023-10-20T16:26:07.569+0530] {processor.py:179} INFO - Processing /home/harika/airflow/dags/word_count_url.py took 0.142 seconds
[2023-10-20T16:26:58.851+0530] {processor.py:157} INFO - Started process (PID=45500) to work on /home/harika/airflow/dags/word_count_url.py
[2023-10-20T16:26:58.851+0530] {processor.py:829} INFO - Processing file /home/harika/airflow/dags/word_count_url.py for tasks to queue
[2023-10-20T16:26:58.852+0530] {logging_mixin.py:151} INFO - [2023-10-20T16:26:58.852+0530] {dagbag.py:539} INFO - Filling up the DagBag from /home/harika/airflow/dags/word_count_url.py
[2023-10-20T16:26:58.909+0530] {processor.py:839} INFO - DAG(s) dict_keys(['webpage_dag']) retrieved from /home/harika/airflow/dags/word_count_url.py
[2023-10-20T16:26:58.920+0530] {logging_mixin.py:151} INFO - [2023-10-20T16:26:58.920+0530] {dag.py:2915} INFO - Sync 1 DAGs
[2023-10-20T16:26:58.933+0530] {logging_mixin.py:151} INFO - [2023-10-20T16:26:58.933+0530] {dag.py:3696} INFO - Setting next_dagrun for webpage_dag to 2023-10-20T00:00:00+00:00, run_after=2023-10-21T00:00:00+00:00
[2023-10-20T16:26:58.946+0530] {processor.py:179} INFO - Processing /home/harika/airflow/dags/word_count_url.py took 0.097 seconds
[2023-10-20T16:27:45.821+0530] {processor.py:157} INFO - Started process (PID=45568) to work on /home/harika/airflow/dags/word_count_url.py
[2023-10-20T16:27:45.828+0530] {processor.py:829} INFO - Processing file /home/harika/airflow/dags/word_count_url.py for tasks to queue
[2023-10-20T16:27:45.830+0530] {logging_mixin.py:151} INFO - [2023-10-20T16:27:45.829+0530] {dagbag.py:539} INFO - Filling up the DagBag from /home/harika/airflow/dags/word_count_url.py
[2023-10-20T16:27:45.912+0530] {processor.py:839} INFO - DAG(s) dict_keys(['webpage_dag']) retrieved from /home/harika/airflow/dags/word_count_url.py
[2023-10-20T16:27:45.922+0530] {logging_mixin.py:151} INFO - [2023-10-20T16:27:45.922+0530] {dag.py:2915} INFO - Sync 1 DAGs
[2023-10-20T16:27:45.936+0530] {logging_mixin.py:151} INFO - [2023-10-20T16:27:45.936+0530] {dag.py:3696} INFO - Setting next_dagrun for webpage_dag to 2023-10-20T00:00:00+00:00, run_after=2023-10-21T00:00:00+00:00
[2023-10-20T16:27:45.960+0530] {processor.py:179} INFO - Processing /home/harika/airflow/dags/word_count_url.py took 0.141 seconds
[2023-10-20T16:28:38.758+0530] {processor.py:157} INFO - Started process (PID=45659) to work on /home/harika/airflow/dags/word_count_url.py
[2023-10-20T16:28:38.764+0530] {processor.py:829} INFO - Processing file /home/harika/airflow/dags/word_count_url.py for tasks to queue
[2023-10-20T16:28:38.765+0530] {logging_mixin.py:151} INFO - [2023-10-20T16:28:38.765+0530] {dagbag.py:539} INFO - Filling up the DagBag from /home/harika/airflow/dags/word_count_url.py
[2023-10-20T16:28:38.822+0530] {processor.py:839} INFO - DAG(s) dict_keys(['webpage_dag']) retrieved from /home/harika/airflow/dags/word_count_url.py
[2023-10-20T16:28:38.834+0530] {logging_mixin.py:151} INFO - [2023-10-20T16:28:38.834+0530] {dag.py:2915} INFO - Sync 1 DAGs
[2023-10-20T16:28:38.848+0530] {logging_mixin.py:151} INFO - [2023-10-20T16:28:38.848+0530] {dag.py:3696} INFO - Setting next_dagrun for webpage_dag to 2023-10-20T00:00:00+00:00, run_after=2023-10-21T00:00:00+00:00
[2023-10-20T16:28:38.861+0530] {processor.py:179} INFO - Processing /home/harika/airflow/dags/word_count_url.py took 0.105 seconds
[2023-10-20T16:29:32.697+0530] {processor.py:157} INFO - Started process (PID=45741) to work on /home/harika/airflow/dags/word_count_url.py
[2023-10-20T16:29:32.704+0530] {processor.py:829} INFO - Processing file /home/harika/airflow/dags/word_count_url.py for tasks to queue
[2023-10-20T16:29:32.706+0530] {logging_mixin.py:151} INFO - [2023-10-20T16:29:32.705+0530] {dagbag.py:539} INFO - Filling up the DagBag from /home/harika/airflow/dags/word_count_url.py
[2023-10-20T16:29:32.797+0530] {processor.py:839} INFO - DAG(s) dict_keys(['webpage_dag']) retrieved from /home/harika/airflow/dags/word_count_url.py
[2023-10-20T16:29:32.810+0530] {logging_mixin.py:151} INFO - [2023-10-20T16:29:32.810+0530] {dag.py:2915} INFO - Sync 1 DAGs
[2023-10-20T16:29:32.824+0530] {logging_mixin.py:151} INFO - [2023-10-20T16:29:32.824+0530] {dag.py:3696} INFO - Setting next_dagrun for webpage_dag to 2023-10-20T00:00:00+00:00, run_after=2023-10-21T00:00:00+00:00
[2023-10-20T16:29:32.851+0530] {processor.py:179} INFO - Processing /home/harika/airflow/dags/word_count_url.py took 0.157 seconds
[2023-10-20T16:30:27.491+0530] {processor.py:157} INFO - Started process (PID=45819) to work on /home/harika/airflow/dags/word_count_url.py
[2023-10-20T16:30:27.498+0530] {processor.py:829} INFO - Processing file /home/harika/airflow/dags/word_count_url.py for tasks to queue
[2023-10-20T16:30:27.500+0530] {logging_mixin.py:151} INFO - [2023-10-20T16:30:27.499+0530] {dagbag.py:539} INFO - Filling up the DagBag from /home/harika/airflow/dags/word_count_url.py
[2023-10-20T16:30:27.575+0530] {processor.py:839} INFO - DAG(s) dict_keys(['webpage_dag']) retrieved from /home/harika/airflow/dags/word_count_url.py
[2023-10-20T16:30:27.586+0530] {logging_mixin.py:151} INFO - [2023-10-20T16:30:27.586+0530] {dag.py:2915} INFO - Sync 1 DAGs
[2023-10-20T16:30:27.599+0530] {logging_mixin.py:151} INFO - [2023-10-20T16:30:27.599+0530] {dag.py:3696} INFO - Setting next_dagrun for webpage_dag to 2023-10-20T00:00:00+00:00, run_after=2023-10-21T00:00:00+00:00
[2023-10-20T16:30:27.624+0530] {processor.py:179} INFO - Processing /home/harika/airflow/dags/word_count_url.py took 0.138 seconds
[2023-10-20T16:31:21.100+0530] {processor.py:157} INFO - Started process (PID=45892) to work on /home/harika/airflow/dags/word_count_url.py
[2023-10-20T16:31:21.108+0530] {processor.py:829} INFO - Processing file /home/harika/airflow/dags/word_count_url.py for tasks to queue
[2023-10-20T16:31:21.110+0530] {logging_mixin.py:151} INFO - [2023-10-20T16:31:21.109+0530] {dagbag.py:539} INFO - Filling up the DagBag from /home/harika/airflow/dags/word_count_url.py
[2023-10-20T16:31:21.188+0530] {processor.py:839} INFO - DAG(s) dict_keys(['webpage_dag']) retrieved from /home/harika/airflow/dags/word_count_url.py
[2023-10-20T16:31:21.199+0530] {logging_mixin.py:151} INFO - [2023-10-20T16:31:21.199+0530] {dag.py:2915} INFO - Sync 1 DAGs
[2023-10-20T16:31:21.212+0530] {logging_mixin.py:151} INFO - [2023-10-20T16:31:21.212+0530] {dag.py:3696} INFO - Setting next_dagrun for webpage_dag to 2023-10-20T00:00:00+00:00, run_after=2023-10-21T00:00:00+00:00
[2023-10-20T16:31:21.237+0530] {processor.py:179} INFO - Processing /home/harika/airflow/dags/word_count_url.py took 0.144 seconds
[2023-10-20T16:32:13.737+0530] {processor.py:157} INFO - Started process (PID=45965) to work on /home/harika/airflow/dags/word_count_url.py
[2023-10-20T16:32:13.745+0530] {processor.py:829} INFO - Processing file /home/harika/airflow/dags/word_count_url.py for tasks to queue
[2023-10-20T16:32:13.747+0530] {logging_mixin.py:151} INFO - [2023-10-20T16:32:13.746+0530] {dagbag.py:539} INFO - Filling up the DagBag from /home/harika/airflow/dags/word_count_url.py
[2023-10-20T16:32:13.825+0530] {processor.py:839} INFO - DAG(s) dict_keys(['webpage_dag']) retrieved from /home/harika/airflow/dags/word_count_url.py
[2023-10-20T16:32:13.836+0530] {logging_mixin.py:151} INFO - [2023-10-20T16:32:13.836+0530] {dag.py:2915} INFO - Sync 1 DAGs
[2023-10-20T16:32:13.850+0530] {logging_mixin.py:151} INFO - [2023-10-20T16:32:13.850+0530] {dag.py:3696} INFO - Setting next_dagrun for webpage_dag to 2023-10-20T00:00:00+00:00, run_after=2023-10-21T00:00:00+00:00
[2023-10-20T16:32:13.874+0530] {processor.py:179} INFO - Processing /home/harika/airflow/dags/word_count_url.py took 0.144 seconds
[2023-10-20T16:33:06.255+0530] {processor.py:157} INFO - Started process (PID=46035) to work on /home/harika/airflow/dags/word_count_url.py
[2023-10-20T16:33:06.263+0530] {processor.py:829} INFO - Processing file /home/harika/airflow/dags/word_count_url.py for tasks to queue
[2023-10-20T16:33:06.265+0530] {logging_mixin.py:151} INFO - [2023-10-20T16:33:06.264+0530] {dagbag.py:539} INFO - Filling up the DagBag from /home/harika/airflow/dags/word_count_url.py
[2023-10-20T16:33:06.336+0530] {processor.py:839} INFO - DAG(s) dict_keys(['webpage_dag']) retrieved from /home/harika/airflow/dags/word_count_url.py
[2023-10-20T16:33:06.347+0530] {logging_mixin.py:151} INFO - [2023-10-20T16:33:06.347+0530] {dag.py:2915} INFO - Sync 1 DAGs
[2023-10-20T16:33:06.361+0530] {logging_mixin.py:151} INFO - [2023-10-20T16:33:06.360+0530] {dag.py:3696} INFO - Setting next_dagrun for webpage_dag to 2023-10-20T00:00:00+00:00, run_after=2023-10-21T00:00:00+00:00
[2023-10-20T16:33:06.386+0530] {processor.py:179} INFO - Processing /home/harika/airflow/dags/word_count_url.py took 0.143 seconds
[2023-10-20T16:33:58.117+0530] {processor.py:157} INFO - Started process (PID=46113) to work on /home/harika/airflow/dags/word_count_url.py
[2023-10-20T16:33:58.125+0530] {processor.py:829} INFO - Processing file /home/harika/airflow/dags/word_count_url.py for tasks to queue
[2023-10-20T16:33:58.127+0530] {logging_mixin.py:151} INFO - [2023-10-20T16:33:58.126+0530] {dagbag.py:539} INFO - Filling up the DagBag from /home/harika/airflow/dags/word_count_url.py
[2023-10-20T16:33:58.207+0530] {processor.py:839} INFO - DAG(s) dict_keys(['webpage_dag']) retrieved from /home/harika/airflow/dags/word_count_url.py
[2023-10-20T16:33:58.218+0530] {logging_mixin.py:151} INFO - [2023-10-20T16:33:58.218+0530] {dag.py:2915} INFO - Sync 1 DAGs
[2023-10-20T16:33:58.232+0530] {logging_mixin.py:151} INFO - [2023-10-20T16:33:58.232+0530] {dag.py:3696} INFO - Setting next_dagrun for webpage_dag to 2023-10-20T00:00:00+00:00, run_after=2023-10-21T00:00:00+00:00
[2023-10-20T16:33:58.250+0530] {processor.py:179} INFO - Processing /home/harika/airflow/dags/word_count_url.py took 0.140 seconds
[2023-10-20T16:34:50.137+0530] {processor.py:157} INFO - Started process (PID=46189) to work on /home/harika/airflow/dags/word_count_url.py
[2023-10-20T16:34:50.145+0530] {processor.py:829} INFO - Processing file /home/harika/airflow/dags/word_count_url.py for tasks to queue
[2023-10-20T16:34:50.147+0530] {logging_mixin.py:151} INFO - [2023-10-20T16:34:50.146+0530] {dagbag.py:539} INFO - Filling up the DagBag from /home/harika/airflow/dags/word_count_url.py
[2023-10-20T16:34:50.229+0530] {processor.py:839} INFO - DAG(s) dict_keys(['webpage_dag']) retrieved from /home/harika/airflow/dags/word_count_url.py
[2023-10-20T16:34:50.241+0530] {logging_mixin.py:151} INFO - [2023-10-20T16:34:50.241+0530] {dag.py:2915} INFO - Sync 1 DAGs
[2023-10-20T16:34:50.255+0530] {logging_mixin.py:151} INFO - [2023-10-20T16:34:50.254+0530] {dag.py:3696} INFO - Setting next_dagrun for webpage_dag to 2023-10-20T00:00:00+00:00, run_after=2023-10-21T00:00:00+00:00
[2023-10-20T16:34:50.278+0530] {processor.py:179} INFO - Processing /home/harika/airflow/dags/word_count_url.py took 0.148 seconds
[2023-10-20T16:35:42.398+0530] {processor.py:157} INFO - Started process (PID=46260) to work on /home/harika/airflow/dags/word_count_url.py
[2023-10-20T16:35:42.406+0530] {processor.py:829} INFO - Processing file /home/harika/airflow/dags/word_count_url.py for tasks to queue
[2023-10-20T16:35:42.408+0530] {logging_mixin.py:151} INFO - [2023-10-20T16:35:42.407+0530] {dagbag.py:539} INFO - Filling up the DagBag from /home/harika/airflow/dags/word_count_url.py
[2023-10-20T16:35:42.486+0530] {processor.py:839} INFO - DAG(s) dict_keys(['webpage_dag']) retrieved from /home/harika/airflow/dags/word_count_url.py
[2023-10-20T16:35:42.497+0530] {logging_mixin.py:151} INFO - [2023-10-20T16:35:42.496+0530] {dag.py:2915} INFO - Sync 1 DAGs
[2023-10-20T16:35:42.510+0530] {logging_mixin.py:151} INFO - [2023-10-20T16:35:42.510+0530] {dag.py:3696} INFO - Setting next_dagrun for webpage_dag to 2023-10-20T00:00:00+00:00, run_after=2023-10-21T00:00:00+00:00
[2023-10-20T16:35:42.534+0530] {processor.py:179} INFO - Processing /home/harika/airflow/dags/word_count_url.py took 0.142 seconds
[2023-10-20T16:36:34.942+0530] {processor.py:157} INFO - Started process (PID=46330) to work on /home/harika/airflow/dags/word_count_url.py
[2023-10-20T16:36:34.945+0530] {processor.py:829} INFO - Processing file /home/harika/airflow/dags/word_count_url.py for tasks to queue
[2023-10-20T16:36:34.946+0530] {logging_mixin.py:151} INFO - [2023-10-20T16:36:34.946+0530] {dagbag.py:539} INFO - Filling up the DagBag from /home/harika/airflow/dags/word_count_url.py
[2023-10-20T16:36:35.008+0530] {processor.py:839} INFO - DAG(s) dict_keys(['webpage_dag']) retrieved from /home/harika/airflow/dags/word_count_url.py
[2023-10-20T16:36:35.020+0530] {logging_mixin.py:151} INFO - [2023-10-20T16:36:35.020+0530] {dag.py:2915} INFO - Sync 1 DAGs
[2023-10-20T16:36:35.033+0530] {logging_mixin.py:151} INFO - [2023-10-20T16:36:35.033+0530] {dag.py:3696} INFO - Setting next_dagrun for webpage_dag to 2023-10-20T00:00:00+00:00, run_after=2023-10-21T00:00:00+00:00
[2023-10-20T16:36:35.046+0530] {processor.py:179} INFO - Processing /home/harika/airflow/dags/word_count_url.py took 0.107 seconds
[2023-10-20T16:37:31.684+0530] {processor.py:157} INFO - Started process (PID=46403) to work on /home/harika/airflow/dags/word_count_url.py
[2023-10-20T16:37:31.691+0530] {processor.py:829} INFO - Processing file /home/harika/airflow/dags/word_count_url.py for tasks to queue
[2023-10-20T16:37:31.693+0530] {logging_mixin.py:151} INFO - [2023-10-20T16:37:31.692+0530] {dagbag.py:539} INFO - Filling up the DagBag from /home/harika/airflow/dags/word_count_url.py
[2023-10-20T16:37:31.768+0530] {processor.py:839} INFO - DAG(s) dict_keys(['webpage_dag']) retrieved from /home/harika/airflow/dags/word_count_url.py
[2023-10-20T16:37:31.780+0530] {logging_mixin.py:151} INFO - [2023-10-20T16:37:31.779+0530] {dag.py:2915} INFO - Sync 1 DAGs
[2023-10-20T16:37:31.793+0530] {logging_mixin.py:151} INFO - [2023-10-20T16:37:31.793+0530] {dag.py:3696} INFO - Setting next_dagrun for webpage_dag to 2023-10-20T00:00:00+00:00, run_after=2023-10-21T00:00:00+00:00
[2023-10-20T16:37:31.806+0530] {processor.py:179} INFO - Processing /home/harika/airflow/dags/word_count_url.py took 0.127 seconds
[2023-10-20T16:38:25.060+0530] {processor.py:157} INFO - Started process (PID=46476) to work on /home/harika/airflow/dags/word_count_url.py
[2023-10-20T16:38:25.067+0530] {processor.py:829} INFO - Processing file /home/harika/airflow/dags/word_count_url.py for tasks to queue
[2023-10-20T16:38:25.070+0530] {logging_mixin.py:151} INFO - [2023-10-20T16:38:25.069+0530] {dagbag.py:539} INFO - Filling up the DagBag from /home/harika/airflow/dags/word_count_url.py
[2023-10-20T16:38:25.152+0530] {processor.py:839} INFO - DAG(s) dict_keys(['webpage_dag']) retrieved from /home/harika/airflow/dags/word_count_url.py
[2023-10-20T16:38:25.163+0530] {logging_mixin.py:151} INFO - [2023-10-20T16:38:25.163+0530] {dag.py:2915} INFO - Sync 1 DAGs
[2023-10-20T16:38:25.176+0530] {logging_mixin.py:151} INFO - [2023-10-20T16:38:25.176+0530] {dag.py:3696} INFO - Setting next_dagrun for webpage_dag to 2023-10-20T00:00:00+00:00, run_after=2023-10-21T00:00:00+00:00
[2023-10-20T16:38:25.199+0530] {processor.py:179} INFO - Processing /home/harika/airflow/dags/word_count_url.py took 0.142 seconds
[2023-10-20T16:39:18.362+0530] {processor.py:157} INFO - Started process (PID=46558) to work on /home/harika/airflow/dags/word_count_url.py
[2023-10-20T16:39:18.369+0530] {processor.py:829} INFO - Processing file /home/harika/airflow/dags/word_count_url.py for tasks to queue
[2023-10-20T16:39:18.371+0530] {logging_mixin.py:151} INFO - [2023-10-20T16:39:18.370+0530] {dagbag.py:539} INFO - Filling up the DagBag from /home/harika/airflow/dags/word_count_url.py
[2023-10-20T16:39:18.457+0530] {processor.py:839} INFO - DAG(s) dict_keys(['webpage_dag']) retrieved from /home/harika/airflow/dags/word_count_url.py
[2023-10-20T16:39:18.467+0530] {logging_mixin.py:151} INFO - [2023-10-20T16:39:18.467+0530] {dag.py:2915} INFO - Sync 1 DAGs
[2023-10-20T16:39:18.480+0530] {logging_mixin.py:151} INFO - [2023-10-20T16:39:18.480+0530] {dag.py:3696} INFO - Setting next_dagrun for webpage_dag to 2023-10-20T00:00:00+00:00, run_after=2023-10-21T00:00:00+00:00
[2023-10-20T16:39:18.498+0530] {processor.py:179} INFO - Processing /home/harika/airflow/dags/word_count_url.py took 0.138 seconds
[2023-10-20T16:40:10.940+0530] {processor.py:157} INFO - Started process (PID=46638) to work on /home/harika/airflow/dags/word_count_url.py
[2023-10-20T16:40:10.941+0530] {processor.py:829} INFO - Processing file /home/harika/airflow/dags/word_count_url.py for tasks to queue
[2023-10-20T16:40:10.941+0530] {logging_mixin.py:151} INFO - [2023-10-20T16:40:10.941+0530] {dagbag.py:539} INFO - Filling up the DagBag from /home/harika/airflow/dags/word_count_url.py
[2023-10-20T16:40:10.998+0530] {processor.py:839} INFO - DAG(s) dict_keys(['webpage_dag']) retrieved from /home/harika/airflow/dags/word_count_url.py
[2023-10-20T16:40:11.009+0530] {logging_mixin.py:151} INFO - [2023-10-20T16:40:11.008+0530] {dag.py:2915} INFO - Sync 1 DAGs
[2023-10-20T16:40:11.021+0530] {logging_mixin.py:151} INFO - [2023-10-20T16:40:11.021+0530] {dag.py:3696} INFO - Setting next_dagrun for webpage_dag to 2023-10-20T00:00:00+00:00, run_after=2023-10-21T00:00:00+00:00
[2023-10-20T16:40:11.034+0530] {processor.py:179} INFO - Processing /home/harika/airflow/dags/word_count_url.py took 0.096 seconds
[2023-10-20T16:41:03.668+0530] {processor.py:157} INFO - Started process (PID=46708) to work on /home/harika/airflow/dags/word_count_url.py
[2023-10-20T16:41:03.676+0530] {processor.py:829} INFO - Processing file /home/harika/airflow/dags/word_count_url.py for tasks to queue
[2023-10-20T16:41:03.678+0530] {logging_mixin.py:151} INFO - [2023-10-20T16:41:03.677+0530] {dagbag.py:539} INFO - Filling up the DagBag from /home/harika/airflow/dags/word_count_url.py
[2023-10-20T16:41:03.765+0530] {processor.py:839} INFO - DAG(s) dict_keys(['webpage_dag']) retrieved from /home/harika/airflow/dags/word_count_url.py
[2023-10-20T16:41:03.776+0530] {logging_mixin.py:151} INFO - [2023-10-20T16:41:03.775+0530] {dag.py:2915} INFO - Sync 1 DAGs
[2023-10-20T16:41:03.788+0530] {logging_mixin.py:151} INFO - [2023-10-20T16:41:03.788+0530] {dag.py:3696} INFO - Setting next_dagrun for webpage_dag to 2023-10-20T00:00:00+00:00, run_after=2023-10-21T00:00:00+00:00
[2023-10-20T16:41:03.812+0530] {processor.py:179} INFO - Processing /home/harika/airflow/dags/word_count_url.py took 0.145 seconds
[2023-10-20T16:41:52.986+0530] {processor.py:157} INFO - Started process (PID=46778) to work on /home/harika/airflow/dags/word_count_url.py
[2023-10-20T16:41:52.993+0530] {processor.py:829} INFO - Processing file /home/harika/airflow/dags/word_count_url.py for tasks to queue
[2023-10-20T16:41:52.995+0530] {logging_mixin.py:151} INFO - [2023-10-20T16:41:52.994+0530] {dagbag.py:539} INFO - Filling up the DagBag from /home/harika/airflow/dags/word_count_url.py
[2023-10-20T16:41:53.076+0530] {processor.py:839} INFO - DAG(s) dict_keys(['webpage_dag']) retrieved from /home/harika/airflow/dags/word_count_url.py
[2023-10-20T16:41:53.086+0530] {logging_mixin.py:151} INFO - [2023-10-20T16:41:53.086+0530] {dag.py:2915} INFO - Sync 1 DAGs
[2023-10-20T16:41:53.099+0530] {logging_mixin.py:151} INFO - [2023-10-20T16:41:53.099+0530] {dag.py:3696} INFO - Setting next_dagrun for webpage_dag to 2023-10-20T00:00:00+00:00, run_after=2023-10-21T00:00:00+00:00
[2023-10-20T16:41:53.117+0530] {processor.py:179} INFO - Processing /home/harika/airflow/dags/word_count_url.py took 0.133 seconds
[2023-10-20T16:42:40.313+0530] {processor.py:157} INFO - Started process (PID=46915) to work on /home/harika/airflow/dags/word_count_url.py
[2023-10-20T16:42:40.315+0530] {processor.py:829} INFO - Processing file /home/harika/airflow/dags/word_count_url.py for tasks to queue
[2023-10-20T16:42:40.317+0530] {logging_mixin.py:151} INFO - [2023-10-20T16:42:40.316+0530] {dagbag.py:539} INFO - Filling up the DagBag from /home/harika/airflow/dags/word_count_url.py
[2023-10-20T16:42:40.402+0530] {processor.py:839} INFO - DAG(s) dict_keys(['webpage_dag']) retrieved from /home/harika/airflow/dags/word_count_url.py
[2023-10-20T16:42:40.413+0530] {logging_mixin.py:151} INFO - [2023-10-20T16:42:40.413+0530] {dag.py:2915} INFO - Sync 1 DAGs
[2023-10-20T16:42:40.426+0530] {logging_mixin.py:151} INFO - [2023-10-20T16:42:40.426+0530] {dag.py:3696} INFO - Setting next_dagrun for webpage_dag to 2023-10-20T00:00:00+00:00, run_after=2023-10-21T00:00:00+00:00
[2023-10-20T16:42:40.452+0530] {processor.py:179} INFO - Processing /home/harika/airflow/dags/word_count_url.py took 0.145 seconds
[2023-10-20T16:43:31.372+0530] {processor.py:157} INFO - Started process (PID=47010) to work on /home/harika/airflow/dags/word_count_url.py
[2023-10-20T16:43:31.380+0530] {processor.py:829} INFO - Processing file /home/harika/airflow/dags/word_count_url.py for tasks to queue
[2023-10-20T16:43:31.381+0530] {logging_mixin.py:151} INFO - [2023-10-20T16:43:31.380+0530] {dagbag.py:539} INFO - Filling up the DagBag from /home/harika/airflow/dags/word_count_url.py
[2023-10-20T16:43:31.454+0530] {processor.py:839} INFO - DAG(s) dict_keys(['webpage_dag']) retrieved from /home/harika/airflow/dags/word_count_url.py
[2023-10-20T16:43:31.466+0530] {logging_mixin.py:151} INFO - [2023-10-20T16:43:31.465+0530] {dag.py:2915} INFO - Sync 1 DAGs
[2023-10-20T16:43:31.479+0530] {logging_mixin.py:151} INFO - [2023-10-20T16:43:31.479+0530] {dag.py:3696} INFO - Setting next_dagrun for webpage_dag to 2023-10-20T00:00:00+00:00, run_after=2023-10-21T00:00:00+00:00
[2023-10-20T16:43:31.505+0530] {processor.py:179} INFO - Processing /home/harika/airflow/dags/word_count_url.py took 0.138 seconds
[2023-10-20T16:44:24.375+0530] {processor.py:157} INFO - Started process (PID=47082) to work on /home/harika/airflow/dags/word_count_url.py
[2023-10-20T16:44:24.383+0530] {processor.py:829} INFO - Processing file /home/harika/airflow/dags/word_count_url.py for tasks to queue
[2023-10-20T16:44:24.385+0530] {logging_mixin.py:151} INFO - [2023-10-20T16:44:24.384+0530] {dagbag.py:539} INFO - Filling up the DagBag from /home/harika/airflow/dags/word_count_url.py
[2023-10-20T16:44:24.463+0530] {processor.py:839} INFO - DAG(s) dict_keys(['webpage_dag']) retrieved from /home/harika/airflow/dags/word_count_url.py
[2023-10-20T16:44:24.474+0530] {logging_mixin.py:151} INFO - [2023-10-20T16:44:24.474+0530] {dag.py:2915} INFO - Sync 1 DAGs
[2023-10-20T16:44:24.488+0530] {logging_mixin.py:151} INFO - [2023-10-20T16:44:24.488+0530] {dag.py:3696} INFO - Setting next_dagrun for webpage_dag to 2023-10-20T00:00:00+00:00, run_after=2023-10-21T00:00:00+00:00
[2023-10-20T16:44:24.508+0530] {processor.py:179} INFO - Processing /home/harika/airflow/dags/word_count_url.py took 0.140 seconds
[2023-10-20T16:45:18.513+0530] {processor.py:157} INFO - Started process (PID=47184) to work on /home/harika/airflow/dags/word_count_url.py
[2023-10-20T16:45:18.521+0530] {processor.py:829} INFO - Processing file /home/harika/airflow/dags/word_count_url.py for tasks to queue
[2023-10-20T16:45:18.523+0530] {logging_mixin.py:151} INFO - [2023-10-20T16:45:18.522+0530] {dagbag.py:539} INFO - Filling up the DagBag from /home/harika/airflow/dags/word_count_url.py
[2023-10-20T16:45:18.599+0530] {processor.py:839} INFO - DAG(s) dict_keys(['webpage_dag']) retrieved from /home/harika/airflow/dags/word_count_url.py
[2023-10-20T16:45:18.610+0530] {logging_mixin.py:151} INFO - [2023-10-20T16:45:18.610+0530] {dag.py:2915} INFO - Sync 1 DAGs
[2023-10-20T16:45:18.625+0530] {logging_mixin.py:151} INFO - [2023-10-20T16:45:18.625+0530] {dag.py:3696} INFO - Setting next_dagrun for webpage_dag to 2023-10-20T00:00:00+00:00, run_after=2023-10-21T00:00:00+00:00
[2023-10-20T16:45:18.649+0530] {processor.py:179} INFO - Processing /home/harika/airflow/dags/word_count_url.py took 0.141 seconds
[2023-10-20T16:46:11.434+0530] {processor.py:157} INFO - Started process (PID=47256) to work on /home/harika/airflow/dags/word_count_url.py
[2023-10-20T16:46:11.441+0530] {processor.py:829} INFO - Processing file /home/harika/airflow/dags/word_count_url.py for tasks to queue
[2023-10-20T16:46:11.441+0530] {logging_mixin.py:151} INFO - [2023-10-20T16:46:11.441+0530] {dagbag.py:539} INFO - Filling up the DagBag from /home/harika/airflow/dags/word_count_url.py
[2023-10-20T16:46:11.504+0530] {processor.py:839} INFO - DAG(s) dict_keys(['webpage_dag']) retrieved from /home/harika/airflow/dags/word_count_url.py
[2023-10-20T16:46:11.515+0530] {logging_mixin.py:151} INFO - [2023-10-20T16:46:11.515+0530] {dag.py:2915} INFO - Sync 1 DAGs
[2023-10-20T16:46:11.529+0530] {logging_mixin.py:151} INFO - [2023-10-20T16:46:11.529+0530] {dag.py:3696} INFO - Setting next_dagrun for webpage_dag to 2023-10-20T00:00:00+00:00, run_after=2023-10-21T00:00:00+00:00
[2023-10-20T16:46:11.543+0530] {processor.py:179} INFO - Processing /home/harika/airflow/dags/word_count_url.py took 0.113 seconds
[2023-10-20T16:47:03.136+0530] {processor.py:157} INFO - Started process (PID=47391) to work on /home/harika/airflow/dags/word_count_url.py
[2023-10-20T16:47:03.138+0530] {processor.py:829} INFO - Processing file /home/harika/airflow/dags/word_count_url.py for tasks to queue
[2023-10-20T16:47:03.140+0530] {logging_mixin.py:151} INFO - [2023-10-20T16:47:03.139+0530] {dagbag.py:539} INFO - Filling up the DagBag from /home/harika/airflow/dags/word_count_url.py
[2023-10-20T16:47:03.214+0530] {processor.py:839} INFO - DAG(s) dict_keys(['webpage_dag']) retrieved from /home/harika/airflow/dags/word_count_url.py
[2023-10-20T16:47:03.225+0530] {logging_mixin.py:151} INFO - [2023-10-20T16:47:03.225+0530] {dag.py:2915} INFO - Sync 1 DAGs
[2023-10-20T16:47:03.239+0530] {logging_mixin.py:151} INFO - [2023-10-20T16:47:03.239+0530] {dag.py:3696} INFO - Setting next_dagrun for webpage_dag to 2023-10-20T00:00:00+00:00, run_after=2023-10-21T00:00:00+00:00
[2023-10-20T16:47:03.264+0530] {processor.py:179} INFO - Processing /home/harika/airflow/dags/word_count_url.py took 0.136 seconds
[2023-10-20T16:47:56.576+0530] {processor.py:157} INFO - Started process (PID=47463) to work on /home/harika/airflow/dags/word_count_url.py
[2023-10-20T16:47:56.584+0530] {processor.py:829} INFO - Processing file /home/harika/airflow/dags/word_count_url.py for tasks to queue
[2023-10-20T16:47:56.586+0530] {logging_mixin.py:151} INFO - [2023-10-20T16:47:56.585+0530] {dagbag.py:539} INFO - Filling up the DagBag from /home/harika/airflow/dags/word_count_url.py
[2023-10-20T16:47:56.669+0530] {processor.py:839} INFO - DAG(s) dict_keys(['webpage_dag']) retrieved from /home/harika/airflow/dags/word_count_url.py
[2023-10-20T16:47:56.682+0530] {logging_mixin.py:151} INFO - [2023-10-20T16:47:56.681+0530] {dag.py:2915} INFO - Sync 1 DAGs
[2023-10-20T16:47:56.697+0530] {logging_mixin.py:151} INFO - [2023-10-20T16:47:56.697+0530] {dag.py:3696} INFO - Setting next_dagrun for webpage_dag to 2023-10-20T00:00:00+00:00, run_after=2023-10-21T00:00:00+00:00
[2023-10-20T16:47:56.715+0530] {processor.py:179} INFO - Processing /home/harika/airflow/dags/word_count_url.py took 0.147 seconds
[2023-10-20T16:48:50.034+0530] {processor.py:157} INFO - Started process (PID=47539) to work on /home/harika/airflow/dags/word_count_url.py
[2023-10-20T16:48:50.041+0530] {processor.py:829} INFO - Processing file /home/harika/airflow/dags/word_count_url.py for tasks to queue
[2023-10-20T16:48:50.042+0530] {logging_mixin.py:151} INFO - [2023-10-20T16:48:50.041+0530] {dagbag.py:539} INFO - Filling up the DagBag from /home/harika/airflow/dags/word_count_url.py
[2023-10-20T16:48:50.115+0530] {processor.py:839} INFO - DAG(s) dict_keys(['webpage_dag']) retrieved from /home/harika/airflow/dags/word_count_url.py
[2023-10-20T16:48:50.127+0530] {logging_mixin.py:151} INFO - [2023-10-20T16:48:50.127+0530] {dag.py:2915} INFO - Sync 1 DAGs
[2023-10-20T16:48:50.226+0530] {logging_mixin.py:151} INFO - [2023-10-20T16:48:50.226+0530] {dag.py:3696} INFO - Setting next_dagrun for webpage_dag to 2023-10-20T00:00:00+00:00, run_after=2023-10-21T00:00:00+00:00
[2023-10-20T16:48:50.248+0530] {processor.py:179} INFO - Processing /home/harika/airflow/dags/word_count_url.py took 0.218 seconds
[2023-10-20T16:49:46.149+0530] {processor.py:157} INFO - Started process (PID=47610) to work on /home/harika/airflow/dags/word_count_url.py
[2023-10-20T16:49:46.157+0530] {processor.py:829} INFO - Processing file /home/harika/airflow/dags/word_count_url.py for tasks to queue
[2023-10-20T16:49:46.159+0530] {logging_mixin.py:151} INFO - [2023-10-20T16:49:46.158+0530] {dagbag.py:539} INFO - Filling up the DagBag from /home/harika/airflow/dags/word_count_url.py
[2023-10-20T16:49:46.240+0530] {processor.py:839} INFO - DAG(s) dict_keys(['webpage_dag']) retrieved from /home/harika/airflow/dags/word_count_url.py
[2023-10-20T16:49:46.251+0530] {logging_mixin.py:151} INFO - [2023-10-20T16:49:46.251+0530] {dag.py:2915} INFO - Sync 1 DAGs
[2023-10-20T16:49:46.265+0530] {logging_mixin.py:151} INFO - [2023-10-20T16:49:46.265+0530] {dag.py:3696} INFO - Setting next_dagrun for webpage_dag to 2023-10-20T00:00:00+00:00, run_after=2023-10-21T00:00:00+00:00
[2023-10-20T16:49:46.292+0530] {processor.py:179} INFO - Processing /home/harika/airflow/dags/word_count_url.py took 0.150 seconds
[2023-10-20T16:50:40.190+0530] {processor.py:157} INFO - Started process (PID=47687) to work on /home/harika/airflow/dags/word_count_url.py
[2023-10-20T16:50:40.198+0530] {processor.py:829} INFO - Processing file /home/harika/airflow/dags/word_count_url.py for tasks to queue
[2023-10-20T16:50:40.200+0530] {logging_mixin.py:151} INFO - [2023-10-20T16:50:40.199+0530] {dagbag.py:539} INFO - Filling up the DagBag from /home/harika/airflow/dags/word_count_url.py
[2023-10-20T16:50:40.279+0530] {processor.py:839} INFO - DAG(s) dict_keys(['webpage_dag']) retrieved from /home/harika/airflow/dags/word_count_url.py
[2023-10-20T16:50:40.291+0530] {logging_mixin.py:151} INFO - [2023-10-20T16:50:40.291+0530] {dag.py:2915} INFO - Sync 1 DAGs
[2023-10-20T16:50:40.305+0530] {logging_mixin.py:151} INFO - [2023-10-20T16:50:40.305+0530] {dag.py:3696} INFO - Setting next_dagrun for webpage_dag to 2023-10-20T00:00:00+00:00, run_after=2023-10-21T00:00:00+00:00
[2023-10-20T16:50:40.333+0530] {processor.py:179} INFO - Processing /home/harika/airflow/dags/word_count_url.py took 0.150 seconds
[2023-10-20T16:51:33.859+0530] {processor.py:157} INFO - Started process (PID=47756) to work on /home/harika/airflow/dags/word_count_url.py
[2023-10-20T16:51:33.860+0530] {processor.py:829} INFO - Processing file /home/harika/airflow/dags/word_count_url.py for tasks to queue
[2023-10-20T16:51:33.861+0530] {logging_mixin.py:151} INFO - [2023-10-20T16:51:33.861+0530] {dagbag.py:539} INFO - Filling up the DagBag from /home/harika/airflow/dags/word_count_url.py
[2023-10-20T16:51:33.925+0530] {processor.py:839} INFO - DAG(s) dict_keys(['webpage_dag']) retrieved from /home/harika/airflow/dags/word_count_url.py
[2023-10-20T16:51:33.937+0530] {logging_mixin.py:151} INFO - [2023-10-20T16:51:33.936+0530] {dag.py:2915} INFO - Sync 1 DAGs
[2023-10-20T16:51:33.950+0530] {logging_mixin.py:151} INFO - [2023-10-20T16:51:33.950+0530] {dag.py:3696} INFO - Setting next_dagrun for webpage_dag to 2023-10-20T00:00:00+00:00, run_after=2023-10-21T00:00:00+00:00
[2023-10-20T16:51:33.963+0530] {processor.py:179} INFO - Processing /home/harika/airflow/dags/word_count_url.py took 0.106 seconds
[2023-10-20T16:52:25.781+0530] {processor.py:157} INFO - Started process (PID=47835) to work on /home/harika/airflow/dags/word_count_url.py
[2023-10-20T16:52:25.782+0530] {processor.py:829} INFO - Processing file /home/harika/airflow/dags/word_count_url.py for tasks to queue
[2023-10-20T16:52:25.782+0530] {logging_mixin.py:151} INFO - [2023-10-20T16:52:25.782+0530] {dagbag.py:539} INFO - Filling up the DagBag from /home/harika/airflow/dags/word_count_url.py
[2023-10-20T16:52:25.840+0530] {processor.py:839} INFO - DAG(s) dict_keys(['webpage_dag']) retrieved from /home/harika/airflow/dags/word_count_url.py
[2023-10-20T16:52:25.851+0530] {logging_mixin.py:151} INFO - [2023-10-20T16:52:25.850+0530] {dag.py:2915} INFO - Sync 1 DAGs
[2023-10-20T16:52:25.863+0530] {logging_mixin.py:151} INFO - [2023-10-20T16:52:25.863+0530] {dag.py:3696} INFO - Setting next_dagrun for webpage_dag to 2023-10-20T00:00:00+00:00, run_after=2023-10-21T00:00:00+00:00
[2023-10-20T16:52:25.876+0530] {processor.py:179} INFO - Processing /home/harika/airflow/dags/word_count_url.py took 0.098 seconds
[2023-10-20T16:53:20.993+0530] {processor.py:157} INFO - Started process (PID=47914) to work on /home/harika/airflow/dags/word_count_url.py
[2023-10-20T16:53:21.000+0530] {processor.py:829} INFO - Processing file /home/harika/airflow/dags/word_count_url.py for tasks to queue
[2023-10-20T16:53:21.001+0530] {logging_mixin.py:151} INFO - [2023-10-20T16:53:21.000+0530] {dagbag.py:539} INFO - Filling up the DagBag from /home/harika/airflow/dags/word_count_url.py
[2023-10-20T16:53:21.067+0530] {processor.py:839} INFO - DAG(s) dict_keys(['webpage_dag']) retrieved from /home/harika/airflow/dags/word_count_url.py
[2023-10-20T16:53:21.079+0530] {logging_mixin.py:151} INFO - [2023-10-20T16:53:21.079+0530] {dag.py:2915} INFO - Sync 1 DAGs
[2023-10-20T16:53:21.181+0530] {logging_mixin.py:151} INFO - [2023-10-20T16:53:21.181+0530] {dag.py:3696} INFO - Setting next_dagrun for webpage_dag to 2023-10-20T00:00:00+00:00, run_after=2023-10-21T00:00:00+00:00
[2023-10-20T16:53:21.203+0530] {processor.py:179} INFO - Processing /home/harika/airflow/dags/word_count_url.py took 0.214 seconds
[2023-10-20T16:54:14.078+0530] {processor.py:157} INFO - Started process (PID=47987) to work on /home/harika/airflow/dags/word_count_url.py
[2023-10-20T16:54:14.079+0530] {processor.py:829} INFO - Processing file /home/harika/airflow/dags/word_count_url.py for tasks to queue
[2023-10-20T16:54:14.080+0530] {logging_mixin.py:151} INFO - [2023-10-20T16:54:14.080+0530] {dagbag.py:539} INFO - Filling up the DagBag from /home/harika/airflow/dags/word_count_url.py
[2023-10-20T16:54:14.150+0530] {processor.py:839} INFO - DAG(s) dict_keys(['webpage_dag']) retrieved from /home/harika/airflow/dags/word_count_url.py
[2023-10-20T16:54:14.162+0530] {logging_mixin.py:151} INFO - [2023-10-20T16:54:14.161+0530] {dag.py:2915} INFO - Sync 1 DAGs
[2023-10-20T16:54:14.176+0530] {logging_mixin.py:151} INFO - [2023-10-20T16:54:14.175+0530] {dag.py:3696} INFO - Setting next_dagrun for webpage_dag to 2023-10-20T00:00:00+00:00, run_after=2023-10-21T00:00:00+00:00
[2023-10-20T16:54:14.191+0530] {processor.py:179} INFO - Processing /home/harika/airflow/dags/word_count_url.py took 0.116 seconds
[2023-10-20T16:55:07.078+0530] {processor.py:157} INFO - Started process (PID=48059) to work on /home/harika/airflow/dags/word_count_url.py
[2023-10-20T16:55:07.081+0530] {processor.py:829} INFO - Processing file /home/harika/airflow/dags/word_count_url.py for tasks to queue
[2023-10-20T16:55:07.083+0530] {logging_mixin.py:151} INFO - [2023-10-20T16:55:07.082+0530] {dagbag.py:539} INFO - Filling up the DagBag from /home/harika/airflow/dags/word_count_url.py
[2023-10-20T16:55:07.157+0530] {processor.py:839} INFO - DAG(s) dict_keys(['webpage_dag']) retrieved from /home/harika/airflow/dags/word_count_url.py
[2023-10-20T16:55:07.168+0530] {logging_mixin.py:151} INFO - [2023-10-20T16:55:07.168+0530] {dag.py:2915} INFO - Sync 1 DAGs
[2023-10-20T16:55:07.182+0530] {logging_mixin.py:151} INFO - [2023-10-20T16:55:07.182+0530] {dag.py:3696} INFO - Setting next_dagrun for webpage_dag to 2023-10-20T00:00:00+00:00, run_after=2023-10-21T00:00:00+00:00
[2023-10-20T16:55:07.208+0530] {processor.py:179} INFO - Processing /home/harika/airflow/dags/word_count_url.py took 0.136 seconds
[2023-10-20T16:56:00.442+0530] {processor.py:157} INFO - Started process (PID=48133) to work on /home/harika/airflow/dags/word_count_url.py
[2023-10-20T16:56:00.450+0530] {processor.py:829} INFO - Processing file /home/harika/airflow/dags/word_count_url.py for tasks to queue
[2023-10-20T16:56:00.452+0530] {logging_mixin.py:151} INFO - [2023-10-20T16:56:00.451+0530] {dagbag.py:539} INFO - Filling up the DagBag from /home/harika/airflow/dags/word_count_url.py
[2023-10-20T16:56:00.531+0530] {processor.py:839} INFO - DAG(s) dict_keys(['webpage_dag']) retrieved from /home/harika/airflow/dags/word_count_url.py
[2023-10-20T16:56:00.542+0530] {logging_mixin.py:151} INFO - [2023-10-20T16:56:00.542+0530] {dag.py:2915} INFO - Sync 1 DAGs
[2023-10-20T16:56:00.557+0530] {logging_mixin.py:151} INFO - [2023-10-20T16:56:00.557+0530] {dag.py:3696} INFO - Setting next_dagrun for webpage_dag to 2023-10-20T00:00:00+00:00, run_after=2023-10-21T00:00:00+00:00
[2023-10-20T16:56:00.664+0530] {processor.py:179} INFO - Processing /home/harika/airflow/dags/word_count_url.py took 0.229 seconds
[2023-10-20T16:56:57.411+0530] {processor.py:157} INFO - Started process (PID=48217) to work on /home/harika/airflow/dags/word_count_url.py
[2023-10-20T16:56:57.418+0530] {processor.py:829} INFO - Processing file /home/harika/airflow/dags/word_count_url.py for tasks to queue
[2023-10-20T16:56:57.420+0530] {logging_mixin.py:151} INFO - [2023-10-20T16:56:57.419+0530] {dagbag.py:539} INFO - Filling up the DagBag from /home/harika/airflow/dags/word_count_url.py
[2023-10-20T16:56:57.486+0530] {processor.py:839} INFO - DAG(s) dict_keys(['webpage_dag']) retrieved from /home/harika/airflow/dags/word_count_url.py
[2023-10-20T16:56:57.497+0530] {logging_mixin.py:151} INFO - [2023-10-20T16:56:57.497+0530] {dag.py:2915} INFO - Sync 1 DAGs
[2023-10-20T16:56:57.511+0530] {logging_mixin.py:151} INFO - [2023-10-20T16:56:57.511+0530] {dag.py:3696} INFO - Setting next_dagrun for webpage_dag to 2023-10-20T00:00:00+00:00, run_after=2023-10-21T00:00:00+00:00
[2023-10-20T16:56:57.524+0530] {processor.py:179} INFO - Processing /home/harika/airflow/dags/word_count_url.py took 0.116 seconds
[2023-10-20T16:57:52.160+0530] {processor.py:157} INFO - Started process (PID=48291) to work on /home/harika/airflow/dags/word_count_url.py
[2023-10-20T16:57:52.167+0530] {processor.py:829} INFO - Processing file /home/harika/airflow/dags/word_count_url.py for tasks to queue
[2023-10-20T16:57:52.168+0530] {logging_mixin.py:151} INFO - [2023-10-20T16:57:52.168+0530] {dagbag.py:539} INFO - Filling up the DagBag from /home/harika/airflow/dags/word_count_url.py
[2023-10-20T16:57:52.251+0530] {processor.py:839} INFO - DAG(s) dict_keys(['webpage_dag']) retrieved from /home/harika/airflow/dags/word_count_url.py
[2023-10-20T16:57:52.262+0530] {logging_mixin.py:151} INFO - [2023-10-20T16:57:52.262+0530] {dag.py:2915} INFO - Sync 1 DAGs
[2023-10-20T16:57:52.362+0530] {logging_mixin.py:151} INFO - [2023-10-20T16:57:52.362+0530] {dag.py:3696} INFO - Setting next_dagrun for webpage_dag to 2023-10-20T00:00:00+00:00, run_after=2023-10-21T00:00:00+00:00
[2023-10-20T16:57:52.384+0530] {processor.py:179} INFO - Processing /home/harika/airflow/dags/word_count_url.py took 0.228 seconds
[2023-10-20T16:58:49.037+0530] {processor.py:157} INFO - Started process (PID=48368) to work on /home/harika/airflow/dags/word_count_url.py
[2023-10-20T16:58:49.044+0530] {processor.py:829} INFO - Processing file /home/harika/airflow/dags/word_count_url.py for tasks to queue
[2023-10-20T16:58:49.044+0530] {logging_mixin.py:151} INFO - [2023-10-20T16:58:49.044+0530] {dagbag.py:539} INFO - Filling up the DagBag from /home/harika/airflow/dags/word_count_url.py
[2023-10-20T16:58:49.201+0530] {processor.py:839} INFO - DAG(s) dict_keys(['webpage_dag']) retrieved from /home/harika/airflow/dags/word_count_url.py
[2023-10-20T16:58:49.212+0530] {logging_mixin.py:151} INFO - [2023-10-20T16:58:49.212+0530] {dag.py:2915} INFO - Sync 1 DAGs
[2023-10-20T16:58:49.228+0530] {logging_mixin.py:151} INFO - [2023-10-20T16:58:49.228+0530] {dag.py:3696} INFO - Setting next_dagrun for webpage_dag to 2023-10-20T00:00:00+00:00, run_after=2023-10-21T00:00:00+00:00
[2023-10-20T16:58:49.249+0530] {processor.py:179} INFO - Processing /home/harika/airflow/dags/word_count_url.py took 0.216 seconds
[2023-10-20T16:59:46.859+0530] {processor.py:157} INFO - Started process (PID=48449) to work on /home/harika/airflow/dags/word_count_url.py
[2023-10-20T16:59:46.866+0530] {processor.py:829} INFO - Processing file /home/harika/airflow/dags/word_count_url.py for tasks to queue
[2023-10-20T16:59:46.868+0530] {logging_mixin.py:151} INFO - [2023-10-20T16:59:46.867+0530] {dagbag.py:539} INFO - Filling up the DagBag from /home/harika/airflow/dags/word_count_url.py
[2023-10-20T16:59:46.946+0530] {processor.py:839} INFO - DAG(s) dict_keys(['webpage_dag']) retrieved from /home/harika/airflow/dags/word_count_url.py
[2023-10-20T16:59:46.958+0530] {logging_mixin.py:151} INFO - [2023-10-20T16:59:46.958+0530] {dag.py:2915} INFO - Sync 1 DAGs
[2023-10-20T16:59:46.973+0530] {logging_mixin.py:151} INFO - [2023-10-20T16:59:46.973+0530] {dag.py:3696} INFO - Setting next_dagrun for webpage_dag to 2023-10-20T00:00:00+00:00, run_after=2023-10-21T00:00:00+00:00
[2023-10-20T16:59:46.991+0530] {processor.py:179} INFO - Processing /home/harika/airflow/dags/word_count_url.py took 0.138 seconds
[2023-10-20T17:00:43.160+0530] {processor.py:157} INFO - Started process (PID=48529) to work on /home/harika/airflow/dags/word_count_url.py
[2023-10-20T17:00:43.168+0530] {processor.py:829} INFO - Processing file /home/harika/airflow/dags/word_count_url.py for tasks to queue
[2023-10-20T17:00:43.170+0530] {logging_mixin.py:151} INFO - [2023-10-20T17:00:43.169+0530] {dagbag.py:539} INFO - Filling up the DagBag from /home/harika/airflow/dags/word_count_url.py
[2023-10-20T17:00:43.344+0530] {processor.py:839} INFO - DAG(s) dict_keys(['webpage_dag']) retrieved from /home/harika/airflow/dags/word_count_url.py
[2023-10-20T17:00:43.356+0530] {logging_mixin.py:151} INFO - [2023-10-20T17:00:43.356+0530] {dag.py:2915} INFO - Sync 1 DAGs
[2023-10-20T17:00:43.373+0530] {logging_mixin.py:151} INFO - [2023-10-20T17:00:43.372+0530] {dag.py:3696} INFO - Setting next_dagrun for webpage_dag to 2023-10-20T00:00:00+00:00, run_after=2023-10-21T00:00:00+00:00
[2023-10-20T17:00:43.399+0530] {processor.py:179} INFO - Processing /home/harika/airflow/dags/word_count_url.py took 0.246 seconds
[2023-10-20T17:01:35.185+0530] {processor.py:157} INFO - Started process (PID=48608) to work on /home/harika/airflow/dags/word_count_url.py
[2023-10-20T17:01:35.187+0530] {processor.py:829} INFO - Processing file /home/harika/airflow/dags/word_count_url.py for tasks to queue
[2023-10-20T17:01:35.189+0530] {logging_mixin.py:151} INFO - [2023-10-20T17:01:35.188+0530] {dagbag.py:539} INFO - Filling up the DagBag from /home/harika/airflow/dags/word_count_url.py
[2023-10-20T17:01:35.261+0530] {processor.py:839} INFO - DAG(s) dict_keys(['webpage_dag']) retrieved from /home/harika/airflow/dags/word_count_url.py
[2023-10-20T17:01:35.272+0530] {logging_mixin.py:151} INFO - [2023-10-20T17:01:35.272+0530] {dag.py:2915} INFO - Sync 1 DAGs
[2023-10-20T17:01:35.286+0530] {logging_mixin.py:151} INFO - [2023-10-20T17:01:35.286+0530] {dag.py:3696} INFO - Setting next_dagrun for webpage_dag to 2023-10-20T00:00:00+00:00, run_after=2023-10-21T00:00:00+00:00
[2023-10-20T17:01:35.305+0530] {processor.py:179} INFO - Processing /home/harika/airflow/dags/word_count_url.py took 0.128 seconds
[2023-10-20T17:02:27.938+0530] {processor.py:157} INFO - Started process (PID=48689) to work on /home/harika/airflow/dags/word_count_url.py
[2023-10-20T17:02:27.946+0530] {processor.py:829} INFO - Processing file /home/harika/airflow/dags/word_count_url.py for tasks to queue
[2023-10-20T17:02:27.948+0530] {logging_mixin.py:151} INFO - [2023-10-20T17:02:27.947+0530] {dagbag.py:539} INFO - Filling up the DagBag from /home/harika/airflow/dags/word_count_url.py
[2023-10-20T17:02:28.024+0530] {processor.py:839} INFO - DAG(s) dict_keys(['webpage_dag']) retrieved from /home/harika/airflow/dags/word_count_url.py
[2023-10-20T17:02:28.036+0530] {logging_mixin.py:151} INFO - [2023-10-20T17:02:28.036+0530] {dag.py:2915} INFO - Sync 1 DAGs
[2023-10-20T17:02:28.143+0530] {logging_mixin.py:151} INFO - [2023-10-20T17:02:28.143+0530] {dag.py:3696} INFO - Setting next_dagrun for webpage_dag to 2023-10-20T00:00:00+00:00, run_after=2023-10-21T00:00:00+00:00
[2023-10-20T17:02:28.171+0530] {processor.py:179} INFO - Processing /home/harika/airflow/dags/word_count_url.py took 0.237 seconds
[2023-10-20T17:03:18.565+0530] {processor.py:157} INFO - Started process (PID=48777) to work on /home/harika/airflow/dags/word_count_url.py
[2023-10-20T17:03:18.573+0530] {processor.py:829} INFO - Processing file /home/harika/airflow/dags/word_count_url.py for tasks to queue
[2023-10-20T17:03:18.575+0530] {logging_mixin.py:151} INFO - [2023-10-20T17:03:18.574+0530] {dagbag.py:539} INFO - Filling up the DagBag from /home/harika/airflow/dags/word_count_url.py
[2023-10-20T17:03:18.743+0530] {processor.py:839} INFO - DAG(s) dict_keys(['webpage_dag']) retrieved from /home/harika/airflow/dags/word_count_url.py
[2023-10-20T17:03:18.754+0530] {logging_mixin.py:151} INFO - [2023-10-20T17:03:18.754+0530] {dag.py:2915} INFO - Sync 1 DAGs
[2023-10-20T17:03:18.769+0530] {logging_mixin.py:151} INFO - [2023-10-20T17:03:18.769+0530] {dag.py:3696} INFO - Setting next_dagrun for webpage_dag to 2023-10-20T00:00:00+00:00, run_after=2023-10-21T00:00:00+00:00
[2023-10-20T17:03:18.784+0530] {processor.py:179} INFO - Processing /home/harika/airflow/dags/word_count_url.py took 0.226 seconds
[2023-10-20T17:04:10.575+0530] {processor.py:157} INFO - Started process (PID=48860) to work on /home/harika/airflow/dags/word_count_url.py
[2023-10-20T17:04:10.583+0530] {processor.py:829} INFO - Processing file /home/harika/airflow/dags/word_count_url.py for tasks to queue
[2023-10-20T17:04:10.585+0530] {logging_mixin.py:151} INFO - [2023-10-20T17:04:10.584+0530] {dagbag.py:539} INFO - Filling up the DagBag from /home/harika/airflow/dags/word_count_url.py
[2023-10-20T17:04:10.660+0530] {processor.py:839} INFO - DAG(s) dict_keys(['webpage_dag']) retrieved from /home/harika/airflow/dags/word_count_url.py
[2023-10-20T17:04:10.671+0530] {logging_mixin.py:151} INFO - [2023-10-20T17:04:10.671+0530] {dag.py:2915} INFO - Sync 1 DAGs
[2023-10-20T17:04:10.685+0530] {logging_mixin.py:151} INFO - [2023-10-20T17:04:10.685+0530] {dag.py:3696} INFO - Setting next_dagrun for webpage_dag to 2023-10-20T00:00:00+00:00, run_after=2023-10-21T00:00:00+00:00
[2023-10-20T17:04:10.708+0530] {processor.py:179} INFO - Processing /home/harika/airflow/dags/word_count_url.py took 0.140 seconds
[2023-10-20T17:05:05.341+0530] {processor.py:157} INFO - Started process (PID=48941) to work on /home/harika/airflow/dags/word_count_url.py
[2023-10-20T17:05:05.348+0530] {processor.py:829} INFO - Processing file /home/harika/airflow/dags/word_count_url.py for tasks to queue
[2023-10-20T17:05:05.348+0530] {logging_mixin.py:151} INFO - [2023-10-20T17:05:05.348+0530] {dagbag.py:539} INFO - Filling up the DagBag from /home/harika/airflow/dags/word_count_url.py
[2023-10-20T17:05:05.511+0530] {processor.py:839} INFO - DAG(s) dict_keys(['webpage_dag']) retrieved from /home/harika/airflow/dags/word_count_url.py
[2023-10-20T17:05:05.523+0530] {logging_mixin.py:151} INFO - [2023-10-20T17:05:05.523+0530] {dag.py:2915} INFO - Sync 1 DAGs
[2023-10-20T17:05:05.540+0530] {logging_mixin.py:151} INFO - [2023-10-20T17:05:05.540+0530] {dag.py:3696} INFO - Setting next_dagrun for webpage_dag to 2023-10-20T00:00:00+00:00, run_after=2023-10-21T00:00:00+00:00
[2023-10-20T17:05:05.569+0530] {processor.py:179} INFO - Processing /home/harika/airflow/dags/word_count_url.py took 0.230 seconds
[2023-10-20T17:06:00.154+0530] {processor.py:157} INFO - Started process (PID=49025) to work on /home/harika/airflow/dags/word_count_url.py
[2023-10-20T17:06:00.155+0530] {processor.py:829} INFO - Processing file /home/harika/airflow/dags/word_count_url.py for tasks to queue
[2023-10-20T17:06:00.155+0530] {logging_mixin.py:151} INFO - [2023-10-20T17:06:00.155+0530] {dagbag.py:539} INFO - Filling up the DagBag from /home/harika/airflow/dags/word_count_url.py
[2023-10-20T17:06:00.345+0530] {processor.py:839} INFO - DAG(s) dict_keys(['webpage_dag']) retrieved from /home/harika/airflow/dags/word_count_url.py
[2023-10-20T17:06:00.356+0530] {logging_mixin.py:151} INFO - [2023-10-20T17:06:00.356+0530] {dag.py:2915} INFO - Sync 1 DAGs
[2023-10-20T17:06:00.372+0530] {logging_mixin.py:151} INFO - [2023-10-20T17:06:00.372+0530] {dag.py:3696} INFO - Setting next_dagrun for webpage_dag to 2023-10-20T00:00:00+00:00, run_after=2023-10-21T00:00:00+00:00
[2023-10-20T17:06:00.399+0530] {processor.py:179} INFO - Processing /home/harika/airflow/dags/word_count_url.py took 0.248 seconds
[2023-10-20T17:06:58.256+0530] {processor.py:157} INFO - Started process (PID=49115) to work on /home/harika/airflow/dags/word_count_url.py
[2023-10-20T17:06:58.264+0530] {processor.py:829} INFO - Processing file /home/harika/airflow/dags/word_count_url.py for tasks to queue
[2023-10-20T17:06:58.267+0530] {logging_mixin.py:151} INFO - [2023-10-20T17:06:58.266+0530] {dagbag.py:539} INFO - Filling up the DagBag from /home/harika/airflow/dags/word_count_url.py
[2023-10-20T17:06:58.346+0530] {processor.py:839} INFO - DAG(s) dict_keys(['webpage_dag']) retrieved from /home/harika/airflow/dags/word_count_url.py
[2023-10-20T17:06:58.447+0530] {logging_mixin.py:151} INFO - [2023-10-20T17:06:58.447+0530] {dag.py:2915} INFO - Sync 1 DAGs
[2023-10-20T17:06:58.465+0530] {logging_mixin.py:151} INFO - [2023-10-20T17:06:58.465+0530] {dag.py:3696} INFO - Setting next_dagrun for webpage_dag to 2023-10-20T00:00:00+00:00, run_after=2023-10-21T00:00:00+00:00
[2023-10-20T17:06:58.491+0530] {processor.py:179} INFO - Processing /home/harika/airflow/dags/word_count_url.py took 0.242 seconds
[2023-10-20T17:07:54.974+0530] {processor.py:157} INFO - Started process (PID=49195) to work on /home/harika/airflow/dags/word_count_url.py
[2023-10-20T17:07:54.981+0530] {processor.py:829} INFO - Processing file /home/harika/airflow/dags/word_count_url.py for tasks to queue
[2023-10-20T17:07:54.981+0530] {logging_mixin.py:151} INFO - [2023-10-20T17:07:54.981+0530] {dagbag.py:539} INFO - Filling up the DagBag from /home/harika/airflow/dags/word_count_url.py
[2023-10-20T17:07:55.134+0530] {processor.py:839} INFO - DAG(s) dict_keys(['webpage_dag']) retrieved from /home/harika/airflow/dags/word_count_url.py
[2023-10-20T17:07:55.146+0530] {logging_mixin.py:151} INFO - [2023-10-20T17:07:55.145+0530] {dag.py:2915} INFO - Sync 1 DAGs
[2023-10-20T17:07:55.161+0530] {logging_mixin.py:151} INFO - [2023-10-20T17:07:55.161+0530] {dag.py:3696} INFO - Setting next_dagrun for webpage_dag to 2023-10-20T00:00:00+00:00, run_after=2023-10-21T00:00:00+00:00
[2023-10-20T17:07:55.187+0530] {processor.py:179} INFO - Processing /home/harika/airflow/dags/word_count_url.py took 0.216 seconds
[2023-10-20T17:08:53.179+0530] {processor.py:157} INFO - Started process (PID=49281) to work on /home/harika/airflow/dags/word_count_url.py
[2023-10-20T17:08:53.187+0530] {processor.py:829} INFO - Processing file /home/harika/airflow/dags/word_count_url.py for tasks to queue
[2023-10-20T17:08:53.190+0530] {logging_mixin.py:151} INFO - [2023-10-20T17:08:53.189+0530] {dagbag.py:539} INFO - Filling up the DagBag from /home/harika/airflow/dags/word_count_url.py
[2023-10-20T17:08:53.365+0530] {processor.py:839} INFO - DAG(s) dict_keys(['webpage_dag']) retrieved from /home/harika/airflow/dags/word_count_url.py
[2023-10-20T17:08:53.378+0530] {logging_mixin.py:151} INFO - [2023-10-20T17:08:53.378+0530] {dag.py:2915} INFO - Sync 1 DAGs
[2023-10-20T17:08:53.395+0530] {logging_mixin.py:151} INFO - [2023-10-20T17:08:53.395+0530] {dag.py:3696} INFO - Setting next_dagrun for webpage_dag to 2023-10-20T00:00:00+00:00, run_after=2023-10-21T00:00:00+00:00
[2023-10-20T17:08:53.416+0530] {processor.py:179} INFO - Processing /home/harika/airflow/dags/word_count_url.py took 0.241 seconds
[2023-10-20T17:09:48.106+0530] {processor.py:157} INFO - Started process (PID=49366) to work on /home/harika/airflow/dags/word_count_url.py
[2023-10-20T17:09:48.113+0530] {processor.py:829} INFO - Processing file /home/harika/airflow/dags/word_count_url.py for tasks to queue
[2023-10-20T17:09:48.115+0530] {logging_mixin.py:151} INFO - [2023-10-20T17:09:48.114+0530] {dagbag.py:539} INFO - Filling up the DagBag from /home/harika/airflow/dags/word_count_url.py
[2023-10-20T17:09:48.280+0530] {processor.py:839} INFO - DAG(s) dict_keys(['webpage_dag']) retrieved from /home/harika/airflow/dags/word_count_url.py
[2023-10-20T17:09:48.292+0530] {logging_mixin.py:151} INFO - [2023-10-20T17:09:48.291+0530] {dag.py:2915} INFO - Sync 1 DAGs
[2023-10-20T17:09:48.310+0530] {logging_mixin.py:151} INFO - [2023-10-20T17:09:48.310+0530] {dag.py:3696} INFO - Setting next_dagrun for webpage_dag to 2023-10-20T00:00:00+00:00, run_after=2023-10-21T00:00:00+00:00
[2023-10-20T17:09:48.330+0530] {processor.py:179} INFO - Processing /home/harika/airflow/dags/word_count_url.py took 0.230 seconds
[2023-10-20T17:10:41.965+0530] {processor.py:157} INFO - Started process (PID=49451) to work on /home/harika/airflow/dags/word_count_url.py
[2023-10-20T17:10:41.972+0530] {processor.py:829} INFO - Processing file /home/harika/airflow/dags/word_count_url.py for tasks to queue
[2023-10-20T17:10:41.973+0530] {logging_mixin.py:151} INFO - [2023-10-20T17:10:41.973+0530] {dagbag.py:539} INFO - Filling up the DagBag from /home/harika/airflow/dags/word_count_url.py
[2023-10-20T17:10:42.140+0530] {processor.py:839} INFO - DAG(s) dict_keys(['webpage_dag']) retrieved from /home/harika/airflow/dags/word_count_url.py
[2023-10-20T17:10:42.153+0530] {logging_mixin.py:151} INFO - [2023-10-20T17:10:42.153+0530] {dag.py:2915} INFO - Sync 1 DAGs
[2023-10-20T17:10:42.170+0530] {logging_mixin.py:151} INFO - [2023-10-20T17:10:42.170+0530] {dag.py:3696} INFO - Setting next_dagrun for webpage_dag to 2023-10-20T00:00:00+00:00, run_after=2023-10-21T00:00:00+00:00
[2023-10-20T17:10:42.189+0530] {processor.py:179} INFO - Processing /home/harika/airflow/dags/word_count_url.py took 0.230 seconds
[2023-10-20T17:11:39.945+0530] {processor.py:157} INFO - Started process (PID=49537) to work on /home/harika/airflow/dags/word_count_url.py
[2023-10-20T17:11:39.952+0530] {processor.py:829} INFO - Processing file /home/harika/airflow/dags/word_count_url.py for tasks to queue
[2023-10-20T17:11:39.953+0530] {logging_mixin.py:151} INFO - [2023-10-20T17:11:39.953+0530] {dagbag.py:539} INFO - Filling up the DagBag from /home/harika/airflow/dags/word_count_url.py
[2023-10-20T17:11:40.112+0530] {processor.py:839} INFO - DAG(s) dict_keys(['webpage_dag']) retrieved from /home/harika/airflow/dags/word_count_url.py
[2023-10-20T17:11:40.124+0530] {logging_mixin.py:151} INFO - [2023-10-20T17:11:40.124+0530] {dag.py:2915} INFO - Sync 1 DAGs
[2023-10-20T17:11:40.140+0530] {logging_mixin.py:151} INFO - [2023-10-20T17:11:40.139+0530] {dag.py:3696} INFO - Setting next_dagrun for webpage_dag to 2023-10-20T00:00:00+00:00, run_after=2023-10-21T00:00:00+00:00
[2023-10-20T17:11:40.167+0530] {processor.py:179} INFO - Processing /home/harika/airflow/dags/word_count_url.py took 0.226 seconds
[2023-10-20T17:12:36.535+0530] {processor.py:157} INFO - Started process (PID=49618) to work on /home/harika/airflow/dags/word_count_url.py
[2023-10-20T17:12:36.543+0530] {processor.py:829} INFO - Processing file /home/harika/airflow/dags/word_count_url.py for tasks to queue
[2023-10-20T17:12:36.546+0530] {logging_mixin.py:151} INFO - [2023-10-20T17:12:36.545+0530] {dagbag.py:539} INFO - Filling up the DagBag from /home/harika/airflow/dags/word_count_url.py
[2023-10-20T17:12:36.715+0530] {processor.py:839} INFO - DAG(s) dict_keys(['webpage_dag']) retrieved from /home/harika/airflow/dags/word_count_url.py
[2023-10-20T17:12:36.726+0530] {logging_mixin.py:151} INFO - [2023-10-20T17:12:36.726+0530] {dag.py:2915} INFO - Sync 1 DAGs
[2023-10-20T17:12:36.742+0530] {logging_mixin.py:151} INFO - [2023-10-20T17:12:36.741+0530] {dag.py:3696} INFO - Setting next_dagrun for webpage_dag to 2023-10-20T00:00:00+00:00, run_after=2023-10-21T00:00:00+00:00
[2023-10-20T17:12:36.761+0530] {processor.py:179} INFO - Processing /home/harika/airflow/dags/word_count_url.py took 0.232 seconds
[2023-10-20T17:13:34.926+0530] {processor.py:157} INFO - Started process (PID=49728) to work on /home/harika/airflow/dags/word_count_url.py
[2023-10-20T17:13:34.933+0530] {processor.py:829} INFO - Processing file /home/harika/airflow/dags/word_count_url.py for tasks to queue
[2023-10-20T17:13:34.936+0530] {logging_mixin.py:151} INFO - [2023-10-20T17:13:34.935+0530] {dagbag.py:539} INFO - Filling up the DagBag from /home/harika/airflow/dags/word_count_url.py
[2023-10-20T17:13:35.104+0530] {processor.py:839} INFO - DAG(s) dict_keys(['webpage_dag']) retrieved from /home/harika/airflow/dags/word_count_url.py
[2023-10-20T17:13:35.116+0530] {logging_mixin.py:151} INFO - [2023-10-20T17:13:35.116+0530] {dag.py:2915} INFO - Sync 1 DAGs
[2023-10-20T17:13:35.131+0530] {logging_mixin.py:151} INFO - [2023-10-20T17:13:35.131+0530] {dag.py:3696} INFO - Setting next_dagrun for webpage_dag to 2023-10-20T00:00:00+00:00, run_after=2023-10-21T00:00:00+00:00
[2023-10-20T17:13:35.145+0530] {processor.py:179} INFO - Processing /home/harika/airflow/dags/word_count_url.py took 0.227 seconds
