[2023-11-08T10:46:35.421+0530] {taskinstance.py:1157} INFO - Dependencies all met for dep_context=non-requeueable deps ti=<TaskInstance: example_sensors.fire_immediately_async manual__2023-11-08T05:15:23.865348+00:00 [queued]>
[2023-11-08T10:46:35.426+0530] {taskinstance.py:1157} INFO - Dependencies all met for dep_context=requeueable deps ti=<TaskInstance: example_sensors.fire_immediately_async manual__2023-11-08T05:15:23.865348+00:00 [queued]>
[2023-11-08T10:46:35.426+0530] {taskinstance.py:1359} INFO - Starting attempt 1 of 1
[2023-11-08T10:46:35.435+0530] {taskinstance.py:1380} INFO - Executing <Task(TimeSensorAsync): fire_immediately_async> on 2023-11-08 05:15:23.865348+00:00
[2023-11-08T10:46:35.439+0530] {standard_task_runner.py:57} INFO - Started process 98935 to run task
[2023-11-08T10:46:35.441+0530] {standard_task_runner.py:84} INFO - Running: ['airflow', 'tasks', 'run', 'example_sensors', 'fire_immediately_async', 'manual__2023-11-08T05:15:23.865348+00:00', '--job-id', '4421', '--raw', '--subdir', 'DAGS_FOLDER/example_sensors.py', '--cfg-path', '/tmp/tmp2pnov2rj']
[2023-11-08T10:46:35.441+0530] {standard_task_runner.py:85} INFO - Job 4421: Subtask fire_immediately_async
[2023-11-08T10:46:35.462+0530] {task_command.py:415} INFO - Running <TaskInstance: example_sensors.fire_immediately_async manual__2023-11-08T05:15:23.865348+00:00 [running]> on host harika-Latitude-5511
[2023-11-08T10:46:35.506+0530] {taskinstance.py:1660} INFO - Exporting env vars: AIRFLOW_CTX_DAG_OWNER='airflow' AIRFLOW_CTX_DAG_ID='example_sensors' AIRFLOW_CTX_TASK_ID='fire_immediately_async' AIRFLOW_CTX_EXECUTION_DATE='2023-11-08T05:15:23.865348+00:00' AIRFLOW_CTX_TRY_NUMBER='1' AIRFLOW_CTX_DAG_RUN_ID='manual__2023-11-08T05:15:23.865348+00:00'
[2023-11-08T10:46:35.509+0530] {taskinstance.py:1524} INFO - Pausing task as DEFERRED. dag_id=example_sensors, task_id=fire_immediately_async, execution_date=20231108T051523, start_date=20231108T051635
[2023-11-08T10:46:35.532+0530] {local_task_job_runner.py:225} INFO - Task exited with return code 100 (task deferral)
[2023-11-08T10:49:55.518+0530] {taskinstance.py:1157} INFO - Dependencies all met for dep_context=non-requeueable deps ti=<TaskInstance: example_sensors.fire_immediately_async manual__2023-11-08T05:15:23.865348+00:00 [queued]>
[2023-11-08T10:49:55.522+0530] {taskinstance.py:1157} INFO - Dependencies all met for dep_context=requeueable deps ti=<TaskInstance: example_sensors.fire_immediately_async manual__2023-11-08T05:15:23.865348+00:00 [queued]>
[2023-11-08T10:49:55.522+0530] {taskinstance.py:1357} INFO - Resuming after deferral
[2023-11-08T10:49:55.530+0530] {taskinstance.py:1380} INFO - Executing <Task(TimeSensorAsync): fire_immediately_async> on 2023-11-08 05:15:23.865348+00:00
[2023-11-08T10:49:55.534+0530] {standard_task_runner.py:57} INFO - Started process 99373 to run task
[2023-11-08T10:49:55.535+0530] {standard_task_runner.py:84} INFO - Running: ['airflow', 'tasks', 'run', 'example_sensors', 'fire_immediately_async', 'manual__2023-11-08T05:15:23.865348+00:00', '--job-id', '4430', '--raw', '--subdir', 'DAGS_FOLDER/example_sensors.py', '--cfg-path', '/tmp/tmps_anq5_h']
[2023-11-08T10:49:55.536+0530] {standard_task_runner.py:85} INFO - Job 4430: Subtask fire_immediately_async
[2023-11-08T10:49:55.574+0530] {task_command.py:415} INFO - Running <TaskInstance: example_sensors.fire_immediately_async manual__2023-11-08T05:15:23.865348+00:00 [running]> on host harika-Latitude-5511
[2023-11-08T10:49:55.620+0530] {taskinstance.py:1398} INFO - Marking task as SUCCESS. dag_id=example_sensors, task_id=fire_immediately_async, execution_date=20231108T051523, start_date=20231108T051635, end_date=20231108T051955
[2023-11-08T10:49:55.667+0530] {local_task_job_runner.py:228} INFO - Task exited with return code 0
[2023-11-08T10:49:55.717+0530] {taskinstance.py:2776} INFO - 0 downstream tasks scheduled from follow-on schedule check
