[2023-10-31T14:28:31.467+0530] {taskinstance.py:1157} INFO - Dependencies all met for dep_context=non-requeueable deps ti=<TaskInstance: date_time_example.wait_until_new_year manual__2023-10-31T08:58:28.588828+00:00 [queued]>
[2023-10-31T14:28:31.473+0530] {taskinstance.py:1157} INFO - Dependencies all met for dep_context=requeueable deps ti=<TaskInstance: date_time_example.wait_until_new_year manual__2023-10-31T08:58:28.588828+00:00 [queued]>
[2023-10-31T14:28:31.473+0530] {taskinstance.py:1359} INFO - Starting attempt 1 of 1
[2023-10-31T14:28:31.483+0530] {taskinstance.py:1380} INFO - Executing <Task(DateTimeSensor): wait_until_new_year> on 2023-10-31 08:58:28.588828+00:00
[2023-10-31T14:28:31.486+0530] {standard_task_runner.py:57} INFO - Started process 890272 to run task
[2023-10-31T14:28:31.488+0530] {standard_task_runner.py:84} INFO - Running: ['airflow', 'tasks', 'run', 'date_time_example', 'wait_until_new_year', 'manual__2023-10-31T08:58:28.588828+00:00', '--job-id', '2090', '--raw', '--subdir', 'DAGS_FOLDER/dataTimeSensor.py', '--cfg-path', '/tmp/tmpqpdwqm1f']
[2023-10-31T14:28:31.489+0530] {standard_task_runner.py:85} INFO - Job 2090: Subtask wait_until_new_year
[2023-10-31T14:28:31.512+0530] {task_command.py:415} INFO - Running <TaskInstance: date_time_example.wait_until_new_year manual__2023-10-31T08:58:28.588828+00:00 [running]> on host harika-Latitude-5511
[2023-10-31T14:28:31.553+0530] {taskinstance.py:1660} INFO - Exporting env vars: AIRFLOW_CTX_DAG_OWNER='airflow' AIRFLOW_CTX_DAG_ID='date_time_example' AIRFLOW_CTX_TASK_ID='wait_until_new_year' AIRFLOW_CTX_EXECUTION_DATE='2023-10-31T08:58:28.588828+00:00' AIRFLOW_CTX_TRY_NUMBER='1' AIRFLOW_CTX_DAG_RUN_ID='manual__2023-10-31T08:58:28.588828+00:00'
[2023-10-31T14:28:31.557+0530] {date_time.py:74} INFO - Checking if the time (2023-10-31T14:29:00) has come
[2023-10-31T14:28:31.567+0530] {taskinstance.py:1895} INFO - Rescheduling task, marking task as UP_FOR_RESCHEDULE
[2023-10-31T14:28:31.580+0530] {local_task_job_runner.py:228} INFO - Task exited with return code 0
[2023-10-31T14:28:31.606+0530] {taskinstance.py:2776} INFO - 0 downstream tasks scheduled from follow-on schedule check
[2023-10-31T14:29:33.189+0530] {taskinstance.py:1157} INFO - Dependencies all met for dep_context=non-requeueable deps ti=<TaskInstance: date_time_example.wait_until_new_year manual__2023-10-31T08:58:28.588828+00:00 [queued]>
[2023-10-31T14:29:33.195+0530] {taskinstance.py:1157} INFO - Dependencies all met for dep_context=requeueable deps ti=<TaskInstance: date_time_example.wait_until_new_year manual__2023-10-31T08:58:28.588828+00:00 [queued]>
[2023-10-31T14:29:33.195+0530] {taskinstance.py:1359} INFO - Starting attempt 1 of 1
[2023-10-31T14:29:33.209+0530] {taskinstance.py:1380} INFO - Executing <Task(DateTimeSensor): wait_until_new_year> on 2023-10-31 08:58:28.588828+00:00
[2023-10-31T14:29:33.212+0530] {standard_task_runner.py:57} INFO - Started process 891364 to run task
[2023-10-31T14:29:33.214+0530] {standard_task_runner.py:84} INFO - Running: ['airflow', 'tasks', 'run', 'date_time_example', 'wait_until_new_year', 'manual__2023-10-31T08:58:28.588828+00:00', '--job-id', '2091', '--raw', '--subdir', 'DAGS_FOLDER/dataTimeSensor.py', '--cfg-path', '/tmp/tmpknwmzd4h']
[2023-10-31T14:29:33.214+0530] {standard_task_runner.py:85} INFO - Job 2091: Subtask wait_until_new_year
[2023-10-31T14:29:33.236+0530] {task_command.py:415} INFO - Running <TaskInstance: date_time_example.wait_until_new_year manual__2023-10-31T08:58:28.588828+00:00 [running]> on host harika-Latitude-5511
[2023-10-31T14:29:33.275+0530] {taskinstance.py:1660} INFO - Exporting env vars: AIRFLOW_CTX_DAG_OWNER='airflow' AIRFLOW_CTX_DAG_ID='date_time_example' AIRFLOW_CTX_TASK_ID='wait_until_new_year' AIRFLOW_CTX_EXECUTION_DATE='2023-10-31T08:58:28.588828+00:00' AIRFLOW_CTX_TRY_NUMBER='1' AIRFLOW_CTX_DAG_RUN_ID='manual__2023-10-31T08:58:28.588828+00:00'
[2023-10-31T14:29:33.279+0530] {date_time.py:74} INFO - Checking if the time (2023-10-31T14:29:00) has come
[2023-10-31T14:29:33.289+0530] {taskinstance.py:1895} INFO - Rescheduling task, marking task as UP_FOR_RESCHEDULE
[2023-10-31T14:29:33.305+0530] {local_task_job_runner.py:228} INFO - Task exited with return code 0
[2023-10-31T14:29:33.313+0530] {taskinstance.py:2776} INFO - 0 downstream tasks scheduled from follow-on schedule check
[2023-11-01T09:28:51.533+0530] {taskinstance.py:1157} INFO - Dependencies all met for dep_context=non-requeueable deps ti=<TaskInstance: date_time_example.wait_until_new_year manual__2023-10-31T08:58:28.588828+00:00 [queued]>
[2023-11-01T09:28:51.538+0530] {taskinstance.py:1157} INFO - Dependencies all met for dep_context=requeueable deps ti=<TaskInstance: date_time_example.wait_until_new_year manual__2023-10-31T08:58:28.588828+00:00 [queued]>
[2023-11-01T09:28:51.538+0530] {taskinstance.py:1359} INFO - Starting attempt 1 of 1
[2023-11-01T09:28:51.549+0530] {taskinstance.py:1380} INFO - Executing <Task(DateTimeSensor): wait_until_new_year> on 2023-10-31 08:58:28.588828+00:00
[2023-11-01T09:28:51.552+0530] {standard_task_runner.py:57} INFO - Started process 892885 to run task
[2023-11-01T09:28:51.554+0530] {standard_task_runner.py:84} INFO - Running: ['airflow', 'tasks', 'run', 'date_time_example', 'wait_until_new_year', 'manual__2023-10-31T08:58:28.588828+00:00', '--job-id', '2094', '--raw', '--subdir', 'DAGS_FOLDER/dataTimeSensor.py', '--cfg-path', '/tmp/tmpufki59yv']
[2023-11-01T09:28:51.555+0530] {standard_task_runner.py:85} INFO - Job 2094: Subtask wait_until_new_year
[2023-11-01T09:28:51.578+0530] {task_command.py:415} INFO - Running <TaskInstance: date_time_example.wait_until_new_year manual__2023-10-31T08:58:28.588828+00:00 [running]> on host harika-Latitude-5511
[2023-11-01T09:28:51.622+0530] {taskinstance.py:1660} INFO - Exporting env vars: AIRFLOW_CTX_DAG_OWNER='airflow' AIRFLOW_CTX_DAG_ID='date_time_example' AIRFLOW_CTX_TASK_ID='wait_until_new_year' AIRFLOW_CTX_EXECUTION_DATE='2023-10-31T08:58:28.588828+00:00' AIRFLOW_CTX_TRY_NUMBER='1' AIRFLOW_CTX_DAG_RUN_ID='manual__2023-10-31T08:58:28.588828+00:00'
[2023-11-01T09:28:51.629+0530] {date_time.py:74} INFO - Checking if the time (2023-10-31T14:29:00) has come
[2023-11-01T09:28:51.629+0530] {base.py:287} INFO - Success criteria met. Exiting.
[2023-11-01T09:28:51.634+0530] {taskinstance.py:1398} INFO - Marking task as SUCCESS. dag_id=date_time_example, task_id=wait_until_new_year, execution_date=20231031T085828, start_date=20231101T035851, end_date=20231101T035851
[2023-11-01T09:28:51.686+0530] {local_task_job_runner.py:228} INFO - Task exited with return code 0
[2023-11-01T09:28:51.702+0530] {taskinstance.py:2776} INFO - 0 downstream tasks scheduled from follow-on schedule check
