[2023-11-01T09:29:05.528+0530] {processor.py:157} INFO - Started process (PID=894067) to work on /home/harika/airflow/dags/taskgroup.py
[2023-11-01T09:29:05.528+0530] {processor.py:829} INFO - Processing file /home/harika/airflow/dags/taskgroup.py for tasks to queue
[2023-11-01T09:29:05.529+0530] {logging_mixin.py:151} INFO - [2023-11-01T09:29:05.529+0530] {dagbag.py:539} INFO - Filling up the DagBag from /home/harika/airflow/dags/taskgroup.py
[2023-11-01T09:29:05.530+0530] {processor.py:841} WARNING - No viable dags retrieved from /home/harika/airflow/dags/taskgroup.py
[2023-11-01T09:29:05.538+0530] {processor.py:179} INFO - Processing /home/harika/airflow/dags/taskgroup.py took 0.012 seconds
[2023-11-01T09:30:03.543+0530] {processor.py:157} INFO - Started process (PID=896840) to work on /home/harika/airflow/dags/taskgroup.py
[2023-11-01T09:30:03.544+0530] {processor.py:829} INFO - Processing file /home/harika/airflow/dags/taskgroup.py for tasks to queue
[2023-11-01T09:30:03.545+0530] {logging_mixin.py:151} INFO - [2023-11-01T09:30:03.544+0530] {dagbag.py:539} INFO - Filling up the DagBag from /home/harika/airflow/dags/taskgroup.py
[2023-11-01T09:30:03.546+0530] {processor.py:841} WARNING - No viable dags retrieved from /home/harika/airflow/dags/taskgroup.py
[2023-11-01T09:30:03.553+0530] {processor.py:179} INFO - Processing /home/harika/airflow/dags/taskgroup.py took 0.013 seconds
[2023-11-01T09:31:07.256+0530] {processor.py:157} INFO - Started process (PID=898213) to work on /home/harika/airflow/dags/taskgroup.py
[2023-11-01T09:31:07.257+0530] {processor.py:829} INFO - Processing file /home/harika/airflow/dags/taskgroup.py for tasks to queue
[2023-11-01T09:31:07.258+0530] {logging_mixin.py:151} INFO - [2023-11-01T09:31:07.258+0530] {dagbag.py:539} INFO - Filling up the DagBag from /home/harika/airflow/dags/taskgroup.py
[2023-11-01T09:31:07.260+0530] {processor.py:841} WARNING - No viable dags retrieved from /home/harika/airflow/dags/taskgroup.py
[2023-11-01T09:31:07.267+0530] {processor.py:179} INFO - Processing /home/harika/airflow/dags/taskgroup.py took 0.013 seconds
[2023-11-01T09:32:11.967+0530] {processor.py:157} INFO - Started process (PID=899387) to work on /home/harika/airflow/dags/taskgroup.py
[2023-11-01T09:32:11.974+0530] {processor.py:829} INFO - Processing file /home/harika/airflow/dags/taskgroup.py for tasks to queue
[2023-11-01T09:32:11.975+0530] {logging_mixin.py:151} INFO - [2023-11-01T09:32:11.975+0530] {dagbag.py:539} INFO - Filling up the DagBag from /home/harika/airflow/dags/taskgroup.py
[2023-11-01T09:32:11.977+0530] {processor.py:841} WARNING - No viable dags retrieved from /home/harika/airflow/dags/taskgroup.py
[2023-11-01T09:32:11.987+0530] {processor.py:179} INFO - Processing /home/harika/airflow/dags/taskgroup.py took 0.022 seconds
[2023-11-01T09:33:14.380+0530] {processor.py:157} INFO - Started process (PID=900569) to work on /home/harika/airflow/dags/taskgroup.py
[2023-11-01T09:33:14.387+0530] {processor.py:829} INFO - Processing file /home/harika/airflow/dags/taskgroup.py for tasks to queue
[2023-11-01T09:33:14.387+0530] {logging_mixin.py:151} INFO - [2023-11-01T09:33:14.387+0530] {dagbag.py:539} INFO - Filling up the DagBag from /home/harika/airflow/dags/taskgroup.py
[2023-11-01T09:33:14.389+0530] {processor.py:841} WARNING - No viable dags retrieved from /home/harika/airflow/dags/taskgroup.py
[2023-11-01T09:33:14.400+0530] {processor.py:179} INFO - Processing /home/harika/airflow/dags/taskgroup.py took 0.022 seconds
[2023-11-01T09:34:16.325+0530] {processor.py:157} INFO - Started process (PID=901598) to work on /home/harika/airflow/dags/taskgroup.py
[2023-11-01T09:34:16.332+0530] {processor.py:829} INFO - Processing file /home/harika/airflow/dags/taskgroup.py for tasks to queue
[2023-11-01T09:34:16.334+0530] {logging_mixin.py:151} INFO - [2023-11-01T09:34:16.333+0530] {dagbag.py:539} INFO - Filling up the DagBag from /home/harika/airflow/dags/taskgroup.py
[2023-11-01T09:34:16.339+0530] {processor.py:841} WARNING - No viable dags retrieved from /home/harika/airflow/dags/taskgroup.py
[2023-11-01T09:34:16.361+0530] {processor.py:179} INFO - Processing /home/harika/airflow/dags/taskgroup.py took 0.039 seconds
[2023-11-01T09:35:19.858+0530] {processor.py:157} INFO - Started process (PID=902773) to work on /home/harika/airflow/dags/taskgroup.py
[2023-11-01T09:35:19.864+0530] {processor.py:829} INFO - Processing file /home/harika/airflow/dags/taskgroup.py for tasks to queue
[2023-11-01T09:35:19.866+0530] {logging_mixin.py:151} INFO - [2023-11-01T09:35:19.866+0530] {dagbag.py:539} INFO - Filling up the DagBag from /home/harika/airflow/dags/taskgroup.py
[2023-11-01T09:35:19.871+0530] {processor.py:841} WARNING - No viable dags retrieved from /home/harika/airflow/dags/taskgroup.py
[2023-11-01T09:35:19.894+0530] {processor.py:179} INFO - Processing /home/harika/airflow/dags/taskgroup.py took 0.038 seconds
[2023-11-01T09:36:23.754+0530] {processor.py:157} INFO - Started process (PID=903975) to work on /home/harika/airflow/dags/taskgroup.py
[2023-11-01T09:36:23.754+0530] {processor.py:829} INFO - Processing file /home/harika/airflow/dags/taskgroup.py for tasks to queue
[2023-11-01T09:36:23.755+0530] {logging_mixin.py:151} INFO - [2023-11-01T09:36:23.755+0530] {dagbag.py:539} INFO - Filling up the DagBag from /home/harika/airflow/dags/taskgroup.py
[2023-11-01T09:36:23.757+0530] {processor.py:841} WARNING - No viable dags retrieved from /home/harika/airflow/dags/taskgroup.py
[2023-11-01T09:36:23.763+0530] {processor.py:179} INFO - Processing /home/harika/airflow/dags/taskgroup.py took 0.011 seconds
[2023-11-01T09:36:59.156+0530] {processor.py:157} INFO - Started process (PID=904625) to work on /home/harika/airflow/dags/taskgroup.py
[2023-11-01T09:36:59.162+0530] {processor.py:829} INFO - Processing file /home/harika/airflow/dags/taskgroup.py for tasks to queue
[2023-11-01T09:36:59.163+0530] {logging_mixin.py:151} INFO - [2023-11-01T09:36:59.163+0530] {dagbag.py:539} INFO - Filling up the DagBag from /home/harika/airflow/dags/taskgroup.py
[2023-11-01T09:36:59.165+0530] {processor.py:841} WARNING - No viable dags retrieved from /home/harika/airflow/dags/taskgroup.py
[2023-11-01T09:36:59.173+0530] {processor.py:179} INFO - Processing /home/harika/airflow/dags/taskgroup.py took 0.020 seconds
[2023-11-01T09:37:57.749+0530] {processor.py:157} INFO - Started process (PID=905703) to work on /home/harika/airflow/dags/taskgroup.py
[2023-11-01T09:37:57.756+0530] {processor.py:829} INFO - Processing file /home/harika/airflow/dags/taskgroup.py for tasks to queue
[2023-11-01T09:37:57.757+0530] {logging_mixin.py:151} INFO - [2023-11-01T09:37:57.757+0530] {dagbag.py:539} INFO - Filling up the DagBag from /home/harika/airflow/dags/taskgroup.py
[2023-11-01T09:37:57.759+0530] {processor.py:841} WARNING - No viable dags retrieved from /home/harika/airflow/dags/taskgroup.py
[2023-11-01T09:37:57.769+0530] {processor.py:179} INFO - Processing /home/harika/airflow/dags/taskgroup.py took 0.022 seconds
[2023-11-01T09:38:59.797+0530] {processor.py:157} INFO - Started process (PID=906924) to work on /home/harika/airflow/dags/taskgroup.py
[2023-11-01T09:38:59.804+0530] {processor.py:829} INFO - Processing file /home/harika/airflow/dags/taskgroup.py for tasks to queue
[2023-11-01T09:38:59.804+0530] {logging_mixin.py:151} INFO - [2023-11-01T09:38:59.804+0530] {dagbag.py:539} INFO - Filling up the DagBag from /home/harika/airflow/dags/taskgroup.py
[2023-11-01T09:38:59.807+0530] {processor.py:841} WARNING - No viable dags retrieved from /home/harika/airflow/dags/taskgroup.py
[2023-11-01T09:38:59.814+0530] {processor.py:179} INFO - Processing /home/harika/airflow/dags/taskgroup.py took 0.019 seconds
[2023-11-01T09:40:05.515+0530] {processor.py:157} INFO - Started process (PID=908162) to work on /home/harika/airflow/dags/taskgroup.py
[2023-11-01T09:40:05.522+0530] {processor.py:829} INFO - Processing file /home/harika/airflow/dags/taskgroup.py for tasks to queue
[2023-11-01T09:40:05.523+0530] {logging_mixin.py:151} INFO - [2023-11-01T09:40:05.523+0530] {dagbag.py:539} INFO - Filling up the DagBag from /home/harika/airflow/dags/taskgroup.py
[2023-11-01T09:40:05.525+0530] {processor.py:841} WARNING - No viable dags retrieved from /home/harika/airflow/dags/taskgroup.py
[2023-11-01T09:40:05.534+0530] {processor.py:179} INFO - Processing /home/harika/airflow/dags/taskgroup.py took 0.021 seconds
[2023-11-01T09:41:09.606+0530] {processor.py:157} INFO - Started process (PID=909444) to work on /home/harika/airflow/dags/taskgroup.py
[2023-11-01T09:41:09.612+0530] {processor.py:829} INFO - Processing file /home/harika/airflow/dags/taskgroup.py for tasks to queue
[2023-11-01T09:41:09.613+0530] {logging_mixin.py:151} INFO - [2023-11-01T09:41:09.613+0530] {dagbag.py:539} INFO - Filling up the DagBag from /home/harika/airflow/dags/taskgroup.py
[2023-11-01T09:41:09.614+0530] {processor.py:841} WARNING - No viable dags retrieved from /home/harika/airflow/dags/taskgroup.py
[2023-11-01T09:41:09.623+0530] {processor.py:179} INFO - Processing /home/harika/airflow/dags/taskgroup.py took 0.020 seconds
[2023-11-01T09:42:17.324+0530] {processor.py:157} INFO - Started process (PID=910693) to work on /home/harika/airflow/dags/taskgroup.py
[2023-11-01T09:42:17.331+0530] {processor.py:829} INFO - Processing file /home/harika/airflow/dags/taskgroup.py for tasks to queue
[2023-11-01T09:42:17.332+0530] {logging_mixin.py:151} INFO - [2023-11-01T09:42:17.331+0530] {dagbag.py:539} INFO - Filling up the DagBag from /home/harika/airflow/dags/taskgroup.py
[2023-11-01T09:42:17.333+0530] {processor.py:841} WARNING - No viable dags retrieved from /home/harika/airflow/dags/taskgroup.py
[2023-11-01T09:42:17.342+0530] {processor.py:179} INFO - Processing /home/harika/airflow/dags/taskgroup.py took 0.021 seconds
[2023-11-01T09:43:23.180+0530] {processor.py:157} INFO - Started process (PID=911955) to work on /home/harika/airflow/dags/taskgroup.py
[2023-11-01T09:43:23.187+0530] {processor.py:829} INFO - Processing file /home/harika/airflow/dags/taskgroup.py for tasks to queue
[2023-11-01T09:43:23.188+0530] {logging_mixin.py:151} INFO - [2023-11-01T09:43:23.187+0530] {dagbag.py:539} INFO - Filling up the DagBag from /home/harika/airflow/dags/taskgroup.py
[2023-11-01T09:43:23.189+0530] {processor.py:841} WARNING - No viable dags retrieved from /home/harika/airflow/dags/taskgroup.py
[2023-11-01T09:43:23.196+0530] {processor.py:179} INFO - Processing /home/harika/airflow/dags/taskgroup.py took 0.017 seconds
[2023-11-01T09:44:31.702+0530] {processor.py:157} INFO - Started process (PID=913204) to work on /home/harika/airflow/dags/taskgroup.py
[2023-11-01T09:44:31.703+0530] {processor.py:829} INFO - Processing file /home/harika/airflow/dags/taskgroup.py for tasks to queue
[2023-11-01T09:44:31.703+0530] {logging_mixin.py:151} INFO - [2023-11-01T09:44:31.703+0530] {dagbag.py:539} INFO - Filling up the DagBag from /home/harika/airflow/dags/taskgroup.py
[2023-11-01T09:44:31.705+0530] {processor.py:841} WARNING - No viable dags retrieved from /home/harika/airflow/dags/taskgroup.py
[2023-11-01T09:44:31.712+0530] {processor.py:179} INFO - Processing /home/harika/airflow/dags/taskgroup.py took 0.012 seconds
[2023-11-01T09:45:39.757+0530] {processor.py:157} INFO - Started process (PID=914486) to work on /home/harika/airflow/dags/taskgroup.py
[2023-11-01T09:45:39.765+0530] {processor.py:829} INFO - Processing file /home/harika/airflow/dags/taskgroup.py for tasks to queue
[2023-11-01T09:45:39.767+0530] {logging_mixin.py:151} INFO - [2023-11-01T09:45:39.766+0530] {dagbag.py:539} INFO - Filling up the DagBag from /home/harika/airflow/dags/taskgroup.py
[2023-11-01T09:45:39.771+0530] {processor.py:841} WARNING - No viable dags retrieved from /home/harika/airflow/dags/taskgroup.py
[2023-11-01T09:45:39.791+0530] {processor.py:179} INFO - Processing /home/harika/airflow/dags/taskgroup.py took 0.041 seconds
[2023-11-01T09:46:42.365+0530] {processor.py:157} INFO - Started process (PID=915703) to work on /home/harika/airflow/dags/taskgroup.py
[2023-11-01T09:46:42.371+0530] {processor.py:829} INFO - Processing file /home/harika/airflow/dags/taskgroup.py for tasks to queue
[2023-11-01T09:46:42.372+0530] {logging_mixin.py:151} INFO - [2023-11-01T09:46:42.372+0530] {dagbag.py:539} INFO - Filling up the DagBag from /home/harika/airflow/dags/taskgroup.py
[2023-11-01T09:46:42.373+0530] {processor.py:841} WARNING - No viable dags retrieved from /home/harika/airflow/dags/taskgroup.py
[2023-11-01T09:46:42.380+0530] {processor.py:179} INFO - Processing /home/harika/airflow/dags/taskgroup.py took 0.017 seconds
[2023-11-01T09:47:50.427+0530] {processor.py:157} INFO - Started process (PID=916981) to work on /home/harika/airflow/dags/taskgroup.py
[2023-11-01T09:47:50.434+0530] {processor.py:829} INFO - Processing file /home/harika/airflow/dags/taskgroup.py for tasks to queue
[2023-11-01T09:47:50.436+0530] {logging_mixin.py:151} INFO - [2023-11-01T09:47:50.435+0530] {dagbag.py:539} INFO - Filling up the DagBag from /home/harika/airflow/dags/taskgroup.py
[2023-11-01T09:47:50.441+0530] {processor.py:841} WARNING - No viable dags retrieved from /home/harika/airflow/dags/taskgroup.py
[2023-11-01T09:47:50.463+0530] {processor.py:179} INFO - Processing /home/harika/airflow/dags/taskgroup.py took 0.037 seconds
[2023-11-01T09:48:58.544+0530] {processor.py:157} INFO - Started process (PID=918232) to work on /home/harika/airflow/dags/taskgroup.py
[2023-11-01T09:48:58.551+0530] {processor.py:829} INFO - Processing file /home/harika/airflow/dags/taskgroup.py for tasks to queue
[2023-11-01T09:48:58.553+0530] {logging_mixin.py:151} INFO - [2023-11-01T09:48:58.552+0530] {dagbag.py:539} INFO - Filling up the DagBag from /home/harika/airflow/dags/taskgroup.py
[2023-11-01T09:48:58.557+0530] {processor.py:841} WARNING - No viable dags retrieved from /home/harika/airflow/dags/taskgroup.py
[2023-11-01T09:48:58.580+0530] {processor.py:179} INFO - Processing /home/harika/airflow/dags/taskgroup.py took 0.038 seconds
[2023-11-01T09:50:12.613+0530] {processor.py:157} INFO - Started process (PID=919736) to work on /home/harika/airflow/dags/taskgroup.py
[2023-11-01T09:50:12.620+0530] {processor.py:829} INFO - Processing file /home/harika/airflow/dags/taskgroup.py for tasks to queue
[2023-11-01T09:50:12.621+0530] {logging_mixin.py:151} INFO - [2023-11-01T09:50:12.620+0530] {dagbag.py:539} INFO - Filling up the DagBag from /home/harika/airflow/dags/taskgroup.py
[2023-11-01T09:50:12.622+0530] {processor.py:841} WARNING - No viable dags retrieved from /home/harika/airflow/dags/taskgroup.py
[2023-11-01T09:50:12.632+0530] {processor.py:179} INFO - Processing /home/harika/airflow/dags/taskgroup.py took 0.021 seconds
[2023-11-01T09:50:59.186+0530] {processor.py:157} INFO - Started process (PID=920727) to work on /home/harika/airflow/dags/taskgroup.py
[2023-11-01T09:50:59.193+0530] {processor.py:829} INFO - Processing file /home/harika/airflow/dags/taskgroup.py for tasks to queue
[2023-11-01T09:50:59.195+0530] {logging_mixin.py:151} INFO - [2023-11-01T09:50:59.194+0530] {dagbag.py:539} INFO - Filling up the DagBag from /home/harika/airflow/dags/taskgroup.py
[2023-11-01T09:50:59.199+0530] {processor.py:841} WARNING - No viable dags retrieved from /home/harika/airflow/dags/taskgroup.py
[2023-11-01T09:50:59.221+0530] {processor.py:179} INFO - Processing /home/harika/airflow/dags/taskgroup.py took 0.038 seconds
[2023-11-01T09:52:01.725+0530] {processor.py:157} INFO - Started process (PID=922145) to work on /home/harika/airflow/dags/taskgroup.py
[2023-11-01T09:52:01.732+0530] {processor.py:829} INFO - Processing file /home/harika/airflow/dags/taskgroup.py for tasks to queue
[2023-11-01T09:52:01.732+0530] {logging_mixin.py:151} INFO - [2023-11-01T09:52:01.732+0530] {dagbag.py:539} INFO - Filling up the DagBag from /home/harika/airflow/dags/taskgroup.py
[2023-11-01T09:52:01.734+0530] {processor.py:841} WARNING - No viable dags retrieved from /home/harika/airflow/dags/taskgroup.py
[2023-11-01T09:52:01.741+0530] {processor.py:179} INFO - Processing /home/harika/airflow/dags/taskgroup.py took 0.018 seconds
[2023-11-01T09:53:19.433+0530] {processor.py:157} INFO - Started process (PID=923852) to work on /home/harika/airflow/dags/taskgroup.py
[2023-11-01T09:53:19.434+0530] {processor.py:829} INFO - Processing file /home/harika/airflow/dags/taskgroup.py for tasks to queue
[2023-11-01T09:53:19.435+0530] {logging_mixin.py:151} INFO - [2023-11-01T09:53:19.435+0530] {dagbag.py:539} INFO - Filling up the DagBag from /home/harika/airflow/dags/taskgroup.py
[2023-11-01T09:53:19.436+0530] {processor.py:841} WARNING - No viable dags retrieved from /home/harika/airflow/dags/taskgroup.py
[2023-11-01T09:53:19.444+0530] {processor.py:179} INFO - Processing /home/harika/airflow/dags/taskgroup.py took 0.013 seconds
[2023-11-01T09:54:58.427+0530] {processor.py:157} INFO - Started process (PID=925973) to work on /home/harika/airflow/dags/taskgroup.py
[2023-11-01T09:54:58.435+0530] {processor.py:829} INFO - Processing file /home/harika/airflow/dags/taskgroup.py for tasks to queue
[2023-11-01T09:54:58.437+0530] {logging_mixin.py:151} INFO - [2023-11-01T09:54:58.436+0530] {dagbag.py:539} INFO - Filling up the DagBag from /home/harika/airflow/dags/taskgroup.py
[2023-11-01T09:54:58.441+0530] {processor.py:841} WARNING - No viable dags retrieved from /home/harika/airflow/dags/taskgroup.py
[2023-11-01T09:54:58.457+0530] {processor.py:179} INFO - Processing /home/harika/airflow/dags/taskgroup.py took 0.033 seconds
[2023-11-01T09:56:11.439+0530] {processor.py:157} INFO - Started process (PID=927447) to work on /home/harika/airflow/dags/taskgroup.py
[2023-11-01T09:56:11.447+0530] {processor.py:829} INFO - Processing file /home/harika/airflow/dags/taskgroup.py for tasks to queue
[2023-11-01T09:56:11.449+0530] {logging_mixin.py:151} INFO - [2023-11-01T09:56:11.448+0530] {dagbag.py:539} INFO - Filling up the DagBag from /home/harika/airflow/dags/taskgroup.py
[2023-11-01T09:56:11.451+0530] {processor.py:841} WARNING - No viable dags retrieved from /home/harika/airflow/dags/taskgroup.py
[2023-11-01T09:56:11.460+0530] {processor.py:179} INFO - Processing /home/harika/airflow/dags/taskgroup.py took 0.028 seconds
[2023-11-01T09:57:20.526+0530] {processor.py:157} INFO - Started process (PID=928905) to work on /home/harika/airflow/dags/taskgroup.py
[2023-11-01T09:57:20.527+0530] {processor.py:829} INFO - Processing file /home/harika/airflow/dags/taskgroup.py for tasks to queue
[2023-11-01T09:57:20.528+0530] {logging_mixin.py:151} INFO - [2023-11-01T09:57:20.527+0530] {dagbag.py:539} INFO - Filling up the DagBag from /home/harika/airflow/dags/taskgroup.py
[2023-11-01T09:57:20.529+0530] {processor.py:841} WARNING - No viable dags retrieved from /home/harika/airflow/dags/taskgroup.py
[2023-11-01T09:57:20.541+0530] {processor.py:179} INFO - Processing /home/harika/airflow/dags/taskgroup.py took 0.017 seconds
[2023-11-01T09:58:27.580+0530] {processor.py:157} INFO - Started process (PID=930482) to work on /home/harika/airflow/dags/taskgroup.py
[2023-11-01T09:58:27.587+0530] {processor.py:829} INFO - Processing file /home/harika/airflow/dags/taskgroup.py for tasks to queue
[2023-11-01T09:58:27.588+0530] {logging_mixin.py:151} INFO - [2023-11-01T09:58:27.588+0530] {dagbag.py:539} INFO - Filling up the DagBag from /home/harika/airflow/dags/taskgroup.py
[2023-11-01T09:58:27.589+0530] {processor.py:841} WARNING - No viable dags retrieved from /home/harika/airflow/dags/taskgroup.py
[2023-11-01T09:58:27.597+0530] {processor.py:179} INFO - Processing /home/harika/airflow/dags/taskgroup.py took 0.019 seconds
[2023-11-01T09:59:39.009+0530] {processor.py:157} INFO - Started process (PID=932003) to work on /home/harika/airflow/dags/taskgroup.py
[2023-11-01T09:59:39.017+0530] {processor.py:829} INFO - Processing file /home/harika/airflow/dags/taskgroup.py for tasks to queue
[2023-11-01T09:59:39.019+0530] {logging_mixin.py:151} INFO - [2023-11-01T09:59:39.018+0530] {dagbag.py:539} INFO - Filling up the DagBag from /home/harika/airflow/dags/taskgroup.py
[2023-11-01T09:59:39.024+0530] {processor.py:841} WARNING - No viable dags retrieved from /home/harika/airflow/dags/taskgroup.py
[2023-11-01T09:59:39.043+0530] {processor.py:179} INFO - Processing /home/harika/airflow/dags/taskgroup.py took 0.040 seconds
[2023-11-01T10:00:33.712+0530] {processor.py:157} INFO - Started process (PID=933145) to work on /home/harika/airflow/dags/taskgroup.py
[2023-11-01T10:00:33.712+0530] {processor.py:829} INFO - Processing file /home/harika/airflow/dags/taskgroup.py for tasks to queue
[2023-11-01T10:00:33.713+0530] {logging_mixin.py:151} INFO - [2023-11-01T10:00:33.713+0530] {dagbag.py:539} INFO - Filling up the DagBag from /home/harika/airflow/dags/taskgroup.py
[2023-11-01T10:00:33.715+0530] {processor.py:841} WARNING - No viable dags retrieved from /home/harika/airflow/dags/taskgroup.py
[2023-11-01T10:00:33.722+0530] {processor.py:179} INFO - Processing /home/harika/airflow/dags/taskgroup.py took 0.013 seconds
[2023-11-01T10:01:34.306+0530] {processor.py:157} INFO - Started process (PID=934243) to work on /home/harika/airflow/dags/taskgroup.py
[2023-11-01T10:01:34.307+0530] {processor.py:829} INFO - Processing file /home/harika/airflow/dags/taskgroup.py for tasks to queue
[2023-11-01T10:01:34.308+0530] {logging_mixin.py:151} INFO - [2023-11-01T10:01:34.307+0530] {dagbag.py:539} INFO - Filling up the DagBag from /home/harika/airflow/dags/taskgroup.py
[2023-11-01T10:01:34.309+0530] {processor.py:841} WARNING - No viable dags retrieved from /home/harika/airflow/dags/taskgroup.py
[2023-11-01T10:01:34.331+0530] {processor.py:179} INFO - Processing /home/harika/airflow/dags/taskgroup.py took 0.028 seconds
[2023-11-01T10:02:16.102+0530] {processor.py:157} INFO - Started process (PID=935114) to work on /home/harika/airflow/dags/taskgroup.py
[2023-11-01T10:02:16.108+0530] {processor.py:829} INFO - Processing file /home/harika/airflow/dags/taskgroup.py for tasks to queue
[2023-11-01T10:02:16.109+0530] {logging_mixin.py:151} INFO - [2023-11-01T10:02:16.109+0530] {dagbag.py:539} INFO - Filling up the DagBag from /home/harika/airflow/dags/taskgroup.py
[2023-11-01T10:02:16.110+0530] {processor.py:841} WARNING - No viable dags retrieved from /home/harika/airflow/dags/taskgroup.py
[2023-11-01T10:02:16.119+0530] {processor.py:179} INFO - Processing /home/harika/airflow/dags/taskgroup.py took 0.020 seconds
[2023-11-01T10:03:00.359+0530] {processor.py:157} INFO - Started process (PID=935993) to work on /home/harika/airflow/dags/taskgroup.py
[2023-11-01T10:03:00.360+0530] {processor.py:829} INFO - Processing file /home/harika/airflow/dags/taskgroup.py for tasks to queue
[2023-11-01T10:03:00.360+0530] {logging_mixin.py:151} INFO - [2023-11-01T10:03:00.360+0530] {dagbag.py:539} INFO - Filling up the DagBag from /home/harika/airflow/dags/taskgroup.py
[2023-11-01T10:03:00.362+0530] {processor.py:841} WARNING - No viable dags retrieved from /home/harika/airflow/dags/taskgroup.py
[2023-11-01T10:03:00.373+0530] {processor.py:179} INFO - Processing /home/harika/airflow/dags/taskgroup.py took 0.016 seconds
[2023-11-01T10:03:40.597+0530] {processor.py:157} INFO - Started process (PID=936794) to work on /home/harika/airflow/dags/taskgroup.py
[2023-11-01T10:03:40.598+0530] {processor.py:829} INFO - Processing file /home/harika/airflow/dags/taskgroup.py for tasks to queue
[2023-11-01T10:03:40.600+0530] {logging_mixin.py:151} INFO - [2023-11-01T10:03:40.599+0530] {dagbag.py:539} INFO - Filling up the DagBag from /home/harika/airflow/dags/taskgroup.py
[2023-11-01T10:03:40.604+0530] {processor.py:841} WARNING - No viable dags retrieved from /home/harika/airflow/dags/taskgroup.py
[2023-11-01T10:03:40.619+0530] {processor.py:179} INFO - Processing /home/harika/airflow/dags/taskgroup.py took 0.028 seconds
[2023-11-01T10:04:17.786+0530] {processor.py:157} INFO - Started process (PID=937468) to work on /home/harika/airflow/dags/taskgroup.py
[2023-11-01T10:04:17.793+0530] {processor.py:829} INFO - Processing file /home/harika/airflow/dags/taskgroup.py for tasks to queue
[2023-11-01T10:04:17.793+0530] {logging_mixin.py:151} INFO - [2023-11-01T10:04:17.793+0530] {dagbag.py:539} INFO - Filling up the DagBag from /home/harika/airflow/dags/taskgroup.py
[2023-11-01T10:04:17.795+0530] {processor.py:841} WARNING - No viable dags retrieved from /home/harika/airflow/dags/taskgroup.py
[2023-11-01T10:04:17.803+0530] {processor.py:179} INFO - Processing /home/harika/airflow/dags/taskgroup.py took 0.019 seconds
[2023-11-01T10:04:59.349+0530] {processor.py:157} INFO - Started process (PID=938327) to work on /home/harika/airflow/dags/taskgroup.py
[2023-11-01T10:04:59.356+0530] {processor.py:829} INFO - Processing file /home/harika/airflow/dags/taskgroup.py for tasks to queue
[2023-11-01T10:04:59.357+0530] {logging_mixin.py:151} INFO - [2023-11-01T10:04:59.357+0530] {dagbag.py:539} INFO - Filling up the DagBag from /home/harika/airflow/dags/taskgroup.py
[2023-11-01T10:04:59.362+0530] {processor.py:841} WARNING - No viable dags retrieved from /home/harika/airflow/dags/taskgroup.py
[2023-11-01T10:04:59.374+0530] {processor.py:179} INFO - Processing /home/harika/airflow/dags/taskgroup.py took 0.028 seconds
[2023-11-01T10:05:38.671+0530] {processor.py:157} INFO - Started process (PID=939110) to work on /home/harika/airflow/dags/taskgroup.py
[2023-11-01T10:05:38.678+0530] {processor.py:829} INFO - Processing file /home/harika/airflow/dags/taskgroup.py for tasks to queue
[2023-11-01T10:05:38.680+0530] {logging_mixin.py:151} INFO - [2023-11-01T10:05:38.679+0530] {dagbag.py:539} INFO - Filling up the DagBag from /home/harika/airflow/dags/taskgroup.py
[2023-11-01T10:05:38.684+0530] {processor.py:841} WARNING - No viable dags retrieved from /home/harika/airflow/dags/taskgroup.py
[2023-11-01T10:05:38.706+0530] {processor.py:179} INFO - Processing /home/harika/airflow/dags/taskgroup.py took 0.037 seconds
[2023-11-01T10:06:18.396+0530] {processor.py:157} INFO - Started process (PID=939835) to work on /home/harika/airflow/dags/taskgroup.py
[2023-11-01T10:06:18.403+0530] {processor.py:829} INFO - Processing file /home/harika/airflow/dags/taskgroup.py for tasks to queue
[2023-11-01T10:06:18.405+0530] {logging_mixin.py:151} INFO - [2023-11-01T10:06:18.404+0530] {dagbag.py:539} INFO - Filling up the DagBag from /home/harika/airflow/dags/taskgroup.py
[2023-11-01T10:06:18.409+0530] {processor.py:841} WARNING - No viable dags retrieved from /home/harika/airflow/dags/taskgroup.py
[2023-11-01T10:06:18.431+0530] {processor.py:179} INFO - Processing /home/harika/airflow/dags/taskgroup.py took 0.037 seconds
[2023-11-01T10:07:02.113+0530] {processor.py:157} INFO - Started process (PID=940703) to work on /home/harika/airflow/dags/taskgroup.py
[2023-11-01T10:07:02.120+0530] {processor.py:829} INFO - Processing file /home/harika/airflow/dags/taskgroup.py for tasks to queue
[2023-11-01T10:07:02.121+0530] {logging_mixin.py:151} INFO - [2023-11-01T10:07:02.120+0530] {dagbag.py:539} INFO - Filling up the DagBag from /home/harika/airflow/dags/taskgroup.py
[2023-11-01T10:07:02.123+0530] {processor.py:841} WARNING - No viable dags retrieved from /home/harika/airflow/dags/taskgroup.py
[2023-11-01T10:07:02.135+0530] {processor.py:179} INFO - Processing /home/harika/airflow/dags/taskgroup.py took 0.025 seconds
[2023-11-01T10:08:17.031+0530] {processor.py:157} INFO - Started process (PID=942192) to work on /home/harika/airflow/dags/taskgroup.py
[2023-11-01T10:08:17.038+0530] {processor.py:829} INFO - Processing file /home/harika/airflow/dags/taskgroup.py for tasks to queue
[2023-11-01T10:08:17.039+0530] {logging_mixin.py:151} INFO - [2023-11-01T10:08:17.039+0530] {dagbag.py:539} INFO - Filling up the DagBag from /home/harika/airflow/dags/taskgroup.py
[2023-11-01T10:08:17.041+0530] {processor.py:841} WARNING - No viable dags retrieved from /home/harika/airflow/dags/taskgroup.py
[2023-11-01T10:08:17.048+0530] {processor.py:179} INFO - Processing /home/harika/airflow/dags/taskgroup.py took 0.019 seconds
[2023-11-01T10:09:01.850+0530] {processor.py:157} INFO - Started process (PID=943080) to work on /home/harika/airflow/dags/taskgroup.py
[2023-11-01T10:09:01.852+0530] {processor.py:829} INFO - Processing file /home/harika/airflow/dags/taskgroup.py for tasks to queue
[2023-11-01T10:09:01.853+0530] {logging_mixin.py:151} INFO - [2023-11-01T10:09:01.853+0530] {dagbag.py:539} INFO - Filling up the DagBag from /home/harika/airflow/dags/taskgroup.py
[2023-11-01T10:09:01.858+0530] {processor.py:841} WARNING - No viable dags retrieved from /home/harika/airflow/dags/taskgroup.py
[2023-11-01T10:09:01.876+0530] {processor.py:179} INFO - Processing /home/harika/airflow/dags/taskgroup.py took 0.032 seconds
[2023-11-01T10:10:17.924+0530] {processor.py:157} INFO - Started process (PID=944552) to work on /home/harika/airflow/dags/taskgroup.py
[2023-11-01T10:10:17.925+0530] {processor.py:829} INFO - Processing file /home/harika/airflow/dags/taskgroup.py for tasks to queue
[2023-11-01T10:10:17.926+0530] {logging_mixin.py:151} INFO - [2023-11-01T10:10:17.926+0530] {dagbag.py:539} INFO - Filling up the DagBag from /home/harika/airflow/dags/taskgroup.py
[2023-11-01T10:10:17.927+0530] {processor.py:841} WARNING - No viable dags retrieved from /home/harika/airflow/dags/taskgroup.py
[2023-11-01T10:10:17.935+0530] {processor.py:179} INFO - Processing /home/harika/airflow/dags/taskgroup.py took 0.013 seconds
[2023-11-01T10:11:29.512+0530] {processor.py:157} INFO - Started process (PID=945891) to work on /home/harika/airflow/dags/taskgroup.py
[2023-11-01T10:11:29.519+0530] {processor.py:829} INFO - Processing file /home/harika/airflow/dags/taskgroup.py for tasks to queue
[2023-11-01T10:11:29.520+0530] {logging_mixin.py:151} INFO - [2023-11-01T10:11:29.519+0530] {dagbag.py:539} INFO - Filling up the DagBag from /home/harika/airflow/dags/taskgroup.py
[2023-11-01T10:11:29.522+0530] {processor.py:841} WARNING - No viable dags retrieved from /home/harika/airflow/dags/taskgroup.py
[2023-11-01T10:11:29.534+0530] {processor.py:179} INFO - Processing /home/harika/airflow/dags/taskgroup.py took 0.024 seconds
[2023-11-01T10:12:13.205+0530] {processor.py:157} INFO - Started process (PID=946781) to work on /home/harika/airflow/dags/taskgroup.py
[2023-11-01T10:12:13.205+0530] {processor.py:829} INFO - Processing file /home/harika/airflow/dags/taskgroup.py for tasks to queue
[2023-11-01T10:12:13.206+0530] {logging_mixin.py:151} INFO - [2023-11-01T10:12:13.206+0530] {dagbag.py:539} INFO - Filling up the DagBag from /home/harika/airflow/dags/taskgroup.py
[2023-11-01T10:12:13.207+0530] {processor.py:841} WARNING - No viable dags retrieved from /home/harika/airflow/dags/taskgroup.py
[2023-11-01T10:12:13.215+0530] {processor.py:179} INFO - Processing /home/harika/airflow/dags/taskgroup.py took 0.012 seconds
[2023-11-01T10:12:53.608+0530] {processor.py:157} INFO - Started process (PID=947580) to work on /home/harika/airflow/dags/taskgroup.py
[2023-11-01T10:12:53.615+0530] {processor.py:829} INFO - Processing file /home/harika/airflow/dags/taskgroup.py for tasks to queue
[2023-11-01T10:12:53.616+0530] {logging_mixin.py:151} INFO - [2023-11-01T10:12:53.615+0530] {dagbag.py:539} INFO - Filling up the DagBag from /home/harika/airflow/dags/taskgroup.py
[2023-11-01T10:12:53.617+0530] {processor.py:841} WARNING - No viable dags retrieved from /home/harika/airflow/dags/taskgroup.py
[2023-11-01T10:12:53.625+0530] {processor.py:179} INFO - Processing /home/harika/airflow/dags/taskgroup.py took 0.019 seconds
[2023-11-01T10:13:34.289+0530] {processor.py:157} INFO - Started process (PID=948422) to work on /home/harika/airflow/dags/taskgroup.py
[2023-11-01T10:13:34.295+0530] {processor.py:829} INFO - Processing file /home/harika/airflow/dags/taskgroup.py for tasks to queue
[2023-11-01T10:13:34.296+0530] {logging_mixin.py:151} INFO - [2023-11-01T10:13:34.296+0530] {dagbag.py:539} INFO - Filling up the DagBag from /home/harika/airflow/dags/taskgroup.py
[2023-11-01T10:13:34.297+0530] {processor.py:841} WARNING - No viable dags retrieved from /home/harika/airflow/dags/taskgroup.py
[2023-11-01T10:13:34.305+0530] {processor.py:179} INFO - Processing /home/harika/airflow/dags/taskgroup.py took 0.018 seconds
[2023-11-01T10:14:20.614+0530] {processor.py:157} INFO - Started process (PID=949318) to work on /home/harika/airflow/dags/taskgroup.py
[2023-11-01T10:14:20.620+0530] {processor.py:829} INFO - Processing file /home/harika/airflow/dags/taskgroup.py for tasks to queue
[2023-11-01T10:14:20.621+0530] {logging_mixin.py:151} INFO - [2023-11-01T10:14:20.621+0530] {dagbag.py:539} INFO - Filling up the DagBag from /home/harika/airflow/dags/taskgroup.py
[2023-11-01T10:14:20.622+0530] {processor.py:841} WARNING - No viable dags retrieved from /home/harika/airflow/dags/taskgroup.py
[2023-11-01T10:14:20.629+0530] {processor.py:179} INFO - Processing /home/harika/airflow/dags/taskgroup.py took 0.017 seconds
[2023-11-01T10:14:58.811+0530] {processor.py:157} INFO - Started process (PID=949958) to work on /home/harika/airflow/dags/taskgroup.py
[2023-11-01T10:14:58.812+0530] {processor.py:829} INFO - Processing file /home/harika/airflow/dags/taskgroup.py for tasks to queue
[2023-11-01T10:14:58.812+0530] {logging_mixin.py:151} INFO - [2023-11-01T10:14:58.812+0530] {dagbag.py:539} INFO - Filling up the DagBag from /home/harika/airflow/dags/taskgroup.py
[2023-11-01T10:14:58.814+0530] {processor.py:841} WARNING - No viable dags retrieved from /home/harika/airflow/dags/taskgroup.py
[2023-11-01T10:14:58.821+0530] {processor.py:179} INFO - Processing /home/harika/airflow/dags/taskgroup.py took 0.012 seconds
[2023-11-01T10:15:35.510+0530] {processor.py:157} INFO - Started process (PID=950803) to work on /home/harika/airflow/dags/taskgroup.py
[2023-11-01T10:15:35.510+0530] {processor.py:829} INFO - Processing file /home/harika/airflow/dags/taskgroup.py for tasks to queue
[2023-11-01T10:15:35.511+0530] {logging_mixin.py:151} INFO - [2023-11-01T10:15:35.511+0530] {dagbag.py:539} INFO - Filling up the DagBag from /home/harika/airflow/dags/taskgroup.py
[2023-11-01T10:15:35.512+0530] {processor.py:841} WARNING - No viable dags retrieved from /home/harika/airflow/dags/taskgroup.py
[2023-11-01T10:15:35.520+0530] {processor.py:179} INFO - Processing /home/harika/airflow/dags/taskgroup.py took 0.013 seconds
[2023-11-01T10:16:20.088+0530] {processor.py:157} INFO - Started process (PID=951743) to work on /home/harika/airflow/dags/taskgroup.py
[2023-11-01T10:16:20.090+0530] {processor.py:829} INFO - Processing file /home/harika/airflow/dags/taskgroup.py for tasks to queue
[2023-11-01T10:16:20.092+0530] {logging_mixin.py:151} INFO - [2023-11-01T10:16:20.091+0530] {dagbag.py:539} INFO - Filling up the DagBag from /home/harika/airflow/dags/taskgroup.py
[2023-11-01T10:16:20.096+0530] {processor.py:841} WARNING - No viable dags retrieved from /home/harika/airflow/dags/taskgroup.py
[2023-11-01T10:16:20.115+0530] {processor.py:179} INFO - Processing /home/harika/airflow/dags/taskgroup.py took 0.033 seconds
[2023-11-01T10:17:35.074+0530] {processor.py:157} INFO - Started process (PID=953176) to work on /home/harika/airflow/dags/taskgroup.py
[2023-11-01T10:17:35.081+0530] {processor.py:829} INFO - Processing file /home/harika/airflow/dags/taskgroup.py for tasks to queue
[2023-11-01T10:17:35.081+0530] {logging_mixin.py:151} INFO - [2023-11-01T10:17:35.081+0530] {dagbag.py:539} INFO - Filling up the DagBag from /home/harika/airflow/dags/taskgroup.py
[2023-11-01T10:17:35.083+0530] {processor.py:841} WARNING - No viable dags retrieved from /home/harika/airflow/dags/taskgroup.py
[2023-11-01T10:17:35.090+0530] {processor.py:179} INFO - Processing /home/harika/airflow/dags/taskgroup.py took 0.019 seconds
[2023-11-01T10:18:19.735+0530] {processor.py:157} INFO - Started process (PID=954049) to work on /home/harika/airflow/dags/taskgroup.py
[2023-11-01T10:18:19.735+0530] {processor.py:829} INFO - Processing file /home/harika/airflow/dags/taskgroup.py for tasks to queue
[2023-11-01T10:18:19.736+0530] {logging_mixin.py:151} INFO - [2023-11-01T10:18:19.736+0530] {dagbag.py:539} INFO - Filling up the DagBag from /home/harika/airflow/dags/taskgroup.py
[2023-11-01T10:18:19.738+0530] {processor.py:841} WARNING - No viable dags retrieved from /home/harika/airflow/dags/taskgroup.py
[2023-11-01T10:18:19.747+0530] {processor.py:179} INFO - Processing /home/harika/airflow/dags/taskgroup.py took 0.015 seconds
[2023-11-01T10:18:50.971+0530] {processor.py:157} INFO - Started process (PID=954695) to work on /home/harika/airflow/dags/taskgroup.py
[2023-11-01T10:18:50.971+0530] {processor.py:829} INFO - Processing file /home/harika/airflow/dags/taskgroup.py for tasks to queue
[2023-11-01T10:18:50.972+0530] {logging_mixin.py:151} INFO - [2023-11-01T10:18:50.972+0530] {dagbag.py:539} INFO - Filling up the DagBag from /home/harika/airflow/dags/taskgroup.py
[2023-11-01T10:18:50.973+0530] {processor.py:841} WARNING - No viable dags retrieved from /home/harika/airflow/dags/taskgroup.py
[2023-11-01T10:18:50.980+0530] {processor.py:179} INFO - Processing /home/harika/airflow/dags/taskgroup.py took 0.012 seconds
[2023-11-01T10:20:00.647+0530] {processor.py:157} INFO - Started process (PID=956148) to work on /home/harika/airflow/dags/taskgroup.py
[2023-11-01T10:20:00.654+0530] {processor.py:829} INFO - Processing file /home/harika/airflow/dags/taskgroup.py for tasks to queue
[2023-11-01T10:20:00.655+0530] {logging_mixin.py:151} INFO - [2023-11-01T10:20:00.655+0530] {dagbag.py:539} INFO - Filling up the DagBag from /home/harika/airflow/dags/taskgroup.py
[2023-11-01T10:20:00.656+0530] {processor.py:841} WARNING - No viable dags retrieved from /home/harika/airflow/dags/taskgroup.py
[2023-11-01T10:20:00.663+0530] {processor.py:179} INFO - Processing /home/harika/airflow/dags/taskgroup.py took 0.018 seconds
[2023-11-01T10:20:42.712+0530] {processor.py:157} INFO - Started process (PID=956902) to work on /home/harika/airflow/dags/taskgroup.py
[2023-11-01T10:20:42.719+0530] {processor.py:829} INFO - Processing file /home/harika/airflow/dags/taskgroup.py for tasks to queue
[2023-11-01T10:20:42.721+0530] {logging_mixin.py:151} INFO - [2023-11-01T10:20:42.720+0530] {dagbag.py:539} INFO - Filling up the DagBag from /home/harika/airflow/dags/taskgroup.py
[2023-11-01T10:20:42.726+0530] {processor.py:841} WARNING - No viable dags retrieved from /home/harika/airflow/dags/taskgroup.py
[2023-11-01T10:20:42.743+0530] {processor.py:179} INFO - Processing /home/harika/airflow/dags/taskgroup.py took 0.034 seconds
[2023-11-01T10:21:25.068+0530] {processor.py:157} INFO - Started process (PID=957735) to work on /home/harika/airflow/dags/taskgroup.py
[2023-11-01T10:21:25.069+0530] {processor.py:829} INFO - Processing file /home/harika/airflow/dags/taskgroup.py for tasks to queue
[2023-11-01T10:21:25.070+0530] {logging_mixin.py:151} INFO - [2023-11-01T10:21:25.069+0530] {dagbag.py:539} INFO - Filling up the DagBag from /home/harika/airflow/dags/taskgroup.py
[2023-11-01T10:21:25.072+0530] {processor.py:841} WARNING - No viable dags retrieved from /home/harika/airflow/dags/taskgroup.py
[2023-11-01T10:21:25.083+0530] {processor.py:179} INFO - Processing /home/harika/airflow/dags/taskgroup.py took 0.018 seconds
[2023-11-01T10:22:43.900+0530] {processor.py:157} INFO - Started process (PID=959286) to work on /home/harika/airflow/dags/taskgroup.py
[2023-11-01T10:22:43.901+0530] {processor.py:829} INFO - Processing file /home/harika/airflow/dags/taskgroup.py for tasks to queue
[2023-11-01T10:22:43.902+0530] {logging_mixin.py:151} INFO - [2023-11-01T10:22:43.901+0530] {dagbag.py:539} INFO - Filling up the DagBag from /home/harika/airflow/dags/taskgroup.py
[2023-11-01T10:22:43.903+0530] {processor.py:841} WARNING - No viable dags retrieved from /home/harika/airflow/dags/taskgroup.py
[2023-11-01T10:22:43.910+0530] {processor.py:179} INFO - Processing /home/harika/airflow/dags/taskgroup.py took 0.012 seconds
[2023-11-01T10:23:24.316+0530] {processor.py:157} INFO - Started process (PID=960109) to work on /home/harika/airflow/dags/taskgroup.py
[2023-11-01T10:23:24.317+0530] {processor.py:829} INFO - Processing file /home/harika/airflow/dags/taskgroup.py for tasks to queue
[2023-11-01T10:23:24.317+0530] {logging_mixin.py:151} INFO - [2023-11-01T10:23:24.317+0530] {dagbag.py:539} INFO - Filling up the DagBag from /home/harika/airflow/dags/taskgroup.py
[2023-11-01T10:23:24.319+0530] {processor.py:841} WARNING - No viable dags retrieved from /home/harika/airflow/dags/taskgroup.py
[2023-11-01T10:23:24.327+0530] {processor.py:179} INFO - Processing /home/harika/airflow/dags/taskgroup.py took 0.014 seconds
[2023-11-01T10:24:43.089+0530] {processor.py:157} INFO - Started process (PID=961701) to work on /home/harika/airflow/dags/taskgroup.py
[2023-11-01T10:24:43.096+0530] {processor.py:829} INFO - Processing file /home/harika/airflow/dags/taskgroup.py for tasks to queue
[2023-11-01T10:24:43.097+0530] {logging_mixin.py:151} INFO - [2023-11-01T10:24:43.096+0530] {dagbag.py:539} INFO - Filling up the DagBag from /home/harika/airflow/dags/taskgroup.py
[2023-11-01T10:24:43.099+0530] {processor.py:841} WARNING - No viable dags retrieved from /home/harika/airflow/dags/taskgroup.py
[2023-11-01T10:24:43.110+0530] {processor.py:179} INFO - Processing /home/harika/airflow/dags/taskgroup.py took 0.023 seconds
[2023-11-01T10:25:21.230+0530] {processor.py:157} INFO - Started process (PID=962499) to work on /home/harika/airflow/dags/taskgroup.py
[2023-11-01T10:25:21.236+0530] {processor.py:829} INFO - Processing file /home/harika/airflow/dags/taskgroup.py for tasks to queue
[2023-11-01T10:25:21.237+0530] {logging_mixin.py:151} INFO - [2023-11-01T10:25:21.237+0530] {dagbag.py:539} INFO - Filling up the DagBag from /home/harika/airflow/dags/taskgroup.py
[2023-11-01T10:25:21.238+0530] {processor.py:841} WARNING - No viable dags retrieved from /home/harika/airflow/dags/taskgroup.py
[2023-11-01T10:25:21.247+0530] {processor.py:179} INFO - Processing /home/harika/airflow/dags/taskgroup.py took 0.020 seconds
[2023-11-01T10:26:05.387+0530] {processor.py:157} INFO - Started process (PID=963404) to work on /home/harika/airflow/dags/taskgroup.py
[2023-11-01T10:26:05.394+0530] {processor.py:829} INFO - Processing file /home/harika/airflow/dags/taskgroup.py for tasks to queue
[2023-11-01T10:26:05.397+0530] {logging_mixin.py:151} INFO - [2023-11-01T10:26:05.396+0530] {dagbag.py:539} INFO - Filling up the DagBag from /home/harika/airflow/dags/taskgroup.py
[2023-11-01T10:26:05.401+0530] {processor.py:841} WARNING - No viable dags retrieved from /home/harika/airflow/dags/taskgroup.py
[2023-11-01T10:26:05.421+0530] {processor.py:179} INFO - Processing /home/harika/airflow/dags/taskgroup.py took 0.041 seconds
[2023-11-01T10:26:54.490+0530] {processor.py:157} INFO - Started process (PID=964327) to work on /home/harika/airflow/dags/taskgroup.py
[2023-11-01T10:26:54.491+0530] {processor.py:829} INFO - Processing file /home/harika/airflow/dags/taskgroup.py for tasks to queue
[2023-11-01T10:26:54.491+0530] {logging_mixin.py:151} INFO - [2023-11-01T10:26:54.491+0530] {dagbag.py:539} INFO - Filling up the DagBag from /home/harika/airflow/dags/taskgroup.py
[2023-11-01T10:26:54.493+0530] {processor.py:841} WARNING - No viable dags retrieved from /home/harika/airflow/dags/taskgroup.py
[2023-11-01T10:26:54.501+0530] {processor.py:179} INFO - Processing /home/harika/airflow/dags/taskgroup.py took 0.013 seconds
[2023-11-01T10:27:44.500+0530] {processor.py:157} INFO - Started process (PID=965391) to work on /home/harika/airflow/dags/taskgroup.py
[2023-11-01T10:27:44.501+0530] {processor.py:829} INFO - Processing file /home/harika/airflow/dags/taskgroup.py for tasks to queue
[2023-11-01T10:27:44.502+0530] {logging_mixin.py:151} INFO - [2023-11-01T10:27:44.502+0530] {dagbag.py:539} INFO - Filling up the DagBag from /home/harika/airflow/dags/taskgroup.py
[2023-11-01T10:27:44.504+0530] {processor.py:841} WARNING - No viable dags retrieved from /home/harika/airflow/dags/taskgroup.py
[2023-11-01T10:27:44.514+0530] {processor.py:179} INFO - Processing /home/harika/airflow/dags/taskgroup.py took 0.018 seconds
[2023-11-01T10:29:02.900+0530] {processor.py:157} INFO - Started process (PID=966913) to work on /home/harika/airflow/dags/taskgroup.py
[2023-11-01T10:29:02.907+0530] {processor.py:829} INFO - Processing file /home/harika/airflow/dags/taskgroup.py for tasks to queue
[2023-11-01T10:29:02.908+0530] {logging_mixin.py:151} INFO - [2023-11-01T10:29:02.908+0530] {dagbag.py:539} INFO - Filling up the DagBag from /home/harika/airflow/dags/taskgroup.py
[2023-11-01T10:29:02.909+0530] {processor.py:841} WARNING - No viable dags retrieved from /home/harika/airflow/dags/taskgroup.py
[2023-11-01T10:29:02.918+0530] {processor.py:179} INFO - Processing /home/harika/airflow/dags/taskgroup.py took 0.025 seconds
[2023-11-01T10:29:53.300+0530] {processor.py:157} INFO - Started process (PID=967841) to work on /home/harika/airflow/dags/taskgroup.py
[2023-11-01T10:29:53.307+0530] {processor.py:829} INFO - Processing file /home/harika/airflow/dags/taskgroup.py for tasks to queue
[2023-11-01T10:29:53.307+0530] {logging_mixin.py:151} INFO - [2023-11-01T10:29:53.307+0530] {dagbag.py:539} INFO - Filling up the DagBag from /home/harika/airflow/dags/taskgroup.py
[2023-11-01T10:29:53.309+0530] {processor.py:841} WARNING - No viable dags retrieved from /home/harika/airflow/dags/taskgroup.py
[2023-11-01T10:29:53.317+0530] {processor.py:179} INFO - Processing /home/harika/airflow/dags/taskgroup.py took 0.019 seconds
[2023-11-01T10:30:32.432+0530] {processor.py:157} INFO - Started process (PID=968617) to work on /home/harika/airflow/dags/taskgroup.py
[2023-11-01T10:30:32.439+0530] {processor.py:829} INFO - Processing file /home/harika/airflow/dags/taskgroup.py for tasks to queue
[2023-11-01T10:30:32.439+0530] {logging_mixin.py:151} INFO - [2023-11-01T10:30:32.439+0530] {dagbag.py:539} INFO - Filling up the DagBag from /home/harika/airflow/dags/taskgroup.py
[2023-11-01T10:30:32.441+0530] {processor.py:841} WARNING - No viable dags retrieved from /home/harika/airflow/dags/taskgroup.py
[2023-11-01T10:30:32.452+0530] {processor.py:179} INFO - Processing /home/harika/airflow/dags/taskgroup.py took 0.023 seconds
[2023-11-01T10:31:13.890+0530] {processor.py:157} INFO - Started process (PID=969365) to work on /home/harika/airflow/dags/taskgroup.py
[2023-11-01T10:31:13.898+0530] {processor.py:829} INFO - Processing file /home/harika/airflow/dags/taskgroup.py for tasks to queue
[2023-11-01T10:31:13.900+0530] {logging_mixin.py:151} INFO - [2023-11-01T10:31:13.899+0530] {dagbag.py:539} INFO - Filling up the DagBag from /home/harika/airflow/dags/taskgroup.py
[2023-11-01T10:31:13.905+0530] {processor.py:841} WARNING - No viable dags retrieved from /home/harika/airflow/dags/taskgroup.py
[2023-11-01T10:31:13.924+0530] {processor.py:179} INFO - Processing /home/harika/airflow/dags/taskgroup.py took 0.040 seconds
[2023-11-01T10:32:04.624+0530] {processor.py:157} INFO - Started process (PID=970424) to work on /home/harika/airflow/dags/taskgroup.py
[2023-11-01T10:32:04.631+0530] {processor.py:829} INFO - Processing file /home/harika/airflow/dags/taskgroup.py for tasks to queue
[2023-11-01T10:32:04.631+0530] {logging_mixin.py:151} INFO - [2023-11-01T10:32:04.631+0530] {dagbag.py:539} INFO - Filling up the DagBag from /home/harika/airflow/dags/taskgroup.py
[2023-11-01T10:32:04.633+0530] {processor.py:841} WARNING - No viable dags retrieved from /home/harika/airflow/dags/taskgroup.py
[2023-11-01T10:32:04.642+0530] {processor.py:179} INFO - Processing /home/harika/airflow/dags/taskgroup.py took 0.020 seconds
[2023-11-01T10:32:45.793+0530] {processor.py:157} INFO - Started process (PID=971226) to work on /home/harika/airflow/dags/taskgroup.py
[2023-11-01T10:32:45.801+0530] {processor.py:829} INFO - Processing file /home/harika/airflow/dags/taskgroup.py for tasks to queue
[2023-11-01T10:32:45.803+0530] {logging_mixin.py:151} INFO - [2023-11-01T10:32:45.802+0530] {dagbag.py:539} INFO - Filling up the DagBag from /home/harika/airflow/dags/taskgroup.py
[2023-11-01T10:32:45.807+0530] {processor.py:841} WARNING - No viable dags retrieved from /home/harika/airflow/dags/taskgroup.py
[2023-11-01T10:32:45.827+0530] {processor.py:179} INFO - Processing /home/harika/airflow/dags/taskgroup.py took 0.040 seconds
[2023-11-01T10:33:25.468+0530] {processor.py:157} INFO - Started process (PID=971950) to work on /home/harika/airflow/dags/taskgroup.py
[2023-11-01T10:33:25.475+0530] {processor.py:829} INFO - Processing file /home/harika/airflow/dags/taskgroup.py for tasks to queue
[2023-11-01T10:33:25.477+0530] {logging_mixin.py:151} INFO - [2023-11-01T10:33:25.476+0530] {dagbag.py:539} INFO - Filling up the DagBag from /home/harika/airflow/dags/taskgroup.py
[2023-11-01T10:33:25.482+0530] {processor.py:841} WARNING - No viable dags retrieved from /home/harika/airflow/dags/taskgroup.py
[2023-11-01T10:33:25.504+0530] {processor.py:179} INFO - Processing /home/harika/airflow/dags/taskgroup.py took 0.038 seconds
[2023-11-01T10:34:09.158+0530] {processor.py:157} INFO - Started process (PID=972840) to work on /home/harika/airflow/dags/taskgroup.py
[2023-11-01T10:34:09.159+0530] {processor.py:829} INFO - Processing file /home/harika/airflow/dags/taskgroup.py for tasks to queue
[2023-11-01T10:34:09.159+0530] {logging_mixin.py:151} INFO - [2023-11-01T10:34:09.159+0530] {dagbag.py:539} INFO - Filling up the DagBag from /home/harika/airflow/dags/taskgroup.py
[2023-11-01T10:34:09.161+0530] {processor.py:841} WARNING - No viable dags retrieved from /home/harika/airflow/dags/taskgroup.py
[2023-11-01T10:34:09.169+0530] {processor.py:179} INFO - Processing /home/harika/airflow/dags/taskgroup.py took 0.013 seconds
[2023-11-01T10:34:49.969+0530] {processor.py:157} INFO - Started process (PID=973643) to work on /home/harika/airflow/dags/taskgroup.py
[2023-11-01T10:34:49.970+0530] {processor.py:829} INFO - Processing file /home/harika/airflow/dags/taskgroup.py for tasks to queue
[2023-11-01T10:34:49.970+0530] {logging_mixin.py:151} INFO - [2023-11-01T10:34:49.970+0530] {dagbag.py:539} INFO - Filling up the DagBag from /home/harika/airflow/dags/taskgroup.py
[2023-11-01T10:34:49.972+0530] {processor.py:841} WARNING - No viable dags retrieved from /home/harika/airflow/dags/taskgroup.py
[2023-11-01T10:34:49.979+0530] {processor.py:179} INFO - Processing /home/harika/airflow/dags/taskgroup.py took 0.013 seconds
[2023-11-01T10:35:29.767+0530] {processor.py:157} INFO - Started process (PID=974497) to work on /home/harika/airflow/dags/taskgroup.py
[2023-11-01T10:35:29.769+0530] {processor.py:829} INFO - Processing file /home/harika/airflow/dags/taskgroup.py for tasks to queue
[2023-11-01T10:35:29.771+0530] {logging_mixin.py:151} INFO - [2023-11-01T10:35:29.770+0530] {dagbag.py:539} INFO - Filling up the DagBag from /home/harika/airflow/dags/taskgroup.py
[2023-11-01T10:35:29.775+0530] {processor.py:841} WARNING - No viable dags retrieved from /home/harika/airflow/dags/taskgroup.py
[2023-11-01T10:35:29.786+0530] {processor.py:179} INFO - Processing /home/harika/airflow/dags/taskgroup.py took 0.025 seconds
[2023-11-01T10:36:14.842+0530] {processor.py:157} INFO - Started process (PID=975403) to work on /home/harika/airflow/dags/taskgroup.py
[2023-11-01T10:36:14.849+0530] {processor.py:829} INFO - Processing file /home/harika/airflow/dags/taskgroup.py for tasks to queue
[2023-11-01T10:36:14.850+0530] {logging_mixin.py:151} INFO - [2023-11-01T10:36:14.850+0530] {dagbag.py:539} INFO - Filling up the DagBag from /home/harika/airflow/dags/taskgroup.py
[2023-11-01T10:36:14.853+0530] {processor.py:841} WARNING - No viable dags retrieved from /home/harika/airflow/dags/taskgroup.py
[2023-11-01T10:36:14.869+0530] {processor.py:179} INFO - Processing /home/harika/airflow/dags/taskgroup.py took 0.029 seconds
[2023-11-01T10:37:01.431+0530] {processor.py:157} INFO - Started process (PID=976288) to work on /home/harika/airflow/dags/taskgroup.py
[2023-11-01T10:37:01.438+0530] {processor.py:829} INFO - Processing file /home/harika/airflow/dags/taskgroup.py for tasks to queue
[2023-11-01T10:37:01.440+0530] {logging_mixin.py:151} INFO - [2023-11-01T10:37:01.439+0530] {dagbag.py:539} INFO - Filling up the DagBag from /home/harika/airflow/dags/taskgroup.py
[2023-11-01T10:37:01.445+0530] {processor.py:841} WARNING - No viable dags retrieved from /home/harika/airflow/dags/taskgroup.py
[2023-11-01T10:37:01.467+0530] {processor.py:179} INFO - Processing /home/harika/airflow/dags/taskgroup.py took 0.039 seconds
[2023-11-01T10:37:39.582+0530] {processor.py:157} INFO - Started process (PID=976940) to work on /home/harika/airflow/dags/taskgroup.py
[2023-11-01T10:37:39.589+0530] {processor.py:829} INFO - Processing file /home/harika/airflow/dags/taskgroup.py for tasks to queue
[2023-11-01T10:37:39.589+0530] {logging_mixin.py:151} INFO - [2023-11-01T10:37:39.589+0530] {dagbag.py:539} INFO - Filling up the DagBag from /home/harika/airflow/dags/taskgroup.py
[2023-11-01T10:37:39.591+0530] {processor.py:841} WARNING - No viable dags retrieved from /home/harika/airflow/dags/taskgroup.py
[2023-11-01T10:37:39.599+0530] {processor.py:179} INFO - Processing /home/harika/airflow/dags/taskgroup.py took 0.020 seconds
[2023-11-01T10:38:22.887+0530] {processor.py:157} INFO - Started process (PID=977826) to work on /home/harika/airflow/dags/taskgroup.py
[2023-11-01T10:38:22.889+0530] {processor.py:829} INFO - Processing file /home/harika/airflow/dags/taskgroup.py for tasks to queue
[2023-11-01T10:38:22.891+0530] {logging_mixin.py:151} INFO - [2023-11-01T10:38:22.890+0530] {dagbag.py:539} INFO - Filling up the DagBag from /home/harika/airflow/dags/taskgroup.py
[2023-11-01T10:38:22.895+0530] {processor.py:841} WARNING - No viable dags retrieved from /home/harika/airflow/dags/taskgroup.py
[2023-11-01T10:38:22.915+0530] {processor.py:179} INFO - Processing /home/harika/airflow/dags/taskgroup.py took 0.034 seconds
[2023-11-01T10:39:07.547+0530] {processor.py:157} INFO - Started process (PID=978707) to work on /home/harika/airflow/dags/taskgroup.py
[2023-11-01T10:39:07.548+0530] {processor.py:829} INFO - Processing file /home/harika/airflow/dags/taskgroup.py for tasks to queue
[2023-11-01T10:39:07.548+0530] {logging_mixin.py:151} INFO - [2023-11-01T10:39:07.548+0530] {dagbag.py:539} INFO - Filling up the DagBag from /home/harika/airflow/dags/taskgroup.py
[2023-11-01T10:39:07.550+0530] {processor.py:841} WARNING - No viable dags retrieved from /home/harika/airflow/dags/taskgroup.py
[2023-11-01T10:39:07.559+0530] {processor.py:179} INFO - Processing /home/harika/airflow/dags/taskgroup.py took 0.014 seconds
[2023-11-01T10:40:25.584+0530] {processor.py:157} INFO - Started process (PID=980204) to work on /home/harika/airflow/dags/taskgroup.py
[2023-11-01T10:40:25.585+0530] {processor.py:829} INFO - Processing file /home/harika/airflow/dags/taskgroup.py for tasks to queue
[2023-11-01T10:40:25.585+0530] {logging_mixin.py:151} INFO - [2023-11-01T10:40:25.585+0530] {dagbag.py:539} INFO - Filling up the DagBag from /home/harika/airflow/dags/taskgroup.py
[2023-11-01T10:40:25.587+0530] {processor.py:841} WARNING - No viable dags retrieved from /home/harika/airflow/dags/taskgroup.py
[2023-11-01T10:40:25.595+0530] {processor.py:179} INFO - Processing /home/harika/airflow/dags/taskgroup.py took 0.013 seconds
[2023-11-01T10:41:34.974+0530] {processor.py:157} INFO - Started process (PID=981626) to work on /home/harika/airflow/dags/taskgroup.py
[2023-11-01T10:41:34.976+0530] {processor.py:829} INFO - Processing file /home/harika/airflow/dags/taskgroup.py for tasks to queue
[2023-11-01T10:41:34.978+0530] {logging_mixin.py:151} INFO - [2023-11-01T10:41:34.977+0530] {dagbag.py:539} INFO - Filling up the DagBag from /home/harika/airflow/dags/taskgroup.py
[2023-11-01T10:41:34.982+0530] {processor.py:841} WARNING - No viable dags retrieved from /home/harika/airflow/dags/taskgroup.py
[2023-11-01T10:41:35.007+0530] {processor.py:179} INFO - Processing /home/harika/airflow/dags/taskgroup.py took 0.039 seconds
[2023-11-01T10:42:54.699+0530] {processor.py:157} INFO - Started process (PID=983081) to work on /home/harika/airflow/dags/taskgroup.py
[2023-11-01T10:42:54.706+0530] {processor.py:829} INFO - Processing file /home/harika/airflow/dags/taskgroup.py for tasks to queue
[2023-11-01T10:42:54.708+0530] {logging_mixin.py:151} INFO - [2023-11-01T10:42:54.708+0530] {dagbag.py:539} INFO - Filling up the DagBag from /home/harika/airflow/dags/taskgroup.py
[2023-11-01T10:42:54.713+0530] {processor.py:841} WARNING - No viable dags retrieved from /home/harika/airflow/dags/taskgroup.py
[2023-11-01T10:42:54.737+0530] {processor.py:179} INFO - Processing /home/harika/airflow/dags/taskgroup.py took 0.045 seconds
[2023-11-01T10:44:51.428+0530] {processor.py:157} INFO - Started process (PID=985193) to work on /home/harika/airflow/dags/taskgroup.py
[2023-11-01T10:44:51.436+0530] {processor.py:829} INFO - Processing file /home/harika/airflow/dags/taskgroup.py for tasks to queue
[2023-11-01T10:44:51.438+0530] {logging_mixin.py:151} INFO - [2023-11-01T10:44:51.437+0530] {dagbag.py:539} INFO - Filling up the DagBag from /home/harika/airflow/dags/taskgroup.py
[2023-11-01T10:44:51.442+0530] {processor.py:841} WARNING - No viable dags retrieved from /home/harika/airflow/dags/taskgroup.py
[2023-11-01T10:44:51.465+0530] {processor.py:179} INFO - Processing /home/harika/airflow/dags/taskgroup.py took 0.044 seconds
[2023-11-01T10:49:00.747+0530] {processor.py:157} INFO - Started process (PID=987522) to work on /home/harika/airflow/dags/taskgroup.py
[2023-11-01T10:49:00.749+0530] {processor.py:829} INFO - Processing file /home/harika/airflow/dags/taskgroup.py for tasks to queue
[2023-11-01T10:49:00.751+0530] {logging_mixin.py:151} INFO - [2023-11-01T10:49:00.750+0530] {dagbag.py:539} INFO - Filling up the DagBag from /home/harika/airflow/dags/taskgroup.py
[2023-11-01T10:49:00.756+0530] {processor.py:841} WARNING - No viable dags retrieved from /home/harika/airflow/dags/taskgroup.py
[2023-11-01T10:49:00.782+0530] {processor.py:179} INFO - Processing /home/harika/airflow/dags/taskgroup.py took 0.042 seconds
[2023-11-01T10:51:13.873+0530] {processor.py:157} INFO - Started process (PID=990047) to work on /home/harika/airflow/dags/taskgroup.py
[2023-11-01T10:51:13.881+0530] {processor.py:829} INFO - Processing file /home/harika/airflow/dags/taskgroup.py for tasks to queue
[2023-11-01T10:51:13.883+0530] {logging_mixin.py:151} INFO - [2023-11-01T10:51:13.882+0530] {dagbag.py:539} INFO - Filling up the DagBag from /home/harika/airflow/dags/taskgroup.py
[2023-11-01T10:51:13.887+0530] {processor.py:841} WARNING - No viable dags retrieved from /home/harika/airflow/dags/taskgroup.py
[2023-11-01T10:51:13.913+0530] {processor.py:179} INFO - Processing /home/harika/airflow/dags/taskgroup.py took 0.048 seconds
[2023-11-01T10:52:50.243+0530] {processor.py:157} INFO - Started process (PID=991883) to work on /home/harika/airflow/dags/taskgroup.py
[2023-11-01T10:52:50.251+0530] {processor.py:829} INFO - Processing file /home/harika/airflow/dags/taskgroup.py for tasks to queue
[2023-11-01T10:52:50.252+0530] {logging_mixin.py:151} INFO - [2023-11-01T10:52:50.252+0530] {dagbag.py:539} INFO - Filling up the DagBag from /home/harika/airflow/dags/taskgroup.py
[2023-11-01T10:52:50.256+0530] {processor.py:841} WARNING - No viable dags retrieved from /home/harika/airflow/dags/taskgroup.py
[2023-11-01T10:52:50.270+0530] {processor.py:179} INFO - Processing /home/harika/airflow/dags/taskgroup.py took 0.032 seconds
[2023-11-01T10:53:38.076+0530] {processor.py:157} INFO - Started process (PID=992851) to work on /home/harika/airflow/dags/taskgroup.py
[2023-11-01T10:53:38.083+0530] {processor.py:829} INFO - Processing file /home/harika/airflow/dags/taskgroup.py for tasks to queue
[2023-11-01T10:53:38.084+0530] {logging_mixin.py:151} INFO - [2023-11-01T10:53:38.083+0530] {dagbag.py:539} INFO - Filling up the DagBag from /home/harika/airflow/dags/taskgroup.py
[2023-11-01T10:53:38.086+0530] {processor.py:841} WARNING - No viable dags retrieved from /home/harika/airflow/dags/taskgroup.py
[2023-11-01T10:53:38.096+0530] {processor.py:179} INFO - Processing /home/harika/airflow/dags/taskgroup.py took 0.025 seconds
[2023-11-01T10:54:23.017+0530] {processor.py:157} INFO - Started process (PID=993707) to work on /home/harika/airflow/dags/taskgroup.py
[2023-11-01T10:54:23.024+0530] {processor.py:829} INFO - Processing file /home/harika/airflow/dags/taskgroup.py for tasks to queue
[2023-11-01T10:54:23.025+0530] {logging_mixin.py:151} INFO - [2023-11-01T10:54:23.025+0530] {dagbag.py:539} INFO - Filling up the DagBag from /home/harika/airflow/dags/taskgroup.py
[2023-11-01T10:54:23.028+0530] {processor.py:841} WARNING - No viable dags retrieved from /home/harika/airflow/dags/taskgroup.py
[2023-11-01T10:54:23.038+0530] {processor.py:179} INFO - Processing /home/harika/airflow/dags/taskgroup.py took 0.024 seconds
[2023-11-01T10:55:14.097+0530] {processor.py:157} INFO - Started process (PID=994769) to work on /home/harika/airflow/dags/taskgroup.py
[2023-11-01T10:55:14.104+0530] {processor.py:829} INFO - Processing file /home/harika/airflow/dags/taskgroup.py for tasks to queue
[2023-11-01T10:55:14.104+0530] {logging_mixin.py:151} INFO - [2023-11-01T10:55:14.104+0530] {dagbag.py:539} INFO - Filling up the DagBag from /home/harika/airflow/dags/taskgroup.py
[2023-11-01T10:55:14.106+0530] {processor.py:841} WARNING - No viable dags retrieved from /home/harika/airflow/dags/taskgroup.py
[2023-11-01T10:55:14.117+0530] {processor.py:179} INFO - Processing /home/harika/airflow/dags/taskgroup.py took 0.022 seconds
[2023-11-01T10:56:06.764+0530] {processor.py:157} INFO - Started process (PID=995808) to work on /home/harika/airflow/dags/taskgroup.py
[2023-11-01T10:56:06.772+0530] {processor.py:829} INFO - Processing file /home/harika/airflow/dags/taskgroup.py for tasks to queue
[2023-11-01T10:56:06.774+0530] {logging_mixin.py:151} INFO - [2023-11-01T10:56:06.773+0530] {dagbag.py:539} INFO - Filling up the DagBag from /home/harika/airflow/dags/taskgroup.py
[2023-11-01T10:56:06.777+0530] {processor.py:841} WARNING - No viable dags retrieved from /home/harika/airflow/dags/taskgroup.py
[2023-11-01T10:56:06.799+0530] {processor.py:179} INFO - Processing /home/harika/airflow/dags/taskgroup.py took 0.037 seconds
[2023-11-01T10:56:54.874+0530] {processor.py:157} INFO - Started process (PID=996815) to work on /home/harika/airflow/dags/taskgroup.py
[2023-11-01T10:56:54.875+0530] {processor.py:829} INFO - Processing file /home/harika/airflow/dags/taskgroup.py for tasks to queue
[2023-11-01T10:56:54.875+0530] {logging_mixin.py:151} INFO - [2023-11-01T10:56:54.875+0530] {dagbag.py:539} INFO - Filling up the DagBag from /home/harika/airflow/dags/taskgroup.py
[2023-11-01T10:56:54.877+0530] {processor.py:841} WARNING - No viable dags retrieved from /home/harika/airflow/dags/taskgroup.py
[2023-11-01T10:56:54.885+0530] {processor.py:179} INFO - Processing /home/harika/airflow/dags/taskgroup.py took 0.014 seconds
[2023-11-01T10:57:35.749+0530] {processor.py:157} INFO - Started process (PID=997514) to work on /home/harika/airflow/dags/taskgroup.py
[2023-11-01T10:57:35.751+0530] {processor.py:829} INFO - Processing file /home/harika/airflow/dags/taskgroup.py for tasks to queue
[2023-11-01T10:57:35.751+0530] {logging_mixin.py:151} INFO - [2023-11-01T10:57:35.751+0530] {dagbag.py:539} INFO - Filling up the DagBag from /home/harika/airflow/dags/taskgroup.py
[2023-11-01T10:57:35.753+0530] {processor.py:841} WARNING - No viable dags retrieved from /home/harika/airflow/dags/taskgroup.py
[2023-11-01T10:57:35.764+0530] {processor.py:179} INFO - Processing /home/harika/airflow/dags/taskgroup.py took 0.019 seconds
[2023-11-01T10:58:19.436+0530] {processor.py:157} INFO - Started process (PID=998401) to work on /home/harika/airflow/dags/taskgroup.py
[2023-11-01T10:58:19.443+0530] {processor.py:829} INFO - Processing file /home/harika/airflow/dags/taskgroup.py for tasks to queue
[2023-11-01T10:58:19.446+0530] {logging_mixin.py:151} INFO - [2023-11-01T10:58:19.445+0530] {dagbag.py:539} INFO - Filling up the DagBag from /home/harika/airflow/dags/taskgroup.py
[2023-11-01T10:58:19.451+0530] {processor.py:841} WARNING - No viable dags retrieved from /home/harika/airflow/dags/taskgroup.py
[2023-11-01T10:58:19.473+0530] {processor.py:179} INFO - Processing /home/harika/airflow/dags/taskgroup.py took 0.040 seconds
[2023-11-01T10:59:04.632+0530] {processor.py:157} INFO - Started process (PID=999279) to work on /home/harika/airflow/dags/taskgroup.py
[2023-11-01T10:59:04.640+0530] {processor.py:829} INFO - Processing file /home/harika/airflow/dags/taskgroup.py for tasks to queue
[2023-11-01T10:59:04.643+0530] {logging_mixin.py:151} INFO - [2023-11-01T10:59:04.642+0530] {dagbag.py:539} INFO - Filling up the DagBag from /home/harika/airflow/dags/taskgroup.py
[2023-11-01T10:59:04.647+0530] {processor.py:841} WARNING - No viable dags retrieved from /home/harika/airflow/dags/taskgroup.py
[2023-11-01T10:59:04.667+0530] {processor.py:179} INFO - Processing /home/harika/airflow/dags/taskgroup.py took 0.042 seconds
[2023-11-01T10:59:49.686+0530] {processor.py:157} INFO - Started process (PID=1000162) to work on /home/harika/airflow/dags/taskgroup.py
[2023-11-01T10:59:49.687+0530] {processor.py:829} INFO - Processing file /home/harika/airflow/dags/taskgroup.py for tasks to queue
[2023-11-01T10:59:49.688+0530] {logging_mixin.py:151} INFO - [2023-11-01T10:59:49.687+0530] {dagbag.py:539} INFO - Filling up the DagBag from /home/harika/airflow/dags/taskgroup.py
[2023-11-01T10:59:49.689+0530] {processor.py:841} WARNING - No viable dags retrieved from /home/harika/airflow/dags/taskgroup.py
[2023-11-01T10:59:49.697+0530] {processor.py:179} INFO - Processing /home/harika/airflow/dags/taskgroup.py took 0.013 seconds
[2023-11-01T11:00:33.800+0530] {processor.py:157} INFO - Started process (PID=1001021) to work on /home/harika/airflow/dags/taskgroup.py
[2023-11-01T11:00:33.807+0530] {processor.py:829} INFO - Processing file /home/harika/airflow/dags/taskgroup.py for tasks to queue
[2023-11-01T11:00:33.809+0530] {logging_mixin.py:151} INFO - [2023-11-01T11:00:33.808+0530] {dagbag.py:539} INFO - Filling up the DagBag from /home/harika/airflow/dags/taskgroup.py
[2023-11-01T11:00:33.811+0530] {processor.py:841} WARNING - No viable dags retrieved from /home/harika/airflow/dags/taskgroup.py
[2023-11-01T11:00:33.825+0530] {processor.py:179} INFO - Processing /home/harika/airflow/dags/taskgroup.py took 0.028 seconds
[2023-11-01T11:01:20.849+0530] {processor.py:157} INFO - Started process (PID=1002072) to work on /home/harika/airflow/dags/taskgroup.py
[2023-11-01T11:01:20.858+0530] {processor.py:829} INFO - Processing file /home/harika/airflow/dags/taskgroup.py for tasks to queue
[2023-11-01T11:01:20.860+0530] {logging_mixin.py:151} INFO - [2023-11-01T11:01:20.859+0530] {dagbag.py:539} INFO - Filling up the DagBag from /home/harika/airflow/dags/taskgroup.py
[2023-11-01T11:01:20.865+0530] {processor.py:841} WARNING - No viable dags retrieved from /home/harika/airflow/dags/taskgroup.py
[2023-11-01T11:01:20.879+0530] {processor.py:179} INFO - Processing /home/harika/airflow/dags/taskgroup.py took 0.037 seconds
[2023-11-01T11:02:05.883+0530] {processor.py:157} INFO - Started process (PID=1002935) to work on /home/harika/airflow/dags/taskgroup.py
[2023-11-01T11:02:05.889+0530] {processor.py:829} INFO - Processing file /home/harika/airflow/dags/taskgroup.py for tasks to queue
[2023-11-01T11:02:05.890+0530] {logging_mixin.py:151} INFO - [2023-11-01T11:02:05.890+0530] {dagbag.py:539} INFO - Filling up the DagBag from /home/harika/airflow/dags/taskgroup.py
[2023-11-01T11:02:05.891+0530] {processor.py:841} WARNING - No viable dags retrieved from /home/harika/airflow/dags/taskgroup.py
[2023-11-01T11:02:05.900+0530] {processor.py:179} INFO - Processing /home/harika/airflow/dags/taskgroup.py took 0.020 seconds
[2023-11-01T11:02:49.546+0530] {processor.py:157} INFO - Started process (PID=1003805) to work on /home/harika/airflow/dags/taskgroup.py
[2023-11-01T11:02:49.547+0530] {processor.py:829} INFO - Processing file /home/harika/airflow/dags/taskgroup.py for tasks to queue
[2023-11-01T11:02:49.548+0530] {logging_mixin.py:151} INFO - [2023-11-01T11:02:49.548+0530] {dagbag.py:539} INFO - Filling up the DagBag from /home/harika/airflow/dags/taskgroup.py
[2023-11-01T11:02:49.550+0530] {processor.py:841} WARNING - No viable dags retrieved from /home/harika/airflow/dags/taskgroup.py
[2023-11-01T11:02:49.558+0530] {processor.py:179} INFO - Processing /home/harika/airflow/dags/taskgroup.py took 0.014 seconds
[2023-11-01T11:03:32.688+0530] {processor.py:157} INFO - Started process (PID=1004688) to work on /home/harika/airflow/dags/taskgroup.py
[2023-11-01T11:03:32.697+0530] {processor.py:829} INFO - Processing file /home/harika/airflow/dags/taskgroup.py for tasks to queue
[2023-11-01T11:03:32.699+0530] {logging_mixin.py:151} INFO - [2023-11-01T11:03:32.698+0530] {dagbag.py:539} INFO - Filling up the DagBag from /home/harika/airflow/dags/taskgroup.py
[2023-11-01T11:03:32.704+0530] {processor.py:841} WARNING - No viable dags retrieved from /home/harika/airflow/dags/taskgroup.py
[2023-11-01T11:03:32.722+0530] {processor.py:179} INFO - Processing /home/harika/airflow/dags/taskgroup.py took 0.041 seconds
[2023-11-01T11:04:20.115+0530] {processor.py:157} INFO - Started process (PID=1005574) to work on /home/harika/airflow/dags/taskgroup.py
[2023-11-01T11:04:20.122+0530] {processor.py:829} INFO - Processing file /home/harika/airflow/dags/taskgroup.py for tasks to queue
[2023-11-01T11:04:20.124+0530] {logging_mixin.py:151} INFO - [2023-11-01T11:04:20.123+0530] {dagbag.py:539} INFO - Filling up the DagBag from /home/harika/airflow/dags/taskgroup.py
[2023-11-01T11:04:20.129+0530] {processor.py:841} WARNING - No viable dags retrieved from /home/harika/airflow/dags/taskgroup.py
[2023-11-01T11:04:20.144+0530] {processor.py:179} INFO - Processing /home/harika/airflow/dags/taskgroup.py took 0.034 seconds
[2023-11-01T11:05:09.186+0530] {processor.py:157} INFO - Started process (PID=1006482) to work on /home/harika/airflow/dags/taskgroup.py
[2023-11-01T11:05:09.187+0530] {processor.py:829} INFO - Processing file /home/harika/airflow/dags/taskgroup.py for tasks to queue
[2023-11-01T11:05:09.188+0530] {logging_mixin.py:151} INFO - [2023-11-01T11:05:09.188+0530] {dagbag.py:539} INFO - Filling up the DagBag from /home/harika/airflow/dags/taskgroup.py
[2023-11-01T11:05:09.189+0530] {processor.py:841} WARNING - No viable dags retrieved from /home/harika/airflow/dags/taskgroup.py
[2023-11-01T11:05:09.198+0530] {processor.py:179} INFO - Processing /home/harika/airflow/dags/taskgroup.py took 0.013 seconds
[2023-11-01T11:05:50.100+0530] {processor.py:157} INFO - Started process (PID=1007317) to work on /home/harika/airflow/dags/taskgroup.py
[2023-11-01T11:05:50.106+0530] {processor.py:829} INFO - Processing file /home/harika/airflow/dags/taskgroup.py for tasks to queue
[2023-11-01T11:05:50.107+0530] {logging_mixin.py:151} INFO - [2023-11-01T11:05:50.106+0530] {dagbag.py:539} INFO - Filling up the DagBag from /home/harika/airflow/dags/taskgroup.py
[2023-11-01T11:05:50.108+0530] {processor.py:841} WARNING - No viable dags retrieved from /home/harika/airflow/dags/taskgroup.py
[2023-11-01T11:05:50.116+0530] {processor.py:179} INFO - Processing /home/harika/airflow/dags/taskgroup.py took 0.018 seconds
[2023-11-01T11:06:36.610+0530] {processor.py:157} INFO - Started process (PID=1008237) to work on /home/harika/airflow/dags/taskgroup.py
[2023-11-01T11:06:36.617+0530] {processor.py:829} INFO - Processing file /home/harika/airflow/dags/taskgroup.py for tasks to queue
[2023-11-01T11:06:36.618+0530] {logging_mixin.py:151} INFO - [2023-11-01T11:06:36.618+0530] {dagbag.py:539} INFO - Filling up the DagBag from /home/harika/airflow/dags/taskgroup.py
[2023-11-01T11:06:36.619+0530] {processor.py:841} WARNING - No viable dags retrieved from /home/harika/airflow/dags/taskgroup.py
[2023-11-01T11:06:36.626+0530] {processor.py:179} INFO - Processing /home/harika/airflow/dags/taskgroup.py took 0.018 seconds
[2023-11-01T11:07:22.976+0530] {processor.py:157} INFO - Started process (PID=1009138) to work on /home/harika/airflow/dags/taskgroup.py
[2023-11-01T11:07:22.983+0530] {processor.py:829} INFO - Processing file /home/harika/airflow/dags/taskgroup.py for tasks to queue
[2023-11-01T11:07:22.983+0530] {logging_mixin.py:151} INFO - [2023-11-01T11:07:22.983+0530] {dagbag.py:539} INFO - Filling up the DagBag from /home/harika/airflow/dags/taskgroup.py
[2023-11-01T11:07:22.985+0530] {processor.py:841} WARNING - No viable dags retrieved from /home/harika/airflow/dags/taskgroup.py
[2023-11-01T11:07:22.994+0530] {processor.py:179} INFO - Processing /home/harika/airflow/dags/taskgroup.py took 0.021 seconds
[2023-11-01T11:08:09.535+0530] {processor.py:157} INFO - Started process (PID=1010267) to work on /home/harika/airflow/dags/taskgroup.py
[2023-11-01T11:08:09.542+0530] {processor.py:829} INFO - Processing file /home/harika/airflow/dags/taskgroup.py for tasks to queue
[2023-11-01T11:08:09.543+0530] {logging_mixin.py:151} INFO - [2023-11-01T11:08:09.542+0530] {dagbag.py:539} INFO - Filling up the DagBag from /home/harika/airflow/dags/taskgroup.py
[2023-11-01T11:08:09.544+0530] {processor.py:841} WARNING - No viable dags retrieved from /home/harika/airflow/dags/taskgroup.py
[2023-11-01T11:08:09.551+0530] {processor.py:179} INFO - Processing /home/harika/airflow/dags/taskgroup.py took 0.017 seconds
[2023-11-01T11:08:54.373+0530] {processor.py:157} INFO - Started process (PID=1011142) to work on /home/harika/airflow/dags/taskgroup.py
[2023-11-01T11:08:54.380+0530] {processor.py:829} INFO - Processing file /home/harika/airflow/dags/taskgroup.py for tasks to queue
[2023-11-01T11:08:54.380+0530] {logging_mixin.py:151} INFO - [2023-11-01T11:08:54.380+0530] {dagbag.py:539} INFO - Filling up the DagBag from /home/harika/airflow/dags/taskgroup.py
[2023-11-01T11:08:54.382+0530] {processor.py:841} WARNING - No viable dags retrieved from /home/harika/airflow/dags/taskgroup.py
[2023-11-01T11:08:54.390+0530] {processor.py:179} INFO - Processing /home/harika/airflow/dags/taskgroup.py took 0.019 seconds
[2023-11-01T11:09:42.463+0530] {processor.py:157} INFO - Started process (PID=1012064) to work on /home/harika/airflow/dags/taskgroup.py
[2023-11-01T11:09:42.470+0530] {processor.py:829} INFO - Processing file /home/harika/airflow/dags/taskgroup.py for tasks to queue
[2023-11-01T11:09:42.471+0530] {logging_mixin.py:151} INFO - [2023-11-01T11:09:42.471+0530] {dagbag.py:539} INFO - Filling up the DagBag from /home/harika/airflow/dags/taskgroup.py
[2023-11-01T11:09:42.473+0530] {processor.py:841} WARNING - No viable dags retrieved from /home/harika/airflow/dags/taskgroup.py
[2023-11-01T11:09:42.481+0530] {processor.py:179} INFO - Processing /home/harika/airflow/dags/taskgroup.py took 0.019 seconds
[2023-11-01T11:10:29.854+0530] {processor.py:157} INFO - Started process (PID=1012961) to work on /home/harika/airflow/dags/taskgroup.py
[2023-11-01T11:10:29.862+0530] {processor.py:829} INFO - Processing file /home/harika/airflow/dags/taskgroup.py for tasks to queue
[2023-11-01T11:10:29.864+0530] {logging_mixin.py:151} INFO - [2023-11-01T11:10:29.863+0530] {dagbag.py:539} INFO - Filling up the DagBag from /home/harika/airflow/dags/taskgroup.py
[2023-11-01T11:10:29.866+0530] {processor.py:841} WARNING - No viable dags retrieved from /home/harika/airflow/dags/taskgroup.py
[2023-11-01T11:10:29.878+0530] {processor.py:179} INFO - Processing /home/harika/airflow/dags/taskgroup.py took 0.026 seconds
[2023-11-01T11:11:15.378+0530] {processor.py:157} INFO - Started process (PID=1014022) to work on /home/harika/airflow/dags/taskgroup.py
[2023-11-01T11:11:15.386+0530] {processor.py:829} INFO - Processing file /home/harika/airflow/dags/taskgroup.py for tasks to queue
[2023-11-01T11:11:15.388+0530] {logging_mixin.py:151} INFO - [2023-11-01T11:11:15.387+0530] {dagbag.py:539} INFO - Filling up the DagBag from /home/harika/airflow/dags/taskgroup.py
[2023-11-01T11:11:15.393+0530] {processor.py:841} WARNING - No viable dags retrieved from /home/harika/airflow/dags/taskgroup.py
[2023-11-01T11:11:15.409+0530] {processor.py:179} INFO - Processing /home/harika/airflow/dags/taskgroup.py took 0.037 seconds
[2023-11-01T11:12:07.054+0530] {processor.py:157} INFO - Started process (PID=1015105) to work on /home/harika/airflow/dags/taskgroup.py
[2023-11-01T11:12:07.061+0530] {processor.py:829} INFO - Processing file /home/harika/airflow/dags/taskgroup.py for tasks to queue
[2023-11-01T11:12:07.062+0530] {logging_mixin.py:151} INFO - [2023-11-01T11:12:07.061+0530] {dagbag.py:539} INFO - Filling up the DagBag from /home/harika/airflow/dags/taskgroup.py
[2023-11-01T11:12:07.063+0530] {processor.py:841} WARNING - No viable dags retrieved from /home/harika/airflow/dags/taskgroup.py
[2023-11-01T11:12:07.070+0530] {processor.py:179} INFO - Processing /home/harika/airflow/dags/taskgroup.py took 0.018 seconds
[2023-11-01T11:13:22.603+0530] {processor.py:157} INFO - Started process (PID=1016661) to work on /home/harika/airflow/dags/taskgroup.py
[2023-11-01T11:13:22.604+0530] {processor.py:829} INFO - Processing file /home/harika/airflow/dags/taskgroup.py for tasks to queue
[2023-11-01T11:13:22.605+0530] {logging_mixin.py:151} INFO - [2023-11-01T11:13:22.604+0530] {dagbag.py:539} INFO - Filling up the DagBag from /home/harika/airflow/dags/taskgroup.py
[2023-11-01T11:13:22.606+0530] {processor.py:841} WARNING - No viable dags retrieved from /home/harika/airflow/dags/taskgroup.py
[2023-11-01T11:13:22.617+0530] {processor.py:179} INFO - Processing /home/harika/airflow/dags/taskgroup.py took 0.016 seconds
[2023-11-01T11:14:04.262+0530] {processor.py:157} INFO - Started process (PID=1017518) to work on /home/harika/airflow/dags/taskgroup.py
[2023-11-01T11:14:04.263+0530] {processor.py:829} INFO - Processing file /home/harika/airflow/dags/taskgroup.py for tasks to queue
[2023-11-01T11:14:04.264+0530] {logging_mixin.py:151} INFO - [2023-11-01T11:14:04.264+0530] {dagbag.py:539} INFO - Filling up the DagBag from /home/harika/airflow/dags/taskgroup.py
[2023-11-01T11:14:04.267+0530] {processor.py:841} WARNING - No viable dags retrieved from /home/harika/airflow/dags/taskgroup.py
[2023-11-01T11:14:04.282+0530] {processor.py:179} INFO - Processing /home/harika/airflow/dags/taskgroup.py took 0.025 seconds
[2023-11-01T11:14:47.987+0530] {processor.py:157} INFO - Started process (PID=1018400) to work on /home/harika/airflow/dags/taskgroup.py
[2023-11-01T11:14:47.988+0530] {processor.py:829} INFO - Processing file /home/harika/airflow/dags/taskgroup.py for tasks to queue
[2023-11-01T11:14:47.988+0530] {logging_mixin.py:151} INFO - [2023-11-01T11:14:47.988+0530] {dagbag.py:539} INFO - Filling up the DagBag from /home/harika/airflow/dags/taskgroup.py
[2023-11-01T11:14:47.990+0530] {processor.py:841} WARNING - No viable dags retrieved from /home/harika/airflow/dags/taskgroup.py
[2023-11-01T11:14:48.000+0530] {processor.py:179} INFO - Processing /home/harika/airflow/dags/taskgroup.py took 0.016 seconds
[2023-11-01T11:15:33.053+0530] {processor.py:157} INFO - Started process (PID=1019269) to work on /home/harika/airflow/dags/taskgroup.py
[2023-11-01T11:15:33.060+0530] {processor.py:829} INFO - Processing file /home/harika/airflow/dags/taskgroup.py for tasks to queue
[2023-11-01T11:15:33.062+0530] {logging_mixin.py:151} INFO - [2023-11-01T11:15:33.062+0530] {dagbag.py:539} INFO - Filling up the DagBag from /home/harika/airflow/dags/taskgroup.py
[2023-11-01T11:15:33.067+0530] {processor.py:841} WARNING - No viable dags retrieved from /home/harika/airflow/dags/taskgroup.py
[2023-11-01T11:15:33.087+0530] {processor.py:179} INFO - Processing /home/harika/airflow/dags/taskgroup.py took 0.041 seconds
[2023-11-01T11:16:13.290+0530] {processor.py:157} INFO - Started process (PID=1019971) to work on /home/harika/airflow/dags/taskgroup.py
[2023-11-01T11:16:13.298+0530] {processor.py:829} INFO - Processing file /home/harika/airflow/dags/taskgroup.py for tasks to queue
[2023-11-01T11:16:13.300+0530] {logging_mixin.py:151} INFO - [2023-11-01T11:16:13.299+0530] {dagbag.py:539} INFO - Filling up the DagBag from /home/harika/airflow/dags/taskgroup.py
[2023-11-01T11:16:13.305+0530] {processor.py:841} WARNING - No viable dags retrieved from /home/harika/airflow/dags/taskgroup.py
[2023-11-01T11:16:13.324+0530] {processor.py:179} INFO - Processing /home/harika/airflow/dags/taskgroup.py took 0.041 seconds
[2023-11-01T11:16:59.747+0530] {processor.py:157} INFO - Started process (PID=1021060) to work on /home/harika/airflow/dags/taskgroup.py
[2023-11-01T11:16:59.748+0530] {processor.py:829} INFO - Processing file /home/harika/airflow/dags/taskgroup.py for tasks to queue
[2023-11-01T11:16:59.748+0530] {logging_mixin.py:151} INFO - [2023-11-01T11:16:59.748+0530] {dagbag.py:539} INFO - Filling up the DagBag from /home/harika/airflow/dags/taskgroup.py
[2023-11-01T11:16:59.749+0530] {processor.py:841} WARNING - No viable dags retrieved from /home/harika/airflow/dags/taskgroup.py
[2023-11-01T11:16:59.756+0530] {processor.py:179} INFO - Processing /home/harika/airflow/dags/taskgroup.py took 0.011 seconds
[2023-11-01T11:17:44.997+0530] {processor.py:157} INFO - Started process (PID=1021961) to work on /home/harika/airflow/dags/taskgroup.py
[2023-11-01T11:17:45.005+0530] {processor.py:829} INFO - Processing file /home/harika/airflow/dags/taskgroup.py for tasks to queue
[2023-11-01T11:17:45.008+0530] {logging_mixin.py:151} INFO - [2023-11-01T11:17:45.007+0530] {dagbag.py:539} INFO - Filling up the DagBag from /home/harika/airflow/dags/taskgroup.py
[2023-11-01T11:17:45.012+0530] {processor.py:841} WARNING - No viable dags retrieved from /home/harika/airflow/dags/taskgroup.py
[2023-11-01T11:17:45.031+0530] {processor.py:179} INFO - Processing /home/harika/airflow/dags/taskgroup.py took 0.041 seconds
[2023-11-01T11:18:04.965+0530] {processor.py:157} INFO - Started process (PID=1022413) to work on /home/harika/airflow/dags/taskgroup.py
[2023-11-01T11:18:04.971+0530] {processor.py:829} INFO - Processing file /home/harika/airflow/dags/taskgroup.py for tasks to queue
[2023-11-01T11:18:04.972+0530] {logging_mixin.py:151} INFO - [2023-11-01T11:18:04.972+0530] {dagbag.py:539} INFO - Filling up the DagBag from /home/harika/airflow/dags/taskgroup.py
[2023-11-01T11:18:04.974+0530] {processor.py:841} WARNING - No viable dags retrieved from /home/harika/airflow/dags/taskgroup.py
[2023-11-01T11:18:04.981+0530] {processor.py:179} INFO - Processing /home/harika/airflow/dags/taskgroup.py took 0.018 seconds
[2023-11-01T11:19:15.753+0530] {processor.py:157} INFO - Started process (PID=1023772) to work on /home/harika/airflow/dags/taskgroup.py
[2023-11-01T11:19:15.760+0530] {processor.py:829} INFO - Processing file /home/harika/airflow/dags/taskgroup.py for tasks to queue
[2023-11-01T11:19:15.761+0530] {logging_mixin.py:151} INFO - [2023-11-01T11:19:15.760+0530] {dagbag.py:539} INFO - Filling up the DagBag from /home/harika/airflow/dags/taskgroup.py
[2023-11-01T11:19:15.763+0530] {processor.py:841} WARNING - No viable dags retrieved from /home/harika/airflow/dags/taskgroup.py
[2023-11-01T11:19:15.773+0530] {processor.py:179} INFO - Processing /home/harika/airflow/dags/taskgroup.py took 0.022 seconds
[2023-11-01T11:19:56.495+0530] {processor.py:157} INFO - Started process (PID=1024634) to work on /home/harika/airflow/dags/taskgroup.py
[2023-11-01T11:19:56.502+0530] {processor.py:829} INFO - Processing file /home/harika/airflow/dags/taskgroup.py for tasks to queue
[2023-11-01T11:19:56.502+0530] {logging_mixin.py:151} INFO - [2023-11-01T11:19:56.502+0530] {dagbag.py:539} INFO - Filling up the DagBag from /home/harika/airflow/dags/taskgroup.py
[2023-11-01T11:19:56.504+0530] {processor.py:841} WARNING - No viable dags retrieved from /home/harika/airflow/dags/taskgroup.py
[2023-11-01T11:19:56.511+0530] {processor.py:179} INFO - Processing /home/harika/airflow/dags/taskgroup.py took 0.018 seconds
[2023-11-01T11:20:37.216+0530] {processor.py:157} INFO - Started process (PID=1025342) to work on /home/harika/airflow/dags/taskgroup.py
[2023-11-01T11:20:37.223+0530] {processor.py:829} INFO - Processing file /home/harika/airflow/dags/taskgroup.py for tasks to queue
[2023-11-01T11:20:37.225+0530] {logging_mixin.py:151} INFO - [2023-11-01T11:20:37.225+0530] {dagbag.py:539} INFO - Filling up the DagBag from /home/harika/airflow/dags/taskgroup.py
[2023-11-01T11:20:37.230+0530] {processor.py:841} WARNING - No viable dags retrieved from /home/harika/airflow/dags/taskgroup.py
[2023-11-01T11:20:37.253+0530] {processor.py:179} INFO - Processing /home/harika/airflow/dags/taskgroup.py took 0.039 seconds
[2023-11-01T11:21:19.361+0530] {processor.py:157} INFO - Started process (PID=1026202) to work on /home/harika/airflow/dags/taskgroup.py
[2023-11-01T11:21:19.368+0530] {processor.py:829} INFO - Processing file /home/harika/airflow/dags/taskgroup.py for tasks to queue
[2023-11-01T11:21:19.370+0530] {logging_mixin.py:151} INFO - [2023-11-01T11:21:19.369+0530] {dagbag.py:539} INFO - Filling up the DagBag from /home/harika/airflow/dags/taskgroup.py
[2023-11-01T11:21:19.374+0530] {processor.py:841} WARNING - No viable dags retrieved from /home/harika/airflow/dags/taskgroup.py
[2023-11-01T11:21:19.398+0530] {processor.py:179} INFO - Processing /home/harika/airflow/dags/taskgroup.py took 0.039 seconds
[2023-11-01T11:22:01.287+0530] {processor.py:157} INFO - Started process (PID=1027067) to work on /home/harika/airflow/dags/taskgroup.py
[2023-11-01T11:22:01.294+0530] {processor.py:829} INFO - Processing file /home/harika/airflow/dags/taskgroup.py for tasks to queue
[2023-11-01T11:22:01.296+0530] {logging_mixin.py:151} INFO - [2023-11-01T11:22:01.295+0530] {dagbag.py:539} INFO - Filling up the DagBag from /home/harika/airflow/dags/taskgroup.py
[2023-11-01T11:22:01.300+0530] {processor.py:841} WARNING - No viable dags retrieved from /home/harika/airflow/dags/taskgroup.py
[2023-11-01T11:22:01.323+0530] {processor.py:179} INFO - Processing /home/harika/airflow/dags/taskgroup.py took 0.038 seconds
[2023-11-01T11:22:44.904+0530] {processor.py:157} INFO - Started process (PID=1027945) to work on /home/harika/airflow/dags/taskgroup.py
[2023-11-01T11:22:44.905+0530] {processor.py:829} INFO - Processing file /home/harika/airflow/dags/taskgroup.py for tasks to queue
[2023-11-01T11:22:44.905+0530] {logging_mixin.py:151} INFO - [2023-11-01T11:22:44.905+0530] {dagbag.py:539} INFO - Filling up the DagBag from /home/harika/airflow/dags/taskgroup.py
[2023-11-01T11:22:44.906+0530] {processor.py:841} WARNING - No viable dags retrieved from /home/harika/airflow/dags/taskgroup.py
[2023-11-01T11:22:44.913+0530] {processor.py:179} INFO - Processing /home/harika/airflow/dags/taskgroup.py took 0.011 seconds
[2023-11-01T11:23:24.580+0530] {processor.py:157} INFO - Started process (PID=1028745) to work on /home/harika/airflow/dags/taskgroup.py
[2023-11-01T11:23:24.580+0530] {processor.py:829} INFO - Processing file /home/harika/airflow/dags/taskgroup.py for tasks to queue
[2023-11-01T11:23:24.581+0530] {logging_mixin.py:151} INFO - [2023-11-01T11:23:24.581+0530] {dagbag.py:539} INFO - Filling up the DagBag from /home/harika/airflow/dags/taskgroup.py
[2023-11-01T11:23:24.582+0530] {processor.py:841} WARNING - No viable dags retrieved from /home/harika/airflow/dags/taskgroup.py
[2023-11-01T11:23:24.589+0530] {processor.py:179} INFO - Processing /home/harika/airflow/dags/taskgroup.py took 0.012 seconds
[2023-11-01T11:24:06.047+0530] {processor.py:157} INFO - Started process (PID=1029622) to work on /home/harika/airflow/dags/taskgroup.py
[2023-11-01T11:24:06.053+0530] {processor.py:829} INFO - Processing file /home/harika/airflow/dags/taskgroup.py for tasks to queue
[2023-11-01T11:24:06.054+0530] {logging_mixin.py:151} INFO - [2023-11-01T11:24:06.054+0530] {dagbag.py:539} INFO - Filling up the DagBag from /home/harika/airflow/dags/taskgroup.py
[2023-11-01T11:24:06.056+0530] {processor.py:841} WARNING - No viable dags retrieved from /home/harika/airflow/dags/taskgroup.py
[2023-11-01T11:24:06.067+0530] {processor.py:179} INFO - Processing /home/harika/airflow/dags/taskgroup.py took 0.023 seconds
[2023-11-01T11:24:48.819+0530] {processor.py:157} INFO - Started process (PID=1030488) to work on /home/harika/airflow/dags/taskgroup.py
[2023-11-01T11:24:48.826+0530] {processor.py:829} INFO - Processing file /home/harika/airflow/dags/taskgroup.py for tasks to queue
[2023-11-01T11:24:48.828+0530] {logging_mixin.py:151} INFO - [2023-11-01T11:24:48.827+0530] {dagbag.py:539} INFO - Filling up the DagBag from /home/harika/airflow/dags/taskgroup.py
[2023-11-01T11:24:48.831+0530] {processor.py:841} WARNING - No viable dags retrieved from /home/harika/airflow/dags/taskgroup.py
[2023-11-01T11:24:48.838+0530] {processor.py:179} INFO - Processing /home/harika/airflow/dags/taskgroup.py took 0.022 seconds
[2023-11-01T11:25:28.203+0530] {processor.py:157} INFO - Started process (PID=1031325) to work on /home/harika/airflow/dags/taskgroup.py
[2023-11-01T11:25:28.203+0530] {processor.py:829} INFO - Processing file /home/harika/airflow/dags/taskgroup.py for tasks to queue
[2023-11-01T11:25:28.204+0530] {logging_mixin.py:151} INFO - [2023-11-01T11:25:28.204+0530] {dagbag.py:539} INFO - Filling up the DagBag from /home/harika/airflow/dags/taskgroup.py
[2023-11-01T11:25:28.205+0530] {processor.py:841} WARNING - No viable dags retrieved from /home/harika/airflow/dags/taskgroup.py
[2023-11-01T11:25:28.213+0530] {processor.py:179} INFO - Processing /home/harika/airflow/dags/taskgroup.py took 0.012 seconds
[2023-11-01T11:26:08.502+0530] {processor.py:157} INFO - Started process (PID=1032045) to work on /home/harika/airflow/dags/taskgroup.py
[2023-11-01T11:26:08.509+0530] {processor.py:829} INFO - Processing file /home/harika/airflow/dags/taskgroup.py for tasks to queue
[2023-11-01T11:26:08.510+0530] {logging_mixin.py:151} INFO - [2023-11-01T11:26:08.510+0530] {dagbag.py:539} INFO - Filling up the DagBag from /home/harika/airflow/dags/taskgroup.py
[2023-11-01T11:26:08.512+0530] {processor.py:841} WARNING - No viable dags retrieved from /home/harika/airflow/dags/taskgroup.py
[2023-11-01T11:26:08.522+0530] {processor.py:179} INFO - Processing /home/harika/airflow/dags/taskgroup.py took 0.023 seconds
[2023-11-01T11:26:51.816+0530] {processor.py:157} INFO - Started process (PID=1032903) to work on /home/harika/airflow/dags/taskgroup.py
[2023-11-01T11:26:51.823+0530] {processor.py:829} INFO - Processing file /home/harika/airflow/dags/taskgroup.py for tasks to queue
[2023-11-01T11:26:51.825+0530] {logging_mixin.py:151} INFO - [2023-11-01T11:26:51.824+0530] {dagbag.py:539} INFO - Filling up the DagBag from /home/harika/airflow/dags/taskgroup.py
[2023-11-01T11:26:51.829+0530] {processor.py:841} WARNING - No viable dags retrieved from /home/harika/airflow/dags/taskgroup.py
[2023-11-01T11:26:51.853+0530] {processor.py:179} INFO - Processing /home/harika/airflow/dags/taskgroup.py took 0.039 seconds
[2023-11-01T11:27:33.035+0530] {processor.py:157} INFO - Started process (PID=1033742) to work on /home/harika/airflow/dags/taskgroup.py
[2023-11-01T11:27:33.041+0530] {processor.py:829} INFO - Processing file /home/harika/airflow/dags/taskgroup.py for tasks to queue
[2023-11-01T11:27:33.042+0530] {logging_mixin.py:151} INFO - [2023-11-01T11:27:33.042+0530] {dagbag.py:539} INFO - Filling up the DagBag from /home/harika/airflow/dags/taskgroup.py
[2023-11-01T11:27:33.044+0530] {processor.py:841} WARNING - No viable dags retrieved from /home/harika/airflow/dags/taskgroup.py
[2023-11-01T11:27:33.052+0530] {processor.py:179} INFO - Processing /home/harika/airflow/dags/taskgroup.py took 0.020 seconds
[2023-11-01T11:28:17.376+0530] {processor.py:157} INFO - Started process (PID=1034640) to work on /home/harika/airflow/dags/taskgroup.py
[2023-11-01T11:28:17.383+0530] {processor.py:829} INFO - Processing file /home/harika/airflow/dags/taskgroup.py for tasks to queue
[2023-11-01T11:28:17.385+0530] {logging_mixin.py:151} INFO - [2023-11-01T11:28:17.384+0530] {dagbag.py:539} INFO - Filling up the DagBag from /home/harika/airflow/dags/taskgroup.py
[2023-11-01T11:28:17.389+0530] {processor.py:841} WARNING - No viable dags retrieved from /home/harika/airflow/dags/taskgroup.py
[2023-11-01T11:28:17.411+0530] {processor.py:179} INFO - Processing /home/harika/airflow/dags/taskgroup.py took 0.038 seconds
[2023-11-01T11:28:59.389+0530] {processor.py:157} INFO - Started process (PID=1035496) to work on /home/harika/airflow/dags/taskgroup.py
[2023-11-01T11:28:59.395+0530] {processor.py:829} INFO - Processing file /home/harika/airflow/dags/taskgroup.py for tasks to queue
[2023-11-01T11:28:59.396+0530] {logging_mixin.py:151} INFO - [2023-11-01T11:28:59.395+0530] {dagbag.py:539} INFO - Filling up the DagBag from /home/harika/airflow/dags/taskgroup.py
[2023-11-01T11:28:59.397+0530] {processor.py:841} WARNING - No viable dags retrieved from /home/harika/airflow/dags/taskgroup.py
[2023-11-01T11:28:59.405+0530] {processor.py:179} INFO - Processing /home/harika/airflow/dags/taskgroup.py took 0.019 seconds
[2023-11-01T11:29:41.720+0530] {processor.py:157} INFO - Started process (PID=1036350) to work on /home/harika/airflow/dags/taskgroup.py
[2023-11-01T11:29:41.727+0530] {processor.py:829} INFO - Processing file /home/harika/airflow/dags/taskgroup.py for tasks to queue
[2023-11-01T11:29:41.728+0530] {logging_mixin.py:151} INFO - [2023-11-01T11:29:41.727+0530] {dagbag.py:539} INFO - Filling up the DagBag from /home/harika/airflow/dags/taskgroup.py
[2023-11-01T11:29:41.729+0530] {processor.py:841} WARNING - No viable dags retrieved from /home/harika/airflow/dags/taskgroup.py
[2023-11-01T11:29:41.738+0530] {processor.py:179} INFO - Processing /home/harika/airflow/dags/taskgroup.py took 0.019 seconds
[2023-11-01T11:30:26.582+0530] {processor.py:157} INFO - Started process (PID=1037260) to work on /home/harika/airflow/dags/taskgroup.py
[2023-11-01T11:30:26.589+0530] {processor.py:829} INFO - Processing file /home/harika/airflow/dags/taskgroup.py for tasks to queue
[2023-11-01T11:30:26.591+0530] {logging_mixin.py:151} INFO - [2023-11-01T11:30:26.590+0530] {dagbag.py:539} INFO - Filling up the DagBag from /home/harika/airflow/dags/taskgroup.py
[2023-11-01T11:30:26.595+0530] {processor.py:841} WARNING - No viable dags retrieved from /home/harika/airflow/dags/taskgroup.py
[2023-11-01T11:30:26.605+0530] {processor.py:179} INFO - Processing /home/harika/airflow/dags/taskgroup.py took 0.025 seconds
[2023-11-01T11:31:09.192+0530] {processor.py:157} INFO - Started process (PID=1038131) to work on /home/harika/airflow/dags/taskgroup.py
[2023-11-01T11:31:09.200+0530] {processor.py:829} INFO - Processing file /home/harika/airflow/dags/taskgroup.py for tasks to queue
[2023-11-01T11:31:09.202+0530] {logging_mixin.py:151} INFO - [2023-11-01T11:31:09.201+0530] {dagbag.py:539} INFO - Filling up the DagBag from /home/harika/airflow/dags/taskgroup.py
[2023-11-01T11:31:09.206+0530] {processor.py:841} WARNING - No viable dags retrieved from /home/harika/airflow/dags/taskgroup.py
[2023-11-01T11:31:09.226+0530] {processor.py:179} INFO - Processing /home/harika/airflow/dags/taskgroup.py took 0.041 seconds
[2023-11-01T11:31:50.800+0530] {processor.py:157} INFO - Started process (PID=1038839) to work on /home/harika/airflow/dags/taskgroup.py
[2023-11-01T11:31:50.800+0530] {processor.py:829} INFO - Processing file /home/harika/airflow/dags/taskgroup.py for tasks to queue
[2023-11-01T11:31:50.801+0530] {logging_mixin.py:151} INFO - [2023-11-01T11:31:50.800+0530] {dagbag.py:539} INFO - Filling up the DagBag from /home/harika/airflow/dags/taskgroup.py
[2023-11-01T11:31:50.802+0530] {processor.py:841} WARNING - No viable dags retrieved from /home/harika/airflow/dags/taskgroup.py
[2023-11-01T11:31:50.809+0530] {processor.py:179} INFO - Processing /home/harika/airflow/dags/taskgroup.py took 0.011 seconds
[2023-11-01T11:32:30.885+0530] {processor.py:157} INFO - Started process (PID=1039699) to work on /home/harika/airflow/dags/taskgroup.py
[2023-11-01T11:32:30.892+0530] {processor.py:829} INFO - Processing file /home/harika/airflow/dags/taskgroup.py for tasks to queue
[2023-11-01T11:32:30.894+0530] {logging_mixin.py:151} INFO - [2023-11-01T11:32:30.893+0530] {dagbag.py:539} INFO - Filling up the DagBag from /home/harika/airflow/dags/taskgroup.py
[2023-11-01T11:32:30.898+0530] {processor.py:841} WARNING - No viable dags retrieved from /home/harika/airflow/dags/taskgroup.py
[2023-11-01T11:32:30.920+0530] {processor.py:179} INFO - Processing /home/harika/airflow/dags/taskgroup.py took 0.038 seconds
[2023-11-01T11:33:13.478+0530] {processor.py:157} INFO - Started process (PID=1040574) to work on /home/harika/airflow/dags/taskgroup.py
[2023-11-01T11:33:13.485+0530] {processor.py:829} INFO - Processing file /home/harika/airflow/dags/taskgroup.py for tasks to queue
[2023-11-01T11:33:13.486+0530] {logging_mixin.py:151} INFO - [2023-11-01T11:33:13.486+0530] {dagbag.py:539} INFO - Filling up the DagBag from /home/harika/airflow/dags/taskgroup.py
[2023-11-01T11:33:13.488+0530] {processor.py:841} WARNING - No viable dags retrieved from /home/harika/airflow/dags/taskgroup.py
[2023-11-01T11:33:13.498+0530] {processor.py:179} INFO - Processing /home/harika/airflow/dags/taskgroup.py took 0.022 seconds
