[2023-10-30T17:57:53.204+0530] {processor.py:157} INFO - Started process (PID=523603) to work on /home/harika/airflow/dags/xcom2.py
[2023-10-30T17:57:53.205+0530] {processor.py:829} INFO - Processing file /home/harika/airflow/dags/xcom2.py for tasks to queue
[2023-10-30T17:57:53.205+0530] {logging_mixin.py:151} INFO - [2023-10-30T17:57:53.205+0530] {dagbag.py:539} INFO - Filling up the DagBag from /home/harika/airflow/dags/xcom2.py
[2023-10-30T17:57:53.214+0530] {processor.py:839} INFO - DAG(s) dict_keys(['xcomEx2']) retrieved from /home/harika/airflow/dags/xcom2.py
[2023-10-30T17:57:53.219+0530] {logging_mixin.py:151} INFO - [2023-10-30T17:57:53.219+0530] {dag.py:2915} INFO - Sync 1 DAGs
[2023-10-30T17:57:53.234+0530] {logging_mixin.py:151} INFO - [2023-10-30T17:57:53.234+0530] {dag.py:3696} INFO - Setting next_dagrun for xcomEx2 to 2023-10-29T00:00:00+00:00, run_after=2023-10-30T00:00:00+00:00
[2023-10-30T17:57:53.246+0530] {processor.py:179} INFO - Processing /home/harika/airflow/dags/xcom2.py took 0.044 seconds
[2023-10-30T17:59:15.743+0530] {processor.py:157} INFO - Started process (PID=525283) to work on /home/harika/airflow/dags/xcom2.py
[2023-10-30T17:59:15.750+0530] {processor.py:829} INFO - Processing file /home/harika/airflow/dags/xcom2.py for tasks to queue
[2023-10-30T17:59:15.750+0530] {logging_mixin.py:151} INFO - [2023-10-30T17:59:15.750+0530] {dagbag.py:539} INFO - Filling up the DagBag from /home/harika/airflow/dags/xcom2.py
[2023-10-30T17:59:15.757+0530] {processor.py:839} INFO - DAG(s) dict_keys(['xcomEx2']) retrieved from /home/harika/airflow/dags/xcom2.py
[2023-10-30T17:59:15.767+0530] {logging_mixin.py:151} INFO - [2023-10-30T17:59:15.767+0530] {dag.py:2915} INFO - Sync 1 DAGs
[2023-10-30T17:59:15.782+0530] {logging_mixin.py:151} INFO - [2023-10-30T17:59:15.782+0530] {dag.py:3696} INFO - Setting next_dagrun for xcomEx2 to 2023-10-30T00:00:00+00:00, run_after=2023-10-31T00:00:00+00:00
[2023-10-30T17:59:15.795+0530] {processor.py:179} INFO - Processing /home/harika/airflow/dags/xcom2.py took 0.054 seconds
[2023-10-30T17:59:47.896+0530] {processor.py:157} INFO - Started process (PID=525863) to work on /home/harika/airflow/dags/xcom2.py
[2023-10-30T17:59:47.902+0530] {processor.py:829} INFO - Processing file /home/harika/airflow/dags/xcom2.py for tasks to queue
[2023-10-30T17:59:47.903+0530] {logging_mixin.py:151} INFO - [2023-10-30T17:59:47.903+0530] {dagbag.py:539} INFO - Filling up the DagBag from /home/harika/airflow/dags/xcom2.py
[2023-10-30T17:59:47.909+0530] {processor.py:839} INFO - DAG(s) dict_keys(['xcomEx2']) retrieved from /home/harika/airflow/dags/xcom2.py
[2023-10-30T17:59:47.920+0530] {logging_mixin.py:151} INFO - [2023-10-30T17:59:47.920+0530] {dag.py:2915} INFO - Sync 1 DAGs
[2023-10-30T17:59:47.935+0530] {logging_mixin.py:151} INFO - [2023-10-30T17:59:47.935+0530] {dag.py:3696} INFO - Setting next_dagrun for xcomEx2 to 2023-10-30T00:00:00+00:00, run_after=2023-10-31T00:00:00+00:00
[2023-10-30T17:59:47.949+0530] {processor.py:179} INFO - Processing /home/harika/airflow/dags/xcom2.py took 0.055 seconds
[2023-10-30T18:00:47.618+0530] {processor.py:157} INFO - Started process (PID=526875) to work on /home/harika/airflow/dags/xcom2.py
[2023-10-30T18:00:47.625+0530] {processor.py:829} INFO - Processing file /home/harika/airflow/dags/xcom2.py for tasks to queue
[2023-10-30T18:00:47.625+0530] {logging_mixin.py:151} INFO - [2023-10-30T18:00:47.625+0530] {dagbag.py:539} INFO - Filling up the DagBag from /home/harika/airflow/dags/xcom2.py
[2023-10-30T18:00:47.632+0530] {processor.py:839} INFO - DAG(s) dict_keys(['xcomEx2']) retrieved from /home/harika/airflow/dags/xcom2.py
[2023-10-30T18:00:47.642+0530] {logging_mixin.py:151} INFO - [2023-10-30T18:00:47.642+0530] {dag.py:2915} INFO - Sync 1 DAGs
[2023-10-30T18:00:47.657+0530] {logging_mixin.py:151} INFO - [2023-10-30T18:00:47.657+0530] {dag.py:3696} INFO - Setting next_dagrun for xcomEx2 to 2023-10-30T00:00:00+00:00, run_after=2023-10-31T00:00:00+00:00
[2023-10-30T18:00:47.670+0530] {processor.py:179} INFO - Processing /home/harika/airflow/dags/xcom2.py took 0.054 seconds
[2023-10-30T18:01:18.166+0530] {processor.py:157} INFO - Started process (PID=527439) to work on /home/harika/airflow/dags/xcom2.py
[2023-10-30T18:01:18.173+0530] {processor.py:829} INFO - Processing file /home/harika/airflow/dags/xcom2.py for tasks to queue
[2023-10-30T18:01:18.174+0530] {logging_mixin.py:151} INFO - [2023-10-30T18:01:18.173+0530] {dagbag.py:539} INFO - Filling up the DagBag from /home/harika/airflow/dags/xcom2.py
[2023-10-30T18:01:18.182+0530] {processor.py:839} INFO - DAG(s) dict_keys(['xcomEx2']) retrieved from /home/harika/airflow/dags/xcom2.py
[2023-10-30T18:01:18.195+0530] {logging_mixin.py:151} INFO - [2023-10-30T18:01:18.195+0530] {dag.py:2915} INFO - Sync 1 DAGs
[2023-10-30T18:01:18.212+0530] {logging_mixin.py:151} INFO - [2023-10-30T18:01:18.212+0530] {dag.py:3696} INFO - Setting next_dagrun for xcomEx2 to 2023-10-30T00:00:00+00:00, run_after=2023-10-31T00:00:00+00:00
[2023-10-30T18:01:18.225+0530] {processor.py:179} INFO - Processing /home/harika/airflow/dags/xcom2.py took 0.061 seconds
[2023-10-30T18:01:48.709+0530] {processor.py:157} INFO - Started process (PID=527886) to work on /home/harika/airflow/dags/xcom2.py
[2023-10-30T18:01:48.710+0530] {processor.py:829} INFO - Processing file /home/harika/airflow/dags/xcom2.py for tasks to queue
[2023-10-30T18:01:48.711+0530] {logging_mixin.py:151} INFO - [2023-10-30T18:01:48.710+0530] {dagbag.py:539} INFO - Filling up the DagBag from /home/harika/airflow/dags/xcom2.py
[2023-10-30T18:01:48.718+0530] {processor.py:839} INFO - DAG(s) dict_keys(['xcomEx2']) retrieved from /home/harika/airflow/dags/xcom2.py
[2023-10-30T18:01:48.730+0530] {logging_mixin.py:151} INFO - [2023-10-30T18:01:48.730+0530] {dag.py:2915} INFO - Sync 1 DAGs
[2023-10-30T18:01:48.745+0530] {logging_mixin.py:151} INFO - [2023-10-30T18:01:48.745+0530] {dag.py:3696} INFO - Setting next_dagrun for xcomEx2 to 2023-10-30T00:00:00+00:00, run_after=2023-10-31T00:00:00+00:00
[2023-10-30T18:01:48.758+0530] {processor.py:179} INFO - Processing /home/harika/airflow/dags/xcom2.py took 0.051 seconds
[2023-10-30T18:02:47.082+0530] {processor.py:157} INFO - Started process (PID=529027) to work on /home/harika/airflow/dags/xcom2.py
[2023-10-30T18:02:47.088+0530] {processor.py:829} INFO - Processing file /home/harika/airflow/dags/xcom2.py for tasks to queue
[2023-10-30T18:02:47.089+0530] {logging_mixin.py:151} INFO - [2023-10-30T18:02:47.089+0530] {dagbag.py:539} INFO - Filling up the DagBag from /home/harika/airflow/dags/xcom2.py
[2023-10-30T18:02:47.096+0530] {processor.py:839} INFO - DAG(s) dict_keys(['xcomEx2']) retrieved from /home/harika/airflow/dags/xcom2.py
[2023-10-30T18:02:47.108+0530] {logging_mixin.py:151} INFO - [2023-10-30T18:02:47.107+0530] {dag.py:2915} INFO - Sync 1 DAGs
[2023-10-30T18:02:47.124+0530] {logging_mixin.py:151} INFO - [2023-10-30T18:02:47.124+0530] {dag.py:3696} INFO - Setting next_dagrun for xcomEx2 to 2023-10-30T00:00:00+00:00, run_after=2023-10-31T00:00:00+00:00
[2023-10-30T18:02:47.139+0530] {processor.py:179} INFO - Processing /home/harika/airflow/dags/xcom2.py took 0.059 seconds
[2023-10-30T18:03:46.038+0530] {processor.py:157} INFO - Started process (PID=530035) to work on /home/harika/airflow/dags/xcom2.py
[2023-10-30T18:03:46.038+0530] {processor.py:829} INFO - Processing file /home/harika/airflow/dags/xcom2.py for tasks to queue
[2023-10-30T18:03:46.039+0530] {logging_mixin.py:151} INFO - [2023-10-30T18:03:46.039+0530] {dagbag.py:539} INFO - Filling up the DagBag from /home/harika/airflow/dags/xcom2.py
[2023-10-30T18:03:46.045+0530] {processor.py:839} INFO - DAG(s) dict_keys(['xcomEx2']) retrieved from /home/harika/airflow/dags/xcom2.py
[2023-10-30T18:03:46.056+0530] {logging_mixin.py:151} INFO - [2023-10-30T18:03:46.056+0530] {dag.py:2915} INFO - Sync 1 DAGs
[2023-10-30T18:03:46.071+0530] {logging_mixin.py:151} INFO - [2023-10-30T18:03:46.071+0530] {dag.py:3696} INFO - Setting next_dagrun for xcomEx2 to 2023-10-30T00:00:00+00:00, run_after=2023-10-31T00:00:00+00:00
[2023-10-30T18:03:46.083+0530] {processor.py:179} INFO - Processing /home/harika/airflow/dags/xcom2.py took 0.048 seconds
[2023-10-30T18:04:51.082+0530] {processor.py:157} INFO - Started process (PID=531245) to work on /home/harika/airflow/dags/xcom2.py
[2023-10-30T18:04:51.082+0530] {processor.py:829} INFO - Processing file /home/harika/airflow/dags/xcom2.py for tasks to queue
[2023-10-30T18:04:51.083+0530] {logging_mixin.py:151} INFO - [2023-10-30T18:04:51.082+0530] {dagbag.py:539} INFO - Filling up the DagBag from /home/harika/airflow/dags/xcom2.py
[2023-10-30T18:04:51.089+0530] {processor.py:839} INFO - DAG(s) dict_keys(['xcomEx2']) retrieved from /home/harika/airflow/dags/xcom2.py
[2023-10-30T18:04:51.100+0530] {logging_mixin.py:151} INFO - [2023-10-30T18:04:51.100+0530] {dag.py:2915} INFO - Sync 1 DAGs
[2023-10-30T18:04:51.115+0530] {logging_mixin.py:151} INFO - [2023-10-30T18:04:51.115+0530] {dag.py:3696} INFO - Setting next_dagrun for xcomEx2 to 2023-10-30T00:00:00+00:00, run_after=2023-10-31T00:00:00+00:00
[2023-10-30T18:04:51.129+0530] {processor.py:179} INFO - Processing /home/harika/airflow/dags/xcom2.py took 0.049 seconds
[2023-10-30T18:05:29.598+0530] {processor.py:157} INFO - Started process (PID=531865) to work on /home/harika/airflow/dags/xcom2.py
[2023-10-30T18:05:29.605+0530] {processor.py:829} INFO - Processing file /home/harika/airflow/dags/xcom2.py for tasks to queue
[2023-10-30T18:05:29.606+0530] {logging_mixin.py:151} INFO - [2023-10-30T18:05:29.605+0530] {dagbag.py:539} INFO - Filling up the DagBag from /home/harika/airflow/dags/xcom2.py
[2023-10-30T18:05:29.612+0530] {processor.py:839} INFO - DAG(s) dict_keys(['xcomEx2']) retrieved from /home/harika/airflow/dags/xcom2.py
[2023-10-30T18:05:29.623+0530] {logging_mixin.py:151} INFO - [2023-10-30T18:05:29.622+0530] {dag.py:2915} INFO - Sync 1 DAGs
[2023-10-30T18:05:29.638+0530] {logging_mixin.py:151} INFO - [2023-10-30T18:05:29.637+0530] {dag.py:3696} INFO - Setting next_dagrun for xcomEx2 to 2023-10-30T00:00:00+00:00, run_after=2023-10-31T00:00:00+00:00
[2023-10-30T18:05:29.651+0530] {processor.py:179} INFO - Processing /home/harika/airflow/dags/xcom2.py took 0.054 seconds
[2023-10-30T18:06:10.246+0530] {processor.py:157} INFO - Started process (PID=532703) to work on /home/harika/airflow/dags/xcom2.py
[2023-10-30T18:06:10.253+0530] {processor.py:829} INFO - Processing file /home/harika/airflow/dags/xcom2.py for tasks to queue
[2023-10-30T18:06:10.255+0530] {logging_mixin.py:151} INFO - [2023-10-30T18:06:10.254+0530] {dagbag.py:539} INFO - Filling up the DagBag from /home/harika/airflow/dags/xcom2.py
[2023-10-30T18:06:10.277+0530] {processor.py:839} INFO - DAG(s) dict_keys(['xcomEx2']) retrieved from /home/harika/airflow/dags/xcom2.py
[2023-10-30T18:06:10.297+0530] {logging_mixin.py:151} INFO - [2023-10-30T18:06:10.297+0530] {dag.py:2915} INFO - Sync 1 DAGs
[2023-10-30T18:06:10.314+0530] {logging_mixin.py:151} INFO - [2023-10-30T18:06:10.314+0530] {dag.py:3696} INFO - Setting next_dagrun for xcomEx2 to 2023-10-30T00:00:00+00:00, run_after=2023-10-31T00:00:00+00:00
[2023-10-30T18:06:10.326+0530] {processor.py:179} INFO - Processing /home/harika/airflow/dags/xcom2.py took 0.083 seconds
[2023-10-30T18:06:47.623+0530] {processor.py:157} INFO - Started process (PID=533435) to work on /home/harika/airflow/dags/xcom2.py
[2023-10-30T18:06:47.629+0530] {processor.py:829} INFO - Processing file /home/harika/airflow/dags/xcom2.py for tasks to queue
[2023-10-30T18:06:47.630+0530] {logging_mixin.py:151} INFO - [2023-10-30T18:06:47.630+0530] {dagbag.py:539} INFO - Filling up the DagBag from /home/harika/airflow/dags/xcom2.py
[2023-10-30T18:06:47.638+0530] {processor.py:839} INFO - DAG(s) dict_keys(['xcomEx2']) retrieved from /home/harika/airflow/dags/xcom2.py
[2023-10-30T18:06:47.649+0530] {logging_mixin.py:151} INFO - [2023-10-30T18:06:47.649+0530] {dag.py:2915} INFO - Sync 1 DAGs
[2023-10-30T18:06:47.666+0530] {logging_mixin.py:151} INFO - [2023-10-30T18:06:47.665+0530] {dag.py:3696} INFO - Setting next_dagrun for xcomEx2 to 2023-10-30T00:00:00+00:00, run_after=2023-10-31T00:00:00+00:00
[2023-10-30T18:06:47.679+0530] {processor.py:179} INFO - Processing /home/harika/airflow/dags/xcom2.py took 0.059 seconds
[2023-10-30T18:07:17.909+0530] {processor.py:157} INFO - Started process (PID=533875) to work on /home/harika/airflow/dags/xcom2.py
[2023-10-30T18:07:17.915+0530] {processor.py:829} INFO - Processing file /home/harika/airflow/dags/xcom2.py for tasks to queue
[2023-10-30T18:07:17.916+0530] {logging_mixin.py:151} INFO - [2023-10-30T18:07:17.916+0530] {dagbag.py:539} INFO - Filling up the DagBag from /home/harika/airflow/dags/xcom2.py
[2023-10-30T18:07:17.922+0530] {processor.py:839} INFO - DAG(s) dict_keys(['xcomEx2']) retrieved from /home/harika/airflow/dags/xcom2.py
[2023-10-30T18:07:17.933+0530] {logging_mixin.py:151} INFO - [2023-10-30T18:07:17.933+0530] {dag.py:2915} INFO - Sync 1 DAGs
[2023-10-30T18:07:17.948+0530] {logging_mixin.py:151} INFO - [2023-10-30T18:07:17.948+0530] {dag.py:3696} INFO - Setting next_dagrun for xcomEx2 to 2023-10-30T00:00:00+00:00, run_after=2023-10-31T00:00:00+00:00
[2023-10-30T18:07:17.962+0530] {processor.py:179} INFO - Processing /home/harika/airflow/dags/xcom2.py took 0.055 seconds
[2023-10-30T18:07:48.017+0530] {processor.py:157} INFO - Started process (PID=534452) to work on /home/harika/airflow/dags/xcom2.py
[2023-10-30T18:07:48.024+0530] {processor.py:829} INFO - Processing file /home/harika/airflow/dags/xcom2.py for tasks to queue
[2023-10-30T18:07:48.025+0530] {logging_mixin.py:151} INFO - [2023-10-30T18:07:48.024+0530] {dagbag.py:539} INFO - Filling up the DagBag from /home/harika/airflow/dags/xcom2.py
[2023-10-30T18:07:48.032+0530] {processor.py:839} INFO - DAG(s) dict_keys(['xcomEx2']) retrieved from /home/harika/airflow/dags/xcom2.py
[2023-10-30T18:07:48.046+0530] {logging_mixin.py:151} INFO - [2023-10-30T18:07:48.045+0530] {dag.py:2915} INFO - Sync 1 DAGs
[2023-10-30T18:07:48.063+0530] {logging_mixin.py:151} INFO - [2023-10-30T18:07:48.063+0530] {dag.py:3696} INFO - Setting next_dagrun for xcomEx2 to 2023-10-30T00:00:00+00:00, run_after=2023-10-31T00:00:00+00:00
[2023-10-30T18:07:48.079+0530] {processor.py:179} INFO - Processing /home/harika/airflow/dags/xcom2.py took 0.064 seconds
[2023-10-30T18:08:26.785+0530] {processor.py:157} INFO - Started process (PID=535288) to work on /home/harika/airflow/dags/xcom2.py
[2023-10-30T18:08:26.791+0530] {processor.py:829} INFO - Processing file /home/harika/airflow/dags/xcom2.py for tasks to queue
[2023-10-30T18:08:26.792+0530] {logging_mixin.py:151} INFO - [2023-10-30T18:08:26.792+0530] {dagbag.py:539} INFO - Filling up the DagBag from /home/harika/airflow/dags/xcom2.py
[2023-10-30T18:08:26.799+0530] {processor.py:839} INFO - DAG(s) dict_keys(['xcomEx2']) retrieved from /home/harika/airflow/dags/xcom2.py
[2023-10-30T18:08:26.810+0530] {logging_mixin.py:151} INFO - [2023-10-30T18:08:26.810+0530] {dag.py:2915} INFO - Sync 1 DAGs
[2023-10-30T18:08:26.826+0530] {logging_mixin.py:151} INFO - [2023-10-30T18:08:26.826+0530] {dag.py:3696} INFO - Setting next_dagrun for xcomEx2 to 2023-10-30T00:00:00+00:00, run_after=2023-10-31T00:00:00+00:00
[2023-10-30T18:08:26.839+0530] {processor.py:179} INFO - Processing /home/harika/airflow/dags/xcom2.py took 0.056 seconds
[2023-10-30T18:09:05.895+0530] {processor.py:157} INFO - Started process (PID=535917) to work on /home/harika/airflow/dags/xcom2.py
[2023-10-30T18:09:05.902+0530] {processor.py:829} INFO - Processing file /home/harika/airflow/dags/xcom2.py for tasks to queue
[2023-10-30T18:09:05.902+0530] {logging_mixin.py:151} INFO - [2023-10-30T18:09:05.902+0530] {dagbag.py:539} INFO - Filling up the DagBag from /home/harika/airflow/dags/xcom2.py
[2023-10-30T18:09:05.909+0530] {processor.py:839} INFO - DAG(s) dict_keys(['xcomEx2']) retrieved from /home/harika/airflow/dags/xcom2.py
[2023-10-30T18:09:05.919+0530] {logging_mixin.py:151} INFO - [2023-10-30T18:09:05.918+0530] {dag.py:2915} INFO - Sync 1 DAGs
[2023-10-30T18:09:05.933+0530] {logging_mixin.py:151} INFO - [2023-10-30T18:09:05.933+0530] {dag.py:3696} INFO - Setting next_dagrun for xcomEx2 to 2023-10-30T00:00:00+00:00, run_after=2023-10-31T00:00:00+00:00
[2023-10-30T18:09:05.946+0530] {processor.py:179} INFO - Processing /home/harika/airflow/dags/xcom2.py took 0.053 seconds
[2023-10-30T18:09:36.432+0530] {processor.py:157} INFO - Started process (PID=536485) to work on /home/harika/airflow/dags/xcom2.py
[2023-10-30T18:09:36.439+0530] {processor.py:829} INFO - Processing file /home/harika/airflow/dags/xcom2.py for tasks to queue
[2023-10-30T18:09:36.441+0530] {logging_mixin.py:151} INFO - [2023-10-30T18:09:36.441+0530] {dagbag.py:539} INFO - Filling up the DagBag from /home/harika/airflow/dags/xcom2.py
[2023-10-30T18:09:36.463+0530] {processor.py:839} INFO - DAG(s) dict_keys(['xcomEx2']) retrieved from /home/harika/airflow/dags/xcom2.py
[2023-10-30T18:09:36.480+0530] {logging_mixin.py:151} INFO - [2023-10-30T18:09:36.480+0530] {dag.py:2915} INFO - Sync 1 DAGs
[2023-10-30T18:09:36.496+0530] {logging_mixin.py:151} INFO - [2023-10-30T18:09:36.496+0530] {dag.py:3696} INFO - Setting next_dagrun for xcomEx2 to 2023-10-30T00:00:00+00:00, run_after=2023-10-31T00:00:00+00:00
[2023-10-30T18:09:36.509+0530] {processor.py:179} INFO - Processing /home/harika/airflow/dags/xcom2.py took 0.083 seconds
[2023-10-30T18:10:06.758+0530] {processor.py:157} INFO - Started process (PID=537064) to work on /home/harika/airflow/dags/xcom2.py
[2023-10-30T18:10:06.766+0530] {processor.py:829} INFO - Processing file /home/harika/airflow/dags/xcom2.py for tasks to queue
[2023-10-30T18:10:06.768+0530] {logging_mixin.py:151} INFO - [2023-10-30T18:10:06.767+0530] {dagbag.py:539} INFO - Filling up the DagBag from /home/harika/airflow/dags/xcom2.py
[2023-10-30T18:10:06.790+0530] {processor.py:839} INFO - DAG(s) dict_keys(['xcomEx2']) retrieved from /home/harika/airflow/dags/xcom2.py
[2023-10-30T18:10:06.806+0530] {logging_mixin.py:151} INFO - [2023-10-30T18:10:06.806+0530] {dag.py:2915} INFO - Sync 1 DAGs
[2023-10-30T18:10:06.822+0530] {logging_mixin.py:151} INFO - [2023-10-30T18:10:06.822+0530] {dag.py:3696} INFO - Setting next_dagrun for xcomEx2 to 2023-10-30T00:00:00+00:00, run_after=2023-10-31T00:00:00+00:00
[2023-10-30T18:10:06.837+0530] {processor.py:179} INFO - Processing /home/harika/airflow/dags/xcom2.py took 0.086 seconds
[2023-10-30T18:10:37.220+0530] {processor.py:157} INFO - Started process (PID=537508) to work on /home/harika/airflow/dags/xcom2.py
[2023-10-30T18:10:37.227+0530] {processor.py:829} INFO - Processing file /home/harika/airflow/dags/xcom2.py for tasks to queue
[2023-10-30T18:10:37.229+0530] {logging_mixin.py:151} INFO - [2023-10-30T18:10:37.228+0530] {dagbag.py:539} INFO - Filling up the DagBag from /home/harika/airflow/dags/xcom2.py
[2023-10-30T18:10:37.251+0530] {processor.py:839} INFO - DAG(s) dict_keys(['xcomEx2']) retrieved from /home/harika/airflow/dags/xcom2.py
[2023-10-30T18:10:37.272+0530] {logging_mixin.py:151} INFO - [2023-10-30T18:10:37.272+0530] {dag.py:2915} INFO - Sync 1 DAGs
[2023-10-30T18:10:37.289+0530] {logging_mixin.py:151} INFO - [2023-10-30T18:10:37.288+0530] {dag.py:3696} INFO - Setting next_dagrun for xcomEx2 to 2023-10-30T00:00:00+00:00, run_after=2023-10-31T00:00:00+00:00
[2023-10-30T18:10:37.301+0530] {processor.py:179} INFO - Processing /home/harika/airflow/dags/xcom2.py took 0.083 seconds
[2023-10-30T18:11:08.723+0530] {processor.py:157} INFO - Started process (PID=538085) to work on /home/harika/airflow/dags/xcom2.py
[2023-10-30T18:11:08.724+0530] {processor.py:829} INFO - Processing file /home/harika/airflow/dags/xcom2.py for tasks to queue
[2023-10-30T18:11:08.725+0530] {logging_mixin.py:151} INFO - [2023-10-30T18:11:08.725+0530] {dagbag.py:539} INFO - Filling up the DagBag from /home/harika/airflow/dags/xcom2.py
[2023-10-30T18:11:08.737+0530] {processor.py:839} INFO - DAG(s) dict_keys(['xcomEx2']) retrieved from /home/harika/airflow/dags/xcom2.py
[2023-10-30T18:11:08.749+0530] {logging_mixin.py:151} INFO - [2023-10-30T18:11:08.749+0530] {dag.py:2915} INFO - Sync 1 DAGs
[2023-10-30T18:11:08.766+0530] {logging_mixin.py:151} INFO - [2023-10-30T18:11:08.766+0530] {dag.py:3696} INFO - Setting next_dagrun for xcomEx2 to 2023-10-30T00:00:00+00:00, run_after=2023-10-31T00:00:00+00:00
[2023-10-30T18:11:08.780+0530] {processor.py:179} INFO - Processing /home/harika/airflow/dags/xcom2.py took 0.059 seconds
[2023-10-30T18:11:50.417+0530] {processor.py:157} INFO - Started process (PID=538952) to work on /home/harika/airflow/dags/xcom2.py
[2023-10-30T18:11:50.420+0530] {processor.py:829} INFO - Processing file /home/harika/airflow/dags/xcom2.py for tasks to queue
[2023-10-30T18:11:50.421+0530] {logging_mixin.py:151} INFO - [2023-10-30T18:11:50.421+0530] {dagbag.py:539} INFO - Filling up the DagBag from /home/harika/airflow/dags/xcom2.py
[2023-10-30T18:11:50.429+0530] {processor.py:839} INFO - DAG(s) dict_keys(['xcomEx2']) retrieved from /home/harika/airflow/dags/xcom2.py
[2023-10-30T18:11:50.443+0530] {logging_mixin.py:151} INFO - [2023-10-30T18:11:50.443+0530] {dag.py:2915} INFO - Sync 1 DAGs
[2023-10-30T18:11:50.460+0530] {logging_mixin.py:151} INFO - [2023-10-30T18:11:50.459+0530] {dag.py:3696} INFO - Setting next_dagrun for xcomEx2 to 2023-10-30T00:00:00+00:00, run_after=2023-10-31T00:00:00+00:00
[2023-10-30T18:11:50.472+0530] {processor.py:179} INFO - Processing /home/harika/airflow/dags/xcom2.py took 0.057 seconds
[2023-10-30T18:12:30.906+0530] {processor.py:157} INFO - Started process (PID=539711) to work on /home/harika/airflow/dags/xcom2.py
[2023-10-30T18:12:30.912+0530] {processor.py:829} INFO - Processing file /home/harika/airflow/dags/xcom2.py for tasks to queue
[2023-10-30T18:12:30.913+0530] {logging_mixin.py:151} INFO - [2023-10-30T18:12:30.913+0530] {dagbag.py:539} INFO - Filling up the DagBag from /home/harika/airflow/dags/xcom2.py
[2023-10-30T18:12:30.919+0530] {processor.py:839} INFO - DAG(s) dict_keys(['xcomEx2']) retrieved from /home/harika/airflow/dags/xcom2.py
[2023-10-30T18:12:30.930+0530] {logging_mixin.py:151} INFO - [2023-10-30T18:12:30.930+0530] {dag.py:2915} INFO - Sync 1 DAGs
[2023-10-30T18:12:30.946+0530] {logging_mixin.py:151} INFO - [2023-10-30T18:12:30.946+0530] {dag.py:3696} INFO - Setting next_dagrun for xcomEx2 to 2023-10-30T00:00:00+00:00, run_after=2023-10-31T00:00:00+00:00
[2023-10-30T18:12:30.959+0530] {processor.py:179} INFO - Processing /home/harika/airflow/dags/xcom2.py took 0.056 seconds
[2023-10-30T18:13:01.703+0530] {processor.py:157} INFO - Started process (PID=540161) to work on /home/harika/airflow/dags/xcom2.py
[2023-10-30T18:13:01.710+0530] {processor.py:829} INFO - Processing file /home/harika/airflow/dags/xcom2.py for tasks to queue
[2023-10-30T18:13:01.711+0530] {logging_mixin.py:151} INFO - [2023-10-30T18:13:01.711+0530] {dagbag.py:539} INFO - Filling up the DagBag from /home/harika/airflow/dags/xcom2.py
[2023-10-30T18:13:01.734+0530] {processor.py:839} INFO - DAG(s) dict_keys(['xcomEx2']) retrieved from /home/harika/airflow/dags/xcom2.py
[2023-10-30T18:13:01.756+0530] {logging_mixin.py:151} INFO - [2023-10-30T18:13:01.756+0530] {dag.py:2915} INFO - Sync 1 DAGs
[2023-10-30T18:13:01.773+0530] {logging_mixin.py:151} INFO - [2023-10-30T18:13:01.773+0530] {dag.py:3696} INFO - Setting next_dagrun for xcomEx2 to 2023-10-30T00:00:00+00:00, run_after=2023-10-31T00:00:00+00:00
[2023-10-30T18:13:01.786+0530] {processor.py:179} INFO - Processing /home/harika/airflow/dags/xcom2.py took 0.085 seconds
[2023-10-30T18:14:02.389+0530] {processor.py:157} INFO - Started process (PID=541322) to work on /home/harika/airflow/dags/xcom2.py
[2023-10-30T18:14:02.396+0530] {processor.py:829} INFO - Processing file /home/harika/airflow/dags/xcom2.py for tasks to queue
[2023-10-30T18:14:02.396+0530] {logging_mixin.py:151} INFO - [2023-10-30T18:14:02.396+0530] {dagbag.py:539} INFO - Filling up the DagBag from /home/harika/airflow/dags/xcom2.py
[2023-10-30T18:14:02.408+0530] {processor.py:839} INFO - DAG(s) dict_keys(['xcomEx2']) retrieved from /home/harika/airflow/dags/xcom2.py
[2023-10-30T18:14:02.428+0530] {logging_mixin.py:151} INFO - [2023-10-30T18:14:02.428+0530] {dag.py:2915} INFO - Sync 1 DAGs
[2023-10-30T18:14:02.446+0530] {logging_mixin.py:151} INFO - [2023-10-30T18:14:02.446+0530] {dag.py:3696} INFO - Setting next_dagrun for xcomEx2 to 2023-10-30T00:00:00+00:00, run_after=2023-10-31T00:00:00+00:00
[2023-10-30T18:14:02.461+0530] {processor.py:179} INFO - Processing /home/harika/airflow/dags/xcom2.py took 0.074 seconds
[2023-10-30T18:14:59.783+0530] {processor.py:157} INFO - Started process (PID=542323) to work on /home/harika/airflow/dags/xcom2.py
[2023-10-30T18:14:59.791+0530] {processor.py:829} INFO - Processing file /home/harika/airflow/dags/xcom2.py for tasks to queue
[2023-10-30T18:14:59.793+0530] {logging_mixin.py:151} INFO - [2023-10-30T18:14:59.792+0530] {dagbag.py:539} INFO - Filling up the DagBag from /home/harika/airflow/dags/xcom2.py
[2023-10-30T18:14:59.813+0530] {processor.py:839} INFO - DAG(s) dict_keys(['xcomEx2']) retrieved from /home/harika/airflow/dags/xcom2.py
[2023-10-30T18:14:59.828+0530] {logging_mixin.py:151} INFO - [2023-10-30T18:14:59.828+0530] {dag.py:2915} INFO - Sync 1 DAGs
[2023-10-30T18:14:59.843+0530] {logging_mixin.py:151} INFO - [2023-10-30T18:14:59.843+0530] {dag.py:3696} INFO - Setting next_dagrun for xcomEx2 to 2023-10-30T00:00:00+00:00, run_after=2023-10-31T00:00:00+00:00
[2023-10-30T18:14:59.856+0530] {processor.py:179} INFO - Processing /home/harika/airflow/dags/xcom2.py took 0.080 seconds
[2023-10-30T18:15:57.886+0530] {processor.py:157} INFO - Started process (PID=543333) to work on /home/harika/airflow/dags/xcom2.py
[2023-10-30T18:15:57.893+0530] {processor.py:829} INFO - Processing file /home/harika/airflow/dags/xcom2.py for tasks to queue
[2023-10-30T18:15:57.895+0530] {logging_mixin.py:151} INFO - [2023-10-30T18:15:57.894+0530] {dagbag.py:539} INFO - Filling up the DagBag from /home/harika/airflow/dags/xcom2.py
[2023-10-30T18:15:57.918+0530] {processor.py:839} INFO - DAG(s) dict_keys(['xcomEx2']) retrieved from /home/harika/airflow/dags/xcom2.py
[2023-10-30T18:15:57.936+0530] {logging_mixin.py:151} INFO - [2023-10-30T18:15:57.936+0530] {dag.py:2915} INFO - Sync 1 DAGs
[2023-10-30T18:15:57.953+0530] {logging_mixin.py:151} INFO - [2023-10-30T18:15:57.953+0530] {dag.py:3696} INFO - Setting next_dagrun for xcomEx2 to 2023-10-30T00:00:00+00:00, run_after=2023-10-31T00:00:00+00:00
[2023-10-30T18:15:57.967+0530] {processor.py:179} INFO - Processing /home/harika/airflow/dags/xcom2.py took 0.084 seconds
[2023-10-30T18:16:29.027+0530] {processor.py:157} INFO - Started process (PID=543903) to work on /home/harika/airflow/dags/xcom2.py
[2023-10-30T18:16:29.034+0530] {processor.py:829} INFO - Processing file /home/harika/airflow/dags/xcom2.py for tasks to queue
[2023-10-30T18:16:29.035+0530] {logging_mixin.py:151} INFO - [2023-10-30T18:16:29.034+0530] {dagbag.py:539} INFO - Filling up the DagBag from /home/harika/airflow/dags/xcom2.py
[2023-10-30T18:16:29.043+0530] {processor.py:839} INFO - DAG(s) dict_keys(['xcomEx2']) retrieved from /home/harika/airflow/dags/xcom2.py
[2023-10-30T18:16:29.057+0530] {logging_mixin.py:151} INFO - [2023-10-30T18:16:29.056+0530] {dag.py:2915} INFO - Sync 1 DAGs
[2023-10-30T18:16:29.073+0530] {logging_mixin.py:151} INFO - [2023-10-30T18:16:29.073+0530] {dag.py:3696} INFO - Setting next_dagrun for xcomEx2 to 2023-10-30T00:00:00+00:00, run_after=2023-10-31T00:00:00+00:00
[2023-10-30T18:16:29.086+0530] {processor.py:179} INFO - Processing /home/harika/airflow/dags/xcom2.py took 0.061 seconds
[2023-10-30T18:16:59.600+0530] {processor.py:157} INFO - Started process (PID=544482) to work on /home/harika/airflow/dags/xcom2.py
[2023-10-30T18:16:59.606+0530] {processor.py:829} INFO - Processing file /home/harika/airflow/dags/xcom2.py for tasks to queue
[2023-10-30T18:16:59.607+0530] {logging_mixin.py:151} INFO - [2023-10-30T18:16:59.607+0530] {dagbag.py:539} INFO - Filling up the DagBag from /home/harika/airflow/dags/xcom2.py
[2023-10-30T18:16:59.614+0530] {processor.py:839} INFO - DAG(s) dict_keys(['xcomEx2']) retrieved from /home/harika/airflow/dags/xcom2.py
[2023-10-30T18:16:59.626+0530] {logging_mixin.py:151} INFO - [2023-10-30T18:16:59.626+0530] {dag.py:2915} INFO - Sync 1 DAGs
[2023-10-30T18:16:59.641+0530] {logging_mixin.py:151} INFO - [2023-10-30T18:16:59.641+0530] {dag.py:3696} INFO - Setting next_dagrun for xcomEx2 to 2023-10-30T00:00:00+00:00, run_after=2023-10-31T00:00:00+00:00
[2023-10-30T18:16:59.655+0530] {processor.py:179} INFO - Processing /home/harika/airflow/dags/xcom2.py took 0.057 seconds
[2023-10-30T18:17:57.055+0530] {processor.py:157} INFO - Started process (PID=545519) to work on /home/harika/airflow/dags/xcom2.py
[2023-10-30T18:17:57.061+0530] {processor.py:829} INFO - Processing file /home/harika/airflow/dags/xcom2.py for tasks to queue
[2023-10-30T18:17:57.062+0530] {logging_mixin.py:151} INFO - [2023-10-30T18:17:57.062+0530] {dagbag.py:539} INFO - Filling up the DagBag from /home/harika/airflow/dags/xcom2.py
[2023-10-30T18:17:57.069+0530] {processor.py:839} INFO - DAG(s) dict_keys(['xcomEx2']) retrieved from /home/harika/airflow/dags/xcom2.py
[2023-10-30T18:17:57.137+0530] {logging_mixin.py:151} INFO - [2023-10-30T18:17:57.137+0530] {security.py:708} INFO - Not syncing DAG-level permissions for DAG 'DAG:xcomEx2' as access control is unset.
[2023-10-30T18:17:57.137+0530] {logging_mixin.py:151} INFO - [2023-10-30T18:17:57.137+0530] {dag.py:2915} INFO - Sync 1 DAGs
[2023-10-30T18:17:57.153+0530] {logging_mixin.py:151} INFO - [2023-10-30T18:17:57.153+0530] {dag.py:3696} INFO - Setting next_dagrun for xcomEx2 to 2023-10-30T00:00:00+00:00, run_after=2023-10-31T00:00:00+00:00
[2023-10-30T18:17:57.169+0530] {processor.py:179} INFO - Processing /home/harika/airflow/dags/xcom2.py took 0.116 seconds
[2023-10-30T18:18:35.719+0530] {processor.py:157} INFO - Started process (PID=546344) to work on /home/harika/airflow/dags/xcom2.py
[2023-10-30T18:18:35.725+0530] {processor.py:829} INFO - Processing file /home/harika/airflow/dags/xcom2.py for tasks to queue
[2023-10-30T18:18:35.726+0530] {logging_mixin.py:151} INFO - [2023-10-30T18:18:35.726+0530] {dagbag.py:539} INFO - Filling up the DagBag from /home/harika/airflow/dags/xcom2.py
[2023-10-30T18:18:35.732+0530] {processor.py:839} INFO - DAG(s) dict_keys(['xcomEx2']) retrieved from /home/harika/airflow/dags/xcom2.py
[2023-10-30T18:18:35.744+0530] {logging_mixin.py:151} INFO - [2023-10-30T18:18:35.744+0530] {dag.py:2915} INFO - Sync 1 DAGs
[2023-10-30T18:18:35.760+0530] {logging_mixin.py:151} INFO - [2023-10-30T18:18:35.760+0530] {dag.py:3696} INFO - Setting next_dagrun for xcomEx2 to 2023-10-30T00:00:00+00:00, run_after=2023-10-31T00:00:00+00:00
[2023-10-30T18:18:35.774+0530] {processor.py:179} INFO - Processing /home/harika/airflow/dags/xcom2.py took 0.058 seconds
[2023-10-30T18:19:18.262+0530] {processor.py:157} INFO - Started process (PID=547103) to work on /home/harika/airflow/dags/xcom2.py
[2023-10-30T18:19:18.269+0530] {processor.py:829} INFO - Processing file /home/harika/airflow/dags/xcom2.py for tasks to queue
[2023-10-30T18:19:18.270+0530] {logging_mixin.py:151} INFO - [2023-10-30T18:19:18.270+0530] {dagbag.py:539} INFO - Filling up the DagBag from /home/harika/airflow/dags/xcom2.py
[2023-10-30T18:19:18.277+0530] {processor.py:839} INFO - DAG(s) dict_keys(['xcomEx2']) retrieved from /home/harika/airflow/dags/xcom2.py
[2023-10-30T18:19:18.288+0530] {logging_mixin.py:151} INFO - [2023-10-30T18:19:18.288+0530] {dag.py:2915} INFO - Sync 1 DAGs
[2023-10-30T18:19:18.303+0530] {logging_mixin.py:151} INFO - [2023-10-30T18:19:18.303+0530] {dag.py:3696} INFO - Setting next_dagrun for xcomEx2 to 2023-10-30T00:00:00+00:00, run_after=2023-10-31T00:00:00+00:00
[2023-10-30T18:19:18.316+0530] {processor.py:179} INFO - Processing /home/harika/airflow/dags/xcom2.py took 0.056 seconds
[2023-10-30T18:20:15.899+0530] {processor.py:157} INFO - Started process (PID=548190) to work on /home/harika/airflow/dags/xcom2.py
[2023-10-30T18:20:15.906+0530] {processor.py:829} INFO - Processing file /home/harika/airflow/dags/xcom2.py for tasks to queue
[2023-10-30T18:20:15.906+0530] {logging_mixin.py:151} INFO - [2023-10-30T18:20:15.906+0530] {dagbag.py:539} INFO - Filling up the DagBag from /home/harika/airflow/dags/xcom2.py
[2023-10-30T18:20:15.913+0530] {processor.py:839} INFO - DAG(s) dict_keys(['xcomEx2']) retrieved from /home/harika/airflow/dags/xcom2.py
[2023-10-30T18:20:15.925+0530] {logging_mixin.py:151} INFO - [2023-10-30T18:20:15.925+0530] {dag.py:2915} INFO - Sync 1 DAGs
[2023-10-30T18:20:15.942+0530] {logging_mixin.py:151} INFO - [2023-10-30T18:20:15.942+0530] {dag.py:3696} INFO - Setting next_dagrun for xcomEx2 to 2023-10-30T00:00:00+00:00, run_after=2023-10-31T00:00:00+00:00
[2023-10-30T18:20:15.954+0530] {processor.py:179} INFO - Processing /home/harika/airflow/dags/xcom2.py took 0.057 seconds
[2023-10-30T18:21:16.601+0530] {processor.py:157} INFO - Started process (PID=549197) to work on /home/harika/airflow/dags/xcom2.py
[2023-10-30T18:21:16.608+0530] {processor.py:829} INFO - Processing file /home/harika/airflow/dags/xcom2.py for tasks to queue
[2023-10-30T18:21:16.609+0530] {logging_mixin.py:151} INFO - [2023-10-30T18:21:16.608+0530] {dagbag.py:539} INFO - Filling up the DagBag from /home/harika/airflow/dags/xcom2.py
[2023-10-30T18:21:16.617+0530] {processor.py:839} INFO - DAG(s) dict_keys(['xcomEx2']) retrieved from /home/harika/airflow/dags/xcom2.py
[2023-10-30T18:21:16.629+0530] {logging_mixin.py:151} INFO - [2023-10-30T18:21:16.629+0530] {dag.py:2915} INFO - Sync 1 DAGs
[2023-10-30T18:21:16.647+0530] {logging_mixin.py:151} INFO - [2023-10-30T18:21:16.647+0530] {dag.py:3696} INFO - Setting next_dagrun for xcomEx2 to 2023-10-30T00:00:00+00:00, run_after=2023-10-31T00:00:00+00:00
[2023-10-30T18:21:16.663+0530] {processor.py:179} INFO - Processing /home/harika/airflow/dags/xcom2.py took 0.063 seconds
[2023-10-30T18:21:47.319+0530] {processor.py:157} INFO - Started process (PID=549762) to work on /home/harika/airflow/dags/xcom2.py
[2023-10-30T18:21:47.327+0530] {processor.py:829} INFO - Processing file /home/harika/airflow/dags/xcom2.py for tasks to queue
[2023-10-30T18:21:47.329+0530] {logging_mixin.py:151} INFO - [2023-10-30T18:21:47.329+0530] {dagbag.py:539} INFO - Filling up the DagBag from /home/harika/airflow/dags/xcom2.py
[2023-10-30T18:21:47.349+0530] {processor.py:839} INFO - DAG(s) dict_keys(['xcomEx2']) retrieved from /home/harika/airflow/dags/xcom2.py
[2023-10-30T18:21:47.365+0530] {logging_mixin.py:151} INFO - [2023-10-30T18:21:47.365+0530] {dag.py:2915} INFO - Sync 1 DAGs
[2023-10-30T18:21:47.381+0530] {logging_mixin.py:151} INFO - [2023-10-30T18:21:47.381+0530] {dag.py:3696} INFO - Setting next_dagrun for xcomEx2 to 2023-10-30T00:00:00+00:00, run_after=2023-10-31T00:00:00+00:00
[2023-10-30T18:21:47.394+0530] {processor.py:179} INFO - Processing /home/harika/airflow/dags/xcom2.py took 0.081 seconds
[2023-10-30T18:22:49.013+0530] {processor.py:157} INFO - Started process (PID=550923) to work on /home/harika/airflow/dags/xcom2.py
[2023-10-30T18:22:49.020+0530] {processor.py:829} INFO - Processing file /home/harika/airflow/dags/xcom2.py for tasks to queue
[2023-10-30T18:22:49.020+0530] {logging_mixin.py:151} INFO - [2023-10-30T18:22:49.020+0530] {dagbag.py:539} INFO - Filling up the DagBag from /home/harika/airflow/dags/xcom2.py
[2023-10-30T18:22:49.028+0530] {processor.py:839} INFO - DAG(s) dict_keys(['xcomEx2']) retrieved from /home/harika/airflow/dags/xcom2.py
[2023-10-30T18:22:49.040+0530] {logging_mixin.py:151} INFO - [2023-10-30T18:22:49.040+0530] {dag.py:2915} INFO - Sync 1 DAGs
[2023-10-30T18:22:49.055+0530] {logging_mixin.py:151} INFO - [2023-10-30T18:22:49.055+0530] {dag.py:3696} INFO - Setting next_dagrun for xcomEx2 to 2023-10-30T00:00:00+00:00, run_after=2023-10-31T00:00:00+00:00
[2023-10-30T18:22:49.069+0530] {processor.py:179} INFO - Processing /home/harika/airflow/dags/xcom2.py took 0.058 seconds
[2023-10-30T18:23:19.108+0530] {processor.py:157} INFO - Started process (PID=551384) to work on /home/harika/airflow/dags/xcom2.py
[2023-10-30T18:23:19.115+0530] {processor.py:829} INFO - Processing file /home/harika/airflow/dags/xcom2.py for tasks to queue
[2023-10-30T18:23:19.117+0530] {logging_mixin.py:151} INFO - [2023-10-30T18:23:19.116+0530] {dagbag.py:539} INFO - Filling up the DagBag from /home/harika/airflow/dags/xcom2.py
[2023-10-30T18:23:19.139+0530] {processor.py:839} INFO - DAG(s) dict_keys(['xcomEx2']) retrieved from /home/harika/airflow/dags/xcom2.py
[2023-10-30T18:23:19.155+0530] {logging_mixin.py:151} INFO - [2023-10-30T18:23:19.155+0530] {dag.py:2915} INFO - Sync 1 DAGs
[2023-10-30T18:23:19.171+0530] {logging_mixin.py:151} INFO - [2023-10-30T18:23:19.171+0530] {dag.py:3696} INFO - Setting next_dagrun for xcomEx2 to 2023-10-30T00:00:00+00:00, run_after=2023-10-31T00:00:00+00:00
[2023-10-30T18:23:19.184+0530] {processor.py:179} INFO - Processing /home/harika/airflow/dags/xcom2.py took 0.083 seconds
[2023-10-30T18:23:48.724+0530] {processor.py:157} INFO - Started process (PID=551965) to work on /home/harika/airflow/dags/xcom2.py
[2023-10-30T18:23:48.725+0530] {processor.py:829} INFO - Processing file /home/harika/airflow/dags/xcom2.py for tasks to queue
[2023-10-30T18:23:48.725+0530] {logging_mixin.py:151} INFO - [2023-10-30T18:23:48.725+0530] {dagbag.py:539} INFO - Filling up the DagBag from /home/harika/airflow/dags/xcom2.py
[2023-10-30T18:23:48.732+0530] {processor.py:839} INFO - DAG(s) dict_keys(['xcomEx2']) retrieved from /home/harika/airflow/dags/xcom2.py
[2023-10-30T18:23:48.745+0530] {logging_mixin.py:151} INFO - [2023-10-30T18:23:48.744+0530] {dag.py:2915} INFO - Sync 1 DAGs
[2023-10-30T18:23:48.763+0530] {logging_mixin.py:151} INFO - [2023-10-30T18:23:48.762+0530] {dag.py:3696} INFO - Setting next_dagrun for xcomEx2 to 2023-10-30T00:00:00+00:00, run_after=2023-10-31T00:00:00+00:00
[2023-10-30T18:23:48.781+0530] {processor.py:179} INFO - Processing /home/harika/airflow/dags/xcom2.py took 0.059 seconds
[2023-10-30T18:24:28.560+0530] {processor.py:157} INFO - Started process (PID=552793) to work on /home/harika/airflow/dags/xcom2.py
[2023-10-30T18:24:28.567+0530] {processor.py:829} INFO - Processing file /home/harika/airflow/dags/xcom2.py for tasks to queue
[2023-10-30T18:24:28.567+0530] {logging_mixin.py:151} INFO - [2023-10-30T18:24:28.567+0530] {dagbag.py:539} INFO - Filling up the DagBag from /home/harika/airflow/dags/xcom2.py
[2023-10-30T18:24:28.573+0530] {processor.py:839} INFO - DAG(s) dict_keys(['xcomEx2']) retrieved from /home/harika/airflow/dags/xcom2.py
[2023-10-30T18:24:28.584+0530] {logging_mixin.py:151} INFO - [2023-10-30T18:24:28.584+0530] {dag.py:2915} INFO - Sync 1 DAGs
[2023-10-30T18:24:28.601+0530] {logging_mixin.py:151} INFO - [2023-10-30T18:24:28.601+0530] {dag.py:3696} INFO - Setting next_dagrun for xcomEx2 to 2023-10-30T00:00:00+00:00, run_after=2023-10-31T00:00:00+00:00
[2023-10-30T18:24:28.614+0530] {processor.py:179} INFO - Processing /home/harika/airflow/dags/xcom2.py took 0.056 seconds
[2023-10-30T18:25:06.927+0530] {processor.py:157} INFO - Started process (PID=553435) to work on /home/harika/airflow/dags/xcom2.py
[2023-10-30T18:25:06.928+0530] {processor.py:829} INFO - Processing file /home/harika/airflow/dags/xcom2.py for tasks to queue
[2023-10-30T18:25:06.928+0530] {logging_mixin.py:151} INFO - [2023-10-30T18:25:06.928+0530] {dagbag.py:539} INFO - Filling up the DagBag from /home/harika/airflow/dags/xcom2.py
[2023-10-30T18:25:06.934+0530] {processor.py:839} INFO - DAG(s) dict_keys(['xcomEx2']) retrieved from /home/harika/airflow/dags/xcom2.py
[2023-10-30T18:25:06.946+0530] {logging_mixin.py:151} INFO - [2023-10-30T18:25:06.945+0530] {dag.py:2915} INFO - Sync 1 DAGs
[2023-10-30T18:25:06.960+0530] {logging_mixin.py:151} INFO - [2023-10-30T18:25:06.960+0530] {dag.py:3696} INFO - Setting next_dagrun for xcomEx2 to 2023-10-30T00:00:00+00:00, run_after=2023-10-31T00:00:00+00:00
[2023-10-30T18:25:06.973+0530] {processor.py:179} INFO - Processing /home/harika/airflow/dags/xcom2.py took 0.047 seconds
[2023-10-30T18:25:37.790+0530] {processor.py:157} INFO - Started process (PID=553999) to work on /home/harika/airflow/dags/xcom2.py
[2023-10-30T18:25:37.796+0530] {processor.py:829} INFO - Processing file /home/harika/airflow/dags/xcom2.py for tasks to queue
[2023-10-30T18:25:37.797+0530] {logging_mixin.py:151} INFO - [2023-10-30T18:25:37.797+0530] {dagbag.py:539} INFO - Filling up the DagBag from /home/harika/airflow/dags/xcom2.py
[2023-10-30T18:25:37.803+0530] {processor.py:839} INFO - DAG(s) dict_keys(['xcomEx2']) retrieved from /home/harika/airflow/dags/xcom2.py
[2023-10-30T18:25:37.813+0530] {logging_mixin.py:151} INFO - [2023-10-30T18:25:37.813+0530] {dag.py:2915} INFO - Sync 1 DAGs
[2023-10-30T18:25:37.829+0530] {logging_mixin.py:151} INFO - [2023-10-30T18:25:37.829+0530] {dag.py:3696} INFO - Setting next_dagrun for xcomEx2 to 2023-10-30T00:00:00+00:00, run_after=2023-10-31T00:00:00+00:00
[2023-10-30T18:25:37.842+0530] {processor.py:179} INFO - Processing /home/harika/airflow/dags/xcom2.py took 0.054 seconds
[2023-10-30T18:26:34.908+0530] {processor.py:157} INFO - Started process (PID=554990) to work on /home/harika/airflow/dags/xcom2.py
[2023-10-30T18:26:34.915+0530] {processor.py:829} INFO - Processing file /home/harika/airflow/dags/xcom2.py for tasks to queue
[2023-10-30T18:26:34.915+0530] {logging_mixin.py:151} INFO - [2023-10-30T18:26:34.915+0530] {dagbag.py:539} INFO - Filling up the DagBag from /home/harika/airflow/dags/xcom2.py
[2023-10-30T18:26:34.923+0530] {processor.py:839} INFO - DAG(s) dict_keys(['xcomEx2']) retrieved from /home/harika/airflow/dags/xcom2.py
[2023-10-30T18:26:34.934+0530] {logging_mixin.py:151} INFO - [2023-10-30T18:26:34.934+0530] {dag.py:2915} INFO - Sync 1 DAGs
[2023-10-30T18:26:34.950+0530] {logging_mixin.py:151} INFO - [2023-10-30T18:26:34.950+0530] {dag.py:3696} INFO - Setting next_dagrun for xcomEx2 to 2023-10-30T00:00:00+00:00, run_after=2023-10-31T00:00:00+00:00
[2023-10-30T18:26:34.966+0530] {processor.py:179} INFO - Processing /home/harika/airflow/dags/xcom2.py took 0.060 seconds
[2023-10-30T18:27:15.968+0530] {processor.py:157} INFO - Started process (PID=555821) to work on /home/harika/airflow/dags/xcom2.py
[2023-10-30T18:27:15.968+0530] {processor.py:829} INFO - Processing file /home/harika/airflow/dags/xcom2.py for tasks to queue
[2023-10-30T18:27:15.969+0530] {logging_mixin.py:151} INFO - [2023-10-30T18:27:15.969+0530] {dagbag.py:539} INFO - Filling up the DagBag from /home/harika/airflow/dags/xcom2.py
[2023-10-30T18:27:15.978+0530] {processor.py:839} INFO - DAG(s) dict_keys(['xcomEx2']) retrieved from /home/harika/airflow/dags/xcom2.py
[2023-10-30T18:27:15.990+0530] {logging_mixin.py:151} INFO - [2023-10-30T18:27:15.990+0530] {dag.py:2915} INFO - Sync 1 DAGs
[2023-10-30T18:27:16.008+0530] {logging_mixin.py:151} INFO - [2023-10-30T18:27:16.008+0530] {dag.py:3696} INFO - Setting next_dagrun for xcomEx2 to 2023-10-30T00:00:00+00:00, run_after=2023-10-31T00:00:00+00:00
[2023-10-30T18:27:16.022+0530] {processor.py:179} INFO - Processing /home/harika/airflow/dags/xcom2.py took 0.057 seconds
[2023-10-30T18:27:56.814+0530] {processor.py:157} INFO - Started process (PID=556476) to work on /home/harika/airflow/dags/xcom2.py
[2023-10-30T18:27:56.816+0530] {processor.py:829} INFO - Processing file /home/harika/airflow/dags/xcom2.py for tasks to queue
[2023-10-30T18:27:56.817+0530] {logging_mixin.py:151} INFO - [2023-10-30T18:27:56.817+0530] {dagbag.py:539} INFO - Filling up the DagBag from /home/harika/airflow/dags/xcom2.py
[2023-10-30T18:27:56.837+0530] {processor.py:839} INFO - DAG(s) dict_keys(['xcomEx2']) retrieved from /home/harika/airflow/dags/xcom2.py
[2023-10-30T18:27:56.853+0530] {logging_mixin.py:151} INFO - [2023-10-30T18:27:56.852+0530] {dag.py:2915} INFO - Sync 1 DAGs
[2023-10-30T18:27:56.868+0530] {logging_mixin.py:151} INFO - [2023-10-30T18:27:56.868+0530] {dag.py:3696} INFO - Setting next_dagrun for xcomEx2 to 2023-10-30T00:00:00+00:00, run_after=2023-10-31T00:00:00+00:00
[2023-10-30T18:27:56.881+0530] {processor.py:179} INFO - Processing /home/harika/airflow/dags/xcom2.py took 0.074 seconds
[2023-10-30T18:28:27.352+0530] {processor.py:157} INFO - Started process (PID=557048) to work on /home/harika/airflow/dags/xcom2.py
[2023-10-30T18:28:27.360+0530] {processor.py:829} INFO - Processing file /home/harika/airflow/dags/xcom2.py for tasks to queue
[2023-10-30T18:28:27.362+0530] {logging_mixin.py:151} INFO - [2023-10-30T18:28:27.362+0530] {dagbag.py:539} INFO - Filling up the DagBag from /home/harika/airflow/dags/xcom2.py
[2023-10-30T18:28:27.384+0530] {processor.py:839} INFO - DAG(s) dict_keys(['xcomEx2']) retrieved from /home/harika/airflow/dags/xcom2.py
[2023-10-30T18:28:27.400+0530] {logging_mixin.py:151} INFO - [2023-10-30T18:28:27.400+0530] {dag.py:2915} INFO - Sync 1 DAGs
[2023-10-30T18:28:27.418+0530] {logging_mixin.py:151} INFO - [2023-10-30T18:28:27.418+0530] {dag.py:3696} INFO - Setting next_dagrun for xcomEx2 to 2023-10-30T00:00:00+00:00, run_after=2023-10-31T00:00:00+00:00
[2023-10-30T18:28:27.433+0530] {processor.py:179} INFO - Processing /home/harika/airflow/dags/xcom2.py took 0.088 seconds
[2023-10-30T18:28:58.883+0530] {processor.py:157} INFO - Started process (PID=557635) to work on /home/harika/airflow/dags/xcom2.py
[2023-10-30T18:28:58.890+0530] {processor.py:829} INFO - Processing file /home/harika/airflow/dags/xcom2.py for tasks to queue
[2023-10-30T18:28:58.890+0530] {logging_mixin.py:151} INFO - [2023-10-30T18:28:58.890+0530] {dagbag.py:539} INFO - Filling up the DagBag from /home/harika/airflow/dags/xcom2.py
[2023-10-30T18:28:58.897+0530] {processor.py:839} INFO - DAG(s) dict_keys(['xcomEx2']) retrieved from /home/harika/airflow/dags/xcom2.py
[2023-10-30T18:28:58.907+0530] {logging_mixin.py:151} INFO - [2023-10-30T18:28:58.907+0530] {dag.py:2915} INFO - Sync 1 DAGs
[2023-10-30T18:28:58.922+0530] {logging_mixin.py:151} INFO - [2023-10-30T18:28:58.921+0530] {dag.py:3696} INFO - Setting next_dagrun for xcomEx2 to 2023-10-30T00:00:00+00:00, run_after=2023-10-31T00:00:00+00:00
[2023-10-30T18:28:58.934+0530] {processor.py:179} INFO - Processing /home/harika/airflow/dags/xcom2.py took 0.053 seconds
[2023-10-30T18:29:30.556+0530] {processor.py:157} INFO - Started process (PID=558199) to work on /home/harika/airflow/dags/xcom2.py
[2023-10-30T18:29:30.563+0530] {processor.py:829} INFO - Processing file /home/harika/airflow/dags/xcom2.py for tasks to queue
[2023-10-30T18:29:30.564+0530] {logging_mixin.py:151} INFO - [2023-10-30T18:29:30.564+0530] {dagbag.py:539} INFO - Filling up the DagBag from /home/harika/airflow/dags/xcom2.py
[2023-10-30T18:29:30.573+0530] {processor.py:839} INFO - DAG(s) dict_keys(['xcomEx2']) retrieved from /home/harika/airflow/dags/xcom2.py
[2023-10-30T18:29:30.584+0530] {logging_mixin.py:151} INFO - [2023-10-30T18:29:30.583+0530] {dag.py:2915} INFO - Sync 1 DAGs
[2023-10-30T18:29:30.598+0530] {logging_mixin.py:151} INFO - [2023-10-30T18:29:30.598+0530] {dag.py:3696} INFO - Setting next_dagrun for xcomEx2 to 2023-10-30T00:00:00+00:00, run_after=2023-10-31T00:00:00+00:00
[2023-10-30T18:29:30.611+0530] {processor.py:179} INFO - Processing /home/harika/airflow/dags/xcom2.py took 0.057 seconds
[2023-10-30T18:30:29.206+0530] {processor.py:157} INFO - Started process (PID=559206) to work on /home/harika/airflow/dags/xcom2.py
[2023-10-30T18:30:29.213+0530] {processor.py:829} INFO - Processing file /home/harika/airflow/dags/xcom2.py for tasks to queue
[2023-10-30T18:30:29.215+0530] {logging_mixin.py:151} INFO - [2023-10-30T18:30:29.214+0530] {dagbag.py:539} INFO - Filling up the DagBag from /home/harika/airflow/dags/xcom2.py
[2023-10-30T18:30:29.236+0530] {processor.py:839} INFO - DAG(s) dict_keys(['xcomEx2']) retrieved from /home/harika/airflow/dags/xcom2.py
[2023-10-30T18:30:29.252+0530] {logging_mixin.py:151} INFO - [2023-10-30T18:30:29.252+0530] {dag.py:2915} INFO - Sync 1 DAGs
[2023-10-30T18:30:29.268+0530] {logging_mixin.py:151} INFO - [2023-10-30T18:30:29.267+0530] {dag.py:3696} INFO - Setting next_dagrun for xcomEx2 to 2023-10-30T00:00:00+00:00, run_after=2023-10-31T00:00:00+00:00
[2023-10-30T18:30:29.282+0530] {processor.py:179} INFO - Processing /home/harika/airflow/dags/xcom2.py took 0.083 seconds
[2023-10-30T18:31:28.878+0530] {processor.py:157} INFO - Started process (PID=560335) to work on /home/harika/airflow/dags/xcom2.py
[2023-10-30T18:31:28.878+0530] {processor.py:829} INFO - Processing file /home/harika/airflow/dags/xcom2.py for tasks to queue
[2023-10-30T18:31:28.879+0530] {logging_mixin.py:151} INFO - [2023-10-30T18:31:28.878+0530] {dagbag.py:539} INFO - Filling up the DagBag from /home/harika/airflow/dags/xcom2.py
[2023-10-30T18:31:28.885+0530] {processor.py:839} INFO - DAG(s) dict_keys(['xcomEx2']) retrieved from /home/harika/airflow/dags/xcom2.py
[2023-10-30T18:31:28.895+0530] {logging_mixin.py:151} INFO - [2023-10-30T18:31:28.895+0530] {dag.py:2915} INFO - Sync 1 DAGs
[2023-10-30T18:31:28.910+0530] {logging_mixin.py:151} INFO - [2023-10-30T18:31:28.910+0530] {dag.py:3696} INFO - Setting next_dagrun for xcomEx2 to 2023-10-30T00:00:00+00:00, run_after=2023-10-31T00:00:00+00:00
[2023-10-30T18:31:28.923+0530] {processor.py:179} INFO - Processing /home/harika/airflow/dags/xcom2.py took 0.048 seconds
[2023-10-30T18:32:25.465+0530] {processor.py:157} INFO - Started process (PID=561319) to work on /home/harika/airflow/dags/xcom2.py
[2023-10-30T18:32:25.472+0530] {processor.py:829} INFO - Processing file /home/harika/airflow/dags/xcom2.py for tasks to queue
[2023-10-30T18:32:25.472+0530] {logging_mixin.py:151} INFO - [2023-10-30T18:32:25.472+0530] {dagbag.py:539} INFO - Filling up the DagBag from /home/harika/airflow/dags/xcom2.py
[2023-10-30T18:32:25.479+0530] {processor.py:839} INFO - DAG(s) dict_keys(['xcomEx2']) retrieved from /home/harika/airflow/dags/xcom2.py
[2023-10-30T18:32:25.489+0530] {logging_mixin.py:151} INFO - [2023-10-30T18:32:25.489+0530] {dag.py:2915} INFO - Sync 1 DAGs
[2023-10-30T18:32:25.505+0530] {logging_mixin.py:151} INFO - [2023-10-30T18:32:25.504+0530] {dag.py:3696} INFO - Setting next_dagrun for xcomEx2 to 2023-10-30T00:00:00+00:00, run_after=2023-10-31T00:00:00+00:00
[2023-10-30T18:32:25.518+0530] {processor.py:179} INFO - Processing /home/harika/airflow/dags/xcom2.py took 0.054 seconds
[2023-10-30T18:33:21.929+0530] {processor.py:157} INFO - Started process (PID=562319) to work on /home/harika/airflow/dags/xcom2.py
[2023-10-30T18:33:21.936+0530] {processor.py:829} INFO - Processing file /home/harika/airflow/dags/xcom2.py for tasks to queue
[2023-10-30T18:33:21.938+0530] {logging_mixin.py:151} INFO - [2023-10-30T18:33:21.937+0530] {dagbag.py:539} INFO - Filling up the DagBag from /home/harika/airflow/dags/xcom2.py
[2023-10-30T18:33:21.961+0530] {processor.py:839} INFO - DAG(s) dict_keys(['xcomEx2']) retrieved from /home/harika/airflow/dags/xcom2.py
[2023-10-30T18:33:21.979+0530] {logging_mixin.py:151} INFO - [2023-10-30T18:33:21.979+0530] {dag.py:2915} INFO - Sync 1 DAGs
[2023-10-30T18:33:21.994+0530] {logging_mixin.py:151} INFO - [2023-10-30T18:33:21.994+0530] {dag.py:3696} INFO - Setting next_dagrun for xcomEx2 to 2023-10-30T00:00:00+00:00, run_after=2023-10-31T00:00:00+00:00
[2023-10-30T18:33:22.007+0530] {processor.py:179} INFO - Processing /home/harika/airflow/dags/xcom2.py took 0.081 seconds
[2023-10-30T18:33:53.395+0530] {processor.py:157} INFO - Started process (PID=562920) to work on /home/harika/airflow/dags/xcom2.py
[2023-10-30T18:33:53.402+0530] {processor.py:829} INFO - Processing file /home/harika/airflow/dags/xcom2.py for tasks to queue
[2023-10-30T18:33:53.404+0530] {logging_mixin.py:151} INFO - [2023-10-30T18:33:53.403+0530] {dagbag.py:539} INFO - Filling up the DagBag from /home/harika/airflow/dags/xcom2.py
[2023-10-30T18:33:53.426+0530] {processor.py:839} INFO - DAG(s) dict_keys(['xcomEx2']) retrieved from /home/harika/airflow/dags/xcom2.py
[2023-10-30T18:33:53.443+0530] {logging_mixin.py:151} INFO - [2023-10-30T18:33:53.443+0530] {dag.py:2915} INFO - Sync 1 DAGs
[2023-10-30T18:33:53.457+0530] {logging_mixin.py:151} INFO - [2023-10-30T18:33:53.457+0530] {dag.py:3696} INFO - Setting next_dagrun for xcomEx2 to 2023-10-30T00:00:00+00:00, run_after=2023-10-31T00:00:00+00:00
[2023-10-30T18:33:53.470+0530] {processor.py:179} INFO - Processing /home/harika/airflow/dags/xcom2.py took 0.078 seconds
[2023-10-30T18:34:26.092+0530] {processor.py:157} INFO - Started process (PID=563499) to work on /home/harika/airflow/dags/xcom2.py
[2023-10-30T18:34:26.099+0530] {processor.py:829} INFO - Processing file /home/harika/airflow/dags/xcom2.py for tasks to queue
[2023-10-30T18:34:26.099+0530] {logging_mixin.py:151} INFO - [2023-10-30T18:34:26.099+0530] {dagbag.py:539} INFO - Filling up the DagBag from /home/harika/airflow/dags/xcom2.py
[2023-10-30T18:34:26.107+0530] {processor.py:839} INFO - DAG(s) dict_keys(['xcomEx2']) retrieved from /home/harika/airflow/dags/xcom2.py
[2023-10-30T18:34:26.118+0530] {logging_mixin.py:151} INFO - [2023-10-30T18:34:26.118+0530] {dag.py:2915} INFO - Sync 1 DAGs
[2023-10-30T18:34:26.133+0530] {logging_mixin.py:151} INFO - [2023-10-30T18:34:26.133+0530] {dag.py:3696} INFO - Setting next_dagrun for xcomEx2 to 2023-10-30T00:00:00+00:00, run_after=2023-10-31T00:00:00+00:00
[2023-10-30T18:34:26.146+0530] {processor.py:179} INFO - Processing /home/harika/airflow/dags/xcom2.py took 0.057 seconds
[2023-10-30T18:34:58.202+0530] {processor.py:157} INFO - Started process (PID=564102) to work on /home/harika/airflow/dags/xcom2.py
[2023-10-30T18:34:58.209+0530] {processor.py:829} INFO - Processing file /home/harika/airflow/dags/xcom2.py for tasks to queue
[2023-10-30T18:34:58.210+0530] {logging_mixin.py:151} INFO - [2023-10-30T18:34:58.209+0530] {dagbag.py:539} INFO - Filling up the DagBag from /home/harika/airflow/dags/xcom2.py
[2023-10-30T18:34:58.218+0530] {processor.py:839} INFO - DAG(s) dict_keys(['xcomEx2']) retrieved from /home/harika/airflow/dags/xcom2.py
[2023-10-30T18:34:58.230+0530] {logging_mixin.py:151} INFO - [2023-10-30T18:34:58.230+0530] {dag.py:2915} INFO - Sync 1 DAGs
[2023-10-30T18:34:58.246+0530] {logging_mixin.py:151} INFO - [2023-10-30T18:34:58.245+0530] {dag.py:3696} INFO - Setting next_dagrun for xcomEx2 to 2023-10-30T00:00:00+00:00, run_after=2023-10-31T00:00:00+00:00
[2023-10-30T18:34:58.260+0530] {processor.py:179} INFO - Processing /home/harika/airflow/dags/xcom2.py took 0.061 seconds
[2023-10-30T18:35:57.919+0530] {processor.py:157} INFO - Started process (PID=565123) to work on /home/harika/airflow/dags/xcom2.py
[2023-10-30T18:35:57.926+0530] {processor.py:829} INFO - Processing file /home/harika/airflow/dags/xcom2.py for tasks to queue
[2023-10-30T18:35:57.927+0530] {logging_mixin.py:151} INFO - [2023-10-30T18:35:57.926+0530] {dagbag.py:539} INFO - Filling up the DagBag from /home/harika/airflow/dags/xcom2.py
[2023-10-30T18:35:57.934+0530] {processor.py:839} INFO - DAG(s) dict_keys(['xcomEx2']) retrieved from /home/harika/airflow/dags/xcom2.py
[2023-10-30T18:35:57.946+0530] {logging_mixin.py:151} INFO - [2023-10-30T18:35:57.946+0530] {dag.py:2915} INFO - Sync 1 DAGs
[2023-10-30T18:35:57.963+0530] {logging_mixin.py:151} INFO - [2023-10-30T18:35:57.963+0530] {dag.py:3696} INFO - Setting next_dagrun for xcomEx2 to 2023-10-30T00:00:00+00:00, run_after=2023-10-31T00:00:00+00:00
[2023-10-30T18:35:57.977+0530] {processor.py:179} INFO - Processing /home/harika/airflow/dags/xcom2.py took 0.059 seconds
[2023-10-30T18:36:56.885+0530] {processor.py:157} INFO - Started process (PID=566127) to work on /home/harika/airflow/dags/xcom2.py
[2023-10-30T18:36:56.892+0530] {processor.py:829} INFO - Processing file /home/harika/airflow/dags/xcom2.py for tasks to queue
[2023-10-30T18:36:56.895+0530] {logging_mixin.py:151} INFO - [2023-10-30T18:36:56.894+0530] {dagbag.py:539} INFO - Filling up the DagBag from /home/harika/airflow/dags/xcom2.py
[2023-10-30T18:36:56.913+0530] {processor.py:839} INFO - DAG(s) dict_keys(['xcomEx2']) retrieved from /home/harika/airflow/dags/xcom2.py
[2023-10-30T18:36:56.928+0530] {logging_mixin.py:151} INFO - [2023-10-30T18:36:56.928+0530] {dag.py:2915} INFO - Sync 1 DAGs
[2023-10-30T18:36:56.944+0530] {logging_mixin.py:151} INFO - [2023-10-30T18:36:56.944+0530] {dag.py:3696} INFO - Setting next_dagrun for xcomEx2 to 2023-10-30T00:00:00+00:00, run_after=2023-10-31T00:00:00+00:00
[2023-10-30T18:36:56.958+0530] {processor.py:179} INFO - Processing /home/harika/airflow/dags/xcom2.py took 0.075 seconds
[2023-10-30T18:37:56.542+0530] {processor.py:157} INFO - Started process (PID=567246) to work on /home/harika/airflow/dags/xcom2.py
[2023-10-30T18:37:56.543+0530] {processor.py:829} INFO - Processing file /home/harika/airflow/dags/xcom2.py for tasks to queue
[2023-10-30T18:37:56.543+0530] {logging_mixin.py:151} INFO - [2023-10-30T18:37:56.543+0530] {dagbag.py:539} INFO - Filling up the DagBag from /home/harika/airflow/dags/xcom2.py
[2023-10-30T18:37:56.551+0530] {processor.py:839} INFO - DAG(s) dict_keys(['xcomEx2']) retrieved from /home/harika/airflow/dags/xcom2.py
[2023-10-30T18:37:56.563+0530] {logging_mixin.py:151} INFO - [2023-10-30T18:37:56.563+0530] {dag.py:2915} INFO - Sync 1 DAGs
[2023-10-30T18:37:56.578+0530] {logging_mixin.py:151} INFO - [2023-10-30T18:37:56.578+0530] {dag.py:3696} INFO - Setting next_dagrun for xcomEx2 to 2023-10-30T00:00:00+00:00, run_after=2023-10-31T00:00:00+00:00
[2023-10-30T18:37:56.591+0530] {processor.py:179} INFO - Processing /home/harika/airflow/dags/xcom2.py took 0.052 seconds
[2023-10-30T18:38:27.494+0530] {processor.py:157} INFO - Started process (PID=567835) to work on /home/harika/airflow/dags/xcom2.py
[2023-10-30T18:38:27.502+0530] {processor.py:829} INFO - Processing file /home/harika/airflow/dags/xcom2.py for tasks to queue
[2023-10-30T18:38:27.504+0530] {logging_mixin.py:151} INFO - [2023-10-30T18:38:27.503+0530] {dagbag.py:539} INFO - Filling up the DagBag from /home/harika/airflow/dags/xcom2.py
[2023-10-30T18:38:27.524+0530] {processor.py:839} INFO - DAG(s) dict_keys(['xcomEx2']) retrieved from /home/harika/airflow/dags/xcom2.py
[2023-10-30T18:38:27.541+0530] {logging_mixin.py:151} INFO - [2023-10-30T18:38:27.541+0530] {dag.py:2915} INFO - Sync 1 DAGs
[2023-10-30T18:38:27.556+0530] {logging_mixin.py:151} INFO - [2023-10-30T18:38:27.556+0530] {dag.py:3696} INFO - Setting next_dagrun for xcomEx2 to 2023-10-30T00:00:00+00:00, run_after=2023-10-31T00:00:00+00:00
[2023-10-30T18:38:27.569+0530] {processor.py:179} INFO - Processing /home/harika/airflow/dags/xcom2.py took 0.082 seconds
[2023-10-30T18:38:59.495+0530] {processor.py:157} INFO - Started process (PID=568280) to work on /home/harika/airflow/dags/xcom2.py
[2023-10-30T18:38:59.502+0530] {processor.py:829} INFO - Processing file /home/harika/airflow/dags/xcom2.py for tasks to queue
[2023-10-30T18:38:59.504+0530] {logging_mixin.py:151} INFO - [2023-10-30T18:38:59.503+0530] {dagbag.py:539} INFO - Filling up the DagBag from /home/harika/airflow/dags/xcom2.py
[2023-10-30T18:38:59.527+0530] {processor.py:839} INFO - DAG(s) dict_keys(['xcomEx2']) retrieved from /home/harika/airflow/dags/xcom2.py
[2023-10-30T18:38:59.546+0530] {logging_mixin.py:151} INFO - [2023-10-30T18:38:59.546+0530] {dag.py:2915} INFO - Sync 1 DAGs
[2023-10-30T18:38:59.563+0530] {logging_mixin.py:151} INFO - [2023-10-30T18:38:59.562+0530] {dag.py:3696} INFO - Setting next_dagrun for xcomEx2 to 2023-10-30T00:00:00+00:00, run_after=2023-10-31T00:00:00+00:00
[2023-10-30T18:38:59.575+0530] {processor.py:179} INFO - Processing /home/harika/airflow/dags/xcom2.py took 0.083 seconds
[2023-10-30T18:39:30.486+0530] {processor.py:157} INFO - Started process (PID=568845) to work on /home/harika/airflow/dags/xcom2.py
[2023-10-30T18:39:30.486+0530] {processor.py:829} INFO - Processing file /home/harika/airflow/dags/xcom2.py for tasks to queue
[2023-10-30T18:39:30.487+0530] {logging_mixin.py:151} INFO - [2023-10-30T18:39:30.487+0530] {dagbag.py:539} INFO - Filling up the DagBag from /home/harika/airflow/dags/xcom2.py
[2023-10-30T18:39:30.494+0530] {processor.py:839} INFO - DAG(s) dict_keys(['xcomEx2']) retrieved from /home/harika/airflow/dags/xcom2.py
[2023-10-30T18:39:30.506+0530] {logging_mixin.py:151} INFO - [2023-10-30T18:39:30.505+0530] {dag.py:2915} INFO - Sync 1 DAGs
[2023-10-30T18:39:30.520+0530] {logging_mixin.py:151} INFO - [2023-10-30T18:39:30.520+0530] {dag.py:3696} INFO - Setting next_dagrun for xcomEx2 to 2023-10-30T00:00:00+00:00, run_after=2023-10-31T00:00:00+00:00
[2023-10-30T18:39:30.533+0530] {processor.py:179} INFO - Processing /home/harika/airflow/dags/xcom2.py took 0.049 seconds
[2023-10-30T18:40:02.605+0530] {processor.py:157} INFO - Started process (PID=569443) to work on /home/harika/airflow/dags/xcom2.py
[2023-10-30T18:40:02.612+0530] {processor.py:829} INFO - Processing file /home/harika/airflow/dags/xcom2.py for tasks to queue
[2023-10-30T18:40:02.612+0530] {logging_mixin.py:151} INFO - [2023-10-30T18:40:02.612+0530] {dagbag.py:539} INFO - Filling up the DagBag from /home/harika/airflow/dags/xcom2.py
[2023-10-30T18:40:02.619+0530] {processor.py:839} INFO - DAG(s) dict_keys(['xcomEx2']) retrieved from /home/harika/airflow/dags/xcom2.py
[2023-10-30T18:40:02.634+0530] {logging_mixin.py:151} INFO - [2023-10-30T18:40:02.634+0530] {dag.py:2915} INFO - Sync 1 DAGs
[2023-10-30T18:40:02.652+0530] {logging_mixin.py:151} INFO - [2023-10-30T18:40:02.652+0530] {dag.py:3696} INFO - Setting next_dagrun for xcomEx2 to 2023-10-30T00:00:00+00:00, run_after=2023-10-31T00:00:00+00:00
[2023-10-30T18:40:02.666+0530] {processor.py:179} INFO - Processing /home/harika/airflow/dags/xcom2.py took 0.063 seconds
[2023-10-30T18:40:35.893+0530] {processor.py:157} INFO - Started process (PID=570011) to work on /home/harika/airflow/dags/xcom2.py
[2023-10-30T18:40:35.900+0530] {processor.py:829} INFO - Processing file /home/harika/airflow/dags/xcom2.py for tasks to queue
[2023-10-30T18:40:35.900+0530] {logging_mixin.py:151} INFO - [2023-10-30T18:40:35.900+0530] {dagbag.py:539} INFO - Filling up the DagBag from /home/harika/airflow/dags/xcom2.py
[2023-10-30T18:40:35.908+0530] {processor.py:839} INFO - DAG(s) dict_keys(['xcomEx2']) retrieved from /home/harika/airflow/dags/xcom2.py
[2023-10-30T18:40:35.919+0530] {logging_mixin.py:151} INFO - [2023-10-30T18:40:35.919+0530] {dag.py:2915} INFO - Sync 1 DAGs
[2023-10-30T18:40:35.935+0530] {logging_mixin.py:151} INFO - [2023-10-30T18:40:35.935+0530] {dag.py:3696} INFO - Setting next_dagrun for xcomEx2 to 2023-10-30T00:00:00+00:00, run_after=2023-10-31T00:00:00+00:00
[2023-10-30T18:40:35.948+0530] {processor.py:179} INFO - Processing /home/harika/airflow/dags/xcom2.py took 0.057 seconds
[2023-10-30T18:41:06.717+0530] {processor.py:157} INFO - Started process (PID=570592) to work on /home/harika/airflow/dags/xcom2.py
[2023-10-30T18:41:06.725+0530] {processor.py:829} INFO - Processing file /home/harika/airflow/dags/xcom2.py for tasks to queue
[2023-10-30T18:41:06.727+0530] {logging_mixin.py:151} INFO - [2023-10-30T18:41:06.727+0530] {dagbag.py:539} INFO - Filling up the DagBag from /home/harika/airflow/dags/xcom2.py
[2023-10-30T18:41:06.748+0530] {processor.py:839} INFO - DAG(s) dict_keys(['xcomEx2']) retrieved from /home/harika/airflow/dags/xcom2.py
[2023-10-30T18:41:06.765+0530] {logging_mixin.py:151} INFO - [2023-10-30T18:41:06.764+0530] {dag.py:2915} INFO - Sync 1 DAGs
[2023-10-30T18:41:06.781+0530] {logging_mixin.py:151} INFO - [2023-10-30T18:41:06.781+0530] {dag.py:3696} INFO - Setting next_dagrun for xcomEx2 to 2023-10-30T00:00:00+00:00, run_after=2023-10-31T00:00:00+00:00
[2023-10-30T18:41:06.795+0530] {processor.py:179} INFO - Processing /home/harika/airflow/dags/xcom2.py took 0.084 seconds
[2023-10-30T18:41:38.223+0530] {processor.py:157} INFO - Started process (PID=571164) to work on /home/harika/airflow/dags/xcom2.py
[2023-10-30T18:41:38.231+0530] {processor.py:829} INFO - Processing file /home/harika/airflow/dags/xcom2.py for tasks to queue
[2023-10-30T18:41:38.233+0530] {logging_mixin.py:151} INFO - [2023-10-30T18:41:38.232+0530] {dagbag.py:539} INFO - Filling up the DagBag from /home/harika/airflow/dags/xcom2.py
[2023-10-30T18:41:38.253+0530] {processor.py:839} INFO - DAG(s) dict_keys(['xcomEx2']) retrieved from /home/harika/airflow/dags/xcom2.py
[2023-10-30T18:41:38.269+0530] {logging_mixin.py:151} INFO - [2023-10-30T18:41:38.269+0530] {dag.py:2915} INFO - Sync 1 DAGs
[2023-10-30T18:41:38.285+0530] {logging_mixin.py:151} INFO - [2023-10-30T18:41:38.285+0530] {dag.py:3696} INFO - Setting next_dagrun for xcomEx2 to 2023-10-30T00:00:00+00:00, run_after=2023-10-31T00:00:00+00:00
[2023-10-30T18:41:38.299+0530] {processor.py:179} INFO - Processing /home/harika/airflow/dags/xcom2.py took 0.083 seconds
[2023-10-30T18:42:09.669+0530] {processor.py:157} INFO - Started process (PID=571747) to work on /home/harika/airflow/dags/xcom2.py
[2023-10-30T18:42:09.671+0530] {processor.py:829} INFO - Processing file /home/harika/airflow/dags/xcom2.py for tasks to queue
[2023-10-30T18:42:09.673+0530] {logging_mixin.py:151} INFO - [2023-10-30T18:42:09.672+0530] {dagbag.py:539} INFO - Filling up the DagBag from /home/harika/airflow/dags/xcom2.py
[2023-10-30T18:42:09.691+0530] {processor.py:839} INFO - DAG(s) dict_keys(['xcomEx2']) retrieved from /home/harika/airflow/dags/xcom2.py
[2023-10-30T18:42:09.706+0530] {logging_mixin.py:151} INFO - [2023-10-30T18:42:09.706+0530] {dag.py:2915} INFO - Sync 1 DAGs
[2023-10-30T18:42:09.724+0530] {logging_mixin.py:151} INFO - [2023-10-30T18:42:09.723+0530] {dag.py:3696} INFO - Setting next_dagrun for xcomEx2 to 2023-10-30T00:00:00+00:00, run_after=2023-10-31T00:00:00+00:00
[2023-10-30T18:42:09.737+0530] {processor.py:179} INFO - Processing /home/harika/airflow/dags/xcom2.py took 0.075 seconds
[2023-10-30T18:42:40.818+0530] {processor.py:157} INFO - Started process (PID=572177) to work on /home/harika/airflow/dags/xcom2.py
[2023-10-30T18:42:40.819+0530] {processor.py:829} INFO - Processing file /home/harika/airflow/dags/xcom2.py for tasks to queue
[2023-10-30T18:42:40.821+0530] {logging_mixin.py:151} INFO - [2023-10-30T18:42:40.820+0530] {dagbag.py:539} INFO - Filling up the DagBag from /home/harika/airflow/dags/xcom2.py
[2023-10-30T18:42:40.834+0530] {processor.py:839} INFO - DAG(s) dict_keys(['xcomEx2']) retrieved from /home/harika/airflow/dags/xcom2.py
[2023-10-30T18:42:40.851+0530] {logging_mixin.py:151} INFO - [2023-10-30T18:42:40.851+0530] {dag.py:2915} INFO - Sync 1 DAGs
[2023-10-30T18:42:40.867+0530] {logging_mixin.py:151} INFO - [2023-10-30T18:42:40.867+0530] {dag.py:3696} INFO - Setting next_dagrun for xcomEx2 to 2023-10-30T00:00:00+00:00, run_after=2023-10-31T00:00:00+00:00
[2023-10-30T18:42:40.882+0530] {processor.py:179} INFO - Processing /home/harika/airflow/dags/xcom2.py took 0.068 seconds
[2023-10-30T18:43:11.742+0530] {processor.py:157} INFO - Started process (PID=572754) to work on /home/harika/airflow/dags/xcom2.py
[2023-10-30T18:43:11.743+0530] {processor.py:829} INFO - Processing file /home/harika/airflow/dags/xcom2.py for tasks to queue
[2023-10-30T18:43:11.744+0530] {logging_mixin.py:151} INFO - [2023-10-30T18:43:11.744+0530] {dagbag.py:539} INFO - Filling up the DagBag from /home/harika/airflow/dags/xcom2.py
[2023-10-30T18:43:11.753+0530] {processor.py:839} INFO - DAG(s) dict_keys(['xcomEx2']) retrieved from /home/harika/airflow/dags/xcom2.py
[2023-10-30T18:43:11.766+0530] {logging_mixin.py:151} INFO - [2023-10-30T18:43:11.765+0530] {dag.py:2915} INFO - Sync 1 DAGs
[2023-10-30T18:43:11.783+0530] {logging_mixin.py:151} INFO - [2023-10-30T18:43:11.782+0530] {dag.py:3696} INFO - Setting next_dagrun for xcomEx2 to 2023-10-30T00:00:00+00:00, run_after=2023-10-31T00:00:00+00:00
[2023-10-30T18:43:11.801+0530] {processor.py:179} INFO - Processing /home/harika/airflow/dags/xcom2.py took 0.066 seconds
[2023-10-30T18:43:42.612+0530] {processor.py:157} INFO - Started process (PID=573341) to work on /home/harika/airflow/dags/xcom2.py
[2023-10-30T18:43:42.620+0530] {processor.py:829} INFO - Processing file /home/harika/airflow/dags/xcom2.py for tasks to queue
[2023-10-30T18:43:42.622+0530] {logging_mixin.py:151} INFO - [2023-10-30T18:43:42.621+0530] {dagbag.py:539} INFO - Filling up the DagBag from /home/harika/airflow/dags/xcom2.py
[2023-10-30T18:43:42.645+0530] {processor.py:839} INFO - DAG(s) dict_keys(['xcomEx2']) retrieved from /home/harika/airflow/dags/xcom2.py
[2023-10-30T18:43:42.664+0530] {logging_mixin.py:151} INFO - [2023-10-30T18:43:42.663+0530] {dag.py:2915} INFO - Sync 1 DAGs
[2023-10-30T18:43:42.681+0530] {logging_mixin.py:151} INFO - [2023-10-30T18:43:42.681+0530] {dag.py:3696} INFO - Setting next_dagrun for xcomEx2 to 2023-10-30T00:00:00+00:00, run_after=2023-10-31T00:00:00+00:00
[2023-10-30T18:43:42.694+0530] {processor.py:179} INFO - Processing /home/harika/airflow/dags/xcom2.py took 0.084 seconds
[2023-10-30T18:44:13.474+0530] {processor.py:157} INFO - Started process (PID=573919) to work on /home/harika/airflow/dags/xcom2.py
[2023-10-30T18:44:13.482+0530] {processor.py:829} INFO - Processing file /home/harika/airflow/dags/xcom2.py for tasks to queue
[2023-10-30T18:44:13.484+0530] {logging_mixin.py:151} INFO - [2023-10-30T18:44:13.483+0530] {dagbag.py:539} INFO - Filling up the DagBag from /home/harika/airflow/dags/xcom2.py
[2023-10-30T18:44:13.493+0530] {processor.py:839} INFO - DAG(s) dict_keys(['xcomEx2']) retrieved from /home/harika/airflow/dags/xcom2.py
[2023-10-30T18:44:13.505+0530] {logging_mixin.py:151} INFO - [2023-10-30T18:44:13.505+0530] {dag.py:2915} INFO - Sync 1 DAGs
[2023-10-30T18:44:13.521+0530] {logging_mixin.py:151} INFO - [2023-10-30T18:44:13.521+0530] {dag.py:3696} INFO - Setting next_dagrun for xcomEx2 to 2023-10-30T00:00:00+00:00, run_after=2023-10-31T00:00:00+00:00
[2023-10-30T18:44:13.534+0530] {processor.py:179} INFO - Processing /home/harika/airflow/dags/xcom2.py took 0.067 seconds
[2023-10-30T18:45:14.551+0530] {processor.py:157} INFO - Started process (PID=574922) to work on /home/harika/airflow/dags/xcom2.py
[2023-10-30T18:45:14.559+0530] {processor.py:829} INFO - Processing file /home/harika/airflow/dags/xcom2.py for tasks to queue
[2023-10-30T18:45:14.561+0530] {logging_mixin.py:151} INFO - [2023-10-30T18:45:14.560+0530] {dagbag.py:539} INFO - Filling up the DagBag from /home/harika/airflow/dags/xcom2.py
[2023-10-30T18:45:14.582+0530] {processor.py:839} INFO - DAG(s) dict_keys(['xcomEx2']) retrieved from /home/harika/airflow/dags/xcom2.py
[2023-10-30T18:45:14.596+0530] {logging_mixin.py:151} INFO - [2023-10-30T18:45:14.596+0530] {dag.py:2915} INFO - Sync 1 DAGs
[2023-10-30T18:45:14.613+0530] {logging_mixin.py:151} INFO - [2023-10-30T18:45:14.613+0530] {dag.py:3696} INFO - Setting next_dagrun for xcomEx2 to 2023-10-30T00:00:00+00:00, run_after=2023-10-31T00:00:00+00:00
[2023-10-30T18:45:14.626+0530] {processor.py:179} INFO - Processing /home/harika/airflow/dags/xcom2.py took 0.082 seconds
[2023-10-30T18:45:46.206+0530] {processor.py:157} INFO - Started process (PID=575490) to work on /home/harika/airflow/dags/xcom2.py
[2023-10-30T18:45:46.212+0530] {processor.py:829} INFO - Processing file /home/harika/airflow/dags/xcom2.py for tasks to queue
[2023-10-30T18:45:46.213+0530] {logging_mixin.py:151} INFO - [2023-10-30T18:45:46.213+0530] {dagbag.py:539} INFO - Filling up the DagBag from /home/harika/airflow/dags/xcom2.py
[2023-10-30T18:45:46.223+0530] {processor.py:839} INFO - DAG(s) dict_keys(['xcomEx2']) retrieved from /home/harika/airflow/dags/xcom2.py
[2023-10-30T18:45:46.238+0530] {logging_mixin.py:151} INFO - [2023-10-30T18:45:46.238+0530] {dag.py:2915} INFO - Sync 1 DAGs
[2023-10-30T18:45:46.254+0530] {logging_mixin.py:151} INFO - [2023-10-30T18:45:46.254+0530] {dag.py:3696} INFO - Setting next_dagrun for xcomEx2 to 2023-10-30T00:00:00+00:00, run_after=2023-10-31T00:00:00+00:00
[2023-10-30T18:45:46.267+0530] {processor.py:179} INFO - Processing /home/harika/airflow/dags/xcom2.py took 0.064 seconds
[2023-10-30T18:46:16.610+0530] {processor.py:157} INFO - Started process (PID=576065) to work on /home/harika/airflow/dags/xcom2.py
[2023-10-30T18:46:16.617+0530] {processor.py:829} INFO - Processing file /home/harika/airflow/dags/xcom2.py for tasks to queue
[2023-10-30T18:46:16.618+0530] {logging_mixin.py:151} INFO - [2023-10-30T18:46:16.618+0530] {dagbag.py:539} INFO - Filling up the DagBag from /home/harika/airflow/dags/xcom2.py
[2023-10-30T18:46:16.629+0530] {processor.py:839} INFO - DAG(s) dict_keys(['xcomEx2']) retrieved from /home/harika/airflow/dags/xcom2.py
[2023-10-30T18:46:16.646+0530] {logging_mixin.py:151} INFO - [2023-10-30T18:46:16.646+0530] {dag.py:2915} INFO - Sync 1 DAGs
[2023-10-30T18:46:16.664+0530] {logging_mixin.py:151} INFO - [2023-10-30T18:46:16.664+0530] {dag.py:3696} INFO - Setting next_dagrun for xcomEx2 to 2023-10-30T00:00:00+00:00, run_after=2023-10-31T00:00:00+00:00
[2023-10-30T18:46:16.678+0530] {processor.py:179} INFO - Processing /home/harika/airflow/dags/xcom2.py took 0.070 seconds
[2023-10-30T18:46:47.301+0530] {processor.py:157} INFO - Started process (PID=576631) to work on /home/harika/airflow/dags/xcom2.py
[2023-10-30T18:46:47.309+0530] {processor.py:829} INFO - Processing file /home/harika/airflow/dags/xcom2.py for tasks to queue
[2023-10-30T18:46:47.311+0530] {logging_mixin.py:151} INFO - [2023-10-30T18:46:47.310+0530] {dagbag.py:539} INFO - Filling up the DagBag from /home/harika/airflow/dags/xcom2.py
[2023-10-30T18:46:47.332+0530] {processor.py:839} INFO - DAG(s) dict_keys(['xcomEx2']) retrieved from /home/harika/airflow/dags/xcom2.py
[2023-10-30T18:46:47.344+0530] {logging_mixin.py:151} INFO - [2023-10-30T18:46:47.344+0530] {dag.py:2915} INFO - Sync 1 DAGs
[2023-10-30T18:46:47.361+0530] {logging_mixin.py:151} INFO - [2023-10-30T18:46:47.361+0530] {dag.py:3696} INFO - Setting next_dagrun for xcomEx2 to 2023-10-30T00:00:00+00:00, run_after=2023-10-31T00:00:00+00:00
[2023-10-30T18:46:47.375+0530] {processor.py:179} INFO - Processing /home/harika/airflow/dags/xcom2.py took 0.081 seconds
[2023-10-30T18:47:45.175+0530] {processor.py:157} INFO - Started process (PID=577635) to work on /home/harika/airflow/dags/xcom2.py
[2023-10-30T18:47:45.181+0530] {processor.py:829} INFO - Processing file /home/harika/airflow/dags/xcom2.py for tasks to queue
[2023-10-30T18:47:45.182+0530] {logging_mixin.py:151} INFO - [2023-10-30T18:47:45.182+0530] {dagbag.py:539} INFO - Filling up the DagBag from /home/harika/airflow/dags/xcom2.py
[2023-10-30T18:47:45.189+0530] {processor.py:839} INFO - DAG(s) dict_keys(['xcomEx2']) retrieved from /home/harika/airflow/dags/xcom2.py
[2023-10-30T18:47:45.200+0530] {logging_mixin.py:151} INFO - [2023-10-30T18:47:45.200+0530] {dag.py:2915} INFO - Sync 1 DAGs
[2023-10-30T18:47:45.216+0530] {logging_mixin.py:151} INFO - [2023-10-30T18:47:45.216+0530] {dag.py:3696} INFO - Setting next_dagrun for xcomEx2 to 2023-10-30T00:00:00+00:00, run_after=2023-10-31T00:00:00+00:00
[2023-10-30T18:47:45.230+0530] {processor.py:179} INFO - Processing /home/harika/airflow/dags/xcom2.py took 0.058 seconds
[2023-10-30T18:48:16.205+0530] {processor.py:157} INFO - Started process (PID=578205) to work on /home/harika/airflow/dags/xcom2.py
[2023-10-30T18:48:16.205+0530] {processor.py:829} INFO - Processing file /home/harika/airflow/dags/xcom2.py for tasks to queue
[2023-10-30T18:48:16.206+0530] {logging_mixin.py:151} INFO - [2023-10-30T18:48:16.206+0530] {dagbag.py:539} INFO - Filling up the DagBag from /home/harika/airflow/dags/xcom2.py
[2023-10-30T18:48:16.214+0530] {processor.py:839} INFO - DAG(s) dict_keys(['xcomEx2']) retrieved from /home/harika/airflow/dags/xcom2.py
[2023-10-30T18:48:16.227+0530] {logging_mixin.py:151} INFO - [2023-10-30T18:48:16.226+0530] {dag.py:2915} INFO - Sync 1 DAGs
[2023-10-30T18:48:16.242+0530] {logging_mixin.py:151} INFO - [2023-10-30T18:48:16.242+0530] {dag.py:3696} INFO - Setting next_dagrun for xcomEx2 to 2023-10-30T00:00:00+00:00, run_after=2023-10-31T00:00:00+00:00
[2023-10-30T18:48:16.256+0530] {processor.py:179} INFO - Processing /home/harika/airflow/dags/xcom2.py took 0.054 seconds
[2023-10-30T18:48:47.227+0530] {processor.py:157} INFO - Started process (PID=578774) to work on /home/harika/airflow/dags/xcom2.py
[2023-10-30T18:48:47.234+0530] {processor.py:829} INFO - Processing file /home/harika/airflow/dags/xcom2.py for tasks to queue
[2023-10-30T18:48:47.236+0530] {logging_mixin.py:151} INFO - [2023-10-30T18:48:47.235+0530] {dagbag.py:539} INFO - Filling up the DagBag from /home/harika/airflow/dags/xcom2.py
[2023-10-30T18:48:47.260+0530] {processor.py:839} INFO - DAG(s) dict_keys(['xcomEx2']) retrieved from /home/harika/airflow/dags/xcom2.py
[2023-10-30T18:48:47.281+0530] {logging_mixin.py:151} INFO - [2023-10-30T18:48:47.280+0530] {dag.py:2915} INFO - Sync 1 DAGs
[2023-10-30T18:48:47.299+0530] {logging_mixin.py:151} INFO - [2023-10-30T18:48:47.299+0530] {dag.py:3696} INFO - Setting next_dagrun for xcomEx2 to 2023-10-30T00:00:00+00:00, run_after=2023-10-31T00:00:00+00:00
[2023-10-30T18:48:47.312+0530] {processor.py:179} INFO - Processing /home/harika/airflow/dags/xcom2.py took 0.088 seconds
[2023-10-30T18:49:18.165+0530] {processor.py:157} INFO - Started process (PID=579238) to work on /home/harika/airflow/dags/xcom2.py
[2023-10-30T18:49:18.172+0530] {processor.py:829} INFO - Processing file /home/harika/airflow/dags/xcom2.py for tasks to queue
[2023-10-30T18:49:18.173+0530] {logging_mixin.py:151} INFO - [2023-10-30T18:49:18.173+0530] {dagbag.py:539} INFO - Filling up the DagBag from /home/harika/airflow/dags/xcom2.py
[2023-10-30T18:49:18.182+0530] {processor.py:839} INFO - DAG(s) dict_keys(['xcomEx2']) retrieved from /home/harika/airflow/dags/xcom2.py
[2023-10-30T18:49:18.197+0530] {logging_mixin.py:151} INFO - [2023-10-30T18:49:18.197+0530] {dag.py:2915} INFO - Sync 1 DAGs
[2023-10-30T18:49:18.214+0530] {logging_mixin.py:151} INFO - [2023-10-30T18:49:18.214+0530] {dag.py:3696} INFO - Setting next_dagrun for xcomEx2 to 2023-10-30T00:00:00+00:00, run_after=2023-10-31T00:00:00+00:00
[2023-10-30T18:49:18.228+0530] {processor.py:179} INFO - Processing /home/harika/airflow/dags/xcom2.py took 0.065 seconds
[2023-10-30T18:49:50.526+0530] {processor.py:157} INFO - Started process (PID=579805) to work on /home/harika/airflow/dags/xcom2.py
[2023-10-30T18:49:50.533+0530] {processor.py:829} INFO - Processing file /home/harika/airflow/dags/xcom2.py for tasks to queue
[2023-10-30T18:49:50.534+0530] {logging_mixin.py:151} INFO - [2023-10-30T18:49:50.533+0530] {dagbag.py:539} INFO - Filling up the DagBag from /home/harika/airflow/dags/xcom2.py
[2023-10-30T18:49:50.544+0530] {processor.py:839} INFO - DAG(s) dict_keys(['xcomEx2']) retrieved from /home/harika/airflow/dags/xcom2.py
[2023-10-30T18:49:50.561+0530] {logging_mixin.py:151} INFO - [2023-10-30T18:49:50.560+0530] {dag.py:2915} INFO - Sync 1 DAGs
[2023-10-30T18:49:50.578+0530] {logging_mixin.py:151} INFO - [2023-10-30T18:49:50.578+0530] {dag.py:3696} INFO - Setting next_dagrun for xcomEx2 to 2023-10-30T00:00:00+00:00, run_after=2023-10-31T00:00:00+00:00
[2023-10-30T18:49:50.591+0530] {processor.py:179} INFO - Processing /home/harika/airflow/dags/xcom2.py took 0.067 seconds
[2023-10-30T18:50:21.340+0530] {processor.py:157} INFO - Started process (PID=580382) to work on /home/harika/airflow/dags/xcom2.py
[2023-10-30T18:50:21.347+0530] {processor.py:829} INFO - Processing file /home/harika/airflow/dags/xcom2.py for tasks to queue
[2023-10-30T18:50:21.348+0530] {logging_mixin.py:151} INFO - [2023-10-30T18:50:21.348+0530] {dagbag.py:539} INFO - Filling up the DagBag from /home/harika/airflow/dags/xcom2.py
[2023-10-30T18:50:21.356+0530] {processor.py:839} INFO - DAG(s) dict_keys(['xcomEx2']) retrieved from /home/harika/airflow/dags/xcom2.py
[2023-10-30T18:50:21.369+0530] {logging_mixin.py:151} INFO - [2023-10-30T18:50:21.369+0530] {dag.py:2915} INFO - Sync 1 DAGs
[2023-10-30T18:50:21.386+0530] {logging_mixin.py:151} INFO - [2023-10-30T18:50:21.386+0530] {dag.py:3696} INFO - Setting next_dagrun for xcomEx2 to 2023-10-30T00:00:00+00:00, run_after=2023-10-31T00:00:00+00:00
[2023-10-30T18:50:21.399+0530] {processor.py:179} INFO - Processing /home/harika/airflow/dags/xcom2.py took 0.061 seconds
[2023-10-30T18:51:23.286+0530] {processor.py:157} INFO - Started process (PID=581547) to work on /home/harika/airflow/dags/xcom2.py
[2023-10-30T18:51:23.287+0530] {processor.py:829} INFO - Processing file /home/harika/airflow/dags/xcom2.py for tasks to queue
[2023-10-30T18:51:23.287+0530] {logging_mixin.py:151} INFO - [2023-10-30T18:51:23.287+0530] {dagbag.py:539} INFO - Filling up the DagBag from /home/harika/airflow/dags/xcom2.py
[2023-10-30T18:51:23.294+0530] {processor.py:839} INFO - DAG(s) dict_keys(['xcomEx2']) retrieved from /home/harika/airflow/dags/xcom2.py
[2023-10-30T18:51:23.304+0530] {logging_mixin.py:151} INFO - [2023-10-30T18:51:23.303+0530] {dag.py:2915} INFO - Sync 1 DAGs
[2023-10-30T18:51:23.318+0530] {logging_mixin.py:151} INFO - [2023-10-30T18:51:23.318+0530] {dag.py:3696} INFO - Setting next_dagrun for xcomEx2 to 2023-10-30T00:00:00+00:00, run_after=2023-10-31T00:00:00+00:00
[2023-10-30T18:51:23.331+0530] {processor.py:179} INFO - Processing /home/harika/airflow/dags/xcom2.py took 0.048 seconds
[2023-10-30T18:51:55.365+0530] {processor.py:157} INFO - Started process (PID=582119) to work on /home/harika/airflow/dags/xcom2.py
[2023-10-30T18:51:55.372+0530] {processor.py:829} INFO - Processing file /home/harika/airflow/dags/xcom2.py for tasks to queue
[2023-10-30T18:51:55.375+0530] {logging_mixin.py:151} INFO - [2023-10-30T18:51:55.374+0530] {dagbag.py:539} INFO - Filling up the DagBag from /home/harika/airflow/dags/xcom2.py
[2023-10-30T18:51:55.384+0530] {processor.py:839} INFO - DAG(s) dict_keys(['xcomEx2']) retrieved from /home/harika/airflow/dags/xcom2.py
[2023-10-30T18:51:55.397+0530] {logging_mixin.py:151} INFO - [2023-10-30T18:51:55.396+0530] {dag.py:2915} INFO - Sync 1 DAGs
[2023-10-30T18:51:55.413+0530] {logging_mixin.py:151} INFO - [2023-10-30T18:51:55.413+0530] {dag.py:3696} INFO - Setting next_dagrun for xcomEx2 to 2023-10-30T00:00:00+00:00, run_after=2023-10-31T00:00:00+00:00
[2023-10-30T18:51:55.431+0530] {processor.py:179} INFO - Processing /home/harika/airflow/dags/xcom2.py took 0.073 seconds
[2023-10-30T18:52:55.913+0530] {processor.py:157} INFO - Started process (PID=583216) to work on /home/harika/airflow/dags/xcom2.py
[2023-10-30T18:52:55.914+0530] {processor.py:829} INFO - Processing file /home/harika/airflow/dags/xcom2.py for tasks to queue
[2023-10-30T18:52:55.914+0530] {logging_mixin.py:151} INFO - [2023-10-30T18:52:55.914+0530] {dagbag.py:539} INFO - Filling up the DagBag from /home/harika/airflow/dags/xcom2.py
[2023-10-30T18:52:55.922+0530] {processor.py:839} INFO - DAG(s) dict_keys(['xcomEx2']) retrieved from /home/harika/airflow/dags/xcom2.py
[2023-10-30T18:52:55.933+0530] {logging_mixin.py:151} INFO - [2023-10-30T18:52:55.932+0530] {dag.py:2915} INFO - Sync 1 DAGs
[2023-10-30T18:52:55.948+0530] {logging_mixin.py:151} INFO - [2023-10-30T18:52:55.948+0530] {dag.py:3696} INFO - Setting next_dagrun for xcomEx2 to 2023-10-30T00:00:00+00:00, run_after=2023-10-31T00:00:00+00:00
[2023-10-30T18:52:55.960+0530] {processor.py:179} INFO - Processing /home/harika/airflow/dags/xcom2.py took 0.050 seconds
[2023-10-30T18:53:26.791+0530] {processor.py:157} INFO - Started process (PID=583844) to work on /home/harika/airflow/dags/xcom2.py
[2023-10-30T18:53:26.792+0530] {processor.py:829} INFO - Processing file /home/harika/airflow/dags/xcom2.py for tasks to queue
[2023-10-30T18:53:26.793+0530] {logging_mixin.py:151} INFO - [2023-10-30T18:53:26.792+0530] {dagbag.py:539} INFO - Filling up the DagBag from /home/harika/airflow/dags/xcom2.py
[2023-10-30T18:53:26.801+0530] {processor.py:839} INFO - DAG(s) dict_keys(['xcomEx2']) retrieved from /home/harika/airflow/dags/xcom2.py
[2023-10-30T18:53:26.813+0530] {logging_mixin.py:151} INFO - [2023-10-30T18:53:26.813+0530] {dag.py:2915} INFO - Sync 1 DAGs
[2023-10-30T18:53:26.830+0530] {logging_mixin.py:151} INFO - [2023-10-30T18:53:26.830+0530] {dag.py:3696} INFO - Setting next_dagrun for xcomEx2 to 2023-10-30T00:00:00+00:00, run_after=2023-10-31T00:00:00+00:00
[2023-10-30T18:53:26.845+0530] {processor.py:179} INFO - Processing /home/harika/airflow/dags/xcom2.py took 0.056 seconds
[2023-10-30T18:54:27.293+0530] {processor.py:157} INFO - Started process (PID=584965) to work on /home/harika/airflow/dags/xcom2.py
[2023-10-30T18:54:27.299+0530] {processor.py:829} INFO - Processing file /home/harika/airflow/dags/xcom2.py for tasks to queue
[2023-10-30T18:54:27.300+0530] {logging_mixin.py:151} INFO - [2023-10-30T18:54:27.300+0530] {dagbag.py:539} INFO - Filling up the DagBag from /home/harika/airflow/dags/xcom2.py
[2023-10-30T18:54:27.308+0530] {processor.py:839} INFO - DAG(s) dict_keys(['xcomEx2']) retrieved from /home/harika/airflow/dags/xcom2.py
[2023-10-30T18:54:27.321+0530] {logging_mixin.py:151} INFO - [2023-10-30T18:54:27.321+0530] {dag.py:2915} INFO - Sync 1 DAGs
[2023-10-30T18:54:27.336+0530] {logging_mixin.py:151} INFO - [2023-10-30T18:54:27.336+0530] {dag.py:3696} INFO - Setting next_dagrun for xcomEx2 to 2023-10-30T00:00:00+00:00, run_after=2023-10-31T00:00:00+00:00
[2023-10-30T18:54:27.349+0530] {processor.py:179} INFO - Processing /home/harika/airflow/dags/xcom2.py took 0.059 seconds
[2023-10-30T18:55:24.867+0530] {processor.py:157} INFO - Started process (PID=586126) to work on /home/harika/airflow/dags/xcom2.py
[2023-10-30T18:55:24.867+0530] {processor.py:829} INFO - Processing file /home/harika/airflow/dags/xcom2.py for tasks to queue
[2023-10-30T18:55:24.868+0530] {logging_mixin.py:151} INFO - [2023-10-30T18:55:24.868+0530] {dagbag.py:539} INFO - Filling up the DagBag from /home/harika/airflow/dags/xcom2.py
[2023-10-30T18:55:24.877+0530] {processor.py:839} INFO - DAG(s) dict_keys(['xcomEx2']) retrieved from /home/harika/airflow/dags/xcom2.py
[2023-10-30T18:55:24.889+0530] {logging_mixin.py:151} INFO - [2023-10-30T18:55:24.888+0530] {dag.py:2915} INFO - Sync 1 DAGs
[2023-10-30T18:55:24.905+0530] {logging_mixin.py:151} INFO - [2023-10-30T18:55:24.905+0530] {dag.py:3696} INFO - Setting next_dagrun for xcomEx2 to 2023-10-30T00:00:00+00:00, run_after=2023-10-31T00:00:00+00:00
[2023-10-30T18:55:24.919+0530] {processor.py:179} INFO - Processing /home/harika/airflow/dags/xcom2.py took 0.054 seconds
[2023-10-30T18:55:55.713+0530] {processor.py:157} INFO - Started process (PID=586556) to work on /home/harika/airflow/dags/xcom2.py
[2023-10-30T18:55:55.720+0530] {processor.py:829} INFO - Processing file /home/harika/airflow/dags/xcom2.py for tasks to queue
[2023-10-30T18:55:55.722+0530] {logging_mixin.py:151} INFO - [2023-10-30T18:55:55.722+0530] {dagbag.py:539} INFO - Filling up the DagBag from /home/harika/airflow/dags/xcom2.py
[2023-10-30T18:55:55.746+0530] {processor.py:839} INFO - DAG(s) dict_keys(['xcomEx2']) retrieved from /home/harika/airflow/dags/xcom2.py
[2023-10-30T18:55:55.766+0530] {logging_mixin.py:151} INFO - [2023-10-30T18:55:55.766+0530] {dag.py:2915} INFO - Sync 1 DAGs
[2023-10-30T18:55:55.783+0530] {logging_mixin.py:151} INFO - [2023-10-30T18:55:55.783+0530] {dag.py:3696} INFO - Setting next_dagrun for xcomEx2 to 2023-10-30T00:00:00+00:00, run_after=2023-10-31T00:00:00+00:00
[2023-10-30T18:55:55.797+0530] {processor.py:179} INFO - Processing /home/harika/airflow/dags/xcom2.py took 0.086 seconds
