[2023-10-25T10:49:26.432+0530] {taskinstance.py:1157} INFO - Dependencies all met for dep_context=non-requeueable deps ti=<TaskInstance: hello_world.hello_task scheduled__2023-10-23T12:00:00+00:00 [queued]>
[2023-10-25T10:49:26.437+0530] {taskinstance.py:1157} INFO - Dependencies all met for dep_context=requeueable deps ti=<TaskInstance: hello_world.hello_task scheduled__2023-10-23T12:00:00+00:00 [queued]>
[2023-10-25T10:49:26.437+0530] {taskinstance.py:1359} INFO - Starting attempt 1 of 1
[2023-10-25T10:49:26.449+0530] {taskinstance.py:1380} INFO - Executing <Task(PythonOperator): hello_task> on 2023-10-23 12:00:00+00:00
[2023-10-25T10:49:26.452+0530] {standard_task_runner.py:57} INFO - Started process 26874 to run task
[2023-10-25T10:49:26.454+0530] {standard_task_runner.py:84} INFO - Running: ['airflow', 'tasks', 'run', 'hello_world', 'hello_task', 'scheduled__2023-10-23T12:00:00+00:00', '--job-id', '5', '--raw', '--subdir', 'DAGS_FOLDER/hello_world.py', '--cfg-path', '/tmp/tmp2xr3vom9']
[2023-10-25T10:49:26.455+0530] {standard_task_runner.py:85} INFO - Job 5: Subtask hello_task
[2023-10-25T10:49:26.485+0530] {task_command.py:415} INFO - Running <TaskInstance: hello_world.hello_task scheduled__2023-10-23T12:00:00+00:00 [running]> on host harika-Latitude-5511
[2023-10-25T10:49:26.526+0530] {taskinstance.py:1660} INFO - Exporting env vars: AIRFLOW_CTX_DAG_OWNER='airflow' AIRFLOW_CTX_DAG_ID='hello_world' AIRFLOW_CTX_TASK_ID='hello_task' AIRFLOW_CTX_EXECUTION_DATE='2023-10-23T12:00:00+00:00' AIRFLOW_CTX_TRY_NUMBER='1' AIRFLOW_CTX_DAG_RUN_ID='scheduled__2023-10-23T12:00:00+00:00'
[2023-10-25T10:49:26.528+0530] {python.py:194} INFO - Done. Returned value was: Hello world!
[2023-10-25T10:49:26.539+0530] {taskinstance.py:1398} INFO - Marking task as SUCCESS. dag_id=hello_world, task_id=hello_task, execution_date=20231023T120000, start_date=20231025T051926, end_date=20231025T051926
[2023-10-25T10:49:26.587+0530] {local_task_job_runner.py:228} INFO - Task exited with return code 0
[2023-10-25T10:49:26.615+0530] {taskinstance.py:2776} INFO - 0 downstream tasks scheduled from follow-on schedule check
[2023-10-25T10:51:20.747+0530] {taskinstance.py:1157} INFO - Dependencies all met for dep_context=non-requeueable deps ti=<TaskInstance: hello_world.hello_task scheduled__2023-10-23T12:00:00+00:00 [queued]>
[2023-10-25T10:51:20.752+0530] {taskinstance.py:1157} INFO - Dependencies all met for dep_context=requeueable deps ti=<TaskInstance: hello_world.hello_task scheduled__2023-10-23T12:00:00+00:00 [queued]>
[2023-10-25T10:51:20.752+0530] {taskinstance.py:1359} INFO - Starting attempt 1 of 1
[2023-10-25T10:51:20.763+0530] {taskinstance.py:1380} INFO - Executing <Task(PythonOperator): hello_task> on 2023-10-23 12:00:00+00:00
[2023-10-25T10:51:20.767+0530] {standard_task_runner.py:57} INFO - Started process 27498 to run task
[2023-10-25T10:51:20.769+0530] {standard_task_runner.py:84} INFO - Running: ['airflow', 'tasks', 'run', 'hello_world', 'hello_task', 'scheduled__2023-10-23T12:00:00+00:00', '--job-id', '3', '--raw', '--subdir', 'DAGS_FOLDER/hello_world.py', '--cfg-path', '/tmp/tmp3yj0i1y2']
[2023-10-25T10:51:20.770+0530] {standard_task_runner.py:85} INFO - Job 3: Subtask hello_task
[2023-10-25T10:51:20.794+0530] {task_command.py:415} INFO - Running <TaskInstance: hello_world.hello_task scheduled__2023-10-23T12:00:00+00:00 [running]> on host harika-Latitude-5511
[2023-10-25T10:51:20.831+0530] {taskinstance.py:1660} INFO - Exporting env vars: AIRFLOW_CTX_DAG_OWNER='airflow' AIRFLOW_CTX_DAG_ID='hello_world' AIRFLOW_CTX_TASK_ID='hello_task' AIRFLOW_CTX_EXECUTION_DATE='2023-10-23T12:00:00+00:00' AIRFLOW_CTX_TRY_NUMBER='1' AIRFLOW_CTX_DAG_RUN_ID='scheduled__2023-10-23T12:00:00+00:00'
[2023-10-25T10:51:20.833+0530] {python.py:194} INFO - Done. Returned value was: Hello world!
[2023-10-25T10:51:20.842+0530] {taskinstance.py:1398} INFO - Marking task as SUCCESS. dag_id=hello_world, task_id=hello_task, execution_date=20231023T120000, start_date=20231025T052120, end_date=20231025T052120
[2023-10-25T10:51:20.861+0530] {local_task_job_runner.py:228} INFO - Task exited with return code 0
[2023-10-25T10:51:20.880+0530] {taskinstance.py:2776} INFO - 0 downstream tasks scheduled from follow-on schedule check
