[2023-11-16T11:33:56.387+0530] {taskinstance.py:1157} INFO - Dependencies all met for dep_context=non-requeueable deps ti=<TaskInstance: hooks_demo.transfer scheduled__2023-11-14T00:00:00+00:00 [queued]>
[2023-11-16T11:33:56.393+0530] {taskinstance.py:1157} INFO - Dependencies all met for dep_context=requeueable deps ti=<TaskInstance: hooks_demo.transfer scheduled__2023-11-14T00:00:00+00:00 [queued]>
[2023-11-16T11:33:56.393+0530] {taskinstance.py:1359} INFO - Starting attempt 1 of 2
[2023-11-16T11:33:56.405+0530] {taskinstance.py:1380} INFO - Executing <Task(PythonOperator): transfer> on 2023-11-14 00:00:00+00:00
[2023-11-16T11:33:56.410+0530] {standard_task_runner.py:57} INFO - Started process 114311 to run task
[2023-11-16T11:33:56.412+0530] {standard_task_runner.py:84} INFO - Running: ['airflow', 'tasks', 'run', 'hooks_demo', 'transfer', 'scheduled__2023-11-14T00:00:00+00:00', '--job-id', '4652', '--raw', '--subdir', 'DAGS_FOLDER/hooks.py', '--cfg-path', '/tmp/tmp22hg43ky']
[2023-11-16T11:33:56.413+0530] {standard_task_runner.py:85} INFO - Job 4652: Subtask transfer
[2023-11-16T11:33:56.439+0530] {task_command.py:415} INFO - Running <TaskInstance: hooks_demo.transfer scheduled__2023-11-14T00:00:00+00:00 [running]> on host harika-Latitude-5511
[2023-11-16T11:33:56.578+0530] {taskinstance.py:1660} INFO - Exporting env vars: AIRFLOW_CTX_DAG_OWNER='Airflow' AIRFLOW_CTX_DAG_ID='hooks_demo' AIRFLOW_CTX_TASK_ID='transfer' AIRFLOW_CTX_EXECUTION_DATE='2023-11-14T00:00:00+00:00' AIRFLOW_CTX_TRY_NUMBER='1' AIRFLOW_CTX_DAG_RUN_ID='scheduled__2023-11-14T00:00:00+00:00'
[2023-11-16T11:33:56.582+0530] {base.py:73} INFO - Using connection ID 'postgres_conn' for task execution.
[2023-11-16T11:33:56.595+0530] {base.py:73} INFO - Using connection ID 'postgres_conn' for task execution.
[2023-11-16T11:33:56.605+0530] {logging_mixin.py:151} INFO - records [('Los Angles                                        ', 'ls                  '), ('Houston                                           ', 'ht                  '), ('New york                                          ', 'ny                  ')]
[2023-11-16T11:33:56.607+0530] {logging_mixin.py:151} INFO - Data transferred successfully
[2023-11-16T11:33:56.607+0530] {python.py:194} INFO - Done. Returned value was: None
[2023-11-16T11:33:56.611+0530] {taskinstance.py:1398} INFO - Marking task as SUCCESS. dag_id=hooks_demo, task_id=transfer, execution_date=20231114T000000, start_date=20231116T060356, end_date=20231116T060356
[2023-11-16T11:33:56.624+0530] {local_task_job_runner.py:228} INFO - Task exited with return code 0
[2023-11-16T11:33:56.633+0530] {taskinstance.py:2776} INFO - 0 downstream tasks scheduled from follow-on schedule check
[2023-11-16T16:07:33.239+0530] {taskinstance.py:1157} INFO - Dependencies all met for dep_context=non-requeueable deps ti=<TaskInstance: hooks_demo.transfer scheduled__2023-11-14T00:00:00+00:00 [queued]>
[2023-11-16T16:07:33.246+0530] {taskinstance.py:1157} INFO - Dependencies all met for dep_context=requeueable deps ti=<TaskInstance: hooks_demo.transfer scheduled__2023-11-14T00:00:00+00:00 [queued]>
[2023-11-16T16:07:33.246+0530] {taskinstance.py:1359} INFO - Starting attempt 1 of 2
[2023-11-16T16:07:33.257+0530] {taskinstance.py:1380} INFO - Executing <Task(PythonOperator): transfer> on 2023-11-14 00:00:00+00:00
[2023-11-16T16:07:33.263+0530] {standard_task_runner.py:57} INFO - Started process 147106 to run task
[2023-11-16T16:07:33.266+0530] {standard_task_runner.py:84} INFO - Running: ['airflow', 'tasks', 'run', 'hooks_demo', 'transfer', 'scheduled__2023-11-14T00:00:00+00:00', '--job-id', '4736', '--raw', '--subdir', 'DAGS_FOLDER/hooks_demo.py', '--cfg-path', '/tmp/tmpvvgo_kfz']
[2023-11-16T16:07:33.267+0530] {standard_task_runner.py:85} INFO - Job 4736: Subtask transfer
[2023-11-16T16:07:33.293+0530] {task_command.py:415} INFO - Running <TaskInstance: hooks_demo.transfer scheduled__2023-11-14T00:00:00+00:00 [running]> on host harika-Latitude-5511
[2023-11-16T16:07:33.450+0530] {taskinstance.py:1660} INFO - Exporting env vars: AIRFLOW_CTX_DAG_OWNER='Airflow' AIRFLOW_CTX_DAG_ID='hooks_demo' AIRFLOW_CTX_TASK_ID='transfer' AIRFLOW_CTX_EXECUTION_DATE='2023-11-14T00:00:00+00:00' AIRFLOW_CTX_TRY_NUMBER='1' AIRFLOW_CTX_DAG_RUN_ID='scheduled__2023-11-14T00:00:00+00:00'
[2023-11-16T16:07:33.454+0530] {base.py:73} INFO - Using connection ID 'postgres_conn' for task execution.
[2023-11-16T16:07:33.467+0530] {base.py:73} INFO - Using connection ID 'postgres_conn' for task execution.
[2023-11-16T16:07:33.478+0530] {logging_mixin.py:151} INFO - records [('New york                                          ', 'ny                  ')]
[2023-11-16T16:07:33.480+0530] {logging_mixin.py:151} INFO - Data transferred successfully
[2023-11-16T16:07:33.480+0530] {python.py:194} INFO - Done. Returned value was: None
[2023-11-16T16:07:33.484+0530] {taskinstance.py:1398} INFO - Marking task as SUCCESS. dag_id=hooks_demo, task_id=transfer, execution_date=20231114T000000, start_date=20231116T103733, end_date=20231116T103733
[2023-11-16T16:07:33.518+0530] {local_task_job_runner.py:228} INFO - Task exited with return code 0
[2023-11-16T16:07:33.528+0530] {taskinstance.py:2776} INFO - 0 downstream tasks scheduled from follow-on schedule check
