[2023-11-01T09:50:27.221+0530] {taskinstance.py:1157} INFO - Dependencies all met for dep_context=non-requeueable deps ti=<TaskInstance: date_time_example.wait_until_new_year scheduled__2023-11-01T00:11:00+00:00 [queued]>
[2023-11-01T09:50:27.226+0530] {taskinstance.py:1157} INFO - Dependencies all met for dep_context=requeueable deps ti=<TaskInstance: date_time_example.wait_until_new_year scheduled__2023-11-01T00:11:00+00:00 [queued]>
[2023-11-01T09:50:27.226+0530] {taskinstance.py:1359} INFO - Starting attempt 1 of 1
[2023-11-01T09:50:27.235+0530] {taskinstance.py:1380} INFO - Executing <Task(DateTimeSensor): wait_until_new_year> on 2023-11-01 00:11:00+00:00
[2023-11-01T09:50:27.238+0530] {standard_task_runner.py:57} INFO - Started process 920060 to run task
[2023-11-01T09:50:27.240+0530] {standard_task_runner.py:84} INFO - Running: ['airflow', 'tasks', 'run', 'date_time_example', 'wait_until_new_year', 'scheduled__2023-11-01T00:11:00+00:00', '--job-id', '2124', '--raw', '--subdir', 'DAGS_FOLDER/dataTimeSensor.py', '--cfg-path', '/tmp/tmpdtsz7mpm']
[2023-11-01T09:50:27.241+0530] {standard_task_runner.py:85} INFO - Job 2124: Subtask wait_until_new_year
[2023-11-01T09:50:27.262+0530] {task_command.py:415} INFO - Running <TaskInstance: date_time_example.wait_until_new_year scheduled__2023-11-01T00:11:00+00:00 [running]> on host harika-Latitude-5511
[2023-11-01T09:50:27.307+0530] {taskinstance.py:1660} INFO - Exporting env vars: AIRFLOW_CTX_DAG_OWNER='airflow' AIRFLOW_CTX_DAG_ID='date_time_example' AIRFLOW_CTX_TASK_ID='wait_until_new_year' AIRFLOW_CTX_EXECUTION_DATE='2023-11-01T00:11:00+00:00' AIRFLOW_CTX_TRY_NUMBER='1' AIRFLOW_CTX_DAG_RUN_ID='scheduled__2023-11-01T00:11:00+00:00'
[2023-11-01T09:50:27.310+0530] {date_time.py:74} INFO - Checking if the time (2023-11-01T09:39:00) has come
[2023-11-01T09:50:27.382+0530] {taskinstance.py:1895} INFO - Rescheduling task, marking task as UP_FOR_RESCHEDULE
[2023-11-01T09:50:27.412+0530] {local_task_job_runner.py:228} INFO - Task exited with return code 0
[2023-11-01T09:50:27.435+0530] {taskinstance.py:2776} INFO - 0 downstream tasks scheduled from follow-on schedule check
[2023-11-01T09:51:31.349+0530] {taskinstance.py:1157} INFO - Dependencies all met for dep_context=non-requeueable deps ti=<TaskInstance: date_time_example.wait_until_new_year scheduled__2023-11-01T00:11:00+00:00 [queued]>
[2023-11-01T09:51:31.354+0530] {taskinstance.py:1157} INFO - Dependencies all met for dep_context=requeueable deps ti=<TaskInstance: date_time_example.wait_until_new_year scheduled__2023-11-01T00:11:00+00:00 [queued]>
[2023-11-01T09:51:31.354+0530] {taskinstance.py:1359} INFO - Starting attempt 1 of 1
[2023-11-01T09:51:31.366+0530] {taskinstance.py:1380} INFO - Executing <Task(DateTimeSensor): wait_until_new_year> on 2023-11-01 00:11:00+00:00
[2023-11-01T09:51:31.370+0530] {standard_task_runner.py:57} INFO - Started process 921502 to run task
[2023-11-01T09:51:31.373+0530] {standard_task_runner.py:84} INFO - Running: ['airflow', 'tasks', 'run', 'date_time_example', 'wait_until_new_year', 'scheduled__2023-11-01T00:11:00+00:00', '--job-id', '2140', '--raw', '--subdir', 'DAGS_FOLDER/dataTimeSensor.py', '--cfg-path', '/tmp/tmpxxwkd4_b']
[2023-11-01T09:51:31.374+0530] {standard_task_runner.py:85} INFO - Job 2140: Subtask wait_until_new_year
[2023-11-01T09:51:31.406+0530] {task_command.py:415} INFO - Running <TaskInstance: date_time_example.wait_until_new_year scheduled__2023-11-01T00:11:00+00:00 [running]> on host harika-Latitude-5511
[2023-11-01T09:51:31.466+0530] {taskinstance.py:1660} INFO - Exporting env vars: AIRFLOW_CTX_DAG_OWNER='airflow' AIRFLOW_CTX_DAG_ID='date_time_example' AIRFLOW_CTX_TASK_ID='wait_until_new_year' AIRFLOW_CTX_EXECUTION_DATE='2023-11-01T00:11:00+00:00' AIRFLOW_CTX_TRY_NUMBER='1' AIRFLOW_CTX_DAG_RUN_ID='scheduled__2023-11-01T00:11:00+00:00'
[2023-11-01T09:51:31.470+0530] {date_time.py:74} INFO - Checking if the time (2023-11-01T09:52:00) has come
[2023-11-01T09:51:31.558+0530] {taskinstance.py:1895} INFO - Rescheduling task, marking task as UP_FOR_RESCHEDULE
[2023-11-01T09:51:31.584+0530] {local_task_job_runner.py:228} INFO - Task exited with return code 0
[2023-11-01T09:51:31.595+0530] {taskinstance.py:2776} INFO - 0 downstream tasks scheduled from follow-on schedule check
[2023-11-01T09:52:35.531+0530] {taskinstance.py:1157} INFO - Dependencies all met for dep_context=non-requeueable deps ti=<TaskInstance: date_time_example.wait_until_new_year scheduled__2023-11-01T00:11:00+00:00 [queued]>
[2023-11-01T09:52:35.537+0530] {taskinstance.py:1157} INFO - Dependencies all met for dep_context=requeueable deps ti=<TaskInstance: date_time_example.wait_until_new_year scheduled__2023-11-01T00:11:00+00:00 [queued]>
[2023-11-01T09:52:35.537+0530] {taskinstance.py:1359} INFO - Starting attempt 1 of 1
[2023-11-01T09:52:35.547+0530] {taskinstance.py:1380} INFO - Executing <Task(DateTimeSensor): wait_until_new_year> on 2023-11-01 00:11:00+00:00
[2023-11-01T09:52:35.551+0530] {standard_task_runner.py:57} INFO - Started process 922931 to run task
[2023-11-01T09:52:35.553+0530] {standard_task_runner.py:84} INFO - Running: ['airflow', 'tasks', 'run', 'date_time_example', 'wait_until_new_year', 'scheduled__2023-11-01T00:11:00+00:00', '--job-id', '2158', '--raw', '--subdir', 'DAGS_FOLDER/dataTimeSensor.py', '--cfg-path', '/tmp/tmp5lqsw_p1']
[2023-11-01T09:52:35.554+0530] {standard_task_runner.py:85} INFO - Job 2158: Subtask wait_until_new_year
[2023-11-01T09:52:35.580+0530] {task_command.py:415} INFO - Running <TaskInstance: date_time_example.wait_until_new_year scheduled__2023-11-01T00:11:00+00:00 [running]> on host harika-Latitude-5511
[2023-11-01T09:52:35.631+0530] {taskinstance.py:1660} INFO - Exporting env vars: AIRFLOW_CTX_DAG_OWNER='airflow' AIRFLOW_CTX_DAG_ID='date_time_example' AIRFLOW_CTX_TASK_ID='wait_until_new_year' AIRFLOW_CTX_EXECUTION_DATE='2023-11-01T00:11:00+00:00' AIRFLOW_CTX_TRY_NUMBER='1' AIRFLOW_CTX_DAG_RUN_ID='scheduled__2023-11-01T00:11:00+00:00'
[2023-11-01T09:52:35.635+0530] {date_time.py:74} INFO - Checking if the time (2023-11-01T09:52:00) has come
[2023-11-01T09:52:35.730+0530] {taskinstance.py:1895} INFO - Rescheduling task, marking task as UP_FOR_RESCHEDULE
[2023-11-01T09:52:35.765+0530] {local_task_job_runner.py:228} INFO - Task exited with return code 0
[2023-11-01T09:52:35.775+0530] {taskinstance.py:2776} INFO - 0 downstream tasks scheduled from follow-on schedule check
[2023-11-01T09:53:38.042+0530] {taskinstance.py:1157} INFO - Dependencies all met for dep_context=non-requeueable deps ti=<TaskInstance: date_time_example.wait_until_new_year scheduled__2023-11-01T00:11:00+00:00 [queued]>
[2023-11-01T09:53:38.052+0530] {taskinstance.py:1157} INFO - Dependencies all met for dep_context=requeueable deps ti=<TaskInstance: date_time_example.wait_until_new_year scheduled__2023-11-01T00:11:00+00:00 [queued]>
[2023-11-01T09:53:38.052+0530] {taskinstance.py:1359} INFO - Starting attempt 1 of 1
[2023-11-01T09:53:38.068+0530] {taskinstance.py:1380} INFO - Executing <Task(DateTimeSensor): wait_until_new_year> on 2023-11-01 00:11:00+00:00
[2023-11-01T09:53:38.072+0530] {standard_task_runner.py:57} INFO - Started process 924180 to run task
[2023-11-01T09:53:38.074+0530] {standard_task_runner.py:84} INFO - Running: ['airflow', 'tasks', 'run', 'date_time_example', 'wait_until_new_year', 'scheduled__2023-11-01T00:11:00+00:00', '--job-id', '2176', '--raw', '--subdir', 'DAGS_FOLDER/dataTimeSensor.py', '--cfg-path', '/tmp/tmp82fesza5']
[2023-11-01T09:53:38.075+0530] {standard_task_runner.py:85} INFO - Job 2176: Subtask wait_until_new_year
[2023-11-01T09:53:38.104+0530] {task_command.py:415} INFO - Running <TaskInstance: date_time_example.wait_until_new_year scheduled__2023-11-01T00:11:00+00:00 [running]> on host harika-Latitude-5511
[2023-11-01T09:53:38.152+0530] {taskinstance.py:1660} INFO - Exporting env vars: AIRFLOW_CTX_DAG_OWNER='airflow' AIRFLOW_CTX_DAG_ID='date_time_example' AIRFLOW_CTX_TASK_ID='wait_until_new_year' AIRFLOW_CTX_EXECUTION_DATE='2023-11-01T00:11:00+00:00' AIRFLOW_CTX_TRY_NUMBER='1' AIRFLOW_CTX_DAG_RUN_ID='scheduled__2023-11-01T00:11:00+00:00'
[2023-11-01T09:53:38.155+0530] {date_time.py:74} INFO - Checking if the time (2023-11-01T09:52:00) has come
[2023-11-01T09:53:38.247+0530] {taskinstance.py:1895} INFO - Rescheduling task, marking task as UP_FOR_RESCHEDULE
[2023-11-01T09:53:38.287+0530] {local_task_job_runner.py:228} INFO - Task exited with return code 0
[2023-11-01T09:53:38.316+0530] {taskinstance.py:2776} INFO - 0 downstream tasks scheduled from follow-on schedule check
[2023-11-01T09:54:39.783+0530] {taskinstance.py:1157} INFO - Dependencies all met for dep_context=non-requeueable deps ti=<TaskInstance: date_time_example.wait_until_new_year scheduled__2023-11-01T00:11:00+00:00 [queued]>
[2023-11-01T09:54:39.789+0530] {taskinstance.py:1157} INFO - Dependencies all met for dep_context=requeueable deps ti=<TaskInstance: date_time_example.wait_until_new_year scheduled__2023-11-01T00:11:00+00:00 [queued]>
[2023-11-01T09:54:39.789+0530] {taskinstance.py:1359} INFO - Starting attempt 1 of 1
[2023-11-01T09:54:39.799+0530] {taskinstance.py:1380} INFO - Executing <Task(DateTimeSensor): wait_until_new_year> on 2023-11-01 00:11:00+00:00
[2023-11-01T09:54:39.802+0530] {standard_task_runner.py:57} INFO - Started process 925575 to run task
[2023-11-01T09:54:39.804+0530] {standard_task_runner.py:84} INFO - Running: ['airflow', 'tasks', 'run', 'date_time_example', 'wait_until_new_year', 'scheduled__2023-11-01T00:11:00+00:00', '--job-id', '2192', '--raw', '--subdir', 'DAGS_FOLDER/dataTimeSensor.py', '--cfg-path', '/tmp/tmpd174k9d6']
[2023-11-01T09:54:39.805+0530] {standard_task_runner.py:85} INFO - Job 2192: Subtask wait_until_new_year
[2023-11-01T09:54:39.830+0530] {task_command.py:415} INFO - Running <TaskInstance: date_time_example.wait_until_new_year scheduled__2023-11-01T00:11:00+00:00 [running]> on host harika-Latitude-5511
[2023-11-01T09:54:39.878+0530] {taskinstance.py:1660} INFO - Exporting env vars: AIRFLOW_CTX_DAG_OWNER='airflow' AIRFLOW_CTX_DAG_ID='date_time_example' AIRFLOW_CTX_TASK_ID='wait_until_new_year' AIRFLOW_CTX_EXECUTION_DATE='2023-11-01T00:11:00+00:00' AIRFLOW_CTX_TRY_NUMBER='1' AIRFLOW_CTX_DAG_RUN_ID='scheduled__2023-11-01T00:11:00+00:00'
[2023-11-01T09:54:39.883+0530] {date_time.py:74} INFO - Checking if the time (2023-11-01T09:52:00) has come
[2023-11-01T09:54:39.976+0530] {taskinstance.py:1895} INFO - Rescheduling task, marking task as UP_FOR_RESCHEDULE
[2023-11-01T09:54:40.016+0530] {local_task_job_runner.py:228} INFO - Task exited with return code 0
[2023-11-01T09:54:40.028+0530] {taskinstance.py:2776} INFO - 0 downstream tasks scheduled from follow-on schedule check
[2023-11-01T09:55:42.682+0530] {taskinstance.py:1157} INFO - Dependencies all met for dep_context=non-requeueable deps ti=<TaskInstance: date_time_example.wait_until_new_year scheduled__2023-11-01T00:11:00+00:00 [queued]>
[2023-11-01T09:55:42.687+0530] {taskinstance.py:1157} INFO - Dependencies all met for dep_context=requeueable deps ti=<TaskInstance: date_time_example.wait_until_new_year scheduled__2023-11-01T00:11:00+00:00 [queued]>
[2023-11-01T09:55:42.688+0530] {taskinstance.py:1359} INFO - Starting attempt 1 of 1
[2023-11-01T09:55:42.698+0530] {taskinstance.py:1380} INFO - Executing <Task(DateTimeSensor): wait_until_new_year> on 2023-11-01 00:11:00+00:00
[2023-11-01T09:55:42.702+0530] {standard_task_runner.py:57} INFO - Started process 926963 to run task
[2023-11-01T09:55:42.704+0530] {standard_task_runner.py:84} INFO - Running: ['airflow', 'tasks', 'run', 'date_time_example', 'wait_until_new_year', 'scheduled__2023-11-01T00:11:00+00:00', '--job-id', '2208', '--raw', '--subdir', 'DAGS_FOLDER/dataTimeSensor.py', '--cfg-path', '/tmp/tmpwixjzu3k']
[2023-11-01T09:55:42.705+0530] {standard_task_runner.py:85} INFO - Job 2208: Subtask wait_until_new_year
[2023-11-01T09:55:42.733+0530] {task_command.py:415} INFO - Running <TaskInstance: date_time_example.wait_until_new_year scheduled__2023-11-01T00:11:00+00:00 [running]> on host harika-Latitude-5511
[2023-11-01T09:55:42.786+0530] {taskinstance.py:1660} INFO - Exporting env vars: AIRFLOW_CTX_DAG_OWNER='airflow' AIRFLOW_CTX_DAG_ID='date_time_example' AIRFLOW_CTX_TASK_ID='wait_until_new_year' AIRFLOW_CTX_EXECUTION_DATE='2023-11-01T00:11:00+00:00' AIRFLOW_CTX_TRY_NUMBER='1' AIRFLOW_CTX_DAG_RUN_ID='scheduled__2023-11-01T00:11:00+00:00'
[2023-11-01T09:55:42.790+0530] {date_time.py:74} INFO - Checking if the time (2023-11-01T09:52:00) has come
[2023-11-01T09:55:42.886+0530] {taskinstance.py:1895} INFO - Rescheduling task, marking task as UP_FOR_RESCHEDULE
[2023-11-01T09:55:42.916+0530] {local_task_job_runner.py:228} INFO - Task exited with return code 0
[2023-11-01T09:55:42.945+0530] {taskinstance.py:2776} INFO - 0 downstream tasks scheduled from follow-on schedule check
[2023-11-01T09:56:45.838+0530] {taskinstance.py:1157} INFO - Dependencies all met for dep_context=non-requeueable deps ti=<TaskInstance: date_time_example.wait_until_new_year scheduled__2023-11-01T00:11:00+00:00 [queued]>
[2023-11-01T09:56:45.843+0530] {taskinstance.py:1157} INFO - Dependencies all met for dep_context=requeueable deps ti=<TaskInstance: date_time_example.wait_until_new_year scheduled__2023-11-01T00:11:00+00:00 [queued]>
[2023-11-01T09:56:45.843+0530] {taskinstance.py:1359} INFO - Starting attempt 1 of 1
[2023-11-01T09:56:45.854+0530] {taskinstance.py:1380} INFO - Executing <Task(DateTimeSensor): wait_until_new_year> on 2023-11-01 00:11:00+00:00
[2023-11-01T09:56:45.857+0530] {standard_task_runner.py:57} INFO - Started process 928235 to run task
[2023-11-01T09:56:45.859+0530] {standard_task_runner.py:84} INFO - Running: ['airflow', 'tasks', 'run', 'date_time_example', 'wait_until_new_year', 'scheduled__2023-11-01T00:11:00+00:00', '--job-id', '2224', '--raw', '--subdir', 'DAGS_FOLDER/dataTimeSensor.py', '--cfg-path', '/tmp/tmp8toic1dz']
[2023-11-01T09:56:45.860+0530] {standard_task_runner.py:85} INFO - Job 2224: Subtask wait_until_new_year
[2023-11-01T09:56:45.885+0530] {task_command.py:415} INFO - Running <TaskInstance: date_time_example.wait_until_new_year scheduled__2023-11-01T00:11:00+00:00 [running]> on host harika-Latitude-5511
[2023-11-01T09:56:45.933+0530] {taskinstance.py:1660} INFO - Exporting env vars: AIRFLOW_CTX_DAG_OWNER='airflow' AIRFLOW_CTX_DAG_ID='date_time_example' AIRFLOW_CTX_TASK_ID='wait_until_new_year' AIRFLOW_CTX_EXECUTION_DATE='2023-11-01T00:11:00+00:00' AIRFLOW_CTX_TRY_NUMBER='1' AIRFLOW_CTX_DAG_RUN_ID='scheduled__2023-11-01T00:11:00+00:00'
[2023-11-01T09:56:45.937+0530] {date_time.py:74} INFO - Checking if the time (2023-11-01T09:52:00) has come
[2023-11-01T09:56:46.029+0530] {taskinstance.py:1895} INFO - Rescheduling task, marking task as UP_FOR_RESCHEDULE
[2023-11-01T09:56:46.071+0530] {local_task_job_runner.py:228} INFO - Task exited with return code 0
[2023-11-01T09:56:46.085+0530] {taskinstance.py:2776} INFO - 0 downstream tasks scheduled from follow-on schedule check
[2023-11-01T09:57:48.536+0530] {taskinstance.py:1157} INFO - Dependencies all met for dep_context=non-requeueable deps ti=<TaskInstance: date_time_example.wait_until_new_year scheduled__2023-11-01T00:11:00+00:00 [queued]>
[2023-11-01T09:57:48.542+0530] {taskinstance.py:1157} INFO - Dependencies all met for dep_context=requeueable deps ti=<TaskInstance: date_time_example.wait_until_new_year scheduled__2023-11-01T00:11:00+00:00 [queued]>
[2023-11-01T09:57:48.542+0530] {taskinstance.py:1359} INFO - Starting attempt 1 of 1
[2023-11-01T09:57:48.552+0530] {taskinstance.py:1380} INFO - Executing <Task(DateTimeSensor): wait_until_new_year> on 2023-11-01 00:11:00+00:00
[2023-11-01T09:57:48.555+0530] {standard_task_runner.py:57} INFO - Started process 929612 to run task
[2023-11-01T09:57:48.558+0530] {standard_task_runner.py:84} INFO - Running: ['airflow', 'tasks', 'run', 'date_time_example', 'wait_until_new_year', 'scheduled__2023-11-01T00:11:00+00:00', '--job-id', '2240', '--raw', '--subdir', 'DAGS_FOLDER/dataTimeSensor.py', '--cfg-path', '/tmp/tmpb7cg14_h']
[2023-11-01T09:57:48.559+0530] {standard_task_runner.py:85} INFO - Job 2240: Subtask wait_until_new_year
[2023-11-01T09:57:48.586+0530] {task_command.py:415} INFO - Running <TaskInstance: date_time_example.wait_until_new_year scheduled__2023-11-01T00:11:00+00:00 [running]> on host harika-Latitude-5511
[2023-11-01T09:57:48.634+0530] {taskinstance.py:1660} INFO - Exporting env vars: AIRFLOW_CTX_DAG_OWNER='airflow' AIRFLOW_CTX_DAG_ID='date_time_example' AIRFLOW_CTX_TASK_ID='wait_until_new_year' AIRFLOW_CTX_EXECUTION_DATE='2023-11-01T00:11:00+00:00' AIRFLOW_CTX_TRY_NUMBER='1' AIRFLOW_CTX_DAG_RUN_ID='scheduled__2023-11-01T00:11:00+00:00'
[2023-11-01T09:57:48.637+0530] {date_time.py:74} INFO - Checking if the time (2023-11-01T09:52:00) has come
[2023-11-01T09:57:48.732+0530] {taskinstance.py:1895} INFO - Rescheduling task, marking task as UP_FOR_RESCHEDULE
[2023-11-01T09:57:48.770+0530] {local_task_job_runner.py:228} INFO - Task exited with return code 0
[2023-11-01T09:57:48.798+0530] {taskinstance.py:2776} INFO - 0 downstream tasks scheduled from follow-on schedule check
[2023-11-01T09:58:54.121+0530] {taskinstance.py:1157} INFO - Dependencies all met for dep_context=non-requeueable deps ti=<TaskInstance: date_time_example.wait_until_new_year scheduled__2023-11-01T00:11:00+00:00 [queued]>
[2023-11-01T09:58:54.126+0530] {taskinstance.py:1157} INFO - Dependencies all met for dep_context=requeueable deps ti=<TaskInstance: date_time_example.wait_until_new_year scheduled__2023-11-01T00:11:00+00:00 [queued]>
[2023-11-01T09:58:54.126+0530] {taskinstance.py:1359} INFO - Starting attempt 1 of 1
[2023-11-01T09:58:54.138+0530] {taskinstance.py:1380} INFO - Executing <Task(DateTimeSensor): wait_until_new_year> on 2023-11-01 00:11:00+00:00
[2023-11-01T09:58:54.142+0530] {standard_task_runner.py:57} INFO - Started process 931076 to run task
[2023-11-01T09:58:54.144+0530] {standard_task_runner.py:84} INFO - Running: ['airflow', 'tasks', 'run', 'date_time_example', 'wait_until_new_year', 'scheduled__2023-11-01T00:11:00+00:00', '--job-id', '2256', '--raw', '--subdir', 'DAGS_FOLDER/dataTimeSensor.py', '--cfg-path', '/tmp/tmpo5y_h0px']
[2023-11-01T09:58:54.146+0530] {standard_task_runner.py:85} INFO - Job 2256: Subtask wait_until_new_year
[2023-11-01T09:58:54.173+0530] {task_command.py:415} INFO - Running <TaskInstance: date_time_example.wait_until_new_year scheduled__2023-11-01T00:11:00+00:00 [running]> on host harika-Latitude-5511
[2023-11-01T09:58:54.225+0530] {taskinstance.py:1660} INFO - Exporting env vars: AIRFLOW_CTX_DAG_OWNER='airflow' AIRFLOW_CTX_DAG_ID='date_time_example' AIRFLOW_CTX_TASK_ID='wait_until_new_year' AIRFLOW_CTX_EXECUTION_DATE='2023-11-01T00:11:00+00:00' AIRFLOW_CTX_TRY_NUMBER='1' AIRFLOW_CTX_DAG_RUN_ID='scheduled__2023-11-01T00:11:00+00:00'
[2023-11-01T09:58:54.229+0530] {date_time.py:74} INFO - Checking if the time (2023-11-01T09:52:00) has come
[2023-11-01T09:58:54.322+0530] {taskinstance.py:1895} INFO - Rescheduling task, marking task as UP_FOR_RESCHEDULE
[2023-11-01T09:58:54.356+0530] {local_task_job_runner.py:228} INFO - Task exited with return code 0
[2023-11-01T09:58:54.368+0530] {taskinstance.py:2776} INFO - 0 downstream tasks scheduled from follow-on schedule check
[2023-11-01T09:59:56.453+0530] {taskinstance.py:1157} INFO - Dependencies all met for dep_context=non-requeueable deps ti=<TaskInstance: date_time_example.wait_until_new_year scheduled__2023-11-01T00:11:00+00:00 [queued]>
[2023-11-01T09:59:56.459+0530] {taskinstance.py:1157} INFO - Dependencies all met for dep_context=requeueable deps ti=<TaskInstance: date_time_example.wait_until_new_year scheduled__2023-11-01T00:11:00+00:00 [queued]>
[2023-11-01T09:59:56.459+0530] {taskinstance.py:1359} INFO - Starting attempt 1 of 1
[2023-11-01T09:59:56.469+0530] {taskinstance.py:1380} INFO - Executing <Task(DateTimeSensor): wait_until_new_year> on 2023-11-01 00:11:00+00:00
[2023-11-01T09:59:56.473+0530] {standard_task_runner.py:57} INFO - Started process 932471 to run task
[2023-11-01T09:59:56.475+0530] {standard_task_runner.py:84} INFO - Running: ['airflow', 'tasks', 'run', 'date_time_example', 'wait_until_new_year', 'scheduled__2023-11-01T00:11:00+00:00', '--job-id', '2272', '--raw', '--subdir', 'DAGS_FOLDER/dataTimeSensor.py', '--cfg-path', '/tmp/tmp3kz3het9']
[2023-11-01T09:59:56.476+0530] {standard_task_runner.py:85} INFO - Job 2272: Subtask wait_until_new_year
[2023-11-01T09:59:56.501+0530] {task_command.py:415} INFO - Running <TaskInstance: date_time_example.wait_until_new_year scheduled__2023-11-01T00:11:00+00:00 [running]> on host harika-Latitude-5511
[2023-11-01T09:59:56.553+0530] {taskinstance.py:1660} INFO - Exporting env vars: AIRFLOW_CTX_DAG_OWNER='airflow' AIRFLOW_CTX_DAG_ID='date_time_example' AIRFLOW_CTX_TASK_ID='wait_until_new_year' AIRFLOW_CTX_EXECUTION_DATE='2023-11-01T00:11:00+00:00' AIRFLOW_CTX_TRY_NUMBER='1' AIRFLOW_CTX_DAG_RUN_ID='scheduled__2023-11-01T00:11:00+00:00'
[2023-11-01T09:59:56.557+0530] {date_time.py:74} INFO - Checking if the time (2023-11-01T09:52:00) has come
[2023-11-01T09:59:56.645+0530] {taskinstance.py:1895} INFO - Rescheduling task, marking task as UP_FOR_RESCHEDULE
[2023-11-01T09:59:56.687+0530] {local_task_job_runner.py:228} INFO - Task exited with return code 0
[2023-11-01T09:59:56.697+0530] {taskinstance.py:2776} INFO - 0 downstream tasks scheduled from follow-on schedule check
