[2023-11-14T11:40:18.677+0530] {taskinstance.py:1157} INFO - Dependencies all met for dep_context=non-requeueable deps ti=<TaskInstance: plugin_dag.file_count_sensor manual__2023-11-14T06:10:14.332407+00:00 [queued]>
[2023-11-14T11:40:18.681+0530] {taskinstance.py:1157} INFO - Dependencies all met for dep_context=requeueable deps ti=<TaskInstance: plugin_dag.file_count_sensor manual__2023-11-14T06:10:14.332407+00:00 [queued]>
[2023-11-14T11:40:18.681+0530] {taskinstance.py:1359} INFO - Starting attempt 1 of 1
[2023-11-14T11:40:18.691+0530] {taskinstance.py:1380} INFO - Executing <Task(FileCountSensor): file_count_sensor> on 2023-11-14 06:10:14.332407+00:00
[2023-11-14T11:40:18.694+0530] {standard_task_runner.py:57} INFO - Started process 16740 to run task
[2023-11-14T11:40:18.696+0530] {standard_task_runner.py:84} INFO - Running: ['airflow', 'tasks', 'run', 'plugin_dag', 'file_count_sensor', 'manual__2023-11-14T06:10:14.332407+00:00', '--job-id', '4588', '--raw', '--subdir', 'DAGS_FOLDER/dag_plugins.py', '--cfg-path', '/tmp/tmp6ri_rqcg']
[2023-11-14T11:40:18.697+0530] {standard_task_runner.py:85} INFO - Job 4588: Subtask file_count_sensor
[2023-11-14T11:40:18.718+0530] {task_command.py:415} INFO - Running <TaskInstance: plugin_dag.file_count_sensor manual__2023-11-14T06:10:14.332407+00:00 [running]> on host harika-Latitude-5511
[2023-11-14T11:40:18.766+0530] {taskinstance.py:1660} INFO - Exporting env vars: AIRFLOW_CTX_DAG_OWNER='airflow' AIRFLOW_CTX_DAG_ID='plugin_dag' AIRFLOW_CTX_TASK_ID='file_count_sensor' AIRFLOW_CTX_EXECUTION_DATE='2023-11-14T06:10:14.332407+00:00' AIRFLOW_CTX_TRY_NUMBER='1' AIRFLOW_CTX_DAG_RUN_ID='manual__2023-11-14T06:10:14.332407+00:00'
[2023-11-14T11:40:18.770+0530] {base.py:73} INFO - Using connection ID 'fs_default' for task execution.
[2023-11-14T11:40:18.770+0530] {demo_plugin.py:64} INFO - poking location is /home/harika/airflow/plugins
[2023-11-14T11:40:28.802+0530] {base.py:73} INFO - Using connection ID 'fs_default' for task execution.
[2023-11-14T11:40:28.803+0530] {demo_plugin.py:64} INFO - poking location is /home/harika/airflow/plugins
[2023-11-14T11:40:38.815+0530] {base.py:73} INFO - Using connection ID 'fs_default' for task execution.
[2023-11-14T11:40:38.816+0530] {demo_plugin.py:64} INFO - poking location is /home/harika/airflow/plugins
[2023-11-14T11:40:48.832+0530] {base.py:73} INFO - Using connection ID 'fs_default' for task execution.
[2023-11-14T11:40:48.833+0530] {demo_plugin.py:64} INFO - poking location is /home/harika/airflow/plugins
[2023-11-14T11:40:58.849+0530] {base.py:73} INFO - Using connection ID 'fs_default' for task execution.
[2023-11-14T11:40:58.849+0530] {demo_plugin.py:64} INFO - poking location is /home/harika/airflow/plugins
[2023-11-14T11:41:08.859+0530] {base.py:73} INFO - Using connection ID 'fs_default' for task execution.
[2023-11-14T11:41:08.860+0530] {demo_plugin.py:64} INFO - poking location is /home/harika/airflow/plugins
[2023-11-14T11:41:18.872+0530] {base.py:73} INFO - Using connection ID 'fs_default' for task execution.
[2023-11-14T11:41:18.872+0530] {demo_plugin.py:64} INFO - poking location is /home/harika/airflow/plugins
[2023-11-14T11:41:18.872+0530] {taskinstance.py:1935} ERROR - Task failed with exception
Traceback (most recent call last):
  File "/home/harika/.local/lib/python3.10/site-packages/airflow/sensors/base.py", line 274, in execute
    raise AirflowSensorTimeout(message)
airflow.exceptions.AirflowSensorTimeout: Sensor has timed out; run duration of 60.10504023800013 seconds exceeds the specified timeout of 60.0.
[2023-11-14T11:41:18.874+0530] {taskinstance.py:1398} INFO - Immediate failure requested. Marking task as FAILED. dag_id=plugin_dag, task_id=file_count_sensor, execution_date=20231114T061014, start_date=20231114T061018, end_date=20231114T061118
[2023-11-14T11:41:18.961+0530] {standard_task_runner.py:104} ERROR - Failed to execute job 4588 for task file_count_sensor (Sensor has timed out; run duration of 60.10504023800013 seconds exceeds the specified timeout of 60.0.; 16740)
[2023-11-14T11:41:18.972+0530] {local_task_job_runner.py:228} INFO - Task exited with return code 1
[2023-11-14T11:41:18.980+0530] {taskinstance.py:2776} INFO - 0 downstream tasks scheduled from follow-on schedule check
