[2023-11-16T12:12:51.069+0530] {taskinstance.py:1157} INFO - Dependencies all met for dep_context=non-requeueable deps ti=<TaskInstance: plugin_dag.mysql_to_postgres manual__2023-11-16T06:42:44.579006+00:00 [queued]>
[2023-11-16T12:12:51.074+0530] {taskinstance.py:1157} INFO - Dependencies all met for dep_context=requeueable deps ti=<TaskInstance: plugin_dag.mysql_to_postgres manual__2023-11-16T06:42:44.579006+00:00 [queued]>
[2023-11-16T12:12:51.074+0530] {taskinstance.py:1359} INFO - Starting attempt 1 of 1
[2023-11-16T12:12:51.084+0530] {taskinstance.py:1380} INFO - Executing <Task(PythonOperator): mysql_to_postgres> on 2023-11-16 06:42:44.579006+00:00
[2023-11-16T12:12:51.087+0530] {standard_task_runner.py:57} INFO - Started process 119083 to run task
[2023-11-16T12:12:51.089+0530] {standard_task_runner.py:84} INFO - Running: ['airflow', 'tasks', 'run', 'plugin_dag', 'mysql_to_postgres', 'manual__2023-11-16T06:42:44.579006+00:00', '--job-id', '4666', '--raw', '--subdir', 'DAGS_FOLDER/dag_plugins.py', '--cfg-path', '/tmp/tmps1puf0ua']
[2023-11-16T12:12:51.090+0530] {standard_task_runner.py:85} INFO - Job 4666: Subtask mysql_to_postgres
[2023-11-16T12:12:51.119+0530] {task_command.py:415} INFO - Running <TaskInstance: plugin_dag.mysql_to_postgres manual__2023-11-16T06:42:44.579006+00:00 [running]> on host harika-Latitude-5511
[2023-11-16T12:12:51.253+0530] {taskinstance.py:1660} INFO - Exporting env vars: AIRFLOW_CTX_DAG_OWNER='airflow' AIRFLOW_CTX_DAG_ID='plugin_dag' AIRFLOW_CTX_TASK_ID='mysql_to_postgres' AIRFLOW_CTX_EXECUTION_DATE='2023-11-16T06:42:44.579006+00:00' AIRFLOW_CTX_TRY_NUMBER='1' AIRFLOW_CTX_DAG_RUN_ID='manual__2023-11-16T06:42:44.579006+00:00'
[2023-11-16T12:12:51.253+0530] {logging_mixin.py:151} INFO - #custom hook
[2023-11-16T12:12:51.253+0530] {logging_mixin.py:151} INFO - fetching records from MYSQL table
[2023-11-16T12:12:51.256+0530] {base.py:73} INFO - Using connection ID 'mysql_conn' for task execution.
[2023-11-16T12:12:51.264+0530] {base.py:73} INFO - Using connection ID 'mysql_conn' for task execution.
[2023-11-16T12:12:51.265+0530] {sql.py:418} INFO - Running statement: create table city_table(city_name varchar(50), city_code varchar(20));, parameters: None
[2023-11-16T12:12:51.265+0530] {taskinstance.py:1935} ERROR - Task failed with exception
Traceback (most recent call last):
  File "/home/harika/.local/lib/python3.10/site-packages/airflow/operators/python.py", line 192, in execute
    return_value = self.execute_callable()
  File "/home/harika/.local/lib/python3.10/site-packages/airflow/operators/python.py", line 209, in execute_callable
    return self.python_callable(*self.op_args, **self.op_kwargs)
  File "/home/harika/airflow/dags/dag_plugins.py", line 10, in trigger_hook
    MySQLToPostgresHook().copy_table('mysql_conn', 'postgres_conn')
  File "/home/harika/airflow/plugins/demo_plugin.py", line 109, in copy_table
    mysqlserver.run(query)
  File "/home/harika/.local/lib/python3.10/site-packages/airflow/providers/common/sql/hooks/sql.py", line 392, in run
    self._run_command(cur, sql_statement, parameters)
  File "/home/harika/.local/lib/python3.10/site-packages/airflow/providers/common/sql/hooks/sql.py", line 423, in _run_command
    cur.execute(sql_statement)
  File "/home/harika/.local/lib/python3.10/site-packages/MySQLdb/cursors.py", line 206, in execute
    res = self._query(query)
  File "/home/harika/.local/lib/python3.10/site-packages/MySQLdb/cursors.py", line 319, in _query
    db.query(q)
  File "/home/harika/.local/lib/python3.10/site-packages/MySQLdb/connections.py", line 254, in query
    _mysql.connection.query(self, query)
MySQLdb.OperationalError: (1046, 'No database selected')
[2023-11-16T12:12:51.268+0530] {taskinstance.py:1398} INFO - Marking task as FAILED. dag_id=plugin_dag, task_id=mysql_to_postgres, execution_date=20231116T064244, start_date=20231116T064251, end_date=20231116T064251
[2023-11-16T12:12:51.274+0530] {standard_task_runner.py:104} ERROR - Failed to execute job 4666 for task mysql_to_postgres ((1046, 'No database selected'); 119083)
[2023-11-16T12:12:51.301+0530] {local_task_job_runner.py:228} INFO - Task exited with return code 1
[2023-11-16T12:12:51.324+0530] {taskinstance.py:2776} INFO - 0 downstream tasks scheduled from follow-on schedule check
