[2023-11-06T15:06:31.694+0530] {taskinstance.py:1157} INFO - Dependencies all met for dep_context=non-requeueable deps ti=<TaskInstance: hooks_demo.transfer manual__2023-11-06T09:31:24.366583+00:00 [queued]>
[2023-11-06T15:06:31.698+0530] {taskinstance.py:1157} INFO - Dependencies all met for dep_context=requeueable deps ti=<TaskInstance: hooks_demo.transfer manual__2023-11-06T09:31:24.366583+00:00 [queued]>
[2023-11-06T15:06:31.699+0530] {taskinstance.py:1359} INFO - Starting attempt 2 of 2
[2023-11-06T15:06:31.709+0530] {taskinstance.py:1380} INFO - Executing <Task(PythonOperator): transfer> on 2023-11-06 09:31:24.366583+00:00
[2023-11-06T15:06:31.712+0530] {standard_task_runner.py:57} INFO - Started process 37329 to run task
[2023-11-06T15:06:31.714+0530] {standard_task_runner.py:84} INFO - Running: ['airflow', 'tasks', 'run', 'hooks_demo', 'transfer', 'manual__2023-11-06T09:31:24.366583+00:00', '--job-id', '4317', '--raw', '--subdir', 'DAGS_FOLDER/hooks.py', '--cfg-path', '/tmp/tmplq19au8t']
[2023-11-06T15:06:31.714+0530] {standard_task_runner.py:85} INFO - Job 4317: Subtask transfer
[2023-11-06T15:06:31.737+0530] {task_command.py:415} INFO - Running <TaskInstance: hooks_demo.transfer manual__2023-11-06T09:31:24.366583+00:00 [running]> on host harika-Latitude-5511
[2023-11-06T15:06:31.859+0530] {taskinstance.py:1660} INFO - Exporting env vars: AIRFLOW_CTX_DAG_OWNER='Airflow' AIRFLOW_CTX_DAG_ID='hooks_demo' AIRFLOW_CTX_TASK_ID='transfer' AIRFLOW_CTX_EXECUTION_DATE='2023-11-06T09:31:24.366583+00:00' AIRFLOW_CTX_TRY_NUMBER='2' AIRFLOW_CTX_DAG_RUN_ID='manual__2023-11-06T09:31:24.366583+00:00'
[2023-11-06T15:06:31.863+0530] {base.py:73} INFO - Using connection ID 'postgres_conn' for task execution.
[2023-11-06T15:06:31.877+0530] {base.py:73} INFO - Using connection ID 'postgres_conn' for task execution.
[2023-11-06T15:06:31.887+0530] {taskinstance.py:1935} ERROR - Task failed with exception
Traceback (most recent call last):
  File "/home/harika/.local/lib/python3.10/site-packages/airflow/operators/python.py", line 192, in execute
    return_value = self.execute_callable()
  File "/home/harika/.local/lib/python3.10/site-packages/airflow/operators/python.py", line 209, in execute_callable
    return self.python_callable(*self.op_args, **self.op_kwargs)
  File "/home/harika/airflow/dags/hooks.py", line 28, in transfer_function
    source_cursor.execute(query)
psycopg2.errors.UndefinedTable: relation "source_city_table" does not exist
LINE 1: select * from source_city_table
                      ^

[2023-11-06T15:06:31.889+0530] {taskinstance.py:1398} INFO - Marking task as FAILED. dag_id=hooks_demo, task_id=transfer, execution_date=20231106T093124, start_date=20231106T093631, end_date=20231106T093631
[2023-11-06T15:06:31.902+0530] {standard_task_runner.py:104} ERROR - Failed to execute job 4317 for task transfer (relation "source_city_table" does not exist
LINE 1: select * from source_city_table
                      ^
; 37329)
[2023-11-06T15:06:31.926+0530] {local_task_job_runner.py:228} INFO - Task exited with return code 1
[2023-11-06T15:06:31.937+0530] {taskinstance.py:2776} INFO - 0 downstream tasks scheduled from follow-on schedule check
