[2023-10-25T10:07:47.072+0530] {taskinstance.py:1157} INFO - Dependencies all met for dep_context=non-requeueable deps ti=<TaskInstance: webpage_dag.get_details_from_url_task scheduled__2023-10-24T00:00:00+00:00 [queued]>
[2023-10-25T10:07:47.077+0530] {taskinstance.py:1157} INFO - Dependencies all met for dep_context=requeueable deps ti=<TaskInstance: webpage_dag.get_details_from_url_task scheduled__2023-10-24T00:00:00+00:00 [queued]>
[2023-10-25T10:07:47.077+0530] {taskinstance.py:1359} INFO - Starting attempt 1 of 2
[2023-10-25T10:07:47.086+0530] {taskinstance.py:1380} INFO - Executing <Task(PythonOperator): get_details_from_url_task> on 2023-10-24 00:00:00+00:00
[2023-10-25T10:07:47.088+0530] {standard_task_runner.py:57} INFO - Started process 8222 to run task
[2023-10-25T10:07:47.090+0530] {standard_task_runner.py:84} INFO - Running: ['airflow', 'tasks', 'run', 'webpage_dag', 'get_details_from_url_task', 'scheduled__2023-10-24T00:00:00+00:00', '--job-id', '834', '--raw', '--subdir', 'DAGS_FOLDER/word_count_url.py', '--cfg-path', '/tmp/tmpj1986pf0']
[2023-10-25T10:07:47.091+0530] {standard_task_runner.py:85} INFO - Job 834: Subtask get_details_from_url_task
[2023-10-25T10:07:47.111+0530] {task_command.py:415} INFO - Running <TaskInstance: webpage_dag.get_details_from_url_task scheduled__2023-10-24T00:00:00+00:00 [running]> on host harika-Latitude-5511
[2023-10-25T10:07:47.150+0530] {taskinstance.py:1660} INFO - Exporting env vars: AIRFLOW_CTX_DAG_EMAIL='harikasree2225@gmail.com' AIRFLOW_CTX_DAG_OWNER='airflow' AIRFLOW_CTX_DAG_ID='webpage_dag' AIRFLOW_CTX_TASK_ID='get_details_from_url_task' AIRFLOW_CTX_EXECUTION_DATE='2023-10-24T00:00:00+00:00' AIRFLOW_CTX_TRY_NUMBER='1' AIRFLOW_CTX_DAG_RUN_ID='scheduled__2023-10-24T00:00:00+00:00'
[2023-10-25T10:07:48.317+0530] {python.py:194} INFO - Done. Returned value was: /home/harika/webdata/web_page_data/content.txt
[2023-10-25T10:07:48.327+0530] {taskinstance.py:1398} INFO - Marking task as SUCCESS. dag_id=webpage_dag, task_id=get_details_from_url_task, execution_date=20231024T000000, start_date=20231025T043747, end_date=20231025T043748
[2023-10-25T10:07:48.349+0530] {local_task_job_runner.py:228} INFO - Task exited with return code 0
[2023-10-25T10:07:48.372+0530] {taskinstance.py:2776} INFO - 2 downstream tasks scheduled from follow-on schedule check
[2023-10-25T18:23:28.305+0530] {taskinstance.py:1157} INFO - Dependencies all met for dep_context=non-requeueable deps ti=<TaskInstance: webpage_dag.get_details_from_url_task scheduled__2023-10-24T00:00:00+00:00 [queued]>
[2023-10-25T18:23:28.312+0530] {taskinstance.py:1157} INFO - Dependencies all met for dep_context=requeueable deps ti=<TaskInstance: webpage_dag.get_details_from_url_task scheduled__2023-10-24T00:00:00+00:00 [queued]>
[2023-10-25T18:23:28.312+0530] {taskinstance.py:1359} INFO - Starting attempt 1 of 2
[2023-10-25T18:23:28.324+0530] {taskinstance.py:1380} INFO - Executing <Task(PythonOperator): get_details_from_url_task> on 2023-10-24 00:00:00+00:00
[2023-10-25T18:23:28.329+0530] {standard_task_runner.py:57} INFO - Started process 94035 to run task
[2023-10-25T18:23:28.331+0530] {standard_task_runner.py:84} INFO - Running: ['airflow', 'tasks', 'run', 'webpage_dag', 'get_details_from_url_task', 'scheduled__2023-10-24T00:00:00+00:00', '--job-id', '1592', '--raw', '--subdir', 'DAGS_FOLDER/word_count_url.py', '--cfg-path', '/tmp/tmp7bm1hoyx']
[2023-10-25T18:23:28.332+0530] {standard_task_runner.py:85} INFO - Job 1592: Subtask get_details_from_url_task
[2023-10-25T18:23:28.360+0530] {task_command.py:415} INFO - Running <TaskInstance: webpage_dag.get_details_from_url_task scheduled__2023-10-24T00:00:00+00:00 [running]> on host harika-Latitude-5511
[2023-10-25T18:23:28.403+0530] {taskinstance.py:1660} INFO - Exporting env vars: AIRFLOW_CTX_DAG_EMAIL='harikasree2225@gmail.com' AIRFLOW_CTX_DAG_OWNER='airflow' AIRFLOW_CTX_DAG_ID='webpage_dag' AIRFLOW_CTX_TASK_ID='get_details_from_url_task' AIRFLOW_CTX_EXECUTION_DATE='2023-10-24T00:00:00+00:00' AIRFLOW_CTX_TRY_NUMBER='1' AIRFLOW_CTX_DAG_RUN_ID='scheduled__2023-10-24T00:00:00+00:00'
[2023-10-25T18:23:29.233+0530] {python.py:194} INFO - Done. Returned value was: /home/harika/webdata/web_page_data/content.txt
[2023-10-25T18:23:29.242+0530] {taskinstance.py:1398} INFO - Marking task as SUCCESS. dag_id=webpage_dag, task_id=get_details_from_url_task, execution_date=20231024T000000, start_date=20231025T125328, end_date=20231025T125329
[2023-10-25T18:23:29.266+0530] {local_task_job_runner.py:228} INFO - Task exited with return code 0
[2023-10-25T18:23:29.297+0530] {taskinstance.py:2776} INFO - 2 downstream tasks scheduled from follow-on schedule check
