[2023-10-25T18:28:51.280+0530] {taskinstance.py:1157} INFO - Dependencies all met for dep_context=non-requeueable deps ti=<TaskInstance: webpage_dag.submit_spark_word_count_job scheduled__2023-10-24T00:00:00+00:00 [queued]>
[2023-10-25T18:28:51.288+0530] {taskinstance.py:1157} INFO - Dependencies all met for dep_context=requeueable deps ti=<TaskInstance: webpage_dag.submit_spark_word_count_job scheduled__2023-10-24T00:00:00+00:00 [queued]>
[2023-10-25T18:28:51.288+0530] {taskinstance.py:1359} INFO - Starting attempt 2 of 2
[2023-10-25T18:28:51.315+0530] {taskinstance.py:1380} INFO - Executing <Task(SparkSubmitOperator): submit_spark_word_count_job> on 2023-10-24 00:00:00+00:00
[2023-10-25T18:28:51.319+0530] {standard_task_runner.py:57} INFO - Started process 94913 to run task
[2023-10-25T18:28:51.322+0530] {standard_task_runner.py:84} INFO - Running: ['airflow', 'tasks', 'run', 'webpage_dag', 'submit_spark_word_count_job', 'scheduled__2023-10-24T00:00:00+00:00', '--job-id', '1602', '--raw', '--subdir', 'DAGS_FOLDER/word_count_url.py', '--cfg-path', '/tmp/tmpkszr2in7']
[2023-10-25T18:28:51.323+0530] {standard_task_runner.py:85} INFO - Job 1602: Subtask submit_spark_word_count_job
[2023-10-25T18:28:51.352+0530] {task_command.py:415} INFO - Running <TaskInstance: webpage_dag.submit_spark_word_count_job scheduled__2023-10-24T00:00:00+00:00 [running]> on host harika-Latitude-5511
[2023-10-25T18:28:51.404+0530] {taskinstance.py:1660} INFO - Exporting env vars: AIRFLOW_CTX_DAG_EMAIL='harikasree2225@gmail.com' AIRFLOW_CTX_DAG_OWNER='airflow' AIRFLOW_CTX_DAG_ID='webpage_dag' AIRFLOW_CTX_TASK_ID='submit_spark_word_count_job' AIRFLOW_CTX_EXECUTION_DATE='2023-10-24T00:00:00+00:00' AIRFLOW_CTX_TRY_NUMBER='2' AIRFLOW_CTX_DAG_RUN_ID='scheduled__2023-10-24T00:00:00+00:00'
[2023-10-25T18:28:51.408+0530] {base.py:73} INFO - Using connection ID 'spark_default' for task execution.
[2023-10-25T18:28:51.408+0530] {spark_submit.py:340} INFO - Spark-Submit cmd: spark-submit --master yarn:587 --name PythonWordCount --queue root.default /home/harika/sparkjobs/word_count_extended.py /home/harika/webdata/web_page_data/content.txt
[2023-10-25T18:28:52.545+0530] {spark_submit.py:491} INFO - 23/10/25 18:28:52 WARN Utils: Your hostname, harika-Latitude-5511 resolves to a loopback address: 127.0.1.1; using 192.168.29.76 instead (on interface wlo1)
[2023-10-25T18:28:52.548+0530] {spark_submit.py:491} INFO - 23/10/25 18:28:52 WARN Utils: Set SPARK_LOCAL_IP if you need to bind to another address
[2023-10-25T18:28:52.603+0530] {spark_submit.py:491} INFO - Exception in thread "main" org.apache.spark.SparkException: When running with master 'yarn:587' either HADOOP_CONF_DIR or YARN_CONF_DIR must be set in the environment.
[2023-10-25T18:28:52.604+0530] {spark_submit.py:491} INFO - at org.apache.spark.deploy.SparkSubmitArguments.error(SparkSubmitArguments.scala:650)
[2023-10-25T18:28:52.604+0530] {spark_submit.py:491} INFO - at org.apache.spark.deploy.SparkSubmitArguments.validateSubmitArguments(SparkSubmitArguments.scala:281)
[2023-10-25T18:28:52.604+0530] {spark_submit.py:491} INFO - at org.apache.spark.deploy.SparkSubmitArguments.validateArguments(SparkSubmitArguments.scala:237)
[2023-10-25T18:28:52.604+0530] {spark_submit.py:491} INFO - at org.apache.spark.deploy.SparkSubmitArguments.<init>(SparkSubmitArguments.scala:122)
[2023-10-25T18:28:52.604+0530] {spark_submit.py:491} INFO - at org.apache.spark.deploy.SparkSubmit$$anon$2$$anon$3.<init>(SparkSubmit.scala:1103)
[2023-10-25T18:28:52.604+0530] {spark_submit.py:491} INFO - at org.apache.spark.deploy.SparkSubmit$$anon$2.parseArguments(SparkSubmit.scala:1103)
[2023-10-25T18:28:52.604+0530] {spark_submit.py:491} INFO - at org.apache.spark.deploy.SparkSubmit.doSubmit(SparkSubmit.scala:86)
[2023-10-25T18:28:52.605+0530] {spark_submit.py:491} INFO - at org.apache.spark.deploy.SparkSubmit$$anon$2.doSubmit(SparkSubmit.scala:1120)
[2023-10-25T18:28:52.605+0530] {spark_submit.py:491} INFO - at org.apache.spark.deploy.SparkSubmit$.main(SparkSubmit.scala:1129)
[2023-10-25T18:28:52.605+0530] {spark_submit.py:491} INFO - at org.apache.spark.deploy.SparkSubmit.main(SparkSubmit.scala)
[2023-10-25T18:28:52.630+0530] {taskinstance.py:1935} ERROR - Task failed with exception
Traceback (most recent call last):
  File "/home/harika/.local/lib/python3.10/site-packages/airflow/providers/apache/spark/operators/spark_submit.py", line 156, in execute
    self._hook.submit(self._application)
  File "/home/harika/.local/lib/python3.10/site-packages/airflow/providers/apache/spark/hooks/spark_submit.py", line 422, in submit
    raise AirflowException(
airflow.exceptions.AirflowException: Cannot execute: spark-submit --master yarn:587 --name PythonWordCount --queue root.default /home/harika/sparkjobs/word_count_extended.py /home/harika/webdata/web_page_data/content.txt. Error code is: 1.
[2023-10-25T18:28:52.634+0530] {taskinstance.py:1398} INFO - Marking task as FAILED. dag_id=webpage_dag, task_id=submit_spark_word_count_job, execution_date=20231024T000000, start_date=20231025T125851, end_date=20231025T125852
[2023-10-25T18:28:52.649+0530] {logging_mixin.py:151} WARNING - /home/harika/.local/lib/python3.10/site-packages/airflow/utils/email.py:154 RemovedInAirflow3Warning: Fetching SMTP credentials from configuration variables will be deprecated in a future release. Please set credentials using a connection instead.
[2023-10-25T18:28:52.650+0530] {email.py:270} INFO - Email alerting: attempt 1
[2023-10-25T18:28:54.234+0530] {email.py:282} INFO - Sent an alert email to ['harikasree2225@gmail.com']
[2023-10-25T18:28:56.177+0530] {standard_task_runner.py:104} ERROR - Failed to execute job 1602 for task submit_spark_word_count_job (Cannot execute: spark-submit --master yarn:587 --name PythonWordCount --queue root.default /home/harika/sparkjobs/word_count_extended.py /home/harika/webdata/web_page_data/content.txt. Error code is: 1.; 94913)
[2023-10-25T18:28:56.230+0530] {local_task_job_runner.py:228} INFO - Task exited with return code 1
[2023-10-25T18:28:56.249+0530] {taskinstance.py:2776} INFO - 0 downstream tasks scheduled from follow-on schedule check
