[2023-10-30T16:48:08.929+0530] {taskinstance.py:1157} INFO - Dependencies all met for dep_context=non-requeueable deps ti=<TaskInstance: file_sensor_dag.is_file_available scheduled__2022-01-06T00:00:00+00:00 [queued]>
[2023-10-30T16:48:08.933+0530] {taskinstance.py:1157} INFO - Dependencies all met for dep_context=requeueable deps ti=<TaskInstance: file_sensor_dag.is_file_available scheduled__2022-01-06T00:00:00+00:00 [queued]>
[2023-10-30T16:48:08.934+0530] {taskinstance.py:1359} INFO - Starting attempt 1 of 1
[2023-10-30T16:48:08.944+0530] {taskinstance.py:1380} INFO - Executing <Task(FileSensor): is_file_available> on 2022-01-06 00:00:00+00:00
[2023-10-30T16:48:08.948+0530] {standard_task_runner.py:57} INFO - Started process 447609 to run task
[2023-10-30T16:48:08.950+0530] {standard_task_runner.py:84} INFO - Running: ['airflow', 'tasks', 'run', 'file_sensor_dag', 'is_file_available', 'scheduled__2022-01-06T00:00:00+00:00', '--job-id', '1909', '--raw', '--subdir', 'DAGS_FOLDER/fileSensor.py', '--cfg-path', '/tmp/tmp3wmx1zcs']
[2023-10-30T16:48:08.951+0530] {standard_task_runner.py:85} INFO - Job 1909: Subtask is_file_available
[2023-10-30T16:48:08.976+0530] {task_command.py:415} INFO - Running <TaskInstance: file_sensor_dag.is_file_available scheduled__2022-01-06T00:00:00+00:00 [running]> on host harika-Latitude-5511
[2023-10-30T16:48:09.018+0530] {taskinstance.py:1660} INFO - Exporting env vars: AIRFLOW_CTX_DAG_OWNER='airflow' AIRFLOW_CTX_DAG_ID='file_sensor_dag' AIRFLOW_CTX_TASK_ID='is_file_available' AIRFLOW_CTX_EXECUTION_DATE='2022-01-06T00:00:00+00:00' AIRFLOW_CTX_TRY_NUMBER='1' AIRFLOW_CTX_DAG_RUN_ID='scheduled__2022-01-06T00:00:00+00:00'
[2023-10-30T16:48:09.024+0530] {taskinstance.py:1935} ERROR - Task failed with exception
Traceback (most recent call last):
  File "/home/harika/.local/lib/python3.10/site-packages/airflow/sensors/base.py", line 257, in execute
    raise e
  File "/home/harika/.local/lib/python3.10/site-packages/airflow/sensors/base.py", line 239, in execute
    poke_return = self.poke(context)
  File "/home/harika/.local/lib/python3.10/site-packages/airflow/sensors/filesystem.py", line 61, in poke
    hook = FSHook(self.fs_conn_id)
  File "/home/harika/.local/lib/python3.10/site-packages/airflow/hooks/filesystem.py", line 38, in __init__
    conn = self.get_connection(conn_id)
  File "/home/harika/.local/lib/python3.10/site-packages/airflow/hooks/base.py", line 72, in get_connection
    conn = Connection.get_connection_from_secrets(conn_id)
  File "/home/harika/.local/lib/python3.10/site-packages/airflow/models/connection.py", line 477, in get_connection_from_secrets
    raise AirflowNotFoundException(f"The conn_id `{conn_id}` isn't defined")
airflow.exceptions.AirflowNotFoundException: The conn_id `my_file_system` isn't defined
[2023-10-30T16:48:09.026+0530] {taskinstance.py:1398} INFO - Marking task as FAILED. dag_id=file_sensor_dag, task_id=is_file_available, execution_date=20220106T000000, start_date=20231030T111808, end_date=20231030T111809
[2023-10-30T16:48:09.034+0530] {standard_task_runner.py:104} ERROR - Failed to execute job 1909 for task is_file_available (The conn_id `my_file_system` isn't defined; 447609)
[2023-10-30T16:48:09.041+0530] {local_task_job_runner.py:228} INFO - Task exited with return code 1
[2023-10-30T16:48:09.057+0530] {taskinstance.py:2776} INFO - 0 downstream tasks scheduled from follow-on schedule check
