[2023-11-16T12:57:35.603+0530] {taskinstance.py:1157} INFO - Dependencies all met for dep_context=non-requeueable deps ti=<TaskInstance: hooks_demo.tables manual__2023-11-16T07:27:32.603995+00:00 [queued]>
[2023-11-16T12:57:35.607+0530] {taskinstance.py:1157} INFO - Dependencies all met for dep_context=requeueable deps ti=<TaskInstance: hooks_demo.tables manual__2023-11-16T07:27:32.603995+00:00 [queued]>
[2023-11-16T12:57:35.607+0530] {taskinstance.py:1359} INFO - Starting attempt 1 of 2
[2023-11-16T12:57:35.616+0530] {taskinstance.py:1380} INFO - Executing <Task(PythonOperator): tables> on 2023-11-16 07:27:32.603995+00:00
[2023-11-16T12:57:35.619+0530] {standard_task_runner.py:57} INFO - Started process 124780 to run task
[2023-11-16T12:57:35.622+0530] {standard_task_runner.py:84} INFO - Running: ['airflow', 'tasks', 'run', 'hooks_demo', 'tables', 'manual__2023-11-16T07:27:32.603995+00:00', '--job-id', '4696', '--raw', '--subdir', 'DAGS_FOLDER/hooks.py', '--cfg-path', '/tmp/tmpknp1qiq5']
[2023-11-16T12:57:35.622+0530] {standard_task_runner.py:85} INFO - Job 4696: Subtask tables
[2023-11-16T12:57:35.645+0530] {task_command.py:415} INFO - Running <TaskInstance: hooks_demo.tables manual__2023-11-16T07:27:32.603995+00:00 [running]> on host harika-Latitude-5511
[2023-11-16T12:57:35.786+0530] {taskinstance.py:1660} INFO - Exporting env vars: AIRFLOW_CTX_DAG_OWNER='Airflow' AIRFLOW_CTX_DAG_ID='hooks_demo' AIRFLOW_CTX_TASK_ID='tables' AIRFLOW_CTX_EXECUTION_DATE='2023-11-16T07:27:32.603995+00:00' AIRFLOW_CTX_TRY_NUMBER='1' AIRFLOW_CTX_DAG_RUN_ID='manual__2023-11-16T07:27:32.603995+00:00'
[2023-11-16T12:57:35.790+0530] {base.py:73} INFO - Using connection ID 'postgres_conn' for task execution.
[2023-11-16T12:57:35.804+0530] {logging_mixin.py:151} INFO - SELECT table_name FROM information_schema.tables WHERE table_schema = 'public'
[2023-11-16T12:57:35.806+0530] {logging_mixin.py:151} INFO - query executed
[2023-11-16T12:57:35.806+0530] {logging_mixin.py:151} INFO - ['source_city_table', 'target_city_table'] table_names
[2023-11-16T12:57:35.806+0530] {logging_mixin.py:151} INFO - ###################################
[2023-11-16T12:57:35.806+0530] {logging_mixin.py:151} INFO - source_city_table tablename
[2023-11-16T12:57:35.807+0530] {logging_mixin.py:151} INFO - ###################################
[2023-11-16T12:57:35.807+0530] {logging_mixin.py:151} INFO - target_city_table tablename
[2023-11-16T12:57:35.807+0530] {python.py:194} INFO - Done. Returned value was: None
[2023-11-16T12:57:35.811+0530] {taskinstance.py:1398} INFO - Marking task as SUCCESS. dag_id=hooks_demo, task_id=tables, execution_date=20231116T072732, start_date=20231116T072735, end_date=20231116T072735
[2023-11-16T12:57:35.833+0530] {local_task_job_runner.py:228} INFO - Task exited with return code 0
[2023-11-16T12:57:35.844+0530] {taskinstance.py:2776} INFO - 1 downstream tasks scheduled from follow-on schedule check
