[2023-11-01T09:50:12.134+0530] {taskinstance.py:1157} INFO - Dependencies all met for dep_context=non-requeueable deps ti=<TaskInstance: date_time_example.wait_until_new_year scheduled__2023-11-01T00:04:00+00:00 [queued]>
[2023-11-01T09:50:12.139+0530] {taskinstance.py:1157} INFO - Dependencies all met for dep_context=requeueable deps ti=<TaskInstance: date_time_example.wait_until_new_year scheduled__2023-11-01T00:04:00+00:00 [queued]>
[2023-11-01T09:50:12.139+0530] {taskinstance.py:1359} INFO - Starting attempt 1 of 1
[2023-11-01T09:50:12.147+0530] {taskinstance.py:1380} INFO - Executing <Task(DateTimeSensor): wait_until_new_year> on 2023-11-01 00:04:00+00:00
[2023-11-01T09:50:12.150+0530] {standard_task_runner.py:57} INFO - Started process 919726 to run task
[2023-11-01T09:50:12.152+0530] {standard_task_runner.py:84} INFO - Running: ['airflow', 'tasks', 'run', 'date_time_example', 'wait_until_new_year', 'scheduled__2023-11-01T00:04:00+00:00', '--job-id', '2117', '--raw', '--subdir', 'DAGS_FOLDER/dataTimeSensor.py', '--cfg-path', '/tmp/tmpy0hz35y5']
[2023-11-01T09:50:12.153+0530] {standard_task_runner.py:85} INFO - Job 2117: Subtask wait_until_new_year
[2023-11-01T09:50:12.174+0530] {task_command.py:415} INFO - Running <TaskInstance: date_time_example.wait_until_new_year scheduled__2023-11-01T00:04:00+00:00 [running]> on host harika-Latitude-5511
[2023-11-01T09:50:12.219+0530] {taskinstance.py:1660} INFO - Exporting env vars: AIRFLOW_CTX_DAG_OWNER='airflow' AIRFLOW_CTX_DAG_ID='date_time_example' AIRFLOW_CTX_TASK_ID='wait_until_new_year' AIRFLOW_CTX_EXECUTION_DATE='2023-11-01T00:04:00+00:00' AIRFLOW_CTX_TRY_NUMBER='1' AIRFLOW_CTX_DAG_RUN_ID='scheduled__2023-11-01T00:04:00+00:00'
[2023-11-01T09:50:12.222+0530] {date_time.py:74} INFO - Checking if the time (2023-11-01T09:39:00) has come
[2023-11-01T09:50:12.293+0530] {taskinstance.py:1895} INFO - Rescheduling task, marking task as UP_FOR_RESCHEDULE
[2023-11-01T09:50:12.324+0530] {local_task_job_runner.py:228} INFO - Task exited with return code 0
[2023-11-01T09:50:12.334+0530] {taskinstance.py:2776} INFO - 0 downstream tasks scheduled from follow-on schedule check
[2023-11-01T09:51:14.510+0530] {taskinstance.py:1157} INFO - Dependencies all met for dep_context=non-requeueable deps ti=<TaskInstance: date_time_example.wait_until_new_year scheduled__2023-11-01T00:04:00+00:00 [queued]>
[2023-11-01T09:51:14.515+0530] {taskinstance.py:1157} INFO - Dependencies all met for dep_context=requeueable deps ti=<TaskInstance: date_time_example.wait_until_new_year scheduled__2023-11-01T00:04:00+00:00 [queued]>
[2023-11-01T09:51:14.516+0530] {taskinstance.py:1359} INFO - Starting attempt 1 of 1
[2023-11-01T09:51:14.525+0530] {taskinstance.py:1380} INFO - Executing <Task(DateTimeSensor): wait_until_new_year> on 2023-11-01 00:04:00+00:00
[2023-11-01T09:51:14.529+0530] {standard_task_runner.py:57} INFO - Started process 921037 to run task
[2023-11-01T09:51:14.531+0530] {standard_task_runner.py:84} INFO - Running: ['airflow', 'tasks', 'run', 'date_time_example', 'wait_until_new_year', 'scheduled__2023-11-01T00:04:00+00:00', '--job-id', '2133', '--raw', '--subdir', 'DAGS_FOLDER/dataTimeSensor.py', '--cfg-path', '/tmp/tmp5gjixm6m']
[2023-11-01T09:51:14.532+0530] {standard_task_runner.py:85} INFO - Job 2133: Subtask wait_until_new_year
[2023-11-01T09:51:14.554+0530] {task_command.py:415} INFO - Running <TaskInstance: date_time_example.wait_until_new_year scheduled__2023-11-01T00:04:00+00:00 [running]> on host harika-Latitude-5511
[2023-11-01T09:51:14.598+0530] {taskinstance.py:1660} INFO - Exporting env vars: AIRFLOW_CTX_DAG_OWNER='airflow' AIRFLOW_CTX_DAG_ID='date_time_example' AIRFLOW_CTX_TASK_ID='wait_until_new_year' AIRFLOW_CTX_EXECUTION_DATE='2023-11-01T00:04:00+00:00' AIRFLOW_CTX_TRY_NUMBER='1' AIRFLOW_CTX_DAG_RUN_ID='scheduled__2023-11-01T00:04:00+00:00'
[2023-11-01T09:51:14.601+0530] {date_time.py:74} INFO - Checking if the time (2023-11-01T09:39:00) has come
[2023-11-01T09:51:14.677+0530] {taskinstance.py:1895} INFO - Rescheduling task, marking task as UP_FOR_RESCHEDULE
[2023-11-01T09:51:14.703+0530] {local_task_job_runner.py:228} INFO - Task exited with return code 0
[2023-11-01T09:51:14.712+0530] {taskinstance.py:2776} INFO - 0 downstream tasks scheduled from follow-on schedule check
[2023-11-01T09:52:18.727+0530] {taskinstance.py:1157} INFO - Dependencies all met for dep_context=non-requeueable deps ti=<TaskInstance: date_time_example.wait_until_new_year scheduled__2023-11-01T00:04:00+00:00 [queued]>
[2023-11-01T09:52:18.733+0530] {taskinstance.py:1157} INFO - Dependencies all met for dep_context=requeueable deps ti=<TaskInstance: date_time_example.wait_until_new_year scheduled__2023-11-01T00:04:00+00:00 [queued]>
[2023-11-01T09:52:18.733+0530] {taskinstance.py:1359} INFO - Starting attempt 1 of 1
[2023-11-01T09:52:18.743+0530] {taskinstance.py:1380} INFO - Executing <Task(DateTimeSensor): wait_until_new_year> on 2023-11-01 00:04:00+00:00
[2023-11-01T09:52:18.748+0530] {standard_task_runner.py:57} INFO - Started process 922472 to run task
[2023-11-01T09:52:18.750+0530] {standard_task_runner.py:84} INFO - Running: ['airflow', 'tasks', 'run', 'date_time_example', 'wait_until_new_year', 'scheduled__2023-11-01T00:04:00+00:00', '--job-id', '2151', '--raw', '--subdir', 'DAGS_FOLDER/dataTimeSensor.py', '--cfg-path', '/tmp/tmpbhhah2n7']
[2023-11-01T09:52:18.751+0530] {standard_task_runner.py:85} INFO - Job 2151: Subtask wait_until_new_year
[2023-11-01T09:52:18.777+0530] {task_command.py:415} INFO - Running <TaskInstance: date_time_example.wait_until_new_year scheduled__2023-11-01T00:04:00+00:00 [running]> on host harika-Latitude-5511
[2023-11-01T09:52:18.838+0530] {taskinstance.py:1660} INFO - Exporting env vars: AIRFLOW_CTX_DAG_OWNER='airflow' AIRFLOW_CTX_DAG_ID='date_time_example' AIRFLOW_CTX_TASK_ID='wait_until_new_year' AIRFLOW_CTX_EXECUTION_DATE='2023-11-01T00:04:00+00:00' AIRFLOW_CTX_TRY_NUMBER='1' AIRFLOW_CTX_DAG_RUN_ID='scheduled__2023-11-01T00:04:00+00:00'
[2023-11-01T09:52:18.842+0530] {date_time.py:74} INFO - Checking if the time (2023-11-01T09:52:00) has come
[2023-11-01T09:52:18.934+0530] {taskinstance.py:1895} INFO - Rescheduling task, marking task as UP_FOR_RESCHEDULE
[2023-11-01T09:52:18.962+0530] {local_task_job_runner.py:228} INFO - Task exited with return code 0
[2023-11-01T09:52:18.973+0530] {taskinstance.py:2776} INFO - 0 downstream tasks scheduled from follow-on schedule check
[2023-11-01T09:53:21.173+0530] {taskinstance.py:1157} INFO - Dependencies all met for dep_context=non-requeueable deps ti=<TaskInstance: date_time_example.wait_until_new_year scheduled__2023-11-01T00:04:00+00:00 [queued]>
[2023-11-01T09:53:21.178+0530] {taskinstance.py:1157} INFO - Dependencies all met for dep_context=requeueable deps ti=<TaskInstance: date_time_example.wait_until_new_year scheduled__2023-11-01T00:04:00+00:00 [queued]>
[2023-11-01T09:53:21.178+0530] {taskinstance.py:1359} INFO - Starting attempt 1 of 1
[2023-11-01T09:53:21.188+0530] {taskinstance.py:1380} INFO - Executing <Task(DateTimeSensor): wait_until_new_year> on 2023-11-01 00:04:00+00:00
[2023-11-01T09:53:21.192+0530] {standard_task_runner.py:57} INFO - Started process 923866 to run task
[2023-11-01T09:53:21.194+0530] {standard_task_runner.py:84} INFO - Running: ['airflow', 'tasks', 'run', 'date_time_example', 'wait_until_new_year', 'scheduled__2023-11-01T00:04:00+00:00', '--job-id', '2169', '--raw', '--subdir', 'DAGS_FOLDER/dataTimeSensor.py', '--cfg-path', '/tmp/tmph_xkox0w']
[2023-11-01T09:53:21.195+0530] {standard_task_runner.py:85} INFO - Job 2169: Subtask wait_until_new_year
[2023-11-01T09:53:21.220+0530] {task_command.py:415} INFO - Running <TaskInstance: date_time_example.wait_until_new_year scheduled__2023-11-01T00:04:00+00:00 [running]> on host harika-Latitude-5511
[2023-11-01T09:53:21.266+0530] {taskinstance.py:1660} INFO - Exporting env vars: AIRFLOW_CTX_DAG_OWNER='airflow' AIRFLOW_CTX_DAG_ID='date_time_example' AIRFLOW_CTX_TASK_ID='wait_until_new_year' AIRFLOW_CTX_EXECUTION_DATE='2023-11-01T00:04:00+00:00' AIRFLOW_CTX_TRY_NUMBER='1' AIRFLOW_CTX_DAG_RUN_ID='scheduled__2023-11-01T00:04:00+00:00'
[2023-11-01T09:53:21.270+0530] {date_time.py:74} INFO - Checking if the time (2023-11-01T09:52:00) has come
[2023-11-01T09:53:21.362+0530] {taskinstance.py:1895} INFO - Rescheduling task, marking task as UP_FOR_RESCHEDULE
[2023-11-01T09:53:21.405+0530] {local_task_job_runner.py:228} INFO - Task exited with return code 0
[2023-11-01T09:53:21.415+0530] {taskinstance.py:2776} INFO - 0 downstream tasks scheduled from follow-on schedule check
[2023-11-01T09:54:23.200+0530] {taskinstance.py:1157} INFO - Dependencies all met for dep_context=non-requeueable deps ti=<TaskInstance: date_time_example.wait_until_new_year scheduled__2023-11-01T00:04:00+00:00 [queued]>
[2023-11-01T09:54:23.206+0530] {taskinstance.py:1157} INFO - Dependencies all met for dep_context=requeueable deps ti=<TaskInstance: date_time_example.wait_until_new_year scheduled__2023-11-01T00:04:00+00:00 [queued]>
[2023-11-01T09:54:23.206+0530] {taskinstance.py:1359} INFO - Starting attempt 1 of 1
[2023-11-01T09:54:23.216+0530] {taskinstance.py:1380} INFO - Executing <Task(DateTimeSensor): wait_until_new_year> on 2023-11-01 00:04:00+00:00
[2023-11-01T09:54:23.220+0530] {standard_task_runner.py:57} INFO - Started process 925103 to run task
[2023-11-01T09:54:23.222+0530] {standard_task_runner.py:84} INFO - Running: ['airflow', 'tasks', 'run', 'date_time_example', 'wait_until_new_year', 'scheduled__2023-11-01T00:04:00+00:00', '--job-id', '2185', '--raw', '--subdir', 'DAGS_FOLDER/dataTimeSensor.py', '--cfg-path', '/tmp/tmp9cyr8c8g']
[2023-11-01T09:54:23.223+0530] {standard_task_runner.py:85} INFO - Job 2185: Subtask wait_until_new_year
[2023-11-01T09:54:23.248+0530] {task_command.py:415} INFO - Running <TaskInstance: date_time_example.wait_until_new_year scheduled__2023-11-01T00:04:00+00:00 [running]> on host harika-Latitude-5511
[2023-11-01T09:54:23.297+0530] {taskinstance.py:1660} INFO - Exporting env vars: AIRFLOW_CTX_DAG_OWNER='airflow' AIRFLOW_CTX_DAG_ID='date_time_example' AIRFLOW_CTX_TASK_ID='wait_until_new_year' AIRFLOW_CTX_EXECUTION_DATE='2023-11-01T00:04:00+00:00' AIRFLOW_CTX_TRY_NUMBER='1' AIRFLOW_CTX_DAG_RUN_ID='scheduled__2023-11-01T00:04:00+00:00'
[2023-11-01T09:54:23.302+0530] {date_time.py:74} INFO - Checking if the time (2023-11-01T09:52:00) has come
[2023-11-01T09:54:23.396+0530] {taskinstance.py:1895} INFO - Rescheduling task, marking task as UP_FOR_RESCHEDULE
[2023-11-01T09:54:23.433+0530] {local_task_job_runner.py:228} INFO - Task exited with return code 0
[2023-11-01T09:54:23.442+0530] {taskinstance.py:2776} INFO - 0 downstream tasks scheduled from follow-on schedule check
[2023-11-01T09:55:24.903+0530] {taskinstance.py:1157} INFO - Dependencies all met for dep_context=non-requeueable deps ti=<TaskInstance: date_time_example.wait_until_new_year scheduled__2023-11-01T00:04:00+00:00 [queued]>
[2023-11-01T09:55:24.909+0530] {taskinstance.py:1157} INFO - Dependencies all met for dep_context=requeueable deps ti=<TaskInstance: date_time_example.wait_until_new_year scheduled__2023-11-01T00:04:00+00:00 [queued]>
[2023-11-01T09:55:24.909+0530] {taskinstance.py:1359} INFO - Starting attempt 1 of 1
[2023-11-01T09:55:24.920+0530] {taskinstance.py:1380} INFO - Executing <Task(DateTimeSensor): wait_until_new_year> on 2023-11-01 00:04:00+00:00
[2023-11-01T09:55:24.923+0530] {standard_task_runner.py:57} INFO - Started process 926505 to run task
[2023-11-01T09:55:24.925+0530] {standard_task_runner.py:84} INFO - Running: ['airflow', 'tasks', 'run', 'date_time_example', 'wait_until_new_year', 'scheduled__2023-11-01T00:04:00+00:00', '--job-id', '2201', '--raw', '--subdir', 'DAGS_FOLDER/dataTimeSensor.py', '--cfg-path', '/tmp/tmpdrbp4dkt']
[2023-11-01T09:55:24.926+0530] {standard_task_runner.py:85} INFO - Job 2201: Subtask wait_until_new_year
[2023-11-01T09:55:24.951+0530] {task_command.py:415} INFO - Running <TaskInstance: date_time_example.wait_until_new_year scheduled__2023-11-01T00:04:00+00:00 [running]> on host harika-Latitude-5511
[2023-11-01T09:55:25.000+0530] {taskinstance.py:1660} INFO - Exporting env vars: AIRFLOW_CTX_DAG_OWNER='airflow' AIRFLOW_CTX_DAG_ID='date_time_example' AIRFLOW_CTX_TASK_ID='wait_until_new_year' AIRFLOW_CTX_EXECUTION_DATE='2023-11-01T00:04:00+00:00' AIRFLOW_CTX_TRY_NUMBER='1' AIRFLOW_CTX_DAG_RUN_ID='scheduled__2023-11-01T00:04:00+00:00'
[2023-11-01T09:55:25.004+0530] {date_time.py:74} INFO - Checking if the time (2023-11-01T09:52:00) has come
[2023-11-01T09:55:25.097+0530] {taskinstance.py:1895} INFO - Rescheduling task, marking task as UP_FOR_RESCHEDULE
[2023-11-01T09:55:25.137+0530] {local_task_job_runner.py:228} INFO - Task exited with return code 0
[2023-11-01T09:55:25.167+0530] {taskinstance.py:2776} INFO - 0 downstream tasks scheduled from follow-on schedule check
[2023-11-01T09:56:27.475+0530] {taskinstance.py:1157} INFO - Dependencies all met for dep_context=non-requeueable deps ti=<TaskInstance: date_time_example.wait_until_new_year scheduled__2023-11-01T00:04:00+00:00 [queued]>
[2023-11-01T09:56:27.481+0530] {taskinstance.py:1157} INFO - Dependencies all met for dep_context=requeueable deps ti=<TaskInstance: date_time_example.wait_until_new_year scheduled__2023-11-01T00:04:00+00:00 [queued]>
[2023-11-01T09:56:27.481+0530] {taskinstance.py:1359} INFO - Starting attempt 1 of 1
[2023-11-01T09:56:27.491+0530] {taskinstance.py:1380} INFO - Executing <Task(DateTimeSensor): wait_until_new_year> on 2023-11-01 00:04:00+00:00
[2023-11-01T09:56:27.494+0530] {standard_task_runner.py:57} INFO - Started process 927878 to run task
[2023-11-01T09:56:27.497+0530] {standard_task_runner.py:84} INFO - Running: ['airflow', 'tasks', 'run', 'date_time_example', 'wait_until_new_year', 'scheduled__2023-11-01T00:04:00+00:00', '--job-id', '2217', '--raw', '--subdir', 'DAGS_FOLDER/dataTimeSensor.py', '--cfg-path', '/tmp/tmpdfukea7j']
[2023-11-01T09:56:27.498+0530] {standard_task_runner.py:85} INFO - Job 2217: Subtask wait_until_new_year
[2023-11-01T09:56:27.522+0530] {task_command.py:415} INFO - Running <TaskInstance: date_time_example.wait_until_new_year scheduled__2023-11-01T00:04:00+00:00 [running]> on host harika-Latitude-5511
[2023-11-01T09:56:27.574+0530] {taskinstance.py:1660} INFO - Exporting env vars: AIRFLOW_CTX_DAG_OWNER='airflow' AIRFLOW_CTX_DAG_ID='date_time_example' AIRFLOW_CTX_TASK_ID='wait_until_new_year' AIRFLOW_CTX_EXECUTION_DATE='2023-11-01T00:04:00+00:00' AIRFLOW_CTX_TRY_NUMBER='1' AIRFLOW_CTX_DAG_RUN_ID='scheduled__2023-11-01T00:04:00+00:00'
[2023-11-01T09:56:27.578+0530] {date_time.py:74} INFO - Checking if the time (2023-11-01T09:52:00) has come
[2023-11-01T09:56:27.669+0530] {taskinstance.py:1895} INFO - Rescheduling task, marking task as UP_FOR_RESCHEDULE
[2023-11-01T09:56:27.708+0530] {local_task_job_runner.py:228} INFO - Task exited with return code 0
[2023-11-01T09:56:27.719+0530] {taskinstance.py:2776} INFO - 0 downstream tasks scheduled from follow-on schedule check
[2023-11-01T09:57:29.404+0530] {taskinstance.py:1157} INFO - Dependencies all met for dep_context=non-requeueable deps ti=<TaskInstance: date_time_example.wait_until_new_year scheduled__2023-11-01T00:04:00+00:00 [queued]>
[2023-11-01T09:57:29.409+0530] {taskinstance.py:1157} INFO - Dependencies all met for dep_context=requeueable deps ti=<TaskInstance: date_time_example.wait_until_new_year scheduled__2023-11-01T00:04:00+00:00 [queued]>
[2023-11-01T09:57:29.409+0530] {taskinstance.py:1359} INFO - Starting attempt 1 of 1
[2023-11-01T09:57:29.421+0530] {taskinstance.py:1380} INFO - Executing <Task(DateTimeSensor): wait_until_new_year> on 2023-11-01 00:04:00+00:00
[2023-11-01T09:57:29.424+0530] {standard_task_runner.py:57} INFO - Started process 929138 to run task
[2023-11-01T09:57:29.426+0530] {standard_task_runner.py:84} INFO - Running: ['airflow', 'tasks', 'run', 'date_time_example', 'wait_until_new_year', 'scheduled__2023-11-01T00:04:00+00:00', '--job-id', '2233', '--raw', '--subdir', 'DAGS_FOLDER/dataTimeSensor.py', '--cfg-path', '/tmp/tmpxcw6m58r']
[2023-11-01T09:57:29.426+0530] {standard_task_runner.py:85} INFO - Job 2233: Subtask wait_until_new_year
[2023-11-01T09:57:29.453+0530] {task_command.py:415} INFO - Running <TaskInstance: date_time_example.wait_until_new_year scheduled__2023-11-01T00:04:00+00:00 [running]> on host harika-Latitude-5511
[2023-11-01T09:57:29.501+0530] {taskinstance.py:1660} INFO - Exporting env vars: AIRFLOW_CTX_DAG_OWNER='airflow' AIRFLOW_CTX_DAG_ID='date_time_example' AIRFLOW_CTX_TASK_ID='wait_until_new_year' AIRFLOW_CTX_EXECUTION_DATE='2023-11-01T00:04:00+00:00' AIRFLOW_CTX_TRY_NUMBER='1' AIRFLOW_CTX_DAG_RUN_ID='scheduled__2023-11-01T00:04:00+00:00'
[2023-11-01T09:57:29.505+0530] {date_time.py:74} INFO - Checking if the time (2023-11-01T09:52:00) has come
[2023-11-01T09:57:29.598+0530] {taskinstance.py:1895} INFO - Rescheduling task, marking task as UP_FOR_RESCHEDULE
[2023-11-01T09:57:29.638+0530] {local_task_job_runner.py:228} INFO - Task exited with return code 0
[2023-11-01T09:57:29.668+0530] {taskinstance.py:2776} INFO - 0 downstream tasks scheduled from follow-on schedule check
[2023-11-01T09:58:32.057+0530] {taskinstance.py:1157} INFO - Dependencies all met for dep_context=non-requeueable deps ti=<TaskInstance: date_time_example.wait_until_new_year scheduled__2023-11-01T00:04:00+00:00 [queued]>
[2023-11-01T09:58:32.063+0530] {taskinstance.py:1157} INFO - Dependencies all met for dep_context=requeueable deps ti=<TaskInstance: date_time_example.wait_until_new_year scheduled__2023-11-01T00:04:00+00:00 [queued]>
[2023-11-01T09:58:32.063+0530] {taskinstance.py:1359} INFO - Starting attempt 1 of 1
[2023-11-01T09:58:32.074+0530] {taskinstance.py:1380} INFO - Executing <Task(DateTimeSensor): wait_until_new_year> on 2023-11-01 00:04:00+00:00
[2023-11-01T09:58:32.077+0530] {standard_task_runner.py:57} INFO - Started process 930534 to run task
[2023-11-01T09:58:32.079+0530] {standard_task_runner.py:84} INFO - Running: ['airflow', 'tasks', 'run', 'date_time_example', 'wait_until_new_year', 'scheduled__2023-11-01T00:04:00+00:00', '--job-id', '2249', '--raw', '--subdir', 'DAGS_FOLDER/dataTimeSensor.py', '--cfg-path', '/tmp/tmpmnuupfxf']
[2023-11-01T09:58:32.080+0530] {standard_task_runner.py:85} INFO - Job 2249: Subtask wait_until_new_year
[2023-11-01T09:58:32.105+0530] {task_command.py:415} INFO - Running <TaskInstance: date_time_example.wait_until_new_year scheduled__2023-11-01T00:04:00+00:00 [running]> on host harika-Latitude-5511
[2023-11-01T09:58:32.156+0530] {taskinstance.py:1660} INFO - Exporting env vars: AIRFLOW_CTX_DAG_OWNER='airflow' AIRFLOW_CTX_DAG_ID='date_time_example' AIRFLOW_CTX_TASK_ID='wait_until_new_year' AIRFLOW_CTX_EXECUTION_DATE='2023-11-01T00:04:00+00:00' AIRFLOW_CTX_TRY_NUMBER='1' AIRFLOW_CTX_DAG_RUN_ID='scheduled__2023-11-01T00:04:00+00:00'
[2023-11-01T09:58:32.161+0530] {date_time.py:74} INFO - Checking if the time (2023-11-01T09:52:00) has come
[2023-11-01T09:58:32.258+0530] {taskinstance.py:1895} INFO - Rescheduling task, marking task as UP_FOR_RESCHEDULE
[2023-11-01T09:58:32.291+0530] {local_task_job_runner.py:228} INFO - Task exited with return code 0
[2023-11-01T09:58:32.302+0530] {taskinstance.py:2776} INFO - 0 downstream tasks scheduled from follow-on schedule check
[2023-11-01T09:59:34.389+0530] {taskinstance.py:1157} INFO - Dependencies all met for dep_context=non-requeueable deps ti=<TaskInstance: date_time_example.wait_until_new_year scheduled__2023-11-01T00:04:00+00:00 [queued]>
[2023-11-01T09:59:34.396+0530] {taskinstance.py:1157} INFO - Dependencies all met for dep_context=requeueable deps ti=<TaskInstance: date_time_example.wait_until_new_year scheduled__2023-11-01T00:04:00+00:00 [queued]>
[2023-11-01T09:59:34.397+0530] {taskinstance.py:1359} INFO - Starting attempt 1 of 1
[2023-11-01T09:59:34.412+0530] {taskinstance.py:1380} INFO - Executing <Task(DateTimeSensor): wait_until_new_year> on 2023-11-01 00:04:00+00:00
[2023-11-01T09:59:34.417+0530] {standard_task_runner.py:57} INFO - Started process 931980 to run task
[2023-11-01T09:59:34.420+0530] {standard_task_runner.py:84} INFO - Running: ['airflow', 'tasks', 'run', 'date_time_example', 'wait_until_new_year', 'scheduled__2023-11-01T00:04:00+00:00', '--job-id', '2265', '--raw', '--subdir', 'DAGS_FOLDER/dataTimeSensor.py', '--cfg-path', '/tmp/tmp4vnsuyjk']
[2023-11-01T09:59:34.421+0530] {standard_task_runner.py:85} INFO - Job 2265: Subtask wait_until_new_year
[2023-11-01T09:59:34.455+0530] {task_command.py:415} INFO - Running <TaskInstance: date_time_example.wait_until_new_year scheduled__2023-11-01T00:04:00+00:00 [running]> on host harika-Latitude-5511
[2023-11-01T09:59:34.503+0530] {taskinstance.py:1660} INFO - Exporting env vars: AIRFLOW_CTX_DAG_OWNER='airflow' AIRFLOW_CTX_DAG_ID='date_time_example' AIRFLOW_CTX_TASK_ID='wait_until_new_year' AIRFLOW_CTX_EXECUTION_DATE='2023-11-01T00:04:00+00:00' AIRFLOW_CTX_TRY_NUMBER='1' AIRFLOW_CTX_DAG_RUN_ID='scheduled__2023-11-01T00:04:00+00:00'
[2023-11-01T09:59:34.507+0530] {date_time.py:74} INFO - Checking if the time (2023-11-01T09:52:00) has come
[2023-11-01T09:59:34.595+0530] {taskinstance.py:1895} INFO - Rescheduling task, marking task as UP_FOR_RESCHEDULE
[2023-11-01T09:59:34.631+0530] {local_task_job_runner.py:228} INFO - Task exited with return code 0
[2023-11-01T09:59:34.642+0530] {taskinstance.py:2776} INFO - 0 downstream tasks scheduled from follow-on schedule check
