[2023-11-06T15:51:00.349+0530] {taskinstance.py:1157} INFO - Dependencies all met for dep_context=non-requeueable deps ti=<TaskInstance: hooks_demo.transfer manual__2023-11-06T10:20:55.525502+00:00 [queued]>
[2023-11-06T15:51:00.353+0530] {taskinstance.py:1157} INFO - Dependencies all met for dep_context=requeueable deps ti=<TaskInstance: hooks_demo.transfer manual__2023-11-06T10:20:55.525502+00:00 [queued]>
[2023-11-06T15:51:00.353+0530] {taskinstance.py:1359} INFO - Starting attempt 1 of 2
[2023-11-06T15:51:00.362+0530] {taskinstance.py:1380} INFO - Executing <Task(PythonOperator): transfer> on 2023-11-06 10:20:55.525502+00:00
[2023-11-06T15:51:00.365+0530] {standard_task_runner.py:57} INFO - Started process 43828 to run task
[2023-11-06T15:51:00.367+0530] {standard_task_runner.py:84} INFO - Running: ['airflow', 'tasks', 'run', 'hooks_demo', 'transfer', 'manual__2023-11-06T10:20:55.525502+00:00', '--job-id', '4325', '--raw', '--subdir', 'DAGS_FOLDER/hooks.py', '--cfg-path', '/tmp/tmpoxyvuvht']
[2023-11-06T15:51:00.367+0530] {standard_task_runner.py:85} INFO - Job 4325: Subtask transfer
[2023-11-06T15:51:00.388+0530] {task_command.py:415} INFO - Running <TaskInstance: hooks_demo.transfer manual__2023-11-06T10:20:55.525502+00:00 [running]> on host harika-Latitude-5511
[2023-11-06T15:51:00.524+0530] {taskinstance.py:1660} INFO - Exporting env vars: AIRFLOW_CTX_DAG_OWNER='Airflow' AIRFLOW_CTX_DAG_ID='hooks_demo' AIRFLOW_CTX_TASK_ID='transfer' AIRFLOW_CTX_EXECUTION_DATE='2023-11-06T10:20:55.525502+00:00' AIRFLOW_CTX_TRY_NUMBER='1' AIRFLOW_CTX_DAG_RUN_ID='manual__2023-11-06T10:20:55.525502+00:00'
[2023-11-06T15:51:00.529+0530] {base.py:73} INFO - Using connection ID 'postgres_conn' for task execution.
[2023-11-06T15:51:00.543+0530] {base.py:73} INFO - Using connection ID 'postgres_conn' for task execution.
[2023-11-06T15:51:00.553+0530] {taskinstance.py:1935} ERROR - Task failed with exception
Traceback (most recent call last):
  File "/home/harika/.local/lib/python3.10/site-packages/airflow/operators/python.py", line 192, in execute
    return_value = self.execute_callable()
  File "/home/harika/.local/lib/python3.10/site-packages/airflow/operators/python.py", line 209, in execute_callable
    return self.python_callable(*self.op_args, **self.op_kwargs)
  File "/home/harika/airflow/dags/hooks.py", line 32, in transfer_function
    execute_values(destination_cursor, "insert into target_city_table values %s", records)
  File "/home/harika/.local/lib/python3.10/site-packages/psycopg2/extras.py", line 1299, in execute_values
    cur.execute(b''.join(parts))
psycopg2.errors.UndefinedTable: relation "target_city_table" does not exist
LINE 1: insert into target_city_table values (ARRAY['Chicago'],ARRAY...
                    ^

[2023-11-06T15:51:00.556+0530] {taskinstance.py:1398} INFO - Marking task as UP_FOR_RETRY. dag_id=hooks_demo, task_id=transfer, execution_date=20231106T102055, start_date=20231106T102100, end_date=20231106T102100
[2023-11-06T15:51:00.562+0530] {standard_task_runner.py:104} ERROR - Failed to execute job 4325 for task transfer (relation "target_city_table" does not exist
LINE 1: insert into target_city_table values (ARRAY['Chicago'],ARRAY...
                    ^
; 43828)
[2023-11-06T15:51:00.579+0530] {local_task_job_runner.py:228} INFO - Task exited with return code 1
[2023-11-06T15:51:00.587+0530] {taskinstance.py:2776} INFO - 0 downstream tasks scheduled from follow-on schedule check
