[2023-11-08T12:30:24.225+0530] {taskinstance.py:1157} INFO - Dependencies all met for dep_context=non-requeueable deps ti=<TaskInstance: date_time_sensor.wait_until_time manual__2023-11-08T07:00:21.123313+00:00 [queued]>
[2023-11-08T12:30:24.230+0530] {taskinstance.py:1157} INFO - Dependencies all met for dep_context=requeueable deps ti=<TaskInstance: date_time_sensor.wait_until_time manual__2023-11-08T07:00:21.123313+00:00 [queued]>
[2023-11-08T12:30:24.230+0530] {taskinstance.py:1359} INFO - Starting attempt 1 of 1
[2023-11-08T12:30:24.239+0530] {taskinstance.py:1380} INFO - Executing <Task(DateTimeSensor): wait_until_time> on 2023-11-08 07:00:21.123313+00:00
[2023-11-08T12:30:24.242+0530] {standard_task_runner.py:57} INFO - Started process 123398 to run task
[2023-11-08T12:30:24.244+0530] {standard_task_runner.py:84} INFO - Running: ['airflow', 'tasks', 'run', 'date_time_sensor', 'wait_until_time', 'manual__2023-11-08T07:00:21.123313+00:00', '--job-id', '4487', '--raw', '--subdir', 'DAGS_FOLDER/dataTimeSensor.py', '--cfg-path', '/tmp/tmp8uqaxaw8']
[2023-11-08T12:30:24.245+0530] {standard_task_runner.py:85} INFO - Job 4487: Subtask wait_until_time
[2023-11-08T12:30:24.266+0530] {task_command.py:415} INFO - Running <TaskInstance: date_time_sensor.wait_until_time manual__2023-11-08T07:00:21.123313+00:00 [running]> on host harika-Latitude-5511
[2023-11-08T12:30:24.311+0530] {taskinstance.py:1660} INFO - Exporting env vars: AIRFLOW_CTX_DAG_OWNER='airflow' AIRFLOW_CTX_DAG_ID='date_time_sensor' AIRFLOW_CTX_TASK_ID='wait_until_time' AIRFLOW_CTX_EXECUTION_DATE='2023-11-08T07:00:21.123313+00:00' AIRFLOW_CTX_TRY_NUMBER='1' AIRFLOW_CTX_DAG_RUN_ID='manual__2023-11-08T07:00:21.123313+00:00'
[2023-11-08T12:30:24.315+0530] {date_time.py:74} INFO - Checking if the time (2023-11-08T07:01:00) has come
[2023-11-08T12:30:24.397+0530] {taskinstance.py:1895} INFO - Rescheduling task, marking task as UP_FOR_RESCHEDULE
[2023-11-08T12:30:24.416+0530] {local_task_job_runner.py:228} INFO - Task exited with return code 0
[2023-11-08T12:30:24.426+0530] {taskinstance.py:2776} INFO - 0 downstream tasks scheduled from follow-on schedule check
[2023-11-08T12:31:25.738+0530] {taskinstance.py:1157} INFO - Dependencies all met for dep_context=non-requeueable deps ti=<TaskInstance: date_time_sensor.wait_until_time manual__2023-11-08T07:00:21.123313+00:00 [queued]>
[2023-11-08T12:31:25.744+0530] {taskinstance.py:1157} INFO - Dependencies all met for dep_context=requeueable deps ti=<TaskInstance: date_time_sensor.wait_until_time manual__2023-11-08T07:00:21.123313+00:00 [queued]>
[2023-11-08T12:31:25.744+0530] {taskinstance.py:1359} INFO - Starting attempt 1 of 1
[2023-11-08T12:31:25.754+0530] {taskinstance.py:1380} INFO - Executing <Task(DateTimeSensor): wait_until_time> on 2023-11-08 07:00:21.123313+00:00
[2023-11-08T12:31:25.756+0530] {standard_task_runner.py:57} INFO - Started process 123496 to run task
[2023-11-08T12:31:25.758+0530] {standard_task_runner.py:84} INFO - Running: ['airflow', 'tasks', 'run', 'date_time_sensor', 'wait_until_time', 'manual__2023-11-08T07:00:21.123313+00:00', '--job-id', '4488', '--raw', '--subdir', 'DAGS_FOLDER/dataTimeSensor.py', '--cfg-path', '/tmp/tmp34jzk162']
[2023-11-08T12:31:25.759+0530] {standard_task_runner.py:85} INFO - Job 4488: Subtask wait_until_time
[2023-11-08T12:31:25.780+0530] {task_command.py:415} INFO - Running <TaskInstance: date_time_sensor.wait_until_time manual__2023-11-08T07:00:21.123313+00:00 [running]> on host harika-Latitude-5511
[2023-11-08T12:31:25.831+0530] {taskinstance.py:1660} INFO - Exporting env vars: AIRFLOW_CTX_DAG_OWNER='airflow' AIRFLOW_CTX_DAG_ID='date_time_sensor' AIRFLOW_CTX_TASK_ID='wait_until_time' AIRFLOW_CTX_EXECUTION_DATE='2023-11-08T07:00:21.123313+00:00' AIRFLOW_CTX_TRY_NUMBER='1' AIRFLOW_CTX_DAG_RUN_ID='manual__2023-11-08T07:00:21.123313+00:00'
[2023-11-08T12:31:25.836+0530] {date_time.py:74} INFO - Checking if the time (2023-11-08T07:01:00) has come
[2023-11-08T12:31:25.836+0530] {base.py:287} INFO - Success criteria met. Exiting.
[2023-11-08T12:31:25.841+0530] {taskinstance.py:1398} INFO - Marking task as SUCCESS. dag_id=date_time_sensor, task_id=wait_until_time, execution_date=20231108T070021, start_date=20231108T070125, end_date=20231108T070125
[2023-11-08T12:31:25.970+0530] {local_task_job_runner.py:228} INFO - Task exited with return code 0
[2023-11-08T12:31:25.980+0530] {taskinstance.py:2776} INFO - 0 downstream tasks scheduled from follow-on schedule check
