[2023-10-18T17:23:02.598+0530] {taskinstance.py:1157} INFO - Dependencies all met for dep_context=non-requeueable deps ti=<TaskInstance: hello_emailOperator.send_email scheduled__2023-10-18T11:52:00+00:00 [queued]>
[2023-10-18T17:23:02.602+0530] {taskinstance.py:1157} INFO - Dependencies all met for dep_context=requeueable deps ti=<TaskInstance: hello_emailOperator.send_email scheduled__2023-10-18T11:52:00+00:00 [queued]>
[2023-10-18T17:23:02.602+0530] {taskinstance.py:1359} INFO - Starting attempt 1 of 1
[2023-10-18T17:23:02.610+0530] {taskinstance.py:1380} INFO - Executing <Task(EmailOperator): send_email> on 2023-10-18 11:52:00+00:00
[2023-10-18T17:23:02.612+0530] {standard_task_runner.py:57} INFO - Started process 86284 to run task
[2023-10-18T17:23:02.614+0530] {standard_task_runner.py:84} INFO - Running: ['airflow', 'tasks', 'run', 'hello_emailOperator', 'send_email', 'scheduled__2023-10-18T11:52:00+00:00', '--job-id', '484', '--raw', '--subdir', 'DAGS_FOLDER/hello_emailOperator.py', '--cfg-path', '/tmp/tmpil9_4m3_']
[2023-10-18T17:23:02.614+0530] {standard_task_runner.py:85} INFO - Job 484: Subtask send_email
[2023-10-18T17:23:02.637+0530] {task_command.py:415} INFO - Running <TaskInstance: hello_emailOperator.send_email scheduled__2023-10-18T11:52:00+00:00 [running]> on host harika-Latitude-5511
[2023-10-18T17:23:02.677+0530] {taskinstance.py:1660} INFO - Exporting env vars: AIRFLOW_CTX_DAG_OWNER='peter' AIRFLOW_CTX_DAG_ID='hello_emailOperator' AIRFLOW_CTX_TASK_ID='send_email' AIRFLOW_CTX_EXECUTION_DATE='2023-10-18T11:52:00+00:00' AIRFLOW_CTX_TRY_NUMBER='1' AIRFLOW_CTX_DAG_RUN_ID='scheduled__2023-10-18T11:52:00+00:00'
[2023-10-18T17:23:02.685+0530] {logging_mixin.py:151} WARNING - /home/harika/.local/lib/python3.10/site-packages/airflow/utils/email.py:154 RemovedInAirflow3Warning: Fetching SMTP credentials from configuration variables will be deprecated in a future release. Please set credentials using a connection instead.
[2023-10-18T17:23:02.685+0530] {email.py:270} INFO - Email alerting: attempt 1
[2023-10-18T17:23:02.686+0530] {taskinstance.py:1935} ERROR - Task failed with exception
Traceback (most recent call last):
  File "/home/harika/.local/lib/python3.10/site-packages/airflow/operators/email.py", line 77, in execute
    send_email(
  File "/home/harika/.local/lib/python3.10/site-packages/airflow/utils/email.py", line 80, in send_email
    return backend(
  File "/home/harika/.local/lib/python3.10/site-packages/airflow/utils/email.py", line 154, in send_email_smtp
    send_mime_email(e_from=mail_from, e_to=recipients, mime_msg=msg, conn_id=conn_id, dryrun=dryrun)
  File "/home/harika/.local/lib/python3.10/site-packages/airflow/utils/email.py", line 272, in send_mime_email
    smtp_conn = _get_smtp_connection(smtp_host, smtp_port, smtp_timeout, smtp_ssl)
  File "/home/harika/.local/lib/python3.10/site-packages/airflow/utils/email.py", line 317, in _get_smtp_connection
    return smtplib.SMTP(host=host, port=port, timeout=timeout)
  File "/usr/lib/python3.10/smtplib.py", line 255, in __init__
    (code, msg) = self.connect(host, port)
  File "/usr/lib/python3.10/smtplib.py", line 341, in connect
    self.sock = self._get_socket(host, port, self.timeout)
  File "/usr/lib/python3.10/smtplib.py", line 312, in _get_socket
    return socket.create_connection((host, port), timeout,
  File "/usr/lib/python3.10/socket.py", line 824, in create_connection
    for res in getaddrinfo(host, port, 0, SOCK_STREAM):
  File "/usr/lib/python3.10/socket.py", line 955, in getaddrinfo
    for res in _socket.getaddrinfo(host, port, family, type, proto, flags):
socket.gaierror: [Errno -2] Name or service not known
[2023-10-18T17:23:02.688+0530] {taskinstance.py:1398} INFO - Marking task as FAILED. dag_id=hello_emailOperator, task_id=send_email, execution_date=20231018T115200, start_date=20231018T115302, end_date=20231018T115302
[2023-10-18T17:23:02.695+0530] {standard_task_runner.py:104} ERROR - Failed to execute job 484 for task send_email ([Errno -2] Name or service not known; 86284)
[2023-10-18T17:23:02.706+0530] {local_task_job_runner.py:228} INFO - Task exited with return code 1
[2023-10-18T17:23:02.718+0530] {taskinstance.py:2776} INFO - 0 downstream tasks scheduled from follow-on schedule check
