[2023-10-19T15:11:04.083+0530] {taskinstance.py:1157} INFO - Dependencies all met for dep_context=non-requeueable deps ti=<TaskInstance: wikipedia_dag.send_processed_file_as_email manual__2023-10-19T09:35:41.049775+00:00 [queued]>
[2023-10-19T15:11:04.087+0530] {taskinstance.py:1157} INFO - Dependencies all met for dep_context=requeueable deps ti=<TaskInstance: wikipedia_dag.send_processed_file_as_email manual__2023-10-19T09:35:41.049775+00:00 [queued]>
[2023-10-19T15:11:04.087+0530] {taskinstance.py:1359} INFO - Starting attempt 2 of 2
[2023-10-19T15:11:04.097+0530] {taskinstance.py:1380} INFO - Executing <Task(PythonOperator): send_processed_file_as_email> on 2023-10-19 09:35:41.049775+00:00
[2023-10-19T15:11:04.099+0530] {standard_task_runner.py:57} INFO - Started process 110175 to run task
[2023-10-19T15:11:04.101+0530] {standard_task_runner.py:84} INFO - Running: ['airflow', 'tasks', 'run', 'wikipedia_dag', 'send_processed_file_as_email', 'manual__2023-10-19T09:35:41.049775+00:00', '--job-id', '689', '--raw', '--subdir', 'DAGS_FOLDER/word_count.py', '--cfg-path', '/tmp/tmpveme4xp3']
[2023-10-19T15:11:04.101+0530] {standard_task_runner.py:85} INFO - Job 689: Subtask send_processed_file_as_email
[2023-10-19T15:11:04.122+0530] {task_command.py:415} INFO - Running <TaskInstance: wikipedia_dag.send_processed_file_as_email manual__2023-10-19T09:35:41.049775+00:00 [running]> on host harika-Latitude-5511
[2023-10-19T15:11:04.156+0530] {taskinstance.py:1660} INFO - Exporting env vars: AIRFLOW_CTX_DAG_EMAIL='harikasree2225@gmail.com' AIRFLOW_CTX_DAG_OWNER='airflow' AIRFLOW_CTX_DAG_ID='wikipedia_dag' AIRFLOW_CTX_TASK_ID='send_processed_file_as_email' AIRFLOW_CTX_EXECUTION_DATE='2023-10-19T09:35:41.049775+00:00' AIRFLOW_CTX_TRY_NUMBER='2' AIRFLOW_CTX_DAG_RUN_ID='manual__2023-10-19T09:35:41.049775+00:00'
[2023-10-19T15:11:04.160+0530] {logging_mixin.py:151} INFO - Input file location: /home/harika/wikidata/Artificial intelligence/content.txt
[2023-10-19T15:11:04.160+0530] {logging_mixin.py:151} INFO - Output file location: /home/harika/wikidata/Artificial intelligence/content_counts.csv
[2023-10-19T15:11:04.161+0530] {taskinstance.py:1935} ERROR - Task failed with exception
Traceback (most recent call last):
  File "/home/harika/.local/lib/python3.10/site-packages/airflow/operators/python.py", line 192, in execute
    return_value = self.execute_callable()
  File "/home/harika/.local/lib/python3.10/site-packages/airflow/operators/python.py", line 209, in execute_callable
    return self.python_callable(*self.op_args, **self.op_kwargs)
  File "/home/harika/airflow/dags/word_count.py", line 67, in send_processed_file_as_email
    processed_email_task.execute(context)
  File "/home/harika/.local/lib/python3.10/site-packages/airflow/operators/email.py", line 77, in execute
    send_email(
  File "/home/harika/.local/lib/python3.10/site-packages/airflow/utils/email.py", line 80, in send_email
    return backend(
  File "/home/harika/.local/lib/python3.10/site-packages/airflow/utils/email.py", line 141, in send_email_smtp
    msg, recipients = build_mime_message(
  File "/home/harika/.local/lib/python3.10/site-packages/airflow/utils/email.py", line 208, in build_mime_message
    with open(fname, "rb") as file:
FileNotFoundError: [Errno 2] No such file or directory: '/home/harika/wikidata/Artificial intelligence/content_counts.csv'
[2023-10-19T15:11:04.163+0530] {taskinstance.py:1398} INFO - Marking task as FAILED. dag_id=wikipedia_dag, task_id=send_processed_file_as_email, execution_date=20231019T093541, start_date=20231019T094104, end_date=20231019T094104
[2023-10-19T15:11:04.174+0530] {logging_mixin.py:151} WARNING - /home/harika/.local/lib/python3.10/site-packages/airflow/utils/email.py:154 RemovedInAirflow3Warning: Fetching SMTP credentials from configuration variables will be deprecated in a future release. Please set credentials using a connection instead.
[2023-10-19T15:11:04.174+0530] {email.py:270} INFO - Email alerting: attempt 1
[2023-10-19T15:11:06.267+0530] {email.py:282} INFO - Sent an alert email to ['harikasree2225@gmail.com']
[2023-10-19T15:11:08.333+0530] {standard_task_runner.py:104} ERROR - Failed to execute job 689 for task send_processed_file_as_email ([Errno 2] No such file or directory: '/home/harika/wikidata/Artificial intelligence/content_counts.csv'; 110175)
[2023-10-19T15:11:08.378+0530] {local_task_job_runner.py:228} INFO - Task exited with return code 1
[2023-10-19T15:11:08.391+0530] {taskinstance.py:2776} INFO - 0 downstream tasks scheduled from follow-on schedule check
