[2023-11-16T11:33:47.897+0530] {taskinstance.py:1157} INFO - Dependencies all met for dep_context=non-requeueable deps ti=<TaskInstance: hooks_demo.tables scheduled__2023-11-14T00:00:00+00:00 [queued]>
[2023-11-16T11:33:47.901+0530] {taskinstance.py:1157} INFO - Dependencies all met for dep_context=requeueable deps ti=<TaskInstance: hooks_demo.tables scheduled__2023-11-14T00:00:00+00:00 [queued]>
[2023-11-16T11:33:47.901+0530] {taskinstance.py:1359} INFO - Starting attempt 1 of 2
[2023-11-16T11:33:47.911+0530] {taskinstance.py:1380} INFO - Executing <Task(PythonOperator): tables> on 2023-11-14 00:00:00+00:00
[2023-11-16T11:33:47.914+0530] {standard_task_runner.py:57} INFO - Started process 114245 to run task
[2023-11-16T11:33:47.916+0530] {standard_task_runner.py:84} INFO - Running: ['airflow', 'tasks', 'run', 'hooks_demo', 'tables', 'scheduled__2023-11-14T00:00:00+00:00', '--job-id', '4648', '--raw', '--subdir', 'DAGS_FOLDER/hooks.py', '--cfg-path', '/tmp/tmplytbl_uh']
[2023-11-16T11:33:47.917+0530] {standard_task_runner.py:85} INFO - Job 4648: Subtask tables
[2023-11-16T11:33:47.940+0530] {task_command.py:415} INFO - Running <TaskInstance: hooks_demo.tables scheduled__2023-11-14T00:00:00+00:00 [running]> on host harika-Latitude-5511
[2023-11-16T11:33:48.075+0530] {taskinstance.py:1660} INFO - Exporting env vars: AIRFLOW_CTX_DAG_OWNER='Airflow' AIRFLOW_CTX_DAG_ID='hooks_demo' AIRFLOW_CTX_TASK_ID='tables' AIRFLOW_CTX_EXECUTION_DATE='2023-11-14T00:00:00+00:00' AIRFLOW_CTX_TRY_NUMBER='1' AIRFLOW_CTX_DAG_RUN_ID='scheduled__2023-11-14T00:00:00+00:00'
[2023-11-16T11:33:48.079+0530] {base.py:73} INFO - Using connection ID 'postgres_conn' for task execution.
[2023-11-16T11:33:48.089+0530] {logging_mixin.py:151} INFO - SELECT table_name FROM information_schema.tables WHERE table_schema = 'public'
[2023-11-16T11:33:48.092+0530] {logging_mixin.py:151} INFO - query executed
[2023-11-16T11:33:48.092+0530] {logging_mixin.py:151} INFO - ['source_city_table', 'target_city_table'] table_names
[2023-11-16T11:33:48.092+0530] {logging_mixin.py:151} INFO - ###################################
[2023-11-16T11:33:48.092+0530] {logging_mixin.py:151} INFO - source_city_table tablename
[2023-11-16T11:33:48.092+0530] {logging_mixin.py:151} INFO - ###################################
[2023-11-16T11:33:48.092+0530] {logging_mixin.py:151} INFO - target_city_table tablename
[2023-11-16T11:33:48.092+0530] {python.py:194} INFO - Done. Returned value was: None
[2023-11-16T11:33:48.096+0530] {taskinstance.py:1398} INFO - Marking task as SUCCESS. dag_id=hooks_demo, task_id=tables, execution_date=20231114T000000, start_date=20231116T060347, end_date=20231116T060348
[2023-11-16T11:33:48.128+0530] {local_task_job_runner.py:228} INFO - Task exited with return code 0
[2023-11-16T11:33:48.140+0530] {taskinstance.py:2776} INFO - 1 downstream tasks scheduled from follow-on schedule check
[2023-11-16T16:07:28.383+0530] {taskinstance.py:1157} INFO - Dependencies all met for dep_context=non-requeueable deps ti=<TaskInstance: hooks_demo.tables scheduled__2023-11-14T00:00:00+00:00 [queued]>
[2023-11-16T16:07:28.388+0530] {taskinstance.py:1157} INFO - Dependencies all met for dep_context=requeueable deps ti=<TaskInstance: hooks_demo.tables scheduled__2023-11-14T00:00:00+00:00 [queued]>
[2023-11-16T16:07:28.388+0530] {taskinstance.py:1359} INFO - Starting attempt 1 of 2
[2023-11-16T16:07:28.398+0530] {taskinstance.py:1380} INFO - Executing <Task(PythonOperator): tables> on 2023-11-14 00:00:00+00:00
[2023-11-16T16:07:28.403+0530] {standard_task_runner.py:57} INFO - Started process 147056 to run task
[2023-11-16T16:07:28.405+0530] {standard_task_runner.py:84} INFO - Running: ['airflow', 'tasks', 'run', 'hooks_demo', 'tables', 'scheduled__2023-11-14T00:00:00+00:00', '--job-id', '4734', '--raw', '--subdir', 'DAGS_FOLDER/hooks_demo.py', '--cfg-path', '/tmp/tmpsjujca0z']
[2023-11-16T16:07:28.406+0530] {standard_task_runner.py:85} INFO - Job 4734: Subtask tables
[2023-11-16T16:07:28.430+0530] {task_command.py:415} INFO - Running <TaskInstance: hooks_demo.tables scheduled__2023-11-14T00:00:00+00:00 [running]> on host harika-Latitude-5511
[2023-11-16T16:07:28.572+0530] {taskinstance.py:1660} INFO - Exporting env vars: AIRFLOW_CTX_DAG_OWNER='Airflow' AIRFLOW_CTX_DAG_ID='hooks_demo' AIRFLOW_CTX_TASK_ID='tables' AIRFLOW_CTX_EXECUTION_DATE='2023-11-14T00:00:00+00:00' AIRFLOW_CTX_TRY_NUMBER='1' AIRFLOW_CTX_DAG_RUN_ID='scheduled__2023-11-14T00:00:00+00:00'
[2023-11-16T16:07:28.576+0530] {base.py:73} INFO - Using connection ID 'postgres_conn' for task execution.
[2023-11-16T16:07:28.588+0530] {logging_mixin.py:151} INFO - SELECT table_name FROM information_schema.tables WHERE table_schema = 'public'
[2023-11-16T16:07:28.590+0530] {logging_mixin.py:151} INFO - query executed
[2023-11-16T16:07:28.591+0530] {logging_mixin.py:151} INFO - ['source_city_table', 'target_city_table'] table_names
[2023-11-16T16:07:28.591+0530] {logging_mixin.py:151} INFO - ###################################
[2023-11-16T16:07:28.591+0530] {logging_mixin.py:151} INFO - source_city_table tablename
[2023-11-16T16:07:28.591+0530] {logging_mixin.py:151} INFO - ###################################
[2023-11-16T16:07:28.591+0530] {logging_mixin.py:151} INFO - target_city_table tablename
[2023-11-16T16:07:28.591+0530] {python.py:194} INFO - Done. Returned value was: None
[2023-11-16T16:07:28.595+0530] {taskinstance.py:1398} INFO - Marking task as SUCCESS. dag_id=hooks_demo, task_id=tables, execution_date=20231114T000000, start_date=20231116T103728, end_date=20231116T103728
[2023-11-16T16:07:28.617+0530] {local_task_job_runner.py:228} INFO - Task exited with return code 0
[2023-11-16T16:07:28.650+0530] {taskinstance.py:2776} INFO - 1 downstream tasks scheduled from follow-on schedule check
