[2023-11-08T11:57:59.864+0530] {taskinstance.py:1157} INFO - Dependencies all met for dep_context=non-requeueable deps ti=<TaskInstance: example_sensors.fire_immediately_async manual__2023-11-08T06:26:48.440130+00:00 [queued]>
[2023-11-08T11:57:59.870+0530] {taskinstance.py:1157} INFO - Dependencies all met for dep_context=requeueable deps ti=<TaskInstance: example_sensors.fire_immediately_async manual__2023-11-08T06:26:48.440130+00:00 [queued]>
[2023-11-08T11:57:59.870+0530] {taskinstance.py:1359} INFO - Starting attempt 1 of 1
[2023-11-08T11:57:59.879+0530] {taskinstance.py:1380} INFO - Executing <Task(TimeSensorAsync): fire_immediately_async> on 2023-11-08 06:26:48.440130+00:00
[2023-11-08T11:57:59.882+0530] {standard_task_runner.py:57} INFO - Started process 120438 to run task
[2023-11-08T11:57:59.884+0530] {standard_task_runner.py:84} INFO - Running: ['airflow', 'tasks', 'run', 'example_sensors', 'fire_immediately_async', 'manual__2023-11-08T06:26:48.440130+00:00', '--job-id', '4455', '--raw', '--subdir', '/home/harika/.local/lib/python3.10/site-packages/airflow/example_dags/example_sensors.py', '--cfg-path', '/tmp/tmp7g58845p']
[2023-11-08T11:57:59.885+0530] {standard_task_runner.py:85} INFO - Job 4455: Subtask fire_immediately_async
[2023-11-08T11:57:59.906+0530] {task_command.py:415} INFO - Running <TaskInstance: example_sensors.fire_immediately_async manual__2023-11-08T06:26:48.440130+00:00 [running]> on host harika-Latitude-5511
[2023-11-08T11:57:59.950+0530] {taskinstance.py:1660} INFO - Exporting env vars: AIRFLOW_CTX_DAG_OWNER='airflow' AIRFLOW_CTX_DAG_ID='example_sensors' AIRFLOW_CTX_TASK_ID='fire_immediately_async' AIRFLOW_CTX_EXECUTION_DATE='2023-11-08T06:26:48.440130+00:00' AIRFLOW_CTX_TRY_NUMBER='1' AIRFLOW_CTX_DAG_RUN_ID='manual__2023-11-08T06:26:48.440130+00:00'
[2023-11-08T11:57:59.953+0530] {taskinstance.py:1524} INFO - Pausing task as DEFERRED. dag_id=example_sensors, task_id=fire_immediately_async, execution_date=20231108T062648, start_date=20231108T062759
[2023-11-08T11:57:59.976+0530] {local_task_job_runner.py:225} INFO - Task exited with return code 100 (task deferral)
[2023-11-08T12:01:20.120+0530] {taskinstance.py:1157} INFO - Dependencies all met for dep_context=non-requeueable deps ti=<TaskInstance: example_sensors.fire_immediately_async manual__2023-11-08T06:26:48.440130+00:00 [queued]>
[2023-11-08T12:01:20.125+0530] {taskinstance.py:1157} INFO - Dependencies all met for dep_context=requeueable deps ti=<TaskInstance: example_sensors.fire_immediately_async manual__2023-11-08T06:26:48.440130+00:00 [queued]>
[2023-11-08T12:01:20.125+0530] {taskinstance.py:1357} INFO - Resuming after deferral
[2023-11-08T12:01:20.134+0530] {taskinstance.py:1380} INFO - Executing <Task(TimeSensorAsync): fire_immediately_async> on 2023-11-08 06:26:48.440130+00:00
[2023-11-08T12:01:20.137+0530] {standard_task_runner.py:57} INFO - Started process 120612 to run task
[2023-11-08T12:01:20.139+0530] {standard_task_runner.py:84} INFO - Running: ['airflow', 'tasks', 'run', 'example_sensors', 'fire_immediately_async', 'manual__2023-11-08T06:26:48.440130+00:00', '--job-id', '4464', '--raw', '--subdir', 'DAGS_FOLDER/example_sensors.py', '--cfg-path', '/tmp/tmpd7aeevsx']
[2023-11-08T12:01:20.140+0530] {standard_task_runner.py:85} INFO - Job 4464: Subtask fire_immediately_async
[2023-11-08T12:01:20.161+0530] {task_command.py:415} INFO - Running <TaskInstance: example_sensors.fire_immediately_async manual__2023-11-08T06:26:48.440130+00:00 [running]> on host harika-Latitude-5511
[2023-11-08T12:01:20.205+0530] {taskinstance.py:1398} INFO - Marking task as SUCCESS. dag_id=example_sensors, task_id=fire_immediately_async, execution_date=20231108T062648, start_date=20231108T062759, end_date=20231108T063120
[2023-11-08T12:01:20.231+0530] {local_task_job_runner.py:228} INFO - Task exited with return code 0
[2023-11-08T12:01:20.254+0530] {taskinstance.py:2776} INFO - 0 downstream tasks scheduled from follow-on schedule check
