[2023-11-01T09:50:25.204+0530] {taskinstance.py:1157} INFO - Dependencies all met for dep_context=non-requeueable deps ti=<TaskInstance: date_time_example.wait_until_new_year scheduled__2023-11-01T00:10:00+00:00 [queued]>
[2023-11-01T09:50:25.209+0530] {taskinstance.py:1157} INFO - Dependencies all met for dep_context=requeueable deps ti=<TaskInstance: date_time_example.wait_until_new_year scheduled__2023-11-01T00:10:00+00:00 [queued]>
[2023-11-01T09:50:25.209+0530] {taskinstance.py:1359} INFO - Starting attempt 1 of 1
[2023-11-01T09:50:25.217+0530] {taskinstance.py:1380} INFO - Executing <Task(DateTimeSensor): wait_until_new_year> on 2023-11-01 00:10:00+00:00
[2023-11-01T09:50:25.221+0530] {standard_task_runner.py:57} INFO - Started process 920035 to run task
[2023-11-01T09:50:25.222+0530] {standard_task_runner.py:84} INFO - Running: ['airflow', 'tasks', 'run', 'date_time_example', 'wait_until_new_year', 'scheduled__2023-11-01T00:10:00+00:00', '--job-id', '2123', '--raw', '--subdir', 'DAGS_FOLDER/dataTimeSensor.py', '--cfg-path', '/tmp/tmpiaj7xuf_']
[2023-11-01T09:50:25.223+0530] {standard_task_runner.py:85} INFO - Job 2123: Subtask wait_until_new_year
[2023-11-01T09:50:25.245+0530] {task_command.py:415} INFO - Running <TaskInstance: date_time_example.wait_until_new_year scheduled__2023-11-01T00:10:00+00:00 [running]> on host harika-Latitude-5511
[2023-11-01T09:50:25.289+0530] {taskinstance.py:1660} INFO - Exporting env vars: AIRFLOW_CTX_DAG_OWNER='airflow' AIRFLOW_CTX_DAG_ID='date_time_example' AIRFLOW_CTX_TASK_ID='wait_until_new_year' AIRFLOW_CTX_EXECUTION_DATE='2023-11-01T00:10:00+00:00' AIRFLOW_CTX_TRY_NUMBER='1' AIRFLOW_CTX_DAG_RUN_ID='scheduled__2023-11-01T00:10:00+00:00'
[2023-11-01T09:50:25.292+0530] {date_time.py:74} INFO - Checking if the time (2023-11-01T09:39:00) has come
[2023-11-01T09:50:25.365+0530] {taskinstance.py:1895} INFO - Rescheduling task, marking task as UP_FOR_RESCHEDULE
[2023-11-01T09:50:25.394+0530] {local_task_job_runner.py:228} INFO - Task exited with return code 0
[2023-11-01T09:50:25.418+0530] {taskinstance.py:2776} INFO - 0 downstream tasks scheduled from follow-on schedule check
[2023-11-01T09:51:29.206+0530] {taskinstance.py:1157} INFO - Dependencies all met for dep_context=non-requeueable deps ti=<TaskInstance: date_time_example.wait_until_new_year scheduled__2023-11-01T00:10:00+00:00 [queued]>
[2023-11-01T09:51:29.215+0530] {taskinstance.py:1157} INFO - Dependencies all met for dep_context=requeueable deps ti=<TaskInstance: date_time_example.wait_until_new_year scheduled__2023-11-01T00:10:00+00:00 [queued]>
[2023-11-01T09:51:29.215+0530] {taskinstance.py:1359} INFO - Starting attempt 1 of 1
[2023-11-01T09:51:29.226+0530] {taskinstance.py:1380} INFO - Executing <Task(DateTimeSensor): wait_until_new_year> on 2023-11-01 00:10:00+00:00
[2023-11-01T09:51:29.230+0530] {standard_task_runner.py:57} INFO - Started process 921485 to run task
[2023-11-01T09:51:29.233+0530] {standard_task_runner.py:84} INFO - Running: ['airflow', 'tasks', 'run', 'date_time_example', 'wait_until_new_year', 'scheduled__2023-11-01T00:10:00+00:00', '--job-id', '2139', '--raw', '--subdir', 'DAGS_FOLDER/dataTimeSensor.py', '--cfg-path', '/tmp/tmpnhvt0zvc']
[2023-11-01T09:51:29.234+0530] {standard_task_runner.py:85} INFO - Job 2139: Subtask wait_until_new_year
[2023-11-01T09:51:29.259+0530] {task_command.py:415} INFO - Running <TaskInstance: date_time_example.wait_until_new_year scheduled__2023-11-01T00:10:00+00:00 [running]> on host harika-Latitude-5511
[2023-11-01T09:51:29.314+0530] {taskinstance.py:1660} INFO - Exporting env vars: AIRFLOW_CTX_DAG_OWNER='airflow' AIRFLOW_CTX_DAG_ID='date_time_example' AIRFLOW_CTX_TASK_ID='wait_until_new_year' AIRFLOW_CTX_EXECUTION_DATE='2023-11-01T00:10:00+00:00' AIRFLOW_CTX_TRY_NUMBER='1' AIRFLOW_CTX_DAG_RUN_ID='scheduled__2023-11-01T00:10:00+00:00'
[2023-11-01T09:51:29.318+0530] {date_time.py:74} INFO - Checking if the time (2023-11-01T09:52:00) has come
[2023-11-01T09:51:29.408+0530] {taskinstance.py:1895} INFO - Rescheduling task, marking task as UP_FOR_RESCHEDULE
[2023-11-01T09:51:29.444+0530] {local_task_job_runner.py:228} INFO - Task exited with return code 0
[2023-11-01T09:51:29.454+0530] {taskinstance.py:2776} INFO - 0 downstream tasks scheduled from follow-on schedule check
[2023-11-01T09:52:33.399+0530] {taskinstance.py:1157} INFO - Dependencies all met for dep_context=non-requeueable deps ti=<TaskInstance: date_time_example.wait_until_new_year scheduled__2023-11-01T00:10:00+00:00 [queued]>
[2023-11-01T09:52:33.405+0530] {taskinstance.py:1157} INFO - Dependencies all met for dep_context=requeueable deps ti=<TaskInstance: date_time_example.wait_until_new_year scheduled__2023-11-01T00:10:00+00:00 [queued]>
[2023-11-01T09:52:33.405+0530] {taskinstance.py:1359} INFO - Starting attempt 1 of 1
[2023-11-01T09:52:33.415+0530] {taskinstance.py:1380} INFO - Executing <Task(DateTimeSensor): wait_until_new_year> on 2023-11-01 00:10:00+00:00
[2023-11-01T09:52:33.419+0530] {standard_task_runner.py:57} INFO - Started process 922897 to run task
[2023-11-01T09:52:33.421+0530] {standard_task_runner.py:84} INFO - Running: ['airflow', 'tasks', 'run', 'date_time_example', 'wait_until_new_year', 'scheduled__2023-11-01T00:10:00+00:00', '--job-id', '2157', '--raw', '--subdir', 'DAGS_FOLDER/dataTimeSensor.py', '--cfg-path', '/tmp/tmp5jehvulj']
[2023-11-01T09:52:33.422+0530] {standard_task_runner.py:85} INFO - Job 2157: Subtask wait_until_new_year
[2023-11-01T09:52:33.446+0530] {task_command.py:415} INFO - Running <TaskInstance: date_time_example.wait_until_new_year scheduled__2023-11-01T00:10:00+00:00 [running]> on host harika-Latitude-5511
[2023-11-01T09:52:33.493+0530] {taskinstance.py:1660} INFO - Exporting env vars: AIRFLOW_CTX_DAG_OWNER='airflow' AIRFLOW_CTX_DAG_ID='date_time_example' AIRFLOW_CTX_TASK_ID='wait_until_new_year' AIRFLOW_CTX_EXECUTION_DATE='2023-11-01T00:10:00+00:00' AIRFLOW_CTX_TRY_NUMBER='1' AIRFLOW_CTX_DAG_RUN_ID='scheduled__2023-11-01T00:10:00+00:00'
[2023-11-01T09:52:33.498+0530] {date_time.py:74} INFO - Checking if the time (2023-11-01T09:52:00) has come
[2023-11-01T09:52:33.590+0530] {taskinstance.py:1895} INFO - Rescheduling task, marking task as UP_FOR_RESCHEDULE
[2023-11-01T09:52:33.633+0530] {local_task_job_runner.py:228} INFO - Task exited with return code 0
[2023-11-01T09:52:33.642+0530] {taskinstance.py:2776} INFO - 0 downstream tasks scheduled from follow-on schedule check
[2023-11-01T09:53:35.636+0530] {taskinstance.py:1157} INFO - Dependencies all met for dep_context=non-requeueable deps ti=<TaskInstance: date_time_example.wait_until_new_year scheduled__2023-11-01T00:10:00+00:00 [queued]>
[2023-11-01T09:53:35.641+0530] {taskinstance.py:1157} INFO - Dependencies all met for dep_context=requeueable deps ti=<TaskInstance: date_time_example.wait_until_new_year scheduled__2023-11-01T00:10:00+00:00 [queued]>
[2023-11-01T09:53:35.642+0530] {taskinstance.py:1359} INFO - Starting attempt 1 of 1
[2023-11-01T09:53:35.652+0530] {taskinstance.py:1380} INFO - Executing <Task(DateTimeSensor): wait_until_new_year> on 2023-11-01 00:10:00+00:00
[2023-11-01T09:53:35.656+0530] {standard_task_runner.py:57} INFO - Started process 924157 to run task
[2023-11-01T09:53:35.657+0530] {standard_task_runner.py:84} INFO - Running: ['airflow', 'tasks', 'run', 'date_time_example', 'wait_until_new_year', 'scheduled__2023-11-01T00:10:00+00:00', '--job-id', '2175', '--raw', '--subdir', 'DAGS_FOLDER/dataTimeSensor.py', '--cfg-path', '/tmp/tmp9a07121e']
[2023-11-01T09:53:35.658+0530] {standard_task_runner.py:85} INFO - Job 2175: Subtask wait_until_new_year
[2023-11-01T09:53:35.684+0530] {task_command.py:415} INFO - Running <TaskInstance: date_time_example.wait_until_new_year scheduled__2023-11-01T00:10:00+00:00 [running]> on host harika-Latitude-5511
[2023-11-01T09:53:35.743+0530] {taskinstance.py:1660} INFO - Exporting env vars: AIRFLOW_CTX_DAG_OWNER='airflow' AIRFLOW_CTX_DAG_ID='date_time_example' AIRFLOW_CTX_TASK_ID='wait_until_new_year' AIRFLOW_CTX_EXECUTION_DATE='2023-11-01T00:10:00+00:00' AIRFLOW_CTX_TRY_NUMBER='1' AIRFLOW_CTX_DAG_RUN_ID='scheduled__2023-11-01T00:10:00+00:00'
[2023-11-01T09:53:35.747+0530] {date_time.py:74} INFO - Checking if the time (2023-11-01T09:52:00) has come
[2023-11-01T09:53:35.841+0530] {taskinstance.py:1895} INFO - Rescheduling task, marking task as UP_FOR_RESCHEDULE
[2023-11-01T09:53:35.869+0530] {local_task_job_runner.py:228} INFO - Task exited with return code 0
[2023-11-01T09:53:35.879+0530] {taskinstance.py:2776} INFO - 0 downstream tasks scheduled from follow-on schedule check
[2023-11-01T09:54:37.420+0530] {taskinstance.py:1157} INFO - Dependencies all met for dep_context=non-requeueable deps ti=<TaskInstance: date_time_example.wait_until_new_year scheduled__2023-11-01T00:10:00+00:00 [queued]>
[2023-11-01T09:54:37.425+0530] {taskinstance.py:1157} INFO - Dependencies all met for dep_context=requeueable deps ti=<TaskInstance: date_time_example.wait_until_new_year scheduled__2023-11-01T00:10:00+00:00 [queued]>
[2023-11-01T09:54:37.425+0530] {taskinstance.py:1359} INFO - Starting attempt 1 of 1
[2023-11-01T09:54:37.436+0530] {taskinstance.py:1380} INFO - Executing <Task(DateTimeSensor): wait_until_new_year> on 2023-11-01 00:10:00+00:00
[2023-11-01T09:54:37.439+0530] {standard_task_runner.py:57} INFO - Started process 925535 to run task
[2023-11-01T09:54:37.441+0530] {standard_task_runner.py:84} INFO - Running: ['airflow', 'tasks', 'run', 'date_time_example', 'wait_until_new_year', 'scheduled__2023-11-01T00:10:00+00:00', '--job-id', '2191', '--raw', '--subdir', 'DAGS_FOLDER/dataTimeSensor.py', '--cfg-path', '/tmp/tmpi_6tucf8']
[2023-11-01T09:54:37.442+0530] {standard_task_runner.py:85} INFO - Job 2191: Subtask wait_until_new_year
[2023-11-01T09:54:37.467+0530] {task_command.py:415} INFO - Running <TaskInstance: date_time_example.wait_until_new_year scheduled__2023-11-01T00:10:00+00:00 [running]> on host harika-Latitude-5511
[2023-11-01T09:54:37.518+0530] {taskinstance.py:1660} INFO - Exporting env vars: AIRFLOW_CTX_DAG_OWNER='airflow' AIRFLOW_CTX_DAG_ID='date_time_example' AIRFLOW_CTX_TASK_ID='wait_until_new_year' AIRFLOW_CTX_EXECUTION_DATE='2023-11-01T00:10:00+00:00' AIRFLOW_CTX_TRY_NUMBER='1' AIRFLOW_CTX_DAG_RUN_ID='scheduled__2023-11-01T00:10:00+00:00'
[2023-11-01T09:54:37.522+0530] {date_time.py:74} INFO - Checking if the time (2023-11-01T09:52:00) has come
[2023-11-01T09:54:37.614+0530] {taskinstance.py:1895} INFO - Rescheduling task, marking task as UP_FOR_RESCHEDULE
[2023-11-01T09:54:37.653+0530] {local_task_job_runner.py:228} INFO - Task exited with return code 0
[2023-11-01T09:54:37.684+0530] {taskinstance.py:2776} INFO - 0 downstream tasks scheduled from follow-on schedule check
[2023-11-01T09:55:40.356+0530] {taskinstance.py:1157} INFO - Dependencies all met for dep_context=non-requeueable deps ti=<TaskInstance: date_time_example.wait_until_new_year scheduled__2023-11-01T00:10:00+00:00 [queued]>
[2023-11-01T09:55:40.362+0530] {taskinstance.py:1157} INFO - Dependencies all met for dep_context=requeueable deps ti=<TaskInstance: date_time_example.wait_until_new_year scheduled__2023-11-01T00:10:00+00:00 [queued]>
[2023-11-01T09:55:40.362+0530] {taskinstance.py:1359} INFO - Starting attempt 1 of 1
[2023-11-01T09:55:40.372+0530] {taskinstance.py:1380} INFO - Executing <Task(DateTimeSensor): wait_until_new_year> on 2023-11-01 00:10:00+00:00
[2023-11-01T09:55:40.375+0530] {standard_task_runner.py:57} INFO - Started process 926812 to run task
[2023-11-01T09:55:40.377+0530] {standard_task_runner.py:84} INFO - Running: ['airflow', 'tasks', 'run', 'date_time_example', 'wait_until_new_year', 'scheduled__2023-11-01T00:10:00+00:00', '--job-id', '2207', '--raw', '--subdir', 'DAGS_FOLDER/dataTimeSensor.py', '--cfg-path', '/tmp/tmpx4ziieln']
[2023-11-01T09:55:40.378+0530] {standard_task_runner.py:85} INFO - Job 2207: Subtask wait_until_new_year
[2023-11-01T09:55:40.405+0530] {task_command.py:415} INFO - Running <TaskInstance: date_time_example.wait_until_new_year scheduled__2023-11-01T00:10:00+00:00 [running]> on host harika-Latitude-5511
[2023-11-01T09:55:40.452+0530] {taskinstance.py:1660} INFO - Exporting env vars: AIRFLOW_CTX_DAG_OWNER='airflow' AIRFLOW_CTX_DAG_ID='date_time_example' AIRFLOW_CTX_TASK_ID='wait_until_new_year' AIRFLOW_CTX_EXECUTION_DATE='2023-11-01T00:10:00+00:00' AIRFLOW_CTX_TRY_NUMBER='1' AIRFLOW_CTX_DAG_RUN_ID='scheduled__2023-11-01T00:10:00+00:00'
[2023-11-01T09:55:40.456+0530] {date_time.py:74} INFO - Checking if the time (2023-11-01T09:52:00) has come
[2023-11-01T09:55:40.547+0530] {taskinstance.py:1895} INFO - Rescheduling task, marking task as UP_FOR_RESCHEDULE
[2023-11-01T09:55:40.589+0530] {local_task_job_runner.py:228} INFO - Task exited with return code 0
[2023-11-01T09:55:40.621+0530] {taskinstance.py:2776} INFO - 0 downstream tasks scheduled from follow-on schedule check
[2023-11-01T09:56:43.515+0530] {taskinstance.py:1157} INFO - Dependencies all met for dep_context=non-requeueable deps ti=<TaskInstance: date_time_example.wait_until_new_year scheduled__2023-11-01T00:10:00+00:00 [queued]>
[2023-11-01T09:56:43.521+0530] {taskinstance.py:1157} INFO - Dependencies all met for dep_context=requeueable deps ti=<TaskInstance: date_time_example.wait_until_new_year scheduled__2023-11-01T00:10:00+00:00 [queued]>
[2023-11-01T09:56:43.521+0530] {taskinstance.py:1359} INFO - Starting attempt 1 of 1
[2023-11-01T09:56:43.531+0530] {taskinstance.py:1380} INFO - Executing <Task(DateTimeSensor): wait_until_new_year> on 2023-11-01 00:10:00+00:00
[2023-11-01T09:56:43.534+0530] {standard_task_runner.py:57} INFO - Started process 928198 to run task
[2023-11-01T09:56:43.537+0530] {standard_task_runner.py:84} INFO - Running: ['airflow', 'tasks', 'run', 'date_time_example', 'wait_until_new_year', 'scheduled__2023-11-01T00:10:00+00:00', '--job-id', '2223', '--raw', '--subdir', 'DAGS_FOLDER/dataTimeSensor.py', '--cfg-path', '/tmp/tmpjko2s1pt']
[2023-11-01T09:56:43.538+0530] {standard_task_runner.py:85} INFO - Job 2223: Subtask wait_until_new_year
[2023-11-01T09:56:43.562+0530] {task_command.py:415} INFO - Running <TaskInstance: date_time_example.wait_until_new_year scheduled__2023-11-01T00:10:00+00:00 [running]> on host harika-Latitude-5511
[2023-11-01T09:56:43.609+0530] {taskinstance.py:1660} INFO - Exporting env vars: AIRFLOW_CTX_DAG_OWNER='airflow' AIRFLOW_CTX_DAG_ID='date_time_example' AIRFLOW_CTX_TASK_ID='wait_until_new_year' AIRFLOW_CTX_EXECUTION_DATE='2023-11-01T00:10:00+00:00' AIRFLOW_CTX_TRY_NUMBER='1' AIRFLOW_CTX_DAG_RUN_ID='scheduled__2023-11-01T00:10:00+00:00'
[2023-11-01T09:56:43.614+0530] {date_time.py:74} INFO - Checking if the time (2023-11-01T09:52:00) has come
[2023-11-01T09:56:43.704+0530] {taskinstance.py:1895} INFO - Rescheduling task, marking task as UP_FOR_RESCHEDULE
[2023-11-01T09:56:43.749+0530] {local_task_job_runner.py:228} INFO - Task exited with return code 0
[2023-11-01T09:56:43.778+0530] {taskinstance.py:2776} INFO - 0 downstream tasks scheduled from follow-on schedule check
[2023-11-01T09:57:46.237+0530] {taskinstance.py:1157} INFO - Dependencies all met for dep_context=non-requeueable deps ti=<TaskInstance: date_time_example.wait_until_new_year scheduled__2023-11-01T00:10:00+00:00 [queued]>
[2023-11-01T09:57:46.243+0530] {taskinstance.py:1157} INFO - Dependencies all met for dep_context=requeueable deps ti=<TaskInstance: date_time_example.wait_until_new_year scheduled__2023-11-01T00:10:00+00:00 [queued]>
[2023-11-01T09:57:46.243+0530] {taskinstance.py:1359} INFO - Starting attempt 1 of 1
[2023-11-01T09:57:46.254+0530] {taskinstance.py:1380} INFO - Executing <Task(DateTimeSensor): wait_until_new_year> on 2023-11-01 00:10:00+00:00
[2023-11-01T09:57:46.257+0530] {standard_task_runner.py:57} INFO - Started process 929596 to run task
[2023-11-01T09:57:46.259+0530] {standard_task_runner.py:84} INFO - Running: ['airflow', 'tasks', 'run', 'date_time_example', 'wait_until_new_year', 'scheduled__2023-11-01T00:10:00+00:00', '--job-id', '2239', '--raw', '--subdir', 'DAGS_FOLDER/dataTimeSensor.py', '--cfg-path', '/tmp/tmpu09qjd_k']
[2023-11-01T09:57:46.260+0530] {standard_task_runner.py:85} INFO - Job 2239: Subtask wait_until_new_year
[2023-11-01T09:57:46.285+0530] {task_command.py:415} INFO - Running <TaskInstance: date_time_example.wait_until_new_year scheduled__2023-11-01T00:10:00+00:00 [running]> on host harika-Latitude-5511
[2023-11-01T09:57:46.333+0530] {taskinstance.py:1660} INFO - Exporting env vars: AIRFLOW_CTX_DAG_OWNER='airflow' AIRFLOW_CTX_DAG_ID='date_time_example' AIRFLOW_CTX_TASK_ID='wait_until_new_year' AIRFLOW_CTX_EXECUTION_DATE='2023-11-01T00:10:00+00:00' AIRFLOW_CTX_TRY_NUMBER='1' AIRFLOW_CTX_DAG_RUN_ID='scheduled__2023-11-01T00:10:00+00:00'
[2023-11-01T09:57:46.337+0530] {date_time.py:74} INFO - Checking if the time (2023-11-01T09:52:00) has come
[2023-11-01T09:57:46.432+0530] {taskinstance.py:1895} INFO - Rescheduling task, marking task as UP_FOR_RESCHEDULE
[2023-11-01T09:57:46.471+0530] {local_task_job_runner.py:228} INFO - Task exited with return code 0
[2023-11-01T09:57:46.482+0530] {taskinstance.py:2776} INFO - 0 downstream tasks scheduled from follow-on schedule check
[2023-11-01T09:58:51.469+0530] {taskinstance.py:1157} INFO - Dependencies all met for dep_context=non-requeueable deps ti=<TaskInstance: date_time_example.wait_until_new_year scheduled__2023-11-01T00:10:00+00:00 [queued]>
[2023-11-01T09:58:51.476+0530] {taskinstance.py:1157} INFO - Dependencies all met for dep_context=requeueable deps ti=<TaskInstance: date_time_example.wait_until_new_year scheduled__2023-11-01T00:10:00+00:00 [queued]>
[2023-11-01T09:58:51.476+0530] {taskinstance.py:1359} INFO - Starting attempt 1 of 1
[2023-11-01T09:58:51.488+0530] {taskinstance.py:1380} INFO - Executing <Task(DateTimeSensor): wait_until_new_year> on 2023-11-01 00:10:00+00:00
[2023-11-01T09:58:51.491+0530] {standard_task_runner.py:57} INFO - Started process 931045 to run task
[2023-11-01T09:58:51.494+0530] {standard_task_runner.py:84} INFO - Running: ['airflow', 'tasks', 'run', 'date_time_example', 'wait_until_new_year', 'scheduled__2023-11-01T00:10:00+00:00', '--job-id', '2255', '--raw', '--subdir', 'DAGS_FOLDER/dataTimeSensor.py', '--cfg-path', '/tmp/tmpuy3c9h5p']
[2023-11-01T09:58:51.495+0530] {standard_task_runner.py:85} INFO - Job 2255: Subtask wait_until_new_year
[2023-11-01T09:58:51.524+0530] {task_command.py:415} INFO - Running <TaskInstance: date_time_example.wait_until_new_year scheduled__2023-11-01T00:10:00+00:00 [running]> on host harika-Latitude-5511
[2023-11-01T09:58:51.584+0530] {taskinstance.py:1660} INFO - Exporting env vars: AIRFLOW_CTX_DAG_OWNER='airflow' AIRFLOW_CTX_DAG_ID='date_time_example' AIRFLOW_CTX_TASK_ID='wait_until_new_year' AIRFLOW_CTX_EXECUTION_DATE='2023-11-01T00:10:00+00:00' AIRFLOW_CTX_TRY_NUMBER='1' AIRFLOW_CTX_DAG_RUN_ID='scheduled__2023-11-01T00:10:00+00:00'
[2023-11-01T09:58:51.589+0530] {date_time.py:74} INFO - Checking if the time (2023-11-01T09:52:00) has come
[2023-11-01T09:58:51.686+0530] {taskinstance.py:1895} INFO - Rescheduling task, marking task as UP_FOR_RESCHEDULE
[2023-11-01T09:58:51.706+0530] {local_task_job_runner.py:228} INFO - Task exited with return code 0
[2023-11-01T09:58:51.717+0530] {taskinstance.py:2776} INFO - 0 downstream tasks scheduled from follow-on schedule check
[2023-11-01T09:59:54.076+0530] {taskinstance.py:1157} INFO - Dependencies all met for dep_context=non-requeueable deps ti=<TaskInstance: date_time_example.wait_until_new_year scheduled__2023-11-01T00:10:00+00:00 [queued]>
[2023-11-01T09:59:54.083+0530] {taskinstance.py:1157} INFO - Dependencies all met for dep_context=requeueable deps ti=<TaskInstance: date_time_example.wait_until_new_year scheduled__2023-11-01T00:10:00+00:00 [queued]>
[2023-11-01T09:59:54.083+0530] {taskinstance.py:1359} INFO - Starting attempt 1 of 1
[2023-11-01T09:59:54.093+0530] {taskinstance.py:1380} INFO - Executing <Task(DateTimeSensor): wait_until_new_year> on 2023-11-01 00:10:00+00:00
[2023-11-01T09:59:54.098+0530] {standard_task_runner.py:57} INFO - Started process 932304 to run task
[2023-11-01T09:59:54.101+0530] {standard_task_runner.py:84} INFO - Running: ['airflow', 'tasks', 'run', 'date_time_example', 'wait_until_new_year', 'scheduled__2023-11-01T00:10:00+00:00', '--job-id', '2271', '--raw', '--subdir', 'DAGS_FOLDER/dataTimeSensor.py', '--cfg-path', '/tmp/tmpdykfj2m6']
[2023-11-01T09:59:54.101+0530] {standard_task_runner.py:85} INFO - Job 2271: Subtask wait_until_new_year
[2023-11-01T09:59:54.125+0530] {task_command.py:415} INFO - Running <TaskInstance: date_time_example.wait_until_new_year scheduled__2023-11-01T00:10:00+00:00 [running]> on host harika-Latitude-5511
[2023-11-01T09:59:54.173+0530] {taskinstance.py:1660} INFO - Exporting env vars: AIRFLOW_CTX_DAG_OWNER='airflow' AIRFLOW_CTX_DAG_ID='date_time_example' AIRFLOW_CTX_TASK_ID='wait_until_new_year' AIRFLOW_CTX_EXECUTION_DATE='2023-11-01T00:10:00+00:00' AIRFLOW_CTX_TRY_NUMBER='1' AIRFLOW_CTX_DAG_RUN_ID='scheduled__2023-11-01T00:10:00+00:00'
[2023-11-01T09:59:54.176+0530] {date_time.py:74} INFO - Checking if the time (2023-11-01T09:52:00) has come
[2023-11-01T09:59:54.270+0530] {taskinstance.py:1895} INFO - Rescheduling task, marking task as UP_FOR_RESCHEDULE
[2023-11-01T09:59:54.312+0530] {local_task_job_runner.py:228} INFO - Task exited with return code 0
[2023-11-01T09:59:54.322+0530] {taskinstance.py:2776} INFO - 0 downstream tasks scheduled from follow-on schedule check
