[2023-11-07T14:52:02.122+0530] {taskinstance.py:1157} INFO - Dependencies all met for dep_context=non-requeueable deps ti=<TaskInstance: example_sensors.wait_some_seconds_async manual__2023-11-07T09:21:55.811279+00:00 [queued]>
[2023-11-07T14:52:02.126+0530] {taskinstance.py:1157} INFO - Dependencies all met for dep_context=requeueable deps ti=<TaskInstance: example_sensors.wait_some_seconds_async manual__2023-11-07T09:21:55.811279+00:00 [queued]>
[2023-11-07T14:52:02.126+0530] {taskinstance.py:1359} INFO - Starting attempt 1 of 1
[2023-11-07T14:52:02.136+0530] {taskinstance.py:1380} INFO - Executing <Task(TimeDeltaSensorAsync): wait_some_seconds_async> on 2023-11-07 09:21:55.811279+00:00
[2023-11-07T14:52:02.139+0530] {standard_task_runner.py:57} INFO - Started process 82514 to run task
[2023-11-07T14:52:02.141+0530] {standard_task_runner.py:84} INFO - Running: ['airflow', 'tasks', 'run', 'example_sensors', 'wait_some_seconds_async', 'manual__2023-11-07T09:21:55.811279+00:00', '--job-id', '4376', '--raw', '--subdir', 'DAGS_FOLDER/example_sensors.py', '--cfg-path', '/tmp/tmpq0gmrp8_']
[2023-11-07T14:52:02.142+0530] {standard_task_runner.py:85} INFO - Job 4376: Subtask wait_some_seconds_async
[2023-11-07T14:52:02.165+0530] {task_command.py:415} INFO - Running <TaskInstance: example_sensors.wait_some_seconds_async manual__2023-11-07T09:21:55.811279+00:00 [running]> on host harika-Latitude-5511
[2023-11-07T14:52:02.205+0530] {taskinstance.py:1660} INFO - Exporting env vars: AIRFLOW_CTX_DAG_OWNER='airflow' AIRFLOW_CTX_DAG_ID='example_sensors' AIRFLOW_CTX_TASK_ID='wait_some_seconds_async' AIRFLOW_CTX_EXECUTION_DATE='2023-11-07T09:21:55.811279+00:00' AIRFLOW_CTX_TRY_NUMBER='1' AIRFLOW_CTX_DAG_RUN_ID='manual__2023-11-07T09:21:55.811279+00:00'
[2023-11-07T14:52:02.208+0530] {taskinstance.py:1524} INFO - Pausing task as DEFERRED. dag_id=example_sensors, task_id=wait_some_seconds_async, execution_date=20231107T092155, start_date=20231107T092202
[2023-11-07T14:52:02.233+0530] {local_task_job_runner.py:225} INFO - Task exited with return code 100 (task deferral)
[2023-11-07T14:55:25.799+0530] {taskinstance.py:1157} INFO - Dependencies all met for dep_context=non-requeueable deps ti=<TaskInstance: example_sensors.wait_some_seconds_async manual__2023-11-07T09:21:55.811279+00:00 [queued]>
[2023-11-07T14:55:25.803+0530] {taskinstance.py:1157} INFO - Dependencies all met for dep_context=requeueable deps ti=<TaskInstance: example_sensors.wait_some_seconds_async manual__2023-11-07T09:21:55.811279+00:00 [queued]>
[2023-11-07T14:55:25.803+0530] {taskinstance.py:1357} INFO - Resuming after deferral
[2023-11-07T14:55:25.812+0530] {taskinstance.py:1380} INFO - Executing <Task(TimeDeltaSensorAsync): wait_some_seconds_async> on 2023-11-07 09:21:55.811279+00:00
[2023-11-07T14:55:25.816+0530] {standard_task_runner.py:57} INFO - Started process 82738 to run task
[2023-11-07T14:55:25.817+0530] {standard_task_runner.py:84} INFO - Running: ['airflow', 'tasks', 'run', 'example_sensors', 'wait_some_seconds_async', 'manual__2023-11-07T09:21:55.811279+00:00', '--job-id', '4387', '--raw', '--subdir', 'DAGS_FOLDER/example_sensors.py', '--cfg-path', '/tmp/tmpph42o1uw']
[2023-11-07T14:55:25.818+0530] {standard_task_runner.py:85} INFO - Job 4387: Subtask wait_some_seconds_async
[2023-11-07T14:55:25.839+0530] {task_command.py:415} INFO - Running <TaskInstance: example_sensors.wait_some_seconds_async manual__2023-11-07T09:21:55.811279+00:00 [running]> on host harika-Latitude-5511
[2023-11-07T14:55:25.877+0530] {taskinstance.py:1398} INFO - Marking task as SUCCESS. dag_id=example_sensors, task_id=wait_some_seconds_async, execution_date=20231107T092155, start_date=20231107T092202, end_date=20231107T092525
[2023-11-07T14:55:25.909+0530] {local_task_job_runner.py:228} INFO - Task exited with return code 0
[2023-11-07T14:55:25.931+0530] {taskinstance.py:2776} INFO - 0 downstream tasks scheduled from follow-on schedule check
