[2023-10-25T10:07:32.531+0530] {taskinstance.py:1157} INFO - Dependencies all met for dep_context=non-requeueable deps ti=<TaskInstance: webpage_dag.get_details_from_url_task scheduled__2023-10-23T00:00:00+00:00 [queued]>
[2023-10-25T10:07:32.535+0530] {taskinstance.py:1157} INFO - Dependencies all met for dep_context=requeueable deps ti=<TaskInstance: webpage_dag.get_details_from_url_task scheduled__2023-10-23T00:00:00+00:00 [queued]>
[2023-10-25T10:07:32.535+0530] {taskinstance.py:1359} INFO - Starting attempt 1 of 2
[2023-10-25T10:07:32.544+0530] {taskinstance.py:1380} INFO - Executing <Task(PythonOperator): get_details_from_url_task> on 2023-10-23 00:00:00+00:00
[2023-10-25T10:07:32.547+0530] {standard_task_runner.py:57} INFO - Started process 8007 to run task
[2023-10-25T10:07:32.549+0530] {standard_task_runner.py:84} INFO - Running: ['airflow', 'tasks', 'run', 'webpage_dag', 'get_details_from_url_task', 'scheduled__2023-10-23T00:00:00+00:00', '--job-id', '831', '--raw', '--subdir', 'DAGS_FOLDER/word_count_url.py', '--cfg-path', '/tmp/tmpl9ili8p8']
[2023-10-25T10:07:32.550+0530] {standard_task_runner.py:85} INFO - Job 831: Subtask get_details_from_url_task
[2023-10-25T10:07:32.572+0530] {task_command.py:415} INFO - Running <TaskInstance: webpage_dag.get_details_from_url_task scheduled__2023-10-23T00:00:00+00:00 [running]> on host harika-Latitude-5511
[2023-10-25T10:07:32.615+0530] {taskinstance.py:1660} INFO - Exporting env vars: AIRFLOW_CTX_DAG_EMAIL='harikasree2225@gmail.com' AIRFLOW_CTX_DAG_OWNER='airflow' AIRFLOW_CTX_DAG_ID='webpage_dag' AIRFLOW_CTX_TASK_ID='get_details_from_url_task' AIRFLOW_CTX_EXECUTION_DATE='2023-10-23T00:00:00+00:00' AIRFLOW_CTX_TRY_NUMBER='1' AIRFLOW_CTX_DAG_RUN_ID='scheduled__2023-10-23T00:00:00+00:00'
[2023-10-25T10:07:34.271+0530] {python.py:194} INFO - Done. Returned value was: /home/harika/webdata/web_page_data/content.txt
[2023-10-25T10:07:34.281+0530] {taskinstance.py:1398} INFO - Marking task as SUCCESS. dag_id=webpage_dag, task_id=get_details_from_url_task, execution_date=20231023T000000, start_date=20231025T043732, end_date=20231025T043734
[2023-10-25T10:07:34.326+0530] {local_task_job_runner.py:228} INFO - Task exited with return code 0
[2023-10-25T10:07:34.344+0530] {taskinstance.py:2776} INFO - 2 downstream tasks scheduled from follow-on schedule check
[2023-10-25T18:23:24.204+0530] {taskinstance.py:1157} INFO - Dependencies all met for dep_context=non-requeueable deps ti=<TaskInstance: webpage_dag.get_details_from_url_task scheduled__2023-10-23T00:00:00+00:00 [queued]>
[2023-10-25T18:23:24.224+0530] {taskinstance.py:1157} INFO - Dependencies all met for dep_context=requeueable deps ti=<TaskInstance: webpage_dag.get_details_from_url_task scheduled__2023-10-23T00:00:00+00:00 [queued]>
[2023-10-25T18:23:24.225+0530] {taskinstance.py:1359} INFO - Starting attempt 1 of 2
[2023-10-25T18:23:24.244+0530] {taskinstance.py:1380} INFO - Executing <Task(PythonOperator): get_details_from_url_task> on 2023-10-23 00:00:00+00:00
[2023-10-25T18:23:24.249+0530] {standard_task_runner.py:57} INFO - Started process 94021 to run task
[2023-10-25T18:23:24.252+0530] {standard_task_runner.py:84} INFO - Running: ['airflow', 'tasks', 'run', 'webpage_dag', 'get_details_from_url_task', 'scheduled__2023-10-23T00:00:00+00:00', '--job-id', '1591', '--raw', '--subdir', 'DAGS_FOLDER/word_count_url.py', '--cfg-path', '/tmp/tmp9ty7883u']
[2023-10-25T18:23:24.253+0530] {standard_task_runner.py:85} INFO - Job 1591: Subtask get_details_from_url_task
[2023-10-25T18:23:24.299+0530] {task_command.py:415} INFO - Running <TaskInstance: webpage_dag.get_details_from_url_task scheduled__2023-10-23T00:00:00+00:00 [running]> on host harika-Latitude-5511
[2023-10-25T18:23:24.440+0530] {taskinstance.py:1660} INFO - Exporting env vars: AIRFLOW_CTX_DAG_EMAIL='harikasree2225@gmail.com' AIRFLOW_CTX_DAG_OWNER='airflow' AIRFLOW_CTX_DAG_ID='webpage_dag' AIRFLOW_CTX_TASK_ID='get_details_from_url_task' AIRFLOW_CTX_EXECUTION_DATE='2023-10-23T00:00:00+00:00' AIRFLOW_CTX_TRY_NUMBER='1' AIRFLOW_CTX_DAG_RUN_ID='scheduled__2023-10-23T00:00:00+00:00'
[2023-10-25T18:23:26.175+0530] {python.py:194} INFO - Done. Returned value was: /home/harika/webdata/web_page_data/content.txt
[2023-10-25T18:23:26.185+0530] {taskinstance.py:1398} INFO - Marking task as SUCCESS. dag_id=webpage_dag, task_id=get_details_from_url_task, execution_date=20231023T000000, start_date=20231025T125324, end_date=20231025T125326
[2023-10-25T18:23:26.230+0530] {local_task_job_runner.py:228} INFO - Task exited with return code 0
[2023-10-25T18:23:26.247+0530] {taskinstance.py:2776} INFO - 2 downstream tasks scheduled from follow-on schedule check
