[2023-11-16T11:33:49.979+0530] {taskinstance.py:1157} INFO - Dependencies all met for dep_context=non-requeueable deps ti=<TaskInstance: hooks_demo.transfer scheduled__2023-11-13T00:00:00+00:00 [queued]>
[2023-11-16T11:33:49.983+0530] {taskinstance.py:1157} INFO - Dependencies all met for dep_context=requeueable deps ti=<TaskInstance: hooks_demo.transfer scheduled__2023-11-13T00:00:00+00:00 [queued]>
[2023-11-16T11:33:49.984+0530] {taskinstance.py:1359} INFO - Starting attempt 1 of 2
[2023-11-16T11:33:49.993+0530] {taskinstance.py:1380} INFO - Executing <Task(PythonOperator): transfer> on 2023-11-13 00:00:00+00:00
[2023-11-16T11:33:49.996+0530] {standard_task_runner.py:57} INFO - Started process 114260 to run task
[2023-11-16T11:33:49.998+0530] {standard_task_runner.py:84} INFO - Running: ['airflow', 'tasks', 'run', 'hooks_demo', 'transfer', 'scheduled__2023-11-13T00:00:00+00:00', '--job-id', '4649', '--raw', '--subdir', 'DAGS_FOLDER/hooks.py', '--cfg-path', '/tmp/tmpw845rtf_']
[2023-11-16T11:33:49.999+0530] {standard_task_runner.py:85} INFO - Job 4649: Subtask transfer
[2023-11-16T11:33:50.025+0530] {task_command.py:415} INFO - Running <TaskInstance: hooks_demo.transfer scheduled__2023-11-13T00:00:00+00:00 [running]> on host harika-Latitude-5511
[2023-11-16T11:33:50.159+0530] {taskinstance.py:1660} INFO - Exporting env vars: AIRFLOW_CTX_DAG_OWNER='Airflow' AIRFLOW_CTX_DAG_ID='hooks_demo' AIRFLOW_CTX_TASK_ID='transfer' AIRFLOW_CTX_EXECUTION_DATE='2023-11-13T00:00:00+00:00' AIRFLOW_CTX_TRY_NUMBER='1' AIRFLOW_CTX_DAG_RUN_ID='scheduled__2023-11-13T00:00:00+00:00'
[2023-11-16T11:33:50.164+0530] {base.py:73} INFO - Using connection ID 'postgres_conn' for task execution.
[2023-11-16T11:33:50.176+0530] {base.py:73} INFO - Using connection ID 'postgres_conn' for task execution.
[2023-11-16T11:33:50.187+0530] {logging_mixin.py:151} INFO - records [('Los Angles                                        ', 'ls                  '), ('Houston                                           ', 'ht                  '), ('New york                                          ', 'ny                  ')]
[2023-11-16T11:33:50.189+0530] {logging_mixin.py:151} INFO - Data transferred successfully
[2023-11-16T11:33:50.189+0530] {python.py:194} INFO - Done. Returned value was: None
[2023-11-16T11:33:50.193+0530] {taskinstance.py:1398} INFO - Marking task as SUCCESS. dag_id=hooks_demo, task_id=transfer, execution_date=20231113T000000, start_date=20231116T060349, end_date=20231116T060350
[2023-11-16T11:33:50.210+0530] {local_task_job_runner.py:228} INFO - Task exited with return code 0
[2023-11-16T11:33:50.219+0530] {taskinstance.py:2776} INFO - 0 downstream tasks scheduled from follow-on schedule check
[2023-11-16T16:07:30.627+0530] {taskinstance.py:1157} INFO - Dependencies all met for dep_context=non-requeueable deps ti=<TaskInstance: hooks_demo.transfer scheduled__2023-11-13T00:00:00+00:00 [queued]>
[2023-11-16T16:07:30.632+0530] {taskinstance.py:1157} INFO - Dependencies all met for dep_context=requeueable deps ti=<TaskInstance: hooks_demo.transfer scheduled__2023-11-13T00:00:00+00:00 [queued]>
[2023-11-16T16:07:30.632+0530] {taskinstance.py:1359} INFO - Starting attempt 1 of 2
[2023-11-16T16:07:30.643+0530] {taskinstance.py:1380} INFO - Executing <Task(PythonOperator): transfer> on 2023-11-13 00:00:00+00:00
[2023-11-16T16:07:30.648+0530] {standard_task_runner.py:57} INFO - Started process 147073 to run task
[2023-11-16T16:07:30.650+0530] {standard_task_runner.py:84} INFO - Running: ['airflow', 'tasks', 'run', 'hooks_demo', 'transfer', 'scheduled__2023-11-13T00:00:00+00:00', '--job-id', '4735', '--raw', '--subdir', 'DAGS_FOLDER/hooks_demo.py', '--cfg-path', '/tmp/tmpeymqla__']
[2023-11-16T16:07:30.651+0530] {standard_task_runner.py:85} INFO - Job 4735: Subtask transfer
[2023-11-16T16:07:30.680+0530] {task_command.py:415} INFO - Running <TaskInstance: hooks_demo.transfer scheduled__2023-11-13T00:00:00+00:00 [running]> on host harika-Latitude-5511
[2023-11-16T16:07:30.833+0530] {taskinstance.py:1660} INFO - Exporting env vars: AIRFLOW_CTX_DAG_OWNER='Airflow' AIRFLOW_CTX_DAG_ID='hooks_demo' AIRFLOW_CTX_TASK_ID='transfer' AIRFLOW_CTX_EXECUTION_DATE='2023-11-13T00:00:00+00:00' AIRFLOW_CTX_TRY_NUMBER='1' AIRFLOW_CTX_DAG_RUN_ID='scheduled__2023-11-13T00:00:00+00:00'
[2023-11-16T16:07:30.837+0530] {base.py:73} INFO - Using connection ID 'postgres_conn' for task execution.
[2023-11-16T16:07:30.850+0530] {base.py:73} INFO - Using connection ID 'postgres_conn' for task execution.
[2023-11-16T16:07:30.860+0530] {logging_mixin.py:151} INFO - records [('New york                                          ', 'ny                  ')]
[2023-11-16T16:07:30.861+0530] {logging_mixin.py:151} INFO - Data transferred successfully
[2023-11-16T16:07:30.862+0530] {python.py:194} INFO - Done. Returned value was: None
[2023-11-16T16:07:30.866+0530] {taskinstance.py:1398} INFO - Marking task as SUCCESS. dag_id=hooks_demo, task_id=transfer, execution_date=20231113T000000, start_date=20231116T103730, end_date=20231116T103730
[2023-11-16T16:07:30.902+0530] {local_task_job_runner.py:228} INFO - Task exited with return code 0
[2023-11-16T16:07:30.930+0530] {taskinstance.py:2776} INFO - 0 downstream tasks scheduled from follow-on schedule check
