[2023-10-13T18:08:34.268+0530] {processor.py:157} INFO - Started process (PID=36100) to work on /home/harika/airflow/dags/pdf_word.py
[2023-10-13T18:08:34.268+0530] {processor.py:829} INFO - Processing file /home/harika/airflow/dags/pdf_word.py for tasks to queue
[2023-10-13T18:08:34.269+0530] {logging_mixin.py:151} INFO - [2023-10-13T18:08:34.269+0530] {dagbag.py:539} INFO - Filling up the DagBag from /home/harika/airflow/dags/pdf_word.py
[2023-10-13T18:08:34.307+0530] {processor.py:839} INFO - DAG(s) dict_keys(['pdf_word_count_dag']) retrieved from /home/harika/airflow/dags/pdf_word.py
[2023-10-13T18:08:34.311+0530] {logging_mixin.py:151} INFO - [2023-10-13T18:08:34.311+0530] {dag.py:2915} INFO - Sync 1 DAGs
[2023-10-13T18:08:34.320+0530] {logging_mixin.py:151} INFO - [2023-10-13T18:08:34.320+0530] {dag.py:3696} INFO - Setting next_dagrun for pdf_word_count_dag to None, run_after=None
[2023-10-13T18:08:34.340+0530] {processor.py:179} INFO - Processing /home/harika/airflow/dags/pdf_word.py took 0.074 seconds
[2023-10-13T18:09:25.435+0530] {processor.py:157} INFO - Started process (PID=36200) to work on /home/harika/airflow/dags/pdf_word.py
[2023-10-13T18:09:25.435+0530] {processor.py:829} INFO - Processing file /home/harika/airflow/dags/pdf_word.py for tasks to queue
[2023-10-13T18:09:25.436+0530] {logging_mixin.py:151} INFO - [2023-10-13T18:09:25.436+0530] {dagbag.py:539} INFO - Filling up the DagBag from /home/harika/airflow/dags/pdf_word.py
[2023-10-13T18:09:25.468+0530] {processor.py:839} INFO - DAG(s) dict_keys(['pdf_word_count_dag']) retrieved from /home/harika/airflow/dags/pdf_word.py
[2023-10-13T18:09:25.476+0530] {logging_mixin.py:151} INFO - [2023-10-13T18:09:25.476+0530] {dag.py:2915} INFO - Sync 1 DAGs
[2023-10-13T18:09:25.484+0530] {logging_mixin.py:151} INFO - [2023-10-13T18:09:25.483+0530] {dag.py:3696} INFO - Setting next_dagrun for pdf_word_count_dag to None, run_after=None
[2023-10-13T18:09:25.496+0530] {processor.py:179} INFO - Processing /home/harika/airflow/dags/pdf_word.py took 0.063 seconds
[2023-10-13T18:10:07.680+0530] {processor.py:157} INFO - Started process (PID=36310) to work on /home/harika/airflow/dags/pdf_word.py
[2023-10-13T18:10:07.687+0530] {processor.py:829} INFO - Processing file /home/harika/airflow/dags/pdf_word.py for tasks to queue
[2023-10-13T18:10:07.688+0530] {logging_mixin.py:151} INFO - [2023-10-13T18:10:07.687+0530] {dagbag.py:539} INFO - Filling up the DagBag from /home/harika/airflow/dags/pdf_word.py
[2023-10-13T18:10:07.723+0530] {processor.py:839} INFO - DAG(s) dict_keys(['pdf_word_count_dag']) retrieved from /home/harika/airflow/dags/pdf_word.py
[2023-10-13T18:10:07.733+0530] {logging_mixin.py:151} INFO - [2023-10-13T18:10:07.733+0530] {dag.py:2915} INFO - Sync 1 DAGs
[2023-10-13T18:10:07.741+0530] {logging_mixin.py:151} INFO - [2023-10-13T18:10:07.741+0530] {dag.py:3696} INFO - Setting next_dagrun for pdf_word_count_dag to None, run_after=None
[2023-10-13T18:10:07.754+0530] {processor.py:179} INFO - Processing /home/harika/airflow/dags/pdf_word.py took 0.076 seconds
[2023-10-13T18:10:51.307+0530] {processor.py:157} INFO - Started process (PID=36378) to work on /home/harika/airflow/dags/pdf_word.py
[2023-10-13T18:10:51.315+0530] {processor.py:829} INFO - Processing file /home/harika/airflow/dags/pdf_word.py for tasks to queue
[2023-10-13T18:10:51.317+0530] {logging_mixin.py:151} INFO - [2023-10-13T18:10:51.316+0530] {dagbag.py:539} INFO - Filling up the DagBag from /home/harika/airflow/dags/pdf_word.py
[2023-10-13T18:10:51.379+0530] {processor.py:839} INFO - DAG(s) dict_keys(['pdf_word_count_dag']) retrieved from /home/harika/airflow/dags/pdf_word.py
[2023-10-13T18:10:51.388+0530] {logging_mixin.py:151} INFO - [2023-10-13T18:10:51.387+0530] {dag.py:2915} INFO - Sync 1 DAGs
[2023-10-13T18:10:51.395+0530] {logging_mixin.py:151} INFO - [2023-10-13T18:10:51.395+0530] {dag.py:3696} INFO - Setting next_dagrun for pdf_word_count_dag to None, run_after=None
[2023-10-13T18:10:51.409+0530] {processor.py:179} INFO - Processing /home/harika/airflow/dags/pdf_word.py took 0.104 seconds
[2023-10-13T18:11:37.543+0530] {processor.py:157} INFO - Started process (PID=36434) to work on /home/harika/airflow/dags/pdf_word.py
[2023-10-13T18:11:37.544+0530] {processor.py:829} INFO - Processing file /home/harika/airflow/dags/pdf_word.py for tasks to queue
[2023-10-13T18:11:37.544+0530] {logging_mixin.py:151} INFO - [2023-10-13T18:11:37.544+0530] {dagbag.py:539} INFO - Filling up the DagBag from /home/harika/airflow/dags/pdf_word.py
[2023-10-13T18:11:37.576+0530] {processor.py:839} INFO - DAG(s) dict_keys(['pdf_word_count_dag']) retrieved from /home/harika/airflow/dags/pdf_word.py
[2023-10-13T18:11:37.585+0530] {logging_mixin.py:151} INFO - [2023-10-13T18:11:37.585+0530] {dag.py:2915} INFO - Sync 1 DAGs
[2023-10-13T18:11:37.593+0530] {logging_mixin.py:151} INFO - [2023-10-13T18:11:37.593+0530] {dag.py:3696} INFO - Setting next_dagrun for pdf_word_count_dag to None, run_after=None
[2023-10-13T18:11:37.606+0530] {processor.py:179} INFO - Processing /home/harika/airflow/dags/pdf_word.py took 0.064 seconds
[2023-10-13T18:12:21.040+0530] {processor.py:157} INFO - Started process (PID=36485) to work on /home/harika/airflow/dags/pdf_word.py
[2023-10-13T18:12:21.047+0530] {processor.py:829} INFO - Processing file /home/harika/airflow/dags/pdf_word.py for tasks to queue
[2023-10-13T18:12:21.048+0530] {logging_mixin.py:151} INFO - [2023-10-13T18:12:21.047+0530] {dagbag.py:539} INFO - Filling up the DagBag from /home/harika/airflow/dags/pdf_word.py
[2023-10-13T18:12:21.082+0530] {processor.py:839} INFO - DAG(s) dict_keys(['pdf_word_count_dag']) retrieved from /home/harika/airflow/dags/pdf_word.py
[2023-10-13T18:12:21.092+0530] {logging_mixin.py:151} INFO - [2023-10-13T18:12:21.092+0530] {dag.py:2915} INFO - Sync 1 DAGs
[2023-10-13T18:12:21.101+0530] {logging_mixin.py:151} INFO - [2023-10-13T18:12:21.100+0530] {dag.py:3696} INFO - Setting next_dagrun for pdf_word_count_dag to None, run_after=None
[2023-10-13T18:12:21.116+0530] {processor.py:179} INFO - Processing /home/harika/airflow/dags/pdf_word.py took 0.078 seconds
[2023-10-13T18:13:03.695+0530] {processor.py:157} INFO - Started process (PID=36737) to work on /home/harika/airflow/dags/pdf_word.py
[2023-10-13T18:13:03.695+0530] {processor.py:829} INFO - Processing file /home/harika/airflow/dags/pdf_word.py for tasks to queue
[2023-10-13T18:13:03.696+0530] {logging_mixin.py:151} INFO - [2023-10-13T18:13:03.696+0530] {dagbag.py:539} INFO - Filling up the DagBag from /home/harika/airflow/dags/pdf_word.py
[2023-10-13T18:13:03.728+0530] {processor.py:839} INFO - DAG(s) dict_keys(['pdf_word_count_dag']) retrieved from /home/harika/airflow/dags/pdf_word.py
[2023-10-13T18:13:03.737+0530] {logging_mixin.py:151} INFO - [2023-10-13T18:13:03.737+0530] {dag.py:2915} INFO - Sync 1 DAGs
[2023-10-13T18:13:03.744+0530] {logging_mixin.py:151} INFO - [2023-10-13T18:13:03.744+0530] {dag.py:3696} INFO - Setting next_dagrun for pdf_word_count_dag to None, run_after=None
[2023-10-13T18:13:03.757+0530] {processor.py:179} INFO - Processing /home/harika/airflow/dags/pdf_word.py took 0.064 seconds
[2023-10-13T18:13:42.461+0530] {processor.py:157} INFO - Started process (PID=36783) to work on /home/harika/airflow/dags/pdf_word.py
[2023-10-13T18:13:42.462+0530] {processor.py:829} INFO - Processing file /home/harika/airflow/dags/pdf_word.py for tasks to queue
[2023-10-13T18:13:42.463+0530] {logging_mixin.py:151} INFO - [2023-10-13T18:13:42.462+0530] {dagbag.py:539} INFO - Filling up the DagBag from /home/harika/airflow/dags/pdf_word.py
[2023-10-13T18:13:42.497+0530] {processor.py:839} INFO - DAG(s) dict_keys(['pdf_word_count_dag']) retrieved from /home/harika/airflow/dags/pdf_word.py
[2023-10-13T18:13:42.506+0530] {logging_mixin.py:151} INFO - [2023-10-13T18:13:42.506+0530] {dag.py:2915} INFO - Sync 1 DAGs
[2023-10-13T18:13:42.515+0530] {logging_mixin.py:151} INFO - [2023-10-13T18:13:42.515+0530] {dag.py:3696} INFO - Setting next_dagrun for pdf_word_count_dag to None, run_after=None
[2023-10-13T18:13:42.528+0530] {processor.py:179} INFO - Processing /home/harika/airflow/dags/pdf_word.py took 0.069 seconds
[2023-10-13T18:14:24.701+0530] {processor.py:157} INFO - Started process (PID=36833) to work on /home/harika/airflow/dags/pdf_word.py
[2023-10-13T18:14:24.708+0530] {processor.py:829} INFO - Processing file /home/harika/airflow/dags/pdf_word.py for tasks to queue
[2023-10-13T18:14:24.710+0530] {logging_mixin.py:151} INFO - [2023-10-13T18:14:24.709+0530] {dagbag.py:539} INFO - Filling up the DagBag from /home/harika/airflow/dags/pdf_word.py
[2023-10-13T18:14:24.772+0530] {processor.py:839} INFO - DAG(s) dict_keys(['pdf_word_count_dag']) retrieved from /home/harika/airflow/dags/pdf_word.py
[2023-10-13T18:14:24.780+0530] {logging_mixin.py:151} INFO - [2023-10-13T18:14:24.780+0530] {dag.py:2915} INFO - Sync 1 DAGs
[2023-10-13T18:14:24.788+0530] {logging_mixin.py:151} INFO - [2023-10-13T18:14:24.788+0530] {dag.py:3696} INFO - Setting next_dagrun for pdf_word_count_dag to None, run_after=None
[2023-10-13T18:14:24.801+0530] {processor.py:179} INFO - Processing /home/harika/airflow/dags/pdf_word.py took 0.102 seconds
[2023-10-13T18:15:05.658+0530] {processor.py:157} INFO - Started process (PID=36904) to work on /home/harika/airflow/dags/pdf_word.py
[2023-10-13T18:15:05.659+0530] {processor.py:829} INFO - Processing file /home/harika/airflow/dags/pdf_word.py for tasks to queue
[2023-10-13T18:15:05.659+0530] {logging_mixin.py:151} INFO - [2023-10-13T18:15:05.659+0530] {dagbag.py:539} INFO - Filling up the DagBag from /home/harika/airflow/dags/pdf_word.py
[2023-10-13T18:15:05.696+0530] {processor.py:839} INFO - DAG(s) dict_keys(['pdf_word_count_dag']) retrieved from /home/harika/airflow/dags/pdf_word.py
[2023-10-13T18:15:05.700+0530] {logging_mixin.py:151} INFO - [2023-10-13T18:15:05.700+0530] {dag.py:2915} INFO - Sync 1 DAGs
[2023-10-13T18:15:05.708+0530] {logging_mixin.py:151} INFO - [2023-10-13T18:15:05.708+0530] {dag.py:3696} INFO - Setting next_dagrun for pdf_word_count_dag to None, run_after=None
[2023-10-13T18:15:05.721+0530] {processor.py:179} INFO - Processing /home/harika/airflow/dags/pdf_word.py took 0.064 seconds
[2023-10-13T18:15:56.172+0530] {processor.py:157} INFO - Started process (PID=36965) to work on /home/harika/airflow/dags/pdf_word.py
[2023-10-13T18:15:56.173+0530] {processor.py:829} INFO - Processing file /home/harika/airflow/dags/pdf_word.py for tasks to queue
[2023-10-13T18:15:56.174+0530] {logging_mixin.py:151} INFO - [2023-10-13T18:15:56.173+0530] {dagbag.py:539} INFO - Filling up the DagBag from /home/harika/airflow/dags/pdf_word.py
[2023-10-13T18:15:56.207+0530] {processor.py:839} INFO - DAG(s) dict_keys(['pdf_word_count_dag']) retrieved from /home/harika/airflow/dags/pdf_word.py
[2023-10-13T18:15:56.216+0530] {logging_mixin.py:151} INFO - [2023-10-13T18:15:56.216+0530] {dag.py:2915} INFO - Sync 1 DAGs
[2023-10-13T18:15:56.224+0530] {logging_mixin.py:151} INFO - [2023-10-13T18:15:56.224+0530] {dag.py:3696} INFO - Setting next_dagrun for pdf_word_count_dag to None, run_after=None
[2023-10-13T18:15:56.238+0530] {processor.py:179} INFO - Processing /home/harika/airflow/dags/pdf_word.py took 0.067 seconds
[2023-10-13T18:16:39.218+0530] {processor.py:157} INFO - Started process (PID=37017) to work on /home/harika/airflow/dags/pdf_word.py
[2023-10-13T18:16:39.225+0530] {processor.py:829} INFO - Processing file /home/harika/airflow/dags/pdf_word.py for tasks to queue
[2023-10-13T18:16:39.227+0530] {logging_mixin.py:151} INFO - [2023-10-13T18:16:39.226+0530] {dagbag.py:539} INFO - Filling up the DagBag from /home/harika/airflow/dags/pdf_word.py
[2023-10-13T18:16:39.287+0530] {processor.py:839} INFO - DAG(s) dict_keys(['pdf_word_count_dag']) retrieved from /home/harika/airflow/dags/pdf_word.py
[2023-10-13T18:16:39.296+0530] {logging_mixin.py:151} INFO - [2023-10-13T18:16:39.296+0530] {dag.py:2915} INFO - Sync 1 DAGs
[2023-10-13T18:16:39.304+0530] {logging_mixin.py:151} INFO - [2023-10-13T18:16:39.304+0530] {dag.py:3696} INFO - Setting next_dagrun for pdf_word_count_dag to None, run_after=None
[2023-10-13T18:16:39.317+0530] {processor.py:179} INFO - Processing /home/harika/airflow/dags/pdf_word.py took 0.101 seconds
[2023-10-13T18:17:21.580+0530] {processor.py:157} INFO - Started process (PID=37072) to work on /home/harika/airflow/dags/pdf_word.py
[2023-10-13T18:17:21.587+0530] {processor.py:829} INFO - Processing file /home/harika/airflow/dags/pdf_word.py for tasks to queue
[2023-10-13T18:17:21.587+0530] {logging_mixin.py:151} INFO - [2023-10-13T18:17:21.587+0530] {dagbag.py:539} INFO - Filling up the DagBag from /home/harika/airflow/dags/pdf_word.py
[2023-10-13T18:17:21.619+0530] {processor.py:839} INFO - DAG(s) dict_keys(['pdf_word_count_dag']) retrieved from /home/harika/airflow/dags/pdf_word.py
[2023-10-13T18:17:21.627+0530] {logging_mixin.py:151} INFO - [2023-10-13T18:17:21.627+0530] {dag.py:2915} INFO - Sync 1 DAGs
[2023-10-13T18:17:21.635+0530] {logging_mixin.py:151} INFO - [2023-10-13T18:17:21.635+0530] {dag.py:3696} INFO - Setting next_dagrun for pdf_word_count_dag to None, run_after=None
[2023-10-13T18:17:21.648+0530] {processor.py:179} INFO - Processing /home/harika/airflow/dags/pdf_word.py took 0.070 seconds
[2023-10-13T18:18:06.985+0530] {processor.py:157} INFO - Started process (PID=37127) to work on /home/harika/airflow/dags/pdf_word.py
[2023-10-13T18:18:06.992+0530] {processor.py:829} INFO - Processing file /home/harika/airflow/dags/pdf_word.py for tasks to queue
[2023-10-13T18:18:06.993+0530] {logging_mixin.py:151} INFO - [2023-10-13T18:18:06.992+0530] {dagbag.py:539} INFO - Filling up the DagBag from /home/harika/airflow/dags/pdf_word.py
[2023-10-13T18:18:07.027+0530] {processor.py:839} INFO - DAG(s) dict_keys(['pdf_word_count_dag']) retrieved from /home/harika/airflow/dags/pdf_word.py
[2023-10-13T18:18:07.036+0530] {logging_mixin.py:151} INFO - [2023-10-13T18:18:07.036+0530] {dag.py:2915} INFO - Sync 1 DAGs
[2023-10-13T18:18:07.044+0530] {logging_mixin.py:151} INFO - [2023-10-13T18:18:07.044+0530] {dag.py:3696} INFO - Setting next_dagrun for pdf_word_count_dag to None, run_after=None
[2023-10-13T18:18:07.057+0530] {processor.py:179} INFO - Processing /home/harika/airflow/dags/pdf_word.py took 0.075 seconds
[2023-10-13T18:18:52.568+0530] {processor.py:157} INFO - Started process (PID=37174) to work on /home/harika/airflow/dags/pdf_word.py
[2023-10-13T18:18:52.575+0530] {processor.py:829} INFO - Processing file /home/harika/airflow/dags/pdf_word.py for tasks to queue
[2023-10-13T18:18:52.577+0530] {logging_mixin.py:151} INFO - [2023-10-13T18:18:52.576+0530] {dagbag.py:539} INFO - Filling up the DagBag from /home/harika/airflow/dags/pdf_word.py
[2023-10-13T18:18:52.639+0530] {processor.py:839} INFO - DAG(s) dict_keys(['pdf_word_count_dag']) retrieved from /home/harika/airflow/dags/pdf_word.py
[2023-10-13T18:18:52.647+0530] {logging_mixin.py:151} INFO - [2023-10-13T18:18:52.647+0530] {dag.py:2915} INFO - Sync 1 DAGs
[2023-10-13T18:18:52.655+0530] {logging_mixin.py:151} INFO - [2023-10-13T18:18:52.655+0530] {dag.py:3696} INFO - Setting next_dagrun for pdf_word_count_dag to None, run_after=None
[2023-10-13T18:18:52.669+0530] {processor.py:179} INFO - Processing /home/harika/airflow/dags/pdf_word.py took 0.102 seconds
[2023-10-13T18:19:21.998+0530] {processor.py:157} INFO - Started process (PID=37230) to work on /home/harika/airflow/dags/pdf_word.py
[2023-10-13T18:19:21.999+0530] {processor.py:829} INFO - Processing file /home/harika/airflow/dags/pdf_word.py for tasks to queue
[2023-10-13T18:19:22.000+0530] {logging_mixin.py:151} INFO - [2023-10-13T18:19:21.999+0530] {dagbag.py:539} INFO - Filling up the DagBag from /home/harika/airflow/dags/pdf_word.py
[2023-10-13T18:19:22.035+0530] {processor.py:839} INFO - DAG(s) dict_keys(['pdf_word_count_dag']) retrieved from /home/harika/airflow/dags/pdf_word.py
[2023-10-13T18:19:22.040+0530] {logging_mixin.py:151} INFO - [2023-10-13T18:19:22.040+0530] {dag.py:2915} INFO - Sync 1 DAGs
[2023-10-13T18:19:22.048+0530] {logging_mixin.py:151} INFO - [2023-10-13T18:19:22.048+0530] {dag.py:3696} INFO - Setting next_dagrun for pdf_word_count_dag to None, run_after=None
[2023-10-13T18:19:22.061+0530] {processor.py:179} INFO - Processing /home/harika/airflow/dags/pdf_word.py took 0.065 seconds
[2023-10-13T18:20:12.625+0530] {processor.py:157} INFO - Started process (PID=37334) to work on /home/harika/airflow/dags/pdf_word.py
[2023-10-13T18:20:12.625+0530] {processor.py:829} INFO - Processing file /home/harika/airflow/dags/pdf_word.py for tasks to queue
[2023-10-13T18:20:12.626+0530] {logging_mixin.py:151} INFO - [2023-10-13T18:20:12.626+0530] {dagbag.py:539} INFO - Filling up the DagBag from /home/harika/airflow/dags/pdf_word.py
[2023-10-13T18:20:12.663+0530] {processor.py:839} INFO - DAG(s) dict_keys(['pdf_word_count_dag']) retrieved from /home/harika/airflow/dags/pdf_word.py
[2023-10-13T18:20:12.672+0530] {logging_mixin.py:151} INFO - [2023-10-13T18:20:12.671+0530] {dag.py:2915} INFO - Sync 1 DAGs
[2023-10-13T18:20:12.680+0530] {logging_mixin.py:151} INFO - [2023-10-13T18:20:12.680+0530] {dag.py:3696} INFO - Setting next_dagrun for pdf_word_count_dag to None, run_after=None
[2023-10-13T18:20:12.694+0530] {processor.py:179} INFO - Processing /home/harika/airflow/dags/pdf_word.py took 0.071 seconds
[2023-10-13T18:20:54.135+0530] {processor.py:157} INFO - Started process (PID=37550) to work on /home/harika/airflow/dags/pdf_word.py
[2023-10-13T18:20:54.136+0530] {processor.py:829} INFO - Processing file /home/harika/airflow/dags/pdf_word.py for tasks to queue
[2023-10-13T18:20:54.136+0530] {logging_mixin.py:151} INFO - [2023-10-13T18:20:54.136+0530] {dagbag.py:539} INFO - Filling up the DagBag from /home/harika/airflow/dags/pdf_word.py
[2023-10-13T18:20:54.167+0530] {processor.py:839} INFO - DAG(s) dict_keys(['pdf_word_count_dag']) retrieved from /home/harika/airflow/dags/pdf_word.py
[2023-10-13T18:20:54.176+0530] {logging_mixin.py:151} INFO - [2023-10-13T18:20:54.176+0530] {dag.py:2915} INFO - Sync 1 DAGs
[2023-10-13T18:20:54.184+0530] {logging_mixin.py:151} INFO - [2023-10-13T18:20:54.183+0530] {dag.py:3696} INFO - Setting next_dagrun for pdf_word_count_dag to None, run_after=None
[2023-10-13T18:20:54.196+0530] {processor.py:179} INFO - Processing /home/harika/airflow/dags/pdf_word.py took 0.063 seconds
[2023-10-13T18:21:39.226+0530] {processor.py:157} INFO - Started process (PID=37603) to work on /home/harika/airflow/dags/pdf_word.py
[2023-10-13T18:21:39.233+0530] {processor.py:829} INFO - Processing file /home/harika/airflow/dags/pdf_word.py for tasks to queue
[2023-10-13T18:21:39.235+0530] {logging_mixin.py:151} INFO - [2023-10-13T18:21:39.234+0530] {dagbag.py:539} INFO - Filling up the DagBag from /home/harika/airflow/dags/pdf_word.py
[2023-10-13T18:21:39.298+0530] {processor.py:839} INFO - DAG(s) dict_keys(['pdf_word_count_dag']) retrieved from /home/harika/airflow/dags/pdf_word.py
[2023-10-13T18:21:39.306+0530] {logging_mixin.py:151} INFO - [2023-10-13T18:21:39.306+0530] {dag.py:2915} INFO - Sync 1 DAGs
[2023-10-13T18:21:39.314+0530] {logging_mixin.py:151} INFO - [2023-10-13T18:21:39.314+0530] {dag.py:3696} INFO - Setting next_dagrun for pdf_word_count_dag to None, run_after=None
[2023-10-13T18:21:39.326+0530] {processor.py:179} INFO - Processing /home/harika/airflow/dags/pdf_word.py took 0.103 seconds
[2023-10-13T18:22:23.388+0530] {processor.py:157} INFO - Started process (PID=37654) to work on /home/harika/airflow/dags/pdf_word.py
[2023-10-13T18:22:23.395+0530] {processor.py:829} INFO - Processing file /home/harika/airflow/dags/pdf_word.py for tasks to queue
[2023-10-13T18:22:23.395+0530] {logging_mixin.py:151} INFO - [2023-10-13T18:22:23.395+0530] {dagbag.py:539} INFO - Filling up the DagBag from /home/harika/airflow/dags/pdf_word.py
[2023-10-13T18:22:23.427+0530] {processor.py:839} INFO - DAG(s) dict_keys(['pdf_word_count_dag']) retrieved from /home/harika/airflow/dags/pdf_word.py
[2023-10-13T18:22:23.436+0530] {logging_mixin.py:151} INFO - [2023-10-13T18:22:23.436+0530] {dag.py:2915} INFO - Sync 1 DAGs
[2023-10-13T18:22:23.444+0530] {logging_mixin.py:151} INFO - [2023-10-13T18:22:23.444+0530] {dag.py:3696} INFO - Setting next_dagrun for pdf_word_count_dag to None, run_after=None
[2023-10-13T18:22:23.457+0530] {processor.py:179} INFO - Processing /home/harika/airflow/dags/pdf_word.py took 0.071 seconds
[2023-10-13T18:23:09.939+0530] {processor.py:157} INFO - Started process (PID=37712) to work on /home/harika/airflow/dags/pdf_word.py
[2023-10-13T18:23:09.940+0530] {processor.py:829} INFO - Processing file /home/harika/airflow/dags/pdf_word.py for tasks to queue
[2023-10-13T18:23:09.941+0530] {logging_mixin.py:151} INFO - [2023-10-13T18:23:09.941+0530] {dagbag.py:539} INFO - Filling up the DagBag from /home/harika/airflow/dags/pdf_word.py
[2023-10-13T18:23:09.992+0530] {processor.py:839} INFO - DAG(s) dict_keys(['pdf_word_count_dag']) retrieved from /home/harika/airflow/dags/pdf_word.py
[2023-10-13T18:23:10.000+0530] {logging_mixin.py:151} INFO - [2023-10-13T18:23:10.000+0530] {dag.py:2915} INFO - Sync 1 DAGs
[2023-10-13T18:23:10.008+0530] {logging_mixin.py:151} INFO - [2023-10-13T18:23:10.008+0530] {dag.py:3696} INFO - Setting next_dagrun for pdf_word_count_dag to None, run_after=None
[2023-10-13T18:23:10.021+0530] {processor.py:179} INFO - Processing /home/harika/airflow/dags/pdf_word.py took 0.087 seconds
[2023-10-13T18:23:54.215+0530] {processor.py:157} INFO - Started process (PID=37792) to work on /home/harika/airflow/dags/pdf_word.py
[2023-10-13T18:23:54.221+0530] {processor.py:829} INFO - Processing file /home/harika/airflow/dags/pdf_word.py for tasks to queue
[2023-10-13T18:23:54.222+0530] {logging_mixin.py:151} INFO - [2023-10-13T18:23:54.221+0530] {dagbag.py:539} INFO - Filling up the DagBag from /home/harika/airflow/dags/pdf_word.py
[2023-10-13T18:23:54.253+0530] {processor.py:839} INFO - DAG(s) dict_keys(['pdf_word_count_dag']) retrieved from /home/harika/airflow/dags/pdf_word.py
[2023-10-13T18:23:54.263+0530] {logging_mixin.py:151} INFO - [2023-10-13T18:23:54.263+0530] {dag.py:2915} INFO - Sync 1 DAGs
[2023-10-13T18:23:54.270+0530] {logging_mixin.py:151} INFO - [2023-10-13T18:23:54.270+0530] {dag.py:3696} INFO - Setting next_dagrun for pdf_word_count_dag to None, run_after=None
[2023-10-13T18:23:54.283+0530] {processor.py:179} INFO - Processing /home/harika/airflow/dags/pdf_word.py took 0.070 seconds
[2023-10-13T18:24:38.290+0530] {processor.py:157} INFO - Started process (PID=37869) to work on /home/harika/airflow/dags/pdf_word.py
[2023-10-13T18:24:38.296+0530] {processor.py:829} INFO - Processing file /home/harika/airflow/dags/pdf_word.py for tasks to queue
[2023-10-13T18:24:38.297+0530] {logging_mixin.py:151} INFO - [2023-10-13T18:24:38.297+0530] {dagbag.py:539} INFO - Filling up the DagBag from /home/harika/airflow/dags/pdf_word.py
[2023-10-13T18:24:38.330+0530] {processor.py:839} INFO - DAG(s) dict_keys(['pdf_word_count_dag']) retrieved from /home/harika/airflow/dags/pdf_word.py
[2023-10-13T18:24:38.340+0530] {logging_mixin.py:151} INFO - [2023-10-13T18:24:38.340+0530] {dag.py:2915} INFO - Sync 1 DAGs
[2023-10-13T18:24:38.348+0530] {logging_mixin.py:151} INFO - [2023-10-13T18:24:38.348+0530] {dag.py:3696} INFO - Setting next_dagrun for pdf_word_count_dag to None, run_after=None
[2023-10-13T18:24:38.362+0530] {processor.py:179} INFO - Processing /home/harika/airflow/dags/pdf_word.py took 0.074 seconds
[2023-10-13T18:25:21.119+0530] {processor.py:157} INFO - Started process (PID=37918) to work on /home/harika/airflow/dags/pdf_word.py
[2023-10-13T18:25:21.126+0530] {processor.py:829} INFO - Processing file /home/harika/airflow/dags/pdf_word.py for tasks to queue
[2023-10-13T18:25:21.126+0530] {logging_mixin.py:151} INFO - [2023-10-13T18:25:21.126+0530] {dagbag.py:539} INFO - Filling up the DagBag from /home/harika/airflow/dags/pdf_word.py
[2023-10-13T18:25:21.158+0530] {processor.py:839} INFO - DAG(s) dict_keys(['pdf_word_count_dag']) retrieved from /home/harika/airflow/dags/pdf_word.py
[2023-10-13T18:25:21.166+0530] {logging_mixin.py:151} INFO - [2023-10-13T18:25:21.166+0530] {dag.py:2915} INFO - Sync 1 DAGs
[2023-10-13T18:25:21.173+0530] {logging_mixin.py:151} INFO - [2023-10-13T18:25:21.173+0530] {dag.py:3696} INFO - Setting next_dagrun for pdf_word_count_dag to None, run_after=None
[2023-10-13T18:25:21.186+0530] {processor.py:179} INFO - Processing /home/harika/airflow/dags/pdf_word.py took 0.068 seconds
[2023-10-13T18:26:01.020+0530] {processor.py:157} INFO - Started process (PID=37967) to work on /home/harika/airflow/dags/pdf_word.py
[2023-10-13T18:26:01.021+0530] {processor.py:829} INFO - Processing file /home/harika/airflow/dags/pdf_word.py for tasks to queue
[2023-10-13T18:26:01.021+0530] {logging_mixin.py:151} INFO - [2023-10-13T18:26:01.021+0530] {dagbag.py:539} INFO - Filling up the DagBag from /home/harika/airflow/dags/pdf_word.py
[2023-10-13T18:26:01.058+0530] {processor.py:839} INFO - DAG(s) dict_keys(['pdf_word_count_dag']) retrieved from /home/harika/airflow/dags/pdf_word.py
[2023-10-13T18:26:01.066+0530] {logging_mixin.py:151} INFO - [2023-10-13T18:26:01.066+0530] {dag.py:2915} INFO - Sync 1 DAGs
[2023-10-13T18:26:01.074+0530] {logging_mixin.py:151} INFO - [2023-10-13T18:26:01.074+0530] {dag.py:3696} INFO - Setting next_dagrun for pdf_word_count_dag to None, run_after=None
[2023-10-13T18:26:01.087+0530] {processor.py:179} INFO - Processing /home/harika/airflow/dags/pdf_word.py took 0.069 seconds
[2023-10-13T18:26:44.026+0530] {processor.py:157} INFO - Started process (PID=38017) to work on /home/harika/airflow/dags/pdf_word.py
[2023-10-13T18:26:44.033+0530] {processor.py:829} INFO - Processing file /home/harika/airflow/dags/pdf_word.py for tasks to queue
[2023-10-13T18:26:44.035+0530] {logging_mixin.py:151} INFO - [2023-10-13T18:26:44.034+0530] {dagbag.py:539} INFO - Filling up the DagBag from /home/harika/airflow/dags/pdf_word.py
[2023-10-13T18:26:44.094+0530] {processor.py:839} INFO - DAG(s) dict_keys(['pdf_word_count_dag']) retrieved from /home/harika/airflow/dags/pdf_word.py
[2023-10-13T18:26:44.102+0530] {logging_mixin.py:151} INFO - [2023-10-13T18:26:44.102+0530] {dag.py:2915} INFO - Sync 1 DAGs
[2023-10-13T18:26:44.110+0530] {logging_mixin.py:151} INFO - [2023-10-13T18:26:44.110+0530] {dag.py:3696} INFO - Setting next_dagrun for pdf_word_count_dag to None, run_after=None
[2023-10-13T18:26:44.122+0530] {processor.py:179} INFO - Processing /home/harika/airflow/dags/pdf_word.py took 0.099 seconds
[2023-10-13T18:27:28.449+0530] {processor.py:157} INFO - Started process (PID=38071) to work on /home/harika/airflow/dags/pdf_word.py
[2023-10-13T18:27:28.456+0530] {processor.py:829} INFO - Processing file /home/harika/airflow/dags/pdf_word.py for tasks to queue
[2023-10-13T18:27:28.456+0530] {logging_mixin.py:151} INFO - [2023-10-13T18:27:28.456+0530] {dagbag.py:539} INFO - Filling up the DagBag from /home/harika/airflow/dags/pdf_word.py
[2023-10-13T18:27:28.491+0530] {processor.py:839} INFO - DAG(s) dict_keys(['pdf_word_count_dag']) retrieved from /home/harika/airflow/dags/pdf_word.py
[2023-10-13T18:27:28.502+0530] {logging_mixin.py:151} INFO - [2023-10-13T18:27:28.502+0530] {dag.py:2915} INFO - Sync 1 DAGs
[2023-10-13T18:27:28.512+0530] {logging_mixin.py:151} INFO - [2023-10-13T18:27:28.512+0530] {dag.py:3696} INFO - Setting next_dagrun for pdf_word_count_dag to None, run_after=None
[2023-10-13T18:27:28.527+0530] {processor.py:179} INFO - Processing /home/harika/airflow/dags/pdf_word.py took 0.080 seconds
[2023-10-13T18:28:13.821+0530] {processor.py:157} INFO - Started process (PID=38123) to work on /home/harika/airflow/dags/pdf_word.py
[2023-10-13T18:28:13.828+0530] {processor.py:829} INFO - Processing file /home/harika/airflow/dags/pdf_word.py for tasks to queue
[2023-10-13T18:28:13.829+0530] {logging_mixin.py:151} INFO - [2023-10-13T18:28:13.829+0530] {dagbag.py:539} INFO - Filling up the DagBag from /home/harika/airflow/dags/pdf_word.py
[2023-10-13T18:28:13.865+0530] {processor.py:839} INFO - DAG(s) dict_keys(['pdf_word_count_dag']) retrieved from /home/harika/airflow/dags/pdf_word.py
[2023-10-13T18:28:13.874+0530] {logging_mixin.py:151} INFO - [2023-10-13T18:28:13.874+0530] {dag.py:2915} INFO - Sync 1 DAGs
[2023-10-13T18:28:13.882+0530] {logging_mixin.py:151} INFO - [2023-10-13T18:28:13.882+0530] {dag.py:3696} INFO - Setting next_dagrun for pdf_word_count_dag to None, run_after=None
[2023-10-13T18:28:13.896+0530] {processor.py:179} INFO - Processing /home/harika/airflow/dags/pdf_word.py took 0.076 seconds
[2023-10-13T18:28:56.469+0530] {processor.py:157} INFO - Started process (PID=38203) to work on /home/harika/airflow/dags/pdf_word.py
[2023-10-13T18:28:56.476+0530] {processor.py:829} INFO - Processing file /home/harika/airflow/dags/pdf_word.py for tasks to queue
[2023-10-13T18:28:56.476+0530] {logging_mixin.py:151} INFO - [2023-10-13T18:28:56.476+0530] {dagbag.py:539} INFO - Filling up the DagBag from /home/harika/airflow/dags/pdf_word.py
[2023-10-13T18:28:56.524+0530] {processor.py:839} INFO - DAG(s) dict_keys(['pdf_word_count_dag']) retrieved from /home/harika/airflow/dags/pdf_word.py
[2023-10-13T18:28:56.536+0530] {logging_mixin.py:151} INFO - [2023-10-13T18:28:56.536+0530] {dag.py:2915} INFO - Sync 1 DAGs
[2023-10-13T18:28:56.547+0530] {logging_mixin.py:151} INFO - [2023-10-13T18:28:56.547+0530] {dag.py:3696} INFO - Setting next_dagrun for pdf_word_count_dag to None, run_after=None
[2023-10-13T18:28:56.567+0530] {processor.py:179} INFO - Processing /home/harika/airflow/dags/pdf_word.py took 0.102 seconds
[2023-10-13T18:29:38.509+0530] {processor.py:157} INFO - Started process (PID=38252) to work on /home/harika/airflow/dags/pdf_word.py
[2023-10-13T18:29:38.515+0530] {processor.py:829} INFO - Processing file /home/harika/airflow/dags/pdf_word.py for tasks to queue
[2023-10-13T18:29:38.516+0530] {logging_mixin.py:151} INFO - [2023-10-13T18:29:38.516+0530] {dagbag.py:539} INFO - Filling up the DagBag from /home/harika/airflow/dags/pdf_word.py
[2023-10-13T18:29:38.549+0530] {processor.py:839} INFO - DAG(s) dict_keys(['pdf_word_count_dag']) retrieved from /home/harika/airflow/dags/pdf_word.py
[2023-10-13T18:29:38.558+0530] {logging_mixin.py:151} INFO - [2023-10-13T18:29:38.558+0530] {dag.py:2915} INFO - Sync 1 DAGs
[2023-10-13T18:29:38.565+0530] {logging_mixin.py:151} INFO - [2023-10-13T18:29:38.565+0530] {dag.py:3696} INFO - Setting next_dagrun for pdf_word_count_dag to None, run_after=None
[2023-10-13T18:29:38.578+0530] {processor.py:179} INFO - Processing /home/harika/airflow/dags/pdf_word.py took 0.072 seconds
[2023-10-13T18:30:22.111+0530] {processor.py:157} INFO - Started process (PID=38305) to work on /home/harika/airflow/dags/pdf_word.py
[2023-10-13T18:30:22.119+0530] {processor.py:829} INFO - Processing file /home/harika/airflow/dags/pdf_word.py for tasks to queue
[2023-10-13T18:30:22.120+0530] {logging_mixin.py:151} INFO - [2023-10-13T18:30:22.120+0530] {dagbag.py:539} INFO - Filling up the DagBag from /home/harika/airflow/dags/pdf_word.py
[2023-10-13T18:30:22.175+0530] {processor.py:839} INFO - DAG(s) dict_keys(['pdf_word_count_dag']) retrieved from /home/harika/airflow/dags/pdf_word.py
[2023-10-13T18:30:22.185+0530] {logging_mixin.py:151} INFO - [2023-10-13T18:30:22.184+0530] {dag.py:2915} INFO - Sync 1 DAGs
[2023-10-13T18:30:22.192+0530] {logging_mixin.py:151} INFO - [2023-10-13T18:30:22.192+0530] {dag.py:3696} INFO - Setting next_dagrun for pdf_word_count_dag to None, run_after=None
[2023-10-13T18:30:22.204+0530] {processor.py:179} INFO - Processing /home/harika/airflow/dags/pdf_word.py took 0.100 seconds
[2023-10-13T18:31:07.786+0530] {processor.py:157} INFO - Started process (PID=38360) to work on /home/harika/airflow/dags/pdf_word.py
[2023-10-13T18:31:07.793+0530] {processor.py:829} INFO - Processing file /home/harika/airflow/dags/pdf_word.py for tasks to queue
[2023-10-13T18:31:07.793+0530] {logging_mixin.py:151} INFO - [2023-10-13T18:31:07.793+0530] {dagbag.py:539} INFO - Filling up the DagBag from /home/harika/airflow/dags/pdf_word.py
[2023-10-13T18:31:07.827+0530] {processor.py:839} INFO - DAG(s) dict_keys(['pdf_word_count_dag']) retrieved from /home/harika/airflow/dags/pdf_word.py
[2023-10-13T18:31:07.837+0530] {logging_mixin.py:151} INFO - [2023-10-13T18:31:07.837+0530] {dag.py:2915} INFO - Sync 1 DAGs
[2023-10-13T18:31:07.845+0530] {logging_mixin.py:151} INFO - [2023-10-13T18:31:07.844+0530] {dag.py:3696} INFO - Setting next_dagrun for pdf_word_count_dag to None, run_after=None
[2023-10-13T18:31:07.858+0530] {processor.py:179} INFO - Processing /home/harika/airflow/dags/pdf_word.py took 0.074 seconds
[2023-10-13T18:31:47.103+0530] {processor.py:157} INFO - Started process (PID=38421) to work on /home/harika/airflow/dags/pdf_word.py
[2023-10-13T18:31:47.110+0530] {processor.py:829} INFO - Processing file /home/harika/airflow/dags/pdf_word.py for tasks to queue
[2023-10-13T18:31:47.112+0530] {logging_mixin.py:151} INFO - [2023-10-13T18:31:47.111+0530] {dagbag.py:539} INFO - Filling up the DagBag from /home/harika/airflow/dags/pdf_word.py
[2023-10-13T18:31:47.172+0530] {processor.py:839} INFO - DAG(s) dict_keys(['pdf_word_count_dag']) retrieved from /home/harika/airflow/dags/pdf_word.py
[2023-10-13T18:31:47.181+0530] {logging_mixin.py:151} INFO - [2023-10-13T18:31:47.181+0530] {dag.py:2915} INFO - Sync 1 DAGs
[2023-10-13T18:31:47.189+0530] {logging_mixin.py:151} INFO - [2023-10-13T18:31:47.188+0530] {dag.py:3696} INFO - Setting next_dagrun for pdf_word_count_dag to None, run_after=None
[2023-10-13T18:31:47.201+0530] {processor.py:179} INFO - Processing /home/harika/airflow/dags/pdf_word.py took 0.101 seconds
[2023-10-13T18:32:31.373+0530] {processor.py:157} INFO - Started process (PID=38494) to work on /home/harika/airflow/dags/pdf_word.py
[2023-10-13T18:32:31.380+0530] {processor.py:829} INFO - Processing file /home/harika/airflow/dags/pdf_word.py for tasks to queue
[2023-10-13T18:32:31.380+0530] {logging_mixin.py:151} INFO - [2023-10-13T18:32:31.380+0530] {dagbag.py:539} INFO - Filling up the DagBag from /home/harika/airflow/dags/pdf_word.py
[2023-10-13T18:32:31.411+0530] {processor.py:839} INFO - DAG(s) dict_keys(['pdf_word_count_dag']) retrieved from /home/harika/airflow/dags/pdf_word.py
[2023-10-13T18:32:31.419+0530] {logging_mixin.py:151} INFO - [2023-10-13T18:32:31.419+0530] {dag.py:2915} INFO - Sync 1 DAGs
[2023-10-13T18:32:31.426+0530] {logging_mixin.py:151} INFO - [2023-10-13T18:32:31.426+0530] {dag.py:3696} INFO - Setting next_dagrun for pdf_word_count_dag to None, run_after=None
[2023-10-13T18:32:31.438+0530] {processor.py:179} INFO - Processing /home/harika/airflow/dags/pdf_word.py took 0.067 seconds
[2023-10-13T18:33:13.210+0530] {processor.py:157} INFO - Started process (PID=38547) to work on /home/harika/airflow/dags/pdf_word.py
[2023-10-13T18:33:13.218+0530] {processor.py:829} INFO - Processing file /home/harika/airflow/dags/pdf_word.py for tasks to queue
[2023-10-13T18:33:13.220+0530] {logging_mixin.py:151} INFO - [2023-10-13T18:33:13.219+0530] {dagbag.py:539} INFO - Filling up the DagBag from /home/harika/airflow/dags/pdf_word.py
[2023-10-13T18:33:13.266+0530] {processor.py:839} INFO - DAG(s) dict_keys(['pdf_word_count_dag']) retrieved from /home/harika/airflow/dags/pdf_word.py
[2023-10-13T18:33:13.275+0530] {logging_mixin.py:151} INFO - [2023-10-13T18:33:13.275+0530] {dag.py:2915} INFO - Sync 1 DAGs
[2023-10-13T18:33:13.282+0530] {logging_mixin.py:151} INFO - [2023-10-13T18:33:13.282+0530] {dag.py:3696} INFO - Setting next_dagrun for pdf_word_count_dag to None, run_after=None
[2023-10-13T18:33:13.295+0530] {processor.py:179} INFO - Processing /home/harika/airflow/dags/pdf_word.py took 0.094 seconds
[2023-10-13T18:33:57.752+0530] {processor.py:157} INFO - Started process (PID=38598) to work on /home/harika/airflow/dags/pdf_word.py
[2023-10-13T18:33:57.759+0530] {processor.py:829} INFO - Processing file /home/harika/airflow/dags/pdf_word.py for tasks to queue
[2023-10-13T18:33:57.761+0530] {logging_mixin.py:151} INFO - [2023-10-13T18:33:57.760+0530] {dagbag.py:539} INFO - Filling up the DagBag from /home/harika/airflow/dags/pdf_word.py
[2023-10-13T18:33:57.796+0530] {processor.py:839} INFO - DAG(s) dict_keys(['pdf_word_count_dag']) retrieved from /home/harika/airflow/dags/pdf_word.py
[2023-10-13T18:33:57.805+0530] {logging_mixin.py:151} INFO - [2023-10-13T18:33:57.804+0530] {dag.py:2915} INFO - Sync 1 DAGs
[2023-10-13T18:33:57.813+0530] {logging_mixin.py:151} INFO - [2023-10-13T18:33:57.813+0530] {dag.py:3696} INFO - Setting next_dagrun for pdf_word_count_dag to None, run_after=None
[2023-10-13T18:33:57.825+0530] {processor.py:179} INFO - Processing /home/harika/airflow/dags/pdf_word.py took 0.076 seconds
[2023-10-13T18:34:42.830+0530] {processor.py:157} INFO - Started process (PID=38652) to work on /home/harika/airflow/dags/pdf_word.py
[2023-10-13T18:34:42.837+0530] {processor.py:829} INFO - Processing file /home/harika/airflow/dags/pdf_word.py for tasks to queue
[2023-10-13T18:34:42.837+0530] {logging_mixin.py:151} INFO - [2023-10-13T18:34:42.837+0530] {dagbag.py:539} INFO - Filling up the DagBag from /home/harika/airflow/dags/pdf_word.py
[2023-10-13T18:34:42.869+0530] {processor.py:839} INFO - DAG(s) dict_keys(['pdf_word_count_dag']) retrieved from /home/harika/airflow/dags/pdf_word.py
[2023-10-13T18:34:42.878+0530] {logging_mixin.py:151} INFO - [2023-10-13T18:34:42.878+0530] {dag.py:2915} INFO - Sync 1 DAGs
[2023-10-13T18:34:42.886+0530] {logging_mixin.py:151} INFO - [2023-10-13T18:34:42.885+0530] {dag.py:3696} INFO - Setting next_dagrun for pdf_word_count_dag to None, run_after=None
[2023-10-13T18:34:42.898+0530] {processor.py:179} INFO - Processing /home/harika/airflow/dags/pdf_word.py took 0.069 seconds
[2023-10-13T18:35:25.090+0530] {processor.py:157} INFO - Started process (PID=38702) to work on /home/harika/airflow/dags/pdf_word.py
[2023-10-13T18:35:25.097+0530] {processor.py:829} INFO - Processing file /home/harika/airflow/dags/pdf_word.py for tasks to queue
[2023-10-13T18:35:25.097+0530] {logging_mixin.py:151} INFO - [2023-10-13T18:35:25.097+0530] {dagbag.py:539} INFO - Filling up the DagBag from /home/harika/airflow/dags/pdf_word.py
[2023-10-13T18:35:25.128+0530] {processor.py:839} INFO - DAG(s) dict_keys(['pdf_word_count_dag']) retrieved from /home/harika/airflow/dags/pdf_word.py
[2023-10-13T18:35:25.137+0530] {logging_mixin.py:151} INFO - [2023-10-13T18:35:25.137+0530] {dag.py:2915} INFO - Sync 1 DAGs
[2023-10-13T18:35:25.145+0530] {logging_mixin.py:151} INFO - [2023-10-13T18:35:25.145+0530] {dag.py:3696} INFO - Setting next_dagrun for pdf_word_count_dag to None, run_after=None
[2023-10-13T18:35:25.158+0530] {processor.py:179} INFO - Processing /home/harika/airflow/dags/pdf_word.py took 0.070 seconds
[2023-10-13T18:36:10.049+0530] {processor.py:157} INFO - Started process (PID=38755) to work on /home/harika/airflow/dags/pdf_word.py
[2023-10-13T18:36:10.049+0530] {processor.py:829} INFO - Processing file /home/harika/airflow/dags/pdf_word.py for tasks to queue
[2023-10-13T18:36:10.050+0530] {logging_mixin.py:151} INFO - [2023-10-13T18:36:10.049+0530] {dagbag.py:539} INFO - Filling up the DagBag from /home/harika/airflow/dags/pdf_word.py
[2023-10-13T18:36:10.081+0530] {processor.py:839} INFO - DAG(s) dict_keys(['pdf_word_count_dag']) retrieved from /home/harika/airflow/dags/pdf_word.py
[2023-10-13T18:36:10.090+0530] {logging_mixin.py:151} INFO - [2023-10-13T18:36:10.090+0530] {dag.py:2915} INFO - Sync 1 DAGs
[2023-10-13T18:36:10.098+0530] {logging_mixin.py:151} INFO - [2023-10-13T18:36:10.098+0530] {dag.py:3696} INFO - Setting next_dagrun for pdf_word_count_dag to None, run_after=None
[2023-10-13T18:36:10.111+0530] {processor.py:179} INFO - Processing /home/harika/airflow/dags/pdf_word.py took 0.064 seconds
[2023-10-13T18:36:52.254+0530] {processor.py:157} INFO - Started process (PID=38801) to work on /home/harika/airflow/dags/pdf_word.py
[2023-10-13T18:36:52.261+0530] {processor.py:829} INFO - Processing file /home/harika/airflow/dags/pdf_word.py for tasks to queue
[2023-10-13T18:36:52.263+0530] {logging_mixin.py:151} INFO - [2023-10-13T18:36:52.262+0530] {dagbag.py:539} INFO - Filling up the DagBag from /home/harika/airflow/dags/pdf_word.py
[2023-10-13T18:36:52.296+0530] {processor.py:839} INFO - DAG(s) dict_keys(['pdf_word_count_dag']) retrieved from /home/harika/airflow/dags/pdf_word.py
[2023-10-13T18:36:52.305+0530] {logging_mixin.py:151} INFO - [2023-10-13T18:36:52.305+0530] {dag.py:2915} INFO - Sync 1 DAGs
[2023-10-13T18:36:52.313+0530] {logging_mixin.py:151} INFO - [2023-10-13T18:36:52.313+0530] {dag.py:3696} INFO - Setting next_dagrun for pdf_word_count_dag to None, run_after=None
[2023-10-13T18:36:52.326+0530] {processor.py:179} INFO - Processing /home/harika/airflow/dags/pdf_word.py took 0.074 seconds
[2023-10-13T18:37:34.673+0530] {processor.py:157} INFO - Started process (PID=38857) to work on /home/harika/airflow/dags/pdf_word.py
[2023-10-13T18:37:34.674+0530] {processor.py:829} INFO - Processing file /home/harika/airflow/dags/pdf_word.py for tasks to queue
[2023-10-13T18:37:34.675+0530] {logging_mixin.py:151} INFO - [2023-10-13T18:37:34.674+0530] {dagbag.py:539} INFO - Filling up the DagBag from /home/harika/airflow/dags/pdf_word.py
[2023-10-13T18:37:34.713+0530] {processor.py:839} INFO - DAG(s) dict_keys(['pdf_word_count_dag']) retrieved from /home/harika/airflow/dags/pdf_word.py
[2023-10-13T18:37:34.722+0530] {logging_mixin.py:151} INFO - [2023-10-13T18:37:34.722+0530] {dag.py:2915} INFO - Sync 1 DAGs
[2023-10-13T18:37:34.732+0530] {logging_mixin.py:151} INFO - [2023-10-13T18:37:34.732+0530] {dag.py:3696} INFO - Setting next_dagrun for pdf_word_count_dag to None, run_after=None
[2023-10-13T18:37:34.748+0530] {processor.py:179} INFO - Processing /home/harika/airflow/dags/pdf_word.py took 0.077 seconds
[2023-10-13T18:38:19.721+0530] {processor.py:157} INFO - Started process (PID=38911) to work on /home/harika/airflow/dags/pdf_word.py
[2023-10-13T18:38:19.721+0530] {processor.py:829} INFO - Processing file /home/harika/airflow/dags/pdf_word.py for tasks to queue
[2023-10-13T18:38:19.722+0530] {logging_mixin.py:151} INFO - [2023-10-13T18:38:19.722+0530] {dagbag.py:539} INFO - Filling up the DagBag from /home/harika/airflow/dags/pdf_word.py
[2023-10-13T18:38:19.757+0530] {processor.py:839} INFO - DAG(s) dict_keys(['pdf_word_count_dag']) retrieved from /home/harika/airflow/dags/pdf_word.py
[2023-10-13T18:38:19.767+0530] {logging_mixin.py:151} INFO - [2023-10-13T18:38:19.767+0530] {dag.py:2915} INFO - Sync 1 DAGs
[2023-10-13T18:38:19.777+0530] {logging_mixin.py:151} INFO - [2023-10-13T18:38:19.777+0530] {dag.py:3696} INFO - Setting next_dagrun for pdf_word_count_dag to None, run_after=None
[2023-10-13T18:38:19.800+0530] {processor.py:179} INFO - Processing /home/harika/airflow/dags/pdf_word.py took 0.081 seconds
[2023-10-13T18:39:01.887+0530] {processor.py:157} INFO - Started process (PID=38960) to work on /home/harika/airflow/dags/pdf_word.py
[2023-10-13T18:39:01.894+0530] {processor.py:829} INFO - Processing file /home/harika/airflow/dags/pdf_word.py for tasks to queue
[2023-10-13T18:39:01.896+0530] {logging_mixin.py:151} INFO - [2023-10-13T18:39:01.895+0530] {dagbag.py:539} INFO - Filling up the DagBag from /home/harika/airflow/dags/pdf_word.py
[2023-10-13T18:39:01.958+0530] {processor.py:839} INFO - DAG(s) dict_keys(['pdf_word_count_dag']) retrieved from /home/harika/airflow/dags/pdf_word.py
[2023-10-13T18:39:01.967+0530] {logging_mixin.py:151} INFO - [2023-10-13T18:39:01.967+0530] {dag.py:2915} INFO - Sync 1 DAGs
[2023-10-13T18:39:01.976+0530] {logging_mixin.py:151} INFO - [2023-10-13T18:39:01.976+0530] {dag.py:3696} INFO - Setting next_dagrun for pdf_word_count_dag to None, run_after=None
[2023-10-13T18:39:01.989+0530] {processor.py:179} INFO - Processing /home/harika/airflow/dags/pdf_word.py took 0.104 seconds
[2023-10-13T18:39:44.499+0530] {processor.py:157} INFO - Started process (PID=39010) to work on /home/harika/airflow/dags/pdf_word.py
[2023-10-13T18:39:44.506+0530] {processor.py:829} INFO - Processing file /home/harika/airflow/dags/pdf_word.py for tasks to queue
[2023-10-13T18:39:44.508+0530] {logging_mixin.py:151} INFO - [2023-10-13T18:39:44.507+0530] {dagbag.py:539} INFO - Filling up the DagBag from /home/harika/airflow/dags/pdf_word.py
[2023-10-13T18:39:44.562+0530] {processor.py:839} INFO - DAG(s) dict_keys(['pdf_word_count_dag']) retrieved from /home/harika/airflow/dags/pdf_word.py
[2023-10-13T18:39:44.571+0530] {logging_mixin.py:151} INFO - [2023-10-13T18:39:44.571+0530] {dag.py:2915} INFO - Sync 1 DAGs
[2023-10-13T18:39:44.579+0530] {logging_mixin.py:151} INFO - [2023-10-13T18:39:44.579+0530] {dag.py:3696} INFO - Setting next_dagrun for pdf_word_count_dag to None, run_after=None
[2023-10-13T18:39:44.592+0530] {processor.py:179} INFO - Processing /home/harika/airflow/dags/pdf_word.py took 0.096 seconds
[2023-10-13T18:40:26.915+0530] {processor.py:157} INFO - Started process (PID=39060) to work on /home/harika/airflow/dags/pdf_word.py
[2023-10-13T18:40:26.923+0530] {processor.py:829} INFO - Processing file /home/harika/airflow/dags/pdf_word.py for tasks to queue
[2023-10-13T18:40:26.925+0530] {logging_mixin.py:151} INFO - [2023-10-13T18:40:26.924+0530] {dagbag.py:539} INFO - Filling up the DagBag from /home/harika/airflow/dags/pdf_word.py
[2023-10-13T18:40:26.982+0530] {processor.py:839} INFO - DAG(s) dict_keys(['pdf_word_count_dag']) retrieved from /home/harika/airflow/dags/pdf_word.py
[2023-10-13T18:40:26.990+0530] {logging_mixin.py:151} INFO - [2023-10-13T18:40:26.990+0530] {dag.py:2915} INFO - Sync 1 DAGs
[2023-10-13T18:40:26.998+0530] {logging_mixin.py:151} INFO - [2023-10-13T18:40:26.998+0530] {dag.py:3696} INFO - Setting next_dagrun for pdf_word_count_dag to None, run_after=None
[2023-10-13T18:40:27.011+0530] {processor.py:179} INFO - Processing /home/harika/airflow/dags/pdf_word.py took 0.101 seconds
[2023-10-13T18:41:09.203+0530] {processor.py:157} INFO - Started process (PID=39111) to work on /home/harika/airflow/dags/pdf_word.py
[2023-10-13T18:41:09.210+0530] {processor.py:829} INFO - Processing file /home/harika/airflow/dags/pdf_word.py for tasks to queue
[2023-10-13T18:41:09.212+0530] {logging_mixin.py:151} INFO - [2023-10-13T18:41:09.211+0530] {dagbag.py:539} INFO - Filling up the DagBag from /home/harika/airflow/dags/pdf_word.py
[2023-10-13T18:41:09.268+0530] {processor.py:839} INFO - DAG(s) dict_keys(['pdf_word_count_dag']) retrieved from /home/harika/airflow/dags/pdf_word.py
[2023-10-13T18:41:09.277+0530] {logging_mixin.py:151} INFO - [2023-10-13T18:41:09.277+0530] {dag.py:2915} INFO - Sync 1 DAGs
[2023-10-13T18:41:09.285+0530] {logging_mixin.py:151} INFO - [2023-10-13T18:41:09.285+0530] {dag.py:3696} INFO - Setting next_dagrun for pdf_word_count_dag to None, run_after=None
[2023-10-13T18:41:09.298+0530] {processor.py:179} INFO - Processing /home/harika/airflow/dags/pdf_word.py took 0.098 seconds
[2023-10-13T18:41:54.308+0530] {processor.py:157} INFO - Started process (PID=39163) to work on /home/harika/airflow/dags/pdf_word.py
[2023-10-13T18:41:54.309+0530] {processor.py:829} INFO - Processing file /home/harika/airflow/dags/pdf_word.py for tasks to queue
[2023-10-13T18:41:54.309+0530] {logging_mixin.py:151} INFO - [2023-10-13T18:41:54.309+0530] {dagbag.py:539} INFO - Filling up the DagBag from /home/harika/airflow/dags/pdf_word.py
[2023-10-13T18:41:54.345+0530] {processor.py:839} INFO - DAG(s) dict_keys(['pdf_word_count_dag']) retrieved from /home/harika/airflow/dags/pdf_word.py
[2023-10-13T18:41:54.353+0530] {logging_mixin.py:151} INFO - [2023-10-13T18:41:54.353+0530] {dag.py:2915} INFO - Sync 1 DAGs
[2023-10-13T18:41:54.361+0530] {logging_mixin.py:151} INFO - [2023-10-13T18:41:54.360+0530] {dag.py:3696} INFO - Setting next_dagrun for pdf_word_count_dag to None, run_after=None
[2023-10-13T18:41:54.373+0530] {processor.py:179} INFO - Processing /home/harika/airflow/dags/pdf_word.py took 0.068 seconds
[2023-10-13T18:42:36.615+0530] {processor.py:157} INFO - Started process (PID=39215) to work on /home/harika/airflow/dags/pdf_word.py
[2023-10-13T18:42:36.622+0530] {processor.py:829} INFO - Processing file /home/harika/airflow/dags/pdf_word.py for tasks to queue
[2023-10-13T18:42:36.624+0530] {logging_mixin.py:151} INFO - [2023-10-13T18:42:36.624+0530] {dagbag.py:539} INFO - Filling up the DagBag from /home/harika/airflow/dags/pdf_word.py
[2023-10-13T18:42:36.683+0530] {processor.py:839} INFO - DAG(s) dict_keys(['pdf_word_count_dag']) retrieved from /home/harika/airflow/dags/pdf_word.py
[2023-10-13T18:42:36.694+0530] {logging_mixin.py:151} INFO - [2023-10-13T18:42:36.694+0530] {dag.py:2915} INFO - Sync 1 DAGs
[2023-10-13T18:42:36.703+0530] {logging_mixin.py:151} INFO - [2023-10-13T18:42:36.703+0530] {dag.py:3696} INFO - Setting next_dagrun for pdf_word_count_dag to None, run_after=None
[2023-10-13T18:42:36.735+0530] {processor.py:179} INFO - Processing /home/harika/airflow/dags/pdf_word.py took 0.122 seconds
[2023-10-13T18:43:20.263+0530] {processor.py:157} INFO - Started process (PID=39270) to work on /home/harika/airflow/dags/pdf_word.py
[2023-10-13T18:43:20.264+0530] {processor.py:829} INFO - Processing file /home/harika/airflow/dags/pdf_word.py for tasks to queue
[2023-10-13T18:43:20.264+0530] {logging_mixin.py:151} INFO - [2023-10-13T18:43:20.264+0530] {dagbag.py:539} INFO - Filling up the DagBag from /home/harika/airflow/dags/pdf_word.py
[2023-10-13T18:43:20.307+0530] {processor.py:839} INFO - DAG(s) dict_keys(['pdf_word_count_dag']) retrieved from /home/harika/airflow/dags/pdf_word.py
[2023-10-13T18:43:20.315+0530] {logging_mixin.py:151} INFO - [2023-10-13T18:43:20.315+0530] {dag.py:2915} INFO - Sync 1 DAGs
[2023-10-13T18:43:20.323+0530] {logging_mixin.py:151} INFO - [2023-10-13T18:43:20.322+0530] {dag.py:3696} INFO - Setting next_dagrun for pdf_word_count_dag to None, run_after=None
[2023-10-13T18:43:20.335+0530] {processor.py:179} INFO - Processing /home/harika/airflow/dags/pdf_word.py took 0.075 seconds
[2023-10-13T18:44:02.334+0530] {processor.py:157} INFO - Started process (PID=39321) to work on /home/harika/airflow/dags/pdf_word.py
[2023-10-13T18:44:02.340+0530] {processor.py:829} INFO - Processing file /home/harika/airflow/dags/pdf_word.py for tasks to queue
[2023-10-13T18:44:02.341+0530] {logging_mixin.py:151} INFO - [2023-10-13T18:44:02.341+0530] {dagbag.py:539} INFO - Filling up the DagBag from /home/harika/airflow/dags/pdf_word.py
[2023-10-13T18:44:02.372+0530] {processor.py:839} INFO - DAG(s) dict_keys(['pdf_word_count_dag']) retrieved from /home/harika/airflow/dags/pdf_word.py
[2023-10-13T18:44:02.381+0530] {logging_mixin.py:151} INFO - [2023-10-13T18:44:02.381+0530] {dag.py:2915} INFO - Sync 1 DAGs
[2023-10-13T18:44:02.389+0530] {logging_mixin.py:151} INFO - [2023-10-13T18:44:02.389+0530] {dag.py:3696} INFO - Setting next_dagrun for pdf_word_count_dag to None, run_after=None
[2023-10-13T18:44:02.401+0530] {processor.py:179} INFO - Processing /home/harika/airflow/dags/pdf_word.py took 0.069 seconds
[2023-10-13T18:44:43.883+0530] {processor.py:157} INFO - Started process (PID=39373) to work on /home/harika/airflow/dags/pdf_word.py
[2023-10-13T18:44:43.883+0530] {processor.py:829} INFO - Processing file /home/harika/airflow/dags/pdf_word.py for tasks to queue
[2023-10-13T18:44:43.884+0530] {logging_mixin.py:151} INFO - [2023-10-13T18:44:43.884+0530] {dagbag.py:539} INFO - Filling up the DagBag from /home/harika/airflow/dags/pdf_word.py
[2023-10-13T18:44:43.916+0530] {processor.py:839} INFO - DAG(s) dict_keys(['pdf_word_count_dag']) retrieved from /home/harika/airflow/dags/pdf_word.py
[2023-10-13T18:44:43.925+0530] {logging_mixin.py:151} INFO - [2023-10-13T18:44:43.925+0530] {dag.py:2915} INFO - Sync 1 DAGs
[2023-10-13T18:44:43.933+0530] {logging_mixin.py:151} INFO - [2023-10-13T18:44:43.933+0530] {dag.py:3696} INFO - Setting next_dagrun for pdf_word_count_dag to None, run_after=None
[2023-10-13T18:44:43.947+0530] {processor.py:179} INFO - Processing /home/harika/airflow/dags/pdf_word.py took 0.065 seconds
[2023-10-13T18:45:29.630+0530] {processor.py:157} INFO - Started process (PID=39422) to work on /home/harika/airflow/dags/pdf_word.py
[2023-10-13T18:45:29.637+0530] {processor.py:829} INFO - Processing file /home/harika/airflow/dags/pdf_word.py for tasks to queue
[2023-10-13T18:45:29.639+0530] {logging_mixin.py:151} INFO - [2023-10-13T18:45:29.638+0530] {dagbag.py:539} INFO - Filling up the DagBag from /home/harika/airflow/dags/pdf_word.py
[2023-10-13T18:45:29.701+0530] {processor.py:839} INFO - DAG(s) dict_keys(['pdf_word_count_dag']) retrieved from /home/harika/airflow/dags/pdf_word.py
[2023-10-13T18:45:29.711+0530] {logging_mixin.py:151} INFO - [2023-10-13T18:45:29.710+0530] {dag.py:2915} INFO - Sync 1 DAGs
[2023-10-13T18:45:29.718+0530] {logging_mixin.py:151} INFO - [2023-10-13T18:45:29.718+0530] {dag.py:3696} INFO - Setting next_dagrun for pdf_word_count_dag to None, run_after=None
[2023-10-13T18:45:29.731+0530] {processor.py:179} INFO - Processing /home/harika/airflow/dags/pdf_word.py took 0.104 seconds
[2023-10-13T18:46:13.744+0530] {processor.py:157} INFO - Started process (PID=39478) to work on /home/harika/airflow/dags/pdf_word.py
[2023-10-13T18:46:13.752+0530] {processor.py:829} INFO - Processing file /home/harika/airflow/dags/pdf_word.py for tasks to queue
[2023-10-13T18:46:13.754+0530] {logging_mixin.py:151} INFO - [2023-10-13T18:46:13.753+0530] {dagbag.py:539} INFO - Filling up the DagBag from /home/harika/airflow/dags/pdf_word.py
[2023-10-13T18:46:13.806+0530] {processor.py:839} INFO - DAG(s) dict_keys(['pdf_word_count_dag']) retrieved from /home/harika/airflow/dags/pdf_word.py
[2023-10-13T18:46:13.815+0530] {logging_mixin.py:151} INFO - [2023-10-13T18:46:13.814+0530] {dag.py:2915} INFO - Sync 1 DAGs
[2023-10-13T18:46:13.822+0530] {logging_mixin.py:151} INFO - [2023-10-13T18:46:13.822+0530] {dag.py:3696} INFO - Setting next_dagrun for pdf_word_count_dag to None, run_after=None
[2023-10-13T18:46:13.835+0530] {processor.py:179} INFO - Processing /home/harika/airflow/dags/pdf_word.py took 0.097 seconds
[2023-10-13T18:46:56.263+0530] {processor.py:157} INFO - Started process (PID=39527) to work on /home/harika/airflow/dags/pdf_word.py
[2023-10-13T18:46:56.270+0530] {processor.py:829} INFO - Processing file /home/harika/airflow/dags/pdf_word.py for tasks to queue
[2023-10-13T18:46:56.270+0530] {logging_mixin.py:151} INFO - [2023-10-13T18:46:56.270+0530] {dagbag.py:539} INFO - Filling up the DagBag from /home/harika/airflow/dags/pdf_word.py
[2023-10-13T18:46:56.313+0530] {processor.py:839} INFO - DAG(s) dict_keys(['pdf_word_count_dag']) retrieved from /home/harika/airflow/dags/pdf_word.py
[2023-10-13T18:46:56.327+0530] {logging_mixin.py:151} INFO - [2023-10-13T18:46:56.327+0530] {dag.py:2915} INFO - Sync 1 DAGs
[2023-10-13T18:46:56.339+0530] {logging_mixin.py:151} INFO - [2023-10-13T18:46:56.339+0530] {dag.py:3696} INFO - Setting next_dagrun for pdf_word_count_dag to None, run_after=None
[2023-10-13T18:46:56.363+0530] {processor.py:179} INFO - Processing /home/harika/airflow/dags/pdf_word.py took 0.102 seconds
[2023-10-13T18:47:37.658+0530] {processor.py:157} INFO - Started process (PID=39637) to work on /home/harika/airflow/dags/pdf_word.py
[2023-10-13T18:47:37.665+0530] {processor.py:829} INFO - Processing file /home/harika/airflow/dags/pdf_word.py for tasks to queue
[2023-10-13T18:47:37.665+0530] {logging_mixin.py:151} INFO - [2023-10-13T18:47:37.665+0530] {dagbag.py:539} INFO - Filling up the DagBag from /home/harika/airflow/dags/pdf_word.py
[2023-10-13T18:47:37.700+0530] {processor.py:839} INFO - DAG(s) dict_keys(['pdf_word_count_dag']) retrieved from /home/harika/airflow/dags/pdf_word.py
[2023-10-13T18:47:37.709+0530] {logging_mixin.py:151} INFO - [2023-10-13T18:47:37.709+0530] {dag.py:2915} INFO - Sync 1 DAGs
[2023-10-13T18:47:37.716+0530] {logging_mixin.py:151} INFO - [2023-10-13T18:47:37.716+0530] {dag.py:3696} INFO - Setting next_dagrun for pdf_word_count_dag to None, run_after=None
[2023-10-13T18:47:37.729+0530] {processor.py:179} INFO - Processing /home/harika/airflow/dags/pdf_word.py took 0.073 seconds
[2023-10-13T18:48:23.058+0530] {processor.py:157} INFO - Started process (PID=39690) to work on /home/harika/airflow/dags/pdf_word.py
[2023-10-13T18:48:23.064+0530] {processor.py:829} INFO - Processing file /home/harika/airflow/dags/pdf_word.py for tasks to queue
[2023-10-13T18:48:23.065+0530] {logging_mixin.py:151} INFO - [2023-10-13T18:48:23.064+0530] {dagbag.py:539} INFO - Filling up the DagBag from /home/harika/airflow/dags/pdf_word.py
[2023-10-13T18:48:23.098+0530] {processor.py:839} INFO - DAG(s) dict_keys(['pdf_word_count_dag']) retrieved from /home/harika/airflow/dags/pdf_word.py
[2023-10-13T18:48:23.107+0530] {logging_mixin.py:151} INFO - [2023-10-13T18:48:23.107+0530] {dag.py:2915} INFO - Sync 1 DAGs
[2023-10-13T18:48:23.114+0530] {logging_mixin.py:151} INFO - [2023-10-13T18:48:23.114+0530] {dag.py:3696} INFO - Setting next_dagrun for pdf_word_count_dag to None, run_after=None
[2023-10-13T18:48:23.127+0530] {processor.py:179} INFO - Processing /home/harika/airflow/dags/pdf_word.py took 0.072 seconds
[2023-10-13T18:49:08.091+0530] {processor.py:157} INFO - Started process (PID=39745) to work on /home/harika/airflow/dags/pdf_word.py
[2023-10-13T18:49:08.098+0530] {processor.py:829} INFO - Processing file /home/harika/airflow/dags/pdf_word.py for tasks to queue
[2023-10-13T18:49:08.098+0530] {logging_mixin.py:151} INFO - [2023-10-13T18:49:08.098+0530] {dagbag.py:539} INFO - Filling up the DagBag from /home/harika/airflow/dags/pdf_word.py
[2023-10-13T18:49:08.131+0530] {processor.py:839} INFO - DAG(s) dict_keys(['pdf_word_count_dag']) retrieved from /home/harika/airflow/dags/pdf_word.py
[2023-10-13T18:49:08.140+0530] {logging_mixin.py:151} INFO - [2023-10-13T18:49:08.140+0530] {dag.py:2915} INFO - Sync 1 DAGs
[2023-10-13T18:49:08.147+0530] {logging_mixin.py:151} INFO - [2023-10-13T18:49:08.147+0530] {dag.py:3696} INFO - Setting next_dagrun for pdf_word_count_dag to None, run_after=None
[2023-10-13T18:49:08.160+0530] {processor.py:179} INFO - Processing /home/harika/airflow/dags/pdf_word.py took 0.071 seconds
[2023-10-13T18:49:47.494+0530] {processor.py:157} INFO - Started process (PID=39790) to work on /home/harika/airflow/dags/pdf_word.py
[2023-10-13T18:49:47.500+0530] {processor.py:829} INFO - Processing file /home/harika/airflow/dags/pdf_word.py for tasks to queue
[2023-10-13T18:49:47.501+0530] {logging_mixin.py:151} INFO - [2023-10-13T18:49:47.501+0530] {dagbag.py:539} INFO - Filling up the DagBag from /home/harika/airflow/dags/pdf_word.py
[2023-10-13T18:49:47.536+0530] {processor.py:839} INFO - DAG(s) dict_keys(['pdf_word_count_dag']) retrieved from /home/harika/airflow/dags/pdf_word.py
[2023-10-13T18:49:47.545+0530] {logging_mixin.py:151} INFO - [2023-10-13T18:49:47.545+0530] {dag.py:2915} INFO - Sync 1 DAGs
[2023-10-13T18:49:47.552+0530] {logging_mixin.py:151} INFO - [2023-10-13T18:49:47.552+0530] {dag.py:3696} INFO - Setting next_dagrun for pdf_word_count_dag to None, run_after=None
[2023-10-13T18:49:47.565+0530] {processor.py:179} INFO - Processing /home/harika/airflow/dags/pdf_word.py took 0.073 seconds
[2023-10-13T18:50:29.127+0530] {processor.py:157} INFO - Started process (PID=39838) to work on /home/harika/airflow/dags/pdf_word.py
[2023-10-13T18:50:29.133+0530] {processor.py:829} INFO - Processing file /home/harika/airflow/dags/pdf_word.py for tasks to queue
[2023-10-13T18:50:29.134+0530] {logging_mixin.py:151} INFO - [2023-10-13T18:50:29.133+0530] {dagbag.py:539} INFO - Filling up the DagBag from /home/harika/airflow/dags/pdf_word.py
[2023-10-13T18:50:29.165+0530] {processor.py:839} INFO - DAG(s) dict_keys(['pdf_word_count_dag']) retrieved from /home/harika/airflow/dags/pdf_word.py
[2023-10-13T18:50:29.173+0530] {logging_mixin.py:151} INFO - [2023-10-13T18:50:29.173+0530] {dag.py:2915} INFO - Sync 1 DAGs
[2023-10-13T18:50:29.181+0530] {logging_mixin.py:151} INFO - [2023-10-13T18:50:29.181+0530] {dag.py:3696} INFO - Setting next_dagrun for pdf_word_count_dag to None, run_after=None
[2023-10-13T18:50:29.193+0530] {processor.py:179} INFO - Processing /home/harika/airflow/dags/pdf_word.py took 0.069 seconds
[2023-10-13T18:51:10.517+0530] {processor.py:157} INFO - Started process (PID=39901) to work on /home/harika/airflow/dags/pdf_word.py
[2023-10-13T18:51:10.523+0530] {processor.py:829} INFO - Processing file /home/harika/airflow/dags/pdf_word.py for tasks to queue
[2023-10-13T18:51:10.524+0530] {logging_mixin.py:151} INFO - [2023-10-13T18:51:10.523+0530] {dagbag.py:539} INFO - Filling up the DagBag from /home/harika/airflow/dags/pdf_word.py
[2023-10-13T18:51:10.554+0530] {processor.py:839} INFO - DAG(s) dict_keys(['pdf_word_count_dag']) retrieved from /home/harika/airflow/dags/pdf_word.py
[2023-10-13T18:51:10.563+0530] {logging_mixin.py:151} INFO - [2023-10-13T18:51:10.563+0530] {dag.py:2915} INFO - Sync 1 DAGs
[2023-10-13T18:51:10.570+0530] {logging_mixin.py:151} INFO - [2023-10-13T18:51:10.570+0530] {dag.py:3696} INFO - Setting next_dagrun for pdf_word_count_dag to None, run_after=None
[2023-10-13T18:51:10.583+0530] {processor.py:179} INFO - Processing /home/harika/airflow/dags/pdf_word.py took 0.068 seconds
[2023-10-13T18:51:53.610+0530] {processor.py:157} INFO - Started process (PID=39950) to work on /home/harika/airflow/dags/pdf_word.py
[2023-10-13T18:51:53.617+0530] {processor.py:829} INFO - Processing file /home/harika/airflow/dags/pdf_word.py for tasks to queue
[2023-10-13T18:51:53.619+0530] {logging_mixin.py:151} INFO - [2023-10-13T18:51:53.618+0530] {dagbag.py:539} INFO - Filling up the DagBag from /home/harika/airflow/dags/pdf_word.py
[2023-10-13T18:51:53.680+0530] {processor.py:839} INFO - DAG(s) dict_keys(['pdf_word_count_dag']) retrieved from /home/harika/airflow/dags/pdf_word.py
[2023-10-13T18:51:53.688+0530] {logging_mixin.py:151} INFO - [2023-10-13T18:51:53.688+0530] {dag.py:2915} INFO - Sync 1 DAGs
[2023-10-13T18:51:53.696+0530] {logging_mixin.py:151} INFO - [2023-10-13T18:51:53.695+0530] {dag.py:3696} INFO - Setting next_dagrun for pdf_word_count_dag to None, run_after=None
[2023-10-13T18:51:53.708+0530] {processor.py:179} INFO - Processing /home/harika/airflow/dags/pdf_word.py took 0.100 seconds
[2023-10-13T18:52:37.511+0530] {processor.py:157} INFO - Started process (PID=39999) to work on /home/harika/airflow/dags/pdf_word.py
[2023-10-13T18:52:37.518+0530] {processor.py:829} INFO - Processing file /home/harika/airflow/dags/pdf_word.py for tasks to queue
[2023-10-13T18:52:37.520+0530] {logging_mixin.py:151} INFO - [2023-10-13T18:52:37.519+0530] {dagbag.py:539} INFO - Filling up the DagBag from /home/harika/airflow/dags/pdf_word.py
[2023-10-13T18:52:37.555+0530] {processor.py:839} INFO - DAG(s) dict_keys(['pdf_word_count_dag']) retrieved from /home/harika/airflow/dags/pdf_word.py
[2023-10-13T18:52:37.564+0530] {logging_mixin.py:151} INFO - [2023-10-13T18:52:37.564+0530] {dag.py:2915} INFO - Sync 1 DAGs
[2023-10-13T18:52:37.571+0530] {logging_mixin.py:151} INFO - [2023-10-13T18:52:37.571+0530] {dag.py:3696} INFO - Setting next_dagrun for pdf_word_count_dag to None, run_after=None
[2023-10-13T18:52:37.584+0530] {processor.py:179} INFO - Processing /home/harika/airflow/dags/pdf_word.py took 0.075 seconds
[2023-10-13T18:53:21.310+0530] {processor.py:157} INFO - Started process (PID=40049) to work on /home/harika/airflow/dags/pdf_word.py
[2023-10-13T18:53:21.317+0530] {processor.py:829} INFO - Processing file /home/harika/airflow/dags/pdf_word.py for tasks to queue
[2023-10-13T18:53:21.317+0530] {logging_mixin.py:151} INFO - [2023-10-13T18:53:21.317+0530] {dagbag.py:539} INFO - Filling up the DagBag from /home/harika/airflow/dags/pdf_word.py
[2023-10-13T18:53:21.348+0530] {processor.py:839} INFO - DAG(s) dict_keys(['pdf_word_count_dag']) retrieved from /home/harika/airflow/dags/pdf_word.py
[2023-10-13T18:53:21.356+0530] {logging_mixin.py:151} INFO - [2023-10-13T18:53:21.356+0530] {dag.py:2915} INFO - Sync 1 DAGs
[2023-10-13T18:53:21.363+0530] {logging_mixin.py:151} INFO - [2023-10-13T18:53:21.363+0530] {dag.py:3696} INFO - Setting next_dagrun for pdf_word_count_dag to None, run_after=None
[2023-10-13T18:53:21.376+0530] {processor.py:179} INFO - Processing /home/harika/airflow/dags/pdf_word.py took 0.067 seconds
[2023-10-13T18:53:59.420+0530] {processor.py:157} INFO - Started process (PID=40097) to work on /home/harika/airflow/dags/pdf_word.py
[2023-10-13T18:53:59.427+0530] {processor.py:829} INFO - Processing file /home/harika/airflow/dags/pdf_word.py for tasks to queue
[2023-10-13T18:53:59.429+0530] {logging_mixin.py:151} INFO - [2023-10-13T18:53:59.428+0530] {dagbag.py:539} INFO - Filling up the DagBag from /home/harika/airflow/dags/pdf_word.py
[2023-10-13T18:53:59.465+0530] {processor.py:839} INFO - DAG(s) dict_keys(['pdf_word_count_dag']) retrieved from /home/harika/airflow/dags/pdf_word.py
[2023-10-13T18:53:59.474+0530] {logging_mixin.py:151} INFO - [2023-10-13T18:53:59.474+0530] {dag.py:2915} INFO - Sync 1 DAGs
[2023-10-13T18:53:59.482+0530] {logging_mixin.py:151} INFO - [2023-10-13T18:53:59.482+0530] {dag.py:3696} INFO - Setting next_dagrun for pdf_word_count_dag to None, run_after=None
[2023-10-13T18:53:59.496+0530] {processor.py:179} INFO - Processing /home/harika/airflow/dags/pdf_word.py took 0.078 seconds
[2023-10-13T18:54:39.020+0530] {processor.py:157} INFO - Started process (PID=40150) to work on /home/harika/airflow/dags/pdf_word.py
[2023-10-13T18:54:39.027+0530] {processor.py:829} INFO - Processing file /home/harika/airflow/dags/pdf_word.py for tasks to queue
[2023-10-13T18:54:39.027+0530] {logging_mixin.py:151} INFO - [2023-10-13T18:54:39.027+0530] {dagbag.py:539} INFO - Filling up the DagBag from /home/harika/airflow/dags/pdf_word.py
[2023-10-13T18:54:39.075+0530] {processor.py:839} INFO - DAG(s) dict_keys(['pdf_word_count_dag']) retrieved from /home/harika/airflow/dags/pdf_word.py
[2023-10-13T18:54:39.084+0530] {logging_mixin.py:151} INFO - [2023-10-13T18:54:39.083+0530] {dag.py:2915} INFO - Sync 1 DAGs
[2023-10-13T18:54:39.091+0530] {logging_mixin.py:151} INFO - [2023-10-13T18:54:39.091+0530] {dag.py:3696} INFO - Setting next_dagrun for pdf_word_count_dag to None, run_after=None
[2023-10-13T18:54:39.103+0530] {processor.py:179} INFO - Processing /home/harika/airflow/dags/pdf_word.py took 0.086 seconds
[2023-10-13T18:55:22.981+0530] {processor.py:157} INFO - Started process (PID=40205) to work on /home/harika/airflow/dags/pdf_word.py
[2023-10-13T18:55:22.988+0530] {processor.py:829} INFO - Processing file /home/harika/airflow/dags/pdf_word.py for tasks to queue
[2023-10-13T18:55:22.989+0530] {logging_mixin.py:151} INFO - [2023-10-13T18:55:22.988+0530] {dagbag.py:539} INFO - Filling up the DagBag from /home/harika/airflow/dags/pdf_word.py
[2023-10-13T18:55:23.031+0530] {processor.py:839} INFO - DAG(s) dict_keys(['pdf_word_count_dag']) retrieved from /home/harika/airflow/dags/pdf_word.py
[2023-10-13T18:55:23.039+0530] {logging_mixin.py:151} INFO - [2023-10-13T18:55:23.039+0530] {dag.py:2915} INFO - Sync 1 DAGs
[2023-10-13T18:55:23.047+0530] {logging_mixin.py:151} INFO - [2023-10-13T18:55:23.047+0530] {dag.py:3696} INFO - Setting next_dagrun for pdf_word_count_dag to None, run_after=None
[2023-10-13T18:55:23.059+0530] {processor.py:179} INFO - Processing /home/harika/airflow/dags/pdf_word.py took 0.080 seconds
[2023-10-13T18:56:02.390+0530] {processor.py:157} INFO - Started process (PID=40259) to work on /home/harika/airflow/dags/pdf_word.py
[2023-10-13T18:56:02.397+0530] {processor.py:829} INFO - Processing file /home/harika/airflow/dags/pdf_word.py for tasks to queue
[2023-10-13T18:56:02.397+0530] {logging_mixin.py:151} INFO - [2023-10-13T18:56:02.397+0530] {dagbag.py:539} INFO - Filling up the DagBag from /home/harika/airflow/dags/pdf_word.py
[2023-10-13T18:56:02.431+0530] {processor.py:839} INFO - DAG(s) dict_keys(['pdf_word_count_dag']) retrieved from /home/harika/airflow/dags/pdf_word.py
[2023-10-13T18:56:02.441+0530] {logging_mixin.py:151} INFO - [2023-10-13T18:56:02.441+0530] {dag.py:2915} INFO - Sync 1 DAGs
[2023-10-13T18:56:02.449+0530] {logging_mixin.py:151} INFO - [2023-10-13T18:56:02.449+0530] {dag.py:3696} INFO - Setting next_dagrun for pdf_word_count_dag to None, run_after=None
[2023-10-13T18:56:02.471+0530] {processor.py:179} INFO - Processing /home/harika/airflow/dags/pdf_word.py took 0.083 seconds
[2023-10-13T18:56:42.339+0530] {processor.py:157} INFO - Started process (PID=40312) to work on /home/harika/airflow/dags/pdf_word.py
[2023-10-13T18:56:42.346+0530] {processor.py:829} INFO - Processing file /home/harika/airflow/dags/pdf_word.py for tasks to queue
[2023-10-13T18:56:42.346+0530] {logging_mixin.py:151} INFO - [2023-10-13T18:56:42.346+0530] {dagbag.py:539} INFO - Filling up the DagBag from /home/harika/airflow/dags/pdf_word.py
[2023-10-13T18:56:42.378+0530] {processor.py:839} INFO - DAG(s) dict_keys(['pdf_word_count_dag']) retrieved from /home/harika/airflow/dags/pdf_word.py
[2023-10-13T18:56:42.387+0530] {logging_mixin.py:151} INFO - [2023-10-13T18:56:42.387+0530] {dag.py:2915} INFO - Sync 1 DAGs
[2023-10-13T18:56:42.394+0530] {logging_mixin.py:151} INFO - [2023-10-13T18:56:42.394+0530] {dag.py:3696} INFO - Setting next_dagrun for pdf_word_count_dag to None, run_after=None
[2023-10-13T18:56:42.407+0530] {processor.py:179} INFO - Processing /home/harika/airflow/dags/pdf_word.py took 0.069 seconds
[2023-10-13T18:57:26.667+0530] {processor.py:157} INFO - Started process (PID=40362) to work on /home/harika/airflow/dags/pdf_word.py
[2023-10-13T18:57:26.674+0530] {processor.py:829} INFO - Processing file /home/harika/airflow/dags/pdf_word.py for tasks to queue
[2023-10-13T18:57:26.676+0530] {logging_mixin.py:151} INFO - [2023-10-13T18:57:26.675+0530] {dagbag.py:539} INFO - Filling up the DagBag from /home/harika/airflow/dags/pdf_word.py
[2023-10-13T18:57:26.735+0530] {processor.py:839} INFO - DAG(s) dict_keys(['pdf_word_count_dag']) retrieved from /home/harika/airflow/dags/pdf_word.py
[2023-10-13T18:57:26.743+0530] {logging_mixin.py:151} INFO - [2023-10-13T18:57:26.743+0530] {dag.py:2915} INFO - Sync 1 DAGs
[2023-10-13T18:57:26.751+0530] {logging_mixin.py:151} INFO - [2023-10-13T18:57:26.751+0530] {dag.py:3696} INFO - Setting next_dagrun for pdf_word_count_dag to None, run_after=None
[2023-10-13T18:57:26.764+0530] {processor.py:179} INFO - Processing /home/harika/airflow/dags/pdf_word.py took 0.101 seconds
[2023-10-13T18:58:10.061+0530] {processor.py:157} INFO - Started process (PID=40417) to work on /home/harika/airflow/dags/pdf_word.py
[2023-10-13T18:58:10.068+0530] {processor.py:829} INFO - Processing file /home/harika/airflow/dags/pdf_word.py for tasks to queue
[2023-10-13T18:58:10.070+0530] {logging_mixin.py:151} INFO - [2023-10-13T18:58:10.069+0530] {dagbag.py:539} INFO - Filling up the DagBag from /home/harika/airflow/dags/pdf_word.py
[2023-10-13T18:58:10.105+0530] {processor.py:839} INFO - DAG(s) dict_keys(['pdf_word_count_dag']) retrieved from /home/harika/airflow/dags/pdf_word.py
[2023-10-13T18:58:10.113+0530] {logging_mixin.py:151} INFO - [2023-10-13T18:58:10.113+0530] {dag.py:2915} INFO - Sync 1 DAGs
[2023-10-13T18:58:10.121+0530] {logging_mixin.py:151} INFO - [2023-10-13T18:58:10.120+0530] {dag.py:3696} INFO - Setting next_dagrun for pdf_word_count_dag to None, run_after=None
[2023-10-13T18:58:10.133+0530] {processor.py:179} INFO - Processing /home/harika/airflow/dags/pdf_word.py took 0.074 seconds
[2023-10-13T18:58:53.525+0530] {processor.py:157} INFO - Started process (PID=40533) to work on /home/harika/airflow/dags/pdf_word.py
[2023-10-13T18:58:53.525+0530] {processor.py:829} INFO - Processing file /home/harika/airflow/dags/pdf_word.py for tasks to queue
[2023-10-13T18:58:53.526+0530] {logging_mixin.py:151} INFO - [2023-10-13T18:58:53.526+0530] {dagbag.py:539} INFO - Filling up the DagBag from /home/harika/airflow/dags/pdf_word.py
[2023-10-13T18:58:53.562+0530] {processor.py:839} INFO - DAG(s) dict_keys(['pdf_word_count_dag']) retrieved from /home/harika/airflow/dags/pdf_word.py
[2023-10-13T18:58:53.571+0530] {logging_mixin.py:151} INFO - [2023-10-13T18:58:53.571+0530] {dag.py:2915} INFO - Sync 1 DAGs
[2023-10-13T18:58:53.578+0530] {logging_mixin.py:151} INFO - [2023-10-13T18:58:53.578+0530] {dag.py:3696} INFO - Setting next_dagrun for pdf_word_count_dag to None, run_after=None
[2023-10-13T18:58:53.591+0530] {processor.py:179} INFO - Processing /home/harika/airflow/dags/pdf_word.py took 0.068 seconds
[2023-10-13T18:59:37.494+0530] {processor.py:157} INFO - Started process (PID=40594) to work on /home/harika/airflow/dags/pdf_word.py
[2023-10-13T18:59:37.497+0530] {processor.py:829} INFO - Processing file /home/harika/airflow/dags/pdf_word.py for tasks to queue
[2023-10-13T18:59:37.497+0530] {logging_mixin.py:151} INFO - [2023-10-13T18:59:37.497+0530] {dagbag.py:539} INFO - Filling up the DagBag from /home/harika/airflow/dags/pdf_word.py
[2023-10-13T18:59:37.528+0530] {processor.py:839} INFO - DAG(s) dict_keys(['pdf_word_count_dag']) retrieved from /home/harika/airflow/dags/pdf_word.py
[2023-10-13T18:59:37.537+0530] {logging_mixin.py:151} INFO - [2023-10-13T18:59:37.537+0530] {dag.py:2915} INFO - Sync 1 DAGs
[2023-10-13T18:59:37.544+0530] {logging_mixin.py:151} INFO - [2023-10-13T18:59:37.544+0530] {dag.py:3696} INFO - Setting next_dagrun for pdf_word_count_dag to None, run_after=None
[2023-10-13T18:59:37.558+0530] {processor.py:179} INFO - Processing /home/harika/airflow/dags/pdf_word.py took 0.066 seconds
[2023-10-13T19:00:23.007+0530] {processor.py:157} INFO - Started process (PID=40659) to work on /home/harika/airflow/dags/pdf_word.py
[2023-10-13T19:00:23.014+0530] {processor.py:829} INFO - Processing file /home/harika/airflow/dags/pdf_word.py for tasks to queue
[2023-10-13T19:00:23.015+0530] {logging_mixin.py:151} INFO - [2023-10-13T19:00:23.015+0530] {dagbag.py:539} INFO - Filling up the DagBag from /home/harika/airflow/dags/pdf_word.py
[2023-10-13T19:00:23.057+0530] {processor.py:839} INFO - DAG(s) dict_keys(['pdf_word_count_dag']) retrieved from /home/harika/airflow/dags/pdf_word.py
[2023-10-13T19:00:23.067+0530] {logging_mixin.py:151} INFO - [2023-10-13T19:00:23.067+0530] {dag.py:2915} INFO - Sync 1 DAGs
[2023-10-13T19:00:23.076+0530] {logging_mixin.py:151} INFO - [2023-10-13T19:00:23.076+0530] {dag.py:3696} INFO - Setting next_dagrun for pdf_word_count_dag to None, run_after=None
[2023-10-13T19:00:23.090+0530] {processor.py:179} INFO - Processing /home/harika/airflow/dags/pdf_word.py took 0.086 seconds
[2023-10-13T19:01:08.018+0530] {processor.py:157} INFO - Started process (PID=40713) to work on /home/harika/airflow/dags/pdf_word.py
[2023-10-13T19:01:08.026+0530] {processor.py:829} INFO - Processing file /home/harika/airflow/dags/pdf_word.py for tasks to queue
[2023-10-13T19:01:08.027+0530] {logging_mixin.py:151} INFO - [2023-10-13T19:01:08.027+0530] {dagbag.py:539} INFO - Filling up the DagBag from /home/harika/airflow/dags/pdf_word.py
[2023-10-13T19:01:08.080+0530] {processor.py:839} INFO - DAG(s) dict_keys(['pdf_word_count_dag']) retrieved from /home/harika/airflow/dags/pdf_word.py
[2023-10-13T19:01:08.089+0530] {logging_mixin.py:151} INFO - [2023-10-13T19:01:08.089+0530] {dag.py:2915} INFO - Sync 1 DAGs
[2023-10-13T19:01:08.097+0530] {logging_mixin.py:151} INFO - [2023-10-13T19:01:08.097+0530] {dag.py:3696} INFO - Setting next_dagrun for pdf_word_count_dag to None, run_after=None
[2023-10-13T19:01:08.111+0530] {processor.py:179} INFO - Processing /home/harika/airflow/dags/pdf_word.py took 0.098 seconds
[2023-10-13T19:01:51.340+0530] {processor.py:157} INFO - Started process (PID=40762) to work on /home/harika/airflow/dags/pdf_word.py
[2023-10-13T19:01:51.347+0530] {processor.py:829} INFO - Processing file /home/harika/airflow/dags/pdf_word.py for tasks to queue
[2023-10-13T19:01:51.349+0530] {logging_mixin.py:151} INFO - [2023-10-13T19:01:51.348+0530] {dagbag.py:539} INFO - Filling up the DagBag from /home/harika/airflow/dags/pdf_word.py
[2023-10-13T19:01:51.398+0530] {processor.py:839} INFO - DAG(s) dict_keys(['pdf_word_count_dag']) retrieved from /home/harika/airflow/dags/pdf_word.py
[2023-10-13T19:01:51.407+0530] {logging_mixin.py:151} INFO - [2023-10-13T19:01:51.407+0530] {dag.py:2915} INFO - Sync 1 DAGs
[2023-10-13T19:01:51.415+0530] {logging_mixin.py:151} INFO - [2023-10-13T19:01:51.415+0530] {dag.py:3696} INFO - Setting next_dagrun for pdf_word_count_dag to None, run_after=None
[2023-10-13T19:01:51.428+0530] {processor.py:179} INFO - Processing /home/harika/airflow/dags/pdf_word.py took 0.095 seconds
[2023-10-13T19:02:36.116+0530] {processor.py:157} INFO - Started process (PID=40819) to work on /home/harika/airflow/dags/pdf_word.py
[2023-10-13T19:02:36.124+0530] {processor.py:829} INFO - Processing file /home/harika/airflow/dags/pdf_word.py for tasks to queue
[2023-10-13T19:02:36.126+0530] {logging_mixin.py:151} INFO - [2023-10-13T19:02:36.125+0530] {dagbag.py:539} INFO - Filling up the DagBag from /home/harika/airflow/dags/pdf_word.py
[2023-10-13T19:02:36.184+0530] {processor.py:839} INFO - DAG(s) dict_keys(['pdf_word_count_dag']) retrieved from /home/harika/airflow/dags/pdf_word.py
[2023-10-13T19:02:36.194+0530] {logging_mixin.py:151} INFO - [2023-10-13T19:02:36.193+0530] {dag.py:2915} INFO - Sync 1 DAGs
[2023-10-13T19:02:36.202+0530] {logging_mixin.py:151} INFO - [2023-10-13T19:02:36.201+0530] {dag.py:3696} INFO - Setting next_dagrun for pdf_word_count_dag to None, run_after=None
[2023-10-13T19:02:36.215+0530] {processor.py:179} INFO - Processing /home/harika/airflow/dags/pdf_word.py took 0.104 seconds
[2023-10-13T19:03:20.176+0530] {processor.py:157} INFO - Started process (PID=41049) to work on /home/harika/airflow/dags/pdf_word.py
[2023-10-13T19:03:20.183+0530] {processor.py:829} INFO - Processing file /home/harika/airflow/dags/pdf_word.py for tasks to queue
[2023-10-13T19:03:20.185+0530] {logging_mixin.py:151} INFO - [2023-10-13T19:03:20.184+0530] {dagbag.py:539} INFO - Filling up the DagBag from /home/harika/airflow/dags/pdf_word.py
[2023-10-13T19:03:20.241+0530] {processor.py:839} INFO - DAG(s) dict_keys(['pdf_word_count_dag']) retrieved from /home/harika/airflow/dags/pdf_word.py
[2023-10-13T19:03:20.249+0530] {logging_mixin.py:151} INFO - [2023-10-13T19:03:20.249+0530] {dag.py:2915} INFO - Sync 1 DAGs
[2023-10-13T19:03:20.257+0530] {logging_mixin.py:151} INFO - [2023-10-13T19:03:20.257+0530] {dag.py:3696} INFO - Setting next_dagrun for pdf_word_count_dag to None, run_after=None
[2023-10-13T19:03:20.270+0530] {processor.py:179} INFO - Processing /home/harika/airflow/dags/pdf_word.py took 0.102 seconds
[2023-10-13T19:04:03.818+0530] {processor.py:157} INFO - Started process (PID=41196) to work on /home/harika/airflow/dags/pdf_word.py
[2023-10-13T19:04:03.825+0530] {processor.py:829} INFO - Processing file /home/harika/airflow/dags/pdf_word.py for tasks to queue
[2023-10-13T19:04:03.825+0530] {logging_mixin.py:151} INFO - [2023-10-13T19:04:03.825+0530] {dagbag.py:539} INFO - Filling up the DagBag from /home/harika/airflow/dags/pdf_word.py
[2023-10-13T19:04:03.857+0530] {processor.py:839} INFO - DAG(s) dict_keys(['pdf_word_count_dag']) retrieved from /home/harika/airflow/dags/pdf_word.py
[2023-10-13T19:04:03.866+0530] {logging_mixin.py:151} INFO - [2023-10-13T19:04:03.866+0530] {dag.py:2915} INFO - Sync 1 DAGs
[2023-10-13T19:04:03.874+0530] {logging_mixin.py:151} INFO - [2023-10-13T19:04:03.874+0530] {dag.py:3696} INFO - Setting next_dagrun for pdf_word_count_dag to None, run_after=None
[2023-10-13T19:04:03.887+0530] {processor.py:179} INFO - Processing /home/harika/airflow/dags/pdf_word.py took 0.071 seconds
[2023-10-13T19:04:46.987+0530] {processor.py:157} INFO - Started process (PID=41253) to work on /home/harika/airflow/dags/pdf_word.py
[2023-10-13T19:04:46.995+0530] {processor.py:829} INFO - Processing file /home/harika/airflow/dags/pdf_word.py for tasks to queue
[2023-10-13T19:04:46.997+0530] {logging_mixin.py:151} INFO - [2023-10-13T19:04:46.996+0530] {dagbag.py:539} INFO - Filling up the DagBag from /home/harika/airflow/dags/pdf_word.py
[2023-10-13T19:04:47.040+0530] {processor.py:839} INFO - DAG(s) dict_keys(['pdf_word_count_dag']) retrieved from /home/harika/airflow/dags/pdf_word.py
[2023-10-13T19:04:47.049+0530] {logging_mixin.py:151} INFO - [2023-10-13T19:04:47.049+0530] {dag.py:2915} INFO - Sync 1 DAGs
[2023-10-13T19:04:47.058+0530] {logging_mixin.py:151} INFO - [2023-10-13T19:04:47.058+0530] {dag.py:3696} INFO - Setting next_dagrun for pdf_word_count_dag to None, run_after=None
[2023-10-13T19:04:47.080+0530] {processor.py:179} INFO - Processing /home/harika/airflow/dags/pdf_word.py took 0.099 seconds
[2023-10-13T19:05:32.956+0530] {processor.py:157} INFO - Started process (PID=41305) to work on /home/harika/airflow/dags/pdf_word.py
[2023-10-13T19:05:32.957+0530] {processor.py:829} INFO - Processing file /home/harika/airflow/dags/pdf_word.py for tasks to queue
[2023-10-13T19:05:32.957+0530] {logging_mixin.py:151} INFO - [2023-10-13T19:05:32.957+0530] {dagbag.py:539} INFO - Filling up the DagBag from /home/harika/airflow/dags/pdf_word.py
[2023-10-13T19:05:32.989+0530] {processor.py:839} INFO - DAG(s) dict_keys(['pdf_word_count_dag']) retrieved from /home/harika/airflow/dags/pdf_word.py
[2023-10-13T19:05:32.997+0530] {logging_mixin.py:151} INFO - [2023-10-13T19:05:32.997+0530] {dag.py:2915} INFO - Sync 1 DAGs
[2023-10-13T19:05:33.004+0530] {logging_mixin.py:151} INFO - [2023-10-13T19:05:33.004+0530] {dag.py:3696} INFO - Setting next_dagrun for pdf_word_count_dag to None, run_after=None
[2023-10-13T19:05:33.018+0530] {processor.py:179} INFO - Processing /home/harika/airflow/dags/pdf_word.py took 0.063 seconds
[2023-10-13T19:06:19.001+0530] {processor.py:157} INFO - Started process (PID=41380) to work on /home/harika/airflow/dags/pdf_word.py
[2023-10-13T19:06:19.008+0530] {processor.py:829} INFO - Processing file /home/harika/airflow/dags/pdf_word.py for tasks to queue
[2023-10-13T19:06:19.010+0530] {logging_mixin.py:151} INFO - [2023-10-13T19:06:19.009+0530] {dagbag.py:539} INFO - Filling up the DagBag from /home/harika/airflow/dags/pdf_word.py
[2023-10-13T19:06:19.073+0530] {processor.py:839} INFO - DAG(s) dict_keys(['pdf_word_count_dag']) retrieved from /home/harika/airflow/dags/pdf_word.py
[2023-10-13T19:06:19.082+0530] {logging_mixin.py:151} INFO - [2023-10-13T19:06:19.082+0530] {dag.py:2915} INFO - Sync 1 DAGs
[2023-10-13T19:06:19.089+0530] {logging_mixin.py:151} INFO - [2023-10-13T19:06:19.089+0530] {dag.py:3696} INFO - Setting next_dagrun for pdf_word_count_dag to None, run_after=None
[2023-10-13T19:06:19.102+0530] {processor.py:179} INFO - Processing /home/harika/airflow/dags/pdf_word.py took 0.103 seconds
