[2023-11-07T10:46:22.037+0530] {taskinstance.py:1157} INFO - Dependencies all met for dep_context=non-requeueable deps ti=<TaskInstance: hooks_demo.transfer scheduled__2023-11-06T00:00:00+00:00 [queued]>
[2023-11-07T10:46:22.041+0530] {taskinstance.py:1157} INFO - Dependencies all met for dep_context=requeueable deps ti=<TaskInstance: hooks_demo.transfer scheduled__2023-11-06T00:00:00+00:00 [queued]>
[2023-11-07T10:46:22.041+0530] {taskinstance.py:1359} INFO - Starting attempt 1 of 2
[2023-11-07T10:46:22.050+0530] {taskinstance.py:1380} INFO - Executing <Task(PythonOperator): transfer> on 2023-11-06 00:00:00+00:00
[2023-11-07T10:46:22.053+0530] {standard_task_runner.py:57} INFO - Started process 52963 to run task
[2023-11-07T10:46:22.056+0530] {standard_task_runner.py:84} INFO - Running: ['airflow', 'tasks', 'run', 'hooks_demo', 'transfer', 'scheduled__2023-11-06T00:00:00+00:00', '--job-id', '4357', '--raw', '--subdir', 'DAGS_FOLDER/hooks.py', '--cfg-path', '/tmp/tmp3sil0x01']
[2023-11-07T10:46:22.057+0530] {standard_task_runner.py:85} INFO - Job 4357: Subtask transfer
[2023-11-07T10:46:22.080+0530] {task_command.py:415} INFO - Running <TaskInstance: hooks_demo.transfer scheduled__2023-11-06T00:00:00+00:00 [running]> on host harika-Latitude-5511
[2023-11-07T10:46:22.195+0530] {taskinstance.py:1660} INFO - Exporting env vars: AIRFLOW_CTX_DAG_OWNER='Airflow' AIRFLOW_CTX_DAG_ID='hooks_demo' AIRFLOW_CTX_TASK_ID='transfer' AIRFLOW_CTX_EXECUTION_DATE='2023-11-06T00:00:00+00:00' AIRFLOW_CTX_TRY_NUMBER='1' AIRFLOW_CTX_DAG_RUN_ID='scheduled__2023-11-06T00:00:00+00:00'
[2023-11-07T10:46:22.199+0530] {base.py:73} INFO - Using connection ID 'postgres_conn' for task execution.
[2023-11-07T10:46:22.212+0530] {base.py:73} INFO - Using connection ID 'postgres_conn' for task execution.
[2023-11-07T10:46:22.222+0530] {logging_mixin.py:151} INFO - records [('Los Angles                                        ', 'ls                  '), ('Houston                                           ', 'ht                  '), ('New york                                          ', 'ny                  ')]
[2023-11-07T10:46:22.224+0530] {logging_mixin.py:151} INFO - Data transferred successfully
[2023-11-07T10:46:22.224+0530] {python.py:194} INFO - Done. Returned value was: None
[2023-11-07T10:46:22.228+0530] {taskinstance.py:1398} INFO - Marking task as SUCCESS. dag_id=hooks_demo, task_id=transfer, execution_date=20231106T000000, start_date=20231107T051622, end_date=20231107T051622
[2023-11-07T10:46:22.268+0530] {local_task_job_runner.py:228} INFO - Task exited with return code 0
[2023-11-07T10:46:22.276+0530] {taskinstance.py:2776} INFO - 0 downstream tasks scheduled from follow-on schedule check
[2023-11-16T16:06:54.644+0530] {taskinstance.py:1157} INFO - Dependencies all met for dep_context=non-requeueable deps ti=<TaskInstance: hooks_demo.transfer scheduled__2023-11-06T00:00:00+00:00 [queued]>
[2023-11-16T16:06:54.648+0530] {taskinstance.py:1157} INFO - Dependencies all met for dep_context=requeueable deps ti=<TaskInstance: hooks_demo.transfer scheduled__2023-11-06T00:00:00+00:00 [queued]>
[2023-11-16T16:06:54.649+0530] {taskinstance.py:1359} INFO - Starting attempt 1 of 2
[2023-11-16T16:06:54.658+0530] {taskinstance.py:1380} INFO - Executing <Task(PythonOperator): transfer> on 2023-11-06 00:00:00+00:00
[2023-11-16T16:06:54.662+0530] {standard_task_runner.py:57} INFO - Started process 146770 to run task
[2023-11-16T16:06:54.665+0530] {standard_task_runner.py:84} INFO - Running: ['airflow', 'tasks', 'run', 'hooks_demo', 'transfer', 'scheduled__2023-11-06T00:00:00+00:00', '--job-id', '4721', '--raw', '--subdir', 'DAGS_FOLDER/hooks_demo.py', '--cfg-path', '/tmp/tmphib2h5a9']
[2023-11-16T16:06:54.665+0530] {standard_task_runner.py:85} INFO - Job 4721: Subtask transfer
[2023-11-16T16:06:54.691+0530] {task_command.py:415} INFO - Running <TaskInstance: hooks_demo.transfer scheduled__2023-11-06T00:00:00+00:00 [running]> on host harika-Latitude-5511
[2023-11-16T16:06:54.835+0530] {taskinstance.py:1660} INFO - Exporting env vars: AIRFLOW_CTX_DAG_OWNER='Airflow' AIRFLOW_CTX_DAG_ID='hooks_demo' AIRFLOW_CTX_TASK_ID='transfer' AIRFLOW_CTX_EXECUTION_DATE='2023-11-06T00:00:00+00:00' AIRFLOW_CTX_TRY_NUMBER='1' AIRFLOW_CTX_DAG_RUN_ID='scheduled__2023-11-06T00:00:00+00:00'
[2023-11-16T16:06:54.840+0530] {base.py:73} INFO - Using connection ID 'postgres_conn' for task execution.
[2023-11-16T16:06:54.853+0530] {base.py:73} INFO - Using connection ID 'postgres_conn' for task execution.
[2023-11-16T16:06:54.864+0530] {logging_mixin.py:151} INFO - records [('New york                                          ', 'ny                  ')]
[2023-11-16T16:06:54.866+0530] {logging_mixin.py:151} INFO - Data transferred successfully
[2023-11-16T16:06:54.867+0530] {python.py:194} INFO - Done. Returned value was: None
[2023-11-16T16:06:54.870+0530] {taskinstance.py:1398} INFO - Marking task as SUCCESS. dag_id=hooks_demo, task_id=transfer, execution_date=20231106T000000, start_date=20231116T103654, end_date=20231116T103654
[2023-11-16T16:06:54.917+0530] {local_task_job_runner.py:228} INFO - Task exited with return code 0
[2023-11-16T16:06:54.942+0530] {taskinstance.py:2776} INFO - 0 downstream tasks scheduled from follow-on schedule check
