[2023-11-13T15:06:30.170+0530] {temporal.py:60} INFO - trigger starting
[2023-11-13T15:06:30.170+0530] {temporal.py:64} INFO - 1249 seconds remaining; sleeping 60 seconds
[2023-11-13T15:07:30.171+0530] {temporal.py:64} INFO - 1189 seconds remaining; sleeping 60 seconds
[2023-11-13T15:08:30.173+0530] {temporal.py:64} INFO - 1129 seconds remaining; sleeping 60 seconds
[2023-11-13T15:09:30.174+0530] {temporal.py:64} INFO - 1069 seconds remaining; sleeping 60 seconds
[2023-11-13T15:10:30.175+0530] {temporal.py:64} INFO - 1009 seconds remaining; sleeping 60 seconds
[2023-11-13T15:11:30.177+0530] {temporal.py:64} INFO - 949 seconds remaining; sleeping 60 seconds
[2023-11-13T15:12:30.179+0530] {temporal.py:64} INFO - 889 seconds remaining; sleeping 60 seconds
[2023-11-13T15:13:30.180+0530] {temporal.py:64} INFO - 829 seconds remaining; sleeping 60 seconds
[2023-11-13T15:14:30.181+0530] {temporal.py:64} INFO - 769 seconds remaining; sleeping 60 seconds
[2023-11-13T15:15:30.182+0530] {temporal.py:64} INFO - 709 seconds remaining; sleeping 60 seconds
[2023-11-13T15:16:30.184+0530] {temporal.py:64} INFO - 649 seconds remaining; sleeping 60 seconds
[2023-11-13T15:17:30.186+0530] {temporal.py:64} INFO - 589 seconds remaining; sleeping 60 seconds
[2023-11-13T15:18:30.187+0530] {temporal.py:64} INFO - 529 seconds remaining; sleeping 60 seconds
[2023-11-13T15:19:30.189+0530] {temporal.py:64} INFO - 469 seconds remaining; sleeping 60 seconds
[2023-11-13T15:20:30.191+0530] {temporal.py:64} INFO - 409 seconds remaining; sleeping 60 seconds
[2023-11-13T15:21:30.191+0530] {temporal.py:64} INFO - 349 seconds remaining; sleeping 60 seconds
[2023-11-13T15:22:30.192+0530] {temporal.py:64} INFO - 289 seconds remaining; sleeping 60 seconds
[2023-11-13T15:23:30.193+0530] {temporal.py:64} INFO - 229 seconds remaining; sleeping 60 seconds
[2023-11-13T15:24:30.194+0530] {temporal.py:64} INFO - 169 seconds remaining; sleeping 60 seconds
[2023-11-13T15:25:30.195+0530] {temporal.py:64} INFO - 109 seconds remaining; sleeping 10 seconds
[2023-11-13T15:25:40.197+0530] {temporal.py:64} INFO - 99 seconds remaining; sleeping 10 seconds
[2023-11-13T15:25:50.197+0530] {temporal.py:64} INFO - 89 seconds remaining; sleeping 10 seconds
[2023-11-13T15:26:00.198+0530] {temporal.py:64} INFO - 79 seconds remaining; sleeping 10 seconds
[2023-11-13T15:26:10.199+0530] {temporal.py:64} INFO - 69 seconds remaining; sleeping 10 seconds
[2023-11-13T15:26:20.201+0530] {temporal.py:64} INFO - 59 seconds remaining; sleeping 10 seconds
[2023-11-13T15:26:30.202+0530] {temporal.py:64} INFO - 49 seconds remaining; sleeping 10 seconds
[2023-11-13T15:26:40.204+0530] {temporal.py:64} INFO - 39 seconds remaining; sleeping 10 seconds
[2023-11-13T15:26:50.205+0530] {temporal.py:64} INFO - 29 seconds remaining; sleeping 10 seconds
[2023-11-13T15:27:00.206+0530] {temporal.py:69} INFO - sleeping 1 second...
[2023-11-13T15:27:01.208+0530] {temporal.py:69} INFO - sleeping 1 second...
[2023-11-13T15:27:02.208+0530] {temporal.py:69} INFO - sleeping 1 second...
[2023-11-13T15:27:03.211+0530] {temporal.py:69} INFO - sleeping 1 second...
[2023-11-13T15:27:04.212+0530] {temporal.py:69} INFO - sleeping 1 second...
[2023-11-13T15:27:05.213+0530] {temporal.py:69} INFO - sleeping 1 second...
[2023-11-13T15:27:06.214+0530] {temporal.py:69} INFO - sleeping 1 second...
[2023-11-13T15:27:07.216+0530] {temporal.py:69} INFO - sleeping 1 second...
[2023-11-13T15:27:08.217+0530] {temporal.py:69} INFO - sleeping 1 second...
[2023-11-13T15:27:09.218+0530] {temporal.py:69} INFO - sleeping 1 second...
[2023-11-13T15:27:10.220+0530] {temporal.py:69} INFO - sleeping 1 second...
[2023-11-13T15:27:11.221+0530] {temporal.py:69} INFO - sleeping 1 second...
[2023-11-13T15:27:12.222+0530] {temporal.py:69} INFO - sleeping 1 second...
[2023-11-13T15:27:13.224+0530] {temporal.py:69} INFO - sleeping 1 second...
[2023-11-13T15:27:14.226+0530] {temporal.py:69} INFO - sleeping 1 second...
[2023-11-13T15:27:15.227+0530] {temporal.py:69} INFO - sleeping 1 second...
[2023-11-13T15:27:16.227+0530] {temporal.py:69} INFO - sleeping 1 second...
[2023-11-13T15:27:17.229+0530] {temporal.py:69} INFO - sleeping 1 second...
[2023-11-13T15:27:18.230+0530] {temporal.py:69} INFO - sleeping 1 second...
[2023-11-13T15:27:19.231+0530] {temporal.py:69} INFO - sleeping 1 second...
[2023-11-13T15:27:20.232+0530] {temporal.py:72} INFO - yielding event with payload DateTime(2023, 11, 13, 9, 57, 19, 658272, tzinfo=Timezone('UTC'))
[2023-11-13T15:27:20.232+0530] {triggerer_job_runner.py:599} INFO - Trigger deferrable/manual__2023-11-13T08:52:07.677662+00:00/wait_sensor_deferrable/-1/1 (ID 2) fired: TriggerEvent<DateTime(2023, 11, 13, 9, 57, 19, 658272, tzinfo=Timezone('UTC'))>
