[2023-10-31T14:29:55.424+0530] {taskinstance.py:1157} INFO - Dependencies all met for dep_context=non-requeueable deps ti=<TaskInstance: date_time_example.wait_until_new_year manual__2023-10-31T08:59:52.495716+00:00 [queued]>
[2023-10-31T14:29:55.429+0530] {taskinstance.py:1157} INFO - Dependencies all met for dep_context=requeueable deps ti=<TaskInstance: date_time_example.wait_until_new_year manual__2023-10-31T08:59:52.495716+00:00 [queued]>
[2023-10-31T14:29:55.429+0530] {taskinstance.py:1359} INFO - Starting attempt 1 of 1
[2023-10-31T14:29:55.439+0530] {taskinstance.py:1380} INFO - Executing <Task(DateTimeSensor): wait_until_new_year> on 2023-10-31 08:59:52.495716+00:00
[2023-10-31T14:29:55.441+0530] {standard_task_runner.py:57} INFO - Started process 891809 to run task
[2023-10-31T14:29:55.444+0530] {standard_task_runner.py:84} INFO - Running: ['airflow', 'tasks', 'run', 'date_time_example', 'wait_until_new_year', 'manual__2023-10-31T08:59:52.495716+00:00', '--job-id', '2092', '--raw', '--subdir', 'DAGS_FOLDER/dataTimeSensor.py', '--cfg-path', '/tmp/tmpluvp20bt']
[2023-10-31T14:29:55.445+0530] {standard_task_runner.py:85} INFO - Job 2092: Subtask wait_until_new_year
[2023-10-31T14:29:55.468+0530] {task_command.py:415} INFO - Running <TaskInstance: date_time_example.wait_until_new_year manual__2023-10-31T08:59:52.495716+00:00 [running]> on host harika-Latitude-5511
[2023-10-31T14:29:55.509+0530] {taskinstance.py:1660} INFO - Exporting env vars: AIRFLOW_CTX_DAG_OWNER='airflow' AIRFLOW_CTX_DAG_ID='date_time_example' AIRFLOW_CTX_TASK_ID='wait_until_new_year' AIRFLOW_CTX_EXECUTION_DATE='2023-10-31T08:59:52.495716+00:00' AIRFLOW_CTX_TRY_NUMBER='1' AIRFLOW_CTX_DAG_RUN_ID='manual__2023-10-31T08:59:52.495716+00:00'
[2023-10-31T14:29:55.513+0530] {date_time.py:74} INFO - Checking if the time (2023-10-31T14:29:00) has come
[2023-10-31T14:29:55.523+0530] {taskinstance.py:1895} INFO - Rescheduling task, marking task as UP_FOR_RESCHEDULE
[2023-10-31T14:29:55.535+0530] {local_task_job_runner.py:228} INFO - Task exited with return code 0
[2023-10-31T14:29:55.543+0530] {taskinstance.py:2776} INFO - 0 downstream tasks scheduled from follow-on schedule check
[2023-11-01T09:28:53.620+0530] {taskinstance.py:1157} INFO - Dependencies all met for dep_context=non-requeueable deps ti=<TaskInstance: date_time_example.wait_until_new_year manual__2023-10-31T08:59:52.495716+00:00 [queued]>
[2023-11-01T09:28:53.625+0530] {taskinstance.py:1157} INFO - Dependencies all met for dep_context=requeueable deps ti=<TaskInstance: date_time_example.wait_until_new_year manual__2023-10-31T08:59:52.495716+00:00 [queued]>
[2023-11-01T09:28:53.625+0530] {taskinstance.py:1359} INFO - Starting attempt 1 of 1
[2023-11-01T09:28:53.637+0530] {taskinstance.py:1380} INFO - Executing <Task(DateTimeSensor): wait_until_new_year> on 2023-10-31 08:59:52.495716+00:00
[2023-11-01T09:28:53.641+0530] {standard_task_runner.py:57} INFO - Started process 893146 to run task
[2023-11-01T09:28:53.643+0530] {standard_task_runner.py:84} INFO - Running: ['airflow', 'tasks', 'run', 'date_time_example', 'wait_until_new_year', 'manual__2023-10-31T08:59:52.495716+00:00', '--job-id', '2095', '--raw', '--subdir', 'DAGS_FOLDER/dataTimeSensor.py', '--cfg-path', '/tmp/tmp12p27s40']
[2023-11-01T09:28:53.644+0530] {standard_task_runner.py:85} INFO - Job 2095: Subtask wait_until_new_year
[2023-11-01T09:28:53.669+0530] {task_command.py:415} INFO - Running <TaskInstance: date_time_example.wait_until_new_year manual__2023-10-31T08:59:52.495716+00:00 [running]> on host harika-Latitude-5511
[2023-11-01T09:28:53.726+0530] {taskinstance.py:1660} INFO - Exporting env vars: AIRFLOW_CTX_DAG_OWNER='airflow' AIRFLOW_CTX_DAG_ID='date_time_example' AIRFLOW_CTX_TASK_ID='wait_until_new_year' AIRFLOW_CTX_EXECUTION_DATE='2023-10-31T08:59:52.495716+00:00' AIRFLOW_CTX_TRY_NUMBER='1' AIRFLOW_CTX_DAG_RUN_ID='manual__2023-10-31T08:59:52.495716+00:00'
[2023-11-01T09:28:53.730+0530] {date_time.py:74} INFO - Checking if the time (2023-10-31T14:29:00) has come
[2023-11-01T09:28:53.731+0530] {base.py:287} INFO - Success criteria met. Exiting.
[2023-11-01T09:28:53.735+0530] {taskinstance.py:1398} INFO - Marking task as SUCCESS. dag_id=date_time_example, task_id=wait_until_new_year, execution_date=20231031T085952, start_date=20231101T035853, end_date=20231101T035853
[2023-11-01T09:28:53.774+0530] {local_task_job_runner.py:228} INFO - Task exited with return code 0
[2023-11-01T09:28:53.784+0530] {taskinstance.py:2776} INFO - 0 downstream tasks scheduled from follow-on schedule check
