[2023-10-26T11:59:36.304+0530] {taskinstance.py:1157} INFO - Dependencies all met for dep_context=non-requeueable deps ti=<TaskInstance: wikipedia_dag.submit_spark_word_count_job manual__2023-10-26T06:29:22.570136+00:00 [queued]>
[2023-10-26T11:59:36.309+0530] {taskinstance.py:1157} INFO - Dependencies all met for dep_context=requeueable deps ti=<TaskInstance: wikipedia_dag.submit_spark_word_count_job manual__2023-10-26T06:29:22.570136+00:00 [queued]>
[2023-10-26T11:59:36.309+0530] {taskinstance.py:1359} INFO - Starting attempt 1 of 2
[2023-10-26T11:59:36.317+0530] {taskinstance.py:1380} INFO - Executing <Task(SparkSubmitOperator): submit_spark_word_count_job> on 2023-10-26 06:29:22.570136+00:00
[2023-10-26T11:59:36.320+0530] {standard_task_runner.py:57} INFO - Started process 21603 to run task
[2023-10-26T11:59:36.322+0530] {standard_task_runner.py:84} INFO - Running: ['airflow', 'tasks', 'run', 'wikipedia_dag', 'submit_spark_word_count_job', 'manual__2023-10-26T06:29:22.570136+00:00', '--job-id', '1722', '--raw', '--subdir', 'DAGS_FOLDER/word_count.py', '--cfg-path', '/tmp/tmplrp0636j']
[2023-10-26T11:59:36.323+0530] {standard_task_runner.py:85} INFO - Job 1722: Subtask submit_spark_word_count_job
[2023-10-26T11:59:36.343+0530] {task_command.py:415} INFO - Running <TaskInstance: wikipedia_dag.submit_spark_word_count_job manual__2023-10-26T06:29:22.570136+00:00 [running]> on host harika-Latitude-5511
[2023-10-26T11:59:36.387+0530] {taskinstance.py:1660} INFO - Exporting env vars: AIRFLOW_CTX_DAG_EMAIL='harikasree2225@gmail.com' AIRFLOW_CTX_DAG_OWNER='airflow' AIRFLOW_CTX_DAG_ID='wikipedia_dag' AIRFLOW_CTX_TASK_ID='submit_spark_word_count_job' AIRFLOW_CTX_EXECUTION_DATE='2023-10-26T06:29:22.570136+00:00' AIRFLOW_CTX_TRY_NUMBER='1' AIRFLOW_CTX_DAG_RUN_ID='manual__2023-10-26T06:29:22.570136+00:00'
[2023-10-26T11:59:36.391+0530] {base.py:73} INFO - Using connection ID 'spark_default' for task execution.
[2023-10-26T11:59:36.392+0530] {spark_submit.py:340} INFO - Spark-Submit cmd: spark-submit --master  --name PythonWordCount --queue root.default /home/harika/sparkjobs/word_count_extended.py /home/harika/wikidata/Kerala/content.txt
[2023-10-26T11:59:37.384+0530] {spark_submit.py:491} INFO - 23/10/26 11:59:37 WARN Utils: Your hostname, harika-Latitude-5511 resolves to a loopback address: 127.0.1.1; using 192.168.29.76 instead (on interface wlo1)
[2023-10-26T11:59:37.386+0530] {spark_submit.py:491} INFO - 23/10/26 11:59:37 WARN Utils: Set SPARK_LOCAL_IP if you need to bind to another address
[2023-10-26T11:59:37.486+0530] {spark_submit.py:491} INFO - Exception in thread "main" org.apache.spark.SparkException: Master must either be yarn or start with spark, mesos, k8s, or local
[2023-10-26T11:59:37.486+0530] {spark_submit.py:491} INFO - at org.apache.spark.deploy.SparkSubmit.error(SparkSubmit.scala:1047)
[2023-10-26T11:59:37.486+0530] {spark_submit.py:491} INFO - at org.apache.spark.deploy.SparkSubmit.prepareSubmitEnvironment(SparkSubmit.scala:256)
[2023-10-26T11:59:37.487+0530] {spark_submit.py:491} INFO - at org.apache.spark.deploy.SparkSubmit.org$apache$spark$deploy$SparkSubmit$$runMain(SparkSubmit.scala:964)
[2023-10-26T11:59:37.487+0530] {spark_submit.py:491} INFO - at org.apache.spark.deploy.SparkSubmit.doRunMain$1(SparkSubmit.scala:194)
[2023-10-26T11:59:37.487+0530] {spark_submit.py:491} INFO - at org.apache.spark.deploy.SparkSubmit.submit(SparkSubmit.scala:217)
[2023-10-26T11:59:37.487+0530] {spark_submit.py:491} INFO - at org.apache.spark.deploy.SparkSubmit.doSubmit(SparkSubmit.scala:91)
[2023-10-26T11:59:37.487+0530] {spark_submit.py:491} INFO - at org.apache.spark.deploy.SparkSubmit$$anon$2.doSubmit(SparkSubmit.scala:1120)
[2023-10-26T11:59:37.487+0530] {spark_submit.py:491} INFO - at org.apache.spark.deploy.SparkSubmit$.main(SparkSubmit.scala:1129)
[2023-10-26T11:59:37.487+0530] {spark_submit.py:491} INFO - at org.apache.spark.deploy.SparkSubmit.main(SparkSubmit.scala)
[2023-10-26T11:59:37.506+0530] {taskinstance.py:1935} ERROR - Task failed with exception
Traceback (most recent call last):
  File "/home/harika/.local/lib/python3.10/site-packages/airflow/providers/apache/spark/operators/spark_submit.py", line 156, in execute
    self._hook.submit(self._application)
  File "/home/harika/.local/lib/python3.10/site-packages/airflow/providers/apache/spark/hooks/spark_submit.py", line 422, in submit
    raise AirflowException(
airflow.exceptions.AirflowException: Cannot execute: spark-submit --master  --name PythonWordCount --queue root.default /home/harika/sparkjobs/word_count_extended.py /home/harika/wikidata/Kerala/content.txt. Error code is: 1.
[2023-10-26T11:59:37.511+0530] {taskinstance.py:1398} INFO - Marking task as UP_FOR_RETRY. dag_id=wikipedia_dag, task_id=submit_spark_word_count_job, execution_date=20231026T062922, start_date=20231026T062936, end_date=20231026T062937
[2023-10-26T11:59:37.526+0530] {standard_task_runner.py:104} ERROR - Failed to execute job 1722 for task submit_spark_word_count_job (Cannot execute: spark-submit --master  --name PythonWordCount --queue root.default /home/harika/sparkjobs/word_count_extended.py /home/harika/wikidata/Kerala/content.txt. Error code is: 1.; 21603)
[2023-10-26T11:59:37.537+0530] {local_task_job_runner.py:228} INFO - Task exited with return code 1
[2023-10-26T11:59:37.551+0530] {taskinstance.py:2776} INFO - 0 downstream tasks scheduled from follow-on schedule check
