[2023-11-08T12:23:53.603+0530] {temporal.py:60} INFO - trigger starting
[2023-11-08T12:23:53.603+0530] {temporal.py:64} INFO - 2047 seconds remaining; sleeping 60 seconds
[2023-11-08T12:24:53.605+0530] {temporal.py:64} INFO - 1987 seconds remaining; sleeping 60 seconds
[2023-11-08T12:25:53.606+0530] {temporal.py:64} INFO - 1927 seconds remaining; sleeping 60 seconds
[2023-11-08T12:26:53.608+0530] {temporal.py:64} INFO - 1867 seconds remaining; sleeping 60 seconds
[2023-11-08T12:27:53.609+0530] {temporal.py:64} INFO - 1807 seconds remaining; sleeping 60 seconds
[2023-11-08T12:28:53.611+0530] {temporal.py:64} INFO - 1747 seconds remaining; sleeping 60 seconds
[2023-11-08T12:29:53.614+0530] {temporal.py:64} INFO - 1687 seconds remaining; sleeping 60 seconds
[2023-11-08T12:30:53.614+0530] {temporal.py:64} INFO - 1627 seconds remaining; sleeping 60 seconds
[2023-11-08T12:31:53.615+0530] {temporal.py:64} INFO - 1567 seconds remaining; sleeping 60 seconds
[2023-11-08T12:32:53.616+0530] {temporal.py:64} INFO - 1507 seconds remaining; sleeping 60 seconds
[2023-11-08T12:33:53.618+0530] {temporal.py:64} INFO - 1447 seconds remaining; sleeping 60 seconds
[2023-11-08T12:34:53.619+0530] {temporal.py:64} INFO - 1387 seconds remaining; sleeping 60 seconds
[2023-11-08T12:35:53.620+0530] {temporal.py:64} INFO - 1327 seconds remaining; sleeping 60 seconds
[2023-11-08T12:36:53.621+0530] {temporal.py:64} INFO - 1267 seconds remaining; sleeping 60 seconds
[2023-11-08T12:37:53.622+0530] {temporal.py:64} INFO - 1207 seconds remaining; sleeping 60 seconds
[2023-11-08T12:38:53.623+0530] {temporal.py:64} INFO - 1147 seconds remaining; sleeping 60 seconds
[2023-11-08T12:39:53.626+0530] {temporal.py:64} INFO - 1087 seconds remaining; sleeping 60 seconds
[2023-11-08T12:40:53.627+0530] {temporal.py:64} INFO - 1027 seconds remaining; sleeping 60 seconds
[2023-11-08T12:41:53.629+0530] {temporal.py:64} INFO - 967 seconds remaining; sleeping 60 seconds
[2023-11-08T12:42:53.630+0530] {temporal.py:64} INFO - 907 seconds remaining; sleeping 60 seconds
[2023-11-08T12:43:53.631+0530] {temporal.py:64} INFO - 847 seconds remaining; sleeping 60 seconds
[2023-11-08T12:44:53.633+0530] {temporal.py:64} INFO - 787 seconds remaining; sleeping 60 seconds
[2023-11-08T12:45:53.634+0530] {temporal.py:64} INFO - 727 seconds remaining; sleeping 60 seconds
[2023-11-08T12:46:53.634+0530] {temporal.py:64} INFO - 667 seconds remaining; sleeping 60 seconds
[2023-11-08T12:47:53.636+0530] {temporal.py:64} INFO - 607 seconds remaining; sleeping 60 seconds
[2023-11-08T12:48:53.637+0530] {temporal.py:64} INFO - 547 seconds remaining; sleeping 60 seconds
[2023-11-08T12:49:53.638+0530] {temporal.py:64} INFO - 487 seconds remaining; sleeping 60 seconds
[2023-11-08T12:50:53.639+0530] {temporal.py:64} INFO - 427 seconds remaining; sleeping 60 seconds
[2023-11-08T12:51:53.641+0530] {temporal.py:64} INFO - 367 seconds remaining; sleeping 60 seconds
[2023-11-08T12:52:53.643+0530] {temporal.py:64} INFO - 307 seconds remaining; sleeping 60 seconds
[2023-11-08T12:53:53.645+0530] {temporal.py:64} INFO - 247 seconds remaining; sleeping 60 seconds
[2023-11-08T12:54:53.646+0530] {temporal.py:64} INFO - 187 seconds remaining; sleeping 60 seconds
[2023-11-08T12:55:53.647+0530] {temporal.py:64} INFO - 127 seconds remaining; sleeping 60 seconds
[2023-11-08T12:56:53.648+0530] {temporal.py:64} INFO - 67 seconds remaining; sleeping 10 seconds
[2023-11-08T12:57:03.649+0530] {temporal.py:64} INFO - 57 seconds remaining; sleeping 10 seconds
[2023-11-08T12:57:13.651+0530] {temporal.py:64} INFO - 47 seconds remaining; sleeping 10 seconds
[2023-11-08T12:57:23.652+0530] {temporal.py:64} INFO - 37 seconds remaining; sleeping 10 seconds
[2023-11-08T12:57:33.654+0530] {temporal.py:64} INFO - 27 seconds remaining; sleeping 10 seconds
[2023-11-08T12:57:43.655+0530] {temporal.py:69} INFO - sleeping 1 second...
[2023-11-08T12:57:44.656+0530] {temporal.py:69} INFO - sleeping 1 second...
[2023-11-08T12:57:45.657+0530] {temporal.py:69} INFO - sleeping 1 second...
[2023-11-08T12:57:46.658+0530] {temporal.py:69} INFO - sleeping 1 second...
[2023-11-08T12:57:47.660+0530] {temporal.py:69} INFO - sleeping 1 second...
[2023-11-08T12:57:48.662+0530] {temporal.py:69} INFO - sleeping 1 second...
[2023-11-08T12:57:49.663+0530] {temporal.py:69} INFO - sleeping 1 second...
[2023-11-08T12:57:50.664+0530] {temporal.py:69} INFO - sleeping 1 second...
[2023-11-08T12:57:51.665+0530] {temporal.py:69} INFO - sleeping 1 second...
[2023-11-08T12:57:52.666+0530] {temporal.py:69} INFO - sleeping 1 second...
[2023-11-08T12:57:53.668+0530] {temporal.py:69} INFO - sleeping 1 second...
[2023-11-08T12:57:54.668+0530] {temporal.py:69} INFO - sleeping 1 second...
[2023-11-08T12:57:55.669+0530] {temporal.py:69} INFO - sleeping 1 second...
[2023-11-08T12:57:56.670+0530] {temporal.py:69} INFO - sleeping 1 second...
[2023-11-08T12:57:57.671+0530] {temporal.py:69} INFO - sleeping 1 second...
[2023-11-08T12:57:58.672+0530] {temporal.py:69} INFO - sleeping 1 second...
[2023-11-08T12:57:59.673+0530] {temporal.py:69} INFO - sleeping 1 second...
[2023-11-08T12:58:00.674+0530] {temporal.py:69} INFO - sleeping 1 second...
[2023-11-08T12:58:01.675+0530] {temporal.py:72} INFO - yielding event with payload DateTime(2023, 11, 8, 7, 28, 1, 61496, tzinfo=Timezone('UTC'))
[2023-11-08T12:58:01.675+0530] {triggerer_job_runner.py:599} INFO - Trigger example_sensors/manual__2023-11-08T06:26:48.440130+00:00/timeout_after_second_date_in_the_future_async/-1/1 (ID 4) fired: TriggerEvent<DateTime(2023, 11, 8, 7, 28, 1, 61496, tzinfo=Timezone('UTC'))>
