[2023-11-08T11:58:01.678+0530] {taskinstance.py:1157} INFO - Dependencies all met for dep_context=non-requeueable deps ti=<TaskInstance: example_sensors.timeout_after_second_date_in_the_future_async manual__2023-11-08T06:26:48.440130+00:00 [queued]>
[2023-11-08T11:58:01.684+0530] {taskinstance.py:1157} INFO - Dependencies all met for dep_context=requeueable deps ti=<TaskInstance: example_sensors.timeout_after_second_date_in_the_future_async manual__2023-11-08T06:26:48.440130+00:00 [queued]>
[2023-11-08T11:58:01.684+0530] {taskinstance.py:1359} INFO - Starting attempt 1 of 1
[2023-11-08T11:58:01.694+0530] {taskinstance.py:1380} INFO - Executing <Task(TimeSensorAsync): timeout_after_second_date_in_the_future_async> on 2023-11-08 06:26:48.440130+00:00
[2023-11-08T11:58:01.697+0530] {standard_task_runner.py:57} INFO - Started process 120452 to run task
[2023-11-08T11:58:01.699+0530] {standard_task_runner.py:84} INFO - Running: ['airflow', 'tasks', 'run', 'example_sensors', 'timeout_after_second_date_in_the_future_async', 'manual__2023-11-08T06:26:48.440130+00:00', '--job-id', '4456', '--raw', '--subdir', '/home/harika/.local/lib/python3.10/site-packages/airflow/example_dags/example_sensors.py', '--cfg-path', '/tmp/tmp03mfx6md']
[2023-11-08T11:58:01.700+0530] {standard_task_runner.py:85} INFO - Job 4456: Subtask timeout_after_second_date_in_the_future_async
[2023-11-08T11:58:01.721+0530] {task_command.py:415} INFO - Running <TaskInstance: example_sensors.timeout_after_second_date_in_the_future_async manual__2023-11-08T06:26:48.440130+00:00 [running]> on host harika-Latitude-5511
[2023-11-08T11:58:01.765+0530] {taskinstance.py:1660} INFO - Exporting env vars: AIRFLOW_CTX_DAG_OWNER='airflow' AIRFLOW_CTX_DAG_ID='example_sensors' AIRFLOW_CTX_TASK_ID='timeout_after_second_date_in_the_future_async' AIRFLOW_CTX_EXECUTION_DATE='2023-11-08T06:26:48.440130+00:00' AIRFLOW_CTX_TRY_NUMBER='1' AIRFLOW_CTX_DAG_RUN_ID='manual__2023-11-08T06:26:48.440130+00:00'
[2023-11-08T11:58:01.768+0530] {taskinstance.py:1524} INFO - Pausing task as DEFERRED. dag_id=example_sensors, task_id=timeout_after_second_date_in_the_future_async, execution_date=20231108T062648, start_date=20231108T062801
[2023-11-08T11:58:01.791+0530] {local_task_job_runner.py:225} INFO - Task exited with return code 100 (task deferral)
[2023-11-08T12:58:04.394+0530] {taskinstance.py:1157} INFO - Dependencies all met for dep_context=non-requeueable deps ti=<TaskInstance: example_sensors.timeout_after_second_date_in_the_future_async manual__2023-11-08T06:26:48.440130+00:00 [queued]>
[2023-11-08T12:58:04.399+0530] {taskinstance.py:1157} INFO - Dependencies all met for dep_context=requeueable deps ti=<TaskInstance: example_sensors.timeout_after_second_date_in_the_future_async manual__2023-11-08T06:26:48.440130+00:00 [queued]>
[2023-11-08T12:58:04.399+0530] {taskinstance.py:1357} INFO - Resuming after deferral
[2023-11-08T12:58:04.407+0530] {taskinstance.py:1380} INFO - Executing <Task(TimeSensorAsync): timeout_after_second_date_in_the_future_async> on 2023-11-08 06:26:48.440130+00:00
[2023-11-08T12:58:04.410+0530] {standard_task_runner.py:57} INFO - Started process 125854 to run task
[2023-11-08T12:58:04.412+0530] {standard_task_runner.py:84} INFO - Running: ['airflow', 'tasks', 'run', 'example_sensors', 'timeout_after_second_date_in_the_future_async', 'manual__2023-11-08T06:26:48.440130+00:00', '--job-id', '4498', '--raw', '--subdir', 'DAGS_FOLDER/example_sensors.py', '--cfg-path', '/tmp/tmpp81cx16t']
[2023-11-08T12:58:04.413+0530] {standard_task_runner.py:85} INFO - Job 4498: Subtask timeout_after_second_date_in_the_future_async
[2023-11-08T12:58:04.433+0530] {task_command.py:415} INFO - Running <TaskInstance: example_sensors.timeout_after_second_date_in_the_future_async manual__2023-11-08T06:26:48.440130+00:00 [running]> on host harika-Latitude-5511
[2023-11-08T12:58:04.476+0530] {taskinstance.py:1398} INFO - Marking task as SUCCESS. dag_id=example_sensors, task_id=timeout_after_second_date_in_the_future_async, execution_date=20231108T062648, start_date=20231108T062801, end_date=20231108T072804
[2023-11-08T12:58:04.504+0530] {local_task_job_runner.py:228} INFO - Task exited with return code 0
[2023-11-08T12:58:04.526+0530] {taskinstance.py:2776} INFO - 1 downstream tasks scheduled from follow-on schedule check
