[2023-10-25T10:07:50.518+0530] {taskinstance.py:1157} INFO - Dependencies all met for dep_context=non-requeueable deps ti=<TaskInstance: webpage_dag.send_notification_email scheduled__2023-10-23T00:00:00+00:00 [queued]>
[2023-10-25T10:07:50.523+0530] {taskinstance.py:1157} INFO - Dependencies all met for dep_context=requeueable deps ti=<TaskInstance: webpage_dag.send_notification_email scheduled__2023-10-23T00:00:00+00:00 [queued]>
[2023-10-25T10:07:50.523+0530] {taskinstance.py:1359} INFO - Starting attempt 1 of 2
[2023-10-25T10:07:50.534+0530] {taskinstance.py:1380} INFO - Executing <Task(EmailOperator): send_notification_email> on 2023-10-23 00:00:00+00:00
[2023-10-25T10:07:50.537+0530] {standard_task_runner.py:57} INFO - Started process 8250 to run task
[2023-10-25T10:07:50.540+0530] {standard_task_runner.py:84} INFO - Running: ['airflow', 'tasks', 'run', 'webpage_dag', 'send_notification_email', 'scheduled__2023-10-23T00:00:00+00:00', '--job-id', '835', '--raw', '--subdir', 'DAGS_FOLDER/word_count_url.py', '--cfg-path', '/tmp/tmpcbtkkhlh']
[2023-10-25T10:07:50.541+0530] {standard_task_runner.py:85} INFO - Job 835: Subtask send_notification_email
[2023-10-25T10:07:50.568+0530] {task_command.py:415} INFO - Running <TaskInstance: webpage_dag.send_notification_email scheduled__2023-10-23T00:00:00+00:00 [running]> on host harika-Latitude-5511
[2023-10-25T10:07:50.628+0530] {taskinstance.py:1660} INFO - Exporting env vars: AIRFLOW_CTX_DAG_EMAIL='harikasree2225@gmail.com' AIRFLOW_CTX_DAG_OWNER='airflow' AIRFLOW_CTX_DAG_ID='webpage_dag' AIRFLOW_CTX_TASK_ID='send_notification_email' AIRFLOW_CTX_EXECUTION_DATE='2023-10-23T00:00:00+00:00' AIRFLOW_CTX_TRY_NUMBER='1' AIRFLOW_CTX_DAG_RUN_ID='scheduled__2023-10-23T00:00:00+00:00'
[2023-10-25T10:07:50.637+0530] {logging_mixin.py:151} WARNING - /home/harika/.local/lib/python3.10/site-packages/airflow/utils/email.py:154 RemovedInAirflow3Warning: Fetching SMTP credentials from configuration variables will be deprecated in a future release. Please set credentials using a connection instead.
[2023-10-25T10:07:50.637+0530] {email.py:270} INFO - Email alerting: attempt 1
[2023-10-25T10:08:50.704+0530] {taskinstance.py:1935} ERROR - Task failed with exception
Traceback (most recent call last):
  File "/home/harika/.local/lib/python3.10/site-packages/airflow/operators/email.py", line 77, in execute
    send_email(
  File "/home/harika/.local/lib/python3.10/site-packages/airflow/utils/email.py", line 80, in send_email
    return backend(
  File "/home/harika/.local/lib/python3.10/site-packages/airflow/utils/email.py", line 154, in send_email_smtp
    send_mime_email(e_from=mail_from, e_to=recipients, mime_msg=msg, conn_id=conn_id, dryrun=dryrun)
  File "/home/harika/.local/lib/python3.10/site-packages/airflow/utils/email.py", line 272, in send_mime_email
    smtp_conn = _get_smtp_connection(smtp_host, smtp_port, smtp_timeout, smtp_ssl)
  File "/home/harika/.local/lib/python3.10/site-packages/airflow/utils/email.py", line 317, in _get_smtp_connection
    return smtplib.SMTP(host=host, port=port, timeout=timeout)
  File "/usr/lib/python3.10/smtplib.py", line 255, in __init__
    (code, msg) = self.connect(host, port)
  File "/usr/lib/python3.10/smtplib.py", line 341, in connect
    self.sock = self._get_socket(host, port, self.timeout)
  File "/usr/lib/python3.10/smtplib.py", line 312, in _get_socket
    return socket.create_connection((host, port), timeout,
  File "/usr/lib/python3.10/socket.py", line 845, in create_connection
    raise err
  File "/usr/lib/python3.10/socket.py", line 833, in create_connection
    sock.connect(sa)
TimeoutError: timed out
[2023-10-25T10:08:50.719+0530] {taskinstance.py:1398} INFO - Marking task as UP_FOR_RETRY. dag_id=webpage_dag, task_id=send_notification_email, execution_date=20231023T000000, start_date=20231025T043750, end_date=20231025T043850
[2023-10-25T10:08:50.727+0530] {standard_task_runner.py:104} ERROR - Failed to execute job 835 for task send_notification_email (timed out; 8250)
[2023-10-25T10:08:50.761+0530] {local_task_job_runner.py:228} INFO - Task exited with return code 1
[2023-10-25T10:08:50.776+0530] {taskinstance.py:2776} INFO - 0 downstream tasks scheduled from follow-on schedule check
[2023-10-25T18:23:33.419+0530] {taskinstance.py:1157} INFO - Dependencies all met for dep_context=non-requeueable deps ti=<TaskInstance: webpage_dag.send_notification_email scheduled__2023-10-23T00:00:00+00:00 [queued]>
[2023-10-25T18:23:33.425+0530] {taskinstance.py:1157} INFO - Dependencies all met for dep_context=requeueable deps ti=<TaskInstance: webpage_dag.send_notification_email scheduled__2023-10-23T00:00:00+00:00 [queued]>
[2023-10-25T18:23:33.426+0530] {taskinstance.py:1359} INFO - Starting attempt 1 of 2
[2023-10-25T18:23:33.438+0530] {taskinstance.py:1380} INFO - Executing <Task(EmailOperator): send_notification_email> on 2023-10-23 00:00:00+00:00
[2023-10-25T18:23:33.446+0530] {standard_task_runner.py:57} INFO - Started process 94063 to run task
[2023-10-25T18:23:33.450+0530] {standard_task_runner.py:84} INFO - Running: ['airflow', 'tasks', 'run', 'webpage_dag', 'send_notification_email', 'scheduled__2023-10-23T00:00:00+00:00', '--job-id', '1594', '--raw', '--subdir', 'DAGS_FOLDER/word_count_url.py', '--cfg-path', '/tmp/tmphk_ymlql']
[2023-10-25T18:23:33.452+0530] {standard_task_runner.py:85} INFO - Job 1594: Subtask send_notification_email
[2023-10-25T18:23:33.485+0530] {task_command.py:415} INFO - Running <TaskInstance: webpage_dag.send_notification_email scheduled__2023-10-23T00:00:00+00:00 [running]> on host harika-Latitude-5511
[2023-10-25T18:23:33.528+0530] {taskinstance.py:1660} INFO - Exporting env vars: AIRFLOW_CTX_DAG_EMAIL='harikasree2225@gmail.com' AIRFLOW_CTX_DAG_OWNER='airflow' AIRFLOW_CTX_DAG_ID='webpage_dag' AIRFLOW_CTX_TASK_ID='send_notification_email' AIRFLOW_CTX_EXECUTION_DATE='2023-10-23T00:00:00+00:00' AIRFLOW_CTX_TRY_NUMBER='1' AIRFLOW_CTX_DAG_RUN_ID='scheduled__2023-10-23T00:00:00+00:00'
[2023-10-25T18:23:33.536+0530] {logging_mixin.py:151} WARNING - /home/harika/.local/lib/python3.10/site-packages/airflow/utils/email.py:154 RemovedInAirflow3Warning: Fetching SMTP credentials from configuration variables will be deprecated in a future release. Please set credentials using a connection instead.
[2023-10-25T18:23:33.536+0530] {email.py:270} INFO - Email alerting: attempt 1
[2023-10-25T18:23:35.187+0530] {email.py:282} INFO - Sent an alert email to ['harikasree2225@gmail.com']
[2023-10-25T18:23:37.022+0530] {taskinstance.py:1398} INFO - Marking task as SUCCESS. dag_id=webpage_dag, task_id=send_notification_email, execution_date=20231023T000000, start_date=20231025T125333, end_date=20231025T125337
[2023-10-25T18:23:37.077+0530] {local_task_job_runner.py:228} INFO - Task exited with return code 0
[2023-10-25T18:23:37.115+0530] {taskinstance.py:2776} INFO - 0 downstream tasks scheduled from follow-on schedule check
