[2023-11-01T09:50:16.416+0530] {taskinstance.py:1157} INFO - Dependencies all met for dep_context=non-requeueable deps ti=<TaskInstance: date_time_example.wait_until_new_year scheduled__2023-11-01T00:06:00+00:00 [queued]>
[2023-11-01T09:50:16.421+0530] {taskinstance.py:1157} INFO - Dependencies all met for dep_context=requeueable deps ti=<TaskInstance: date_time_example.wait_until_new_year scheduled__2023-11-01T00:06:00+00:00 [queued]>
[2023-11-01T09:50:16.421+0530] {taskinstance.py:1359} INFO - Starting attempt 1 of 1
[2023-11-01T09:50:16.430+0530] {taskinstance.py:1380} INFO - Executing <Task(DateTimeSensor): wait_until_new_year> on 2023-11-01 00:06:00+00:00
[2023-11-01T09:50:16.433+0530] {standard_task_runner.py:57} INFO - Started process 919788 to run task
[2023-11-01T09:50:16.435+0530] {standard_task_runner.py:84} INFO - Running: ['airflow', 'tasks', 'run', 'date_time_example', 'wait_until_new_year', 'scheduled__2023-11-01T00:06:00+00:00', '--job-id', '2119', '--raw', '--subdir', 'DAGS_FOLDER/dataTimeSensor.py', '--cfg-path', '/tmp/tmpmv77lez5']
[2023-11-01T09:50:16.436+0530] {standard_task_runner.py:85} INFO - Job 2119: Subtask wait_until_new_year
[2023-11-01T09:50:16.458+0530] {task_command.py:415} INFO - Running <TaskInstance: date_time_example.wait_until_new_year scheduled__2023-11-01T00:06:00+00:00 [running]> on host harika-Latitude-5511
[2023-11-01T09:50:16.508+0530] {taskinstance.py:1660} INFO - Exporting env vars: AIRFLOW_CTX_DAG_OWNER='airflow' AIRFLOW_CTX_DAG_ID='date_time_example' AIRFLOW_CTX_TASK_ID='wait_until_new_year' AIRFLOW_CTX_EXECUTION_DATE='2023-11-01T00:06:00+00:00' AIRFLOW_CTX_TRY_NUMBER='1' AIRFLOW_CTX_DAG_RUN_ID='scheduled__2023-11-01T00:06:00+00:00'
[2023-11-01T09:50:16.513+0530] {date_time.py:74} INFO - Checking if the time (2023-11-01T09:39:00) has come
[2023-11-01T09:50:16.598+0530] {taskinstance.py:1895} INFO - Rescheduling task, marking task as UP_FOR_RESCHEDULE
[2023-11-01T09:50:16.606+0530] {local_task_job_runner.py:228} INFO - Task exited with return code 0
[2023-11-01T09:50:16.618+0530] {taskinstance.py:2776} INFO - 0 downstream tasks scheduled from follow-on schedule check
[2023-11-01T09:51:18.881+0530] {taskinstance.py:1157} INFO - Dependencies all met for dep_context=non-requeueable deps ti=<TaskInstance: date_time_example.wait_until_new_year scheduled__2023-11-01T00:06:00+00:00 [queued]>
[2023-11-01T09:51:18.886+0530] {taskinstance.py:1157} INFO - Dependencies all met for dep_context=requeueable deps ti=<TaskInstance: date_time_example.wait_until_new_year scheduled__2023-11-01T00:06:00+00:00 [queued]>
[2023-11-01T09:51:18.886+0530] {taskinstance.py:1359} INFO - Starting attempt 1 of 1
[2023-11-01T09:51:18.897+0530] {taskinstance.py:1380} INFO - Executing <Task(DateTimeSensor): wait_until_new_year> on 2023-11-01 00:06:00+00:00
[2023-11-01T09:51:18.901+0530] {standard_task_runner.py:57} INFO - Started process 921221 to run task
[2023-11-01T09:51:18.903+0530] {standard_task_runner.py:84} INFO - Running: ['airflow', 'tasks', 'run', 'date_time_example', 'wait_until_new_year', 'scheduled__2023-11-01T00:06:00+00:00', '--job-id', '2135', '--raw', '--subdir', 'DAGS_FOLDER/dataTimeSensor.py', '--cfg-path', '/tmp/tmpuia_qh5q']
[2023-11-01T09:51:18.904+0530] {standard_task_runner.py:85} INFO - Job 2135: Subtask wait_until_new_year
[2023-11-01T09:51:18.929+0530] {task_command.py:415} INFO - Running <TaskInstance: date_time_example.wait_until_new_year scheduled__2023-11-01T00:06:00+00:00 [running]> on host harika-Latitude-5511
[2023-11-01T09:51:18.981+0530] {taskinstance.py:1660} INFO - Exporting env vars: AIRFLOW_CTX_DAG_OWNER='airflow' AIRFLOW_CTX_DAG_ID='date_time_example' AIRFLOW_CTX_TASK_ID='wait_until_new_year' AIRFLOW_CTX_EXECUTION_DATE='2023-11-01T00:06:00+00:00' AIRFLOW_CTX_TRY_NUMBER='1' AIRFLOW_CTX_DAG_RUN_ID='scheduled__2023-11-01T00:06:00+00:00'
[2023-11-01T09:51:18.985+0530] {date_time.py:74} INFO - Checking if the time (2023-11-01T09:52:00) has come
[2023-11-01T09:51:19.071+0530] {taskinstance.py:1895} INFO - Rescheduling task, marking task as UP_FOR_RESCHEDULE
[2023-11-01T09:51:19.115+0530] {local_task_job_runner.py:228} INFO - Task exited with return code 0
[2023-11-01T09:51:19.126+0530] {taskinstance.py:2776} INFO - 0 downstream tasks scheduled from follow-on schedule check
[2023-11-01T09:52:23.375+0530] {taskinstance.py:1157} INFO - Dependencies all met for dep_context=non-requeueable deps ti=<TaskInstance: date_time_example.wait_until_new_year scheduled__2023-11-01T00:06:00+00:00 [queued]>
[2023-11-01T09:52:23.382+0530] {taskinstance.py:1157} INFO - Dependencies all met for dep_context=requeueable deps ti=<TaskInstance: date_time_example.wait_until_new_year scheduled__2023-11-01T00:06:00+00:00 [queued]>
[2023-11-01T09:52:23.382+0530] {taskinstance.py:1359} INFO - Starting attempt 1 of 1
[2023-11-01T09:52:23.391+0530] {taskinstance.py:1380} INFO - Executing <Task(DateTimeSensor): wait_until_new_year> on 2023-11-01 00:06:00+00:00
[2023-11-01T09:52:23.395+0530] {standard_task_runner.py:57} INFO - Started process 922645 to run task
[2023-11-01T09:52:23.398+0530] {standard_task_runner.py:84} INFO - Running: ['airflow', 'tasks', 'run', 'date_time_example', 'wait_until_new_year', 'scheduled__2023-11-01T00:06:00+00:00', '--job-id', '2153', '--raw', '--subdir', 'DAGS_FOLDER/dataTimeSensor.py', '--cfg-path', '/tmp/tmpieabygw_']
[2023-11-01T09:52:23.399+0530] {standard_task_runner.py:85} INFO - Job 2153: Subtask wait_until_new_year
[2023-11-01T09:52:23.423+0530] {task_command.py:415} INFO - Running <TaskInstance: date_time_example.wait_until_new_year scheduled__2023-11-01T00:06:00+00:00 [running]> on host harika-Latitude-5511
[2023-11-01T09:52:23.470+0530] {taskinstance.py:1660} INFO - Exporting env vars: AIRFLOW_CTX_DAG_OWNER='airflow' AIRFLOW_CTX_DAG_ID='date_time_example' AIRFLOW_CTX_TASK_ID='wait_until_new_year' AIRFLOW_CTX_EXECUTION_DATE='2023-11-01T00:06:00+00:00' AIRFLOW_CTX_TRY_NUMBER='1' AIRFLOW_CTX_DAG_RUN_ID='scheduled__2023-11-01T00:06:00+00:00'
[2023-11-01T09:52:23.474+0530] {date_time.py:74} INFO - Checking if the time (2023-11-01T09:52:00) has come
[2023-11-01T09:52:23.567+0530] {taskinstance.py:1895} INFO - Rescheduling task, marking task as UP_FOR_RESCHEDULE
[2023-11-01T09:52:23.610+0530] {local_task_job_runner.py:228} INFO - Task exited with return code 0
[2023-11-01T09:52:23.620+0530] {taskinstance.py:2776} INFO - 0 downstream tasks scheduled from follow-on schedule check
[2023-11-01T09:53:26.082+0530] {taskinstance.py:1157} INFO - Dependencies all met for dep_context=non-requeueable deps ti=<TaskInstance: date_time_example.wait_until_new_year scheduled__2023-11-01T00:06:00+00:00 [queued]>
[2023-11-01T09:53:26.088+0530] {taskinstance.py:1157} INFO - Dependencies all met for dep_context=requeueable deps ti=<TaskInstance: date_time_example.wait_until_new_year scheduled__2023-11-01T00:06:00+00:00 [queued]>
[2023-11-01T09:53:26.088+0530] {taskinstance.py:1359} INFO - Starting attempt 1 of 1
[2023-11-01T09:53:26.098+0530] {taskinstance.py:1380} INFO - Executing <Task(DateTimeSensor): wait_until_new_year> on 2023-11-01 00:06:00+00:00
[2023-11-01T09:53:26.102+0530] {standard_task_runner.py:57} INFO - Started process 923918 to run task
[2023-11-01T09:53:26.104+0530] {standard_task_runner.py:84} INFO - Running: ['airflow', 'tasks', 'run', 'date_time_example', 'wait_until_new_year', 'scheduled__2023-11-01T00:06:00+00:00', '--job-id', '2171', '--raw', '--subdir', 'DAGS_FOLDER/dataTimeSensor.py', '--cfg-path', '/tmp/tmpfn8z1a42']
[2023-11-01T09:53:26.104+0530] {standard_task_runner.py:85} INFO - Job 2171: Subtask wait_until_new_year
[2023-11-01T09:53:26.130+0530] {task_command.py:415} INFO - Running <TaskInstance: date_time_example.wait_until_new_year scheduled__2023-11-01T00:06:00+00:00 [running]> on host harika-Latitude-5511
[2023-11-01T09:53:26.178+0530] {taskinstance.py:1660} INFO - Exporting env vars: AIRFLOW_CTX_DAG_OWNER='airflow' AIRFLOW_CTX_DAG_ID='date_time_example' AIRFLOW_CTX_TASK_ID='wait_until_new_year' AIRFLOW_CTX_EXECUTION_DATE='2023-11-01T00:06:00+00:00' AIRFLOW_CTX_TRY_NUMBER='1' AIRFLOW_CTX_DAG_RUN_ID='scheduled__2023-11-01T00:06:00+00:00'
[2023-11-01T09:53:26.183+0530] {date_time.py:74} INFO - Checking if the time (2023-11-01T09:52:00) has come
[2023-11-01T09:53:26.277+0530] {taskinstance.py:1895} INFO - Rescheduling task, marking task as UP_FOR_RESCHEDULE
[2023-11-01T09:53:26.316+0530] {local_task_job_runner.py:228} INFO - Task exited with return code 0
[2023-11-01T09:53:26.345+0530] {taskinstance.py:2776} INFO - 0 downstream tasks scheduled from follow-on schedule check
[2023-11-01T09:54:27.971+0530] {taskinstance.py:1157} INFO - Dependencies all met for dep_context=non-requeueable deps ti=<TaskInstance: date_time_example.wait_until_new_year scheduled__2023-11-01T00:06:00+00:00 [queued]>
[2023-11-01T09:54:27.979+0530] {taskinstance.py:1157} INFO - Dependencies all met for dep_context=requeueable deps ti=<TaskInstance: date_time_example.wait_until_new_year scheduled__2023-11-01T00:06:00+00:00 [queued]>
[2023-11-01T09:54:27.980+0530] {taskinstance.py:1359} INFO - Starting attempt 1 of 1
[2023-11-01T09:54:27.991+0530] {taskinstance.py:1380} INFO - Executing <Task(DateTimeSensor): wait_until_new_year> on 2023-11-01 00:06:00+00:00
[2023-11-01T09:54:27.995+0530] {standard_task_runner.py:57} INFO - Started process 925285 to run task
[2023-11-01T09:54:27.998+0530] {standard_task_runner.py:84} INFO - Running: ['airflow', 'tasks', 'run', 'date_time_example', 'wait_until_new_year', 'scheduled__2023-11-01T00:06:00+00:00', '--job-id', '2187', '--raw', '--subdir', 'DAGS_FOLDER/dataTimeSensor.py', '--cfg-path', '/tmp/tmpb0pwpqvf']
[2023-11-01T09:54:27.999+0530] {standard_task_runner.py:85} INFO - Job 2187: Subtask wait_until_new_year
[2023-11-01T09:54:28.029+0530] {task_command.py:415} INFO - Running <TaskInstance: date_time_example.wait_until_new_year scheduled__2023-11-01T00:06:00+00:00 [running]> on host harika-Latitude-5511
[2023-11-01T09:54:28.087+0530] {taskinstance.py:1660} INFO - Exporting env vars: AIRFLOW_CTX_DAG_OWNER='airflow' AIRFLOW_CTX_DAG_ID='date_time_example' AIRFLOW_CTX_TASK_ID='wait_until_new_year' AIRFLOW_CTX_EXECUTION_DATE='2023-11-01T00:06:00+00:00' AIRFLOW_CTX_TRY_NUMBER='1' AIRFLOW_CTX_DAG_RUN_ID='scheduled__2023-11-01T00:06:00+00:00'
[2023-11-01T09:54:28.092+0530] {date_time.py:74} INFO - Checking if the time (2023-11-01T09:52:00) has come
[2023-11-01T09:54:28.181+0530] {taskinstance.py:1895} INFO - Rescheduling task, marking task as UP_FOR_RESCHEDULE
[2023-11-01T09:54:28.210+0530] {local_task_job_runner.py:228} INFO - Task exited with return code 0
[2023-11-01T09:54:28.225+0530] {taskinstance.py:2776} INFO - 0 downstream tasks scheduled from follow-on schedule check
[2023-11-01T09:55:30.910+0530] {taskinstance.py:1157} INFO - Dependencies all met for dep_context=non-requeueable deps ti=<TaskInstance: date_time_example.wait_until_new_year scheduled__2023-11-01T00:06:00+00:00 [queued]>
[2023-11-01T09:55:30.916+0530] {taskinstance.py:1157} INFO - Dependencies all met for dep_context=requeueable deps ti=<TaskInstance: date_time_example.wait_until_new_year scheduled__2023-11-01T00:06:00+00:00 [queued]>
[2023-11-01T09:55:30.917+0530] {taskinstance.py:1359} INFO - Starting attempt 1 of 1
[2023-11-01T09:55:30.926+0530] {taskinstance.py:1380} INFO - Executing <Task(DateTimeSensor): wait_until_new_year> on 2023-11-01 00:06:00+00:00
[2023-11-01T09:55:30.930+0530] {standard_task_runner.py:57} INFO - Started process 926703 to run task
[2023-11-01T09:55:30.933+0530] {standard_task_runner.py:84} INFO - Running: ['airflow', 'tasks', 'run', 'date_time_example', 'wait_until_new_year', 'scheduled__2023-11-01T00:06:00+00:00', '--job-id', '2203', '--raw', '--subdir', 'DAGS_FOLDER/dataTimeSensor.py', '--cfg-path', '/tmp/tmpsgepux9f']
[2023-11-01T09:55:30.934+0530] {standard_task_runner.py:85} INFO - Job 2203: Subtask wait_until_new_year
[2023-11-01T09:55:30.959+0530] {task_command.py:415} INFO - Running <TaskInstance: date_time_example.wait_until_new_year scheduled__2023-11-01T00:06:00+00:00 [running]> on host harika-Latitude-5511
[2023-11-01T09:55:31.007+0530] {taskinstance.py:1660} INFO - Exporting env vars: AIRFLOW_CTX_DAG_OWNER='airflow' AIRFLOW_CTX_DAG_ID='date_time_example' AIRFLOW_CTX_TASK_ID='wait_until_new_year' AIRFLOW_CTX_EXECUTION_DATE='2023-11-01T00:06:00+00:00' AIRFLOW_CTX_TRY_NUMBER='1' AIRFLOW_CTX_DAG_RUN_ID='scheduled__2023-11-01T00:06:00+00:00'
[2023-11-01T09:55:31.011+0530] {date_time.py:74} INFO - Checking if the time (2023-11-01T09:52:00) has come
[2023-11-01T09:55:31.117+0530] {taskinstance.py:1895} INFO - Rescheduling task, marking task as UP_FOR_RESCHEDULE
[2023-11-01T09:55:31.145+0530] {local_task_job_runner.py:228} INFO - Task exited with return code 0
[2023-11-01T09:55:31.175+0530] {taskinstance.py:2776} INFO - 0 downstream tasks scheduled from follow-on schedule check
[2023-11-01T09:56:34.095+0530] {taskinstance.py:1157} INFO - Dependencies all met for dep_context=non-requeueable deps ti=<TaskInstance: date_time_example.wait_until_new_year scheduled__2023-11-01T00:06:00+00:00 [queued]>
[2023-11-01T09:56:34.102+0530] {taskinstance.py:1157} INFO - Dependencies all met for dep_context=requeueable deps ti=<TaskInstance: date_time_example.wait_until_new_year scheduled__2023-11-01T00:06:00+00:00 [queued]>
[2023-11-01T09:56:34.103+0530] {taskinstance.py:1359} INFO - Starting attempt 1 of 1
[2023-11-01T09:56:34.112+0530] {taskinstance.py:1380} INFO - Executing <Task(DateTimeSensor): wait_until_new_year> on 2023-11-01 00:06:00+00:00
[2023-11-01T09:56:34.116+0530] {standard_task_runner.py:57} INFO - Started process 927964 to run task
[2023-11-01T09:56:34.118+0530] {standard_task_runner.py:84} INFO - Running: ['airflow', 'tasks', 'run', 'date_time_example', 'wait_until_new_year', 'scheduled__2023-11-01T00:06:00+00:00', '--job-id', '2219', '--raw', '--subdir', 'DAGS_FOLDER/dataTimeSensor.py', '--cfg-path', '/tmp/tmppssql2rv']
[2023-11-01T09:56:34.119+0530] {standard_task_runner.py:85} INFO - Job 2219: Subtask wait_until_new_year
[2023-11-01T09:56:34.143+0530] {task_command.py:415} INFO - Running <TaskInstance: date_time_example.wait_until_new_year scheduled__2023-11-01T00:06:00+00:00 [running]> on host harika-Latitude-5511
[2023-11-01T09:56:34.192+0530] {taskinstance.py:1660} INFO - Exporting env vars: AIRFLOW_CTX_DAG_OWNER='airflow' AIRFLOW_CTX_DAG_ID='date_time_example' AIRFLOW_CTX_TASK_ID='wait_until_new_year' AIRFLOW_CTX_EXECUTION_DATE='2023-11-01T00:06:00+00:00' AIRFLOW_CTX_TRY_NUMBER='1' AIRFLOW_CTX_DAG_RUN_ID='scheduled__2023-11-01T00:06:00+00:00'
[2023-11-01T09:56:34.195+0530] {date_time.py:74} INFO - Checking if the time (2023-11-01T09:52:00) has come
[2023-11-01T09:56:34.287+0530] {taskinstance.py:1895} INFO - Rescheduling task, marking task as UP_FOR_RESCHEDULE
[2023-11-01T09:56:34.331+0530] {local_task_job_runner.py:228} INFO - Task exited with return code 0
[2023-11-01T09:56:34.360+0530] {taskinstance.py:2776} INFO - 0 downstream tasks scheduled from follow-on schedule check
[2023-11-01T09:57:36.606+0530] {taskinstance.py:1157} INFO - Dependencies all met for dep_context=non-requeueable deps ti=<TaskInstance: date_time_example.wait_until_new_year scheduled__2023-11-01T00:06:00+00:00 [queued]>
[2023-11-01T09:57:36.611+0530] {taskinstance.py:1157} INFO - Dependencies all met for dep_context=requeueable deps ti=<TaskInstance: date_time_example.wait_until_new_year scheduled__2023-11-01T00:06:00+00:00 [queued]>
[2023-11-01T09:57:36.611+0530] {taskinstance.py:1359} INFO - Starting attempt 1 of 1
[2023-11-01T09:57:36.622+0530] {taskinstance.py:1380} INFO - Executing <Task(DateTimeSensor): wait_until_new_year> on 2023-11-01 00:06:00+00:00
[2023-11-01T09:57:36.625+0530] {standard_task_runner.py:57} INFO - Started process 929339 to run task
[2023-11-01T09:57:36.627+0530] {standard_task_runner.py:84} INFO - Running: ['airflow', 'tasks', 'run', 'date_time_example', 'wait_until_new_year', 'scheduled__2023-11-01T00:06:00+00:00', '--job-id', '2235', '--raw', '--subdir', 'DAGS_FOLDER/dataTimeSensor.py', '--cfg-path', '/tmp/tmp9t8j_7sq']
[2023-11-01T09:57:36.628+0530] {standard_task_runner.py:85} INFO - Job 2235: Subtask wait_until_new_year
[2023-11-01T09:57:36.654+0530] {task_command.py:415} INFO - Running <TaskInstance: date_time_example.wait_until_new_year scheduled__2023-11-01T00:06:00+00:00 [running]> on host harika-Latitude-5511
[2023-11-01T09:57:36.706+0530] {taskinstance.py:1660} INFO - Exporting env vars: AIRFLOW_CTX_DAG_OWNER='airflow' AIRFLOW_CTX_DAG_ID='date_time_example' AIRFLOW_CTX_TASK_ID='wait_until_new_year' AIRFLOW_CTX_EXECUTION_DATE='2023-11-01T00:06:00+00:00' AIRFLOW_CTX_TRY_NUMBER='1' AIRFLOW_CTX_DAG_RUN_ID='scheduled__2023-11-01T00:06:00+00:00'
[2023-11-01T09:57:36.710+0530] {date_time.py:74} INFO - Checking if the time (2023-11-01T09:52:00) has come
[2023-11-01T09:57:36.808+0530] {taskinstance.py:1895} INFO - Rescheduling task, marking task as UP_FOR_RESCHEDULE
[2023-11-01T09:57:36.839+0530] {local_task_job_runner.py:228} INFO - Task exited with return code 0
[2023-11-01T09:57:36.869+0530] {taskinstance.py:2776} INFO - 0 downstream tasks scheduled from follow-on schedule check
[2023-11-01T09:58:39.294+0530] {taskinstance.py:1157} INFO - Dependencies all met for dep_context=non-requeueable deps ti=<TaskInstance: date_time_example.wait_until_new_year scheduled__2023-11-01T00:06:00+00:00 [queued]>
[2023-11-01T09:58:39.301+0530] {taskinstance.py:1157} INFO - Dependencies all met for dep_context=requeueable deps ti=<TaskInstance: date_time_example.wait_until_new_year scheduled__2023-11-01T00:06:00+00:00 [queued]>
[2023-11-01T09:58:39.301+0530] {taskinstance.py:1359} INFO - Starting attempt 1 of 1
[2023-11-01T09:58:39.311+0530] {taskinstance.py:1380} INFO - Executing <Task(DateTimeSensor): wait_until_new_year> on 2023-11-01 00:06:00+00:00
[2023-11-01T09:58:39.316+0530] {standard_task_runner.py:57} INFO - Started process 930751 to run task
[2023-11-01T09:58:39.318+0530] {standard_task_runner.py:84} INFO - Running: ['airflow', 'tasks', 'run', 'date_time_example', 'wait_until_new_year', 'scheduled__2023-11-01T00:06:00+00:00', '--job-id', '2250', '--raw', '--subdir', 'DAGS_FOLDER/dataTimeSensor.py', '--cfg-path', '/tmp/tmph47ho7xp']
[2023-11-01T09:58:39.319+0530] {standard_task_runner.py:85} INFO - Job 2250: Subtask wait_until_new_year
[2023-11-01T09:58:39.343+0530] {task_command.py:415} INFO - Running <TaskInstance: date_time_example.wait_until_new_year scheduled__2023-11-01T00:06:00+00:00 [running]> on host harika-Latitude-5511
[2023-11-01T09:58:39.392+0530] {taskinstance.py:1660} INFO - Exporting env vars: AIRFLOW_CTX_DAG_OWNER='airflow' AIRFLOW_CTX_DAG_ID='date_time_example' AIRFLOW_CTX_TASK_ID='wait_until_new_year' AIRFLOW_CTX_EXECUTION_DATE='2023-11-01T00:06:00+00:00' AIRFLOW_CTX_TRY_NUMBER='1' AIRFLOW_CTX_DAG_RUN_ID='scheduled__2023-11-01T00:06:00+00:00'
[2023-11-01T09:58:39.397+0530] {date_time.py:74} INFO - Checking if the time (2023-11-01T09:52:00) has come
[2023-11-01T09:58:39.490+0530] {taskinstance.py:1895} INFO - Rescheduling task, marking task as UP_FOR_RESCHEDULE
[2023-11-01T09:58:39.530+0530] {local_task_job_runner.py:228} INFO - Task exited with return code 0
[2023-11-01T09:58:39.560+0530] {taskinstance.py:2776} INFO - 0 downstream tasks scheduled from follow-on schedule check
[2023-11-01T09:59:42.078+0530] {taskinstance.py:1157} INFO - Dependencies all met for dep_context=non-requeueable deps ti=<TaskInstance: date_time_example.wait_until_new_year scheduled__2023-11-01T00:06:00+00:00 [queued]>
[2023-11-01T09:59:42.083+0530] {taskinstance.py:1157} INFO - Dependencies all met for dep_context=requeueable deps ti=<TaskInstance: date_time_example.wait_until_new_year scheduled__2023-11-01T00:06:00+00:00 [queued]>
[2023-11-01T09:59:42.084+0530] {taskinstance.py:1359} INFO - Starting attempt 1 of 1
[2023-11-01T09:59:42.093+0530] {taskinstance.py:1380} INFO - Executing <Task(DateTimeSensor): wait_until_new_year> on 2023-11-01 00:06:00+00:00
[2023-11-01T09:59:42.097+0530] {standard_task_runner.py:57} INFO - Started process 932037 to run task
[2023-11-01T09:59:42.100+0530] {standard_task_runner.py:84} INFO - Running: ['airflow', 'tasks', 'run', 'date_time_example', 'wait_until_new_year', 'scheduled__2023-11-01T00:06:00+00:00', '--job-id', '2266', '--raw', '--subdir', 'DAGS_FOLDER/dataTimeSensor.py', '--cfg-path', '/tmp/tmp43bpye16']
[2023-11-01T09:59:42.101+0530] {standard_task_runner.py:85} INFO - Job 2266: Subtask wait_until_new_year
[2023-11-01T09:59:42.125+0530] {task_command.py:415} INFO - Running <TaskInstance: date_time_example.wait_until_new_year scheduled__2023-11-01T00:06:00+00:00 [running]> on host harika-Latitude-5511
[2023-11-01T09:59:42.172+0530] {taskinstance.py:1660} INFO - Exporting env vars: AIRFLOW_CTX_DAG_OWNER='airflow' AIRFLOW_CTX_DAG_ID='date_time_example' AIRFLOW_CTX_TASK_ID='wait_until_new_year' AIRFLOW_CTX_EXECUTION_DATE='2023-11-01T00:06:00+00:00' AIRFLOW_CTX_TRY_NUMBER='1' AIRFLOW_CTX_DAG_RUN_ID='scheduled__2023-11-01T00:06:00+00:00'
[2023-11-01T09:59:42.176+0530] {date_time.py:74} INFO - Checking if the time (2023-11-01T09:52:00) has come
[2023-11-01T09:59:42.268+0530] {taskinstance.py:1895} INFO - Rescheduling task, marking task as UP_FOR_RESCHEDULE
[2023-11-01T09:59:42.311+0530] {local_task_job_runner.py:228} INFO - Task exited with return code 0
[2023-11-01T09:59:42.322+0530] {taskinstance.py:2776} INFO - 0 downstream tasks scheduled from follow-on schedule check
