[2023-11-08T12:04:01.930+0530] {taskinstance.py:1157} INFO - Dependencies all met for dep_context=non-requeueable deps ti=<TaskInstance: example_sensors.timeout_after_second_date_in_the_future_async manual__2023-11-08T06:32:47.305810+00:00 [queued]>
[2023-11-08T12:04:01.935+0530] {taskinstance.py:1157} INFO - Dependencies all met for dep_context=requeueable deps ti=<TaskInstance: example_sensors.timeout_after_second_date_in_the_future_async manual__2023-11-08T06:32:47.305810+00:00 [queued]>
[2023-11-08T12:04:01.935+0530] {taskinstance.py:1359} INFO - Starting attempt 1 of 1
[2023-11-08T12:04:01.944+0530] {taskinstance.py:1380} INFO - Executing <Task(TimeSensorAsync): timeout_after_second_date_in_the_future_async> on 2023-11-08 06:32:47.305810+00:00
[2023-11-08T12:04:01.948+0530] {standard_task_runner.py:57} INFO - Started process 120879 to run task
[2023-11-08T12:04:01.950+0530] {standard_task_runner.py:84} INFO - Running: ['airflow', 'tasks', 'run', 'example_sensors', 'timeout_after_second_date_in_the_future_async', 'manual__2023-11-08T06:32:47.305810+00:00', '--job-id', '4472', '--raw', '--subdir', 'DAGS_FOLDER/example_sensors.py', '--cfg-path', '/tmp/tmp9iw5bx3o']
[2023-11-08T12:04:01.951+0530] {standard_task_runner.py:85} INFO - Job 4472: Subtask timeout_after_second_date_in_the_future_async
[2023-11-08T12:04:01.973+0530] {task_command.py:415} INFO - Running <TaskInstance: example_sensors.timeout_after_second_date_in_the_future_async manual__2023-11-08T06:32:47.305810+00:00 [running]> on host harika-Latitude-5511
[2023-11-08T12:04:02.020+0530] {taskinstance.py:1660} INFO - Exporting env vars: AIRFLOW_CTX_DAG_OWNER='airflow' AIRFLOW_CTX_DAG_ID='example_sensors' AIRFLOW_CTX_TASK_ID='timeout_after_second_date_in_the_future_async' AIRFLOW_CTX_EXECUTION_DATE='2023-11-08T06:32:47.305810+00:00' AIRFLOW_CTX_TRY_NUMBER='1' AIRFLOW_CTX_DAG_RUN_ID='manual__2023-11-08T06:32:47.305810+00:00'
[2023-11-08T12:04:02.023+0530] {taskinstance.py:1524} INFO - Pausing task as DEFERRED. dag_id=example_sensors, task_id=timeout_after_second_date_in_the_future_async, execution_date=20231108T063247, start_date=20231108T063401
[2023-11-08T12:04:02.042+0530] {local_task_job_runner.py:225} INFO - Task exited with return code 100 (task deferral)
[2023-11-08T13:04:03.360+0530] {taskinstance.py:1157} INFO - Dependencies all met for dep_context=non-requeueable deps ti=<TaskInstance: example_sensors.timeout_after_second_date_in_the_future_async manual__2023-11-08T06:32:47.305810+00:00 [queued]>
[2023-11-08T13:04:03.365+0530] {taskinstance.py:1157} INFO - Dependencies all met for dep_context=requeueable deps ti=<TaskInstance: example_sensors.timeout_after_second_date_in_the_future_async manual__2023-11-08T06:32:47.305810+00:00 [queued]>
[2023-11-08T13:04:03.365+0530] {taskinstance.py:1357} INFO - Resuming after deferral
[2023-11-08T13:04:03.374+0530] {taskinstance.py:1380} INFO - Executing <Task(TimeSensorAsync): timeout_after_second_date_in_the_future_async> on 2023-11-08 06:32:47.305810+00:00
[2023-11-08T13:04:03.378+0530] {standard_task_runner.py:57} INFO - Started process 126383 to run task
[2023-11-08T13:04:03.380+0530] {standard_task_runner.py:84} INFO - Running: ['airflow', 'tasks', 'run', 'example_sensors', 'timeout_after_second_date_in_the_future_async', 'manual__2023-11-08T06:32:47.305810+00:00', '--job-id', '4500', '--raw', '--subdir', 'DAGS_FOLDER/example_sensors.py', '--cfg-path', '/tmp/tmp3yxugghw']
[2023-11-08T13:04:03.381+0530] {standard_task_runner.py:85} INFO - Job 4500: Subtask timeout_after_second_date_in_the_future_async
[2023-11-08T13:04:03.412+0530] {task_command.py:415} INFO - Running <TaskInstance: example_sensors.timeout_after_second_date_in_the_future_async manual__2023-11-08T06:32:47.305810+00:00 [running]> on host harika-Latitude-5511
[2023-11-08T13:04:03.461+0530] {taskinstance.py:1398} INFO - Marking task as SUCCESS. dag_id=example_sensors, task_id=timeout_after_second_date_in_the_future_async, execution_date=20231108T063247, start_date=20231108T063401, end_date=20231108T073403
[2023-11-08T13:04:03.471+0530] {local_task_job_runner.py:228} INFO - Task exited with return code 0
[2023-11-08T13:04:03.494+0530] {taskinstance.py:2776} INFO - 1 downstream tasks scheduled from follow-on schedule check
