[2023-11-08T12:04:00.117+0530] {taskinstance.py:1157} INFO - Dependencies all met for dep_context=non-requeueable deps ti=<TaskInstance: example_sensors.fire_immediately_async manual__2023-11-08T06:32:47.305810+00:00 [queued]>
[2023-11-08T12:04:00.124+0530] {taskinstance.py:1157} INFO - Dependencies all met for dep_context=requeueable deps ti=<TaskInstance: example_sensors.fire_immediately_async manual__2023-11-08T06:32:47.305810+00:00 [queued]>
[2023-11-08T12:04:00.124+0530] {taskinstance.py:1359} INFO - Starting attempt 1 of 1
[2023-11-08T12:04:00.133+0530] {taskinstance.py:1380} INFO - Executing <Task(TimeSensorAsync): fire_immediately_async> on 2023-11-08 06:32:47.305810+00:00
[2023-11-08T12:04:00.137+0530] {standard_task_runner.py:57} INFO - Started process 120864 to run task
[2023-11-08T12:04:00.139+0530] {standard_task_runner.py:84} INFO - Running: ['airflow', 'tasks', 'run', 'example_sensors', 'fire_immediately_async', 'manual__2023-11-08T06:32:47.305810+00:00', '--job-id', '4471', '--raw', '--subdir', 'DAGS_FOLDER/example_sensors.py', '--cfg-path', '/tmp/tmp16rjars7']
[2023-11-08T12:04:00.140+0530] {standard_task_runner.py:85} INFO - Job 4471: Subtask fire_immediately_async
[2023-11-08T12:04:00.162+0530] {task_command.py:415} INFO - Running <TaskInstance: example_sensors.fire_immediately_async manual__2023-11-08T06:32:47.305810+00:00 [running]> on host harika-Latitude-5511
[2023-11-08T12:04:00.215+0530] {taskinstance.py:1660} INFO - Exporting env vars: AIRFLOW_CTX_DAG_OWNER='airflow' AIRFLOW_CTX_DAG_ID='example_sensors' AIRFLOW_CTX_TASK_ID='fire_immediately_async' AIRFLOW_CTX_EXECUTION_DATE='2023-11-08T06:32:47.305810+00:00' AIRFLOW_CTX_TRY_NUMBER='1' AIRFLOW_CTX_DAG_RUN_ID='manual__2023-11-08T06:32:47.305810+00:00'
[2023-11-08T12:04:00.218+0530] {taskinstance.py:1524} INFO - Pausing task as DEFERRED. dag_id=example_sensors, task_id=fire_immediately_async, execution_date=20231108T063247, start_date=20231108T063400
[2023-11-08T12:04:00.230+0530] {local_task_job_runner.py:225} INFO - Task exited with return code 100 (task deferral)
[2023-11-08T12:06:20.705+0530] {taskinstance.py:1157} INFO - Dependencies all met for dep_context=non-requeueable deps ti=<TaskInstance: example_sensors.fire_immediately_async manual__2023-11-08T06:32:47.305810+00:00 [queued]>
[2023-11-08T12:06:20.710+0530] {taskinstance.py:1157} INFO - Dependencies all met for dep_context=requeueable deps ti=<TaskInstance: example_sensors.fire_immediately_async manual__2023-11-08T06:32:47.305810+00:00 [queued]>
[2023-11-08T12:06:20.710+0530] {taskinstance.py:1357} INFO - Resuming after deferral
[2023-11-08T12:06:20.719+0530] {taskinstance.py:1380} INFO - Executing <Task(TimeSensorAsync): fire_immediately_async> on 2023-11-08 06:32:47.305810+00:00
[2023-11-08T12:06:20.723+0530] {standard_task_runner.py:57} INFO - Started process 121093 to run task
[2023-11-08T12:06:20.725+0530] {standard_task_runner.py:84} INFO - Running: ['airflow', 'tasks', 'run', 'example_sensors', 'fire_immediately_async', 'manual__2023-11-08T06:32:47.305810+00:00', '--job-id', '4480', '--raw', '--subdir', 'DAGS_FOLDER/example_sensors.py', '--cfg-path', '/tmp/tmp6l1aqpdv']
[2023-11-08T12:06:20.726+0530] {standard_task_runner.py:85} INFO - Job 4480: Subtask fire_immediately_async
[2023-11-08T12:06:20.747+0530] {task_command.py:415} INFO - Running <TaskInstance: example_sensors.fire_immediately_async manual__2023-11-08T06:32:47.305810+00:00 [running]> on host harika-Latitude-5511
[2023-11-08T12:06:20.792+0530] {taskinstance.py:1398} INFO - Marking task as SUCCESS. dag_id=example_sensors, task_id=fire_immediately_async, execution_date=20231108T063247, start_date=20231108T063400, end_date=20231108T063620
[2023-11-08T12:06:20.816+0530] {local_task_job_runner.py:228} INFO - Task exited with return code 0
[2023-11-08T12:06:20.840+0530] {taskinstance.py:2776} INFO - 0 downstream tasks scheduled from follow-on schedule check
