[2023-11-16T15:51:32.052+0530] {taskinstance.py:1157} INFO - Dependencies all met for dep_context=non-requeueable deps ti=<TaskInstance: hooks_demo.transfer manual__2023-11-16T10:14:28.370478+00:00 [queued]>
[2023-11-16T15:51:32.058+0530] {taskinstance.py:1157} INFO - Dependencies all met for dep_context=requeueable deps ti=<TaskInstance: hooks_demo.transfer manual__2023-11-16T10:14:28.370478+00:00 [queued]>
[2023-11-16T15:51:32.058+0530] {taskinstance.py:1359} INFO - Starting attempt 2 of 2
[2023-11-16T15:51:32.067+0530] {taskinstance.py:1380} INFO - Executing <Task(PythonOperator): transfer> on 2023-11-16 10:14:28.370478+00:00
[2023-11-16T15:51:32.071+0530] {standard_task_runner.py:57} INFO - Started process 145021 to run task
[2023-11-16T15:51:32.073+0530] {standard_task_runner.py:84} INFO - Running: ['airflow', 'tasks', 'run', 'hooks_demo', 'transfer', 'manual__2023-11-16T10:14:28.370478+00:00', '--job-id', '4725', '--raw', '--subdir', 'DAGS_FOLDER/hooks.py', '--cfg-path', '/tmp/tmppwidgdoc']
[2023-11-16T15:51:32.074+0530] {standard_task_runner.py:85} INFO - Job 4725: Subtask transfer
[2023-11-16T15:51:32.099+0530] {task_command.py:415} INFO - Running <TaskInstance: hooks_demo.transfer manual__2023-11-16T10:14:28.370478+00:00 [running]> on host harika-Latitude-5511
[2023-11-16T15:51:32.243+0530] {taskinstance.py:1660} INFO - Exporting env vars: AIRFLOW_CTX_DAG_OWNER='Airflow' AIRFLOW_CTX_DAG_ID='hooks_demo' AIRFLOW_CTX_TASK_ID='transfer' AIRFLOW_CTX_EXECUTION_DATE='2023-11-16T10:14:28.370478+00:00' AIRFLOW_CTX_TRY_NUMBER='2' AIRFLOW_CTX_DAG_RUN_ID='manual__2023-11-16T10:14:28.370478+00:00'
[2023-11-16T15:51:32.247+0530] {base.py:73} INFO - Using connection ID 'postgres_conn' for task execution.
[2023-11-16T15:51:32.260+0530] {base.py:73} INFO - Using connection ID 'postgres_conn' for task execution.
[2023-11-16T15:51:32.270+0530] {taskinstance.py:1935} ERROR - Task failed with exception
Traceback (most recent call last):
  File "/home/harika/.local/lib/python3.10/site-packages/airflow/operators/python.py", line 192, in execute
    return_value = self.execute_callable()
  File "/home/harika/.local/lib/python3.10/site-packages/airflow/operators/python.py", line 209, in execute_callable
    return self.python_callable(*self.op_args, **self.op_kwargs)
  File "/home/harika/airflow/dags/hooks.py", line 35, in transfer_function
    source_cursor.execute(create_query)
psycopg2.errors.InvalidSchemaName: schema "airflow" does not exist
LINE 1: create table airflow.***(city_name varchar(50), city_code va...
                     ^

[2023-11-16T15:51:32.273+0530] {taskinstance.py:1398} INFO - Marking task as FAILED. dag_id=hooks_demo, task_id=transfer, execution_date=20231116T101428, start_date=20231116T102132, end_date=20231116T102132
[2023-11-16T15:51:32.279+0530] {standard_task_runner.py:104} ERROR - Failed to execute job 4725 for task transfer (schema "airflow" does not exist
LINE 1: create table airflow.***(city_name varchar(50), city_code va...
                     ^
; 145021)
[2023-11-16T15:51:32.325+0530] {local_task_job_runner.py:228} INFO - Task exited with return code 1
[2023-11-16T15:51:32.341+0530] {taskinstance.py:2776} INFO - 0 downstream tasks scheduled from follow-on schedule check
