[2023-11-16T11:33:54.297+0530] {taskinstance.py:1157} INFO - Dependencies all met for dep_context=non-requeueable deps ti=<TaskInstance: hooks_demo.tables scheduled__2023-11-15T00:00:00+00:00 [queued]>
[2023-11-16T11:33:54.301+0530] {taskinstance.py:1157} INFO - Dependencies all met for dep_context=requeueable deps ti=<TaskInstance: hooks_demo.tables scheduled__2023-11-15T00:00:00+00:00 [queued]>
[2023-11-16T11:33:54.301+0530] {taskinstance.py:1359} INFO - Starting attempt 1 of 2
[2023-11-16T11:33:54.311+0530] {taskinstance.py:1380} INFO - Executing <Task(PythonOperator): tables> on 2023-11-15 00:00:00+00:00
[2023-11-16T11:33:54.315+0530] {standard_task_runner.py:57} INFO - Started process 114294 to run task
[2023-11-16T11:33:54.318+0530] {standard_task_runner.py:84} INFO - Running: ['airflow', 'tasks', 'run', 'hooks_demo', 'tables', 'scheduled__2023-11-15T00:00:00+00:00', '--job-id', '4651', '--raw', '--subdir', 'DAGS_FOLDER/hooks.py', '--cfg-path', '/tmp/tmpd5qxwgai']
[2023-11-16T11:33:54.319+0530] {standard_task_runner.py:85} INFO - Job 4651: Subtask tables
[2023-11-16T11:33:54.351+0530] {task_command.py:415} INFO - Running <TaskInstance: hooks_demo.tables scheduled__2023-11-15T00:00:00+00:00 [running]> on host harika-Latitude-5511
[2023-11-16T11:33:54.502+0530] {taskinstance.py:1660} INFO - Exporting env vars: AIRFLOW_CTX_DAG_OWNER='Airflow' AIRFLOW_CTX_DAG_ID='hooks_demo' AIRFLOW_CTX_TASK_ID='tables' AIRFLOW_CTX_EXECUTION_DATE='2023-11-15T00:00:00+00:00' AIRFLOW_CTX_TRY_NUMBER='1' AIRFLOW_CTX_DAG_RUN_ID='scheduled__2023-11-15T00:00:00+00:00'
[2023-11-16T11:33:54.506+0530] {base.py:73} INFO - Using connection ID 'postgres_conn' for task execution.
[2023-11-16T11:33:54.516+0530] {logging_mixin.py:151} INFO - SELECT table_name FROM information_schema.tables WHERE table_schema = 'public'
[2023-11-16T11:33:54.519+0530] {logging_mixin.py:151} INFO - query executed
[2023-11-16T11:33:54.519+0530] {logging_mixin.py:151} INFO - ['source_city_table', 'target_city_table'] table_names
[2023-11-16T11:33:54.519+0530] {logging_mixin.py:151} INFO - ###################################
[2023-11-16T11:33:54.519+0530] {logging_mixin.py:151} INFO - source_city_table tablename
[2023-11-16T11:33:54.519+0530] {logging_mixin.py:151} INFO - ###################################
[2023-11-16T11:33:54.519+0530] {logging_mixin.py:151} INFO - target_city_table tablename
[2023-11-16T11:33:54.519+0530] {python.py:194} INFO - Done. Returned value was: None
[2023-11-16T11:33:54.523+0530] {taskinstance.py:1398} INFO - Marking task as SUCCESS. dag_id=hooks_demo, task_id=tables, execution_date=20231115T000000, start_date=20231116T060354, end_date=20231116T060354
[2023-11-16T11:33:54.570+0530] {local_task_job_runner.py:228} INFO - Task exited with return code 0
[2023-11-16T11:33:54.587+0530] {taskinstance.py:2776} INFO - 1 downstream tasks scheduled from follow-on schedule check
[2023-11-16T16:07:36.924+0530] {taskinstance.py:1157} INFO - Dependencies all met for dep_context=non-requeueable deps ti=<TaskInstance: hooks_demo.tables scheduled__2023-11-15T00:00:00+00:00 [queued]>
[2023-11-16T16:07:36.932+0530] {taskinstance.py:1157} INFO - Dependencies all met for dep_context=requeueable deps ti=<TaskInstance: hooks_demo.tables scheduled__2023-11-15T00:00:00+00:00 [queued]>
[2023-11-16T16:07:36.932+0530] {taskinstance.py:1359} INFO - Starting attempt 1 of 2
[2023-11-16T16:07:36.951+0530] {taskinstance.py:1380} INFO - Executing <Task(PythonOperator): tables> on 2023-11-15 00:00:00+00:00
[2023-11-16T16:07:36.957+0530] {standard_task_runner.py:57} INFO - Started process 147127 to run task
[2023-11-16T16:07:36.961+0530] {standard_task_runner.py:84} INFO - Running: ['airflow', 'tasks', 'run', 'hooks_demo', 'tables', 'scheduled__2023-11-15T00:00:00+00:00', '--job-id', '4737', '--raw', '--subdir', 'DAGS_FOLDER/hooks_demo.py', '--cfg-path', '/tmp/tmphzzbiy8q']
[2023-11-16T16:07:36.962+0530] {standard_task_runner.py:85} INFO - Job 4737: Subtask tables
[2023-11-16T16:07:36.998+0530] {task_command.py:415} INFO - Running <TaskInstance: hooks_demo.tables scheduled__2023-11-15T00:00:00+00:00 [running]> on host harika-Latitude-5511
[2023-11-16T16:07:37.152+0530] {taskinstance.py:1660} INFO - Exporting env vars: AIRFLOW_CTX_DAG_OWNER='Airflow' AIRFLOW_CTX_DAG_ID='hooks_demo' AIRFLOW_CTX_TASK_ID='tables' AIRFLOW_CTX_EXECUTION_DATE='2023-11-15T00:00:00+00:00' AIRFLOW_CTX_TRY_NUMBER='1' AIRFLOW_CTX_DAG_RUN_ID='scheduled__2023-11-15T00:00:00+00:00'
[2023-11-16T16:07:37.155+0530] {base.py:73} INFO - Using connection ID 'postgres_conn' for task execution.
[2023-11-16T16:07:37.166+0530] {logging_mixin.py:151} INFO - SELECT table_name FROM information_schema.tables WHERE table_schema = 'public'
[2023-11-16T16:07:37.169+0530] {logging_mixin.py:151} INFO - query executed
[2023-11-16T16:07:37.169+0530] {logging_mixin.py:151} INFO - ['source_city_table', 'target_city_table'] table_names
[2023-11-16T16:07:37.169+0530] {logging_mixin.py:151} INFO - ###################################
[2023-11-16T16:07:37.169+0530] {logging_mixin.py:151} INFO - source_city_table tablename
[2023-11-16T16:07:37.169+0530] {logging_mixin.py:151} INFO - ###################################
[2023-11-16T16:07:37.169+0530] {logging_mixin.py:151} INFO - target_city_table tablename
[2023-11-16T16:07:37.170+0530] {python.py:194} INFO - Done. Returned value was: None
[2023-11-16T16:07:37.173+0530] {taskinstance.py:1398} INFO - Marking task as SUCCESS. dag_id=hooks_demo, task_id=tables, execution_date=20231115T000000, start_date=20231116T103736, end_date=20231116T103737
[2023-11-16T16:07:37.213+0530] {local_task_job_runner.py:228} INFO - Task exited with return code 0
[2023-11-16T16:07:37.247+0530] {taskinstance.py:2776} INFO - 1 downstream tasks scheduled from follow-on schedule check
