[2023-11-01T09:50:20.791+0530] {taskinstance.py:1157} INFO - Dependencies all met for dep_context=non-requeueable deps ti=<TaskInstance: date_time_example.wait_until_new_year scheduled__2023-11-01T00:08:00+00:00 [queued]>
[2023-11-01T09:50:20.796+0530] {taskinstance.py:1157} INFO - Dependencies all met for dep_context=requeueable deps ti=<TaskInstance: date_time_example.wait_until_new_year scheduled__2023-11-01T00:08:00+00:00 [queued]>
[2023-11-01T09:50:20.796+0530] {taskinstance.py:1359} INFO - Starting attempt 1 of 1
[2023-11-01T09:50:20.806+0530] {taskinstance.py:1380} INFO - Executing <Task(DateTimeSensor): wait_until_new_year> on 2023-11-01 00:08:00+00:00
[2023-11-01T09:50:20.809+0530] {standard_task_runner.py:57} INFO - Started process 919973 to run task
[2023-11-01T09:50:20.812+0530] {standard_task_runner.py:84} INFO - Running: ['airflow', 'tasks', 'run', 'date_time_example', 'wait_until_new_year', 'scheduled__2023-11-01T00:08:00+00:00', '--job-id', '2121', '--raw', '--subdir', 'DAGS_FOLDER/dataTimeSensor.py', '--cfg-path', '/tmp/tmp94dn2koj']
[2023-11-01T09:50:20.813+0530] {standard_task_runner.py:85} INFO - Job 2121: Subtask wait_until_new_year
[2023-11-01T09:50:20.836+0530] {task_command.py:415} INFO - Running <TaskInstance: date_time_example.wait_until_new_year scheduled__2023-11-01T00:08:00+00:00 [running]> on host harika-Latitude-5511
[2023-11-01T09:50:20.884+0530] {taskinstance.py:1660} INFO - Exporting env vars: AIRFLOW_CTX_DAG_OWNER='airflow' AIRFLOW_CTX_DAG_ID='date_time_example' AIRFLOW_CTX_TASK_ID='wait_until_new_year' AIRFLOW_CTX_EXECUTION_DATE='2023-11-01T00:08:00+00:00' AIRFLOW_CTX_TRY_NUMBER='1' AIRFLOW_CTX_DAG_RUN_ID='scheduled__2023-11-01T00:08:00+00:00'
[2023-11-01T09:50:20.887+0530] {date_time.py:74} INFO - Checking if the time (2023-11-01T09:39:00) has come
[2023-11-01T09:50:20.961+0530] {taskinstance.py:1895} INFO - Rescheduling task, marking task as UP_FOR_RESCHEDULE
[2023-11-01T09:50:20.984+0530] {local_task_job_runner.py:228} INFO - Task exited with return code 0
[2023-11-01T09:50:20.993+0530] {taskinstance.py:2776} INFO - 0 downstream tasks scheduled from follow-on schedule check
[2023-11-01T09:51:24.151+0530] {taskinstance.py:1157} INFO - Dependencies all met for dep_context=non-requeueable deps ti=<TaskInstance: date_time_example.wait_until_new_year scheduled__2023-11-01T00:08:00+00:00 [queued]>
[2023-11-01T09:51:24.157+0530] {taskinstance.py:1157} INFO - Dependencies all met for dep_context=requeueable deps ti=<TaskInstance: date_time_example.wait_until_new_year scheduled__2023-11-01T00:08:00+00:00 [queued]>
[2023-11-01T09:51:24.157+0530] {taskinstance.py:1359} INFO - Starting attempt 1 of 1
[2023-11-01T09:51:24.168+0530] {taskinstance.py:1380} INFO - Executing <Task(DateTimeSensor): wait_until_new_year> on 2023-11-01 00:08:00+00:00
[2023-11-01T09:51:24.172+0530] {standard_task_runner.py:57} INFO - Started process 921279 to run task
[2023-11-01T09:51:24.174+0530] {standard_task_runner.py:84} INFO - Running: ['airflow', 'tasks', 'run', 'date_time_example', 'wait_until_new_year', 'scheduled__2023-11-01T00:08:00+00:00', '--job-id', '2137', '--raw', '--subdir', 'DAGS_FOLDER/dataTimeSensor.py', '--cfg-path', '/tmp/tmpffj_218_']
[2023-11-01T09:51:24.175+0530] {standard_task_runner.py:85} INFO - Job 2137: Subtask wait_until_new_year
[2023-11-01T09:51:24.202+0530] {task_command.py:415} INFO - Running <TaskInstance: date_time_example.wait_until_new_year scheduled__2023-11-01T00:08:00+00:00 [running]> on host harika-Latitude-5511
[2023-11-01T09:51:24.259+0530] {taskinstance.py:1660} INFO - Exporting env vars: AIRFLOW_CTX_DAG_OWNER='airflow' AIRFLOW_CTX_DAG_ID='date_time_example' AIRFLOW_CTX_TASK_ID='wait_until_new_year' AIRFLOW_CTX_EXECUTION_DATE='2023-11-01T00:08:00+00:00' AIRFLOW_CTX_TRY_NUMBER='1' AIRFLOW_CTX_DAG_RUN_ID='scheduled__2023-11-01T00:08:00+00:00'
[2023-11-01T09:51:24.264+0530] {date_time.py:74} INFO - Checking if the time (2023-11-01T09:52:00) has come
[2023-11-01T09:51:24.350+0530] {taskinstance.py:1895} INFO - Rescheduling task, marking task as UP_FOR_RESCHEDULE
[2023-11-01T09:51:24.386+0530] {local_task_job_runner.py:228} INFO - Task exited with return code 0
[2023-11-01T09:51:24.396+0530] {taskinstance.py:2776} INFO - 0 downstream tasks scheduled from follow-on schedule check
[2023-11-01T09:52:28.253+0530] {taskinstance.py:1157} INFO - Dependencies all met for dep_context=non-requeueable deps ti=<TaskInstance: date_time_example.wait_until_new_year scheduled__2023-11-01T00:08:00+00:00 [queued]>
[2023-11-01T09:52:28.258+0530] {taskinstance.py:1157} INFO - Dependencies all met for dep_context=requeueable deps ti=<TaskInstance: date_time_example.wait_until_new_year scheduled__2023-11-01T00:08:00+00:00 [queued]>
[2023-11-01T09:52:28.258+0530] {taskinstance.py:1359} INFO - Starting attempt 1 of 1
[2023-11-01T09:52:28.269+0530] {taskinstance.py:1380} INFO - Executing <Task(DateTimeSensor): wait_until_new_year> on 2023-11-01 00:08:00+00:00
[2023-11-01T09:52:28.273+0530] {standard_task_runner.py:57} INFO - Started process 922703 to run task
[2023-11-01T09:52:28.275+0530] {standard_task_runner.py:84} INFO - Running: ['airflow', 'tasks', 'run', 'date_time_example', 'wait_until_new_year', 'scheduled__2023-11-01T00:08:00+00:00', '--job-id', '2155', '--raw', '--subdir', 'DAGS_FOLDER/dataTimeSensor.py', '--cfg-path', '/tmp/tmpfsxco8nt']
[2023-11-01T09:52:28.275+0530] {standard_task_runner.py:85} INFO - Job 2155: Subtask wait_until_new_year
[2023-11-01T09:52:28.305+0530] {task_command.py:415} INFO - Running <TaskInstance: date_time_example.wait_until_new_year scheduled__2023-11-01T00:08:00+00:00 [running]> on host harika-Latitude-5511
[2023-11-01T09:52:28.356+0530] {taskinstance.py:1660} INFO - Exporting env vars: AIRFLOW_CTX_DAG_OWNER='airflow' AIRFLOW_CTX_DAG_ID='date_time_example' AIRFLOW_CTX_TASK_ID='wait_until_new_year' AIRFLOW_CTX_EXECUTION_DATE='2023-11-01T00:08:00+00:00' AIRFLOW_CTX_TRY_NUMBER='1' AIRFLOW_CTX_DAG_RUN_ID='scheduled__2023-11-01T00:08:00+00:00'
[2023-11-01T09:52:28.360+0530] {date_time.py:74} INFO - Checking if the time (2023-11-01T09:52:00) has come
[2023-11-01T09:52:28.452+0530] {taskinstance.py:1895} INFO - Rescheduling task, marking task as UP_FOR_RESCHEDULE
[2023-11-01T09:52:28.487+0530] {local_task_job_runner.py:228} INFO - Task exited with return code 0
[2023-11-01T09:52:28.498+0530] {taskinstance.py:2776} INFO - 0 downstream tasks scheduled from follow-on schedule check
[2023-11-01T09:53:30.940+0530] {taskinstance.py:1157} INFO - Dependencies all met for dep_context=non-requeueable deps ti=<TaskInstance: date_time_example.wait_until_new_year scheduled__2023-11-01T00:08:00+00:00 [queued]>
[2023-11-01T09:53:30.945+0530] {taskinstance.py:1157} INFO - Dependencies all met for dep_context=requeueable deps ti=<TaskInstance: date_time_example.wait_until_new_year scheduled__2023-11-01T00:08:00+00:00 [queued]>
[2023-11-01T09:53:30.945+0530] {taskinstance.py:1359} INFO - Starting attempt 1 of 1
[2023-11-01T09:53:30.955+0530] {taskinstance.py:1380} INFO - Executing <Task(DateTimeSensor): wait_until_new_year> on 2023-11-01 00:08:00+00:00
[2023-11-01T09:53:30.959+0530] {standard_task_runner.py:57} INFO - Started process 924105 to run task
[2023-11-01T09:53:30.961+0530] {standard_task_runner.py:84} INFO - Running: ['airflow', 'tasks', 'run', 'date_time_example', 'wait_until_new_year', 'scheduled__2023-11-01T00:08:00+00:00', '--job-id', '2173', '--raw', '--subdir', 'DAGS_FOLDER/dataTimeSensor.py', '--cfg-path', '/tmp/tmp5sobc44l']
[2023-11-01T09:53:30.962+0530] {standard_task_runner.py:85} INFO - Job 2173: Subtask wait_until_new_year
[2023-11-01T09:53:30.987+0530] {task_command.py:415} INFO - Running <TaskInstance: date_time_example.wait_until_new_year scheduled__2023-11-01T00:08:00+00:00 [running]> on host harika-Latitude-5511
[2023-11-01T09:53:31.037+0530] {taskinstance.py:1660} INFO - Exporting env vars: AIRFLOW_CTX_DAG_OWNER='airflow' AIRFLOW_CTX_DAG_ID='date_time_example' AIRFLOW_CTX_TASK_ID='wait_until_new_year' AIRFLOW_CTX_EXECUTION_DATE='2023-11-01T00:08:00+00:00' AIRFLOW_CTX_TRY_NUMBER='1' AIRFLOW_CTX_DAG_RUN_ID='scheduled__2023-11-01T00:08:00+00:00'
[2023-11-01T09:53:31.041+0530] {date_time.py:74} INFO - Checking if the time (2023-11-01T09:52:00) has come
[2023-11-01T09:53:31.134+0530] {taskinstance.py:1895} INFO - Rescheduling task, marking task as UP_FOR_RESCHEDULE
[2023-11-01T09:53:31.173+0530] {local_task_job_runner.py:228} INFO - Task exited with return code 0
[2023-11-01T09:53:31.184+0530] {taskinstance.py:2776} INFO - 0 downstream tasks scheduled from follow-on schedule check
[2023-11-01T09:54:32.759+0530] {taskinstance.py:1157} INFO - Dependencies all met for dep_context=non-requeueable deps ti=<TaskInstance: date_time_example.wait_until_new_year scheduled__2023-11-01T00:08:00+00:00 [queued]>
[2023-11-01T09:54:32.766+0530] {taskinstance.py:1157} INFO - Dependencies all met for dep_context=requeueable deps ti=<TaskInstance: date_time_example.wait_until_new_year scheduled__2023-11-01T00:08:00+00:00 [queued]>
[2023-11-01T09:54:32.766+0530] {taskinstance.py:1359} INFO - Starting attempt 1 of 1
[2023-11-01T09:54:32.775+0530] {taskinstance.py:1380} INFO - Executing <Task(DateTimeSensor): wait_until_new_year> on 2023-11-01 00:08:00+00:00
[2023-11-01T09:54:32.781+0530] {standard_task_runner.py:57} INFO - Started process 925346 to run task
[2023-11-01T09:54:32.783+0530] {standard_task_runner.py:84} INFO - Running: ['airflow', 'tasks', 'run', 'date_time_example', 'wait_until_new_year', 'scheduled__2023-11-01T00:08:00+00:00', '--job-id', '2189', '--raw', '--subdir', 'DAGS_FOLDER/dataTimeSensor.py', '--cfg-path', '/tmp/tmp3m12d4a3']
[2023-11-01T09:54:32.784+0530] {standard_task_runner.py:85} INFO - Job 2189: Subtask wait_until_new_year
[2023-11-01T09:54:32.812+0530] {task_command.py:415} INFO - Running <TaskInstance: date_time_example.wait_until_new_year scheduled__2023-11-01T00:08:00+00:00 [running]> on host harika-Latitude-5511
[2023-11-01T09:54:32.862+0530] {taskinstance.py:1660} INFO - Exporting env vars: AIRFLOW_CTX_DAG_OWNER='airflow' AIRFLOW_CTX_DAG_ID='date_time_example' AIRFLOW_CTX_TASK_ID='wait_until_new_year' AIRFLOW_CTX_EXECUTION_DATE='2023-11-01T00:08:00+00:00' AIRFLOW_CTX_TRY_NUMBER='1' AIRFLOW_CTX_DAG_RUN_ID='scheduled__2023-11-01T00:08:00+00:00'
[2023-11-01T09:54:32.868+0530] {date_time.py:74} INFO - Checking if the time (2023-11-01T09:52:00) has come
[2023-11-01T09:54:32.962+0530] {taskinstance.py:1895} INFO - Rescheduling task, marking task as UP_FOR_RESCHEDULE
[2023-11-01T09:54:32.995+0530] {local_task_job_runner.py:228} INFO - Task exited with return code 0
[2023-11-01T09:54:33.005+0530] {taskinstance.py:2776} INFO - 0 downstream tasks scheduled from follow-on schedule check
[2023-11-01T09:55:35.760+0530] {taskinstance.py:1157} INFO - Dependencies all met for dep_context=non-requeueable deps ti=<TaskInstance: date_time_example.wait_until_new_year scheduled__2023-11-01T00:08:00+00:00 [queued]>
[2023-11-01T09:55:35.766+0530] {taskinstance.py:1157} INFO - Dependencies all met for dep_context=requeueable deps ti=<TaskInstance: date_time_example.wait_until_new_year scheduled__2023-11-01T00:08:00+00:00 [queued]>
[2023-11-01T09:55:35.766+0530] {taskinstance.py:1359} INFO - Starting attempt 1 of 1
[2023-11-01T09:55:35.775+0530] {taskinstance.py:1380} INFO - Executing <Task(DateTimeSensor): wait_until_new_year> on 2023-11-01 00:08:00+00:00
[2023-11-01T09:55:35.779+0530] {standard_task_runner.py:57} INFO - Started process 926754 to run task
[2023-11-01T09:55:35.781+0530] {standard_task_runner.py:84} INFO - Running: ['airflow', 'tasks', 'run', 'date_time_example', 'wait_until_new_year', 'scheduled__2023-11-01T00:08:00+00:00', '--job-id', '2205', '--raw', '--subdir', 'DAGS_FOLDER/dataTimeSensor.py', '--cfg-path', '/tmp/tmpgmjcprqi']
[2023-11-01T09:55:35.782+0530] {standard_task_runner.py:85} INFO - Job 2205: Subtask wait_until_new_year
[2023-11-01T09:55:35.807+0530] {task_command.py:415} INFO - Running <TaskInstance: date_time_example.wait_until_new_year scheduled__2023-11-01T00:08:00+00:00 [running]> on host harika-Latitude-5511
[2023-11-01T09:55:35.855+0530] {taskinstance.py:1660} INFO - Exporting env vars: AIRFLOW_CTX_DAG_OWNER='airflow' AIRFLOW_CTX_DAG_ID='date_time_example' AIRFLOW_CTX_TASK_ID='wait_until_new_year' AIRFLOW_CTX_EXECUTION_DATE='2023-11-01T00:08:00+00:00' AIRFLOW_CTX_TRY_NUMBER='1' AIRFLOW_CTX_DAG_RUN_ID='scheduled__2023-11-01T00:08:00+00:00'
[2023-11-01T09:55:35.859+0530] {date_time.py:74} INFO - Checking if the time (2023-11-01T09:52:00) has come
[2023-11-01T09:55:35.952+0530] {taskinstance.py:1895} INFO - Rescheduling task, marking task as UP_FOR_RESCHEDULE
[2023-11-01T09:55:35.993+0530] {local_task_job_runner.py:228} INFO - Task exited with return code 0
[2023-11-01T09:55:36.017+0530] {taskinstance.py:2776} INFO - 0 downstream tasks scheduled from follow-on schedule check
[2023-11-01T09:56:38.832+0530] {taskinstance.py:1157} INFO - Dependencies all met for dep_context=non-requeueable deps ti=<TaskInstance: date_time_example.wait_until_new_year scheduled__2023-11-01T00:08:00+00:00 [queued]>
[2023-11-01T09:56:38.838+0530] {taskinstance.py:1157} INFO - Dependencies all met for dep_context=requeueable deps ti=<TaskInstance: date_time_example.wait_until_new_year scheduled__2023-11-01T00:08:00+00:00 [queued]>
[2023-11-01T09:56:38.838+0530] {taskinstance.py:1359} INFO - Starting attempt 1 of 1
[2023-11-01T09:56:38.848+0530] {taskinstance.py:1380} INFO - Executing <Task(DateTimeSensor): wait_until_new_year> on 2023-11-01 00:08:00+00:00
[2023-11-01T09:56:38.852+0530] {standard_task_runner.py:57} INFO - Started process 928141 to run task
[2023-11-01T09:56:38.854+0530] {standard_task_runner.py:84} INFO - Running: ['airflow', 'tasks', 'run', 'date_time_example', 'wait_until_new_year', 'scheduled__2023-11-01T00:08:00+00:00', '--job-id', '2221', '--raw', '--subdir', 'DAGS_FOLDER/dataTimeSensor.py', '--cfg-path', '/tmp/tmphminvsbm']
[2023-11-01T09:56:38.855+0530] {standard_task_runner.py:85} INFO - Job 2221: Subtask wait_until_new_year
[2023-11-01T09:56:38.879+0530] {task_command.py:415} INFO - Running <TaskInstance: date_time_example.wait_until_new_year scheduled__2023-11-01T00:08:00+00:00 [running]> on host harika-Latitude-5511
[2023-11-01T09:56:38.929+0530] {taskinstance.py:1660} INFO - Exporting env vars: AIRFLOW_CTX_DAG_OWNER='airflow' AIRFLOW_CTX_DAG_ID='date_time_example' AIRFLOW_CTX_TASK_ID='wait_until_new_year' AIRFLOW_CTX_EXECUTION_DATE='2023-11-01T00:08:00+00:00' AIRFLOW_CTX_TRY_NUMBER='1' AIRFLOW_CTX_DAG_RUN_ID='scheduled__2023-11-01T00:08:00+00:00'
[2023-11-01T09:56:38.933+0530] {date_time.py:74} INFO - Checking if the time (2023-11-01T09:52:00) has come
[2023-11-01T09:56:39.024+0530] {taskinstance.py:1895} INFO - Rescheduling task, marking task as UP_FOR_RESCHEDULE
[2023-11-01T09:56:39.066+0530] {local_task_job_runner.py:228} INFO - Task exited with return code 0
[2023-11-01T09:56:39.079+0530] {taskinstance.py:2776} INFO - 0 downstream tasks scheduled from follow-on schedule check
[2023-11-01T09:57:41.326+0530] {taskinstance.py:1157} INFO - Dependencies all met for dep_context=non-requeueable deps ti=<TaskInstance: date_time_example.wait_until_new_year scheduled__2023-11-01T00:08:00+00:00 [queued]>
[2023-11-01T09:57:41.331+0530] {taskinstance.py:1157} INFO - Dependencies all met for dep_context=requeueable deps ti=<TaskInstance: date_time_example.wait_until_new_year scheduled__2023-11-01T00:08:00+00:00 [queued]>
[2023-11-01T09:57:41.332+0530] {taskinstance.py:1359} INFO - Starting attempt 1 of 1
[2023-11-01T09:57:41.342+0530] {taskinstance.py:1380} INFO - Executing <Task(DateTimeSensor): wait_until_new_year> on 2023-11-01 00:08:00+00:00
[2023-11-01T09:57:41.345+0530] {standard_task_runner.py:57} INFO - Started process 929390 to run task
[2023-11-01T09:57:41.347+0530] {standard_task_runner.py:84} INFO - Running: ['airflow', 'tasks', 'run', 'date_time_example', 'wait_until_new_year', 'scheduled__2023-11-01T00:08:00+00:00', '--job-id', '2237', '--raw', '--subdir', 'DAGS_FOLDER/dataTimeSensor.py', '--cfg-path', '/tmp/tmp6tg9ltyj']
[2023-11-01T09:57:41.349+0530] {standard_task_runner.py:85} INFO - Job 2237: Subtask wait_until_new_year
[2023-11-01T09:57:41.374+0530] {task_command.py:415} INFO - Running <TaskInstance: date_time_example.wait_until_new_year scheduled__2023-11-01T00:08:00+00:00 [running]> on host harika-Latitude-5511
[2023-11-01T09:57:41.423+0530] {taskinstance.py:1660} INFO - Exporting env vars: AIRFLOW_CTX_DAG_OWNER='airflow' AIRFLOW_CTX_DAG_ID='date_time_example' AIRFLOW_CTX_TASK_ID='wait_until_new_year' AIRFLOW_CTX_EXECUTION_DATE='2023-11-01T00:08:00+00:00' AIRFLOW_CTX_TRY_NUMBER='1' AIRFLOW_CTX_DAG_RUN_ID='scheduled__2023-11-01T00:08:00+00:00'
[2023-11-01T09:57:41.427+0530] {date_time.py:74} INFO - Checking if the time (2023-11-01T09:52:00) has come
[2023-11-01T09:57:41.519+0530] {taskinstance.py:1895} INFO - Rescheduling task, marking task as UP_FOR_RESCHEDULE
[2023-11-01T09:57:41.559+0530] {local_task_job_runner.py:228} INFO - Task exited with return code 0
[2023-11-01T09:57:41.589+0530] {taskinstance.py:2776} INFO - 0 downstream tasks scheduled from follow-on schedule check
[2023-11-01T09:58:44.207+0530] {taskinstance.py:1157} INFO - Dependencies all met for dep_context=non-requeueable deps ti=<TaskInstance: date_time_example.wait_until_new_year scheduled__2023-11-01T00:08:00+00:00 [queued]>
[2023-11-01T09:58:44.214+0530] {taskinstance.py:1157} INFO - Dependencies all met for dep_context=requeueable deps ti=<TaskInstance: date_time_example.wait_until_new_year scheduled__2023-11-01T00:08:00+00:00 [queued]>
[2023-11-01T09:58:44.214+0530] {taskinstance.py:1359} INFO - Starting attempt 1 of 1
[2023-11-01T09:58:44.225+0530] {taskinstance.py:1380} INFO - Executing <Task(DateTimeSensor): wait_until_new_year> on 2023-11-01 00:08:00+00:00
[2023-11-01T09:58:44.228+0530] {standard_task_runner.py:57} INFO - Started process 930809 to run task
[2023-11-01T09:58:44.231+0530] {standard_task_runner.py:84} INFO - Running: ['airflow', 'tasks', 'run', 'date_time_example', 'wait_until_new_year', 'scheduled__2023-11-01T00:08:00+00:00', '--job-id', '2252', '--raw', '--subdir', 'DAGS_FOLDER/dataTimeSensor.py', '--cfg-path', '/tmp/tmp3q8zoj2j']
[2023-11-01T09:58:44.233+0530] {standard_task_runner.py:85} INFO - Job 2252: Subtask wait_until_new_year
[2023-11-01T09:58:44.260+0530] {task_command.py:415} INFO - Running <TaskInstance: date_time_example.wait_until_new_year scheduled__2023-11-01T00:08:00+00:00 [running]> on host harika-Latitude-5511
[2023-11-01T09:58:44.316+0530] {taskinstance.py:1660} INFO - Exporting env vars: AIRFLOW_CTX_DAG_OWNER='airflow' AIRFLOW_CTX_DAG_ID='date_time_example' AIRFLOW_CTX_TASK_ID='wait_until_new_year' AIRFLOW_CTX_EXECUTION_DATE='2023-11-01T00:08:00+00:00' AIRFLOW_CTX_TRY_NUMBER='1' AIRFLOW_CTX_DAG_RUN_ID='scheduled__2023-11-01T00:08:00+00:00'
[2023-11-01T09:58:44.322+0530] {date_time.py:74} INFO - Checking if the time (2023-11-01T09:52:00) has come
[2023-11-01T09:58:44.411+0530] {taskinstance.py:1895} INFO - Rescheduling task, marking task as UP_FOR_RESCHEDULE
[2023-11-01T09:58:44.443+0530] {local_task_job_runner.py:228} INFO - Task exited with return code 0
[2023-11-01T09:58:44.472+0530] {taskinstance.py:2776} INFO - 0 downstream tasks scheduled from follow-on schedule check
[2023-11-01T09:59:46.886+0530] {taskinstance.py:1157} INFO - Dependencies all met for dep_context=non-requeueable deps ti=<TaskInstance: date_time_example.wait_until_new_year scheduled__2023-11-01T00:08:00+00:00 [queued]>
[2023-11-01T09:59:46.892+0530] {taskinstance.py:1157} INFO - Dependencies all met for dep_context=requeueable deps ti=<TaskInstance: date_time_example.wait_until_new_year scheduled__2023-11-01T00:08:00+00:00 [queued]>
[2023-11-01T09:59:46.892+0530] {taskinstance.py:1359} INFO - Starting attempt 1 of 1
[2023-11-01T09:59:46.903+0530] {taskinstance.py:1380} INFO - Executing <Task(DateTimeSensor): wait_until_new_year> on 2023-11-01 00:08:00+00:00
[2023-11-01T09:59:46.906+0530] {standard_task_runner.py:57} INFO - Started process 932229 to run task
[2023-11-01T09:59:46.909+0530] {standard_task_runner.py:84} INFO - Running: ['airflow', 'tasks', 'run', 'date_time_example', 'wait_until_new_year', 'scheduled__2023-11-01T00:08:00+00:00', '--job-id', '2268', '--raw', '--subdir', 'DAGS_FOLDER/dataTimeSensor.py', '--cfg-path', '/tmp/tmpryooxwfn']
[2023-11-01T09:59:46.910+0530] {standard_task_runner.py:85} INFO - Job 2268: Subtask wait_until_new_year
[2023-11-01T09:59:46.935+0530] {task_command.py:415} INFO - Running <TaskInstance: date_time_example.wait_until_new_year scheduled__2023-11-01T00:08:00+00:00 [running]> on host harika-Latitude-5511
[2023-11-01T09:59:46.984+0530] {taskinstance.py:1660} INFO - Exporting env vars: AIRFLOW_CTX_DAG_OWNER='airflow' AIRFLOW_CTX_DAG_ID='date_time_example' AIRFLOW_CTX_TASK_ID='wait_until_new_year' AIRFLOW_CTX_EXECUTION_DATE='2023-11-01T00:08:00+00:00' AIRFLOW_CTX_TRY_NUMBER='1' AIRFLOW_CTX_DAG_RUN_ID='scheduled__2023-11-01T00:08:00+00:00'
[2023-11-01T09:59:46.988+0530] {date_time.py:74} INFO - Checking if the time (2023-11-01T09:52:00) has come
[2023-11-01T09:59:47.080+0530] {taskinstance.py:1895} INFO - Rescheduling task, marking task as UP_FOR_RESCHEDULE
[2023-11-01T09:59:47.120+0530] {local_task_job_runner.py:228} INFO - Task exited with return code 0
[2023-11-01T09:59:47.131+0530] {taskinstance.py:2776} INFO - 0 downstream tasks scheduled from follow-on schedule check
