[2023-11-16T12:46:32.708+0530] {taskinstance.py:1157} INFO - Dependencies all met for dep_context=non-requeueable deps ti=<TaskInstance: hooks_demo.tables manual__2023-11-16T07:16:30.575383+00:00 [queued]>
[2023-11-16T12:46:32.713+0530] {taskinstance.py:1157} INFO - Dependencies all met for dep_context=requeueable deps ti=<TaskInstance: hooks_demo.tables manual__2023-11-16T07:16:30.575383+00:00 [queued]>
[2023-11-16T12:46:32.713+0530] {taskinstance.py:1359} INFO - Starting attempt 1 of 2
[2023-11-16T12:46:32.723+0530] {taskinstance.py:1380} INFO - Executing <Task(PythonOperator): tables> on 2023-11-16 07:16:30.575383+00:00
[2023-11-16T12:46:32.727+0530] {standard_task_runner.py:57} INFO - Started process 123033 to run task
[2023-11-16T12:46:32.729+0530] {standard_task_runner.py:84} INFO - Running: ['airflow', 'tasks', 'run', 'hooks_demo', 'tables', 'manual__2023-11-16T07:16:30.575383+00:00', '--job-id', '4683', '--raw', '--subdir', 'DAGS_FOLDER/hooks.py', '--cfg-path', '/tmp/tmpx26w55gh']
[2023-11-16T12:46:32.730+0530] {standard_task_runner.py:85} INFO - Job 4683: Subtask tables
[2023-11-16T12:46:32.753+0530] {task_command.py:415} INFO - Running <TaskInstance: hooks_demo.tables manual__2023-11-16T07:16:30.575383+00:00 [running]> on host harika-Latitude-5511
[2023-11-16T12:46:32.890+0530] {taskinstance.py:1660} INFO - Exporting env vars: AIRFLOW_CTX_DAG_OWNER='Airflow' AIRFLOW_CTX_DAG_ID='hooks_demo' AIRFLOW_CTX_TASK_ID='tables' AIRFLOW_CTX_EXECUTION_DATE='2023-11-16T07:16:30.575383+00:00' AIRFLOW_CTX_TRY_NUMBER='1' AIRFLOW_CTX_DAG_RUN_ID='manual__2023-11-16T07:16:30.575383+00:00'
[2023-11-16T12:46:32.894+0530] {base.py:73} INFO - Using connection ID 'postgres_conn' for task execution.
[2023-11-16T12:46:32.904+0530] {logging_mixin.py:151} INFO - SELECT table_name FROM information_schema.tables WHERE table_schema = 'public'
[2023-11-16T12:46:32.907+0530] {logging_mixin.py:151} INFO - query executed
[2023-11-16T12:46:32.907+0530] {logging_mixin.py:151} INFO - ['source_city_table', 'target_city_table'] table_names
[2023-11-16T12:46:32.907+0530] {logging_mixin.py:151} INFO - ###################################
[2023-11-16T12:46:32.907+0530] {logging_mixin.py:151} INFO - source_city_table tablename
[2023-11-16T12:46:32.907+0530] {logging_mixin.py:151} INFO - ###################################
[2023-11-16T12:46:32.907+0530] {logging_mixin.py:151} INFO - target_city_table tablename
[2023-11-16T12:46:32.908+0530] {python.py:194} INFO - Done. Returned value was: None
[2023-11-16T12:46:32.911+0530] {taskinstance.py:1398} INFO - Marking task as SUCCESS. dag_id=hooks_demo, task_id=tables, execution_date=20231116T071630, start_date=20231116T071632, end_date=20231116T071632
[2023-11-16T12:46:32.941+0530] {local_task_job_runner.py:228} INFO - Task exited with return code 0
[2023-11-16T12:46:32.950+0530] {taskinstance.py:2776} INFO - 0 downstream tasks scheduled from follow-on schedule check
