[2023-11-01T09:38:40.905+0530] {taskinstance.py:1157} INFO - Dependencies all met for dep_context=non-requeueable deps ti=<TaskInstance: date_time_example.wait_until_new_year manual__2023-11-01T04:08:37.097894+00:00 [queued]>
[2023-11-01T09:38:40.911+0530] {taskinstance.py:1157} INFO - Dependencies all met for dep_context=requeueable deps ti=<TaskInstance: date_time_example.wait_until_new_year manual__2023-11-01T04:08:37.097894+00:00 [queued]>
[2023-11-01T09:38:40.911+0530] {taskinstance.py:1359} INFO - Starting attempt 1 of 1
[2023-11-01T09:38:40.922+0530] {taskinstance.py:1380} INFO - Executing <Task(DateTimeSensor): wait_until_new_year> on 2023-11-01 04:08:37.097894+00:00
[2023-11-01T09:38:40.926+0530] {standard_task_runner.py:57} INFO - Started process 906530 to run task
[2023-11-01T09:38:40.928+0530] {standard_task_runner.py:84} INFO - Running: ['airflow', 'tasks', 'run', 'date_time_example', 'wait_until_new_year', 'manual__2023-11-01T04:08:37.097894+00:00', '--job-id', '2101', '--raw', '--subdir', 'DAGS_FOLDER/dataTimeSensor.py', '--cfg-path', '/tmp/tmpajv4thql']
[2023-11-01T09:38:40.929+0530] {standard_task_runner.py:85} INFO - Job 2101: Subtask wait_until_new_year
[2023-11-01T09:38:40.953+0530] {task_command.py:415} INFO - Running <TaskInstance: date_time_example.wait_until_new_year manual__2023-11-01T04:08:37.097894+00:00 [running]> on host harika-Latitude-5511
[2023-11-01T09:38:41.001+0530] {taskinstance.py:1660} INFO - Exporting env vars: AIRFLOW_CTX_DAG_OWNER='airflow' AIRFLOW_CTX_DAG_ID='date_time_example' AIRFLOW_CTX_TASK_ID='wait_until_new_year' AIRFLOW_CTX_EXECUTION_DATE='2023-11-01T04:08:37.097894+00:00' AIRFLOW_CTX_TRY_NUMBER='1' AIRFLOW_CTX_DAG_RUN_ID='manual__2023-11-01T04:08:37.097894+00:00'
[2023-11-01T09:38:41.006+0530] {date_time.py:74} INFO - Checking if the time (2023-11-01T09:39:00) has come
[2023-11-01T09:38:41.095+0530] {taskinstance.py:1895} INFO - Rescheduling task, marking task as UP_FOR_RESCHEDULE
[2023-11-01T09:38:41.140+0530] {local_task_job_runner.py:228} INFO - Task exited with return code 0
[2023-11-01T09:38:41.169+0530] {taskinstance.py:2776} INFO - 0 downstream tasks scheduled from follow-on schedule check
[2023-11-01T09:39:42.585+0530] {taskinstance.py:1157} INFO - Dependencies all met for dep_context=non-requeueable deps ti=<TaskInstance: date_time_example.wait_until_new_year manual__2023-11-01T04:08:37.097894+00:00 [queued]>
[2023-11-01T09:39:42.590+0530] {taskinstance.py:1157} INFO - Dependencies all met for dep_context=requeueable deps ti=<TaskInstance: date_time_example.wait_until_new_year manual__2023-11-01T04:08:37.097894+00:00 [queued]>
[2023-11-01T09:39:42.590+0530] {taskinstance.py:1359} INFO - Starting attempt 1 of 1
[2023-11-01T09:39:42.599+0530] {taskinstance.py:1380} INFO - Executing <Task(DateTimeSensor): wait_until_new_year> on 2023-11-01 04:08:37.097894+00:00
[2023-11-01T09:39:42.603+0530] {standard_task_runner.py:57} INFO - Started process 907736 to run task
[2023-11-01T09:39:42.605+0530] {standard_task_runner.py:84} INFO - Running: ['airflow', 'tasks', 'run', 'date_time_example', 'wait_until_new_year', 'manual__2023-11-01T04:08:37.097894+00:00', '--job-id', '2102', '--raw', '--subdir', 'DAGS_FOLDER/dataTimeSensor.py', '--cfg-path', '/tmp/tmpw0mtj4p1']
[2023-11-01T09:39:42.605+0530] {standard_task_runner.py:85} INFO - Job 2102: Subtask wait_until_new_year
[2023-11-01T09:39:42.626+0530] {task_command.py:415} INFO - Running <TaskInstance: date_time_example.wait_until_new_year manual__2023-11-01T04:08:37.097894+00:00 [running]> on host harika-Latitude-5511
[2023-11-01T09:39:42.670+0530] {taskinstance.py:1660} INFO - Exporting env vars: AIRFLOW_CTX_DAG_OWNER='airflow' AIRFLOW_CTX_DAG_ID='date_time_example' AIRFLOW_CTX_TASK_ID='wait_until_new_year' AIRFLOW_CTX_EXECUTION_DATE='2023-11-01T04:08:37.097894+00:00' AIRFLOW_CTX_TRY_NUMBER='1' AIRFLOW_CTX_DAG_RUN_ID='manual__2023-11-01T04:08:37.097894+00:00'
[2023-11-01T09:39:42.673+0530] {date_time.py:74} INFO - Checking if the time (2023-11-01T09:39:00) has come
[2023-11-01T09:39:42.750+0530] {taskinstance.py:1895} INFO - Rescheduling task, marking task as UP_FOR_RESCHEDULE
[2023-11-01T09:39:42.776+0530] {local_task_job_runner.py:228} INFO - Task exited with return code 0
[2023-11-01T09:39:42.787+0530] {taskinstance.py:2776} INFO - 0 downstream tasks scheduled from follow-on schedule check
[2023-11-01T09:40:44.740+0530] {taskinstance.py:1157} INFO - Dependencies all met for dep_context=non-requeueable deps ti=<TaskInstance: date_time_example.wait_until_new_year manual__2023-11-01T04:08:37.097894+00:00 [queued]>
[2023-11-01T09:40:44.745+0530] {taskinstance.py:1157} INFO - Dependencies all met for dep_context=requeueable deps ti=<TaskInstance: date_time_example.wait_until_new_year manual__2023-11-01T04:08:37.097894+00:00 [queued]>
[2023-11-01T09:40:44.745+0530] {taskinstance.py:1359} INFO - Starting attempt 1 of 1
[2023-11-01T09:40:44.754+0530] {taskinstance.py:1380} INFO - Executing <Task(DateTimeSensor): wait_until_new_year> on 2023-11-01 04:08:37.097894+00:00
[2023-11-01T09:40:44.757+0530] {standard_task_runner.py:57} INFO - Started process 908853 to run task
[2023-11-01T09:40:44.759+0530] {standard_task_runner.py:84} INFO - Running: ['airflow', 'tasks', 'run', 'date_time_example', 'wait_until_new_year', 'manual__2023-11-01T04:08:37.097894+00:00', '--job-id', '2103', '--raw', '--subdir', 'DAGS_FOLDER/dataTimeSensor.py', '--cfg-path', '/tmp/tmpouap2u4o']
[2023-11-01T09:40:44.760+0530] {standard_task_runner.py:85} INFO - Job 2103: Subtask wait_until_new_year
[2023-11-01T09:40:44.792+0530] {task_command.py:415} INFO - Running <TaskInstance: date_time_example.wait_until_new_year manual__2023-11-01T04:08:37.097894+00:00 [running]> on host harika-Latitude-5511
[2023-11-01T09:40:44.852+0530] {taskinstance.py:1660} INFO - Exporting env vars: AIRFLOW_CTX_DAG_OWNER='airflow' AIRFLOW_CTX_DAG_ID='date_time_example' AIRFLOW_CTX_TASK_ID='wait_until_new_year' AIRFLOW_CTX_EXECUTION_DATE='2023-11-01T04:08:37.097894+00:00' AIRFLOW_CTX_TRY_NUMBER='1' AIRFLOW_CTX_DAG_RUN_ID='manual__2023-11-01T04:08:37.097894+00:00'
[2023-11-01T09:40:44.858+0530] {date_time.py:74} INFO - Checking if the time (2023-11-01T09:39:00) has come
[2023-11-01T09:40:44.952+0530] {taskinstance.py:1895} INFO - Rescheduling task, marking task as UP_FOR_RESCHEDULE
[2023-11-01T09:40:44.971+0530] {local_task_job_runner.py:228} INFO - Task exited with return code 0
[2023-11-01T09:40:44.980+0530] {taskinstance.py:2776} INFO - 0 downstream tasks scheduled from follow-on schedule check
[2023-11-01T09:41:46.827+0530] {taskinstance.py:1157} INFO - Dependencies all met for dep_context=non-requeueable deps ti=<TaskInstance: date_time_example.wait_until_new_year manual__2023-11-01T04:08:37.097894+00:00 [queued]>
[2023-11-01T09:41:46.832+0530] {taskinstance.py:1157} INFO - Dependencies all met for dep_context=requeueable deps ti=<TaskInstance: date_time_example.wait_until_new_year manual__2023-11-01T04:08:37.097894+00:00 [queued]>
[2023-11-01T09:41:46.832+0530] {taskinstance.py:1359} INFO - Starting attempt 1 of 1
[2023-11-01T09:41:46.843+0530] {taskinstance.py:1380} INFO - Executing <Task(DateTimeSensor): wait_until_new_year> on 2023-11-01 04:08:37.097894+00:00
[2023-11-01T09:41:46.846+0530] {standard_task_runner.py:57} INFO - Started process 910096 to run task
[2023-11-01T09:41:46.848+0530] {standard_task_runner.py:84} INFO - Running: ['airflow', 'tasks', 'run', 'date_time_example', 'wait_until_new_year', 'manual__2023-11-01T04:08:37.097894+00:00', '--job-id', '2104', '--raw', '--subdir', 'DAGS_FOLDER/dataTimeSensor.py', '--cfg-path', '/tmp/tmplbk59k_b']
[2023-11-01T09:41:46.849+0530] {standard_task_runner.py:85} INFO - Job 2104: Subtask wait_until_new_year
[2023-11-01T09:41:46.872+0530] {task_command.py:415} INFO - Running <TaskInstance: date_time_example.wait_until_new_year manual__2023-11-01T04:08:37.097894+00:00 [running]> on host harika-Latitude-5511
[2023-11-01T09:41:46.918+0530] {taskinstance.py:1660} INFO - Exporting env vars: AIRFLOW_CTX_DAG_OWNER='airflow' AIRFLOW_CTX_DAG_ID='date_time_example' AIRFLOW_CTX_TASK_ID='wait_until_new_year' AIRFLOW_CTX_EXECUTION_DATE='2023-11-01T04:08:37.097894+00:00' AIRFLOW_CTX_TRY_NUMBER='1' AIRFLOW_CTX_DAG_RUN_ID='manual__2023-11-01T04:08:37.097894+00:00'
[2023-11-01T09:41:46.924+0530] {date_time.py:74} INFO - Checking if the time (2023-11-01T09:39:00) has come
[2023-11-01T09:41:47.014+0530] {taskinstance.py:1895} INFO - Rescheduling task, marking task as UP_FOR_RESCHEDULE
[2023-11-01T09:41:47.060+0530] {local_task_job_runner.py:228} INFO - Task exited with return code 0
[2023-11-01T09:41:47.072+0530] {taskinstance.py:2776} INFO - 0 downstream tasks scheduled from follow-on schedule check
[2023-11-01T09:42:48.713+0530] {taskinstance.py:1157} INFO - Dependencies all met for dep_context=non-requeueable deps ti=<TaskInstance: date_time_example.wait_until_new_year manual__2023-11-01T04:08:37.097894+00:00 [queued]>
[2023-11-01T09:42:48.719+0530] {taskinstance.py:1157} INFO - Dependencies all met for dep_context=requeueable deps ti=<TaskInstance: date_time_example.wait_until_new_year manual__2023-11-01T04:08:37.097894+00:00 [queued]>
[2023-11-01T09:42:48.719+0530] {taskinstance.py:1359} INFO - Starting attempt 1 of 1
[2023-11-01T09:42:48.728+0530] {taskinstance.py:1380} INFO - Executing <Task(DateTimeSensor): wait_until_new_year> on 2023-11-01 04:08:37.097894+00:00
[2023-11-01T09:42:48.731+0530] {standard_task_runner.py:57} INFO - Started process 911329 to run task
[2023-11-01T09:42:48.733+0530] {standard_task_runner.py:84} INFO - Running: ['airflow', 'tasks', 'run', 'date_time_example', 'wait_until_new_year', 'manual__2023-11-01T04:08:37.097894+00:00', '--job-id', '2105', '--raw', '--subdir', 'DAGS_FOLDER/dataTimeSensor.py', '--cfg-path', '/tmp/tmprvpuf0nd']
[2023-11-01T09:42:48.734+0530] {standard_task_runner.py:85} INFO - Job 2105: Subtask wait_until_new_year
[2023-11-01T09:42:48.755+0530] {task_command.py:415} INFO - Running <TaskInstance: date_time_example.wait_until_new_year manual__2023-11-01T04:08:37.097894+00:00 [running]> on host harika-Latitude-5511
[2023-11-01T09:42:48.798+0530] {taskinstance.py:1660} INFO - Exporting env vars: AIRFLOW_CTX_DAG_OWNER='airflow' AIRFLOW_CTX_DAG_ID='date_time_example' AIRFLOW_CTX_TASK_ID='wait_until_new_year' AIRFLOW_CTX_EXECUTION_DATE='2023-11-01T04:08:37.097894+00:00' AIRFLOW_CTX_TRY_NUMBER='1' AIRFLOW_CTX_DAG_RUN_ID='manual__2023-11-01T04:08:37.097894+00:00'
[2023-11-01T09:42:48.803+0530] {date_time.py:74} INFO - Checking if the time (2023-11-01T09:39:00) has come
[2023-11-01T09:42:48.884+0530] {taskinstance.py:1895} INFO - Rescheduling task, marking task as UP_FOR_RESCHEDULE
[2023-11-01T09:42:48.905+0530] {local_task_job_runner.py:228} INFO - Task exited with return code 0
[2023-11-01T09:42:48.913+0530] {taskinstance.py:2776} INFO - 0 downstream tasks scheduled from follow-on schedule check
[2023-11-01T09:43:50.662+0530] {taskinstance.py:1157} INFO - Dependencies all met for dep_context=non-requeueable deps ti=<TaskInstance: date_time_example.wait_until_new_year manual__2023-11-01T04:08:37.097894+00:00 [queued]>
[2023-11-01T09:43:50.667+0530] {taskinstance.py:1157} INFO - Dependencies all met for dep_context=requeueable deps ti=<TaskInstance: date_time_example.wait_until_new_year manual__2023-11-01T04:08:37.097894+00:00 [queued]>
[2023-11-01T09:43:50.667+0530] {taskinstance.py:1359} INFO - Starting attempt 1 of 1
[2023-11-01T09:43:50.676+0530] {taskinstance.py:1380} INFO - Executing <Task(DateTimeSensor): wait_until_new_year> on 2023-11-01 04:08:37.097894+00:00
[2023-11-01T09:43:50.680+0530] {standard_task_runner.py:57} INFO - Started process 912414 to run task
[2023-11-01T09:43:50.681+0530] {standard_task_runner.py:84} INFO - Running: ['airflow', 'tasks', 'run', 'date_time_example', 'wait_until_new_year', 'manual__2023-11-01T04:08:37.097894+00:00', '--job-id', '2106', '--raw', '--subdir', 'DAGS_FOLDER/dataTimeSensor.py', '--cfg-path', '/tmp/tmp1dh3poxg']
[2023-11-01T09:43:50.682+0530] {standard_task_runner.py:85} INFO - Job 2106: Subtask wait_until_new_year
[2023-11-01T09:43:50.704+0530] {task_command.py:415} INFO - Running <TaskInstance: date_time_example.wait_until_new_year manual__2023-11-01T04:08:37.097894+00:00 [running]> on host harika-Latitude-5511
[2023-11-01T09:43:50.746+0530] {taskinstance.py:1660} INFO - Exporting env vars: AIRFLOW_CTX_DAG_OWNER='airflow' AIRFLOW_CTX_DAG_ID='date_time_example' AIRFLOW_CTX_TASK_ID='wait_until_new_year' AIRFLOW_CTX_EXECUTION_DATE='2023-11-01T04:08:37.097894+00:00' AIRFLOW_CTX_TRY_NUMBER='1' AIRFLOW_CTX_DAG_RUN_ID='manual__2023-11-01T04:08:37.097894+00:00'
[2023-11-01T09:43:50.750+0530] {date_time.py:74} INFO - Checking if the time (2023-11-01T09:39:00) has come
[2023-11-01T09:43:50.831+0530] {taskinstance.py:1895} INFO - Rescheduling task, marking task as UP_FOR_RESCHEDULE
[2023-11-01T09:43:50.853+0530] {local_task_job_runner.py:228} INFO - Task exited with return code 0
[2023-11-01T09:43:50.870+0530] {taskinstance.py:2776} INFO - 0 downstream tasks scheduled from follow-on schedule check
[2023-11-01T09:44:52.604+0530] {taskinstance.py:1157} INFO - Dependencies all met for dep_context=non-requeueable deps ti=<TaskInstance: date_time_example.wait_until_new_year manual__2023-11-01T04:08:37.097894+00:00 [queued]>
[2023-11-01T09:44:52.609+0530] {taskinstance.py:1157} INFO - Dependencies all met for dep_context=requeueable deps ti=<TaskInstance: date_time_example.wait_until_new_year manual__2023-11-01T04:08:37.097894+00:00 [queued]>
[2023-11-01T09:44:52.610+0530] {taskinstance.py:1359} INFO - Starting attempt 1 of 1
[2023-11-01T09:44:52.619+0530] {taskinstance.py:1380} INFO - Executing <Task(DateTimeSensor): wait_until_new_year> on 2023-11-01 04:08:37.097894+00:00
[2023-11-01T09:44:52.622+0530] {standard_task_runner.py:57} INFO - Started process 913620 to run task
[2023-11-01T09:44:52.624+0530] {standard_task_runner.py:84} INFO - Running: ['airflow', 'tasks', 'run', 'date_time_example', 'wait_until_new_year', 'manual__2023-11-01T04:08:37.097894+00:00', '--job-id', '2107', '--raw', '--subdir', 'DAGS_FOLDER/dataTimeSensor.py', '--cfg-path', '/tmp/tmpkfl6r0m4']
[2023-11-01T09:44:52.625+0530] {standard_task_runner.py:85} INFO - Job 2107: Subtask wait_until_new_year
[2023-11-01T09:44:52.648+0530] {task_command.py:415} INFO - Running <TaskInstance: date_time_example.wait_until_new_year manual__2023-11-01T04:08:37.097894+00:00 [running]> on host harika-Latitude-5511
[2023-11-01T09:44:52.694+0530] {taskinstance.py:1660} INFO - Exporting env vars: AIRFLOW_CTX_DAG_OWNER='airflow' AIRFLOW_CTX_DAG_ID='date_time_example' AIRFLOW_CTX_TASK_ID='wait_until_new_year' AIRFLOW_CTX_EXECUTION_DATE='2023-11-01T04:08:37.097894+00:00' AIRFLOW_CTX_TRY_NUMBER='1' AIRFLOW_CTX_DAG_RUN_ID='manual__2023-11-01T04:08:37.097894+00:00'
[2023-11-01T09:44:52.700+0530] {date_time.py:74} INFO - Checking if the time (2023-11-01T09:39:00) has come
[2023-11-01T09:44:52.788+0530] {taskinstance.py:1895} INFO - Rescheduling task, marking task as UP_FOR_RESCHEDULE
[2023-11-01T09:44:52.795+0530] {local_task_job_runner.py:228} INFO - Task exited with return code 0
[2023-11-01T09:44:52.806+0530] {taskinstance.py:2776} INFO - 0 downstream tasks scheduled from follow-on schedule check
[2023-11-01T09:45:54.664+0530] {taskinstance.py:1157} INFO - Dependencies all met for dep_context=non-requeueable deps ti=<TaskInstance: date_time_example.wait_until_new_year manual__2023-11-01T04:08:37.097894+00:00 [queued]>
[2023-11-01T09:45:54.669+0530] {taskinstance.py:1157} INFO - Dependencies all met for dep_context=requeueable deps ti=<TaskInstance: date_time_example.wait_until_new_year manual__2023-11-01T04:08:37.097894+00:00 [queued]>
[2023-11-01T09:45:54.670+0530] {taskinstance.py:1359} INFO - Starting attempt 1 of 1
[2023-11-01T09:45:54.678+0530] {taskinstance.py:1380} INFO - Executing <Task(DateTimeSensor): wait_until_new_year> on 2023-11-01 04:08:37.097894+00:00
[2023-11-01T09:45:54.681+0530] {standard_task_runner.py:57} INFO - Started process 914731 to run task
[2023-11-01T09:45:54.684+0530] {standard_task_runner.py:84} INFO - Running: ['airflow', 'tasks', 'run', 'date_time_example', 'wait_until_new_year', 'manual__2023-11-01T04:08:37.097894+00:00', '--job-id', '2108', '--raw', '--subdir', 'DAGS_FOLDER/dataTimeSensor.py', '--cfg-path', '/tmp/tmpakobqouh']
[2023-11-01T09:45:54.685+0530] {standard_task_runner.py:85} INFO - Job 2108: Subtask wait_until_new_year
[2023-11-01T09:45:54.709+0530] {task_command.py:415} INFO - Running <TaskInstance: date_time_example.wait_until_new_year manual__2023-11-01T04:08:37.097894+00:00 [running]> on host harika-Latitude-5511
[2023-11-01T09:45:54.753+0530] {taskinstance.py:1660} INFO - Exporting env vars: AIRFLOW_CTX_DAG_OWNER='airflow' AIRFLOW_CTX_DAG_ID='date_time_example' AIRFLOW_CTX_TASK_ID='wait_until_new_year' AIRFLOW_CTX_EXECUTION_DATE='2023-11-01T04:08:37.097894+00:00' AIRFLOW_CTX_TRY_NUMBER='1' AIRFLOW_CTX_DAG_RUN_ID='manual__2023-11-01T04:08:37.097894+00:00'
[2023-11-01T09:45:54.757+0530] {date_time.py:74} INFO - Checking if the time (2023-11-01T09:39:00) has come
[2023-11-01T09:45:54.839+0530] {taskinstance.py:1895} INFO - Rescheduling task, marking task as UP_FOR_RESCHEDULE
[2023-11-01T09:45:54.855+0530] {local_task_job_runner.py:228} INFO - Task exited with return code 0
[2023-11-01T09:45:54.865+0530] {taskinstance.py:2776} INFO - 0 downstream tasks scheduled from follow-on schedule check
[2023-11-01T09:46:56.643+0530] {taskinstance.py:1157} INFO - Dependencies all met for dep_context=non-requeueable deps ti=<TaskInstance: date_time_example.wait_until_new_year manual__2023-11-01T04:08:37.097894+00:00 [queued]>
[2023-11-01T09:46:56.648+0530] {taskinstance.py:1157} INFO - Dependencies all met for dep_context=requeueable deps ti=<TaskInstance: date_time_example.wait_until_new_year manual__2023-11-01T04:08:37.097894+00:00 [queued]>
[2023-11-01T09:46:56.648+0530] {taskinstance.py:1359} INFO - Starting attempt 1 of 1
[2023-11-01T09:46:56.657+0530] {taskinstance.py:1380} INFO - Executing <Task(DateTimeSensor): wait_until_new_year> on 2023-11-01 04:08:37.097894+00:00
[2023-11-01T09:46:56.660+0530] {standard_task_runner.py:57} INFO - Started process 915952 to run task
[2023-11-01T09:46:56.662+0530] {standard_task_runner.py:84} INFO - Running: ['airflow', 'tasks', 'run', 'date_time_example', 'wait_until_new_year', 'manual__2023-11-01T04:08:37.097894+00:00', '--job-id', '2109', '--raw', '--subdir', 'DAGS_FOLDER/dataTimeSensor.py', '--cfg-path', '/tmp/tmprop46rdd']
[2023-11-01T09:46:56.662+0530] {standard_task_runner.py:85} INFO - Job 2109: Subtask wait_until_new_year
[2023-11-01T09:46:56.684+0530] {task_command.py:415} INFO - Running <TaskInstance: date_time_example.wait_until_new_year manual__2023-11-01T04:08:37.097894+00:00 [running]> on host harika-Latitude-5511
[2023-11-01T09:46:56.731+0530] {taskinstance.py:1660} INFO - Exporting env vars: AIRFLOW_CTX_DAG_OWNER='airflow' AIRFLOW_CTX_DAG_ID='date_time_example' AIRFLOW_CTX_TASK_ID='wait_until_new_year' AIRFLOW_CTX_EXECUTION_DATE='2023-11-01T04:08:37.097894+00:00' AIRFLOW_CTX_TRY_NUMBER='1' AIRFLOW_CTX_DAG_RUN_ID='manual__2023-11-01T04:08:37.097894+00:00'
[2023-11-01T09:46:56.735+0530] {date_time.py:74} INFO - Checking if the time (2023-11-01T09:39:00) has come
[2023-11-01T09:46:56.818+0530] {taskinstance.py:1895} INFO - Rescheduling task, marking task as UP_FOR_RESCHEDULE
[2023-11-01T09:46:56.833+0530] {local_task_job_runner.py:228} INFO - Task exited with return code 0
[2023-11-01T09:46:56.842+0530] {taskinstance.py:2776} INFO - 0 downstream tasks scheduled from follow-on schedule check
[2023-11-01T09:47:58.350+0530] {taskinstance.py:1157} INFO - Dependencies all met for dep_context=non-requeueable deps ti=<TaskInstance: date_time_example.wait_until_new_year manual__2023-11-01T04:08:37.097894+00:00 [queued]>
[2023-11-01T09:47:58.356+0530] {taskinstance.py:1157} INFO - Dependencies all met for dep_context=requeueable deps ti=<TaskInstance: date_time_example.wait_until_new_year manual__2023-11-01T04:08:37.097894+00:00 [queued]>
[2023-11-01T09:47:58.356+0530] {taskinstance.py:1359} INFO - Starting attempt 1 of 1
[2023-11-01T09:47:58.366+0530] {taskinstance.py:1380} INFO - Executing <Task(DateTimeSensor): wait_until_new_year> on 2023-11-01 04:08:37.097894+00:00
[2023-11-01T09:47:58.369+0530] {standard_task_runner.py:57} INFO - Started process 917156 to run task
[2023-11-01T09:47:58.372+0530] {standard_task_runner.py:84} INFO - Running: ['airflow', 'tasks', 'run', 'date_time_example', 'wait_until_new_year', 'manual__2023-11-01T04:08:37.097894+00:00', '--job-id', '2110', '--raw', '--subdir', 'DAGS_FOLDER/dataTimeSensor.py', '--cfg-path', '/tmp/tmpf2stg2sj']
[2023-11-01T09:47:58.373+0530] {standard_task_runner.py:85} INFO - Job 2110: Subtask wait_until_new_year
[2023-11-01T09:47:58.399+0530] {task_command.py:415} INFO - Running <TaskInstance: date_time_example.wait_until_new_year manual__2023-11-01T04:08:37.097894+00:00 [running]> on host harika-Latitude-5511
[2023-11-01T09:47:58.446+0530] {taskinstance.py:1660} INFO - Exporting env vars: AIRFLOW_CTX_DAG_OWNER='airflow' AIRFLOW_CTX_DAG_ID='date_time_example' AIRFLOW_CTX_TASK_ID='wait_until_new_year' AIRFLOW_CTX_EXECUTION_DATE='2023-11-01T04:08:37.097894+00:00' AIRFLOW_CTX_TRY_NUMBER='1' AIRFLOW_CTX_DAG_RUN_ID='manual__2023-11-01T04:08:37.097894+00:00'
[2023-11-01T09:47:58.451+0530] {date_time.py:74} INFO - Checking if the time (2023-11-01T09:39:00) has come
[2023-11-01T09:47:58.539+0530] {taskinstance.py:1895} INFO - Rescheduling task, marking task as UP_FOR_RESCHEDULE
[2023-11-01T09:47:58.583+0530] {local_task_job_runner.py:228} INFO - Task exited with return code 0
[2023-11-01T09:47:58.592+0530] {taskinstance.py:2776} INFO - 0 downstream tasks scheduled from follow-on schedule check
[2023-11-01T09:49:00.068+0530] {taskinstance.py:1157} INFO - Dependencies all met for dep_context=non-requeueable deps ti=<TaskInstance: date_time_example.wait_until_new_year manual__2023-11-01T04:08:37.097894+00:00 [queued]>
[2023-11-01T09:49:00.073+0530] {taskinstance.py:1157} INFO - Dependencies all met for dep_context=requeueable deps ti=<TaskInstance: date_time_example.wait_until_new_year manual__2023-11-01T04:08:37.097894+00:00 [queued]>
[2023-11-01T09:49:00.073+0530] {taskinstance.py:1359} INFO - Starting attempt 1 of 1
[2023-11-01T09:49:00.082+0530] {taskinstance.py:1380} INFO - Executing <Task(DateTimeSensor): wait_until_new_year> on 2023-11-01 04:08:37.097894+00:00
[2023-11-01T09:49:00.085+0530] {standard_task_runner.py:57} INFO - Started process 918254 to run task
[2023-11-01T09:49:00.087+0530] {standard_task_runner.py:84} INFO - Running: ['airflow', 'tasks', 'run', 'date_time_example', 'wait_until_new_year', 'manual__2023-11-01T04:08:37.097894+00:00', '--job-id', '2111', '--raw', '--subdir', 'DAGS_FOLDER/dataTimeSensor.py', '--cfg-path', '/tmp/tmp_1ybfgys']
[2023-11-01T09:49:00.088+0530] {standard_task_runner.py:85} INFO - Job 2111: Subtask wait_until_new_year
[2023-11-01T09:49:00.112+0530] {task_command.py:415} INFO - Running <TaskInstance: date_time_example.wait_until_new_year manual__2023-11-01T04:08:37.097894+00:00 [running]> on host harika-Latitude-5511
[2023-11-01T09:49:00.157+0530] {taskinstance.py:1660} INFO - Exporting env vars: AIRFLOW_CTX_DAG_OWNER='airflow' AIRFLOW_CTX_DAG_ID='date_time_example' AIRFLOW_CTX_TASK_ID='wait_until_new_year' AIRFLOW_CTX_EXECUTION_DATE='2023-11-01T04:08:37.097894+00:00' AIRFLOW_CTX_TRY_NUMBER='1' AIRFLOW_CTX_DAG_RUN_ID='manual__2023-11-01T04:08:37.097894+00:00'
[2023-11-01T09:49:00.160+0530] {date_time.py:74} INFO - Checking if the time (2023-11-01T09:39:00) has come
[2023-11-01T09:49:00.242+0530] {taskinstance.py:1895} INFO - Rescheduling task, marking task as UP_FOR_RESCHEDULE
[2023-11-01T09:49:00.259+0530] {local_task_job_runner.py:228} INFO - Task exited with return code 0
[2023-11-01T09:49:00.271+0530] {taskinstance.py:2776} INFO - 0 downstream tasks scheduled from follow-on schedule check
[2023-11-01T09:50:04.154+0530] {taskinstance.py:1157} INFO - Dependencies all met for dep_context=non-requeueable deps ti=<TaskInstance: date_time_example.wait_until_new_year manual__2023-11-01T04:08:37.097894+00:00 [queued]>
[2023-11-01T09:50:04.159+0530] {taskinstance.py:1157} INFO - Dependencies all met for dep_context=requeueable deps ti=<TaskInstance: date_time_example.wait_until_new_year manual__2023-11-01T04:08:37.097894+00:00 [queued]>
[2023-11-01T09:50:04.159+0530] {taskinstance.py:1359} INFO - Starting attempt 1 of 1
[2023-11-01T09:50:04.168+0530] {taskinstance.py:1380} INFO - Executing <Task(DateTimeSensor): wait_until_new_year> on 2023-11-01 04:08:37.097894+00:00
[2023-11-01T09:50:04.171+0530] {standard_task_runner.py:57} INFO - Started process 919506 to run task
[2023-11-01T09:50:04.173+0530] {standard_task_runner.py:84} INFO - Running: ['airflow', 'tasks', 'run', 'date_time_example', 'wait_until_new_year', 'manual__2023-11-01T04:08:37.097894+00:00', '--job-id', '2113', '--raw', '--subdir', 'DAGS_FOLDER/dataTimeSensor.py', '--cfg-path', '/tmp/tmpkijp3h5u']
[2023-11-01T09:50:04.174+0530] {standard_task_runner.py:85} INFO - Job 2113: Subtask wait_until_new_year
[2023-11-01T09:50:04.194+0530] {task_command.py:415} INFO - Running <TaskInstance: date_time_example.wait_until_new_year manual__2023-11-01T04:08:37.097894+00:00 [running]> on host harika-Latitude-5511
[2023-11-01T09:50:04.236+0530] {taskinstance.py:1660} INFO - Exporting env vars: AIRFLOW_CTX_DAG_OWNER='airflow' AIRFLOW_CTX_DAG_ID='date_time_example' AIRFLOW_CTX_TASK_ID='wait_until_new_year' AIRFLOW_CTX_EXECUTION_DATE='2023-11-01T04:08:37.097894+00:00' AIRFLOW_CTX_TRY_NUMBER='1' AIRFLOW_CTX_DAG_RUN_ID='manual__2023-11-01T04:08:37.097894+00:00'
[2023-11-01T09:50:04.241+0530] {date_time.py:74} INFO - Checking if the time (2023-11-01T09:39:00) has come
[2023-11-01T09:50:04.318+0530] {taskinstance.py:1895} INFO - Rescheduling task, marking task as UP_FOR_RESCHEDULE
[2023-11-01T09:50:04.345+0530] {local_task_job_runner.py:228} INFO - Task exited with return code 0
[2023-11-01T09:50:04.355+0530] {taskinstance.py:2776} INFO - 0 downstream tasks scheduled from follow-on schedule check
[2023-11-01T09:51:06.155+0530] {taskinstance.py:1157} INFO - Dependencies all met for dep_context=non-requeueable deps ti=<TaskInstance: date_time_example.wait_until_new_year manual__2023-11-01T04:08:37.097894+00:00 [queued]>
[2023-11-01T09:51:06.160+0530] {taskinstance.py:1157} INFO - Dependencies all met for dep_context=requeueable deps ti=<TaskInstance: date_time_example.wait_until_new_year manual__2023-11-01T04:08:37.097894+00:00 [queued]>
[2023-11-01T09:51:06.160+0530] {taskinstance.py:1359} INFO - Starting attempt 1 of 1
[2023-11-01T09:51:06.169+0530] {taskinstance.py:1380} INFO - Executing <Task(DateTimeSensor): wait_until_new_year> on 2023-11-01 04:08:37.097894+00:00
[2023-11-01T09:51:06.172+0530] {standard_task_runner.py:57} INFO - Started process 920930 to run task
[2023-11-01T09:51:06.174+0530] {standard_task_runner.py:84} INFO - Running: ['airflow', 'tasks', 'run', 'date_time_example', 'wait_until_new_year', 'manual__2023-11-01T04:08:37.097894+00:00', '--job-id', '2129', '--raw', '--subdir', 'DAGS_FOLDER/dataTimeSensor.py', '--cfg-path', '/tmp/tmpcteuh32q']
[2023-11-01T09:51:06.175+0530] {standard_task_runner.py:85} INFO - Job 2129: Subtask wait_until_new_year
[2023-11-01T09:51:06.195+0530] {task_command.py:415} INFO - Running <TaskInstance: date_time_example.wait_until_new_year manual__2023-11-01T04:08:37.097894+00:00 [running]> on host harika-Latitude-5511
[2023-11-01T09:51:06.236+0530] {taskinstance.py:1660} INFO - Exporting env vars: AIRFLOW_CTX_DAG_OWNER='airflow' AIRFLOW_CTX_DAG_ID='date_time_example' AIRFLOW_CTX_TASK_ID='wait_until_new_year' AIRFLOW_CTX_EXECUTION_DATE='2023-11-01T04:08:37.097894+00:00' AIRFLOW_CTX_TRY_NUMBER='1' AIRFLOW_CTX_DAG_RUN_ID='manual__2023-11-01T04:08:37.097894+00:00'
[2023-11-01T09:51:06.241+0530] {date_time.py:74} INFO - Checking if the time (2023-11-01T09:39:00) has come
[2023-11-01T09:51:06.318+0530] {taskinstance.py:1895} INFO - Rescheduling task, marking task as UP_FOR_RESCHEDULE
[2023-11-01T09:51:06.346+0530] {local_task_job_runner.py:228} INFO - Task exited with return code 0
[2023-11-01T09:51:06.356+0530] {taskinstance.py:2776} INFO - 0 downstream tasks scheduled from follow-on schedule check
[2023-11-01T09:52:08.978+0530] {taskinstance.py:1157} INFO - Dependencies all met for dep_context=non-requeueable deps ti=<TaskInstance: date_time_example.wait_until_new_year manual__2023-11-01T04:08:37.097894+00:00 [queued]>
[2023-11-01T09:52:08.984+0530] {taskinstance.py:1157} INFO - Dependencies all met for dep_context=requeueable deps ti=<TaskInstance: date_time_example.wait_until_new_year manual__2023-11-01T04:08:37.097894+00:00 [queued]>
[2023-11-01T09:52:08.985+0530] {taskinstance.py:1359} INFO - Starting attempt 1 of 1
[2023-11-01T09:52:08.996+0530] {taskinstance.py:1380} INFO - Executing <Task(DateTimeSensor): wait_until_new_year> on 2023-11-01 04:08:37.097894+00:00
[2023-11-01T09:52:09.000+0530] {standard_task_runner.py:57} INFO - Started process 922217 to run task
[2023-11-01T09:52:09.002+0530] {standard_task_runner.py:84} INFO - Running: ['airflow', 'tasks', 'run', 'date_time_example', 'wait_until_new_year', 'manual__2023-11-01T04:08:37.097894+00:00', '--job-id', '2147', '--raw', '--subdir', 'DAGS_FOLDER/dataTimeSensor.py', '--cfg-path', '/tmp/tmpm58ua8cm']
[2023-11-01T09:52:09.003+0530] {standard_task_runner.py:85} INFO - Job 2147: Subtask wait_until_new_year
[2023-11-01T09:52:09.028+0530] {task_command.py:415} INFO - Running <TaskInstance: date_time_example.wait_until_new_year manual__2023-11-01T04:08:37.097894+00:00 [running]> on host harika-Latitude-5511
[2023-11-01T09:52:09.081+0530] {taskinstance.py:1660} INFO - Exporting env vars: AIRFLOW_CTX_DAG_OWNER='airflow' AIRFLOW_CTX_DAG_ID='date_time_example' AIRFLOW_CTX_TASK_ID='wait_until_new_year' AIRFLOW_CTX_EXECUTION_DATE='2023-11-01T04:08:37.097894+00:00' AIRFLOW_CTX_TRY_NUMBER='1' AIRFLOW_CTX_DAG_RUN_ID='manual__2023-11-01T04:08:37.097894+00:00'
[2023-11-01T09:52:09.086+0530] {date_time.py:74} INFO - Checking if the time (2023-11-01T09:52:00) has come
[2023-11-01T09:52:09.187+0530] {taskinstance.py:1895} INFO - Rescheduling task, marking task as UP_FOR_RESCHEDULE
[2023-11-01T09:52:09.214+0530] {local_task_job_runner.py:228} INFO - Task exited with return code 0
[2023-11-01T09:52:09.224+0530] {taskinstance.py:2776} INFO - 0 downstream tasks scheduled from follow-on schedule check
[2023-11-01T09:53:11.732+0530] {taskinstance.py:1157} INFO - Dependencies all met for dep_context=non-requeueable deps ti=<TaskInstance: date_time_example.wait_until_new_year manual__2023-11-01T04:08:37.097894+00:00 [queued]>
[2023-11-01T09:53:11.739+0530] {taskinstance.py:1157} INFO - Dependencies all met for dep_context=requeueable deps ti=<TaskInstance: date_time_example.wait_until_new_year manual__2023-11-01T04:08:37.097894+00:00 [queued]>
[2023-11-01T09:53:11.739+0530] {taskinstance.py:1359} INFO - Starting attempt 1 of 1
[2023-11-01T09:53:11.750+0530] {taskinstance.py:1380} INFO - Executing <Task(DateTimeSensor): wait_until_new_year> on 2023-11-01 04:08:37.097894+00:00
[2023-11-01T09:53:11.754+0530] {standard_task_runner.py:57} INFO - Started process 923625 to run task
[2023-11-01T09:53:11.756+0530] {standard_task_runner.py:84} INFO - Running: ['airflow', 'tasks', 'run', 'date_time_example', 'wait_until_new_year', 'manual__2023-11-01T04:08:37.097894+00:00', '--job-id', '2165', '--raw', '--subdir', 'DAGS_FOLDER/dataTimeSensor.py', '--cfg-path', '/tmp/tmpe9dnvyon']
[2023-11-01T09:53:11.757+0530] {standard_task_runner.py:85} INFO - Job 2165: Subtask wait_until_new_year
[2023-11-01T09:53:11.781+0530] {task_command.py:415} INFO - Running <TaskInstance: date_time_example.wait_until_new_year manual__2023-11-01T04:08:37.097894+00:00 [running]> on host harika-Latitude-5511
[2023-11-01T09:53:11.834+0530] {taskinstance.py:1660} INFO - Exporting env vars: AIRFLOW_CTX_DAG_OWNER='airflow' AIRFLOW_CTX_DAG_ID='date_time_example' AIRFLOW_CTX_TASK_ID='wait_until_new_year' AIRFLOW_CTX_EXECUTION_DATE='2023-11-01T04:08:37.097894+00:00' AIRFLOW_CTX_TRY_NUMBER='1' AIRFLOW_CTX_DAG_RUN_ID='manual__2023-11-01T04:08:37.097894+00:00'
[2023-11-01T09:53:11.839+0530] {date_time.py:74} INFO - Checking if the time (2023-11-01T09:52:00) has come
[2023-11-01T09:53:11.934+0530] {taskinstance.py:1895} INFO - Rescheduling task, marking task as UP_FOR_RESCHEDULE
[2023-11-01T09:53:11.968+0530] {local_task_job_runner.py:228} INFO - Task exited with return code 0
[2023-11-01T09:53:11.978+0530] {taskinstance.py:2776} INFO - 0 downstream tasks scheduled from follow-on schedule check
[2023-11-01T09:54:13.803+0530] {taskinstance.py:1157} INFO - Dependencies all met for dep_context=non-requeueable deps ti=<TaskInstance: date_time_example.wait_until_new_year manual__2023-11-01T04:08:37.097894+00:00 [queued]>
[2023-11-01T09:54:13.809+0530] {taskinstance.py:1157} INFO - Dependencies all met for dep_context=requeueable deps ti=<TaskInstance: date_time_example.wait_until_new_year manual__2023-11-01T04:08:37.097894+00:00 [queued]>
[2023-11-01T09:54:13.809+0530] {taskinstance.py:1359} INFO - Starting attempt 1 of 1
[2023-11-01T09:54:13.820+0530] {taskinstance.py:1380} INFO - Executing <Task(DateTimeSensor): wait_until_new_year> on 2023-11-01 04:08:37.097894+00:00
[2023-11-01T09:54:13.823+0530] {standard_task_runner.py:57} INFO - Started process 925006 to run task
[2023-11-01T09:54:13.825+0530] {standard_task_runner.py:84} INFO - Running: ['airflow', 'tasks', 'run', 'date_time_example', 'wait_until_new_year', 'manual__2023-11-01T04:08:37.097894+00:00', '--job-id', '2181', '--raw', '--subdir', 'DAGS_FOLDER/dataTimeSensor.py', '--cfg-path', '/tmp/tmpb79itv2a']
[2023-11-01T09:54:13.827+0530] {standard_task_runner.py:85} INFO - Job 2181: Subtask wait_until_new_year
[2023-11-01T09:54:13.852+0530] {task_command.py:415} INFO - Running <TaskInstance: date_time_example.wait_until_new_year manual__2023-11-01T04:08:37.097894+00:00 [running]> on host harika-Latitude-5511
[2023-11-01T09:54:13.906+0530] {taskinstance.py:1660} INFO - Exporting env vars: AIRFLOW_CTX_DAG_OWNER='airflow' AIRFLOW_CTX_DAG_ID='date_time_example' AIRFLOW_CTX_TASK_ID='wait_until_new_year' AIRFLOW_CTX_EXECUTION_DATE='2023-11-01T04:08:37.097894+00:00' AIRFLOW_CTX_TRY_NUMBER='1' AIRFLOW_CTX_DAG_RUN_ID='manual__2023-11-01T04:08:37.097894+00:00'
[2023-11-01T09:54:13.912+0530] {date_time.py:74} INFO - Checking if the time (2023-11-01T09:52:00) has come
[2023-11-01T09:54:14.006+0530] {taskinstance.py:1895} INFO - Rescheduling task, marking task as UP_FOR_RESCHEDULE
[2023-11-01T09:54:14.037+0530] {local_task_job_runner.py:228} INFO - Task exited with return code 0
[2023-11-01T09:54:14.050+0530] {taskinstance.py:2776} INFO - 0 downstream tasks scheduled from follow-on schedule check
[2023-11-01T09:55:15.615+0530] {taskinstance.py:1157} INFO - Dependencies all met for dep_context=non-requeueable deps ti=<TaskInstance: date_time_example.wait_until_new_year manual__2023-11-01T04:08:37.097894+00:00 [queued]>
[2023-11-01T09:55:15.621+0530] {taskinstance.py:1157} INFO - Dependencies all met for dep_context=requeueable deps ti=<TaskInstance: date_time_example.wait_until_new_year manual__2023-11-01T04:08:37.097894+00:00 [queued]>
[2023-11-01T09:55:15.621+0530] {taskinstance.py:1359} INFO - Starting attempt 1 of 1
[2023-11-01T09:55:15.631+0530] {taskinstance.py:1380} INFO - Executing <Task(DateTimeSensor): wait_until_new_year> on 2023-11-01 04:08:37.097894+00:00
[2023-11-01T09:55:15.634+0530] {standard_task_runner.py:57} INFO - Started process 926258 to run task
[2023-11-01T09:55:15.637+0530] {standard_task_runner.py:84} INFO - Running: ['airflow', 'tasks', 'run', 'date_time_example', 'wait_until_new_year', 'manual__2023-11-01T04:08:37.097894+00:00', '--job-id', '2197', '--raw', '--subdir', 'DAGS_FOLDER/dataTimeSensor.py', '--cfg-path', '/tmp/tmpipvay97x']
[2023-11-01T09:55:15.638+0530] {standard_task_runner.py:85} INFO - Job 2197: Subtask wait_until_new_year
[2023-11-01T09:55:15.663+0530] {task_command.py:415} INFO - Running <TaskInstance: date_time_example.wait_until_new_year manual__2023-11-01T04:08:37.097894+00:00 [running]> on host harika-Latitude-5511
[2023-11-01T09:55:15.712+0530] {taskinstance.py:1660} INFO - Exporting env vars: AIRFLOW_CTX_DAG_OWNER='airflow' AIRFLOW_CTX_DAG_ID='date_time_example' AIRFLOW_CTX_TASK_ID='wait_until_new_year' AIRFLOW_CTX_EXECUTION_DATE='2023-11-01T04:08:37.097894+00:00' AIRFLOW_CTX_TRY_NUMBER='1' AIRFLOW_CTX_DAG_RUN_ID='manual__2023-11-01T04:08:37.097894+00:00'
[2023-11-01T09:55:15.718+0530] {date_time.py:74} INFO - Checking if the time (2023-11-01T09:52:00) has come
[2023-11-01T09:55:15.806+0530] {taskinstance.py:1895} INFO - Rescheduling task, marking task as UP_FOR_RESCHEDULE
[2023-11-01T09:55:15.849+0530] {local_task_job_runner.py:228} INFO - Task exited with return code 0
[2023-11-01T09:55:15.877+0530] {taskinstance.py:2776} INFO - 0 downstream tasks scheduled from follow-on schedule check
[2023-11-01T09:56:18.188+0530] {taskinstance.py:1157} INFO - Dependencies all met for dep_context=non-requeueable deps ti=<TaskInstance: date_time_example.wait_until_new_year manual__2023-11-01T04:08:37.097894+00:00 [queued]>
[2023-11-01T09:56:18.194+0530] {taskinstance.py:1157} INFO - Dependencies all met for dep_context=requeueable deps ti=<TaskInstance: date_time_example.wait_until_new_year manual__2023-11-01T04:08:37.097894+00:00 [queued]>
[2023-11-01T09:56:18.194+0530] {taskinstance.py:1359} INFO - Starting attempt 1 of 1
[2023-11-01T09:56:18.205+0530] {taskinstance.py:1380} INFO - Executing <Task(DateTimeSensor): wait_until_new_year> on 2023-11-01 04:08:37.097894+00:00
[2023-11-01T09:56:18.209+0530] {standard_task_runner.py:57} INFO - Started process 927635 to run task
[2023-11-01T09:56:18.212+0530] {standard_task_runner.py:84} INFO - Running: ['airflow', 'tasks', 'run', 'date_time_example', 'wait_until_new_year', 'manual__2023-11-01T04:08:37.097894+00:00', '--job-id', '2213', '--raw', '--subdir', 'DAGS_FOLDER/dataTimeSensor.py', '--cfg-path', '/tmp/tmp6wepg3oh']
[2023-11-01T09:56:18.213+0530] {standard_task_runner.py:85} INFO - Job 2213: Subtask wait_until_new_year
[2023-11-01T09:56:18.237+0530] {task_command.py:415} INFO - Running <TaskInstance: date_time_example.wait_until_new_year manual__2023-11-01T04:08:37.097894+00:00 [running]> on host harika-Latitude-5511
[2023-11-01T09:56:18.283+0530] {taskinstance.py:1660} INFO - Exporting env vars: AIRFLOW_CTX_DAG_OWNER='airflow' AIRFLOW_CTX_DAG_ID='date_time_example' AIRFLOW_CTX_TASK_ID='wait_until_new_year' AIRFLOW_CTX_EXECUTION_DATE='2023-11-01T04:08:37.097894+00:00' AIRFLOW_CTX_TRY_NUMBER='1' AIRFLOW_CTX_DAG_RUN_ID='manual__2023-11-01T04:08:37.097894+00:00'
[2023-11-01T09:56:18.288+0530] {date_time.py:74} INFO - Checking if the time (2023-11-01T09:52:00) has come
[2023-11-01T09:56:18.375+0530] {taskinstance.py:1895} INFO - Rescheduling task, marking task as UP_FOR_RESCHEDULE
[2023-11-01T09:56:18.384+0530] {local_task_job_runner.py:228} INFO - Task exited with return code 0
[2023-11-01T09:56:18.394+0530] {taskinstance.py:2776} INFO - 0 downstream tasks scheduled from follow-on schedule check
[2023-11-01T09:57:19.893+0530] {taskinstance.py:1157} INFO - Dependencies all met for dep_context=non-requeueable deps ti=<TaskInstance: date_time_example.wait_until_new_year manual__2023-11-01T04:08:37.097894+00:00 [queued]>
[2023-11-01T09:57:19.900+0530] {taskinstance.py:1157} INFO - Dependencies all met for dep_context=requeueable deps ti=<TaskInstance: date_time_example.wait_until_new_year manual__2023-11-01T04:08:37.097894+00:00 [queued]>
[2023-11-01T09:57:19.901+0530] {taskinstance.py:1359} INFO - Starting attempt 1 of 1
[2023-11-01T09:57:19.910+0530] {taskinstance.py:1380} INFO - Executing <Task(DateTimeSensor): wait_until_new_year> on 2023-11-01 04:08:37.097894+00:00
[2023-11-01T09:57:19.914+0530] {standard_task_runner.py:57} INFO - Started process 928902 to run task
[2023-11-01T09:57:19.917+0530] {standard_task_runner.py:84} INFO - Running: ['airflow', 'tasks', 'run', 'date_time_example', 'wait_until_new_year', 'manual__2023-11-01T04:08:37.097894+00:00', '--job-id', '2229', '--raw', '--subdir', 'DAGS_FOLDER/dataTimeSensor.py', '--cfg-path', '/tmp/tmpz1j_u4l8']
[2023-11-01T09:57:19.918+0530] {standard_task_runner.py:85} INFO - Job 2229: Subtask wait_until_new_year
[2023-11-01T09:57:19.940+0530] {task_command.py:415} INFO - Running <TaskInstance: date_time_example.wait_until_new_year manual__2023-11-01T04:08:37.097894+00:00 [running]> on host harika-Latitude-5511
[2023-11-01T09:57:19.988+0530] {taskinstance.py:1660} INFO - Exporting env vars: AIRFLOW_CTX_DAG_OWNER='airflow' AIRFLOW_CTX_DAG_ID='date_time_example' AIRFLOW_CTX_TASK_ID='wait_until_new_year' AIRFLOW_CTX_EXECUTION_DATE='2023-11-01T04:08:37.097894+00:00' AIRFLOW_CTX_TRY_NUMBER='1' AIRFLOW_CTX_DAG_RUN_ID='manual__2023-11-01T04:08:37.097894+00:00'
[2023-11-01T09:57:19.993+0530] {date_time.py:74} INFO - Checking if the time (2023-11-01T09:52:00) has come
[2023-11-01T09:57:20.086+0530] {taskinstance.py:1895} INFO - Rescheduling task, marking task as UP_FOR_RESCHEDULE
[2023-11-01T09:57:20.129+0530] {local_task_job_runner.py:228} INFO - Task exited with return code 0
[2023-11-01T09:57:20.158+0530] {taskinstance.py:2776} INFO - 0 downstream tasks scheduled from follow-on schedule check
[2023-11-01T09:58:22.213+0530] {taskinstance.py:1157} INFO - Dependencies all met for dep_context=non-requeueable deps ti=<TaskInstance: date_time_example.wait_until_new_year manual__2023-11-01T04:08:37.097894+00:00 [queued]>
[2023-11-01T09:58:22.219+0530] {taskinstance.py:1157} INFO - Dependencies all met for dep_context=requeueable deps ti=<TaskInstance: date_time_example.wait_until_new_year manual__2023-11-01T04:08:37.097894+00:00 [queued]>
[2023-11-01T09:58:22.219+0530] {taskinstance.py:1359} INFO - Starting attempt 1 of 1
[2023-11-01T09:58:22.229+0530] {taskinstance.py:1380} INFO - Executing <Task(DateTimeSensor): wait_until_new_year> on 2023-11-01 04:08:37.097894+00:00
[2023-11-01T09:58:22.233+0530] {standard_task_runner.py:57} INFO - Started process 930285 to run task
[2023-11-01T09:58:22.235+0530] {standard_task_runner.py:84} INFO - Running: ['airflow', 'tasks', 'run', 'date_time_example', 'wait_until_new_year', 'manual__2023-11-01T04:08:37.097894+00:00', '--job-id', '2245', '--raw', '--subdir', 'DAGS_FOLDER/dataTimeSensor.py', '--cfg-path', '/tmp/tmp7kad95z3']
[2023-11-01T09:58:22.236+0530] {standard_task_runner.py:85} INFO - Job 2245: Subtask wait_until_new_year
[2023-11-01T09:58:22.259+0530] {task_command.py:415} INFO - Running <TaskInstance: date_time_example.wait_until_new_year manual__2023-11-01T04:08:37.097894+00:00 [running]> on host harika-Latitude-5511
[2023-11-01T09:58:22.308+0530] {taskinstance.py:1660} INFO - Exporting env vars: AIRFLOW_CTX_DAG_OWNER='airflow' AIRFLOW_CTX_DAG_ID='date_time_example' AIRFLOW_CTX_TASK_ID='wait_until_new_year' AIRFLOW_CTX_EXECUTION_DATE='2023-11-01T04:08:37.097894+00:00' AIRFLOW_CTX_TRY_NUMBER='1' AIRFLOW_CTX_DAG_RUN_ID='manual__2023-11-01T04:08:37.097894+00:00'
[2023-11-01T09:58:22.315+0530] {date_time.py:74} INFO - Checking if the time (2023-11-01T09:52:00) has come
[2023-11-01T09:58:22.409+0530] {taskinstance.py:1895} INFO - Rescheduling task, marking task as UP_FOR_RESCHEDULE
[2023-11-01T09:58:22.447+0530] {local_task_job_runner.py:228} INFO - Task exited with return code 0
[2023-11-01T09:58:22.457+0530] {taskinstance.py:2776} INFO - 0 downstream tasks scheduled from follow-on schedule check
[2023-11-01T09:59:24.933+0530] {taskinstance.py:1157} INFO - Dependencies all met for dep_context=non-requeueable deps ti=<TaskInstance: date_time_example.wait_until_new_year manual__2023-11-01T04:08:37.097894+00:00 [queued]>
[2023-11-01T09:59:24.938+0530] {taskinstance.py:1157} INFO - Dependencies all met for dep_context=requeueable deps ti=<TaskInstance: date_time_example.wait_until_new_year manual__2023-11-01T04:08:37.097894+00:00 [queued]>
[2023-11-01T09:59:24.938+0530] {taskinstance.py:1359} INFO - Starting attempt 1 of 1
[2023-11-01T09:59:24.954+0530] {taskinstance.py:1380} INFO - Executing <Task(DateTimeSensor): wait_until_new_year> on 2023-11-01 04:08:37.097894+00:00
[2023-11-01T09:59:24.957+0530] {standard_task_runner.py:57} INFO - Started process 931741 to run task
[2023-11-01T09:59:24.960+0530] {standard_task_runner.py:84} INFO - Running: ['airflow', 'tasks', 'run', 'date_time_example', 'wait_until_new_year', 'manual__2023-11-01T04:08:37.097894+00:00', '--job-id', '2261', '--raw', '--subdir', 'DAGS_FOLDER/dataTimeSensor.py', '--cfg-path', '/tmp/tmpvmcyo644']
[2023-11-01T09:59:24.960+0530] {standard_task_runner.py:85} INFO - Job 2261: Subtask wait_until_new_year
[2023-11-01T09:59:24.986+0530] {task_command.py:415} INFO - Running <TaskInstance: date_time_example.wait_until_new_year manual__2023-11-01T04:08:37.097894+00:00 [running]> on host harika-Latitude-5511
[2023-11-01T09:59:25.031+0530] {taskinstance.py:1660} INFO - Exporting env vars: AIRFLOW_CTX_DAG_OWNER='airflow' AIRFLOW_CTX_DAG_ID='date_time_example' AIRFLOW_CTX_TASK_ID='wait_until_new_year' AIRFLOW_CTX_EXECUTION_DATE='2023-11-01T04:08:37.097894+00:00' AIRFLOW_CTX_TRY_NUMBER='1' AIRFLOW_CTX_DAG_RUN_ID='manual__2023-11-01T04:08:37.097894+00:00'
[2023-11-01T09:59:25.037+0530] {date_time.py:74} INFO - Checking if the time (2023-11-01T09:52:00) has come
[2023-11-01T09:59:25.129+0530] {taskinstance.py:1895} INFO - Rescheduling task, marking task as UP_FOR_RESCHEDULE
[2023-11-01T09:59:25.172+0530] {local_task_job_runner.py:228} INFO - Task exited with return code 0
[2023-11-01T09:59:25.186+0530] {taskinstance.py:2776} INFO - 0 downstream tasks scheduled from follow-on schedule check
