[2023-11-06T16:21:50.612+0530] {taskinstance.py:1157} INFO - Dependencies all met for dep_context=non-requeueable deps ti=<TaskInstance: hooks_demo.transfer manual__2023-11-06T10:51:45.115052+00:00 [queued]>
[2023-11-06T16:21:50.617+0530] {taskinstance.py:1157} INFO - Dependencies all met for dep_context=requeueable deps ti=<TaskInstance: hooks_demo.transfer manual__2023-11-06T10:51:45.115052+00:00 [queued]>
[2023-11-06T16:21:50.617+0530] {taskinstance.py:1359} INFO - Starting attempt 1 of 2
[2023-11-06T16:21:50.626+0530] {taskinstance.py:1380} INFO - Executing <Task(PythonOperator): transfer> on 2023-11-06 10:51:45.115052+00:00
[2023-11-06T16:21:50.630+0530] {standard_task_runner.py:57} INFO - Started process 48386 to run task
[2023-11-06T16:21:50.632+0530] {standard_task_runner.py:84} INFO - Running: ['airflow', 'tasks', 'run', 'hooks_demo', 'transfer', 'manual__2023-11-06T10:51:45.115052+00:00', '--job-id', '4337', '--raw', '--subdir', 'DAGS_FOLDER/hooks.py', '--cfg-path', '/tmp/tmp6qjnh2ut']
[2023-11-06T16:21:50.633+0530] {standard_task_runner.py:85} INFO - Job 4337: Subtask transfer
[2023-11-06T16:21:50.655+0530] {task_command.py:415} INFO - Running <TaskInstance: hooks_demo.transfer manual__2023-11-06T10:51:45.115052+00:00 [running]> on host harika-Latitude-5511
[2023-11-06T16:21:50.799+0530] {taskinstance.py:1660} INFO - Exporting env vars: AIRFLOW_CTX_DAG_OWNER='Airflow' AIRFLOW_CTX_DAG_ID='hooks_demo' AIRFLOW_CTX_TASK_ID='transfer' AIRFLOW_CTX_EXECUTION_DATE='2023-11-06T10:51:45.115052+00:00' AIRFLOW_CTX_TRY_NUMBER='1' AIRFLOW_CTX_DAG_RUN_ID='manual__2023-11-06T10:51:45.115052+00:00'
[2023-11-06T16:21:50.804+0530] {base.py:73} INFO - Using connection ID 'postgres_conn' for task execution.
[2023-11-06T16:21:50.817+0530] {base.py:73} INFO - Using connection ID 'postgres_conn' for task execution.
[2023-11-06T16:21:50.829+0530] {logging_mixin.py:151} INFO - records [('New york', 'ny'), ('Los Angles', 'ls'), ('Houston', 'ht')]
[2023-11-06T16:21:50.830+0530] {taskinstance.py:1935} ERROR - Task failed with exception
Traceback (most recent call last):
  File "/home/harika/.local/lib/python3.10/site-packages/airflow/operators/python.py", line 192, in execute
    return_value = self.execute_callable()
  File "/home/harika/.local/lib/python3.10/site-packages/airflow/operators/python.py", line 209, in execute_callable
    return self.python_callable(*self.op_args, **self.op_kwargs)
  File "/home/harika/airflow/dags/hooks.py", line 35, in transfer_function
    execute_values(destination_cursor, "insert into target_city_table values %s", records)
  File "/home/harika/.local/lib/python3.10/site-packages/psycopg2/extras.py", line 1299, in execute_values
    cur.execute(b''.join(parts))
psycopg2.errors.InvalidTextRepresentation: malformed array literal: "New york"
LINE 1: insert into target_city_table values ('New york','ny'),('Los...
                                              ^
DETAIL:  Array value must start with "{" or dimension information.

[2023-11-06T16:21:50.837+0530] {taskinstance.py:1398} INFO - Marking task as UP_FOR_RETRY. dag_id=hooks_demo, task_id=transfer, execution_date=20231106T105145, start_date=20231106T105150, end_date=20231106T105150
[2023-11-06T16:21:50.844+0530] {standard_task_runner.py:104} ERROR - Failed to execute job 4337 for task transfer (malformed array literal: "New york"
LINE 1: insert into target_city_table values ('New york','ny'),('Los...
                                              ^
DETAIL:  Array value must start with "{" or dimension information.
; 48386)
[2023-11-06T16:21:50.884+0530] {local_task_job_runner.py:228} INFO - Task exited with return code 1
[2023-11-06T16:21:50.894+0530] {taskinstance.py:2776} INFO - 0 downstream tasks scheduled from follow-on schedule check
