[2023-11-10T10:40:36.582+0530] {taskinstance.py:1157} INFO - Dependencies all met for dep_context=non-requeueable deps ti=<TaskInstance: hooks_demo.tables scheduled__2023-11-09T00:00:00+00:00 [queued]>
[2023-11-10T10:40:36.588+0530] {taskinstance.py:1157} INFO - Dependencies all met for dep_context=requeueable deps ti=<TaskInstance: hooks_demo.tables scheduled__2023-11-09T00:00:00+00:00 [queued]>
[2023-11-10T10:40:36.588+0530] {taskinstance.py:1359} INFO - Starting attempt 1 of 2
[2023-11-10T10:40:36.597+0530] {taskinstance.py:1380} INFO - Executing <Task(PythonOperator): tables> on 2023-11-09 00:00:00+00:00
[2023-11-10T10:40:36.601+0530] {standard_task_runner.py:57} INFO - Started process 186772 to run task
[2023-11-10T10:40:36.602+0530] {standard_task_runner.py:84} INFO - Running: ['airflow', 'tasks', 'run', 'hooks_demo', 'tables', 'scheduled__2023-11-09T00:00:00+00:00', '--job-id', '4521', '--raw', '--subdir', 'DAGS_FOLDER/hooks.py', '--cfg-path', '/tmp/tmpyccpw6wd']
[2023-11-10T10:40:36.603+0530] {standard_task_runner.py:85} INFO - Job 4521: Subtask tables
[2023-11-10T10:40:36.625+0530] {task_command.py:415} INFO - Running <TaskInstance: hooks_demo.tables scheduled__2023-11-09T00:00:00+00:00 [running]> on host harika-Latitude-5511
[2023-11-10T10:40:36.742+0530] {taskinstance.py:1660} INFO - Exporting env vars: AIRFLOW_CTX_DAG_OWNER='Airflow' AIRFLOW_CTX_DAG_ID='hooks_demo' AIRFLOW_CTX_TASK_ID='tables' AIRFLOW_CTX_EXECUTION_DATE='2023-11-09T00:00:00+00:00' AIRFLOW_CTX_TRY_NUMBER='1' AIRFLOW_CTX_DAG_RUN_ID='scheduled__2023-11-09T00:00:00+00:00'
[2023-11-10T10:40:36.748+0530] {base.py:73} INFO - Using connection ID 'postgres_conn' for task execution.
[2023-11-10T10:40:36.759+0530] {logging_mixin.py:151} INFO - SELECT table_name FROM information_schema.tables WHERE table_schema = 'public'
[2023-11-10T10:40:36.762+0530] {logging_mixin.py:151} INFO - query executed
[2023-11-10T10:40:36.762+0530] {logging_mixin.py:151} INFO - ['source_city_table', 'target_city_table'] table_names
[2023-11-10T10:40:36.762+0530] {logging_mixin.py:151} INFO - ###################################
[2023-11-10T10:40:36.762+0530] {logging_mixin.py:151} INFO - source_city_table tablename
[2023-11-10T10:40:36.762+0530] {logging_mixin.py:151} INFO - ###################################
[2023-11-10T10:40:36.762+0530] {logging_mixin.py:151} INFO - target_city_table tablename
[2023-11-10T10:40:36.762+0530] {python.py:194} INFO - Done. Returned value was: None
[2023-11-10T10:40:36.766+0530] {taskinstance.py:1398} INFO - Marking task as SUCCESS. dag_id=hooks_demo, task_id=tables, execution_date=20231109T000000, start_date=20231110T051036, end_date=20231110T051036
[2023-11-10T10:40:36.815+0530] {local_task_job_runner.py:228} INFO - Task exited with return code 0
[2023-11-10T10:40:36.843+0530] {taskinstance.py:2776} INFO - 1 downstream tasks scheduled from follow-on schedule check
[2023-11-16T16:07:05.810+0530] {taskinstance.py:1157} INFO - Dependencies all met for dep_context=non-requeueable deps ti=<TaskInstance: hooks_demo.tables scheduled__2023-11-09T00:00:00+00:00 [queued]>
[2023-11-16T16:07:05.814+0530] {taskinstance.py:1157} INFO - Dependencies all met for dep_context=requeueable deps ti=<TaskInstance: hooks_demo.tables scheduled__2023-11-09T00:00:00+00:00 [queued]>
[2023-11-16T16:07:05.814+0530] {taskinstance.py:1359} INFO - Starting attempt 1 of 2
[2023-11-16T16:07:05.824+0530] {taskinstance.py:1380} INFO - Executing <Task(PythonOperator): tables> on 2023-11-09 00:00:00+00:00
[2023-11-16T16:07:05.828+0530] {standard_task_runner.py:57} INFO - Started process 146860 to run task
[2023-11-16T16:07:05.830+0530] {standard_task_runner.py:84} INFO - Running: ['airflow', 'tasks', 'run', 'hooks_demo', 'tables', 'scheduled__2023-11-09T00:00:00+00:00', '--job-id', '4725', '--raw', '--subdir', 'DAGS_FOLDER/hooks_demo.py', '--cfg-path', '/tmp/tmp8nyids7e']
[2023-11-16T16:07:05.831+0530] {standard_task_runner.py:85} INFO - Job 4725: Subtask tables
[2023-11-16T16:07:05.857+0530] {task_command.py:415} INFO - Running <TaskInstance: hooks_demo.tables scheduled__2023-11-09T00:00:00+00:00 [running]> on host harika-Latitude-5511
[2023-11-16T16:07:06.003+0530] {taskinstance.py:1660} INFO - Exporting env vars: AIRFLOW_CTX_DAG_OWNER='Airflow' AIRFLOW_CTX_DAG_ID='hooks_demo' AIRFLOW_CTX_TASK_ID='tables' AIRFLOW_CTX_EXECUTION_DATE='2023-11-09T00:00:00+00:00' AIRFLOW_CTX_TRY_NUMBER='1' AIRFLOW_CTX_DAG_RUN_ID='scheduled__2023-11-09T00:00:00+00:00'
[2023-11-16T16:07:06.008+0530] {base.py:73} INFO - Using connection ID 'postgres_conn' for task execution.
[2023-11-16T16:07:06.020+0530] {logging_mixin.py:151} INFO - SELECT table_name FROM information_schema.tables WHERE table_schema = 'public'
[2023-11-16T16:07:06.022+0530] {logging_mixin.py:151} INFO - query executed
[2023-11-16T16:07:06.023+0530] {logging_mixin.py:151} INFO - ['source_city_table', 'target_city_table'] table_names
[2023-11-16T16:07:06.023+0530] {logging_mixin.py:151} INFO - ###################################
[2023-11-16T16:07:06.023+0530] {logging_mixin.py:151} INFO - source_city_table tablename
[2023-11-16T16:07:06.023+0530] {logging_mixin.py:151} INFO - ###################################
[2023-11-16T16:07:06.023+0530] {logging_mixin.py:151} INFO - target_city_table tablename
[2023-11-16T16:07:06.024+0530] {python.py:194} INFO - Done. Returned value was: None
[2023-11-16T16:07:06.028+0530] {taskinstance.py:1398} INFO - Marking task as SUCCESS. dag_id=hooks_demo, task_id=tables, execution_date=20231109T000000, start_date=20231116T103705, end_date=20231116T103706
[2023-11-16T16:07:06.082+0530] {local_task_job_runner.py:228} INFO - Task exited with return code 0
[2023-11-16T16:07:06.116+0530] {taskinstance.py:2776} INFO - 1 downstream tasks scheduled from follow-on schedule check
