[2023-10-25T10:50:15.357+0530] {taskinstance.py:1157} INFO - Dependencies all met for dep_context=non-requeueable deps ti=<TaskInstance: first_dag.model_a scheduled__2022-10-23T00:00:00+00:00 [queued]>
[2023-10-25T10:50:15.368+0530] {taskinstance.py:1157} INFO - Dependencies all met for dep_context=requeueable deps ti=<TaskInstance: first_dag.model_a scheduled__2022-10-23T00:00:00+00:00 [queued]>
[2023-10-25T10:50:15.369+0530] {taskinstance.py:1359} INFO - Starting attempt 1 of 1
[2023-10-25T10:50:15.381+0530] {taskinstance.py:1380} INFO - Executing <Task(SimpleHttpOperator): model_a> on 2022-10-23 00:00:00+00:00
[2023-10-25T10:50:15.386+0530] {standard_task_runner.py:57} INFO - Started process 27191 to run task
[2023-10-25T10:50:15.389+0530] {standard_task_runner.py:84} INFO - Running: ['airflow', 'tasks', 'run', 'first_dag', 'model_a', 'scheduled__2022-10-23T00:00:00+00:00', '--job-id', '19', '--raw', '--subdir', 'DAGS_FOLDER/first_dag.py', '--cfg-path', '/tmp/tmp_y895am9']
[2023-10-25T10:50:15.391+0530] {standard_task_runner.py:85} INFO - Job 19: Subtask model_a
[2023-10-25T10:50:15.426+0530] {task_command.py:415} INFO - Running <TaskInstance: first_dag.model_a scheduled__2022-10-23T00:00:00+00:00 [running]> on host harika-Latitude-5511
[2023-10-25T10:50:15.480+0530] {taskinstance.py:1660} INFO - Exporting env vars: AIRFLOW_CTX_DAG_OWNER='airflow' AIRFLOW_CTX_DAG_ID='first_dag' AIRFLOW_CTX_TASK_ID='model_a' AIRFLOW_CTX_EXECUTION_DATE='2022-10-23T00:00:00+00:00' AIRFLOW_CTX_TRY_NUMBER='1' AIRFLOW_CTX_DAG_RUN_ID='scheduled__2022-10-23T00:00:00+00:00'
[2023-10-25T10:50:15.481+0530] {http.py:143} INFO - Calling HTTP method
[2023-10-25T10:50:15.489+0530] {taskinstance.py:1935} ERROR - Task failed with exception
Traceback (most recent call last):
  File "/home/harika/.local/lib/python3.10/site-packages/airflow/providers/http/operators/http.py", line 145, in execute
    response = http.run(self.endpoint, self.data, self.headers, self.extra_options)
  File "/home/harika/.local/lib/python3.10/site-packages/airflow/providers/http/hooks/http.py", line 145, in run
    session = self.get_conn(headers)
  File "/home/harika/.local/lib/python3.10/site-packages/airflow/providers/http/hooks/http.py", line 98, in get_conn
    conn = self.get_connection(self.http_conn_id)
  File "/home/harika/.local/lib/python3.10/site-packages/airflow/hooks/base.py", line 72, in get_connection
    conn = Connection.get_connection_from_secrets(conn_id)
  File "/home/harika/.local/lib/python3.10/site-packages/airflow/models/connection.py", line 477, in get_connection_from_secrets
    raise AirflowNotFoundException(f"The conn_id `{conn_id}` isn't defined")
airflow.exceptions.AirflowNotFoundException: The conn_id `random_data_default` isn't defined
[2023-10-25T10:50:15.491+0530] {taskinstance.py:1398} INFO - Marking task as FAILED. dag_id=first_dag, task_id=model_a, execution_date=20221023T000000, start_date=20231025T052015, end_date=20231025T052015
[2023-10-25T10:50:15.498+0530] {standard_task_runner.py:104} ERROR - Failed to execute job 19 for task model_a (The conn_id `random_data_default` isn't defined; 27191)
[2023-10-25T10:50:15.521+0530] {local_task_job_runner.py:228} INFO - Task exited with return code 1
[2023-10-25T10:50:15.540+0530] {taskinstance.py:2776} INFO - 0 downstream tasks scheduled from follow-on schedule check
[2023-10-25T10:54:59.021+0530] {taskinstance.py:1157} INFO - Dependencies all met for dep_context=non-requeueable deps ti=<TaskInstance: first_dag.model_a scheduled__2022-10-23T00:00:00+00:00 [queued]>
[2023-10-25T10:54:59.025+0530] {taskinstance.py:1157} INFO - Dependencies all met for dep_context=requeueable deps ti=<TaskInstance: first_dag.model_a scheduled__2022-10-23T00:00:00+00:00 [queued]>
[2023-10-25T10:54:59.025+0530] {taskinstance.py:1359} INFO - Starting attempt 1 of 1
[2023-10-25T10:54:59.035+0530] {taskinstance.py:1380} INFO - Executing <Task(SimpleHttpOperator): model_a> on 2022-10-23 00:00:00+00:00
[2023-10-25T10:54:59.039+0530] {standard_task_runner.py:57} INFO - Started process 28482 to run task
[2023-10-25T10:54:59.041+0530] {standard_task_runner.py:84} INFO - Running: ['airflow', 'tasks', 'run', 'first_dag', 'model_a', 'scheduled__2022-10-23T00:00:00+00:00', '--job-id', '27', '--raw', '--subdir', 'DAGS_FOLDER/first_dag.py', '--cfg-path', '/tmp/tmpa_r9zq7e']
[2023-10-25T10:54:59.042+0530] {standard_task_runner.py:85} INFO - Job 27: Subtask model_a
[2023-10-25T10:54:59.066+0530] {task_command.py:415} INFO - Running <TaskInstance: first_dag.model_a scheduled__2022-10-23T00:00:00+00:00 [running]> on host harika-Latitude-5511
[2023-10-25T10:54:59.128+0530] {taskinstance.py:1660} INFO - Exporting env vars: AIRFLOW_CTX_DAG_OWNER='airflow' AIRFLOW_CTX_DAG_ID='first_dag' AIRFLOW_CTX_TASK_ID='model_a' AIRFLOW_CTX_EXECUTION_DATE='2022-10-23T00:00:00+00:00' AIRFLOW_CTX_TRY_NUMBER='1' AIRFLOW_CTX_DAG_RUN_ID='scheduled__2022-10-23T00:00:00+00:00'
[2023-10-25T10:54:59.129+0530] {http.py:143} INFO - Calling HTTP method
[2023-10-25T10:54:59.133+0530] {base.py:73} INFO - Using connection ID 'random_data_default' for task execution.
[2023-10-25T10:55:00.592+0530] {taskinstance.py:1398} INFO - Marking task as SUCCESS. dag_id=first_dag, task_id=model_a, execution_date=20221023T000000, start_date=20231025T052459, end_date=20231025T052500
[2023-10-25T10:55:00.618+0530] {local_task_job_runner.py:228} INFO - Task exited with return code 0
[2023-10-25T10:55:00.635+0530] {taskinstance.py:2776} INFO - 0 downstream tasks scheduled from follow-on schedule check
