[2023-11-08T12:35:51.219+0530] {taskinstance.py:1157} INFO - Dependencies all met for dep_context=non-requeueable deps ti=<TaskInstance: date_time_sensor.wait_until_time manual__2023-11-08T07:05:48.055847+00:00 [queued]>
[2023-11-08T12:35:51.224+0530] {taskinstance.py:1157} INFO - Dependencies all met for dep_context=requeueable deps ti=<TaskInstance: date_time_sensor.wait_until_time manual__2023-11-08T07:05:48.055847+00:00 [queued]>
[2023-11-08T12:35:51.224+0530] {taskinstance.py:1359} INFO - Starting attempt 1 of 1
[2023-11-08T12:35:51.234+0530] {taskinstance.py:1380} INFO - Executing <Task(DateTimeSensor): wait_until_time> on 2023-11-08 07:05:48.055847+00:00
[2023-11-08T12:35:51.236+0530] {standard_task_runner.py:57} INFO - Started process 123946 to run task
[2023-11-08T12:35:51.238+0530] {standard_task_runner.py:84} INFO - Running: ['airflow', 'tasks', 'run', 'date_time_sensor', 'wait_until_time', 'manual__2023-11-08T07:05:48.055847+00:00', '--job-id', '4491', '--raw', '--subdir', 'DAGS_FOLDER/dataTimeSensor.py', '--cfg-path', '/tmp/tmpgkzm8j01']
[2023-11-08T12:35:51.239+0530] {standard_task_runner.py:85} INFO - Job 4491: Subtask wait_until_time
[2023-11-08T12:35:51.262+0530] {task_command.py:415} INFO - Running <TaskInstance: date_time_sensor.wait_until_time manual__2023-11-08T07:05:48.055847+00:00 [running]> on host harika-Latitude-5511
[2023-11-08T12:35:51.310+0530] {taskinstance.py:1660} INFO - Exporting env vars: AIRFLOW_CTX_DAG_OWNER='airflow' AIRFLOW_CTX_DAG_ID='date_time_sensor' AIRFLOW_CTX_TASK_ID='wait_until_time' AIRFLOW_CTX_EXECUTION_DATE='2023-11-08T07:05:48.055847+00:00' AIRFLOW_CTX_TRY_NUMBER='1' AIRFLOW_CTX_DAG_RUN_ID='manual__2023-11-08T07:05:48.055847+00:00'
[2023-11-08T12:35:51.315+0530] {date_time.py:74} INFO - Checking if the time (2023-11-08T07:07:00) has come
[2023-11-08T12:35:51.409+0530] {taskinstance.py:1895} INFO - Rescheduling task, marking task as UP_FOR_RESCHEDULE
[2023-11-08T12:35:51.450+0530] {local_task_job_runner.py:228} INFO - Task exited with return code 0
[2023-11-08T12:35:51.468+0530] {taskinstance.py:2776} INFO - 0 downstream tasks scheduled from follow-on schedule check
[2023-11-08T12:36:53.222+0530] {taskinstance.py:1157} INFO - Dependencies all met for dep_context=non-requeueable deps ti=<TaskInstance: date_time_sensor.wait_until_time manual__2023-11-08T07:05:48.055847+00:00 [queued]>
[2023-11-08T12:36:53.227+0530] {taskinstance.py:1157} INFO - Dependencies all met for dep_context=requeueable deps ti=<TaskInstance: date_time_sensor.wait_until_time manual__2023-11-08T07:05:48.055847+00:00 [queued]>
[2023-11-08T12:36:53.228+0530] {taskinstance.py:1359} INFO - Starting attempt 1 of 1
[2023-11-08T12:36:53.238+0530] {taskinstance.py:1380} INFO - Executing <Task(DateTimeSensor): wait_until_time> on 2023-11-08 07:05:48.055847+00:00
[2023-11-08T12:36:53.241+0530] {standard_task_runner.py:57} INFO - Started process 124054 to run task
[2023-11-08T12:36:53.243+0530] {standard_task_runner.py:84} INFO - Running: ['airflow', 'tasks', 'run', 'date_time_sensor', 'wait_until_time', 'manual__2023-11-08T07:05:48.055847+00:00', '--job-id', '4493', '--raw', '--subdir', 'DAGS_FOLDER/dataTimeSensor.py', '--cfg-path', '/tmp/tmpvuwrzgju']
[2023-11-08T12:36:53.244+0530] {standard_task_runner.py:85} INFO - Job 4493: Subtask wait_until_time
[2023-11-08T12:36:53.267+0530] {task_command.py:415} INFO - Running <TaskInstance: date_time_sensor.wait_until_time manual__2023-11-08T07:05:48.055847+00:00 [running]> on host harika-Latitude-5511
[2023-11-08T12:36:53.310+0530] {taskinstance.py:1660} INFO - Exporting env vars: AIRFLOW_CTX_DAG_OWNER='airflow' AIRFLOW_CTX_DAG_ID='date_time_sensor' AIRFLOW_CTX_TASK_ID='wait_until_time' AIRFLOW_CTX_EXECUTION_DATE='2023-11-08T07:05:48.055847+00:00' AIRFLOW_CTX_TRY_NUMBER='1' AIRFLOW_CTX_DAG_RUN_ID='manual__2023-11-08T07:05:48.055847+00:00'
[2023-11-08T12:36:53.315+0530] {date_time.py:74} INFO - Checking if the time (2023-11-08T07:07:00) has come
[2023-11-08T12:36:53.411+0530] {taskinstance.py:1895} INFO - Rescheduling task, marking task as UP_FOR_RESCHEDULE
[2023-11-08T12:36:53.455+0530] {local_task_job_runner.py:228} INFO - Task exited with return code 0
[2023-11-08T12:36:53.472+0530] {taskinstance.py:2776} INFO - 0 downstream tasks scheduled from follow-on schedule check
[2023-11-08T12:37:55.510+0530] {taskinstance.py:1157} INFO - Dependencies all met for dep_context=non-requeueable deps ti=<TaskInstance: date_time_sensor.wait_until_time manual__2023-11-08T07:05:48.055847+00:00 [queued]>
[2023-11-08T12:37:55.516+0530] {taskinstance.py:1157} INFO - Dependencies all met for dep_context=requeueable deps ti=<TaskInstance: date_time_sensor.wait_until_time manual__2023-11-08T07:05:48.055847+00:00 [queued]>
[2023-11-08T12:37:55.516+0530] {taskinstance.py:1359} INFO - Starting attempt 1 of 1
[2023-11-08T12:37:55.526+0530] {taskinstance.py:1380} INFO - Executing <Task(DateTimeSensor): wait_until_time> on 2023-11-08 07:05:48.055847+00:00
[2023-11-08T12:37:55.529+0530] {standard_task_runner.py:57} INFO - Started process 124159 to run task
[2023-11-08T12:37:55.531+0530] {standard_task_runner.py:84} INFO - Running: ['airflow', 'tasks', 'run', 'date_time_sensor', 'wait_until_time', 'manual__2023-11-08T07:05:48.055847+00:00', '--job-id', '4495', '--raw', '--subdir', 'DAGS_FOLDER/dataTimeSensor.py', '--cfg-path', '/tmp/tmprdt82qhk']
[2023-11-08T12:37:55.533+0530] {standard_task_runner.py:85} INFO - Job 4495: Subtask wait_until_time
[2023-11-08T12:37:55.556+0530] {task_command.py:415} INFO - Running <TaskInstance: date_time_sensor.wait_until_time manual__2023-11-08T07:05:48.055847+00:00 [running]> on host harika-Latitude-5511
[2023-11-08T12:37:55.602+0530] {taskinstance.py:1660} INFO - Exporting env vars: AIRFLOW_CTX_DAG_OWNER='airflow' AIRFLOW_CTX_DAG_ID='date_time_sensor' AIRFLOW_CTX_TASK_ID='wait_until_time' AIRFLOW_CTX_EXECUTION_DATE='2023-11-08T07:05:48.055847+00:00' AIRFLOW_CTX_TRY_NUMBER='1' AIRFLOW_CTX_DAG_RUN_ID='manual__2023-11-08T07:05:48.055847+00:00'
[2023-11-08T12:37:55.606+0530] {date_time.py:74} INFO - Checking if the time (2023-11-08T07:07:00) has come
[2023-11-08T12:37:55.606+0530] {base.py:287} INFO - Success criteria met. Exiting.
[2023-11-08T12:37:55.610+0530] {taskinstance.py:1398} INFO - Marking task as SUCCESS. dag_id=date_time_sensor, task_id=wait_until_time, execution_date=20231108T070548, start_date=20231108T070755, end_date=20231108T070755
[2023-11-08T12:37:55.743+0530] {local_task_job_runner.py:228} INFO - Task exited with return code 0
[2023-11-08T12:37:55.773+0530] {taskinstance.py:2776} INFO - 0 downstream tasks scheduled from follow-on schedule check
