[2023-11-07T15:57:56.074+0530] {temporal.py:60} INFO - trigger starting
[2023-11-07T15:57:56.075+0530] {temporal.py:64} INFO - 3598 seconds remaining; sleeping 60 seconds
[2023-11-07T15:58:56.077+0530] {temporal.py:64} INFO - 3538 seconds remaining; sleeping 60 seconds
[2023-11-07T15:59:56.078+0530] {temporal.py:64} INFO - 3478 seconds remaining; sleeping 60 seconds
[2023-11-07T16:00:56.079+0530] {temporal.py:64} INFO - 3418 seconds remaining; sleeping 60 seconds
[2023-11-07T16:01:56.081+0530] {temporal.py:64} INFO - 3358 seconds remaining; sleeping 60 seconds
[2023-11-07T16:02:56.083+0530] {temporal.py:64} INFO - 3298 seconds remaining; sleeping 60 seconds
[2023-11-07T16:03:56.085+0530] {temporal.py:64} INFO - 3238 seconds remaining; sleeping 60 seconds
[2023-11-07T16:04:56.087+0530] {temporal.py:64} INFO - 3178 seconds remaining; sleeping 60 seconds
[2023-11-07T16:05:56.088+0530] {temporal.py:64} INFO - 3118 seconds remaining; sleeping 60 seconds
[2023-11-07T16:06:56.090+0530] {temporal.py:64} INFO - 3058 seconds remaining; sleeping 60 seconds
[2023-11-07T16:07:56.092+0530] {temporal.py:64} INFO - 2998 seconds remaining; sleeping 60 seconds
[2023-11-07T16:08:56.094+0530] {temporal.py:64} INFO - 2938 seconds remaining; sleeping 60 seconds
[2023-11-07T16:09:56.095+0530] {temporal.py:64} INFO - 2878 seconds remaining; sleeping 60 seconds
[2023-11-07T16:10:56.096+0530] {temporal.py:64} INFO - 2818 seconds remaining; sleeping 60 seconds
[2023-11-07T16:11:56.097+0530] {temporal.py:64} INFO - 2758 seconds remaining; sleeping 60 seconds
[2023-11-07T16:12:56.098+0530] {temporal.py:64} INFO - 2698 seconds remaining; sleeping 60 seconds
[2023-11-07T16:13:56.101+0530] {temporal.py:64} INFO - 2638 seconds remaining; sleeping 60 seconds
[2023-11-07T16:14:56.102+0530] {temporal.py:64} INFO - 2578 seconds remaining; sleeping 60 seconds
[2023-11-07T16:15:56.102+0530] {temporal.py:64} INFO - 2518 seconds remaining; sleeping 60 seconds
[2023-11-07T16:16:56.103+0530] {temporal.py:64} INFO - 2458 seconds remaining; sleeping 60 seconds
[2023-11-07T16:17:56.105+0530] {temporal.py:64} INFO - 2398 seconds remaining; sleeping 60 seconds
[2023-11-07T16:18:56.106+0530] {temporal.py:64} INFO - 2338 seconds remaining; sleeping 60 seconds
[2023-11-07T16:19:56.107+0530] {temporal.py:64} INFO - 2278 seconds remaining; sleeping 60 seconds
[2023-11-07T16:20:56.108+0530] {temporal.py:64} INFO - 2218 seconds remaining; sleeping 60 seconds
[2023-11-07T16:21:56.110+0530] {temporal.py:64} INFO - 2158 seconds remaining; sleeping 60 seconds
[2023-11-07T16:22:56.112+0530] {temporal.py:64} INFO - 2098 seconds remaining; sleeping 60 seconds
[2023-11-07T16:23:56.113+0530] {temporal.py:64} INFO - 2038 seconds remaining; sleeping 60 seconds
[2023-11-07T16:24:56.115+0530] {temporal.py:64} INFO - 1978 seconds remaining; sleeping 60 seconds
[2023-11-07T16:25:56.117+0530] {temporal.py:64} INFO - 1918 seconds remaining; sleeping 60 seconds
[2023-11-07T16:26:56.118+0530] {temporal.py:64} INFO - 1858 seconds remaining; sleeping 60 seconds
[2023-11-07T16:27:56.119+0530] {temporal.py:64} INFO - 1798 seconds remaining; sleeping 60 seconds
[2023-11-07T16:28:56.120+0530] {temporal.py:64} INFO - 1738 seconds remaining; sleeping 60 seconds
[2023-11-07T16:29:56.122+0530] {temporal.py:64} INFO - 1678 seconds remaining; sleeping 60 seconds
[2023-11-07T16:30:56.123+0530] {temporal.py:64} INFO - 1618 seconds remaining; sleeping 60 seconds
[2023-11-07T16:31:56.124+0530] {temporal.py:64} INFO - 1558 seconds remaining; sleeping 60 seconds
[2023-11-07T16:32:56.126+0530] {temporal.py:64} INFO - 1498 seconds remaining; sleeping 60 seconds
[2023-11-07T16:33:56.127+0530] {temporal.py:64} INFO - 1438 seconds remaining; sleeping 60 seconds
[2023-11-07T16:34:56.128+0530] {temporal.py:64} INFO - 1378 seconds remaining; sleeping 60 seconds
[2023-11-07T16:35:56.129+0530] {temporal.py:64} INFO - 1318 seconds remaining; sleeping 60 seconds
[2023-11-07T16:36:56.131+0530] {temporal.py:64} INFO - 1258 seconds remaining; sleeping 60 seconds
[2023-11-07T16:37:56.132+0530] {temporal.py:64} INFO - 1198 seconds remaining; sleeping 60 seconds
[2023-11-07T16:38:56.133+0530] {temporal.py:64} INFO - 1138 seconds remaining; sleeping 60 seconds
[2023-11-07T16:39:56.135+0530] {temporal.py:64} INFO - 1078 seconds remaining; sleeping 60 seconds
[2023-11-07T16:40:56.137+0530] {temporal.py:64} INFO - 1018 seconds remaining; sleeping 60 seconds
[2023-11-07T16:41:56.138+0530] {temporal.py:64} INFO - 958 seconds remaining; sleeping 60 seconds
[2023-11-07T16:42:56.139+0530] {temporal.py:64} INFO - 898 seconds remaining; sleeping 60 seconds
[2023-11-07T16:43:56.140+0530] {temporal.py:64} INFO - 838 seconds remaining; sleeping 60 seconds
[2023-11-07T16:44:56.143+0530] {temporal.py:64} INFO - 778 seconds remaining; sleeping 60 seconds
[2023-11-07T16:45:56.144+0530] {temporal.py:64} INFO - 718 seconds remaining; sleeping 60 seconds
[2023-11-07T16:46:56.145+0530] {temporal.py:64} INFO - 658 seconds remaining; sleeping 60 seconds
[2023-11-07T16:47:56.146+0530] {temporal.py:64} INFO - 598 seconds remaining; sleeping 60 seconds
[2023-11-07T16:48:56.148+0530] {temporal.py:64} INFO - 538 seconds remaining; sleeping 60 seconds
[2023-11-07T16:49:56.149+0530] {temporal.py:64} INFO - 478 seconds remaining; sleeping 60 seconds
[2023-11-07T16:50:56.150+0530] {temporal.py:64} INFO - 418 seconds remaining; sleeping 60 seconds
[2023-11-07T16:51:56.153+0530] {temporal.py:64} INFO - 358 seconds remaining; sleeping 60 seconds
[2023-11-07T16:52:56.153+0530] {temporal.py:64} INFO - 298 seconds remaining; sleeping 60 seconds
[2023-11-07T16:53:56.155+0530] {temporal.py:64} INFO - 238 seconds remaining; sleeping 60 seconds
[2023-11-07T16:54:56.157+0530] {temporal.py:64} INFO - 178 seconds remaining; sleeping 60 seconds
[2023-11-07T16:55:56.159+0530] {temporal.py:64} INFO - 118 seconds remaining; sleeping 10 seconds
[2023-11-07T16:56:06.161+0530] {temporal.py:64} INFO - 108 seconds remaining; sleeping 10 seconds
[2023-11-07T16:56:16.163+0530] {temporal.py:64} INFO - 98 seconds remaining; sleeping 10 seconds
[2023-11-07T16:56:26.164+0530] {temporal.py:64} INFO - 88 seconds remaining; sleeping 10 seconds
[2023-11-07T16:56:36.165+0530] {temporal.py:64} INFO - 78 seconds remaining; sleeping 10 seconds
[2023-11-07T16:56:46.167+0530] {temporal.py:64} INFO - 68 seconds remaining; sleeping 10 seconds
[2023-11-07T16:56:56.168+0530] {temporal.py:64} INFO - 58 seconds remaining; sleeping 10 seconds
[2023-11-07T16:57:06.169+0530] {temporal.py:64} INFO - 48 seconds remaining; sleeping 10 seconds
[2023-11-07T16:57:16.170+0530] {temporal.py:64} INFO - 38 seconds remaining; sleeping 10 seconds
[2023-11-07T16:57:26.172+0530] {temporal.py:64} INFO - 28 seconds remaining; sleeping 10 seconds
[2023-11-07T16:57:36.173+0530] {temporal.py:69} INFO - sleeping 1 second...
[2023-11-07T16:57:37.174+0530] {temporal.py:69} INFO - sleeping 1 second...
[2023-11-07T16:57:38.175+0530] {temporal.py:69} INFO - sleeping 1 second...
[2023-11-07T16:57:39.177+0530] {temporal.py:69} INFO - sleeping 1 second...
[2023-11-07T16:57:40.177+0530] {temporal.py:69} INFO - sleeping 1 second...
[2023-11-07T16:57:41.178+0530] {temporal.py:69} INFO - sleeping 1 second...
[2023-11-07T16:57:42.179+0530] {temporal.py:69} INFO - sleeping 1 second...
[2023-11-07T16:57:43.180+0530] {temporal.py:69} INFO - sleeping 1 second...
[2023-11-07T16:57:44.181+0530] {temporal.py:69} INFO - sleeping 1 second...
[2023-11-07T16:57:45.182+0530] {temporal.py:69} INFO - sleeping 1 second...
[2023-11-07T16:57:46.184+0530] {temporal.py:69} INFO - sleeping 1 second...
[2023-11-07T16:57:47.185+0530] {temporal.py:69} INFO - sleeping 1 second...
[2023-11-07T16:57:48.186+0530] {temporal.py:69} INFO - sleeping 1 second...
[2023-11-07T16:57:49.186+0530] {temporal.py:69} INFO - sleeping 1 second...
[2023-11-07T16:57:50.188+0530] {temporal.py:69} INFO - sleeping 1 second...
[2023-11-07T16:57:51.189+0530] {temporal.py:69} INFO - sleeping 1 second...
[2023-11-07T16:57:52.190+0530] {temporal.py:69} INFO - sleeping 1 second...
[2023-11-07T16:57:53.191+0530] {temporal.py:69} INFO - sleeping 1 second...
[2023-11-07T16:57:54.192+0530] {temporal.py:69} INFO - sleeping 1 second...
[2023-11-07T16:57:55.194+0530] {temporal.py:72} INFO - yielding event with payload DateTime(2023, 11, 7, 11, 27, 54, 790163, tzinfo=Timezone('UTC'))
[2023-11-07T16:57:55.195+0530] {triggerer_job_runner.py:599} INFO - Trigger example_sensors/manual__2023-11-07T10:26:41.563383+00:00/timeout_after_second_date_in_the_future_async/-1/1 (ID 2) fired: TriggerEvent<DateTime(2023, 11, 7, 11, 27, 54, 790163, tzinfo=Timezone('UTC'))>
