[2023-11-13T15:06:30.169+0530] {temporal.py:60} INFO - trigger starting
[2023-11-13T15:06:30.169+0530] {temporal.py:64} INFO - 1243 seconds remaining; sleeping 60 seconds
[2023-11-13T15:07:30.171+0530] {temporal.py:64} INFO - 1183 seconds remaining; sleeping 60 seconds
[2023-11-13T15:08:30.172+0530] {temporal.py:64} INFO - 1123 seconds remaining; sleeping 60 seconds
[2023-11-13T15:09:30.174+0530] {temporal.py:64} INFO - 1063 seconds remaining; sleeping 60 seconds
[2023-11-13T15:10:30.175+0530] {temporal.py:64} INFO - 1003 seconds remaining; sleeping 60 seconds
[2023-11-13T15:11:30.177+0530] {temporal.py:64} INFO - 943 seconds remaining; sleeping 60 seconds
[2023-11-13T15:12:30.178+0530] {temporal.py:64} INFO - 883 seconds remaining; sleeping 60 seconds
[2023-11-13T15:13:30.180+0530] {temporal.py:64} INFO - 823 seconds remaining; sleeping 60 seconds
[2023-11-13T15:14:30.181+0530] {temporal.py:64} INFO - 763 seconds remaining; sleeping 60 seconds
[2023-11-13T15:15:30.182+0530] {temporal.py:64} INFO - 703 seconds remaining; sleeping 60 seconds
[2023-11-13T15:16:30.183+0530] {temporal.py:64} INFO - 643 seconds remaining; sleeping 60 seconds
[2023-11-13T15:17:30.185+0530] {temporal.py:64} INFO - 583 seconds remaining; sleeping 60 seconds
[2023-11-13T15:18:30.187+0530] {temporal.py:64} INFO - 523 seconds remaining; sleeping 60 seconds
[2023-11-13T15:19:30.189+0530] {temporal.py:64} INFO - 463 seconds remaining; sleeping 60 seconds
[2023-11-13T15:20:30.190+0530] {temporal.py:64} INFO - 403 seconds remaining; sleeping 60 seconds
[2023-11-13T15:21:30.191+0530] {temporal.py:64} INFO - 343 seconds remaining; sleeping 60 seconds
[2023-11-13T15:22:30.192+0530] {temporal.py:64} INFO - 283 seconds remaining; sleeping 60 seconds
[2023-11-13T15:23:30.192+0530] {temporal.py:64} INFO - 223 seconds remaining; sleeping 60 seconds
[2023-11-13T15:24:30.194+0530] {temporal.py:64} INFO - 163 seconds remaining; sleeping 60 seconds
[2023-11-13T15:25:30.195+0530] {temporal.py:64} INFO - 103 seconds remaining; sleeping 10 seconds
[2023-11-13T15:25:40.196+0530] {temporal.py:64} INFO - 93 seconds remaining; sleeping 10 seconds
[2023-11-13T15:25:50.197+0530] {temporal.py:64} INFO - 83 seconds remaining; sleeping 10 seconds
[2023-11-13T15:26:00.198+0530] {temporal.py:64} INFO - 73 seconds remaining; sleeping 10 seconds
[2023-11-13T15:26:10.199+0530] {temporal.py:64} INFO - 63 seconds remaining; sleeping 10 seconds
[2023-11-13T15:26:20.201+0530] {temporal.py:64} INFO - 53 seconds remaining; sleeping 10 seconds
[2023-11-13T15:26:30.202+0530] {temporal.py:64} INFO - 43 seconds remaining; sleeping 10 seconds
[2023-11-13T15:26:40.203+0530] {temporal.py:64} INFO - 33 seconds remaining; sleeping 10 seconds
[2023-11-13T15:26:50.205+0530] {temporal.py:64} INFO - 23 seconds remaining; sleeping 10 seconds
[2023-11-13T15:27:00.206+0530] {temporal.py:69} INFO - sleeping 1 second...
[2023-11-13T15:27:01.208+0530] {temporal.py:69} INFO - sleeping 1 second...
[2023-11-13T15:27:02.208+0530] {temporal.py:69} INFO - sleeping 1 second...
[2023-11-13T15:27:03.211+0530] {temporal.py:69} INFO - sleeping 1 second...
[2023-11-13T15:27:04.212+0530] {temporal.py:69} INFO - sleeping 1 second...
[2023-11-13T15:27:05.213+0530] {temporal.py:69} INFO - sleeping 1 second...
[2023-11-13T15:27:06.214+0530] {temporal.py:69} INFO - sleeping 1 second...
[2023-11-13T15:27:07.216+0530] {temporal.py:69} INFO - sleeping 1 second...
[2023-11-13T15:27:08.217+0530] {temporal.py:69} INFO - sleeping 1 second...
[2023-11-13T15:27:09.218+0530] {temporal.py:69} INFO - sleeping 1 second...
[2023-11-13T15:27:10.220+0530] {temporal.py:69} INFO - sleeping 1 second...
[2023-11-13T15:27:11.221+0530] {temporal.py:69} INFO - sleeping 1 second...
[2023-11-13T15:27:12.222+0530] {temporal.py:69} INFO - sleeping 1 second...
[2023-11-13T15:27:13.223+0530] {temporal.py:69} INFO - sleeping 1 second...
[2023-11-13T15:27:14.225+0530] {temporal.py:72} INFO - yielding event with payload DateTime(2023, 11, 13, 9, 57, 13, 892878, tzinfo=Timezone('UTC'))
[2023-11-13T15:27:14.226+0530] {triggerer_job_runner.py:599} INFO - Trigger deferrable/manual__2023-11-13T07:37:47.437792+00:00/wait_sensor_deferrable/-1/1 (ID 1) fired: TriggerEvent<DateTime(2023, 11, 13, 9, 57, 13, 892878, tzinfo=Timezone('UTC'))>
