[2023-11-13T14:27:13.784+0530] {taskinstance.py:1157} INFO - Dependencies all met for dep_context=non-requeueable deps ti=<TaskInstance: deferrable.wait_sensor_deferrable manual__2023-11-13T07:37:47.437792+00:00 [queued]>
[2023-11-13T14:27:13.789+0530] {taskinstance.py:1157} INFO - Dependencies all met for dep_context=requeueable deps ti=<TaskInstance: deferrable.wait_sensor_deferrable manual__2023-11-13T07:37:47.437792+00:00 [queued]>
[2023-11-13T14:27:13.789+0530] {taskinstance.py:1359} INFO - Starting attempt 1 of 1
[2023-11-13T14:27:13.820+0530] {taskinstance.py:1380} INFO - Executing <Task(WaitOneHourSensor): wait_sensor_deferrable> on 2023-11-13 07:37:47.437792+00:00
[2023-11-13T14:27:13.824+0530] {standard_task_runner.py:57} INFO - Started process 225390 to run task
[2023-11-13T14:27:13.826+0530] {standard_task_runner.py:84} INFO - Running: ['airflow', 'tasks', 'run', 'deferrable', 'wait_sensor_deferrable', 'manual__2023-11-13T07:37:47.437792+00:00', '--job-id', '4545', '--raw', '--subdir', 'DAGS_FOLDER/deferrable_operator.py', '--cfg-path', '/tmp/tmp5cx0hlrh']
[2023-11-13T14:27:13.827+0530] {standard_task_runner.py:85} INFO - Job 4545: Subtask wait_sensor_deferrable
[2023-11-13T14:27:13.849+0530] {task_command.py:415} INFO - Running <TaskInstance: deferrable.wait_sensor_deferrable manual__2023-11-13T07:37:47.437792+00:00 [running]> on host harika-Latitude-5511
[2023-11-13T14:27:13.892+0530] {taskinstance.py:1660} INFO - Exporting env vars: AIRFLOW_CTX_DAG_OWNER='airflow' AIRFLOW_CTX_DAG_ID='deferrable' AIRFLOW_CTX_TASK_ID='wait_sensor_deferrable' AIRFLOW_CTX_EXECUTION_DATE='2023-11-13T07:37:47.437792+00:00' AIRFLOW_CTX_TRY_NUMBER='1' AIRFLOW_CTX_DAG_RUN_ID='manual__2023-11-13T07:37:47.437792+00:00'
[2023-11-13T14:27:13.895+0530] {taskinstance.py:1524} INFO - Pausing task as DEFERRED. dag_id=deferrable, task_id=wait_sensor_deferrable, execution_date=20231113T073747, start_date=20231113T085713
[2023-11-13T14:27:13.917+0530] {local_task_job_runner.py:225} INFO - Task exited with return code 100 (task deferral)
[2023-11-13T15:27:17.350+0530] {taskinstance.py:1157} INFO - Dependencies all met for dep_context=non-requeueable deps ti=<TaskInstance: deferrable.wait_sensor_deferrable manual__2023-11-13T07:37:47.437792+00:00 [queued]>
[2023-11-13T15:27:17.356+0530] {taskinstance.py:1157} INFO - Dependencies all met for dep_context=requeueable deps ti=<TaskInstance: deferrable.wait_sensor_deferrable manual__2023-11-13T07:37:47.437792+00:00 [queued]>
[2023-11-13T15:27:17.356+0530] {taskinstance.py:1357} INFO - Resuming after deferral
[2023-11-13T15:27:17.365+0530] {taskinstance.py:1380} INFO - Executing <Task(WaitOneHourSensor): wait_sensor_deferrable> on 2023-11-13 07:37:47.437792+00:00
[2023-11-13T15:27:17.368+0530] {standard_task_runner.py:57} INFO - Started process 232297 to run task
[2023-11-13T15:27:17.371+0530] {standard_task_runner.py:84} INFO - Running: ['airflow', 'tasks', 'run', 'deferrable', 'wait_sensor_deferrable', 'manual__2023-11-13T07:37:47.437792+00:00', '--job-id', '4561', '--raw', '--subdir', 'DAGS_FOLDER/deferrable_operator.py', '--cfg-path', '/tmp/tmp34izzx2t']
[2023-11-13T15:27:17.371+0530] {standard_task_runner.py:85} INFO - Job 4561: Subtask wait_sensor_deferrable
[2023-11-13T15:27:17.392+0530] {task_command.py:415} INFO - Running <TaskInstance: deferrable.wait_sensor_deferrable manual__2023-11-13T07:37:47.437792+00:00 [running]> on host harika-Latitude-5511
[2023-11-13T15:27:17.432+0530] {logging_mixin.py:151} INFO - Sensor execution completed
[2023-11-13T15:27:17.435+0530] {taskinstance.py:1398} INFO - Marking task as SUCCESS. dag_id=deferrable, task_id=wait_sensor_deferrable, execution_date=20231113T073747, start_date=20231113T085713, end_date=20231113T095717
[2023-11-13T15:27:17.462+0530] {local_task_job_runner.py:228} INFO - Task exited with return code 0
[2023-11-13T15:27:17.475+0530] {taskinstance.py:2776} INFO - 0 downstream tasks scheduled from follow-on schedule check
