[2023-11-03T17:37:12.792+0530] {taskinstance.py:1157} INFO - Dependencies all met for dep_context=non-requeueable deps ti=<TaskInstance: hooks_demo.transfer manual__2023-11-03T12:07:10.250442+00:00 [queued]>
[2023-11-03T17:37:12.796+0530] {taskinstance.py:1157} INFO - Dependencies all met for dep_context=requeueable deps ti=<TaskInstance: hooks_demo.transfer manual__2023-11-03T12:07:10.250442+00:00 [queued]>
[2023-11-03T17:37:12.796+0530] {taskinstance.py:1359} INFO - Starting attempt 1 of 2
[2023-11-03T17:37:12.805+0530] {taskinstance.py:1380} INFO - Executing <Task(PythonOperator): transfer> on 2023-11-03 12:07:10.250442+00:00
[2023-11-03T17:37:12.808+0530] {standard_task_runner.py:57} INFO - Started process 9299 to run task
[2023-11-03T17:37:12.810+0530] {standard_task_runner.py:84} INFO - Running: ['airflow', 'tasks', 'run', 'hooks_demo', 'transfer', 'manual__2023-11-03T12:07:10.250442+00:00', '--job-id', '4221', '--raw', '--subdir', 'DAGS_FOLDER/hooks.py', '--cfg-path', '/tmp/tmp65atqmfj']
[2023-11-03T17:37:12.811+0530] {standard_task_runner.py:85} INFO - Job 4221: Subtask transfer
[2023-11-03T17:37:12.833+0530] {task_command.py:415} INFO - Running <TaskInstance: hooks_demo.transfer manual__2023-11-03T12:07:10.250442+00:00 [running]> on host harika-Latitude-5511
[2023-11-03T17:37:12.964+0530] {taskinstance.py:1660} INFO - Exporting env vars: AIRFLOW_CTX_DAG_OWNER='Airflow' AIRFLOW_CTX_DAG_ID='hooks_demo' AIRFLOW_CTX_TASK_ID='transfer' AIRFLOW_CTX_EXECUTION_DATE='2023-11-03T12:07:10.250442+00:00' AIRFLOW_CTX_TRY_NUMBER='1' AIRFLOW_CTX_DAG_RUN_ID='manual__2023-11-03T12:07:10.250442+00:00'
[2023-11-03T17:37:12.968+0530] {base.py:73} INFO - Using connection ID 'postgres_conn' for task execution.
[2023-11-03T17:37:12.984+0530] {taskinstance.py:1935} ERROR - Task failed with exception
Traceback (most recent call last):
  File "/home/harika/.local/lib/python3.10/site-packages/airflow/operators/python.py", line 192, in execute
    return_value = self.execute_callable()
  File "/home/harika/.local/lib/python3.10/site-packages/airflow/operators/python.py", line 209, in execute_callable
    return self.python_callable(*self.op_args, **self.op_kwargs)
  File "/home/harika/airflow/dags/hooks.py", line 20, in transfer_function
    source_conn = source_hook.get_conn()
  File "/home/harika/.local/lib/python3.10/site-packages/airflow/providers/postgres/hooks/postgres.py", line 155, in get_conn
    self.conn = psycopg2.connect(**conn_args)
  File "/home/harika/.local/lib/python3.10/site-packages/psycopg2/__init__.py", line 122, in connect
    conn = _connect(dsn, connection_factory=connection_factory, **kwasync)
psycopg2.OperationalError: connection to server at "localhost" (127.0.0.1), port 5432 failed: FATAL:  password authentication failed for user "admin"
connection to server at "localhost" (127.0.0.1), port 5432 failed: FATAL:  password authentication failed for user "admin"

[2023-11-03T17:37:12.988+0530] {taskinstance.py:1398} INFO - Marking task as UP_FOR_RETRY. dag_id=hooks_demo, task_id=transfer, execution_date=20231103T120710, start_date=20231103T120712, end_date=20231103T120712
[2023-11-03T17:37:12.995+0530] {standard_task_runner.py:104} ERROR - Failed to execute job 4221 for task transfer (connection to server at "localhost" (127.0.0.1), port 5432 failed: FATAL:  password authentication failed for user "admin"
connection to server at "localhost" (127.0.0.1), port 5432 failed: FATAL:  password authentication failed for user "admin"
; 9299)
[2023-11-03T17:37:13.022+0530] {local_task_job_runner.py:228} INFO - Task exited with return code 1
[2023-11-03T17:37:13.030+0530] {taskinstance.py:2776} INFO - 0 downstream tasks scheduled from follow-on schedule check
