[2023-11-13T09:54:58.944+0530] {taskinstance.py:1157} INFO - Dependencies all met for dep_context=non-requeueable deps ti=<TaskInstance: hooks_demo.transfer scheduled__2023-11-11T00:00:00+00:00 [queued]>
[2023-11-13T09:54:58.948+0530] {taskinstance.py:1157} INFO - Dependencies all met for dep_context=requeueable deps ti=<TaskInstance: hooks_demo.transfer scheduled__2023-11-11T00:00:00+00:00 [queued]>
[2023-11-13T09:54:58.948+0530] {taskinstance.py:1359} INFO - Starting attempt 1 of 2
[2023-11-13T09:54:58.958+0530] {taskinstance.py:1380} INFO - Executing <Task(PythonOperator): transfer> on 2023-11-11 00:00:00+00:00
[2023-11-13T09:54:58.961+0530] {standard_task_runner.py:57} INFO - Started process 201492 to run task
[2023-11-13T09:54:58.963+0530] {standard_task_runner.py:84} INFO - Running: ['airflow', 'tasks', 'run', 'hooks_demo', 'transfer', 'scheduled__2023-11-11T00:00:00+00:00', '--job-id', '4530', '--raw', '--subdir', 'DAGS_FOLDER/hooks.py', '--cfg-path', '/tmp/tmp335r33qg']
[2023-11-13T09:54:58.963+0530] {standard_task_runner.py:85} INFO - Job 4530: Subtask transfer
[2023-11-13T09:54:58.985+0530] {task_command.py:415} INFO - Running <TaskInstance: hooks_demo.transfer scheduled__2023-11-11T00:00:00+00:00 [running]> on host harika-Latitude-5511
[2023-11-13T09:54:59.107+0530] {taskinstance.py:1660} INFO - Exporting env vars: AIRFLOW_CTX_DAG_OWNER='Airflow' AIRFLOW_CTX_DAG_ID='hooks_demo' AIRFLOW_CTX_TASK_ID='transfer' AIRFLOW_CTX_EXECUTION_DATE='2023-11-11T00:00:00+00:00' AIRFLOW_CTX_TRY_NUMBER='1' AIRFLOW_CTX_DAG_RUN_ID='scheduled__2023-11-11T00:00:00+00:00'
[2023-11-13T09:54:59.110+0530] {base.py:73} INFO - Using connection ID 'postgres_conn' for task execution.
[2023-11-13T09:54:59.122+0530] {base.py:73} INFO - Using connection ID 'postgres_conn' for task execution.
[2023-11-13T09:54:59.135+0530] {logging_mixin.py:151} INFO - records [('Los Angles                                        ', 'ls                  '), ('Houston                                           ', 'ht                  '), ('New york                                          ', 'ny                  ')]
[2023-11-13T09:54:59.138+0530] {logging_mixin.py:151} INFO - Data transferred successfully
[2023-11-13T09:54:59.138+0530] {python.py:194} INFO - Done. Returned value was: None
[2023-11-13T09:54:59.143+0530] {taskinstance.py:1398} INFO - Marking task as SUCCESS. dag_id=hooks_demo, task_id=transfer, execution_date=20231111T000000, start_date=20231113T042458, end_date=20231113T042459
[2023-11-13T09:54:59.175+0530] {local_task_job_runner.py:228} INFO - Task exited with return code 0
[2023-11-13T09:54:59.182+0530] {taskinstance.py:2776} INFO - 0 downstream tasks scheduled from follow-on schedule check
[2023-11-16T16:07:17.684+0530] {taskinstance.py:1157} INFO - Dependencies all met for dep_context=non-requeueable deps ti=<TaskInstance: hooks_demo.transfer scheduled__2023-11-11T00:00:00+00:00 [queued]>
[2023-11-16T16:07:17.690+0530] {taskinstance.py:1157} INFO - Dependencies all met for dep_context=requeueable deps ti=<TaskInstance: hooks_demo.transfer scheduled__2023-11-11T00:00:00+00:00 [queued]>
[2023-11-16T16:07:17.690+0530] {taskinstance.py:1359} INFO - Starting attempt 1 of 2
[2023-11-16T16:07:17.699+0530] {taskinstance.py:1380} INFO - Executing <Task(PythonOperator): transfer> on 2023-11-11 00:00:00+00:00
[2023-11-16T16:07:17.704+0530] {standard_task_runner.py:57} INFO - Started process 146976 to run task
[2023-11-16T16:07:17.707+0530] {standard_task_runner.py:84} INFO - Running: ['airflow', 'tasks', 'run', 'hooks_demo', 'transfer', 'scheduled__2023-11-11T00:00:00+00:00', '--job-id', '4730', '--raw', '--subdir', 'DAGS_FOLDER/hooks_demo.py', '--cfg-path', '/tmp/tmp4c5nkxqe']
[2023-11-16T16:07:17.708+0530] {standard_task_runner.py:85} INFO - Job 4730: Subtask transfer
[2023-11-16T16:07:17.732+0530] {task_command.py:415} INFO - Running <TaskInstance: hooks_demo.transfer scheduled__2023-11-11T00:00:00+00:00 [running]> on host harika-Latitude-5511
[2023-11-16T16:07:17.898+0530] {taskinstance.py:1660} INFO - Exporting env vars: AIRFLOW_CTX_DAG_OWNER='Airflow' AIRFLOW_CTX_DAG_ID='hooks_demo' AIRFLOW_CTX_TASK_ID='transfer' AIRFLOW_CTX_EXECUTION_DATE='2023-11-11T00:00:00+00:00' AIRFLOW_CTX_TRY_NUMBER='1' AIRFLOW_CTX_DAG_RUN_ID='scheduled__2023-11-11T00:00:00+00:00'
[2023-11-16T16:07:17.904+0530] {base.py:73} INFO - Using connection ID 'postgres_conn' for task execution.
[2023-11-16T16:07:17.917+0530] {base.py:73} INFO - Using connection ID 'postgres_conn' for task execution.
[2023-11-16T16:07:17.928+0530] {logging_mixin.py:151} INFO - records [('New york                                          ', 'ny                  ')]
[2023-11-16T16:07:17.930+0530] {logging_mixin.py:151} INFO - Data transferred successfully
[2023-11-16T16:07:17.930+0530] {python.py:194} INFO - Done. Returned value was: None
[2023-11-16T16:07:17.934+0530] {taskinstance.py:1398} INFO - Marking task as SUCCESS. dag_id=hooks_demo, task_id=transfer, execution_date=20231111T000000, start_date=20231116T103717, end_date=20231116T103717
[2023-11-16T16:07:17.959+0530] {local_task_job_runner.py:228} INFO - Task exited with return code 0
[2023-11-16T16:07:17.969+0530] {taskinstance.py:2776} INFO - 0 downstream tasks scheduled from follow-on schedule check
