[2023-11-16T11:33:43.669+0530] {taskinstance.py:1157} INFO - Dependencies all met for dep_context=non-requeueable deps ti=<TaskInstance: hooks_demo.tables scheduled__2023-11-13T00:00:00+00:00 [queued]>
[2023-11-16T11:33:43.674+0530] {taskinstance.py:1157} INFO - Dependencies all met for dep_context=requeueable deps ti=<TaskInstance: hooks_demo.tables scheduled__2023-11-13T00:00:00+00:00 [queued]>
[2023-11-16T11:33:43.674+0530] {taskinstance.py:1359} INFO - Starting attempt 1 of 2
[2023-11-16T11:33:43.684+0530] {taskinstance.py:1380} INFO - Executing <Task(PythonOperator): tables> on 2023-11-13 00:00:00+00:00
[2023-11-16T11:33:43.687+0530] {standard_task_runner.py:57} INFO - Started process 114212 to run task
[2023-11-16T11:33:43.689+0530] {standard_task_runner.py:84} INFO - Running: ['airflow', 'tasks', 'run', 'hooks_demo', 'tables', 'scheduled__2023-11-13T00:00:00+00:00', '--job-id', '4646', '--raw', '--subdir', 'DAGS_FOLDER/hooks.py', '--cfg-path', '/tmp/tmpage8x859']
[2023-11-16T11:33:43.690+0530] {standard_task_runner.py:85} INFO - Job 4646: Subtask tables
[2023-11-16T11:33:43.715+0530] {task_command.py:415} INFO - Running <TaskInstance: hooks_demo.tables scheduled__2023-11-13T00:00:00+00:00 [running]> on host harika-Latitude-5511
[2023-11-16T11:33:43.854+0530] {taskinstance.py:1660} INFO - Exporting env vars: AIRFLOW_CTX_DAG_OWNER='Airflow' AIRFLOW_CTX_DAG_ID='hooks_demo' AIRFLOW_CTX_TASK_ID='tables' AIRFLOW_CTX_EXECUTION_DATE='2023-11-13T00:00:00+00:00' AIRFLOW_CTX_TRY_NUMBER='1' AIRFLOW_CTX_DAG_RUN_ID='scheduled__2023-11-13T00:00:00+00:00'
[2023-11-16T11:33:43.858+0530] {base.py:73} INFO - Using connection ID 'postgres_conn' for task execution.
[2023-11-16T11:33:43.876+0530] {logging_mixin.py:151} INFO - SELECT table_name FROM information_schema.tables WHERE table_schema = 'public'
[2023-11-16T11:33:43.880+0530] {logging_mixin.py:151} INFO - query executed
[2023-11-16T11:33:43.880+0530] {logging_mixin.py:151} INFO - ['source_city_table', 'target_city_table'] table_names
[2023-11-16T11:33:43.880+0530] {logging_mixin.py:151} INFO - ###################################
[2023-11-16T11:33:43.880+0530] {logging_mixin.py:151} INFO - source_city_table tablename
[2023-11-16T11:33:43.880+0530] {logging_mixin.py:151} INFO - ###################################
[2023-11-16T11:33:43.880+0530] {logging_mixin.py:151} INFO - target_city_table tablename
[2023-11-16T11:33:43.881+0530] {python.py:194} INFO - Done. Returned value was: None
[2023-11-16T11:33:43.884+0530] {taskinstance.py:1398} INFO - Marking task as SUCCESS. dag_id=hooks_demo, task_id=tables, execution_date=20231113T000000, start_date=20231116T060343, end_date=20231116T060343
[2023-11-16T11:33:43.901+0530] {local_task_job_runner.py:228} INFO - Task exited with return code 0
[2023-11-16T11:33:43.914+0530] {taskinstance.py:2776} INFO - 1 downstream tasks scheduled from follow-on schedule check
[2023-11-16T16:07:23.757+0530] {taskinstance.py:1157} INFO - Dependencies all met for dep_context=non-requeueable deps ti=<TaskInstance: hooks_demo.tables scheduled__2023-11-13T00:00:00+00:00 [queued]>
[2023-11-16T16:07:23.762+0530] {taskinstance.py:1157} INFO - Dependencies all met for dep_context=requeueable deps ti=<TaskInstance: hooks_demo.tables scheduled__2023-11-13T00:00:00+00:00 [queued]>
[2023-11-16T16:07:23.762+0530] {taskinstance.py:1359} INFO - Starting attempt 1 of 2
[2023-11-16T16:07:23.770+0530] {taskinstance.py:1380} INFO - Executing <Task(PythonOperator): tables> on 2023-11-13 00:00:00+00:00
[2023-11-16T16:07:23.776+0530] {standard_task_runner.py:57} INFO - Started process 147020 to run task
[2023-11-16T16:07:23.778+0530] {standard_task_runner.py:84} INFO - Running: ['airflow', 'tasks', 'run', 'hooks_demo', 'tables', 'scheduled__2023-11-13T00:00:00+00:00', '--job-id', '4732', '--raw', '--subdir', 'DAGS_FOLDER/hooks_demo.py', '--cfg-path', '/tmp/tmp9nhsh_8m']
[2023-11-16T16:07:23.779+0530] {standard_task_runner.py:85} INFO - Job 4732: Subtask tables
[2023-11-16T16:07:23.803+0530] {task_command.py:415} INFO - Running <TaskInstance: hooks_demo.tables scheduled__2023-11-13T00:00:00+00:00 [running]> on host harika-Latitude-5511
[2023-11-16T16:07:23.960+0530] {taskinstance.py:1660} INFO - Exporting env vars: AIRFLOW_CTX_DAG_OWNER='Airflow' AIRFLOW_CTX_DAG_ID='hooks_demo' AIRFLOW_CTX_TASK_ID='tables' AIRFLOW_CTX_EXECUTION_DATE='2023-11-13T00:00:00+00:00' AIRFLOW_CTX_TRY_NUMBER='1' AIRFLOW_CTX_DAG_RUN_ID='scheduled__2023-11-13T00:00:00+00:00'
[2023-11-16T16:07:23.965+0530] {base.py:73} INFO - Using connection ID 'postgres_conn' for task execution.
[2023-11-16T16:07:23.976+0530] {logging_mixin.py:151} INFO - SELECT table_name FROM information_schema.tables WHERE table_schema = 'public'
[2023-11-16T16:07:23.978+0530] {logging_mixin.py:151} INFO - query executed
[2023-11-16T16:07:23.978+0530] {logging_mixin.py:151} INFO - ['source_city_table', 'target_city_table'] table_names
[2023-11-16T16:07:23.978+0530] {logging_mixin.py:151} INFO - ###################################
[2023-11-16T16:07:23.979+0530] {logging_mixin.py:151} INFO - source_city_table tablename
[2023-11-16T16:07:23.979+0530] {logging_mixin.py:151} INFO - ###################################
[2023-11-16T16:07:23.979+0530] {logging_mixin.py:151} INFO - target_city_table tablename
[2023-11-16T16:07:23.979+0530] {python.py:194} INFO - Done. Returned value was: None
[2023-11-16T16:07:23.983+0530] {taskinstance.py:1398} INFO - Marking task as SUCCESS. dag_id=hooks_demo, task_id=tables, execution_date=20231113T000000, start_date=20231116T103723, end_date=20231116T103723
[2023-11-16T16:07:24.030+0530] {local_task_job_runner.py:228} INFO - Task exited with return code 0
[2023-11-16T16:07:24.064+0530] {taskinstance.py:2776} INFO - 1 downstream tasks scheduled from follow-on schedule check
