[2023-11-16T15:59:49.909+0530] {taskinstance.py:1157} INFO - Dependencies all met for dep_context=non-requeueable deps ti=<TaskInstance: hooks_demo.transfer manual__2023-11-16T10:29:44.382489+00:00 [queued]>
[2023-11-16T15:59:49.914+0530] {taskinstance.py:1157} INFO - Dependencies all met for dep_context=requeueable deps ti=<TaskInstance: hooks_demo.transfer manual__2023-11-16T10:29:44.382489+00:00 [queued]>
[2023-11-16T15:59:49.914+0530] {taskinstance.py:1359} INFO - Starting attempt 1 of 2
[2023-11-16T15:59:49.924+0530] {taskinstance.py:1380} INFO - Executing <Task(PythonOperator): transfer> on 2023-11-16 10:29:44.382489+00:00
[2023-11-16T15:59:49.927+0530] {standard_task_runner.py:57} INFO - Started process 145840 to run task
[2023-11-16T15:59:49.929+0530] {standard_task_runner.py:84} INFO - Running: ['airflow', 'tasks', 'run', 'hooks_demo', 'transfer', 'manual__2023-11-16T10:29:44.382489+00:00', '--job-id', '4732', '--raw', '--subdir', 'DAGS_FOLDER/hooks.py', '--cfg-path', '/tmp/tmpq8oylbjp']
[2023-11-16T15:59:49.930+0530] {standard_task_runner.py:85} INFO - Job 4732: Subtask transfer
[2023-11-16T15:59:49.952+0530] {task_command.py:415} INFO - Running <TaskInstance: hooks_demo.transfer manual__2023-11-16T10:29:44.382489+00:00 [running]> on host harika-Latitude-5511
[2023-11-16T15:59:50.090+0530] {taskinstance.py:1660} INFO - Exporting env vars: AIRFLOW_CTX_DAG_OWNER='Airflow' AIRFLOW_CTX_DAG_ID='hooks_demo' AIRFLOW_CTX_TASK_ID='transfer' AIRFLOW_CTX_EXECUTION_DATE='2023-11-16T10:29:44.382489+00:00' AIRFLOW_CTX_TRY_NUMBER='1' AIRFLOW_CTX_DAG_RUN_ID='manual__2023-11-16T10:29:44.382489+00:00'
[2023-11-16T15:59:50.094+0530] {base.py:73} INFO - Using connection ID 'postgres_conn' for task execution.
[2023-11-16T15:59:50.106+0530] {base.py:73} INFO - Using connection ID 'postgres_conn' for task execution.
[2023-11-16T15:59:50.115+0530] {taskinstance.py:1935} ERROR - Task failed with exception
Traceback (most recent call last):
  File "/home/harika/.local/lib/python3.10/site-packages/airflow/operators/python.py", line 192, in execute
    return_value = self.execute_callable()
  File "/home/harika/.local/lib/python3.10/site-packages/airflow/operators/python.py", line 209, in execute_callable
    return self.python_callable(*self.op_args, **self.op_kwargs)
  File "/home/harika/airflow/dags/hooks.py", line 36, in transfer_function
    source_cursor.execute(qqq)
psycopg2.errors.SyntaxError: syntax error at or near "'postgres'"
LINE 1: GRANT ALL PRIVILEGES ON DATABASE postgres TO 'postgres'
                                                     ^

[2023-11-16T15:59:50.118+0530] {taskinstance.py:1398} INFO - Marking task as UP_FOR_RETRY. dag_id=hooks_demo, task_id=transfer, execution_date=20231116T102944, start_date=20231116T102949, end_date=20231116T102950
[2023-11-16T15:59:50.125+0530] {standard_task_runner.py:104} ERROR - Failed to execute job 4732 for task transfer (syntax error at or near "'postgres'"
LINE 1: GRANT ALL PRIVILEGES ON DATABASE postgres TO 'postgres'
                                                     ^
; 145840)
[2023-11-16T15:59:50.141+0530] {local_task_job_runner.py:228} INFO - Task exited with return code 1
[2023-11-16T15:59:50.155+0530] {taskinstance.py:2776} INFO - 0 downstream tasks scheduled from follow-on schedule check
