[2023-11-01T09:50:33.378+0530] {taskinstance.py:1157} INFO - Dependencies all met for dep_context=non-requeueable deps ti=<TaskInstance: date_time_example.wait_until_new_year scheduled__2023-11-01T00:14:00+00:00 [queued]>
[2023-11-01T09:50:33.383+0530] {taskinstance.py:1157} INFO - Dependencies all met for dep_context=requeueable deps ti=<TaskInstance: date_time_example.wait_until_new_year scheduled__2023-11-01T00:14:00+00:00 [queued]>
[2023-11-01T09:50:33.383+0530] {taskinstance.py:1359} INFO - Starting attempt 1 of 1
[2023-11-01T09:50:33.391+0530] {taskinstance.py:1380} INFO - Executing <Task(DateTimeSensor): wait_until_new_year> on 2023-11-01 00:14:00+00:00
[2023-11-01T09:50:33.394+0530] {standard_task_runner.py:57} INFO - Started process 920277 to run task
[2023-11-01T09:50:33.396+0530] {standard_task_runner.py:84} INFO - Running: ['airflow', 'tasks', 'run', 'date_time_example', 'wait_until_new_year', 'scheduled__2023-11-01T00:14:00+00:00', '--job-id', '2127', '--raw', '--subdir', 'DAGS_FOLDER/dataTimeSensor.py', '--cfg-path', '/tmp/tmpjkii3hoz']
[2023-11-01T09:50:33.397+0530] {standard_task_runner.py:85} INFO - Job 2127: Subtask wait_until_new_year
[2023-11-01T09:50:33.420+0530] {task_command.py:415} INFO - Running <TaskInstance: date_time_example.wait_until_new_year scheduled__2023-11-01T00:14:00+00:00 [running]> on host harika-Latitude-5511
[2023-11-01T09:50:33.467+0530] {taskinstance.py:1660} INFO - Exporting env vars: AIRFLOW_CTX_DAG_OWNER='airflow' AIRFLOW_CTX_DAG_ID='date_time_example' AIRFLOW_CTX_TASK_ID='wait_until_new_year' AIRFLOW_CTX_EXECUTION_DATE='2023-11-01T00:14:00+00:00' AIRFLOW_CTX_TRY_NUMBER='1' AIRFLOW_CTX_DAG_RUN_ID='scheduled__2023-11-01T00:14:00+00:00'
[2023-11-01T09:50:33.470+0530] {date_time.py:74} INFO - Checking if the time (2023-11-01T09:39:00) has come
[2023-11-01T09:50:33.546+0530] {taskinstance.py:1895} INFO - Rescheduling task, marking task as UP_FOR_RESCHEDULE
[2023-11-01T09:50:33.568+0530] {local_task_job_runner.py:228} INFO - Task exited with return code 0
[2023-11-01T09:50:33.589+0530] {taskinstance.py:2776} INFO - 0 downstream tasks scheduled from follow-on schedule check
[2023-11-01T09:51:38.786+0530] {taskinstance.py:1157} INFO - Dependencies all met for dep_context=non-requeueable deps ti=<TaskInstance: date_time_example.wait_until_new_year scheduled__2023-11-01T00:14:00+00:00 [queued]>
[2023-11-01T09:51:38.791+0530] {taskinstance.py:1157} INFO - Dependencies all met for dep_context=requeueable deps ti=<TaskInstance: date_time_example.wait_until_new_year scheduled__2023-11-01T00:14:00+00:00 [queued]>
[2023-11-01T09:51:38.791+0530] {taskinstance.py:1359} INFO - Starting attempt 1 of 1
[2023-11-01T09:51:38.802+0530] {taskinstance.py:1380} INFO - Executing <Task(DateTimeSensor): wait_until_new_year> on 2023-11-01 00:14:00+00:00
[2023-11-01T09:51:38.808+0530] {standard_task_runner.py:57} INFO - Started process 921725 to run task
[2023-11-01T09:51:38.812+0530] {standard_task_runner.py:84} INFO - Running: ['airflow', 'tasks', 'run', 'date_time_example', 'wait_until_new_year', 'scheduled__2023-11-01T00:14:00+00:00', '--job-id', '2143', '--raw', '--subdir', 'DAGS_FOLDER/dataTimeSensor.py', '--cfg-path', '/tmp/tmpk40cx61z']
[2023-11-01T09:51:38.813+0530] {standard_task_runner.py:85} INFO - Job 2143: Subtask wait_until_new_year
[2023-11-01T09:51:38.841+0530] {task_command.py:415} INFO - Running <TaskInstance: date_time_example.wait_until_new_year scheduled__2023-11-01T00:14:00+00:00 [running]> on host harika-Latitude-5511
[2023-11-01T09:51:38.896+0530] {taskinstance.py:1660} INFO - Exporting env vars: AIRFLOW_CTX_DAG_OWNER='airflow' AIRFLOW_CTX_DAG_ID='date_time_example' AIRFLOW_CTX_TASK_ID='wait_until_new_year' AIRFLOW_CTX_EXECUTION_DATE='2023-11-01T00:14:00+00:00' AIRFLOW_CTX_TRY_NUMBER='1' AIRFLOW_CTX_DAG_RUN_ID='scheduled__2023-11-01T00:14:00+00:00'
[2023-11-01T09:51:38.901+0530] {date_time.py:74} INFO - Checking if the time (2023-11-01T09:52:00) has come
[2023-11-01T09:51:38.990+0530] {taskinstance.py:1895} INFO - Rescheduling task, marking task as UP_FOR_RESCHEDULE
[2023-11-01T09:51:39.023+0530] {local_task_job_runner.py:228} INFO - Task exited with return code 0
[2023-11-01T09:51:39.033+0530] {taskinstance.py:2776} INFO - 0 downstream tasks scheduled from follow-on schedule check
[2023-11-01T09:52:42.948+0530] {taskinstance.py:1157} INFO - Dependencies all met for dep_context=non-requeueable deps ti=<TaskInstance: date_time_example.wait_until_new_year scheduled__2023-11-01T00:14:00+00:00 [queued]>
[2023-11-01T09:52:42.954+0530] {taskinstance.py:1157} INFO - Dependencies all met for dep_context=requeueable deps ti=<TaskInstance: date_time_example.wait_until_new_year scheduled__2023-11-01T00:14:00+00:00 [queued]>
[2023-11-01T09:52:42.954+0530] {taskinstance.py:1359} INFO - Starting attempt 1 of 1
[2023-11-01T09:52:42.966+0530] {taskinstance.py:1380} INFO - Executing <Task(DateTimeSensor): wait_until_new_year> on 2023-11-01 00:14:00+00:00
[2023-11-01T09:52:42.970+0530] {standard_task_runner.py:57} INFO - Started process 923014 to run task
[2023-11-01T09:52:42.973+0530] {standard_task_runner.py:84} INFO - Running: ['airflow', 'tasks', 'run', 'date_time_example', 'wait_until_new_year', 'scheduled__2023-11-01T00:14:00+00:00', '--job-id', '2161', '--raw', '--subdir', 'DAGS_FOLDER/dataTimeSensor.py', '--cfg-path', '/tmp/tmpuo7wn42p']
[2023-11-01T09:52:42.975+0530] {standard_task_runner.py:85} INFO - Job 2161: Subtask wait_until_new_year
[2023-11-01T09:52:43.004+0530] {task_command.py:415} INFO - Running <TaskInstance: date_time_example.wait_until_new_year scheduled__2023-11-01T00:14:00+00:00 [running]> on host harika-Latitude-5511
[2023-11-01T09:52:43.065+0530] {taskinstance.py:1660} INFO - Exporting env vars: AIRFLOW_CTX_DAG_OWNER='airflow' AIRFLOW_CTX_DAG_ID='date_time_example' AIRFLOW_CTX_TASK_ID='wait_until_new_year' AIRFLOW_CTX_EXECUTION_DATE='2023-11-01T00:14:00+00:00' AIRFLOW_CTX_TRY_NUMBER='1' AIRFLOW_CTX_DAG_RUN_ID='scheduled__2023-11-01T00:14:00+00:00'
[2023-11-01T09:52:43.069+0530] {date_time.py:74} INFO - Checking if the time (2023-11-01T09:52:00) has come
[2023-11-01T09:52:43.167+0530] {taskinstance.py:1895} INFO - Rescheduling task, marking task as UP_FOR_RESCHEDULE
[2023-11-01T09:52:43.185+0530] {local_task_job_runner.py:228} INFO - Task exited with return code 0
[2023-11-01T09:52:43.195+0530] {taskinstance.py:2776} INFO - 0 downstream tasks scheduled from follow-on schedule check
[2023-11-01T09:53:45.033+0530] {taskinstance.py:1157} INFO - Dependencies all met for dep_context=non-requeueable deps ti=<TaskInstance: date_time_example.wait_until_new_year scheduled__2023-11-01T00:14:00+00:00 [queued]>
[2023-11-01T09:53:45.039+0530] {taskinstance.py:1157} INFO - Dependencies all met for dep_context=requeueable deps ti=<TaskInstance: date_time_example.wait_until_new_year scheduled__2023-11-01T00:14:00+00:00 [queued]>
[2023-11-01T09:53:45.039+0530] {taskinstance.py:1359} INFO - Starting attempt 1 of 1
[2023-11-01T09:53:45.049+0530] {taskinstance.py:1380} INFO - Executing <Task(DateTimeSensor): wait_until_new_year> on 2023-11-01 00:14:00+00:00
[2023-11-01T09:53:45.052+0530] {standard_task_runner.py:57} INFO - Started process 924398 to run task
[2023-11-01T09:53:45.054+0530] {standard_task_runner.py:84} INFO - Running: ['airflow', 'tasks', 'run', 'date_time_example', 'wait_until_new_year', 'scheduled__2023-11-01T00:14:00+00:00', '--job-id', '2179', '--raw', '--subdir', 'DAGS_FOLDER/dataTimeSensor.py', '--cfg-path', '/tmp/tmp3ha_z70m']
[2023-11-01T09:53:45.055+0530] {standard_task_runner.py:85} INFO - Job 2179: Subtask wait_until_new_year
[2023-11-01T09:53:45.081+0530] {task_command.py:415} INFO - Running <TaskInstance: date_time_example.wait_until_new_year scheduled__2023-11-01T00:14:00+00:00 [running]> on host harika-Latitude-5511
[2023-11-01T09:53:45.130+0530] {taskinstance.py:1660} INFO - Exporting env vars: AIRFLOW_CTX_DAG_OWNER='airflow' AIRFLOW_CTX_DAG_ID='date_time_example' AIRFLOW_CTX_TASK_ID='wait_until_new_year' AIRFLOW_CTX_EXECUTION_DATE='2023-11-01T00:14:00+00:00' AIRFLOW_CTX_TRY_NUMBER='1' AIRFLOW_CTX_DAG_RUN_ID='scheduled__2023-11-01T00:14:00+00:00'
[2023-11-01T09:53:45.134+0530] {date_time.py:74} INFO - Checking if the time (2023-11-01T09:52:00) has come
[2023-11-01T09:53:45.227+0530] {taskinstance.py:1895} INFO - Rescheduling task, marking task as UP_FOR_RESCHEDULE
[2023-11-01T09:53:45.266+0530] {local_task_job_runner.py:228} INFO - Task exited with return code 0
[2023-11-01T09:53:45.278+0530] {taskinstance.py:2776} INFO - 0 downstream tasks scheduled from follow-on schedule check
[2023-11-01T09:54:46.975+0530] {taskinstance.py:1157} INFO - Dependencies all met for dep_context=non-requeueable deps ti=<TaskInstance: date_time_example.wait_until_new_year scheduled__2023-11-01T00:14:00+00:00 [queued]>
[2023-11-01T09:54:46.981+0530] {taskinstance.py:1157} INFO - Dependencies all met for dep_context=requeueable deps ti=<TaskInstance: date_time_example.wait_until_new_year scheduled__2023-11-01T00:14:00+00:00 [queued]>
[2023-11-01T09:54:46.981+0530] {taskinstance.py:1359} INFO - Starting attempt 1 of 1
[2023-11-01T09:54:46.990+0530] {taskinstance.py:1380} INFO - Executing <Task(DateTimeSensor): wait_until_new_year> on 2023-11-01 00:14:00+00:00
[2023-11-01T09:54:46.993+0530] {standard_task_runner.py:57} INFO - Started process 925778 to run task
[2023-11-01T09:54:46.996+0530] {standard_task_runner.py:84} INFO - Running: ['airflow', 'tasks', 'run', 'date_time_example', 'wait_until_new_year', 'scheduled__2023-11-01T00:14:00+00:00', '--job-id', '2195', '--raw', '--subdir', 'DAGS_FOLDER/dataTimeSensor.py', '--cfg-path', '/tmp/tmpfjkaaa5g']
[2023-11-01T09:54:46.998+0530] {standard_task_runner.py:85} INFO - Job 2195: Subtask wait_until_new_year
[2023-11-01T09:54:47.023+0530] {task_command.py:415} INFO - Running <TaskInstance: date_time_example.wait_until_new_year scheduled__2023-11-01T00:14:00+00:00 [running]> on host harika-Latitude-5511
[2023-11-01T09:54:47.075+0530] {taskinstance.py:1660} INFO - Exporting env vars: AIRFLOW_CTX_DAG_OWNER='airflow' AIRFLOW_CTX_DAG_ID='date_time_example' AIRFLOW_CTX_TASK_ID='wait_until_new_year' AIRFLOW_CTX_EXECUTION_DATE='2023-11-01T00:14:00+00:00' AIRFLOW_CTX_TRY_NUMBER='1' AIRFLOW_CTX_DAG_RUN_ID='scheduled__2023-11-01T00:14:00+00:00'
[2023-11-01T09:54:47.080+0530] {date_time.py:74} INFO - Checking if the time (2023-11-01T09:52:00) has come
[2023-11-01T09:54:47.167+0530] {taskinstance.py:1895} INFO - Rescheduling task, marking task as UP_FOR_RESCHEDULE
[2023-11-01T09:54:47.208+0530] {local_task_job_runner.py:228} INFO - Task exited with return code 0
[2023-11-01T09:54:47.227+0530] {taskinstance.py:2776} INFO - 0 downstream tasks scheduled from follow-on schedule check
[2023-11-01T09:55:49.742+0530] {taskinstance.py:1157} INFO - Dependencies all met for dep_context=non-requeueable deps ti=<TaskInstance: date_time_example.wait_until_new_year scheduled__2023-11-01T00:14:00+00:00 [queued]>
[2023-11-01T09:55:49.748+0530] {taskinstance.py:1157} INFO - Dependencies all met for dep_context=requeueable deps ti=<TaskInstance: date_time_example.wait_until_new_year scheduled__2023-11-01T00:14:00+00:00 [queued]>
[2023-11-01T09:55:49.748+0530] {taskinstance.py:1359} INFO - Starting attempt 1 of 1
[2023-11-01T09:55:49.757+0530] {taskinstance.py:1380} INFO - Executing <Task(DateTimeSensor): wait_until_new_year> on 2023-11-01 00:14:00+00:00
[2023-11-01T09:55:49.761+0530] {standard_task_runner.py:57} INFO - Started process 927049 to run task
[2023-11-01T09:55:49.764+0530] {standard_task_runner.py:84} INFO - Running: ['airflow', 'tasks', 'run', 'date_time_example', 'wait_until_new_year', 'scheduled__2023-11-01T00:14:00+00:00', '--job-id', '2211', '--raw', '--subdir', 'DAGS_FOLDER/dataTimeSensor.py', '--cfg-path', '/tmp/tmpciu4kmkl']
[2023-11-01T09:55:49.765+0530] {standard_task_runner.py:85} INFO - Job 2211: Subtask wait_until_new_year
[2023-11-01T09:55:49.789+0530] {task_command.py:415} INFO - Running <TaskInstance: date_time_example.wait_until_new_year scheduled__2023-11-01T00:14:00+00:00 [running]> on host harika-Latitude-5511
[2023-11-01T09:55:49.836+0530] {taskinstance.py:1660} INFO - Exporting env vars: AIRFLOW_CTX_DAG_OWNER='airflow' AIRFLOW_CTX_DAG_ID='date_time_example' AIRFLOW_CTX_TASK_ID='wait_until_new_year' AIRFLOW_CTX_EXECUTION_DATE='2023-11-01T00:14:00+00:00' AIRFLOW_CTX_TRY_NUMBER='1' AIRFLOW_CTX_DAG_RUN_ID='scheduled__2023-11-01T00:14:00+00:00'
[2023-11-01T09:55:49.840+0530] {date_time.py:74} INFO - Checking if the time (2023-11-01T09:52:00) has come
[2023-11-01T09:55:49.934+0530] {taskinstance.py:1895} INFO - Rescheduling task, marking task as UP_FOR_RESCHEDULE
[2023-11-01T09:55:49.975+0530] {local_task_job_runner.py:228} INFO - Task exited with return code 0
[2023-11-01T09:55:50.006+0530] {taskinstance.py:2776} INFO - 0 downstream tasks scheduled from follow-on schedule check
[2023-11-01T09:56:52.871+0530] {taskinstance.py:1157} INFO - Dependencies all met for dep_context=non-requeueable deps ti=<TaskInstance: date_time_example.wait_until_new_year scheduled__2023-11-01T00:14:00+00:00 [queued]>
[2023-11-01T09:56:52.876+0530] {taskinstance.py:1157} INFO - Dependencies all met for dep_context=requeueable deps ti=<TaskInstance: date_time_example.wait_until_new_year scheduled__2023-11-01T00:14:00+00:00 [queued]>
[2023-11-01T09:56:52.876+0530] {taskinstance.py:1359} INFO - Starting attempt 1 of 1
[2023-11-01T09:56:52.886+0530] {taskinstance.py:1380} INFO - Executing <Task(DateTimeSensor): wait_until_new_year> on 2023-11-01 00:14:00+00:00
[2023-11-01T09:56:52.890+0530] {standard_task_runner.py:57} INFO - Started process 928443 to run task
[2023-11-01T09:56:52.892+0530] {standard_task_runner.py:84} INFO - Running: ['airflow', 'tasks', 'run', 'date_time_example', 'wait_until_new_year', 'scheduled__2023-11-01T00:14:00+00:00', '--job-id', '2227', '--raw', '--subdir', 'DAGS_FOLDER/dataTimeSensor.py', '--cfg-path', '/tmp/tmp4q1taac9']
[2023-11-01T09:56:52.893+0530] {standard_task_runner.py:85} INFO - Job 2227: Subtask wait_until_new_year
[2023-11-01T09:56:52.917+0530] {task_command.py:415} INFO - Running <TaskInstance: date_time_example.wait_until_new_year scheduled__2023-11-01T00:14:00+00:00 [running]> on host harika-Latitude-5511
[2023-11-01T09:56:52.968+0530] {taskinstance.py:1660} INFO - Exporting env vars: AIRFLOW_CTX_DAG_OWNER='airflow' AIRFLOW_CTX_DAG_ID='date_time_example' AIRFLOW_CTX_TASK_ID='wait_until_new_year' AIRFLOW_CTX_EXECUTION_DATE='2023-11-01T00:14:00+00:00' AIRFLOW_CTX_TRY_NUMBER='1' AIRFLOW_CTX_DAG_RUN_ID='scheduled__2023-11-01T00:14:00+00:00'
[2023-11-01T09:56:52.972+0530] {date_time.py:74} INFO - Checking if the time (2023-11-01T09:52:00) has come
[2023-11-01T09:56:53.059+0530] {taskinstance.py:1895} INFO - Rescheduling task, marking task as UP_FOR_RESCHEDULE
[2023-11-01T09:56:53.104+0530] {local_task_job_runner.py:228} INFO - Task exited with return code 0
[2023-11-01T09:56:53.133+0530] {taskinstance.py:2776} INFO - 0 downstream tasks scheduled from follow-on schedule check
[2023-11-01T09:57:55.634+0530] {taskinstance.py:1157} INFO - Dependencies all met for dep_context=non-requeueable deps ti=<TaskInstance: date_time_example.wait_until_new_year scheduled__2023-11-01T00:14:00+00:00 [queued]>
[2023-11-01T09:57:55.640+0530] {taskinstance.py:1157} INFO - Dependencies all met for dep_context=requeueable deps ti=<TaskInstance: date_time_example.wait_until_new_year scheduled__2023-11-01T00:14:00+00:00 [queued]>
[2023-11-01T09:57:55.640+0530] {taskinstance.py:1359} INFO - Starting attempt 1 of 1
[2023-11-01T09:57:55.649+0530] {taskinstance.py:1380} INFO - Executing <Task(DateTimeSensor): wait_until_new_year> on 2023-11-01 00:14:00+00:00
[2023-11-01T09:57:55.653+0530] {standard_task_runner.py:57} INFO - Started process 929836 to run task
[2023-11-01T09:57:55.655+0530] {standard_task_runner.py:84} INFO - Running: ['airflow', 'tasks', 'run', 'date_time_example', 'wait_until_new_year', 'scheduled__2023-11-01T00:14:00+00:00', '--job-id', '2243', '--raw', '--subdir', 'DAGS_FOLDER/dataTimeSensor.py', '--cfg-path', '/tmp/tmp0q6wan8b']
[2023-11-01T09:57:55.656+0530] {standard_task_runner.py:85} INFO - Job 2243: Subtask wait_until_new_year
[2023-11-01T09:57:55.684+0530] {task_command.py:415} INFO - Running <TaskInstance: date_time_example.wait_until_new_year scheduled__2023-11-01T00:14:00+00:00 [running]> on host harika-Latitude-5511
[2023-11-01T09:57:55.733+0530] {taskinstance.py:1660} INFO - Exporting env vars: AIRFLOW_CTX_DAG_OWNER='airflow' AIRFLOW_CTX_DAG_ID='date_time_example' AIRFLOW_CTX_TASK_ID='wait_until_new_year' AIRFLOW_CTX_EXECUTION_DATE='2023-11-01T00:14:00+00:00' AIRFLOW_CTX_TRY_NUMBER='1' AIRFLOW_CTX_DAG_RUN_ID='scheduled__2023-11-01T00:14:00+00:00'
[2023-11-01T09:57:55.737+0530] {date_time.py:74} INFO - Checking if the time (2023-11-01T09:52:00) has come
[2023-11-01T09:57:55.829+0530] {taskinstance.py:1895} INFO - Rescheduling task, marking task as UP_FOR_RESCHEDULE
[2023-11-01T09:57:55.867+0530] {local_task_job_runner.py:228} INFO - Task exited with return code 0
[2023-11-01T09:57:55.879+0530] {taskinstance.py:2776} INFO - 0 downstream tasks scheduled from follow-on schedule check
[2023-11-01T09:59:00.946+0530] {taskinstance.py:1157} INFO - Dependencies all met for dep_context=non-requeueable deps ti=<TaskInstance: date_time_example.wait_until_new_year scheduled__2023-11-01T00:14:00+00:00 [queued]>
[2023-11-01T09:59:00.954+0530] {taskinstance.py:1157} INFO - Dependencies all met for dep_context=requeueable deps ti=<TaskInstance: date_time_example.wait_until_new_year scheduled__2023-11-01T00:14:00+00:00 [queued]>
[2023-11-01T09:59:00.954+0530] {taskinstance.py:1359} INFO - Starting attempt 1 of 1
[2023-11-01T09:59:00.963+0530] {taskinstance.py:1380} INFO - Executing <Task(DateTimeSensor): wait_until_new_year> on 2023-11-01 00:14:00+00:00
[2023-11-01T09:59:00.967+0530] {standard_task_runner.py:57} INFO - Started process 931293 to run task
[2023-11-01T09:59:00.970+0530] {standard_task_runner.py:84} INFO - Running: ['airflow', 'tasks', 'run', 'date_time_example', 'wait_until_new_year', 'scheduled__2023-11-01T00:14:00+00:00', '--job-id', '2259', '--raw', '--subdir', 'DAGS_FOLDER/dataTimeSensor.py', '--cfg-path', '/tmp/tmpew46zv3n']
[2023-11-01T09:59:00.970+0530] {standard_task_runner.py:85} INFO - Job 2259: Subtask wait_until_new_year
[2023-11-01T09:59:00.994+0530] {task_command.py:415} INFO - Running <TaskInstance: date_time_example.wait_until_new_year scheduled__2023-11-01T00:14:00+00:00 [running]> on host harika-Latitude-5511
[2023-11-01T09:59:01.043+0530] {taskinstance.py:1660} INFO - Exporting env vars: AIRFLOW_CTX_DAG_OWNER='airflow' AIRFLOW_CTX_DAG_ID='date_time_example' AIRFLOW_CTX_TASK_ID='wait_until_new_year' AIRFLOW_CTX_EXECUTION_DATE='2023-11-01T00:14:00+00:00' AIRFLOW_CTX_TRY_NUMBER='1' AIRFLOW_CTX_DAG_RUN_ID='scheduled__2023-11-01T00:14:00+00:00'
[2023-11-01T09:59:01.047+0530] {date_time.py:74} INFO - Checking if the time (2023-11-01T09:52:00) has come
[2023-11-01T09:59:01.144+0530] {taskinstance.py:1895} INFO - Rescheduling task, marking task as UP_FOR_RESCHEDULE
[2023-11-01T09:59:01.181+0530] {local_task_job_runner.py:228} INFO - Task exited with return code 0
[2023-11-01T09:59:01.193+0530] {taskinstance.py:2776} INFO - 0 downstream tasks scheduled from follow-on schedule check
