[2023-11-06T16:06:54.566+0530] {taskinstance.py:1157} INFO - Dependencies all met for dep_context=non-requeueable deps ti=<TaskInstance: hooks_demo.transfer manual__2023-11-06T10:36:49.546685+00:00 [queued]>
[2023-11-06T16:06:54.570+0530] {taskinstance.py:1157} INFO - Dependencies all met for dep_context=requeueable deps ti=<TaskInstance: hooks_demo.transfer manual__2023-11-06T10:36:49.546685+00:00 [queued]>
[2023-11-06T16:06:54.571+0530] {taskinstance.py:1359} INFO - Starting attempt 1 of 2
[2023-11-06T16:06:54.579+0530] {taskinstance.py:1380} INFO - Executing <Task(PythonOperator): transfer> on 2023-11-06 10:36:49.546685+00:00
[2023-11-06T16:06:54.582+0530] {standard_task_runner.py:57} INFO - Started process 46147 to run task
[2023-11-06T16:06:54.585+0530] {standard_task_runner.py:84} INFO - Running: ['airflow', 'tasks', 'run', 'hooks_demo', 'transfer', 'manual__2023-11-06T10:36:49.546685+00:00', '--job-id', '4332', '--raw', '--subdir', 'DAGS_FOLDER/hooks.py', '--cfg-path', '/tmp/tmp8qgczzr4']
[2023-11-06T16:06:54.585+0530] {standard_task_runner.py:85} INFO - Job 4332: Subtask transfer
[2023-11-06T16:06:54.607+0530] {task_command.py:415} INFO - Running <TaskInstance: hooks_demo.transfer manual__2023-11-06T10:36:49.546685+00:00 [running]> on host harika-Latitude-5511
[2023-11-06T16:06:54.754+0530] {taskinstance.py:1660} INFO - Exporting env vars: AIRFLOW_CTX_DAG_OWNER='Airflow' AIRFLOW_CTX_DAG_ID='hooks_demo' AIRFLOW_CTX_TASK_ID='transfer' AIRFLOW_CTX_EXECUTION_DATE='2023-11-06T10:36:49.546685+00:00' AIRFLOW_CTX_TRY_NUMBER='1' AIRFLOW_CTX_DAG_RUN_ID='manual__2023-11-06T10:36:49.546685+00:00'
[2023-11-06T16:06:54.758+0530] {base.py:73} INFO - Using connection ID 'postgres_conn' for task execution.
[2023-11-06T16:06:54.770+0530] {base.py:73} INFO - Using connection ID 'postgres_conn' for task execution.
[2023-11-06T16:06:54.779+0530] {taskinstance.py:1935} ERROR - Task failed with exception
Traceback (most recent call last):
  File "/home/harika/.local/lib/python3.10/site-packages/airflow/operators/python.py", line 192, in execute
    return_value = self.execute_callable()
  File "/home/harika/.local/lib/python3.10/site-packages/airflow/operators/python.py", line 209, in execute_callable
    return self.python_callable(*self.op_args, **self.op_kwargs)
  File "/home/harika/airflow/dags/hooks.py", line 29, in transfer_function
    source_cursor.execute(insert_query)
psycopg2.errors.InvalidTextRepresentation: malformed array literal: "New york"
LINE 1: ...o source_city_table (city_name, city_code) values('New york'...
                                                             ^
DETAIL:  Array value must start with "{" or dimension information.

[2023-11-06T16:06:54.781+0530] {taskinstance.py:1398} INFO - Marking task as UP_FOR_RETRY. dag_id=hooks_demo, task_id=transfer, execution_date=20231106T103649, start_date=20231106T103654, end_date=20231106T103654
[2023-11-06T16:06:54.788+0530] {standard_task_runner.py:104} ERROR - Failed to execute job 4332 for task transfer (malformed array literal: "New york"
LINE 1: ...o source_city_table (city_name, city_code) values('New york'...
                                                             ^
DETAIL:  Array value must start with "{" or dimension information.
; 46147)
[2023-11-06T16:06:54.797+0530] {local_task_job_runner.py:228} INFO - Task exited with return code 1
[2023-11-06T16:06:54.820+0530] {taskinstance.py:2776} INFO - 0 downstream tasks scheduled from follow-on schedule check
