[2023-11-07T10:46:17.803+0530] {taskinstance.py:1157} INFO - Dependencies all met for dep_context=non-requeueable deps ti=<TaskInstance: hooks_demo.tables scheduled__2023-11-06T00:00:00+00:00 [queued]>
[2023-11-07T10:46:17.807+0530] {taskinstance.py:1157} INFO - Dependencies all met for dep_context=requeueable deps ti=<TaskInstance: hooks_demo.tables scheduled__2023-11-06T00:00:00+00:00 [queued]>
[2023-11-07T10:46:17.807+0530] {taskinstance.py:1359} INFO - Starting attempt 1 of 2
[2023-11-07T10:46:17.816+0530] {taskinstance.py:1380} INFO - Executing <Task(PythonOperator): tables> on 2023-11-06 00:00:00+00:00
[2023-11-07T10:46:17.819+0530] {standard_task_runner.py:57} INFO - Started process 52465 to run task
[2023-11-07T10:46:17.821+0530] {standard_task_runner.py:84} INFO - Running: ['airflow', 'tasks', 'run', 'hooks_demo', 'tables', 'scheduled__2023-11-06T00:00:00+00:00', '--job-id', '4355', '--raw', '--subdir', 'DAGS_FOLDER/hooks.py', '--cfg-path', '/tmp/tmpx6c0ymeo']
[2023-11-07T10:46:17.822+0530] {standard_task_runner.py:85} INFO - Job 4355: Subtask tables
[2023-11-07T10:46:17.844+0530] {task_command.py:415} INFO - Running <TaskInstance: hooks_demo.tables scheduled__2023-11-06T00:00:00+00:00 [running]> on host harika-Latitude-5511
[2023-11-07T10:46:17.955+0530] {taskinstance.py:1660} INFO - Exporting env vars: AIRFLOW_CTX_DAG_OWNER='Airflow' AIRFLOW_CTX_DAG_ID='hooks_demo' AIRFLOW_CTX_TASK_ID='tables' AIRFLOW_CTX_EXECUTION_DATE='2023-11-06T00:00:00+00:00' AIRFLOW_CTX_TRY_NUMBER='1' AIRFLOW_CTX_DAG_RUN_ID='scheduled__2023-11-06T00:00:00+00:00'
[2023-11-07T10:46:17.959+0530] {base.py:73} INFO - Using connection ID 'postgres_conn' for task execution.
[2023-11-07T10:46:17.969+0530] {logging_mixin.py:151} INFO - SELECT table_name FROM information_schema.tables WHERE table_schema = 'public'
[2023-11-07T10:46:17.971+0530] {logging_mixin.py:151} INFO - query executed
[2023-11-07T10:46:17.971+0530] {logging_mixin.py:151} INFO - ['source_city_table', 'target_city_table'] table_names
[2023-11-07T10:46:17.971+0530] {logging_mixin.py:151} INFO - ###################################
[2023-11-07T10:46:17.971+0530] {logging_mixin.py:151} INFO - source_city_table tablename
[2023-11-07T10:46:17.971+0530] {logging_mixin.py:151} INFO - ###################################
[2023-11-07T10:46:17.972+0530] {logging_mixin.py:151} INFO - target_city_table tablename
[2023-11-07T10:46:17.972+0530] {python.py:194} INFO - Done. Returned value was: None
[2023-11-07T10:46:17.975+0530] {taskinstance.py:1398} INFO - Marking task as SUCCESS. dag_id=hooks_demo, task_id=tables, execution_date=20231106T000000, start_date=20231107T051617, end_date=20231107T051617
[2023-11-07T10:46:17.993+0530] {local_task_job_runner.py:228} INFO - Task exited with return code 0
[2023-11-07T10:46:18.003+0530] {taskinstance.py:2776} INFO - 1 downstream tasks scheduled from follow-on schedule check
[2023-11-16T16:06:50.187+0530] {taskinstance.py:1157} INFO - Dependencies all met for dep_context=non-requeueable deps ti=<TaskInstance: hooks_demo.tables scheduled__2023-11-06T00:00:00+00:00 [queued]>
[2023-11-16T16:06:50.193+0530] {taskinstance.py:1157} INFO - Dependencies all met for dep_context=requeueable deps ti=<TaskInstance: hooks_demo.tables scheduled__2023-11-06T00:00:00+00:00 [queued]>
[2023-11-16T16:06:50.193+0530] {taskinstance.py:1359} INFO - Starting attempt 1 of 2
[2023-11-16T16:06:50.202+0530] {taskinstance.py:1380} INFO - Executing <Task(PythonOperator): tables> on 2023-11-06 00:00:00+00:00
[2023-11-16T16:06:50.206+0530] {standard_task_runner.py:57} INFO - Started process 146735 to run task
[2023-11-16T16:06:50.209+0530] {standard_task_runner.py:84} INFO - Running: ['airflow', 'tasks', 'run', 'hooks_demo', 'tables', 'scheduled__2023-11-06T00:00:00+00:00', '--job-id', '4719', '--raw', '--subdir', 'DAGS_FOLDER/hooks_demo.py', '--cfg-path', '/tmp/tmpr90caqhb']
[2023-11-16T16:06:50.210+0530] {standard_task_runner.py:85} INFO - Job 4719: Subtask tables
[2023-11-16T16:06:50.233+0530] {task_command.py:415} INFO - Running <TaskInstance: hooks_demo.tables scheduled__2023-11-06T00:00:00+00:00 [running]> on host harika-Latitude-5511
[2023-11-16T16:06:50.382+0530] {taskinstance.py:1660} INFO - Exporting env vars: AIRFLOW_CTX_DAG_OWNER='Airflow' AIRFLOW_CTX_DAG_ID='hooks_demo' AIRFLOW_CTX_TASK_ID='tables' AIRFLOW_CTX_EXECUTION_DATE='2023-11-06T00:00:00+00:00' AIRFLOW_CTX_TRY_NUMBER='1' AIRFLOW_CTX_DAG_RUN_ID='scheduled__2023-11-06T00:00:00+00:00'
[2023-11-16T16:06:50.387+0530] {base.py:73} INFO - Using connection ID 'postgres_conn' for task execution.
[2023-11-16T16:06:50.399+0530] {logging_mixin.py:151} INFO - SELECT table_name FROM information_schema.tables WHERE table_schema = 'public'
[2023-11-16T16:06:50.403+0530] {logging_mixin.py:151} INFO - query executed
[2023-11-16T16:06:50.403+0530] {logging_mixin.py:151} INFO - ['source_city_table', 'target_city_table'] table_names
[2023-11-16T16:06:50.403+0530] {logging_mixin.py:151} INFO - ###################################
[2023-11-16T16:06:50.403+0530] {logging_mixin.py:151} INFO - source_city_table tablename
[2023-11-16T16:06:50.403+0530] {logging_mixin.py:151} INFO - ###################################
[2023-11-16T16:06:50.403+0530] {logging_mixin.py:151} INFO - target_city_table tablename
[2023-11-16T16:06:50.403+0530] {python.py:194} INFO - Done. Returned value was: None
[2023-11-16T16:06:50.408+0530] {taskinstance.py:1398} INFO - Marking task as SUCCESS. dag_id=hooks_demo, task_id=tables, execution_date=20231106T000000, start_date=20231116T103650, end_date=20231116T103650
[2023-11-16T16:06:50.461+0530] {local_task_job_runner.py:228} INFO - Task exited with return code 0
[2023-11-16T16:06:50.503+0530] {taskinstance.py:2776} INFO - 1 downstream tasks scheduled from follow-on schedule check
