[2023-11-16T15:56:56.519+0530] {taskinstance.py:1157} INFO - Dependencies all met for dep_context=non-requeueable deps ti=<TaskInstance: hooks_demo.transfer manual__2023-11-16T10:26:51.583478+00:00 [queued]>
[2023-11-16T15:56:56.525+0530] {taskinstance.py:1157} INFO - Dependencies all met for dep_context=requeueable deps ti=<TaskInstance: hooks_demo.transfer manual__2023-11-16T10:26:51.583478+00:00 [queued]>
[2023-11-16T15:56:56.525+0530] {taskinstance.py:1359} INFO - Starting attempt 1 of 2
[2023-11-16T15:56:56.535+0530] {taskinstance.py:1380} INFO - Executing <Task(PythonOperator): transfer> on 2023-11-16 10:26:51.583478+00:00
[2023-11-16T15:56:56.538+0530] {standard_task_runner.py:57} INFO - Started process 145560 to run task
[2023-11-16T15:56:56.540+0530] {standard_task_runner.py:84} INFO - Running: ['airflow', 'tasks', 'run', 'hooks_demo', 'transfer', 'manual__2023-11-16T10:26:51.583478+00:00', '--job-id', '4730', '--raw', '--subdir', 'DAGS_FOLDER/hooks.py', '--cfg-path', '/tmp/tmp0m5x0_u_']
[2023-11-16T15:56:56.541+0530] {standard_task_runner.py:85} INFO - Job 4730: Subtask transfer
[2023-11-16T15:56:56.562+0530] {task_command.py:415} INFO - Running <TaskInstance: hooks_demo.transfer manual__2023-11-16T10:26:51.583478+00:00 [running]> on host harika-Latitude-5511
[2023-11-16T15:56:56.700+0530] {taskinstance.py:1660} INFO - Exporting env vars: AIRFLOW_CTX_DAG_OWNER='Airflow' AIRFLOW_CTX_DAG_ID='hooks_demo' AIRFLOW_CTX_TASK_ID='transfer' AIRFLOW_CTX_EXECUTION_DATE='2023-11-16T10:26:51.583478+00:00' AIRFLOW_CTX_TRY_NUMBER='1' AIRFLOW_CTX_DAG_RUN_ID='manual__2023-11-16T10:26:51.583478+00:00'
[2023-11-16T15:56:56.704+0530] {base.py:73} INFO - Using connection ID 'postgres_conn' for task execution.
[2023-11-16T15:56:56.716+0530] {base.py:73} INFO - Using connection ID 'postgres_conn' for task execution.
[2023-11-16T15:56:56.726+0530] {taskinstance.py:1935} ERROR - Task failed with exception
Traceback (most recent call last):
  File "/home/harika/.local/lib/python3.10/site-packages/airflow/operators/python.py", line 192, in execute
    return_value = self.execute_callable()
  File "/home/harika/.local/lib/python3.10/site-packages/airflow/operators/python.py", line 209, in execute_callable
    return self.python_callable(*self.op_args, **self.op_kwargs)
  File "/home/harika/airflow/dags/hooks.py", line 36, in transfer_function
    source_cursor.execute(qqq)
psycopg2.errors.SyntaxError: syntax error at or near "*"
LINE 1: GRANT ALL PRIVILEGES ON *.* TO 'postgres'@'localhost' WITH G...
                                ^

[2023-11-16T15:56:56.729+0530] {taskinstance.py:1398} INFO - Marking task as UP_FOR_RETRY. dag_id=hooks_demo, task_id=transfer, execution_date=20231116T102651, start_date=20231116T102656, end_date=20231116T102656
[2023-11-16T15:56:56.735+0530] {standard_task_runner.py:104} ERROR - Failed to execute job 4730 for task transfer (syntax error at or near "*"
LINE 1: GRANT ALL PRIVILEGES ON *.* TO 'postgres'@'localhost' WITH G...
                                ^
; 145560)
[2023-11-16T15:56:56.752+0530] {local_task_job_runner.py:228} INFO - Task exited with return code 1
[2023-11-16T15:56:56.765+0530] {taskinstance.py:2776} INFO - 0 downstream tasks scheduled from follow-on schedule check
