[2023-11-16T16:01:58.909+0530] {taskinstance.py:1157} INFO - Dependencies all met for dep_context=non-requeueable deps ti=<TaskInstance: hooks_demo.transfer manual__2023-11-16T10:26:51.583478+00:00 [queued]>
[2023-11-16T16:01:58.915+0530] {taskinstance.py:1157} INFO - Dependencies all met for dep_context=requeueable deps ti=<TaskInstance: hooks_demo.transfer manual__2023-11-16T10:26:51.583478+00:00 [queued]>
[2023-11-16T16:01:58.915+0530] {taskinstance.py:1359} INFO - Starting attempt 2 of 2
[2023-11-16T16:01:58.925+0530] {taskinstance.py:1380} INFO - Executing <Task(PythonOperator): transfer> on 2023-11-16 10:26:51.583478+00:00
[2023-11-16T16:01:58.929+0530] {standard_task_runner.py:57} INFO - Started process 146091 to run task
[2023-11-16T16:01:58.931+0530] {standard_task_runner.py:84} INFO - Running: ['airflow', 'tasks', 'run', 'hooks_demo', 'transfer', 'manual__2023-11-16T10:26:51.583478+00:00', '--job-id', '4735', '--raw', '--subdir', 'DAGS_FOLDER/hooks.py', '--cfg-path', '/tmp/tmpa97q84qe']
[2023-11-16T16:01:58.932+0530] {standard_task_runner.py:85} INFO - Job 4735: Subtask transfer
[2023-11-16T16:01:58.956+0530] {task_command.py:415} INFO - Running <TaskInstance: hooks_demo.transfer manual__2023-11-16T10:26:51.583478+00:00 [running]> on host harika-Latitude-5511
[2023-11-16T16:01:59.106+0530] {taskinstance.py:1660} INFO - Exporting env vars: AIRFLOW_CTX_DAG_OWNER='Airflow' AIRFLOW_CTX_DAG_ID='hooks_demo' AIRFLOW_CTX_TASK_ID='transfer' AIRFLOW_CTX_EXECUTION_DATE='2023-11-16T10:26:51.583478+00:00' AIRFLOW_CTX_TRY_NUMBER='2' AIRFLOW_CTX_DAG_RUN_ID='manual__2023-11-16T10:26:51.583478+00:00'
[2023-11-16T16:01:59.110+0530] {base.py:73} INFO - Using connection ID 'postgres_conn' for task execution.
[2023-11-16T16:01:59.123+0530] {base.py:73} INFO - Using connection ID 'postgres_conn' for task execution.
[2023-11-16T16:01:59.133+0530] {taskinstance.py:1935} ERROR - Task failed with exception
Traceback (most recent call last):
  File "/home/harika/.local/lib/python3.10/site-packages/airflow/operators/python.py", line 192, in execute
    return_value = self.execute_callable()
  File "/home/harika/.local/lib/python3.10/site-packages/airflow/operators/python.py", line 209, in execute_callable
    return self.python_callable(*self.op_args, **self.op_kwargs)
  File "/home/harika/airflow/dags/hooks.py", line 36, in transfer_function
    source_cursor.execute(qqq)
psycopg2.errors.InvalidSchemaName: schema "airflow" does not exist

[2023-11-16T16:01:59.136+0530] {taskinstance.py:1398} INFO - Marking task as FAILED. dag_id=hooks_demo, task_id=transfer, execution_date=20231116T102651, start_date=20231116T103158, end_date=20231116T103159
[2023-11-16T16:01:59.143+0530] {standard_task_runner.py:104} ERROR - Failed to execute job 4735 for task transfer (schema "airflow" does not exist
; 146091)
[2023-11-16T16:01:59.183+0530] {local_task_job_runner.py:228} INFO - Task exited with return code 1
[2023-11-16T16:01:59.219+0530] {taskinstance.py:2776} INFO - 0 downstream tasks scheduled from follow-on schedule check
