[2023-11-13T09:55:04.779+0530] {taskinstance.py:1157} INFO - Dependencies all met for dep_context=non-requeueable deps ti=<TaskInstance: hooks_demo.transfer scheduled__2023-11-12T00:00:00+00:00 [queued]>
[2023-11-13T09:55:04.783+0530] {taskinstance.py:1157} INFO - Dependencies all met for dep_context=requeueable deps ti=<TaskInstance: hooks_demo.transfer scheduled__2023-11-12T00:00:00+00:00 [queued]>
[2023-11-13T09:55:04.783+0530] {taskinstance.py:1359} INFO - Starting attempt 1 of 2
[2023-11-13T09:55:04.793+0530] {taskinstance.py:1380} INFO - Executing <Task(PythonOperator): transfer> on 2023-11-12 00:00:00+00:00
[2023-11-13T09:55:04.797+0530] {standard_task_runner.py:57} INFO - Started process 201683 to run task
[2023-11-13T09:55:04.799+0530] {standard_task_runner.py:84} INFO - Running: ['airflow', 'tasks', 'run', 'hooks_demo', 'transfer', 'scheduled__2023-11-12T00:00:00+00:00', '--job-id', '4533', '--raw', '--subdir', 'DAGS_FOLDER/hooks.py', '--cfg-path', '/tmp/tmpbxvruivt']
[2023-11-13T09:55:04.800+0530] {standard_task_runner.py:85} INFO - Job 4533: Subtask transfer
[2023-11-13T09:55:04.822+0530] {task_command.py:415} INFO - Running <TaskInstance: hooks_demo.transfer scheduled__2023-11-12T00:00:00+00:00 [running]> on host harika-Latitude-5511
[2023-11-13T09:55:04.945+0530] {taskinstance.py:1660} INFO - Exporting env vars: AIRFLOW_CTX_DAG_OWNER='Airflow' AIRFLOW_CTX_DAG_ID='hooks_demo' AIRFLOW_CTX_TASK_ID='transfer' AIRFLOW_CTX_EXECUTION_DATE='2023-11-12T00:00:00+00:00' AIRFLOW_CTX_TRY_NUMBER='1' AIRFLOW_CTX_DAG_RUN_ID='scheduled__2023-11-12T00:00:00+00:00'
[2023-11-13T09:55:04.948+0530] {base.py:73} INFO - Using connection ID 'postgres_conn' for task execution.
[2023-11-13T09:55:04.962+0530] {base.py:73} INFO - Using connection ID 'postgres_conn' for task execution.
[2023-11-13T09:55:04.972+0530] {logging_mixin.py:151} INFO - records [('Los Angles                                        ', 'ls                  '), ('Houston                                           ', 'ht                  '), ('New york                                          ', 'ny                  ')]
[2023-11-13T09:55:04.975+0530] {logging_mixin.py:151} INFO - Data transferred successfully
[2023-11-13T09:55:04.975+0530] {python.py:194} INFO - Done. Returned value was: None
[2023-11-13T09:55:04.978+0530] {taskinstance.py:1398} INFO - Marking task as SUCCESS. dag_id=hooks_demo, task_id=transfer, execution_date=20231112T000000, start_date=20231113T042504, end_date=20231113T042504
[2023-11-13T09:55:05.011+0530] {local_task_job_runner.py:228} INFO - Task exited with return code 0
[2023-11-13T09:55:05.019+0530] {taskinstance.py:2776} INFO - 0 downstream tasks scheduled from follow-on schedule check
[2023-11-16T16:07:25.995+0530] {taskinstance.py:1157} INFO - Dependencies all met for dep_context=non-requeueable deps ti=<TaskInstance: hooks_demo.transfer scheduled__2023-11-12T00:00:00+00:00 [queued]>
[2023-11-16T16:07:26.000+0530] {taskinstance.py:1157} INFO - Dependencies all met for dep_context=requeueable deps ti=<TaskInstance: hooks_demo.transfer scheduled__2023-11-12T00:00:00+00:00 [queued]>
[2023-11-16T16:07:26.000+0530] {taskinstance.py:1359} INFO - Starting attempt 1 of 2
[2023-11-16T16:07:26.010+0530] {taskinstance.py:1380} INFO - Executing <Task(PythonOperator): transfer> on 2023-11-12 00:00:00+00:00
[2023-11-16T16:07:26.014+0530] {standard_task_runner.py:57} INFO - Started process 147037 to run task
[2023-11-16T16:07:26.016+0530] {standard_task_runner.py:84} INFO - Running: ['airflow', 'tasks', 'run', 'hooks_demo', 'transfer', 'scheduled__2023-11-12T00:00:00+00:00', '--job-id', '4733', '--raw', '--subdir', 'DAGS_FOLDER/hooks_demo.py', '--cfg-path', '/tmp/tmpmneabgwb']
[2023-11-16T16:07:26.017+0530] {standard_task_runner.py:85} INFO - Job 4733: Subtask transfer
[2023-11-16T16:07:26.045+0530] {task_command.py:415} INFO - Running <TaskInstance: hooks_demo.transfer scheduled__2023-11-12T00:00:00+00:00 [running]> on host harika-Latitude-5511
[2023-11-16T16:07:26.206+0530] {taskinstance.py:1660} INFO - Exporting env vars: AIRFLOW_CTX_DAG_OWNER='Airflow' AIRFLOW_CTX_DAG_ID='hooks_demo' AIRFLOW_CTX_TASK_ID='transfer' AIRFLOW_CTX_EXECUTION_DATE='2023-11-12T00:00:00+00:00' AIRFLOW_CTX_TRY_NUMBER='1' AIRFLOW_CTX_DAG_RUN_ID='scheduled__2023-11-12T00:00:00+00:00'
[2023-11-16T16:07:26.211+0530] {base.py:73} INFO - Using connection ID 'postgres_conn' for task execution.
[2023-11-16T16:07:26.225+0530] {base.py:73} INFO - Using connection ID 'postgres_conn' for task execution.
[2023-11-16T16:07:26.236+0530] {logging_mixin.py:151} INFO - records [('New york                                          ', 'ny                  ')]
[2023-11-16T16:07:26.237+0530] {logging_mixin.py:151} INFO - Data transferred successfully
[2023-11-16T16:07:26.238+0530] {python.py:194} INFO - Done. Returned value was: None
[2023-11-16T16:07:26.243+0530] {taskinstance.py:1398} INFO - Marking task as SUCCESS. dag_id=hooks_demo, task_id=transfer, execution_date=20231112T000000, start_date=20231116T103725, end_date=20231116T103726
[2023-11-16T16:07:26.268+0530] {local_task_job_runner.py:228} INFO - Task exited with return code 0
[2023-11-16T16:07:26.278+0530] {taskinstance.py:2776} INFO - 0 downstream tasks scheduled from follow-on schedule check
