[2023-11-06T16:21:48.464+0530] {taskinstance.py:1157} INFO - Dependencies all met for dep_context=non-requeueable deps ti=<TaskInstance: hooks_demo.tables manual__2023-11-06T10:51:45.115052+00:00 [queued]>
[2023-11-06T16:21:48.468+0530] {taskinstance.py:1157} INFO - Dependencies all met for dep_context=requeueable deps ti=<TaskInstance: hooks_demo.tables manual__2023-11-06T10:51:45.115052+00:00 [queued]>
[2023-11-06T16:21:48.468+0530] {taskinstance.py:1359} INFO - Starting attempt 1 of 2
[2023-11-06T16:21:48.477+0530] {taskinstance.py:1380} INFO - Executing <Task(PythonOperator): tables> on 2023-11-06 10:51:45.115052+00:00
[2023-11-06T16:21:48.481+0530] {standard_task_runner.py:57} INFO - Started process 48369 to run task
[2023-11-06T16:21:48.482+0530] {standard_task_runner.py:84} INFO - Running: ['airflow', 'tasks', 'run', 'hooks_demo', 'tables', 'manual__2023-11-06T10:51:45.115052+00:00', '--job-id', '4336', '--raw', '--subdir', 'DAGS_FOLDER/hooks.py', '--cfg-path', '/tmp/tmp5vsmdz8b']
[2023-11-06T16:21:48.483+0530] {standard_task_runner.py:85} INFO - Job 4336: Subtask tables
[2023-11-06T16:21:48.505+0530] {task_command.py:415} INFO - Running <TaskInstance: hooks_demo.tables manual__2023-11-06T10:51:45.115052+00:00 [running]> on host harika-Latitude-5511
[2023-11-06T16:21:48.632+0530] {taskinstance.py:1660} INFO - Exporting env vars: AIRFLOW_CTX_DAG_OWNER='Airflow' AIRFLOW_CTX_DAG_ID='hooks_demo' AIRFLOW_CTX_TASK_ID='tables' AIRFLOW_CTX_EXECUTION_DATE='2023-11-06T10:51:45.115052+00:00' AIRFLOW_CTX_TRY_NUMBER='1' AIRFLOW_CTX_DAG_RUN_ID='manual__2023-11-06T10:51:45.115052+00:00'
[2023-11-06T16:21:48.636+0530] {base.py:73} INFO - Using connection ID 'postgres_conn' for task execution.
[2023-11-06T16:21:48.647+0530] {logging_mixin.py:151} INFO - SELECT table_name FROM information_schema.tables WHERE table_schema = 'public'
[2023-11-06T16:21:48.649+0530] {logging_mixin.py:151} INFO - query executed
[2023-11-06T16:21:48.649+0530] {logging_mixin.py:151} INFO - ['target_city_table', 'source_city_table'] table_names
[2023-11-06T16:21:48.649+0530] {logging_mixin.py:151} INFO - ###################################
[2023-11-06T16:21:48.649+0530] {logging_mixin.py:151} INFO - target_city_table tablename
[2023-11-06T16:21:48.649+0530] {logging_mixin.py:151} INFO - ###################################
[2023-11-06T16:21:48.650+0530] {logging_mixin.py:151} INFO - source_city_table tablename
[2023-11-06T16:21:48.650+0530] {python.py:194} INFO - Done. Returned value was: None
[2023-11-06T16:21:48.653+0530] {taskinstance.py:1398} INFO - Marking task as SUCCESS. dag_id=hooks_demo, task_id=tables, execution_date=20231106T105145, start_date=20231106T105148, end_date=20231106T105148
[2023-11-06T16:21:48.695+0530] {local_task_job_runner.py:228} INFO - Task exited with return code 0
[2023-11-06T16:21:48.714+0530] {taskinstance.py:2776} INFO - 1 downstream tasks scheduled from follow-on schedule check
