[2023-11-16T11:33:58.651+0530] {taskinstance.py:1157} INFO - Dependencies all met for dep_context=non-requeueable deps ti=<TaskInstance: hooks_demo.transfer scheduled__2023-11-15T00:00:00+00:00 [queued]>
[2023-11-16T11:33:58.657+0530] {taskinstance.py:1157} INFO - Dependencies all met for dep_context=requeueable deps ti=<TaskInstance: hooks_demo.transfer scheduled__2023-11-15T00:00:00+00:00 [queued]>
[2023-11-16T11:33:58.657+0530] {taskinstance.py:1359} INFO - Starting attempt 1 of 2
[2023-11-16T11:33:58.667+0530] {taskinstance.py:1380} INFO - Executing <Task(PythonOperator): transfer> on 2023-11-15 00:00:00+00:00
[2023-11-16T11:33:58.670+0530] {standard_task_runner.py:57} INFO - Started process 114328 to run task
[2023-11-16T11:33:58.673+0530] {standard_task_runner.py:84} INFO - Running: ['airflow', 'tasks', 'run', 'hooks_demo', 'transfer', 'scheduled__2023-11-15T00:00:00+00:00', '--job-id', '4653', '--raw', '--subdir', 'DAGS_FOLDER/hooks.py', '--cfg-path', '/tmp/tmp2l4vv1d6']
[2023-11-16T11:33:58.674+0530] {standard_task_runner.py:85} INFO - Job 4653: Subtask transfer
[2023-11-16T11:33:58.698+0530] {task_command.py:415} INFO - Running <TaskInstance: hooks_demo.transfer scheduled__2023-11-15T00:00:00+00:00 [running]> on host harika-Latitude-5511
[2023-11-16T11:33:58.834+0530] {taskinstance.py:1660} INFO - Exporting env vars: AIRFLOW_CTX_DAG_OWNER='Airflow' AIRFLOW_CTX_DAG_ID='hooks_demo' AIRFLOW_CTX_TASK_ID='transfer' AIRFLOW_CTX_EXECUTION_DATE='2023-11-15T00:00:00+00:00' AIRFLOW_CTX_TRY_NUMBER='1' AIRFLOW_CTX_DAG_RUN_ID='scheduled__2023-11-15T00:00:00+00:00'
[2023-11-16T11:33:58.838+0530] {base.py:73} INFO - Using connection ID 'postgres_conn' for task execution.
[2023-11-16T11:33:58.850+0530] {base.py:73} INFO - Using connection ID 'postgres_conn' for task execution.
[2023-11-16T11:33:58.860+0530] {logging_mixin.py:151} INFO - records [('Los Angles                                        ', 'ls                  '), ('Houston                                           ', 'ht                  '), ('New york                                          ', 'ny                  ')]
[2023-11-16T11:33:58.863+0530] {logging_mixin.py:151} INFO - Data transferred successfully
[2023-11-16T11:33:58.863+0530] {python.py:194} INFO - Done. Returned value was: None
[2023-11-16T11:33:58.866+0530] {taskinstance.py:1398} INFO - Marking task as SUCCESS. dag_id=hooks_demo, task_id=transfer, execution_date=20231115T000000, start_date=20231116T060358, end_date=20231116T060358
[2023-11-16T11:33:58.885+0530] {local_task_job_runner.py:228} INFO - Task exited with return code 0
[2023-11-16T11:33:58.894+0530] {taskinstance.py:2776} INFO - 0 downstream tasks scheduled from follow-on schedule check
[2023-11-16T16:07:39.391+0530] {taskinstance.py:1157} INFO - Dependencies all met for dep_context=non-requeueable deps ti=<TaskInstance: hooks_demo.transfer scheduled__2023-11-15T00:00:00+00:00 [queued]>
[2023-11-16T16:07:39.396+0530] {taskinstance.py:1157} INFO - Dependencies all met for dep_context=requeueable deps ti=<TaskInstance: hooks_demo.transfer scheduled__2023-11-15T00:00:00+00:00 [queued]>
[2023-11-16T16:07:39.396+0530] {taskinstance.py:1359} INFO - Starting attempt 1 of 2
[2023-11-16T16:07:39.405+0530] {taskinstance.py:1380} INFO - Executing <Task(PythonOperator): transfer> on 2023-11-15 00:00:00+00:00
[2023-11-16T16:07:39.410+0530] {standard_task_runner.py:57} INFO - Started process 147145 to run task
[2023-11-16T16:07:39.412+0530] {standard_task_runner.py:84} INFO - Running: ['airflow', 'tasks', 'run', 'hooks_demo', 'transfer', 'scheduled__2023-11-15T00:00:00+00:00', '--job-id', '4738', '--raw', '--subdir', 'DAGS_FOLDER/hooks_demo.py', '--cfg-path', '/tmp/tmpgae5p8xs']
[2023-11-16T16:07:39.413+0530] {standard_task_runner.py:85} INFO - Job 4738: Subtask transfer
[2023-11-16T16:07:39.437+0530] {task_command.py:415} INFO - Running <TaskInstance: hooks_demo.transfer scheduled__2023-11-15T00:00:00+00:00 [running]> on host harika-Latitude-5511
[2023-11-16T16:07:39.588+0530] {taskinstance.py:1660} INFO - Exporting env vars: AIRFLOW_CTX_DAG_OWNER='Airflow' AIRFLOW_CTX_DAG_ID='hooks_demo' AIRFLOW_CTX_TASK_ID='transfer' AIRFLOW_CTX_EXECUTION_DATE='2023-11-15T00:00:00+00:00' AIRFLOW_CTX_TRY_NUMBER='1' AIRFLOW_CTX_DAG_RUN_ID='scheduled__2023-11-15T00:00:00+00:00'
[2023-11-16T16:07:39.592+0530] {base.py:73} INFO - Using connection ID 'postgres_conn' for task execution.
[2023-11-16T16:07:39.604+0530] {base.py:73} INFO - Using connection ID 'postgres_conn' for task execution.
[2023-11-16T16:07:39.614+0530] {logging_mixin.py:151} INFO - records [('New york                                          ', 'ny                  ')]
[2023-11-16T16:07:39.616+0530] {logging_mixin.py:151} INFO - Data transferred successfully
[2023-11-16T16:07:39.616+0530] {python.py:194} INFO - Done. Returned value was: None
[2023-11-16T16:07:39.620+0530] {taskinstance.py:1398} INFO - Marking task as SUCCESS. dag_id=hooks_demo, task_id=transfer, execution_date=20231115T000000, start_date=20231116T103739, end_date=20231116T103739
[2023-11-16T16:07:39.664+0530] {local_task_job_runner.py:228} INFO - Task exited with return code 0
[2023-11-16T16:07:39.689+0530] {taskinstance.py:2776} INFO - 0 downstream tasks scheduled from follow-on schedule check
