[2023-11-08T11:58:05.250+0530] {taskinstance.py:1157} INFO - Dependencies all met for dep_context=non-requeueable deps ti=<TaskInstance: example_sensors.Sensor_fails_after_3_seconds manual__2023-11-08T06:26:48.440130+00:00 [queued]>
[2023-11-08T11:58:05.256+0530] {taskinstance.py:1157} INFO - Dependencies all met for dep_context=requeueable deps ti=<TaskInstance: example_sensors.Sensor_fails_after_3_seconds manual__2023-11-08T06:26:48.440130+00:00 [queued]>
[2023-11-08T11:58:05.256+0530] {taskinstance.py:1359} INFO - Starting attempt 1 of 1
[2023-11-08T11:58:05.264+0530] {taskinstance.py:1380} INFO - Executing <Task(BashSensor): Sensor_fails_after_3_seconds> on 2023-11-08 06:26:48.440130+00:00
[2023-11-08T11:58:05.268+0530] {standard_task_runner.py:57} INFO - Started process 120482 to run task
[2023-11-08T11:58:05.270+0530] {standard_task_runner.py:84} INFO - Running: ['airflow', 'tasks', 'run', 'example_sensors', 'Sensor_fails_after_3_seconds', 'manual__2023-11-08T06:26:48.440130+00:00', '--job-id', '4458', '--raw', '--subdir', '/home/harika/.local/lib/python3.10/site-packages/airflow/example_dags/example_sensors.py', '--cfg-path', '/tmp/tmp459x9fvk']
[2023-11-08T11:58:05.270+0530] {standard_task_runner.py:85} INFO - Job 4458: Subtask Sensor_fails_after_3_seconds
[2023-11-08T11:58:05.291+0530] {task_command.py:415} INFO - Running <TaskInstance: example_sensors.Sensor_fails_after_3_seconds manual__2023-11-08T06:26:48.440130+00:00 [running]> on host harika-Latitude-5511
[2023-11-08T11:58:05.337+0530] {taskinstance.py:1660} INFO - Exporting env vars: AIRFLOW_CTX_DAG_OWNER='airflow' AIRFLOW_CTX_DAG_ID='example_sensors' AIRFLOW_CTX_TASK_ID='Sensor_fails_after_3_seconds' AIRFLOW_CTX_EXECUTION_DATE='2023-11-08T06:26:48.440130+00:00' AIRFLOW_CTX_TRY_NUMBER='1' AIRFLOW_CTX_DAG_RUN_ID='manual__2023-11-08T06:26:48.440130+00:00'
[2023-11-08T11:58:05.338+0530] {bash.py:70} INFO - Tmp dir root location: /tmp
[2023-11-08T11:58:05.339+0530] {bash.py:77} INFO - Temporary script location: /tmp/airflowtmpehu4ah0u//tmp/airflowtmpehu4ah0u/Sensor_fails_after_3_secondsc_y9qcd8
[2023-11-08T11:58:05.339+0530] {bash.py:78} INFO - Running command: exit 1
[2023-11-08T11:58:05.346+0530] {bash.py:90} INFO - Output:
[2023-11-08T11:58:05.347+0530] {bash.py:94} INFO - Command exited with return code 1
[2023-11-08T11:58:05.348+0530] {bash.py:110} INFO - Non-zero return code and no retry code set, will retry later
[2023-11-08T11:59:05.367+0530] {bash.py:70} INFO - Tmp dir root location: /tmp
[2023-11-08T11:59:05.369+0530] {bash.py:77} INFO - Temporary script location: /tmp/airflowtmpq6rtpbih//tmp/airflowtmpq6rtpbih/Sensor_fails_after_3_secondswxmw7pfx
[2023-11-08T11:59:05.369+0530] {bash.py:78} INFO - Running command: exit 1
[2023-11-08T11:59:05.388+0530] {bash.py:90} INFO - Output:
[2023-11-08T11:59:05.390+0530] {bash.py:94} INFO - Command exited with return code 1
[2023-11-08T11:59:05.390+0530] {bash.py:110} INFO - Non-zero return code and no retry code set, will retry later
[2023-11-08T11:59:05.392+0530] {taskinstance.py:1540} INFO - Sensor has timed out; run duration of 60.05333801300003 seconds exceeds the specified timeout of 3.0.
[2023-11-08T11:59:05.408+0530] {taskinstance.py:1398} INFO - Marking task as SKIPPED. dag_id=example_sensors, task_id=Sensor_fails_after_3_seconds, execution_date=20231108T062648, start_date=20231108T062805, end_date=20231108T062905
[2023-11-08T11:59:05.452+0530] {local_task_job_runner.py:228} INFO - Task exited with return code 0
[2023-11-08T11:59:05.477+0530] {taskinstance.py:2776} INFO - 0 downstream tasks scheduled from follow-on schedule check
