[2023-11-08T11:56:54.357+0530] {taskinstance.py:1157} INFO - Dependencies all met for dep_context=non-requeueable deps ti=<TaskInstance: example_sensors.wait_some_seconds_async manual__2023-11-08T06:26:48.440130+00:00 [queued]>
[2023-11-08T11:56:54.363+0530] {taskinstance.py:1157} INFO - Dependencies all met for dep_context=requeueable deps ti=<TaskInstance: example_sensors.wait_some_seconds_async manual__2023-11-08T06:26:48.440130+00:00 [queued]>
[2023-11-08T11:56:54.363+0530] {taskinstance.py:1359} INFO - Starting attempt 1 of 1
[2023-11-08T11:56:54.372+0530] {taskinstance.py:1380} INFO - Executing <Task(TimeDeltaSensorAsync): wait_some_seconds_async> on 2023-11-08 06:26:48.440130+00:00
[2023-11-08T11:56:54.376+0530] {standard_task_runner.py:57} INFO - Started process 120383 to run task
[2023-11-08T11:56:54.378+0530] {standard_task_runner.py:84} INFO - Running: ['airflow', 'tasks', 'run', 'example_sensors', 'wait_some_seconds_async', 'manual__2023-11-08T06:26:48.440130+00:00', '--job-id', '4452', '--raw', '--subdir', '/home/harika/.local/lib/python3.10/site-packages/airflow/example_dags/example_sensors.py', '--cfg-path', '/tmp/tmpmyk5sf6y']
[2023-11-08T11:56:54.379+0530] {standard_task_runner.py:85} INFO - Job 4452: Subtask wait_some_seconds_async
[2023-11-08T11:56:54.401+0530] {task_command.py:415} INFO - Running <TaskInstance: example_sensors.wait_some_seconds_async manual__2023-11-08T06:26:48.440130+00:00 [running]> on host harika-Latitude-5511
[2023-11-08T11:56:54.444+0530] {taskinstance.py:1660} INFO - Exporting env vars: AIRFLOW_CTX_DAG_OWNER='airflow' AIRFLOW_CTX_DAG_ID='example_sensors' AIRFLOW_CTX_TASK_ID='wait_some_seconds_async' AIRFLOW_CTX_EXECUTION_DATE='2023-11-08T06:26:48.440130+00:00' AIRFLOW_CTX_TRY_NUMBER='1' AIRFLOW_CTX_DAG_RUN_ID='manual__2023-11-08T06:26:48.440130+00:00'
[2023-11-08T11:56:54.447+0530] {taskinstance.py:1524} INFO - Pausing task as DEFERRED. dag_id=example_sensors, task_id=wait_some_seconds_async, execution_date=20231108T062648, start_date=20231108T062654
[2023-11-08T11:56:54.469+0530] {local_task_job_runner.py:225} INFO - Task exited with return code 100 (task deferral)
[2023-11-08T12:01:18.330+0530] {taskinstance.py:1157} INFO - Dependencies all met for dep_context=non-requeueable deps ti=<TaskInstance: example_sensors.wait_some_seconds_async manual__2023-11-08T06:26:48.440130+00:00 [queued]>
[2023-11-08T12:01:18.335+0530] {taskinstance.py:1157} INFO - Dependencies all met for dep_context=requeueable deps ti=<TaskInstance: example_sensors.wait_some_seconds_async manual__2023-11-08T06:26:48.440130+00:00 [queued]>
[2023-11-08T12:01:18.335+0530] {taskinstance.py:1357} INFO - Resuming after deferral
[2023-11-08T12:01:18.344+0530] {taskinstance.py:1380} INFO - Executing <Task(TimeDeltaSensorAsync): wait_some_seconds_async> on 2023-11-08 06:26:48.440130+00:00
[2023-11-08T12:01:18.349+0530] {standard_task_runner.py:57} INFO - Started process 120598 to run task
[2023-11-08T12:01:18.351+0530] {standard_task_runner.py:84} INFO - Running: ['airflow', 'tasks', 'run', 'example_sensors', 'wait_some_seconds_async', 'manual__2023-11-08T06:26:48.440130+00:00', '--job-id', '4463', '--raw', '--subdir', 'DAGS_FOLDER/example_sensors.py', '--cfg-path', '/tmp/tmpi88qu3a1']
[2023-11-08T12:01:18.352+0530] {standard_task_runner.py:85} INFO - Job 4463: Subtask wait_some_seconds_async
[2023-11-08T12:01:18.374+0530] {task_command.py:415} INFO - Running <TaskInstance: example_sensors.wait_some_seconds_async manual__2023-11-08T06:26:48.440130+00:00 [running]> on host harika-Latitude-5511
[2023-11-08T12:01:18.420+0530] {taskinstance.py:1398} INFO - Marking task as SUCCESS. dag_id=example_sensors, task_id=wait_some_seconds_async, execution_date=20231108T062648, start_date=20231108T062654, end_date=20231108T063118
[2023-11-08T12:01:18.443+0530] {local_task_job_runner.py:228} INFO - Task exited with return code 0
[2023-11-08T12:01:18.465+0530] {taskinstance.py:2776} INFO - 0 downstream tasks scheduled from follow-on schedule check
