[2023-11-07T14:53:13.204+0530] {taskinstance.py:1157} INFO - Dependencies all met for dep_context=non-requeueable deps ti=<TaskInstance: example_sensors.Sensor_fails_after_3_seconds manual__2023-11-07T09:21:55.811279+00:00 [queued]>
[2023-11-07T14:53:13.209+0530] {taskinstance.py:1157} INFO - Dependencies all met for dep_context=requeueable deps ti=<TaskInstance: example_sensors.Sensor_fails_after_3_seconds manual__2023-11-07T09:21:55.811279+00:00 [queued]>
[2023-11-07T14:53:13.209+0530] {taskinstance.py:1359} INFO - Starting attempt 1 of 1
[2023-11-07T14:53:13.219+0530] {taskinstance.py:1380} INFO - Executing <Task(BashSensor): Sensor_fails_after_3_seconds> on 2023-11-07 09:21:55.811279+00:00
[2023-11-07T14:53:13.223+0530] {standard_task_runner.py:57} INFO - Started process 82617 to run task
[2023-11-07T14:53:13.225+0530] {standard_task_runner.py:84} INFO - Running: ['airflow', 'tasks', 'run', 'example_sensors', 'Sensor_fails_after_3_seconds', 'manual__2023-11-07T09:21:55.811279+00:00', '--job-id', '4382', '--raw', '--subdir', 'DAGS_FOLDER/example_sensors.py', '--cfg-path', '/tmp/tmpppvjtp73']
[2023-11-07T14:53:13.225+0530] {standard_task_runner.py:85} INFO - Job 4382: Subtask Sensor_fails_after_3_seconds
[2023-11-07T14:53:13.248+0530] {task_command.py:415} INFO - Running <TaskInstance: example_sensors.Sensor_fails_after_3_seconds manual__2023-11-07T09:21:55.811279+00:00 [running]> on host harika-Latitude-5511
[2023-11-07T14:53:13.290+0530] {taskinstance.py:1660} INFO - Exporting env vars: AIRFLOW_CTX_DAG_OWNER='airflow' AIRFLOW_CTX_DAG_ID='example_sensors' AIRFLOW_CTX_TASK_ID='Sensor_fails_after_3_seconds' AIRFLOW_CTX_EXECUTION_DATE='2023-11-07T09:21:55.811279+00:00' AIRFLOW_CTX_TRY_NUMBER='1' AIRFLOW_CTX_DAG_RUN_ID='manual__2023-11-07T09:21:55.811279+00:00'
[2023-11-07T14:53:13.291+0530] {bash.py:70} INFO - Tmp dir root location: /tmp
[2023-11-07T14:53:13.292+0530] {bash.py:77} INFO - Temporary script location: /tmp/airflowtmpw1631gux//tmp/airflowtmpw1631gux/Sensor_fails_after_3_secondsf7e_7jqz
[2023-11-07T14:53:13.292+0530] {bash.py:78} INFO - Running command: exit 1
[2023-11-07T14:53:13.298+0530] {bash.py:90} INFO - Output:
[2023-11-07T14:53:13.299+0530] {bash.py:94} INFO - Command exited with return code 1
[2023-11-07T14:53:13.299+0530] {bash.py:110} INFO - Non-zero return code and no retry code set, will retry later
[2023-11-07T14:54:13.360+0530] {bash.py:70} INFO - Tmp dir root location: /tmp
[2023-11-07T14:54:13.360+0530] {bash.py:77} INFO - Temporary script location: /tmp/airflowtmpl5zoxxpn//tmp/airflowtmpl5zoxxpn/Sensor_fails_after_3_secondsnw_nmo0j
[2023-11-07T14:54:13.361+0530] {bash.py:78} INFO - Running command: exit 1
[2023-11-07T14:54:13.371+0530] {bash.py:90} INFO - Output:
[2023-11-07T14:54:13.372+0530] {bash.py:94} INFO - Command exited with return code 1
[2023-11-07T14:54:13.373+0530] {bash.py:110} INFO - Non-zero return code and no retry code set, will retry later
[2023-11-07T14:54:13.373+0530] {taskinstance.py:1540} INFO - Sensor has timed out; run duration of 60.08196082399809 seconds exceeds the specified timeout of 3.0.
[2023-11-07T14:54:13.382+0530] {taskinstance.py:1398} INFO - Marking task as SKIPPED. dag_id=example_sensors, task_id=Sensor_fails_after_3_seconds, execution_date=20231107T092155, start_date=20231107T092313, end_date=20231107T092413
[2023-11-07T14:54:13.424+0530] {local_task_job_runner.py:228} INFO - Task exited with return code 0
[2023-11-07T14:54:13.448+0530] {taskinstance.py:2776} INFO - 0 downstream tasks scheduled from follow-on schedule check
