[2023-10-25T18:23:56.731+0530] {taskinstance.py:1157} INFO - Dependencies all met for dep_context=non-requeueable deps ti=<TaskInstance: webpage_dag.submit_spark_word_count_job manual__2023-10-25T12:53:21.146390+00:00 [queued]>
[2023-10-25T18:23:56.737+0530] {taskinstance.py:1157} INFO - Dependencies all met for dep_context=requeueable deps ti=<TaskInstance: webpage_dag.submit_spark_word_count_job manual__2023-10-25T12:53:21.146390+00:00 [queued]>
[2023-10-25T18:23:56.737+0530] {taskinstance.py:1359} INFO - Starting attempt 1 of 2
[2023-10-25T18:23:56.755+0530] {taskinstance.py:1380} INFO - Executing <Task(SparkSubmitOperator): submit_spark_word_count_job> on 2023-10-25 12:53:21.146390+00:00
[2023-10-25T18:23:56.759+0530] {standard_task_runner.py:57} INFO - Started process 94237 to run task
[2023-10-25T18:23:56.762+0530] {standard_task_runner.py:84} INFO - Running: ['airflow', 'tasks', 'run', 'webpage_dag', 'submit_spark_word_count_job', 'manual__2023-10-25T12:53:21.146390+00:00', '--job-id', '1599', '--raw', '--subdir', 'DAGS_FOLDER/word_count_url.py', '--cfg-path', '/tmp/tmpspukppq9']
[2023-10-25T18:23:56.763+0530] {standard_task_runner.py:85} INFO - Job 1599: Subtask submit_spark_word_count_job
[2023-10-25T18:23:56.789+0530] {task_command.py:415} INFO - Running <TaskInstance: webpage_dag.submit_spark_word_count_job manual__2023-10-25T12:53:21.146390+00:00 [running]> on host harika-Latitude-5511
[2023-10-25T18:23:56.837+0530] {taskinstance.py:1660} INFO - Exporting env vars: AIRFLOW_CTX_DAG_EMAIL='harikasree2225@gmail.com' AIRFLOW_CTX_DAG_OWNER='airflow' AIRFLOW_CTX_DAG_ID='webpage_dag' AIRFLOW_CTX_TASK_ID='submit_spark_word_count_job' AIRFLOW_CTX_EXECUTION_DATE='2023-10-25T12:53:21.146390+00:00' AIRFLOW_CTX_TRY_NUMBER='1' AIRFLOW_CTX_DAG_RUN_ID='manual__2023-10-25T12:53:21.146390+00:00'
[2023-10-25T18:23:56.841+0530] {base.py:73} INFO - Using connection ID 'spark_default' for task execution.
[2023-10-25T18:23:56.842+0530] {spark_submit.py:340} INFO - Spark-Submit cmd: spark-submit --master yarn:587 --name PythonWordCount --queue root.default /home/harika/sparkjobs/word_count_extended.py /home/harika/webdata/web_page_data/content.txt
[2023-10-25T18:23:57.832+0530] {spark_submit.py:491} INFO - 23/10/25 18:23:57 WARN Utils: Your hostname, harika-Latitude-5511 resolves to a loopback address: 127.0.1.1; using 192.168.29.76 instead (on interface wlo1)
[2023-10-25T18:23:57.834+0530] {spark_submit.py:491} INFO - 23/10/25 18:23:57 WARN Utils: Set SPARK_LOCAL_IP if you need to bind to another address
[2023-10-25T18:23:57.885+0530] {spark_submit.py:491} INFO - Exception in thread "main" org.apache.spark.SparkException: When running with master 'yarn:587' either HADOOP_CONF_DIR or YARN_CONF_DIR must be set in the environment.
[2023-10-25T18:23:57.885+0530] {spark_submit.py:491} INFO - at org.apache.spark.deploy.SparkSubmitArguments.error(SparkSubmitArguments.scala:650)
[2023-10-25T18:23:57.885+0530] {spark_submit.py:491} INFO - at org.apache.spark.deploy.SparkSubmitArguments.validateSubmitArguments(SparkSubmitArguments.scala:281)
[2023-10-25T18:23:57.885+0530] {spark_submit.py:491} INFO - at org.apache.spark.deploy.SparkSubmitArguments.validateArguments(SparkSubmitArguments.scala:237)
[2023-10-25T18:23:57.885+0530] {spark_submit.py:491} INFO - at org.apache.spark.deploy.SparkSubmitArguments.<init>(SparkSubmitArguments.scala:122)
[2023-10-25T18:23:57.886+0530] {spark_submit.py:491} INFO - at org.apache.spark.deploy.SparkSubmit$$anon$2$$anon$3.<init>(SparkSubmit.scala:1103)
[2023-10-25T18:23:57.886+0530] {spark_submit.py:491} INFO - at org.apache.spark.deploy.SparkSubmit$$anon$2.parseArguments(SparkSubmit.scala:1103)
[2023-10-25T18:23:57.886+0530] {spark_submit.py:491} INFO - at org.apache.spark.deploy.SparkSubmit.doSubmit(SparkSubmit.scala:86)
[2023-10-25T18:23:57.886+0530] {spark_submit.py:491} INFO - at org.apache.spark.deploy.SparkSubmit$$anon$2.doSubmit(SparkSubmit.scala:1120)
[2023-10-25T18:23:57.886+0530] {spark_submit.py:491} INFO - at org.apache.spark.deploy.SparkSubmit$.main(SparkSubmit.scala:1129)
[2023-10-25T18:23:57.886+0530] {spark_submit.py:491} INFO - at org.apache.spark.deploy.SparkSubmit.main(SparkSubmit.scala)
[2023-10-25T18:23:57.919+0530] {taskinstance.py:1935} ERROR - Task failed with exception
Traceback (most recent call last):
  File "/home/harika/.local/lib/python3.10/site-packages/airflow/providers/apache/spark/operators/spark_submit.py", line 156, in execute
    self._hook.submit(self._application)
  File "/home/harika/.local/lib/python3.10/site-packages/airflow/providers/apache/spark/hooks/spark_submit.py", line 422, in submit
    raise AirflowException(
airflow.exceptions.AirflowException: Cannot execute: spark-submit --master yarn:587 --name PythonWordCount --queue root.default /home/harika/sparkjobs/word_count_extended.py /home/harika/webdata/web_page_data/content.txt. Error code is: 1.
[2023-10-25T18:23:57.924+0530] {taskinstance.py:1398} INFO - Marking task as UP_FOR_RETRY. dag_id=webpage_dag, task_id=submit_spark_word_count_job, execution_date=20231025T125321, start_date=20231025T125356, end_date=20231025T125357
[2023-10-25T18:23:57.943+0530] {standard_task_runner.py:104} ERROR - Failed to execute job 1599 for task submit_spark_word_count_job (Cannot execute: spark-submit --master yarn:587 --name PythonWordCount --queue root.default /home/harika/sparkjobs/word_count_extended.py /home/harika/webdata/web_page_data/content.txt. Error code is: 1.; 94237)
[2023-10-25T18:23:57.976+0530] {local_task_job_runner.py:228} INFO - Task exited with return code 1
[2023-10-25T18:23:57.992+0530] {taskinstance.py:2776} INFO - 0 downstream tasks scheduled from follow-on schedule check
