[2023-11-13T09:54:57.100+0530] {taskinstance.py:1157} INFO - Dependencies all met for dep_context=non-requeueable deps ti=<TaskInstance: hooks_demo.tables scheduled__2023-11-12T00:00:00+00:00 [queued]>
[2023-11-13T09:54:57.104+0530] {taskinstance.py:1157} INFO - Dependencies all met for dep_context=requeueable deps ti=<TaskInstance: hooks_demo.tables scheduled__2023-11-12T00:00:00+00:00 [queued]>
[2023-11-13T09:54:57.104+0530] {taskinstance.py:1359} INFO - Starting attempt 1 of 2
[2023-11-13T09:54:57.115+0530] {taskinstance.py:1380} INFO - Executing <Task(PythonOperator): tables> on 2023-11-12 00:00:00+00:00
[2023-11-13T09:54:57.118+0530] {standard_task_runner.py:57} INFO - Started process 201473 to run task
[2023-11-13T09:54:57.120+0530] {standard_task_runner.py:84} INFO - Running: ['airflow', 'tasks', 'run', 'hooks_demo', 'tables', 'scheduled__2023-11-12T00:00:00+00:00', '--job-id', '4529', '--raw', '--subdir', 'DAGS_FOLDER/hooks.py', '--cfg-path', '/tmp/tmpemconerv']
[2023-11-13T09:54:57.121+0530] {standard_task_runner.py:85} INFO - Job 4529: Subtask tables
[2023-11-13T09:54:57.144+0530] {task_command.py:415} INFO - Running <TaskInstance: hooks_demo.tables scheduled__2023-11-12T00:00:00+00:00 [running]> on host harika-Latitude-5511
[2023-11-13T09:54:57.288+0530] {taskinstance.py:1660} INFO - Exporting env vars: AIRFLOW_CTX_DAG_OWNER='Airflow' AIRFLOW_CTX_DAG_ID='hooks_demo' AIRFLOW_CTX_TASK_ID='tables' AIRFLOW_CTX_EXECUTION_DATE='2023-11-12T00:00:00+00:00' AIRFLOW_CTX_TRY_NUMBER='1' AIRFLOW_CTX_DAG_RUN_ID='scheduled__2023-11-12T00:00:00+00:00'
[2023-11-13T09:54:57.292+0530] {base.py:73} INFO - Using connection ID 'postgres_conn' for task execution.
[2023-11-13T09:54:57.302+0530] {logging_mixin.py:151} INFO - SELECT table_name FROM information_schema.tables WHERE table_schema = 'public'
[2023-11-13T09:54:57.304+0530] {logging_mixin.py:151} INFO - query executed
[2023-11-13T09:54:57.305+0530] {logging_mixin.py:151} INFO - ['source_city_table', 'target_city_table'] table_names
[2023-11-13T09:54:57.305+0530] {logging_mixin.py:151} INFO - ###################################
[2023-11-13T09:54:57.305+0530] {logging_mixin.py:151} INFO - source_city_table tablename
[2023-11-13T09:54:57.305+0530] {logging_mixin.py:151} INFO - ###################################
[2023-11-13T09:54:57.305+0530] {logging_mixin.py:151} INFO - target_city_table tablename
[2023-11-13T09:54:57.305+0530] {python.py:194} INFO - Done. Returned value was: None
[2023-11-13T09:54:57.309+0530] {taskinstance.py:1398} INFO - Marking task as SUCCESS. dag_id=hooks_demo, task_id=tables, execution_date=20231112T000000, start_date=20231113T042457, end_date=20231113T042457
[2023-11-13T09:54:57.332+0530] {local_task_job_runner.py:228} INFO - Task exited with return code 0
[2023-11-13T09:54:57.343+0530] {taskinstance.py:2776} INFO - 1 downstream tasks scheduled from follow-on schedule check
[2023-11-16T16:07:21.394+0530] {taskinstance.py:1157} INFO - Dependencies all met for dep_context=non-requeueable deps ti=<TaskInstance: hooks_demo.tables scheduled__2023-11-12T00:00:00+00:00 [queued]>
[2023-11-16T16:07:21.399+0530] {taskinstance.py:1157} INFO - Dependencies all met for dep_context=requeueable deps ti=<TaskInstance: hooks_demo.tables scheduled__2023-11-12T00:00:00+00:00 [queued]>
[2023-11-16T16:07:21.399+0530] {taskinstance.py:1359} INFO - Starting attempt 1 of 2
[2023-11-16T16:07:21.411+0530] {taskinstance.py:1380} INFO - Executing <Task(PythonOperator): tables> on 2023-11-12 00:00:00+00:00
[2023-11-16T16:07:21.416+0530] {standard_task_runner.py:57} INFO - Started process 147000 to run task
[2023-11-16T16:07:21.418+0530] {standard_task_runner.py:84} INFO - Running: ['airflow', 'tasks', 'run', 'hooks_demo', 'tables', 'scheduled__2023-11-12T00:00:00+00:00', '--job-id', '4731', '--raw', '--subdir', 'DAGS_FOLDER/hooks_demo.py', '--cfg-path', '/tmp/tmpvhv2y_k7']
[2023-11-16T16:07:21.419+0530] {standard_task_runner.py:85} INFO - Job 4731: Subtask tables
[2023-11-16T16:07:21.456+0530] {task_command.py:415} INFO - Running <TaskInstance: hooks_demo.tables scheduled__2023-11-12T00:00:00+00:00 [running]> on host harika-Latitude-5511
[2023-11-16T16:07:21.615+0530] {taskinstance.py:1660} INFO - Exporting env vars: AIRFLOW_CTX_DAG_OWNER='Airflow' AIRFLOW_CTX_DAG_ID='hooks_demo' AIRFLOW_CTX_TASK_ID='tables' AIRFLOW_CTX_EXECUTION_DATE='2023-11-12T00:00:00+00:00' AIRFLOW_CTX_TRY_NUMBER='1' AIRFLOW_CTX_DAG_RUN_ID='scheduled__2023-11-12T00:00:00+00:00'
[2023-11-16T16:07:21.619+0530] {base.py:73} INFO - Using connection ID 'postgres_conn' for task execution.
[2023-11-16T16:07:21.631+0530] {logging_mixin.py:151} INFO - SELECT table_name FROM information_schema.tables WHERE table_schema = 'public'
[2023-11-16T16:07:21.633+0530] {logging_mixin.py:151} INFO - query executed
[2023-11-16T16:07:21.633+0530] {logging_mixin.py:151} INFO - ['source_city_table', 'target_city_table'] table_names
[2023-11-16T16:07:21.633+0530] {logging_mixin.py:151} INFO - ###################################
[2023-11-16T16:07:21.633+0530] {logging_mixin.py:151} INFO - source_city_table tablename
[2023-11-16T16:07:21.633+0530] {logging_mixin.py:151} INFO - ###################################
[2023-11-16T16:07:21.633+0530] {logging_mixin.py:151} INFO - target_city_table tablename
[2023-11-16T16:07:21.634+0530] {python.py:194} INFO - Done. Returned value was: None
[2023-11-16T16:07:21.638+0530] {taskinstance.py:1398} INFO - Marking task as SUCCESS. dag_id=hooks_demo, task_id=tables, execution_date=20231112T000000, start_date=20231116T103721, end_date=20231116T103721
[2023-11-16T16:07:21.670+0530] {local_task_job_runner.py:228} INFO - Task exited with return code 0
[2023-11-16T16:07:21.703+0530] {taskinstance.py:2776} INFO - 1 downstream tasks scheduled from follow-on schedule check
