[2023-11-07T15:57:53.596+0530] {taskinstance.py:1157} INFO - Dependencies all met for dep_context=non-requeueable deps ti=<TaskInstance: example_sensors.fire_immediately_async manual__2023-11-07T10:26:41.563383+00:00 [queued]>
[2023-11-07T15:57:53.602+0530] {taskinstance.py:1157} INFO - Dependencies all met for dep_context=requeueable deps ti=<TaskInstance: example_sensors.fire_immediately_async manual__2023-11-07T10:26:41.563383+00:00 [queued]>
[2023-11-07T15:57:53.602+0530] {taskinstance.py:1359} INFO - Starting attempt 1 of 1
[2023-11-07T15:57:53.611+0530] {taskinstance.py:1380} INFO - Executing <Task(TimeSensorAsync): fire_immediately_async> on 2023-11-07 10:26:41.563383+00:00
[2023-11-07T15:57:53.614+0530] {standard_task_runner.py:57} INFO - Started process 88196 to run task
[2023-11-07T15:57:53.616+0530] {standard_task_runner.py:84} INFO - Running: ['airflow', 'tasks', 'run', 'example_sensors', 'fire_immediately_async', 'manual__2023-11-07T10:26:41.563383+00:00', '--job-id', '4400', '--raw', '--subdir', 'DAGS_FOLDER/example_sensors.py', '--cfg-path', '/tmp/tmpyjdwf_22']
[2023-11-07T15:57:53.617+0530] {standard_task_runner.py:85} INFO - Job 4400: Subtask fire_immediately_async
[2023-11-07T15:57:53.638+0530] {task_command.py:415} INFO - Running <TaskInstance: example_sensors.fire_immediately_async manual__2023-11-07T10:26:41.563383+00:00 [running]> on host harika-Latitude-5511
[2023-11-07T15:57:53.684+0530] {taskinstance.py:1660} INFO - Exporting env vars: AIRFLOW_CTX_DAG_OWNER='airflow' AIRFLOW_CTX_DAG_ID='example_sensors' AIRFLOW_CTX_TASK_ID='fire_immediately_async' AIRFLOW_CTX_EXECUTION_DATE='2023-11-07T10:26:41.563383+00:00' AIRFLOW_CTX_TRY_NUMBER='1' AIRFLOW_CTX_DAG_RUN_ID='manual__2023-11-07T10:26:41.563383+00:00'
[2023-11-07T15:57:53.687+0530] {taskinstance.py:1524} INFO - Pausing task as DEFERRED. dag_id=example_sensors, task_id=fire_immediately_async, execution_date=20231107T102641, start_date=20231107T102753
[2023-11-07T15:57:53.707+0530] {local_task_job_runner.py:225} INFO - Task exited with return code 100 (task deferral)
[2023-11-07T16:00:14.154+0530] {taskinstance.py:1157} INFO - Dependencies all met for dep_context=non-requeueable deps ti=<TaskInstance: example_sensors.fire_immediately_async manual__2023-11-07T10:26:41.563383+00:00 [queued]>
[2023-11-07T16:00:14.159+0530] {taskinstance.py:1157} INFO - Dependencies all met for dep_context=requeueable deps ti=<TaskInstance: example_sensors.fire_immediately_async manual__2023-11-07T10:26:41.563383+00:00 [queued]>
[2023-11-07T16:00:14.159+0530] {taskinstance.py:1357} INFO - Resuming after deferral
[2023-11-07T16:00:14.168+0530] {taskinstance.py:1380} INFO - Executing <Task(TimeSensorAsync): fire_immediately_async> on 2023-11-07 10:26:41.563383+00:00
[2023-11-07T16:00:14.172+0530] {standard_task_runner.py:57} INFO - Started process 88355 to run task
[2023-11-07T16:00:14.174+0530] {standard_task_runner.py:84} INFO - Running: ['airflow', 'tasks', 'run', 'example_sensors', 'fire_immediately_async', 'manual__2023-11-07T10:26:41.563383+00:00', '--job-id', '4409', '--raw', '--subdir', 'DAGS_FOLDER/example_sensors.py', '--cfg-path', '/tmp/tmpk4y7kt5y']
[2023-11-07T16:00:14.175+0530] {standard_task_runner.py:85} INFO - Job 4409: Subtask fire_immediately_async
[2023-11-07T16:00:14.196+0530] {task_command.py:415} INFO - Running <TaskInstance: example_sensors.fire_immediately_async manual__2023-11-07T10:26:41.563383+00:00 [running]> on host harika-Latitude-5511
[2023-11-07T16:00:14.242+0530] {taskinstance.py:1398} INFO - Marking task as SUCCESS. dag_id=example_sensors, task_id=fire_immediately_async, execution_date=20231107T102641, start_date=20231107T102753, end_date=20231107T103014
[2023-11-07T16:00:14.266+0530] {local_task_job_runner.py:228} INFO - Task exited with return code 0
[2023-11-07T16:00:14.289+0530] {taskinstance.py:2776} INFO - 0 downstream tasks scheduled from follow-on schedule check
