[2023-11-07T14:53:09.497+0530] {taskinstance.py:1157} INFO - Dependencies all met for dep_context=non-requeueable deps ti=<TaskInstance: example_sensors.timeout_after_second_date_in_the_future_async manual__2023-11-07T09:21:55.811279+00:00 [queued]>
[2023-11-07T14:53:09.502+0530] {taskinstance.py:1157} INFO - Dependencies all met for dep_context=requeueable deps ti=<TaskInstance: example_sensors.timeout_after_second_date_in_the_future_async manual__2023-11-07T09:21:55.811279+00:00 [queued]>
[2023-11-07T14:53:09.502+0530] {taskinstance.py:1359} INFO - Starting attempt 1 of 1
[2023-11-07T14:53:09.511+0530] {taskinstance.py:1380} INFO - Executing <Task(TimeSensorAsync): timeout_after_second_date_in_the_future_async> on 2023-11-07 09:21:55.811279+00:00
[2023-11-07T14:53:09.515+0530] {standard_task_runner.py:57} INFO - Started process 82587 to run task
[2023-11-07T14:53:09.517+0530] {standard_task_runner.py:84} INFO - Running: ['airflow', 'tasks', 'run', 'example_sensors', 'timeout_after_second_date_in_the_future_async', 'manual__2023-11-07T09:21:55.811279+00:00', '--job-id', '4380', '--raw', '--subdir', 'DAGS_FOLDER/example_sensors.py', '--cfg-path', '/tmp/tmpbmnsf4bn']
[2023-11-07T14:53:09.518+0530] {standard_task_runner.py:85} INFO - Job 4380: Subtask timeout_after_second_date_in_the_future_async
[2023-11-07T14:53:09.540+0530] {task_command.py:415} INFO - Running <TaskInstance: example_sensors.timeout_after_second_date_in_the_future_async manual__2023-11-07T09:21:55.811279+00:00 [running]> on host harika-Latitude-5511
[2023-11-07T14:53:09.581+0530] {taskinstance.py:1660} INFO - Exporting env vars: AIRFLOW_CTX_DAG_OWNER='airflow' AIRFLOW_CTX_DAG_ID='example_sensors' AIRFLOW_CTX_TASK_ID='timeout_after_second_date_in_the_future_async' AIRFLOW_CTX_EXECUTION_DATE='2023-11-07T09:21:55.811279+00:00' AIRFLOW_CTX_TRY_NUMBER='1' AIRFLOW_CTX_DAG_RUN_ID='manual__2023-11-07T09:21:55.811279+00:00'
[2023-11-07T14:53:09.585+0530] {taskinstance.py:1524} INFO - Pausing task as DEFERRED. dag_id=example_sensors, task_id=timeout_after_second_date_in_the_future_async, execution_date=20231107T092155, start_date=20231107T092309
[2023-11-07T14:53:09.609+0530] {local_task_job_runner.py:225} INFO - Task exited with return code 100 (task deferral)
[2023-11-07T15:53:10.740+0530] {taskinstance.py:1157} INFO - Dependencies all met for dep_context=non-requeueable deps ti=<TaskInstance: example_sensors.timeout_after_second_date_in_the_future_async manual__2023-11-07T09:21:55.811279+00:00 [queued]>
[2023-11-07T15:53:10.744+0530] {taskinstance.py:1157} INFO - Dependencies all met for dep_context=requeueable deps ti=<TaskInstance: example_sensors.timeout_after_second_date_in_the_future_async manual__2023-11-07T09:21:55.811279+00:00 [queued]>
[2023-11-07T15:53:10.744+0530] {taskinstance.py:1357} INFO - Resuming after deferral
[2023-11-07T15:53:10.754+0530] {taskinstance.py:1380} INFO - Executing <Task(TimeSensorAsync): timeout_after_second_date_in_the_future_async> on 2023-11-07 09:21:55.811279+00:00
[2023-11-07T15:53:10.760+0530] {standard_task_runner.py:57} INFO - Started process 87779 to run task
[2023-11-07T15:53:10.764+0530] {standard_task_runner.py:84} INFO - Running: ['airflow', 'tasks', 'run', 'example_sensors', 'timeout_after_second_date_in_the_future_async', 'manual__2023-11-07T09:21:55.811279+00:00', '--job-id', '4393', '--raw', '--subdir', 'DAGS_FOLDER/example_sensors.py', '--cfg-path', '/tmp/tmpx62z11xh']
[2023-11-07T15:53:10.765+0530] {standard_task_runner.py:85} INFO - Job 4393: Subtask timeout_after_second_date_in_the_future_async
[2023-11-07T15:53:10.803+0530] {task_command.py:415} INFO - Running <TaskInstance: example_sensors.timeout_after_second_date_in_the_future_async manual__2023-11-07T09:21:55.811279+00:00 [running]> on host harika-Latitude-5511
[2023-11-07T15:53:10.847+0530] {taskinstance.py:1398} INFO - Marking task as SUCCESS. dag_id=example_sensors, task_id=timeout_after_second_date_in_the_future_async, execution_date=20231107T092155, start_date=20231107T092309, end_date=20231107T102310
[2023-11-07T15:53:10.895+0530] {local_task_job_runner.py:228} INFO - Task exited with return code 0
[2023-11-07T15:53:10.931+0530] {taskinstance.py:2776} INFO - 1 downstream tasks scheduled from follow-on schedule check
