[2023-11-07T14:53:10.111+0530] {temporal.py:60} INFO - trigger starting
[2023-11-07T14:53:10.111+0530] {temporal.py:64} INFO - 3598 seconds remaining; sleeping 60 seconds
[2023-11-07T14:54:10.112+0530] {temporal.py:64} INFO - 3538 seconds remaining; sleeping 60 seconds
[2023-11-07T14:55:10.113+0530] {temporal.py:64} INFO - 3478 seconds remaining; sleeping 60 seconds
[2023-11-07T14:56:10.114+0530] {temporal.py:64} INFO - 3418 seconds remaining; sleeping 60 seconds
[2023-11-07T14:57:10.115+0530] {temporal.py:64} INFO - 3358 seconds remaining; sleeping 60 seconds
[2023-11-07T14:58:10.117+0530] {temporal.py:64} INFO - 3298 seconds remaining; sleeping 60 seconds
[2023-11-07T14:59:10.119+0530] {temporal.py:64} INFO - 3238 seconds remaining; sleeping 60 seconds
[2023-11-07T15:00:10.120+0530] {temporal.py:64} INFO - 3178 seconds remaining; sleeping 60 seconds
[2023-11-07T15:01:10.121+0530] {temporal.py:64} INFO - 3118 seconds remaining; sleeping 60 seconds
[2023-11-07T15:02:10.122+0530] {temporal.py:64} INFO - 3058 seconds remaining; sleeping 60 seconds
[2023-11-07T15:03:10.123+0530] {temporal.py:64} INFO - 2998 seconds remaining; sleeping 60 seconds
[2023-11-07T15:04:10.125+0530] {temporal.py:64} INFO - 2938 seconds remaining; sleeping 60 seconds
[2023-11-07T15:05:10.126+0530] {temporal.py:64} INFO - 2878 seconds remaining; sleeping 60 seconds
[2023-11-07T15:06:10.127+0530] {temporal.py:64} INFO - 2818 seconds remaining; sleeping 60 seconds
[2023-11-07T15:07:10.128+0530] {temporal.py:64} INFO - 2758 seconds remaining; sleeping 60 seconds
[2023-11-07T15:08:10.129+0530] {temporal.py:64} INFO - 2698 seconds remaining; sleeping 60 seconds
[2023-11-07T15:09:10.130+0530] {temporal.py:64} INFO - 2638 seconds remaining; sleeping 60 seconds
[2023-11-07T15:10:10.132+0530] {temporal.py:64} INFO - 2578 seconds remaining; sleeping 60 seconds
[2023-11-07T15:11:10.135+0530] {temporal.py:64} INFO - 2518 seconds remaining; sleeping 60 seconds
[2023-11-07T15:12:10.136+0530] {temporal.py:64} INFO - 2458 seconds remaining; sleeping 60 seconds
[2023-11-07T15:13:10.138+0530] {temporal.py:64} INFO - 2398 seconds remaining; sleeping 60 seconds
[2023-11-07T15:14:10.139+0530] {temporal.py:64} INFO - 2338 seconds remaining; sleeping 60 seconds
[2023-11-07T15:15:10.140+0530] {temporal.py:64} INFO - 2278 seconds remaining; sleeping 60 seconds
[2023-11-07T15:16:10.141+0530] {temporal.py:64} INFO - 2218 seconds remaining; sleeping 60 seconds
[2023-11-07T15:17:10.143+0530] {temporal.py:64} INFO - 2158 seconds remaining; sleeping 60 seconds
[2023-11-07T15:18:10.143+0530] {temporal.py:64} INFO - 2098 seconds remaining; sleeping 60 seconds
[2023-11-07T15:19:10.144+0530] {temporal.py:64} INFO - 2038 seconds remaining; sleeping 60 seconds
[2023-11-07T15:20:10.146+0530] {temporal.py:64} INFO - 1978 seconds remaining; sleeping 60 seconds
[2023-11-07T15:21:10.147+0530] {temporal.py:64} INFO - 1918 seconds remaining; sleeping 60 seconds
[2023-11-07T15:22:10.147+0530] {temporal.py:64} INFO - 1858 seconds remaining; sleeping 60 seconds
[2023-11-07T15:23:10.148+0530] {temporal.py:64} INFO - 1798 seconds remaining; sleeping 60 seconds
[2023-11-07T15:24:10.150+0530] {temporal.py:64} INFO - 1738 seconds remaining; sleeping 60 seconds
[2023-11-07T15:25:10.151+0530] {temporal.py:64} INFO - 1678 seconds remaining; sleeping 60 seconds
[2023-11-07T15:26:10.152+0530] {temporal.py:64} INFO - 1618 seconds remaining; sleeping 60 seconds
[2023-11-07T15:27:10.153+0530] {temporal.py:64} INFO - 1558 seconds remaining; sleeping 60 seconds
[2023-11-07T15:28:10.154+0530] {temporal.py:64} INFO - 1498 seconds remaining; sleeping 60 seconds
[2023-11-07T15:29:10.154+0530] {temporal.py:64} INFO - 1438 seconds remaining; sleeping 60 seconds
[2023-11-07T15:30:10.156+0530] {temporal.py:64} INFO - 1378 seconds remaining; sleeping 60 seconds
[2023-11-07T15:31:10.157+0530] {temporal.py:64} INFO - 1318 seconds remaining; sleeping 60 seconds
[2023-11-07T15:32:10.158+0530] {temporal.py:64} INFO - 1258 seconds remaining; sleeping 60 seconds
[2023-11-07T15:33:10.159+0530] {temporal.py:64} INFO - 1198 seconds remaining; sleeping 60 seconds
[2023-11-07T15:34:10.160+0530] {temporal.py:64} INFO - 1138 seconds remaining; sleeping 60 seconds
[2023-11-07T15:35:10.161+0530] {temporal.py:64} INFO - 1078 seconds remaining; sleeping 60 seconds
[2023-11-07T15:36:10.162+0530] {temporal.py:64} INFO - 1018 seconds remaining; sleeping 60 seconds
[2023-11-07T15:37:10.164+0530] {temporal.py:64} INFO - 958 seconds remaining; sleeping 60 seconds
[2023-11-07T15:38:10.165+0530] {temporal.py:64} INFO - 898 seconds remaining; sleeping 60 seconds
[2023-11-07T15:39:10.166+0530] {temporal.py:64} INFO - 838 seconds remaining; sleeping 60 seconds
[2023-11-07T15:40:10.167+0530] {temporal.py:64} INFO - 778 seconds remaining; sleeping 60 seconds
[2023-11-07T15:41:10.168+0530] {temporal.py:64} INFO - 718 seconds remaining; sleeping 60 seconds
[2023-11-07T15:42:10.170+0530] {temporal.py:64} INFO - 658 seconds remaining; sleeping 60 seconds
[2023-11-07T15:43:10.171+0530] {temporal.py:64} INFO - 598 seconds remaining; sleeping 60 seconds
[2023-11-07T15:44:10.172+0530] {temporal.py:64} INFO - 538 seconds remaining; sleeping 60 seconds
[2023-11-07T15:45:10.174+0530] {temporal.py:64} INFO - 478 seconds remaining; sleeping 60 seconds
[2023-11-07T15:46:10.176+0530] {temporal.py:64} INFO - 418 seconds remaining; sleeping 60 seconds
[2023-11-07T15:47:10.178+0530] {temporal.py:64} INFO - 358 seconds remaining; sleeping 60 seconds
[2023-11-07T15:48:10.179+0530] {temporal.py:64} INFO - 298 seconds remaining; sleeping 60 seconds
[2023-11-07T15:49:10.181+0530] {temporal.py:64} INFO - 238 seconds remaining; sleeping 60 seconds
[2023-11-07T15:50:10.181+0530] {temporal.py:64} INFO - 178 seconds remaining; sleeping 60 seconds
[2023-11-07T15:51:10.184+0530] {temporal.py:64} INFO - 118 seconds remaining; sleeping 10 seconds
[2023-11-07T15:51:20.185+0530] {temporal.py:64} INFO - 108 seconds remaining; sleeping 10 seconds
[2023-11-07T15:51:30.188+0530] {temporal.py:64} INFO - 98 seconds remaining; sleeping 10 seconds
[2023-11-07T15:51:40.189+0530] {temporal.py:64} INFO - 88 seconds remaining; sleeping 10 seconds
[2023-11-07T15:51:50.191+0530] {temporal.py:64} INFO - 78 seconds remaining; sleeping 10 seconds
[2023-11-07T15:52:00.193+0530] {temporal.py:64} INFO - 68 seconds remaining; sleeping 10 seconds
[2023-11-07T15:52:10.194+0530] {temporal.py:64} INFO - 58 seconds remaining; sleeping 10 seconds
[2023-11-07T15:52:20.195+0530] {temporal.py:64} INFO - 48 seconds remaining; sleeping 10 seconds
[2023-11-07T15:52:30.197+0530] {temporal.py:64} INFO - 38 seconds remaining; sleeping 10 seconds
[2023-11-07T15:52:40.200+0530] {temporal.py:64} INFO - 28 seconds remaining; sleeping 10 seconds
[2023-11-07T15:52:50.201+0530] {temporal.py:69} INFO - sleeping 1 second...
[2023-11-07T15:52:51.201+0530] {temporal.py:69} INFO - sleeping 1 second...
[2023-11-07T15:52:52.203+0530] {temporal.py:69} INFO - sleeping 1 second...
[2023-11-07T15:52:53.204+0530] {temporal.py:69} INFO - sleeping 1 second...
[2023-11-07T15:52:54.205+0530] {temporal.py:69} INFO - sleeping 1 second...
[2023-11-07T15:52:55.206+0530] {temporal.py:69} INFO - sleeping 1 second...
[2023-11-07T15:52:56.207+0530] {temporal.py:69} INFO - sleeping 1 second...
[2023-11-07T15:52:57.208+0530] {temporal.py:69} INFO - sleeping 1 second...
[2023-11-07T15:52:58.209+0530] {temporal.py:69} INFO - sleeping 1 second...
[2023-11-07T15:52:59.210+0530] {temporal.py:69} INFO - sleeping 1 second...
[2023-11-07T15:53:00.211+0530] {temporal.py:69} INFO - sleeping 1 second...
[2023-11-07T15:53:01.213+0530] {temporal.py:69} INFO - sleeping 1 second...
[2023-11-07T15:53:02.215+0530] {temporal.py:69} INFO - sleeping 1 second...
[2023-11-07T15:53:03.216+0530] {temporal.py:69} INFO - sleeping 1 second...
[2023-11-07T15:53:04.217+0530] {temporal.py:69} INFO - sleeping 1 second...
[2023-11-07T15:53:05.218+0530] {temporal.py:69} INFO - sleeping 1 second...
[2023-11-07T15:53:06.219+0530] {temporal.py:69} INFO - sleeping 1 second...
[2023-11-07T15:53:07.220+0530] {temporal.py:69} INFO - sleeping 1 second...
[2023-11-07T15:53:08.221+0530] {temporal.py:69} INFO - sleeping 1 second...
[2023-11-07T15:53:09.221+0530] {temporal.py:72} INFO - yielding event with payload DateTime(2023, 11, 7, 10, 23, 8, 884875, tzinfo=Timezone('UTC'))
[2023-11-07T15:53:09.221+0530] {triggerer_job_runner.py:599} INFO - Trigger example_sensors/manual__2023-11-07T09:21:55.811279+00:00/timeout_after_second_date_in_the_future_async/-1/1 (ID 4) fired: TriggerEvent<DateTime(2023, 11, 7, 10, 23, 8, 884875, tzinfo=Timezone('UTC'))>
