[2023-11-14T13:06:19.837+0530] {taskinstance.py:1157} INFO - Dependencies all met for dep_context=non-requeueable deps ti=<TaskInstance: plugin_dag.mysql_to_postgres manual__2023-11-14T07:36:12.553134+00:00 [queued]>
[2023-11-14T13:06:19.842+0530] {taskinstance.py:1157} INFO - Dependencies all met for dep_context=requeueable deps ti=<TaskInstance: plugin_dag.mysql_to_postgres manual__2023-11-14T07:36:12.553134+00:00 [queued]>
[2023-11-14T13:06:19.843+0530] {taskinstance.py:1359} INFO - Starting attempt 1 of 1
[2023-11-14T13:06:19.853+0530] {taskinstance.py:1380} INFO - Executing <Task(PythonOperator): mysql_to_postgres> on 2023-11-14 07:36:12.553134+00:00
[2023-11-14T13:06:19.856+0530] {standard_task_runner.py:57} INFO - Started process 27773 to run task
[2023-11-14T13:06:19.858+0530] {standard_task_runner.py:84} INFO - Running: ['airflow', 'tasks', 'run', 'plugin_dag', 'mysql_to_postgres', 'manual__2023-11-14T07:36:12.553134+00:00', '--job-id', '4617', '--raw', '--subdir', 'DAGS_FOLDER/dag_plugins.py', '--cfg-path', '/tmp/tmp4tgh9pvy']
[2023-11-14T13:06:19.858+0530] {standard_task_runner.py:85} INFO - Job 4617: Subtask mysql_to_postgres
[2023-11-14T13:06:19.881+0530] {task_command.py:415} INFO - Running <TaskInstance: plugin_dag.mysql_to_postgres manual__2023-11-14T07:36:12.553134+00:00 [running]> on host harika-Latitude-5511
[2023-11-14T13:06:20.011+0530] {taskinstance.py:1660} INFO - Exporting env vars: AIRFLOW_CTX_DAG_OWNER='airflow' AIRFLOW_CTX_DAG_ID='plugin_dag' AIRFLOW_CTX_TASK_ID='mysql_to_postgres' AIRFLOW_CTX_EXECUTION_DATE='2023-11-14T07:36:12.553134+00:00' AIRFLOW_CTX_TRY_NUMBER='1' AIRFLOW_CTX_DAG_RUN_ID='manual__2023-11-14T07:36:12.553134+00:00'
[2023-11-14T13:06:20.012+0530] {logging_mixin.py:151} INFO - #custom hook
[2023-11-14T13:06:20.012+0530] {logging_mixin.py:151} INFO - fetching records from MYSQL table
[2023-11-14T13:06:20.018+0530] {taskinstance.py:1935} ERROR - Task failed with exception
Traceback (most recent call last):
  File "/home/harika/.local/lib/python3.10/site-packages/airflow/operators/python.py", line 192, in execute
    return_value = self.execute_callable()
  File "/home/harika/.local/lib/python3.10/site-packages/airflow/operators/python.py", line 209, in execute_callable
    return self.python_callable(*self.op_args, **self.op_kwargs)
  File "/home/harika/airflow/dags/dag_plugins.py", line 10, in trigger_hook
    MySQLToPostgresHook().copy_table('mysql_conn', 'postgres_conn')
  File "/home/harika/airflow/plugins/demo_plugin.py", line 80, in copy_table
    mysqlserver.run(query)
  File "/home/harika/.local/lib/python3.10/site-packages/airflow/providers/common/sql/hooks/sql.py", line 385, in run
    with closing(self.get_conn()) as conn:
  File "/home/harika/.local/lib/python3.10/site-packages/airflow/providers/mysql/hooks/mysql.py", line 187, in get_conn
    conn = self.connection or self.get_connection(getattr(self, self.conn_name_attr))
  File "/home/harika/.local/lib/python3.10/site-packages/airflow/hooks/base.py", line 72, in get_connection
    conn = Connection.get_connection_from_secrets(conn_id)
  File "/home/harika/.local/lib/python3.10/site-packages/airflow/models/connection.py", line 477, in get_connection_from_secrets
    raise AirflowNotFoundException(f"The conn_id `{conn_id}` isn't defined")
airflow.exceptions.AirflowNotFoundException: The conn_id `mysql_conn` isn't defined
[2023-11-14T13:06:20.020+0530] {taskinstance.py:1398} INFO - Marking task as FAILED. dag_id=plugin_dag, task_id=mysql_to_postgres, execution_date=20231114T073612, start_date=20231114T073619, end_date=20231114T073620
[2023-11-14T13:06:20.026+0530] {standard_task_runner.py:104} ERROR - Failed to execute job 4617 for task mysql_to_postgres (The conn_id `mysql_conn` isn't defined; 27773)
[2023-11-14T13:06:20.069+0530] {local_task_job_runner.py:228} INFO - Task exited with return code 1
[2023-11-14T13:06:20.078+0530] {taskinstance.py:2776} INFO - 0 downstream tasks scheduled from follow-on schedule check
