[2023-10-25T10:49:43.666+0530] {taskinstance.py:1157} INFO - Dependencies all met for dep_context=non-requeueable deps ti=<TaskInstance: first_dag.model_a scheduled__2022-10-18T00:00:00+00:00 [queued]>
[2023-10-25T10:49:43.671+0530] {taskinstance.py:1157} INFO - Dependencies all met for dep_context=requeueable deps ti=<TaskInstance: first_dag.model_a scheduled__2022-10-18T00:00:00+00:00 [queued]>
[2023-10-25T10:49:43.671+0530] {taskinstance.py:1359} INFO - Starting attempt 1 of 1
[2023-10-25T10:49:43.680+0530] {taskinstance.py:1380} INFO - Executing <Task(SimpleHttpOperator): model_a> on 2022-10-18 00:00:00+00:00
[2023-10-25T10:49:43.683+0530] {standard_task_runner.py:57} INFO - Started process 26945 to run task
[2023-10-25T10:49:43.685+0530] {standard_task_runner.py:84} INFO - Running: ['airflow', 'tasks', 'run', 'first_dag', 'model_a', 'scheduled__2022-10-18T00:00:00+00:00', '--job-id', '7', '--raw', '--subdir', 'DAGS_FOLDER/first_dag.py', '--cfg-path', '/tmp/tmpzw9jn7rz']
[2023-10-25T10:49:43.686+0530] {standard_task_runner.py:85} INFO - Job 7: Subtask model_a
[2023-10-25T10:49:43.712+0530] {task_command.py:415} INFO - Running <TaskInstance: first_dag.model_a scheduled__2022-10-18T00:00:00+00:00 [running]> on host harika-Latitude-5511
[2023-10-25T10:49:43.749+0530] {taskinstance.py:1660} INFO - Exporting env vars: AIRFLOW_CTX_DAG_OWNER='airflow' AIRFLOW_CTX_DAG_ID='first_dag' AIRFLOW_CTX_TASK_ID='model_a' AIRFLOW_CTX_EXECUTION_DATE='2022-10-18T00:00:00+00:00' AIRFLOW_CTX_TRY_NUMBER='1' AIRFLOW_CTX_DAG_RUN_ID='scheduled__2022-10-18T00:00:00+00:00'
[2023-10-25T10:49:43.750+0530] {http.py:143} INFO - Calling HTTP method
[2023-10-25T10:49:43.757+0530] {taskinstance.py:1935} ERROR - Task failed with exception
Traceback (most recent call last):
  File "/home/harika/.local/lib/python3.10/site-packages/airflow/providers/http/operators/http.py", line 145, in execute
    response = http.run(self.endpoint, self.data, self.headers, self.extra_options)
  File "/home/harika/.local/lib/python3.10/site-packages/airflow/providers/http/hooks/http.py", line 145, in run
    session = self.get_conn(headers)
  File "/home/harika/.local/lib/python3.10/site-packages/airflow/providers/http/hooks/http.py", line 98, in get_conn
    conn = self.get_connection(self.http_conn_id)
  File "/home/harika/.local/lib/python3.10/site-packages/airflow/hooks/base.py", line 72, in get_connection
    conn = Connection.get_connection_from_secrets(conn_id)
  File "/home/harika/.local/lib/python3.10/site-packages/airflow/models/connection.py", line 477, in get_connection_from_secrets
    raise AirflowNotFoundException(f"The conn_id `{conn_id}` isn't defined")
airflow.exceptions.AirflowNotFoundException: The conn_id `random_data_default` isn't defined
[2023-10-25T10:49:43.760+0530] {taskinstance.py:1398} INFO - Marking task as FAILED. dag_id=first_dag, task_id=model_a, execution_date=20221018T000000, start_date=20231025T051943, end_date=20231025T051943
[2023-10-25T10:49:43.769+0530] {standard_task_runner.py:104} ERROR - Failed to execute job 7 for task model_a (The conn_id `random_data_default` isn't defined; 26945)
[2023-10-25T10:49:43.776+0530] {local_task_job_runner.py:228} INFO - Task exited with return code 1
[2023-10-25T10:49:43.792+0530] {taskinstance.py:2776} INFO - 0 downstream tasks scheduled from follow-on schedule check
[2023-10-25T10:53:46.269+0530] {taskinstance.py:1157} INFO - Dependencies all met for dep_context=non-requeueable deps ti=<TaskInstance: first_dag.model_a scheduled__2022-10-18T00:00:00+00:00 [queued]>
[2023-10-25T10:53:46.276+0530] {taskinstance.py:1157} INFO - Dependencies all met for dep_context=requeueable deps ti=<TaskInstance: first_dag.model_a scheduled__2022-10-18T00:00:00+00:00 [queued]>
[2023-10-25T10:53:46.276+0530] {taskinstance.py:1359} INFO - Starting attempt 1 of 1
[2023-10-25T10:53:46.289+0530] {taskinstance.py:1380} INFO - Executing <Task(SimpleHttpOperator): model_a> on 2022-10-18 00:00:00+00:00
[2023-10-25T10:53:46.293+0530] {standard_task_runner.py:57} INFO - Started process 28014 to run task
[2023-10-25T10:53:46.295+0530] {standard_task_runner.py:84} INFO - Running: ['airflow', 'tasks', 'run', 'first_dag', 'model_a', 'scheduled__2022-10-18T00:00:00+00:00', '--job-id', '5', '--raw', '--subdir', 'DAGS_FOLDER/first_dag.py', '--cfg-path', '/tmp/tmpz_j2jpn2']
[2023-10-25T10:53:46.297+0530] {standard_task_runner.py:85} INFO - Job 5: Subtask model_a
[2023-10-25T10:53:46.325+0530] {task_command.py:415} INFO - Running <TaskInstance: first_dag.model_a scheduled__2022-10-18T00:00:00+00:00 [running]> on host harika-Latitude-5511
[2023-10-25T10:53:46.377+0530] {taskinstance.py:1660} INFO - Exporting env vars: AIRFLOW_CTX_DAG_OWNER='airflow' AIRFLOW_CTX_DAG_ID='first_dag' AIRFLOW_CTX_TASK_ID='model_a' AIRFLOW_CTX_EXECUTION_DATE='2022-10-18T00:00:00+00:00' AIRFLOW_CTX_TRY_NUMBER='1' AIRFLOW_CTX_DAG_RUN_ID='scheduled__2022-10-18T00:00:00+00:00'
[2023-10-25T10:53:46.378+0530] {http.py:143} INFO - Calling HTTP method
[2023-10-25T10:53:46.383+0530] {base.py:73} INFO - Using connection ID 'random_data_default' for task execution.
[2023-10-25T10:53:48.511+0530] {taskinstance.py:1398} INFO - Marking task as SUCCESS. dag_id=first_dag, task_id=model_a, execution_date=20221018T000000, start_date=20231025T052346, end_date=20231025T052348
[2023-10-25T10:53:48.553+0530] {local_task_job_runner.py:228} INFO - Task exited with return code 0
[2023-10-25T10:53:48.566+0530] {taskinstance.py:2776} INFO - 0 downstream tasks scheduled from follow-on schedule check
