[2023-11-08T11:52:33.058+0530] {taskinstance.py:1157} INFO - Dependencies all met for dep_context=non-requeueable deps ti=<TaskInstance: example_sensors.fire_immediately_async manual__2023-11-08T06:21:20.830510+00:00 [queued]>
[2023-11-08T11:52:33.067+0530] {taskinstance.py:1157} INFO - Dependencies all met for dep_context=requeueable deps ti=<TaskInstance: example_sensors.fire_immediately_async manual__2023-11-08T06:21:20.830510+00:00 [queued]>
[2023-11-08T11:52:33.067+0530] {taskinstance.py:1359} INFO - Starting attempt 1 of 1
[2023-11-08T11:52:33.083+0530] {taskinstance.py:1380} INFO - Executing <Task(TimeSensorAsync): fire_immediately_async> on 2023-11-08 06:21:20.830510+00:00
[2023-11-08T11:52:33.088+0530] {standard_task_runner.py:57} INFO - Started process 119917 to run task
[2023-11-08T11:52:33.091+0530] {standard_task_runner.py:84} INFO - Running: ['airflow', 'tasks', 'run', 'example_sensors', 'fire_immediately_async', 'manual__2023-11-08T06:21:20.830510+00:00', '--job-id', '4439', '--raw', '--subdir', 'DAGS_FOLDER/example_sensors.py', '--cfg-path', '/tmp/tmpl4t7nm02']
[2023-11-08T11:52:33.092+0530] {standard_task_runner.py:85} INFO - Job 4439: Subtask fire_immediately_async
[2023-11-08T11:52:33.120+0530] {task_command.py:415} INFO - Running <TaskInstance: example_sensors.fire_immediately_async manual__2023-11-08T06:21:20.830510+00:00 [running]> on host harika-Latitude-5511
[2023-11-08T11:52:33.184+0530] {taskinstance.py:1660} INFO - Exporting env vars: AIRFLOW_CTX_DAG_OWNER='airflow' AIRFLOW_CTX_DAG_ID='example_sensors' AIRFLOW_CTX_TASK_ID='fire_immediately_async' AIRFLOW_CTX_EXECUTION_DATE='2023-11-08T06:21:20.830510+00:00' AIRFLOW_CTX_TRY_NUMBER='1' AIRFLOW_CTX_DAG_RUN_ID='manual__2023-11-08T06:21:20.830510+00:00'
[2023-11-08T11:52:33.189+0530] {taskinstance.py:1524} INFO - Pausing task as DEFERRED. dag_id=example_sensors, task_id=fire_immediately_async, execution_date=20231108T062120, start_date=20231108T062233
[2023-11-08T11:52:33.223+0530] {local_task_job_runner.py:225} INFO - Task exited with return code 100 (task deferral)
[2023-11-08T11:55:54.874+0530] {taskinstance.py:1157} INFO - Dependencies all met for dep_context=non-requeueable deps ti=<TaskInstance: example_sensors.fire_immediately_async manual__2023-11-08T06:21:20.830510+00:00 [queued]>
[2023-11-08T11:55:54.878+0530] {taskinstance.py:1157} INFO - Dependencies all met for dep_context=requeueable deps ti=<TaskInstance: example_sensors.fire_immediately_async manual__2023-11-08T06:21:20.830510+00:00 [queued]>
[2023-11-08T11:55:54.878+0530] {taskinstance.py:1357} INFO - Resuming after deferral
[2023-11-08T11:55:54.887+0530] {taskinstance.py:1380} INFO - Executing <Task(TimeSensorAsync): fire_immediately_async> on 2023-11-08 06:21:20.830510+00:00
[2023-11-08T11:55:54.891+0530] {standard_task_runner.py:57} INFO - Started process 120238 to run task
[2023-11-08T11:55:54.893+0530] {standard_task_runner.py:84} INFO - Running: ['airflow', 'tasks', 'run', 'example_sensors', 'fire_immediately_async', 'manual__2023-11-08T06:21:20.830510+00:00', '--job-id', '4448', '--raw', '--subdir', 'DAGS_FOLDER/example_sensors.py', '--cfg-path', '/tmp/tmpak0gbesa']
[2023-11-08T11:55:54.894+0530] {standard_task_runner.py:85} INFO - Job 4448: Subtask fire_immediately_async
[2023-11-08T11:55:54.915+0530] {task_command.py:415} INFO - Running <TaskInstance: example_sensors.fire_immediately_async manual__2023-11-08T06:21:20.830510+00:00 [running]> on host harika-Latitude-5511
[2023-11-08T11:55:54.962+0530] {taskinstance.py:1398} INFO - Marking task as SUCCESS. dag_id=example_sensors, task_id=fire_immediately_async, execution_date=20231108T062120, start_date=20231108T062233, end_date=20231108T062554
[2023-11-08T11:55:54.984+0530] {local_task_job_runner.py:228} INFO - Task exited with return code 0
[2023-11-08T11:55:55.007+0530] {taskinstance.py:2776} INFO - 0 downstream tasks scheduled from follow-on schedule check
