[2023-10-25T11:40:28.915+0530] {taskinstance.py:1157} INFO - Dependencies all met for dep_context=non-requeueable deps ti=<TaskInstance: wikipedia_dag.send_notification_email manual__2023-10-25T06:03:10.675590+00:00 [queued]>
[2023-10-25T11:40:28.920+0530] {taskinstance.py:1157} INFO - Dependencies all met for dep_context=requeueable deps ti=<TaskInstance: wikipedia_dag.send_notification_email manual__2023-10-25T06:03:10.675590+00:00 [queued]>
[2023-10-25T11:40:28.920+0530] {taskinstance.py:1359} INFO - Starting attempt 3 of 2
[2023-10-25T11:40:28.930+0530] {taskinstance.py:1380} INFO - Executing <Task(EmailOperator): send_notification_email> on 2023-10-25 06:03:10.675590+00:00
[2023-10-25T11:40:28.934+0530] {standard_task_runner.py:57} INFO - Started process 46390 to run task
[2023-10-25T11:40:28.936+0530] {standard_task_runner.py:84} INFO - Running: ['airflow', 'tasks', 'run', 'wikipedia_dag', 'send_notification_email', 'manual__2023-10-25T06:03:10.675590+00:00', '--job-id', '909', '--raw', '--subdir', 'DAGS_FOLDER/word_count.py', '--cfg-path', '/tmp/tmpjf5rwp5s']
[2023-10-25T11:40:28.937+0530] {standard_task_runner.py:85} INFO - Job 909: Subtask send_notification_email
[2023-10-25T11:40:28.959+0530] {task_command.py:415} INFO - Running <TaskInstance: wikipedia_dag.send_notification_email manual__2023-10-25T06:03:10.675590+00:00 [running]> on host harika-Latitude-5511
[2023-10-25T11:40:29.004+0530] {taskinstance.py:1660} INFO - Exporting env vars: AIRFLOW_CTX_DAG_EMAIL='harikasree2225@gmail.com' AIRFLOW_CTX_DAG_OWNER='airflow' AIRFLOW_CTX_DAG_ID='wikipedia_dag' AIRFLOW_CTX_TASK_ID='send_notification_email' AIRFLOW_CTX_EXECUTION_DATE='2023-10-25T06:03:10.675590+00:00' AIRFLOW_CTX_TRY_NUMBER='3' AIRFLOW_CTX_DAG_RUN_ID='manual__2023-10-25T06:03:10.675590+00:00'
[2023-10-25T11:40:29.014+0530] {logging_mixin.py:151} WARNING - /home/harika/.local/lib/python3.10/site-packages/airflow/utils/email.py:154 RemovedInAirflow3Warning: Fetching SMTP credentials from configuration variables will be deprecated in a future release. Please set credentials using a connection instead.
[2023-10-25T11:40:29.014+0530] {email.py:270} INFO - Email alerting: attempt 1
[2023-10-25T11:40:39.360+0530] {taskinstance.py:1147} INFO - Dependencies not met for <TaskInstance: wikipedia_dag.send_notification_email manual__2023-10-25T06:03:10.675590+00:00 [running]>, dependency 'Task Instance State' FAILED: Task is in the 'running' state.
[2023-10-25T11:40:39.361+0530] {taskinstance.py:1147} INFO - Dependencies not met for <TaskInstance: wikipedia_dag.send_notification_email manual__2023-10-25T06:03:10.675590+00:00 [running]>, dependency 'Task Instance Not Running' FAILED: Task is in the running state
[2023-10-25T11:40:39.361+0530] {local_task_job_runner.py:154} INFO - Task is not able to be run
[2023-10-25T11:41:29.027+0530] {taskinstance.py:1935} ERROR - Task failed with exception
Traceback (most recent call last):
  File "/home/harika/.local/lib/python3.10/site-packages/airflow/operators/email.py", line 77, in execute
    send_email(
  File "/home/harika/.local/lib/python3.10/site-packages/airflow/utils/email.py", line 80, in send_email
    return backend(
  File "/home/harika/.local/lib/python3.10/site-packages/airflow/utils/email.py", line 154, in send_email_smtp
    send_mime_email(e_from=mail_from, e_to=recipients, mime_msg=msg, conn_id=conn_id, dryrun=dryrun)
  File "/home/harika/.local/lib/python3.10/site-packages/airflow/utils/email.py", line 272, in send_mime_email
    smtp_conn = _get_smtp_connection(smtp_host, smtp_port, smtp_timeout, smtp_ssl)
  File "/home/harika/.local/lib/python3.10/site-packages/airflow/utils/email.py", line 317, in _get_smtp_connection
    return smtplib.SMTP(host=host, port=port, timeout=timeout)
  File "/usr/lib/python3.10/smtplib.py", line 255, in __init__
    (code, msg) = self.connect(host, port)
  File "/usr/lib/python3.10/smtplib.py", line 341, in connect
    self.sock = self._get_socket(host, port, self.timeout)
  File "/usr/lib/python3.10/smtplib.py", line 312, in _get_socket
    return socket.create_connection((host, port), timeout,
  File "/usr/lib/python3.10/socket.py", line 845, in create_connection
    raise err
  File "/usr/lib/python3.10/socket.py", line 833, in create_connection
    sock.connect(sa)
TimeoutError: timed out
[2023-10-25T11:41:29.037+0530] {taskinstance.py:1398} INFO - Marking task as FAILED. dag_id=wikipedia_dag, task_id=send_notification_email, execution_date=20231025T060310, start_date=20231025T061028, end_date=20231025T061129
[2023-10-25T11:41:29.059+0530] {email.py:270} INFO - Email alerting: attempt 1
[2023-10-25T11:42:24.577+0530] {local_task_job_runner.py:294} WARNING - State of this instance has been externally set to failed. Terminating instance.
[2023-10-25T11:42:24.586+0530] {process_utils.py:131} INFO - Sending Signals.SIGTERM to group 46390. PIDs of all processes in the group: [46390]
[2023-10-25T11:42:24.586+0530] {process_utils.py:86} INFO - Sending the signal Signals.SIGTERM to group 46390
[2023-10-25T11:42:24.586+0530] {taskinstance.py:1630} ERROR - Received SIGTERM. Terminating subprocesses.
[2023-10-25T11:42:24.589+0530] {email.py:270} INFO - Email alerting: attempt 1
[2023-10-25T11:43:24.593+0530] {process_utils.py:149} WARNING - process psutil.Process(pid=46390, name='airflow task runner: wikipedia_dag send_notification_email manual__2023-10-25T06:03:10.675590+00:00 909', status='sleeping', started='11:40:27') did not respond to SIGTERM. Trying SIGKILL
[2023-10-25T11:43:24.593+0530] {process_utils.py:86} INFO - Sending the signal Signals.SIGKILL to group 46390
[2023-10-25T11:43:24.600+0530] {process_utils.py:79} INFO - Process psutil.Process(pid=46390, name='airflow task runner: wikipedia_dag send_notification_email manual__2023-10-25T06:03:10.675590+00:00 909', status='terminated', exitcode=<Negsignal.SIGKILL: -9>, started='11:40:27') (46390) terminated with exit code Negsignal.SIGKILL
[2023-10-25T11:43:24.600+0530] {standard_task_runner.py:172} ERROR - Job 903 was killed before it finished (likely due to running out of memory)
