[2023-11-08T10:44:32.272+0530] {taskinstance.py:1157} INFO - Dependencies all met for dep_context=non-requeueable deps ti=<TaskInstance: hooks_demo.transfer scheduled__2023-11-07T00:00:00+00:00 [queued]>
[2023-11-08T10:44:32.278+0530] {taskinstance.py:1157} INFO - Dependencies all met for dep_context=requeueable deps ti=<TaskInstance: hooks_demo.transfer scheduled__2023-11-07T00:00:00+00:00 [queued]>
[2023-11-08T10:44:32.278+0530] {taskinstance.py:1359} INFO - Starting attempt 1 of 2
[2023-11-08T10:44:32.288+0530] {taskinstance.py:1380} INFO - Executing <Task(PythonOperator): transfer> on 2023-11-07 00:00:00+00:00
[2023-11-08T10:44:32.291+0530] {standard_task_runner.py:57} INFO - Started process 97607 to run task
[2023-11-08T10:44:32.294+0530] {standard_task_runner.py:84} INFO - Running: ['airflow', 'tasks', 'run', 'hooks_demo', 'transfer', 'scheduled__2023-11-07T00:00:00+00:00', '--job-id', '4415', '--raw', '--subdir', 'DAGS_FOLDER/hooks.py', '--cfg-path', '/tmp/tmpw5v5ol4h']
[2023-11-08T10:44:32.294+0530] {standard_task_runner.py:85} INFO - Job 4415: Subtask transfer
[2023-11-08T10:44:32.319+0530] {task_command.py:415} INFO - Running <TaskInstance: hooks_demo.transfer scheduled__2023-11-07T00:00:00+00:00 [running]> on host harika-Latitude-5511
[2023-11-08T10:44:32.439+0530] {taskinstance.py:1660} INFO - Exporting env vars: AIRFLOW_CTX_DAG_OWNER='Airflow' AIRFLOW_CTX_DAG_ID='hooks_demo' AIRFLOW_CTX_TASK_ID='transfer' AIRFLOW_CTX_EXECUTION_DATE='2023-11-07T00:00:00+00:00' AIRFLOW_CTX_TRY_NUMBER='1' AIRFLOW_CTX_DAG_RUN_ID='scheduled__2023-11-07T00:00:00+00:00'
[2023-11-08T10:44:32.442+0530] {base.py:73} INFO - Using connection ID 'postgres_conn' for task execution.
[2023-11-08T10:44:32.454+0530] {base.py:73} INFO - Using connection ID 'postgres_conn' for task execution.
[2023-11-08T10:44:32.464+0530] {logging_mixin.py:151} INFO - records [('Los Angles                                        ', 'ls                  '), ('Houston                                           ', 'ht                  '), ('New york                                          ', 'ny                  ')]
[2023-11-08T10:44:32.466+0530] {logging_mixin.py:151} INFO - Data transferred successfully
[2023-11-08T10:44:32.466+0530] {python.py:194} INFO - Done. Returned value was: None
[2023-11-08T10:44:32.470+0530] {taskinstance.py:1398} INFO - Marking task as SUCCESS. dag_id=hooks_demo, task_id=transfer, execution_date=20231107T000000, start_date=20231108T051432, end_date=20231108T051432
[2023-11-08T10:44:32.505+0530] {local_task_job_runner.py:228} INFO - Task exited with return code 0
[2023-11-08T10:44:32.513+0530] {taskinstance.py:2776} INFO - 0 downstream tasks scheduled from follow-on schedule check
[2023-11-16T16:06:59.484+0530] {taskinstance.py:1157} INFO - Dependencies all met for dep_context=non-requeueable deps ti=<TaskInstance: hooks_demo.transfer scheduled__2023-11-07T00:00:00+00:00 [queued]>
[2023-11-16T16:06:59.492+0530] {taskinstance.py:1157} INFO - Dependencies all met for dep_context=requeueable deps ti=<TaskInstance: hooks_demo.transfer scheduled__2023-11-07T00:00:00+00:00 [queued]>
[2023-11-16T16:06:59.492+0530] {taskinstance.py:1359} INFO - Starting attempt 1 of 2
[2023-11-16T16:06:59.502+0530] {taskinstance.py:1380} INFO - Executing <Task(PythonOperator): transfer> on 2023-11-07 00:00:00+00:00
[2023-11-16T16:06:59.507+0530] {standard_task_runner.py:57} INFO - Started process 146806 to run task
[2023-11-16T16:06:59.510+0530] {standard_task_runner.py:84} INFO - Running: ['airflow', 'tasks', 'run', 'hooks_demo', 'transfer', 'scheduled__2023-11-07T00:00:00+00:00', '--job-id', '4723', '--raw', '--subdir', 'DAGS_FOLDER/hooks_demo.py', '--cfg-path', '/tmp/tmp24yi6r8y']
[2023-11-16T16:06:59.511+0530] {standard_task_runner.py:85} INFO - Job 4723: Subtask transfer
[2023-11-16T16:06:59.537+0530] {task_command.py:415} INFO - Running <TaskInstance: hooks_demo.transfer scheduled__2023-11-07T00:00:00+00:00 [running]> on host harika-Latitude-5511
[2023-11-16T16:06:59.694+0530] {taskinstance.py:1660} INFO - Exporting env vars: AIRFLOW_CTX_DAG_OWNER='Airflow' AIRFLOW_CTX_DAG_ID='hooks_demo' AIRFLOW_CTX_TASK_ID='transfer' AIRFLOW_CTX_EXECUTION_DATE='2023-11-07T00:00:00+00:00' AIRFLOW_CTX_TRY_NUMBER='1' AIRFLOW_CTX_DAG_RUN_ID='scheduled__2023-11-07T00:00:00+00:00'
[2023-11-16T16:06:59.698+0530] {base.py:73} INFO - Using connection ID 'postgres_conn' for task execution.
[2023-11-16T16:06:59.714+0530] {base.py:73} INFO - Using connection ID 'postgres_conn' for task execution.
[2023-11-16T16:06:59.727+0530] {logging_mixin.py:151} INFO - records [('New york                                          ', 'ny                  ')]
[2023-11-16T16:06:59.729+0530] {logging_mixin.py:151} INFO - Data transferred successfully
[2023-11-16T16:06:59.729+0530] {python.py:194} INFO - Done. Returned value was: None
[2023-11-16T16:06:59.733+0530] {taskinstance.py:1398} INFO - Marking task as SUCCESS. dag_id=hooks_demo, task_id=transfer, execution_date=20231107T000000, start_date=20231116T103659, end_date=20231116T103659
[2023-11-16T16:06:59.762+0530] {local_task_job_runner.py:228} INFO - Task exited with return code 0
[2023-11-16T16:06:59.773+0530] {taskinstance.py:2776} INFO - 0 downstream tasks scheduled from follow-on schedule check
