[2023-10-25T10:07:36.484+0530] {taskinstance.py:1157} INFO - Dependencies all met for dep_context=non-requeueable deps ti=<TaskInstance: wikipedia_dag.get_details_from_wikipedia_task scheduled__2023-10-23T00:00:00+00:00 [queued]>
[2023-10-25T10:07:36.488+0530] {taskinstance.py:1157} INFO - Dependencies all met for dep_context=requeueable deps ti=<TaskInstance: wikipedia_dag.get_details_from_wikipedia_task scheduled__2023-10-23T00:00:00+00:00 [queued]>
[2023-10-25T10:07:36.489+0530] {taskinstance.py:1359} INFO - Starting attempt 1 of 2
[2023-10-25T10:07:36.500+0530] {taskinstance.py:1380} INFO - Executing <Task(PythonOperator): get_details_from_wikipedia_task> on 2023-10-23 00:00:00+00:00
[2023-10-25T10:07:36.503+0530] {standard_task_runner.py:57} INFO - Started process 8096 to run task
[2023-10-25T10:07:36.505+0530] {standard_task_runner.py:84} INFO - Running: ['airflow', 'tasks', 'run', 'wikipedia_dag', 'get_details_from_wikipedia_task', 'scheduled__2023-10-23T00:00:00+00:00', '--job-id', '832', '--raw', '--subdir', 'DAGS_FOLDER/word_count.py', '--cfg-path', '/tmp/tmpsrg8vaqe']
[2023-10-25T10:07:36.505+0530] {standard_task_runner.py:85} INFO - Job 832: Subtask get_details_from_wikipedia_task
[2023-10-25T10:07:36.530+0530] {task_command.py:415} INFO - Running <TaskInstance: wikipedia_dag.get_details_from_wikipedia_task scheduled__2023-10-23T00:00:00+00:00 [running]> on host harika-Latitude-5511
[2023-10-25T10:07:36.586+0530] {taskinstance.py:1660} INFO - Exporting env vars: AIRFLOW_CTX_DAG_EMAIL='harikasree2225@gmail.com' AIRFLOW_CTX_DAG_OWNER='airflow' AIRFLOW_CTX_DAG_ID='wikipedia_dag' AIRFLOW_CTX_TASK_ID='get_details_from_wikipedia_task' AIRFLOW_CTX_EXECUTION_DATE='2023-10-23T00:00:00+00:00' AIRFLOW_CTX_TRY_NUMBER='1' AIRFLOW_CTX_DAG_RUN_ID='scheduled__2023-10-23T00:00:00+00:00'
[2023-10-25T10:07:36.587+0530] {logging_mixin.py:151} INFO - Fruit
[2023-10-25T10:07:38.607+0530] {logging_mixin.py:151} INFO - Fruit
[2023-10-25T10:07:39.492+0530] {python.py:194} INFO - Done. Returned value was: /home/harika/wikidata/Fruit/content.txt
[2023-10-25T10:07:39.505+0530] {taskinstance.py:1398} INFO - Marking task as SUCCESS. dag_id=wikipedia_dag, task_id=get_details_from_wikipedia_task, execution_date=20231023T000000, start_date=20231025T043736, end_date=20231025T043739
[2023-10-25T10:07:39.524+0530] {local_task_job_runner.py:228} INFO - Task exited with return code 0
[2023-10-25T10:07:39.544+0530] {taskinstance.py:2776} INFO - 2 downstream tasks scheduled from follow-on schedule check
[2023-10-25T11:17:45.301+0530] {taskinstance.py:1157} INFO - Dependencies all met for dep_context=non-requeueable deps ti=<TaskInstance: wikipedia_dag.get_details_from_wikipedia_task scheduled__2023-10-23T00:00:00+00:00 [queued]>
[2023-10-25T11:17:45.306+0530] {taskinstance.py:1157} INFO - Dependencies all met for dep_context=requeueable deps ti=<TaskInstance: wikipedia_dag.get_details_from_wikipedia_task scheduled__2023-10-23T00:00:00+00:00 [queued]>
[2023-10-25T11:17:45.307+0530] {taskinstance.py:1359} INFO - Starting attempt 1 of 2
[2023-10-25T11:17:45.317+0530] {taskinstance.py:1380} INFO - Executing <Task(PythonOperator): get_details_from_wikipedia_task> on 2023-10-23 00:00:00+00:00
[2023-10-25T11:17:45.321+0530] {standard_task_runner.py:57} INFO - Started process 38139 to run task
[2023-10-25T11:17:45.324+0530] {standard_task_runner.py:84} INFO - Running: ['airflow', 'tasks', 'run', 'wikipedia_dag', 'get_details_from_wikipedia_task', 'scheduled__2023-10-23T00:00:00+00:00', '--job-id', '488', '--raw', '--subdir', 'DAGS_FOLDER/word_count.py', '--cfg-path', '/tmp/tmp15y5mi5k']
[2023-10-25T11:17:45.325+0530] {standard_task_runner.py:85} INFO - Job 488: Subtask get_details_from_wikipedia_task
[2023-10-25T11:17:45.349+0530] {task_command.py:415} INFO - Running <TaskInstance: wikipedia_dag.get_details_from_wikipedia_task scheduled__2023-10-23T00:00:00+00:00 [running]> on host harika-Latitude-5511
[2023-10-25T11:17:45.387+0530] {taskinstance.py:1660} INFO - Exporting env vars: AIRFLOW_CTX_DAG_EMAIL='harikasree2225@gmail.com' AIRFLOW_CTX_DAG_OWNER='airflow' AIRFLOW_CTX_DAG_ID='wikipedia_dag' AIRFLOW_CTX_TASK_ID='get_details_from_wikipedia_task' AIRFLOW_CTX_EXECUTION_DATE='2023-10-23T00:00:00+00:00' AIRFLOW_CTX_TRY_NUMBER='1' AIRFLOW_CTX_DAG_RUN_ID='scheduled__2023-10-23T00:00:00+00:00'
[2023-10-25T11:17:45.388+0530] {logging_mixin.py:151} INFO - Fruit
[2023-10-25T11:17:47.395+0530] {logging_mixin.py:151} INFO - Fruit
[2023-10-25T11:17:48.224+0530] {python.py:194} INFO - Done. Returned value was: /home/harika/wikidata/Fruit/content.txt
[2023-10-25T11:17:48.233+0530] {taskinstance.py:1398} INFO - Marking task as SUCCESS. dag_id=wikipedia_dag, task_id=get_details_from_wikipedia_task, execution_date=20231023T000000, start_date=20231025T054745, end_date=20231025T054748
[2023-10-25T11:17:48.264+0530] {local_task_job_runner.py:228} INFO - Task exited with return code 0
[2023-10-25T11:17:48.283+0530] {taskinstance.py:2776} INFO - 2 downstream tasks scheduled from follow-on schedule check
