[2023-10-18T17:14:23.500+0530] {taskinstance.py:1157} INFO - Dependencies all met for dep_context=non-requeueable deps ti=<TaskInstance: wikipedia_dag.submit_spark_word_count_job manual__2023-10-18T11:44:13.854221+00:00 [queued]>
[2023-10-18T17:14:23.505+0530] {taskinstance.py:1157} INFO - Dependencies all met for dep_context=requeueable deps ti=<TaskInstance: wikipedia_dag.submit_spark_word_count_job manual__2023-10-18T11:44:13.854221+00:00 [queued]>
[2023-10-18T17:14:23.505+0530] {taskinstance.py:1359} INFO - Starting attempt 1 of 2
[2023-10-18T17:14:23.514+0530] {taskinstance.py:1380} INFO - Executing <Task(SparkSubmitOperator): submit_spark_word_count_job> on 2023-10-18 11:44:13.854221+00:00
[2023-10-18T17:14:23.517+0530] {standard_task_runner.py:57} INFO - Started process 85135 to run task
[2023-10-18T17:14:23.519+0530] {standard_task_runner.py:84} INFO - Running: ['airflow', 'tasks', 'run', 'wikipedia_dag', 'submit_spark_word_count_job', 'manual__2023-10-18T11:44:13.854221+00:00', '--job-id', '456', '--raw', '--subdir', 'DAGS_FOLDER/word_count.py', '--cfg-path', '/tmp/tmpi31mnhrm']
[2023-10-18T17:14:23.519+0530] {standard_task_runner.py:85} INFO - Job 456: Subtask submit_spark_word_count_job
[2023-10-18T17:14:23.542+0530] {task_command.py:415} INFO - Running <TaskInstance: wikipedia_dag.submit_spark_word_count_job manual__2023-10-18T11:44:13.854221+00:00 [running]> on host harika-Latitude-5511
[2023-10-18T17:14:23.583+0530] {taskinstance.py:1660} INFO - Exporting env vars: AIRFLOW_CTX_DAG_EMAIL='harikasree2k@gmail.com' AIRFLOW_CTX_DAG_OWNER='airflow' AIRFLOW_CTX_DAG_ID='wikipedia_dag' AIRFLOW_CTX_TASK_ID='submit_spark_word_count_job' AIRFLOW_CTX_EXECUTION_DATE='2023-10-18T11:44:13.854221+00:00' AIRFLOW_CTX_TRY_NUMBER='1' AIRFLOW_CTX_DAG_RUN_ID='manual__2023-10-18T11:44:13.854221+00:00'
[2023-10-18T17:14:23.587+0530] {base.py:73} INFO - Using connection ID 'spark_default' for task execution.
[2023-10-18T17:14:23.588+0530] {spark_submit.py:340} INFO - Spark-Submit cmd: spark-submit --master yarn --name PythonWordCount --queue root.default /home/harika/sparkjobs/word_count_extended.py /home/harika/wikidata/Artificial intelligence/content.txt
[2023-10-18T17:14:24.605+0530] {spark_submit.py:491} INFO - 23/10/18 17:14:24 WARN Utils: Your hostname, harika-Latitude-5511 resolves to a loopback address: 127.0.1.1; using 172.20.10.7 instead (on interface wlo1)
[2023-10-18T17:14:24.606+0530] {spark_submit.py:491} INFO - 23/10/18 17:14:24 WARN Utils: Set SPARK_LOCAL_IP if you need to bind to another address
[2023-10-18T17:14:24.662+0530] {spark_submit.py:491} INFO - Exception in thread "main" org.apache.spark.SparkException: When running with master 'yarn' either HADOOP_CONF_DIR or YARN_CONF_DIR must be set in the environment.
[2023-10-18T17:14:24.663+0530] {spark_submit.py:491} INFO - at org.apache.spark.deploy.SparkSubmitArguments.error(SparkSubmitArguments.scala:650)
[2023-10-18T17:14:24.663+0530] {spark_submit.py:491} INFO - at org.apache.spark.deploy.SparkSubmitArguments.validateSubmitArguments(SparkSubmitArguments.scala:281)
[2023-10-18T17:14:24.663+0530] {spark_submit.py:491} INFO - at org.apache.spark.deploy.SparkSubmitArguments.validateArguments(SparkSubmitArguments.scala:237)
[2023-10-18T17:14:24.663+0530] {spark_submit.py:491} INFO - at org.apache.spark.deploy.SparkSubmitArguments.<init>(SparkSubmitArguments.scala:122)
[2023-10-18T17:14:24.663+0530] {spark_submit.py:491} INFO - at org.apache.spark.deploy.SparkSubmit$$anon$2$$anon$3.<init>(SparkSubmit.scala:1103)
[2023-10-18T17:14:24.663+0530] {spark_submit.py:491} INFO - at org.apache.spark.deploy.SparkSubmit$$anon$2.parseArguments(SparkSubmit.scala:1103)
[2023-10-18T17:14:24.663+0530] {spark_submit.py:491} INFO - at org.apache.spark.deploy.SparkSubmit.doSubmit(SparkSubmit.scala:86)
[2023-10-18T17:14:24.663+0530] {spark_submit.py:491} INFO - at org.apache.spark.deploy.SparkSubmit$$anon$2.doSubmit(SparkSubmit.scala:1120)
[2023-10-18T17:14:24.663+0530] {spark_submit.py:491} INFO - at org.apache.spark.deploy.SparkSubmit$.main(SparkSubmit.scala:1129)
[2023-10-18T17:14:24.663+0530] {spark_submit.py:491} INFO - at org.apache.spark.deploy.SparkSubmit.main(SparkSubmit.scala)
[2023-10-18T17:14:24.699+0530] {taskinstance.py:1935} ERROR - Task failed with exception
Traceback (most recent call last):
  File "/home/harika/.local/lib/python3.10/site-packages/airflow/providers/apache/spark/operators/spark_submit.py", line 156, in execute
    self._hook.submit(self._application)
  File "/home/harika/.local/lib/python3.10/site-packages/airflow/providers/apache/spark/hooks/spark_submit.py", line 422, in submit
    raise AirflowException(
airflow.exceptions.AirflowException: Cannot execute: spark-submit --master yarn --name PythonWordCount --queue root.default /home/harika/sparkjobs/word_count_extended.py /home/harika/wikidata/Artificial intelligence/content.txt. Error code is: 1.
[2023-10-18T17:14:24.704+0530] {taskinstance.py:1398} INFO - Marking task as UP_FOR_RETRY. dag_id=wikipedia_dag, task_id=submit_spark_word_count_job, execution_date=20231018T114413, start_date=20231018T114423, end_date=20231018T114424
[2023-10-18T17:14:24.722+0530] {standard_task_runner.py:104} ERROR - Failed to execute job 456 for task submit_spark_word_count_job (Cannot execute: spark-submit --master yarn --name PythonWordCount --queue root.default /home/harika/sparkjobs/word_count_extended.py /home/harika/wikidata/Artificial intelligence/content.txt. Error code is: 1.; 85135)
[2023-10-18T17:14:24.733+0530] {local_task_job_runner.py:228} INFO - Task exited with return code 1
[2023-10-18T17:14:24.750+0530] {taskinstance.py:2776} INFO - 0 downstream tasks scheduled from follow-on schedule check
