[2023-11-13T14:05:18.865+0530] {taskinstance.py:1157} INFO - Dependencies all met for dep_context=non-requeueable deps ti=<TaskInstance: deferrable.wait_sensor_deferrable manual__2023-11-13T07:37:03.998958+00:00 [queued]>
[2023-11-13T14:05:18.869+0530] {taskinstance.py:1157} INFO - Dependencies all met for dep_context=requeueable deps ti=<TaskInstance: deferrable.wait_sensor_deferrable manual__2023-11-13T07:37:03.998958+00:00 [queued]>
[2023-11-13T14:05:18.869+0530] {taskinstance.py:1359} INFO - Starting attempt 1 of 1
[2023-11-13T14:05:18.879+0530] {taskinstance.py:1380} INFO - Executing <Task(WaitOneHourSensor): wait_sensor_deferrable> on 2023-11-13 07:37:03.998958+00:00
[2023-11-13T14:05:18.882+0530] {standard_task_runner.py:57} INFO - Started process 224836 to run task
[2023-11-13T14:05:18.884+0530] {standard_task_runner.py:84} INFO - Running: ['airflow', 'tasks', 'run', 'deferrable', 'wait_sensor_deferrable', 'manual__2023-11-13T07:37:03.998958+00:00', '--job-id', '4539', '--raw', '--subdir', 'DAGS_FOLDER/deferrable_operator.py', '--cfg-path', '/tmp/tmp_vbzxh_3']
[2023-11-13T14:05:18.885+0530] {standard_task_runner.py:85} INFO - Job 4539: Subtask wait_sensor_deferrable
[2023-11-13T14:05:18.907+0530] {task_command.py:415} INFO - Running <TaskInstance: deferrable.wait_sensor_deferrable manual__2023-11-13T07:37:03.998958+00:00 [running]> on host harika-Latitude-5511
[2023-11-13T14:05:18.948+0530] {taskinstance.py:1660} INFO - Exporting env vars: AIRFLOW_CTX_DAG_OWNER='airflow' AIRFLOW_CTX_DAG_ID='deferrable' AIRFLOW_CTX_TASK_ID='wait_sensor_deferrable' AIRFLOW_CTX_EXECUTION_DATE='2023-11-13T07:37:03.998958+00:00' AIRFLOW_CTX_TRY_NUMBER='1' AIRFLOW_CTX_DAG_RUN_ID='manual__2023-11-13T07:37:03.998958+00:00'
[2023-11-13T14:05:18.951+0530] {taskinstance.py:1524} INFO - Pausing task as DEFERRED. dag_id=deferrable, task_id=wait_sensor_deferrable, execution_date=20231113T073703, start_date=20231113T083518
[2023-11-13T14:05:18.976+0530] {local_task_job_runner.py:225} INFO - Task exited with return code 100 (task deferral)
[2023-11-13T14:27:09.354+0530] {taskinstance.py:1147} INFO - Dependencies not met for <TaskInstance: deferrable.wait_sensor_deferrable manual__2023-11-13T07:37:03.998958+00:00 [scheduled]>, dependency 'Task Instance State' FAILED: Task is in the 'scheduled' state.
[2023-11-13T14:27:09.355+0530] {local_task_job_runner.py:154} INFO - Task is not able to be run
[2023-11-13T14:27:15.487+0530] {taskinstance.py:1157} INFO - Dependencies all met for dep_context=non-requeueable deps ti=<TaskInstance: deferrable.wait_sensor_deferrable manual__2023-11-13T07:37:03.998958+00:00 [queued]>
[2023-11-13T14:27:15.492+0530] {taskinstance.py:1157} INFO - Dependencies all met for dep_context=requeueable deps ti=<TaskInstance: deferrable.wait_sensor_deferrable manual__2023-11-13T07:37:03.998958+00:00 [queued]>
[2023-11-13T14:27:15.492+0530] {taskinstance.py:1357} INFO - Resuming after deferral
[2023-11-13T14:27:15.500+0530] {taskinstance.py:1380} INFO - Executing <Task(WaitOneHourSensor): wait_sensor_deferrable> on 2023-11-13 07:37:03.998958+00:00
[2023-11-13T14:27:15.503+0530] {standard_task_runner.py:57} INFO - Started process 225417 to run task
[2023-11-13T14:27:15.505+0530] {standard_task_runner.py:84} INFO - Running: ['airflow', 'tasks', 'run', 'deferrable', 'wait_sensor_deferrable', 'manual__2023-11-13T07:37:03.998958+00:00', '--job-id', '4546', '--raw', '--subdir', 'DAGS_FOLDER/deferrable_operator.py', '--cfg-path', '/tmp/tmpyziwo85o']
[2023-11-13T14:27:15.506+0530] {standard_task_runner.py:85} INFO - Job 4546: Subtask wait_sensor_deferrable
[2023-11-13T14:27:15.526+0530] {task_command.py:415} INFO - Running <TaskInstance: deferrable.wait_sensor_deferrable manual__2023-11-13T07:37:03.998958+00:00 [running]> on host harika-Latitude-5511
[2023-11-13T14:27:15.566+0530] {logging_mixin.py:151} INFO - Sensor execution completed
[2023-11-13T14:27:15.569+0530] {taskinstance.py:1398} INFO - Marking task as SUCCESS. dag_id=deferrable, task_id=wait_sensor_deferrable, execution_date=20231113T073703, start_date=20231113T083518, end_date=20231113T085715
[2023-11-13T14:27:15.597+0530] {local_task_job_runner.py:228} INFO - Task exited with return code 0
[2023-11-13T14:27:15.606+0530] {taskinstance.py:2776} INFO - 0 downstream tasks scheduled from follow-on schedule check
