[2023-11-13T14:05:19.601+0530] {temporal.py:60} INFO - trigger starting
[2023-11-13T14:05:19.601+0530] {temporal.py:64} INFO - 59 seconds remaining; sleeping 10 seconds
[2023-11-13T14:05:29.602+0530] {temporal.py:64} INFO - 49 seconds remaining; sleeping 10 seconds
[2023-11-13T14:05:39.604+0530] {temporal.py:64} INFO - 39 seconds remaining; sleeping 10 seconds
[2023-11-13T14:05:49.606+0530] {temporal.py:64} INFO - 29 seconds remaining; sleeping 10 seconds
[2023-11-13T14:05:59.607+0530] {temporal.py:69} INFO - sleeping 1 second...
[2023-11-13T14:06:00.608+0530] {temporal.py:69} INFO - sleeping 1 second...
[2023-11-13T14:06:01.610+0530] {temporal.py:69} INFO - sleeping 1 second...
[2023-11-13T14:06:02.611+0530] {temporal.py:69} INFO - sleeping 1 second...
[2023-11-13T14:06:03.612+0530] {temporal.py:69} INFO - sleeping 1 second...
[2023-11-13T14:06:04.613+0530] {temporal.py:69} INFO - sleeping 1 second...
[2023-11-13T14:06:05.614+0530] {temporal.py:69} INFO - sleeping 1 second...
[2023-11-13T14:06:06.615+0530] {temporal.py:69} INFO - sleeping 1 second...
[2023-11-13T14:06:07.616+0530] {temporal.py:69} INFO - sleeping 1 second...
[2023-11-13T14:06:08.617+0530] {temporal.py:69} INFO - sleeping 1 second...
[2023-11-13T14:06:09.619+0530] {temporal.py:69} INFO - sleeping 1 second...
[2023-11-13T14:06:10.621+0530] {temporal.py:69} INFO - sleeping 1 second...
[2023-11-13T14:06:11.622+0530] {temporal.py:69} INFO - sleeping 1 second...
[2023-11-13T14:06:12.623+0530] {temporal.py:69} INFO - sleeping 1 second...
[2023-11-13T14:06:13.624+0530] {temporal.py:69} INFO - sleeping 1 second...
[2023-11-13T14:06:14.625+0530] {temporal.py:69} INFO - sleeping 1 second...
[2023-11-13T14:06:15.627+0530] {temporal.py:69} INFO - sleeping 1 second...
[2023-11-13T14:06:16.629+0530] {temporal.py:69} INFO - sleeping 1 second...
[2023-11-13T14:06:17.629+0530] {temporal.py:69} INFO - sleeping 1 second...
[2023-11-13T14:06:18.630+0530] {temporal.py:69} INFO - sleeping 1 second...
[2023-11-13T14:06:19.632+0530] {temporal.py:72} INFO - yielding event with payload DateTime(2023, 11, 13, 8, 36, 18, 949523, tzinfo=Timezone('UTC'))
[2023-11-13T14:06:19.633+0530] {triggerer_job_runner.py:599} INFO - Trigger deferrable/manual__2023-11-13T07:37:03.998958+00:00/wait_sensor_deferrable/-1/1 (ID 1) fired: TriggerEvent<DateTime(2023, 11, 13, 8, 36, 18, 949523, tzinfo=Timezone('UTC'))>
