[2023-10-25T10:49:56.316+0530] {taskinstance.py:1157} INFO - Dependencies all met for dep_context=non-requeueable deps ti=<TaskInstance: first_dag.model_b manual__2023-10-25T05:19:46.581954+00:00 [queued]>
[2023-10-25T10:49:56.322+0530] {taskinstance.py:1157} INFO - Dependencies all met for dep_context=requeueable deps ti=<TaskInstance: first_dag.model_b manual__2023-10-25T05:19:46.581954+00:00 [queued]>
[2023-10-25T10:49:56.323+0530] {taskinstance.py:1359} INFO - Starting attempt 1 of 1
[2023-10-25T10:49:56.335+0530] {taskinstance.py:1380} INFO - Executing <Task(SimpleHttpOperator): model_b> on 2023-10-25 05:19:46.581954+00:00
[2023-10-25T10:49:56.339+0530] {standard_task_runner.py:57} INFO - Started process 27041 to run task
[2023-10-25T10:49:56.342+0530] {standard_task_runner.py:84} INFO - Running: ['airflow', 'tasks', 'run', 'first_dag', 'model_b', 'manual__2023-10-25T05:19:46.581954+00:00', '--job-id', '12', '--raw', '--subdir', 'DAGS_FOLDER/first_dag.py', '--cfg-path', '/tmp/tmp9znhqw9v']
[2023-10-25T10:49:56.344+0530] {standard_task_runner.py:85} INFO - Job 12: Subtask model_b
[2023-10-25T10:49:56.373+0530] {task_command.py:415} INFO - Running <TaskInstance: first_dag.model_b manual__2023-10-25T05:19:46.581954+00:00 [running]> on host harika-Latitude-5511
[2023-10-25T10:49:56.415+0530] {taskinstance.py:1660} INFO - Exporting env vars: AIRFLOW_CTX_DAG_OWNER='airflow' AIRFLOW_CTX_DAG_ID='first_dag' AIRFLOW_CTX_TASK_ID='model_b' AIRFLOW_CTX_EXECUTION_DATE='2023-10-25T05:19:46.581954+00:00' AIRFLOW_CTX_TRY_NUMBER='1' AIRFLOW_CTX_DAG_RUN_ID='manual__2023-10-25T05:19:46.581954+00:00'
[2023-10-25T10:49:56.416+0530] {http.py:143} INFO - Calling HTTP method
[2023-10-25T10:49:56.423+0530] {taskinstance.py:1935} ERROR - Task failed with exception
Traceback (most recent call last):
  File "/home/harika/.local/lib/python3.10/site-packages/airflow/providers/http/operators/http.py", line 145, in execute
    response = http.run(self.endpoint, self.data, self.headers, self.extra_options)
  File "/home/harika/.local/lib/python3.10/site-packages/airflow/providers/http/hooks/http.py", line 145, in run
    session = self.get_conn(headers)
  File "/home/harika/.local/lib/python3.10/site-packages/airflow/providers/http/hooks/http.py", line 98, in get_conn
    conn = self.get_connection(self.http_conn_id)
  File "/home/harika/.local/lib/python3.10/site-packages/airflow/hooks/base.py", line 72, in get_connection
    conn = Connection.get_connection_from_secrets(conn_id)
  File "/home/harika/.local/lib/python3.10/site-packages/airflow/models/connection.py", line 477, in get_connection_from_secrets
    raise AirflowNotFoundException(f"The conn_id `{conn_id}` isn't defined")
airflow.exceptions.AirflowNotFoundException: The conn_id `random_data_default` isn't defined
[2023-10-25T10:49:56.425+0530] {taskinstance.py:1398} INFO - Marking task as FAILED. dag_id=first_dag, task_id=model_b, execution_date=20231025T051946, start_date=20231025T051956, end_date=20231025T051956
[2023-10-25T10:49:56.433+0530] {standard_task_runner.py:104} ERROR - Failed to execute job 12 for task model_b (The conn_id `random_data_default` isn't defined; 27041)
[2023-10-25T10:49:56.473+0530] {local_task_job_runner.py:228} INFO - Task exited with return code 1
[2023-10-25T10:49:56.495+0530] {taskinstance.py:2776} INFO - 0 downstream tasks scheduled from follow-on schedule check
