[2023-11-09T10:49:57.122+0530] {taskinstance.py:1157} INFO - Dependencies all met for dep_context=non-requeueable deps ti=<TaskInstance: hooks_demo.tables scheduled__2023-11-08T00:00:00+00:00 [queued]>
[2023-11-09T10:49:57.126+0530] {taskinstance.py:1157} INFO - Dependencies all met for dep_context=requeueable deps ti=<TaskInstance: hooks_demo.tables scheduled__2023-11-08T00:00:00+00:00 [queued]>
[2023-11-09T10:49:57.126+0530] {taskinstance.py:1359} INFO - Starting attempt 1 of 2
[2023-11-09T10:49:57.134+0530] {taskinstance.py:1380} INFO - Executing <Task(PythonOperator): tables> on 2023-11-08 00:00:00+00:00
[2023-11-09T10:49:57.137+0530] {standard_task_runner.py:57} INFO - Started process 150350 to run task
[2023-11-09T10:49:57.139+0530] {standard_task_runner.py:84} INFO - Running: ['airflow', 'tasks', 'run', 'hooks_demo', 'tables', 'scheduled__2023-11-08T00:00:00+00:00', '--job-id', '4517', '--raw', '--subdir', 'DAGS_FOLDER/hooks.py', '--cfg-path', '/tmp/tmp7p38oypb']
[2023-11-09T10:49:57.140+0530] {standard_task_runner.py:85} INFO - Job 4517: Subtask tables
[2023-11-09T10:49:57.161+0530] {task_command.py:415} INFO - Running <TaskInstance: hooks_demo.tables scheduled__2023-11-08T00:00:00+00:00 [running]> on host harika-Latitude-5511
[2023-11-09T10:49:57.294+0530] {taskinstance.py:1660} INFO - Exporting env vars: AIRFLOW_CTX_DAG_OWNER='Airflow' AIRFLOW_CTX_DAG_ID='hooks_demo' AIRFLOW_CTX_TASK_ID='tables' AIRFLOW_CTX_EXECUTION_DATE='2023-11-08T00:00:00+00:00' AIRFLOW_CTX_TRY_NUMBER='1' AIRFLOW_CTX_DAG_RUN_ID='scheduled__2023-11-08T00:00:00+00:00'
[2023-11-09T10:49:57.301+0530] {base.py:73} INFO - Using connection ID 'postgres_conn' for task execution.
[2023-11-09T10:49:57.322+0530] {logging_mixin.py:151} INFO - SELECT table_name FROM information_schema.tables WHERE table_schema = 'public'
[2023-11-09T10:49:57.326+0530] {logging_mixin.py:151} INFO - query executed
[2023-11-09T10:49:57.326+0530] {logging_mixin.py:151} INFO - ['source_city_table', 'target_city_table'] table_names
[2023-11-09T10:49:57.327+0530] {logging_mixin.py:151} INFO - ###################################
[2023-11-09T10:49:57.327+0530] {logging_mixin.py:151} INFO - source_city_table tablename
[2023-11-09T10:49:57.327+0530] {logging_mixin.py:151} INFO - ###################################
[2023-11-09T10:49:57.327+0530] {logging_mixin.py:151} INFO - target_city_table tablename
[2023-11-09T10:49:57.328+0530] {python.py:194} INFO - Done. Returned value was: None
[2023-11-09T10:49:57.334+0530] {taskinstance.py:1398} INFO - Marking task as SUCCESS. dag_id=hooks_demo, task_id=tables, execution_date=20231108T000000, start_date=20231109T051957, end_date=20231109T051957
[2023-11-09T10:49:57.391+0530] {local_task_job_runner.py:228} INFO - Task exited with return code 0
[2023-11-09T10:49:57.412+0530] {taskinstance.py:2776} INFO - 1 downstream tasks scheduled from follow-on schedule check
[2023-11-16T16:06:57.127+0530] {taskinstance.py:1157} INFO - Dependencies all met for dep_context=non-requeueable deps ti=<TaskInstance: hooks_demo.tables scheduled__2023-11-08T00:00:00+00:00 [queued]>
[2023-11-16T16:06:57.135+0530] {taskinstance.py:1157} INFO - Dependencies all met for dep_context=requeueable deps ti=<TaskInstance: hooks_demo.tables scheduled__2023-11-08T00:00:00+00:00 [queued]>
[2023-11-16T16:06:57.136+0530] {taskinstance.py:1359} INFO - Starting attempt 1 of 2
[2023-11-16T16:06:57.155+0530] {taskinstance.py:1380} INFO - Executing <Task(PythonOperator): tables> on 2023-11-08 00:00:00+00:00
[2023-11-16T16:06:57.161+0530] {standard_task_runner.py:57} INFO - Started process 146788 to run task
[2023-11-16T16:06:57.164+0530] {standard_task_runner.py:84} INFO - Running: ['airflow', 'tasks', 'run', 'hooks_demo', 'tables', 'scheduled__2023-11-08T00:00:00+00:00', '--job-id', '4722', '--raw', '--subdir', 'DAGS_FOLDER/hooks_demo.py', '--cfg-path', '/tmp/tmpf98ittjb']
[2023-11-16T16:06:57.165+0530] {standard_task_runner.py:85} INFO - Job 4722: Subtask tables
[2023-11-16T16:06:57.204+0530] {task_command.py:415} INFO - Running <TaskInstance: hooks_demo.tables scheduled__2023-11-08T00:00:00+00:00 [running]> on host harika-Latitude-5511
[2023-11-16T16:06:57.359+0530] {taskinstance.py:1660} INFO - Exporting env vars: AIRFLOW_CTX_DAG_OWNER='Airflow' AIRFLOW_CTX_DAG_ID='hooks_demo' AIRFLOW_CTX_TASK_ID='tables' AIRFLOW_CTX_EXECUTION_DATE='2023-11-08T00:00:00+00:00' AIRFLOW_CTX_TRY_NUMBER='1' AIRFLOW_CTX_DAG_RUN_ID='scheduled__2023-11-08T00:00:00+00:00'
[2023-11-16T16:06:57.363+0530] {base.py:73} INFO - Using connection ID 'postgres_conn' for task execution.
[2023-11-16T16:06:57.374+0530] {logging_mixin.py:151} INFO - SELECT table_name FROM information_schema.tables WHERE table_schema = 'public'
[2023-11-16T16:06:57.376+0530] {logging_mixin.py:151} INFO - query executed
[2023-11-16T16:06:57.376+0530] {logging_mixin.py:151} INFO - ['source_city_table', 'target_city_table'] table_names
[2023-11-16T16:06:57.376+0530] {logging_mixin.py:151} INFO - ###################################
[2023-11-16T16:06:57.377+0530] {logging_mixin.py:151} INFO - source_city_table tablename
[2023-11-16T16:06:57.377+0530] {logging_mixin.py:151} INFO - ###################################
[2023-11-16T16:06:57.377+0530] {logging_mixin.py:151} INFO - target_city_table tablename
[2023-11-16T16:06:57.377+0530] {python.py:194} INFO - Done. Returned value was: None
[2023-11-16T16:06:57.380+0530] {taskinstance.py:1398} INFO - Marking task as SUCCESS. dag_id=hooks_demo, task_id=tables, execution_date=20231108T000000, start_date=20231116T103657, end_date=20231116T103657
[2023-11-16T16:06:57.416+0530] {local_task_job_runner.py:228} INFO - Task exited with return code 0
[2023-11-16T16:06:57.449+0530] {taskinstance.py:2776} INFO - 1 downstream tasks scheduled from follow-on schedule check
