[2023-11-13T09:54:49.419+0530] {taskinstance.py:1157} INFO - Dependencies all met for dep_context=non-requeueable deps ti=<TaskInstance: hooks_demo.tables scheduled__2023-11-11T00:00:00+00:00 [queued]>
[2023-11-13T09:54:49.423+0530] {taskinstance.py:1157} INFO - Dependencies all met for dep_context=requeueable deps ti=<TaskInstance: hooks_demo.tables scheduled__2023-11-11T00:00:00+00:00 [queued]>
[2023-11-13T09:54:49.423+0530] {taskinstance.py:1359} INFO - Starting attempt 1 of 2
[2023-11-13T09:54:49.434+0530] {taskinstance.py:1380} INFO - Executing <Task(PythonOperator): tables> on 2023-11-11 00:00:00+00:00
[2023-11-13T09:54:49.437+0530] {standard_task_runner.py:57} INFO - Started process 200719 to run task
[2023-11-13T09:54:49.439+0530] {standard_task_runner.py:84} INFO - Running: ['airflow', 'tasks', 'run', 'hooks_demo', 'tables', 'scheduled__2023-11-11T00:00:00+00:00', '--job-id', '4525', '--raw', '--subdir', 'DAGS_FOLDER/hooks.py', '--cfg-path', '/tmp/tmp8lk9c4mn']
[2023-11-13T09:54:49.440+0530] {standard_task_runner.py:85} INFO - Job 4525: Subtask tables
[2023-11-13T09:54:49.461+0530] {task_command.py:415} INFO - Running <TaskInstance: hooks_demo.tables scheduled__2023-11-11T00:00:00+00:00 [running]> on host harika-Latitude-5511
[2023-11-13T09:54:49.577+0530] {taskinstance.py:1660} INFO - Exporting env vars: AIRFLOW_CTX_DAG_OWNER='Airflow' AIRFLOW_CTX_DAG_ID='hooks_demo' AIRFLOW_CTX_TASK_ID='tables' AIRFLOW_CTX_EXECUTION_DATE='2023-11-11T00:00:00+00:00' AIRFLOW_CTX_TRY_NUMBER='1' AIRFLOW_CTX_DAG_RUN_ID='scheduled__2023-11-11T00:00:00+00:00'
[2023-11-13T09:54:49.580+0530] {base.py:73} INFO - Using connection ID 'postgres_conn' for task execution.
[2023-11-13T09:54:49.590+0530] {logging_mixin.py:151} INFO - SELECT table_name FROM information_schema.tables WHERE table_schema = 'public'
[2023-11-13T09:54:49.593+0530] {logging_mixin.py:151} INFO - query executed
[2023-11-13T09:54:49.593+0530] {logging_mixin.py:151} INFO - ['source_city_table', 'target_city_table'] table_names
[2023-11-13T09:54:49.593+0530] {logging_mixin.py:151} INFO - ###################################
[2023-11-13T09:54:49.593+0530] {logging_mixin.py:151} INFO - source_city_table tablename
[2023-11-13T09:54:49.593+0530] {logging_mixin.py:151} INFO - ###################################
[2023-11-13T09:54:49.593+0530] {logging_mixin.py:151} INFO - target_city_table tablename
[2023-11-13T09:54:49.593+0530] {python.py:194} INFO - Done. Returned value was: None
[2023-11-13T09:54:49.597+0530] {taskinstance.py:1398} INFO - Marking task as SUCCESS. dag_id=hooks_demo, task_id=tables, execution_date=20231111T000000, start_date=20231113T042449, end_date=20231113T042449
[2023-11-13T09:54:49.611+0530] {local_task_job_runner.py:228} INFO - Task exited with return code 0
[2023-11-13T09:54:49.623+0530] {taskinstance.py:2776} INFO - 1 downstream tasks scheduled from follow-on schedule check
[2023-11-16T16:07:13.230+0530] {taskinstance.py:1157} INFO - Dependencies all met for dep_context=non-requeueable deps ti=<TaskInstance: hooks_demo.tables scheduled__2023-11-11T00:00:00+00:00 [queued]>
[2023-11-16T16:07:13.234+0530] {taskinstance.py:1157} INFO - Dependencies all met for dep_context=requeueable deps ti=<TaskInstance: hooks_demo.tables scheduled__2023-11-11T00:00:00+00:00 [queued]>
[2023-11-16T16:07:13.235+0530] {taskinstance.py:1359} INFO - Starting attempt 1 of 2
[2023-11-16T16:07:13.245+0530] {taskinstance.py:1380} INFO - Executing <Task(PythonOperator): tables> on 2023-11-11 00:00:00+00:00
[2023-11-16T16:07:13.248+0530] {standard_task_runner.py:57} INFO - Started process 146940 to run task
[2023-11-16T16:07:13.251+0530] {standard_task_runner.py:84} INFO - Running: ['airflow', 'tasks', 'run', 'hooks_demo', 'tables', 'scheduled__2023-11-11T00:00:00+00:00', '--job-id', '4728', '--raw', '--subdir', 'DAGS_FOLDER/hooks_demo.py', '--cfg-path', '/tmp/tmp1ttsplfj']
[2023-11-16T16:07:13.252+0530] {standard_task_runner.py:85} INFO - Job 4728: Subtask tables
[2023-11-16T16:07:13.279+0530] {task_command.py:415} INFO - Running <TaskInstance: hooks_demo.tables scheduled__2023-11-11T00:00:00+00:00 [running]> on host harika-Latitude-5511
[2023-11-16T16:07:13.429+0530] {taskinstance.py:1660} INFO - Exporting env vars: AIRFLOW_CTX_DAG_OWNER='Airflow' AIRFLOW_CTX_DAG_ID='hooks_demo' AIRFLOW_CTX_TASK_ID='tables' AIRFLOW_CTX_EXECUTION_DATE='2023-11-11T00:00:00+00:00' AIRFLOW_CTX_TRY_NUMBER='1' AIRFLOW_CTX_DAG_RUN_ID='scheduled__2023-11-11T00:00:00+00:00'
[2023-11-16T16:07:13.433+0530] {base.py:73} INFO - Using connection ID 'postgres_conn' for task execution.
[2023-11-16T16:07:13.445+0530] {logging_mixin.py:151} INFO - SELECT table_name FROM information_schema.tables WHERE table_schema = 'public'
[2023-11-16T16:07:13.447+0530] {logging_mixin.py:151} INFO - query executed
[2023-11-16T16:07:13.447+0530] {logging_mixin.py:151} INFO - ['source_city_table', 'target_city_table'] table_names
[2023-11-16T16:07:13.447+0530] {logging_mixin.py:151} INFO - ###################################
[2023-11-16T16:07:13.448+0530] {logging_mixin.py:151} INFO - source_city_table tablename
[2023-11-16T16:07:13.448+0530] {logging_mixin.py:151} INFO - ###################################
[2023-11-16T16:07:13.448+0530] {logging_mixin.py:151} INFO - target_city_table tablename
[2023-11-16T16:07:13.448+0530] {python.py:194} INFO - Done. Returned value was: None
[2023-11-16T16:07:13.452+0530] {taskinstance.py:1398} INFO - Marking task as SUCCESS. dag_id=hooks_demo, task_id=tables, execution_date=20231111T000000, start_date=20231116T103713, end_date=20231116T103713
[2023-11-16T16:07:13.503+0530] {local_task_job_runner.py:228} INFO - Task exited with return code 0
[2023-11-16T16:07:13.537+0530] {taskinstance.py:2776} INFO - 1 downstream tasks scheduled from follow-on schedule check
