[2023-11-16T16:06:32.967+0530] {taskinstance.py:1157} INFO - Dependencies all met for dep_context=non-requeueable deps ti=<TaskInstance: hooks_demo.tables manual__2023-11-16T10:36:28.838524+00:00 [queued]>
[2023-11-16T16:06:32.971+0530] {taskinstance.py:1157} INFO - Dependencies all met for dep_context=requeueable deps ti=<TaskInstance: hooks_demo.tables manual__2023-11-16T10:36:28.838524+00:00 [queued]>
[2023-11-16T16:06:32.971+0530] {taskinstance.py:1359} INFO - Starting attempt 1 of 2
[2023-11-16T16:06:32.981+0530] {taskinstance.py:1380} INFO - Executing <Task(PythonOperator): tables> on 2023-11-16 10:36:28.838524+00:00
[2023-11-16T16:06:32.985+0530] {standard_task_runner.py:57} INFO - Started process 146596 to run task
[2023-11-16T16:06:32.987+0530] {standard_task_runner.py:84} INFO - Running: ['airflow', 'tasks', 'run', 'hooks_demo', 'tables', 'manual__2023-11-16T10:36:28.838524+00:00', '--job-id', '4712', '--raw', '--subdir', 'DAGS_FOLDER/hooks_demo.py', '--cfg-path', '/tmp/tmp6bkjdlnc']
[2023-11-16T16:06:32.988+0530] {standard_task_runner.py:85} INFO - Job 4712: Subtask tables
[2023-11-16T16:06:33.011+0530] {task_command.py:415} INFO - Running <TaskInstance: hooks_demo.tables manual__2023-11-16T10:36:28.838524+00:00 [running]> on host harika-Latitude-5511
[2023-11-16T16:06:33.152+0530] {taskinstance.py:1660} INFO - Exporting env vars: AIRFLOW_CTX_DAG_OWNER='Airflow' AIRFLOW_CTX_DAG_ID='hooks_demo' AIRFLOW_CTX_TASK_ID='tables' AIRFLOW_CTX_EXECUTION_DATE='2023-11-16T10:36:28.838524+00:00' AIRFLOW_CTX_TRY_NUMBER='1' AIRFLOW_CTX_DAG_RUN_ID='manual__2023-11-16T10:36:28.838524+00:00'
[2023-11-16T16:06:33.156+0530] {base.py:73} INFO - Using connection ID 'postgres_conn' for task execution.
[2023-11-16T16:06:33.167+0530] {logging_mixin.py:151} INFO - SELECT table_name FROM information_schema.tables WHERE table_schema = 'public'
[2023-11-16T16:06:33.170+0530] {logging_mixin.py:151} INFO - query executed
[2023-11-16T16:06:33.170+0530] {logging_mixin.py:151} INFO - ['source_city_table', 'target_city_table'] table_names
[2023-11-16T16:06:33.170+0530] {logging_mixin.py:151} INFO - ###################################
[2023-11-16T16:06:33.170+0530] {logging_mixin.py:151} INFO - source_city_table tablename
[2023-11-16T16:06:33.170+0530] {logging_mixin.py:151} INFO - ###################################
[2023-11-16T16:06:33.170+0530] {logging_mixin.py:151} INFO - target_city_table tablename
[2023-11-16T16:06:33.171+0530] {python.py:194} INFO - Done. Returned value was: None
[2023-11-16T16:06:33.174+0530] {taskinstance.py:1398} INFO - Marking task as SUCCESS. dag_id=hooks_demo, task_id=tables, execution_date=20231116T103628, start_date=20231116T103632, end_date=20231116T103633
[2023-11-16T16:06:33.198+0530] {local_task_job_runner.py:228} INFO - Task exited with return code 0
[2023-11-16T16:06:33.211+0530] {taskinstance.py:2776} INFO - 1 downstream tasks scheduled from follow-on schedule check
