[2023-10-13T18:37:37.159+0530] {taskinstance.py:1157} INFO - Dependencies all met for dep_context=non-requeueable deps ti=<TaskInstance: pdf_extract.extract_text_from_pdf manual__2023-10-13T13:07:34.033039+00:00 [queued]>
[2023-10-13T18:37:37.164+0530] {taskinstance.py:1157} INFO - Dependencies all met for dep_context=requeueable deps ti=<TaskInstance: pdf_extract.extract_text_from_pdf manual__2023-10-13T13:07:34.033039+00:00 [queued]>
[2023-10-13T18:37:37.164+0530] {taskinstance.py:1359} INFO - Starting attempt 1 of 1
[2023-10-13T18:37:37.172+0530] {taskinstance.py:1380} INFO - Executing <Task(PythonOperator): extract_text_from_pdf> on 2023-10-13 13:07:34.033039+00:00
[2023-10-13T18:37:37.174+0530] {standard_task_runner.py:57} INFO - Started process 38861 to run task
[2023-10-13T18:37:37.176+0530] {standard_task_runner.py:84} INFO - Running: ['airflow', 'tasks', 'run', 'pdf_extract', 'extract_text_from_pdf', 'manual__2023-10-13T13:07:34.033039+00:00', '--job-id', '288', '--raw', '--subdir', 'DAGS_FOLDER/pdf_extract.py', '--cfg-path', '/tmp/tmpb7qddgkz']
[2023-10-13T18:37:37.176+0530] {standard_task_runner.py:85} INFO - Job 288: Subtask extract_text_from_pdf
[2023-10-13T18:37:37.197+0530] {task_command.py:415} INFO - Running <TaskInstance: pdf_extract.extract_text_from_pdf manual__2023-10-13T13:07:34.033039+00:00 [running]> on host harika-Latitude-5511
[2023-10-13T18:37:37.230+0530] {taskinstance.py:1660} INFO - Exporting env vars: AIRFLOW_CTX_DAG_OWNER='airflow' AIRFLOW_CTX_DAG_ID='pdf_extract' AIRFLOW_CTX_TASK_ID='extract_text_from_pdf' AIRFLOW_CTX_EXECUTION_DATE='2023-10-13T13:07:34.033039+00:00' AIRFLOW_CTX_TRY_NUMBER='1' AIRFLOW_CTX_DAG_RUN_ID='manual__2023-10-13T13:07:34.033039+00:00'
[2023-10-13T18:37:37.230+0530] {taskinstance.py:1935} ERROR - Task failed with exception
Traceback (most recent call last):
  File "/home/harika/.local/lib/python3.10/site-packages/airflow/operators/python.py", line 192, in execute
    return_value = self.execute_callable()
  File "/home/harika/.local/lib/python3.10/site-packages/airflow/operators/python.py", line 209, in execute_callable
    return self.python_callable(*self.op_args, **self.op_kwargs)
  File "/home/harika/airflow/dags/pdf_extract.py", line 21, in extract_text_from_pdf
    pdf_file.close()
UnboundLocalError: local variable 'pdf_file' referenced before assignment
[2023-10-13T18:37:37.233+0530] {taskinstance.py:1398} INFO - Marking task as FAILED. dag_id=pdf_extract, task_id=extract_text_from_pdf, execution_date=20231013T130734, start_date=20231013T130737, end_date=20231013T130737
[2023-10-13T18:37:37.240+0530] {standard_task_runner.py:104} ERROR - Failed to execute job 288 for task extract_text_from_pdf (local variable 'pdf_file' referenced before assignment; 38861)
[2023-10-13T18:37:37.267+0530] {local_task_job_runner.py:228} INFO - Task exited with return code 1
[2023-10-13T18:37:37.275+0530] {taskinstance.py:2776} INFO - 0 downstream tasks scheduled from follow-on schedule check
