[2023-11-07T15:56:48.013+0530] {taskinstance.py:1157} INFO - Dependencies all met for dep_context=non-requeueable deps ti=<TaskInstance: example_sensors.wait_some_seconds_async manual__2023-11-07T10:26:41.563383+00:00 [queued]>
[2023-11-07T15:56:48.019+0530] {taskinstance.py:1157} INFO - Dependencies all met for dep_context=requeueable deps ti=<TaskInstance: example_sensors.wait_some_seconds_async manual__2023-11-07T10:26:41.563383+00:00 [queued]>
[2023-11-07T15:56:48.019+0530] {taskinstance.py:1359} INFO - Starting attempt 1 of 1
[2023-11-07T15:56:48.028+0530] {taskinstance.py:1380} INFO - Executing <Task(TimeDeltaSensorAsync): wait_some_seconds_async> on 2023-11-07 10:26:41.563383+00:00
[2023-11-07T15:56:48.031+0530] {standard_task_runner.py:57} INFO - Started process 88138 to run task
[2023-11-07T15:56:48.033+0530] {standard_task_runner.py:84} INFO - Running: ['airflow', 'tasks', 'run', 'example_sensors', 'wait_some_seconds_async', 'manual__2023-11-07T10:26:41.563383+00:00', '--job-id', '4397', '--raw', '--subdir', 'DAGS_FOLDER/example_sensors.py', '--cfg-path', '/tmp/tmpndwstrut']
[2023-11-07T15:56:48.034+0530] {standard_task_runner.py:85} INFO - Job 4397: Subtask wait_some_seconds_async
[2023-11-07T15:56:48.055+0530] {task_command.py:415} INFO - Running <TaskInstance: example_sensors.wait_some_seconds_async manual__2023-11-07T10:26:41.563383+00:00 [running]> on host harika-Latitude-5511
[2023-11-07T15:56:48.099+0530] {taskinstance.py:1660} INFO - Exporting env vars: AIRFLOW_CTX_DAG_OWNER='airflow' AIRFLOW_CTX_DAG_ID='example_sensors' AIRFLOW_CTX_TASK_ID='wait_some_seconds_async' AIRFLOW_CTX_EXECUTION_DATE='2023-11-07T10:26:41.563383+00:00' AIRFLOW_CTX_TRY_NUMBER='1' AIRFLOW_CTX_DAG_RUN_ID='manual__2023-11-07T10:26:41.563383+00:00'
[2023-11-07T15:56:48.102+0530] {taskinstance.py:1524} INFO - Pausing task as DEFERRED. dag_id=example_sensors, task_id=wait_some_seconds_async, execution_date=20231107T102641, start_date=20231107T102648
[2023-11-07T15:56:48.125+0530] {local_task_job_runner.py:225} INFO - Task exited with return code 100 (task deferral)
[2023-11-07T16:00:12.293+0530] {taskinstance.py:1157} INFO - Dependencies all met for dep_context=non-requeueable deps ti=<TaskInstance: example_sensors.wait_some_seconds_async manual__2023-11-07T10:26:41.563383+00:00 [queued]>
[2023-11-07T16:00:12.297+0530] {taskinstance.py:1157} INFO - Dependencies all met for dep_context=requeueable deps ti=<TaskInstance: example_sensors.wait_some_seconds_async manual__2023-11-07T10:26:41.563383+00:00 [queued]>
[2023-11-07T16:00:12.297+0530] {taskinstance.py:1357} INFO - Resuming after deferral
[2023-11-07T16:00:12.307+0530] {taskinstance.py:1380} INFO - Executing <Task(TimeDeltaSensorAsync): wait_some_seconds_async> on 2023-11-07 10:26:41.563383+00:00
[2023-11-07T16:00:12.310+0530] {standard_task_runner.py:57} INFO - Started process 88342 to run task
[2023-11-07T16:00:12.312+0530] {standard_task_runner.py:84} INFO - Running: ['airflow', 'tasks', 'run', 'example_sensors', 'wait_some_seconds_async', 'manual__2023-11-07T10:26:41.563383+00:00', '--job-id', '4408', '--raw', '--subdir', 'DAGS_FOLDER/example_sensors.py', '--cfg-path', '/tmp/tmpmyg1e7a4']
[2023-11-07T16:00:12.313+0530] {standard_task_runner.py:85} INFO - Job 4408: Subtask wait_some_seconds_async
[2023-11-07T16:00:12.337+0530] {task_command.py:415} INFO - Running <TaskInstance: example_sensors.wait_some_seconds_async manual__2023-11-07T10:26:41.563383+00:00 [running]> on host harika-Latitude-5511
[2023-11-07T16:00:12.381+0530] {taskinstance.py:1398} INFO - Marking task as SUCCESS. dag_id=example_sensors, task_id=wait_some_seconds_async, execution_date=20231107T102641, start_date=20231107T102648, end_date=20231107T103012
[2023-11-07T16:00:12.404+0530] {local_task_job_runner.py:228} INFO - Task exited with return code 0
[2023-11-07T16:00:12.427+0530] {taskinstance.py:2776} INFO - 0 downstream tasks scheduled from follow-on schedule check
