[2023-11-13T09:54:53.050+0530] {taskinstance.py:1157} INFO - Dependencies all met for dep_context=non-requeueable deps ti=<TaskInstance: hooks_demo.transfer scheduled__2023-11-10T00:00:00+00:00 [queued]>
[2023-11-13T09:54:53.054+0530] {taskinstance.py:1157} INFO - Dependencies all met for dep_context=requeueable deps ti=<TaskInstance: hooks_demo.transfer scheduled__2023-11-10T00:00:00+00:00 [queued]>
[2023-11-13T09:54:53.054+0530] {taskinstance.py:1359} INFO - Starting attempt 1 of 2
[2023-11-13T09:54:53.063+0530] {taskinstance.py:1380} INFO - Executing <Task(PythonOperator): transfer> on 2023-11-10 00:00:00+00:00
[2023-11-13T09:54:53.066+0530] {standard_task_runner.py:57} INFO - Started process 201434 to run task
[2023-11-13T09:54:53.068+0530] {standard_task_runner.py:84} INFO - Running: ['airflow', 'tasks', 'run', 'hooks_demo', 'transfer', 'scheduled__2023-11-10T00:00:00+00:00', '--job-id', '4527', '--raw', '--subdir', 'DAGS_FOLDER/hooks.py', '--cfg-path', '/tmp/tmprgtmi798']
[2023-11-13T09:54:53.069+0530] {standard_task_runner.py:85} INFO - Job 4527: Subtask transfer
[2023-11-13T09:54:53.090+0530] {task_command.py:415} INFO - Running <TaskInstance: hooks_demo.transfer scheduled__2023-11-10T00:00:00+00:00 [running]> on host harika-Latitude-5511
[2023-11-13T09:54:53.208+0530] {taskinstance.py:1660} INFO - Exporting env vars: AIRFLOW_CTX_DAG_OWNER='Airflow' AIRFLOW_CTX_DAG_ID='hooks_demo' AIRFLOW_CTX_TASK_ID='transfer' AIRFLOW_CTX_EXECUTION_DATE='2023-11-10T00:00:00+00:00' AIRFLOW_CTX_TRY_NUMBER='1' AIRFLOW_CTX_DAG_RUN_ID='scheduled__2023-11-10T00:00:00+00:00'
[2023-11-13T09:54:53.211+0530] {base.py:73} INFO - Using connection ID 'postgres_conn' for task execution.
[2023-11-13T09:54:53.223+0530] {base.py:73} INFO - Using connection ID 'postgres_conn' for task execution.
[2023-11-13T09:54:53.232+0530] {logging_mixin.py:151} INFO - records [('Los Angles                                        ', 'ls                  '), ('Houston                                           ', 'ht                  '), ('New york                                          ', 'ny                  ')]
[2023-11-13T09:54:53.234+0530] {logging_mixin.py:151} INFO - Data transferred successfully
[2023-11-13T09:54:53.234+0530] {python.py:194} INFO - Done. Returned value was: None
[2023-11-13T09:54:53.238+0530] {taskinstance.py:1398} INFO - Marking task as SUCCESS. dag_id=hooks_demo, task_id=transfer, execution_date=20231110T000000, start_date=20231113T042453, end_date=20231113T042453
[2023-11-13T09:54:53.280+0530] {local_task_job_runner.py:228} INFO - Task exited with return code 0
[2023-11-13T09:54:53.300+0530] {taskinstance.py:2776} INFO - 0 downstream tasks scheduled from follow-on schedule check
[2023-11-16T16:07:15.423+0530] {taskinstance.py:1157} INFO - Dependencies all met for dep_context=non-requeueable deps ti=<TaskInstance: hooks_demo.transfer scheduled__2023-11-10T00:00:00+00:00 [queued]>
[2023-11-16T16:07:15.428+0530] {taskinstance.py:1157} INFO - Dependencies all met for dep_context=requeueable deps ti=<TaskInstance: hooks_demo.transfer scheduled__2023-11-10T00:00:00+00:00 [queued]>
[2023-11-16T16:07:15.428+0530] {taskinstance.py:1359} INFO - Starting attempt 1 of 2
[2023-11-16T16:07:15.438+0530] {taskinstance.py:1380} INFO - Executing <Task(PythonOperator): transfer> on 2023-11-10 00:00:00+00:00
[2023-11-16T16:07:15.442+0530] {standard_task_runner.py:57} INFO - Started process 146957 to run task
[2023-11-16T16:07:15.444+0530] {standard_task_runner.py:84} INFO - Running: ['airflow', 'tasks', 'run', 'hooks_demo', 'transfer', 'scheduled__2023-11-10T00:00:00+00:00', '--job-id', '4729', '--raw', '--subdir', 'DAGS_FOLDER/hooks_demo.py', '--cfg-path', '/tmp/tmpazfl2w66']
[2023-11-16T16:07:15.444+0530] {standard_task_runner.py:85} INFO - Job 4729: Subtask transfer
[2023-11-16T16:07:15.467+0530] {task_command.py:415} INFO - Running <TaskInstance: hooks_demo.transfer scheduled__2023-11-10T00:00:00+00:00 [running]> on host harika-Latitude-5511
[2023-11-16T16:07:15.610+0530] {taskinstance.py:1660} INFO - Exporting env vars: AIRFLOW_CTX_DAG_OWNER='Airflow' AIRFLOW_CTX_DAG_ID='hooks_demo' AIRFLOW_CTX_TASK_ID='transfer' AIRFLOW_CTX_EXECUTION_DATE='2023-11-10T00:00:00+00:00' AIRFLOW_CTX_TRY_NUMBER='1' AIRFLOW_CTX_DAG_RUN_ID='scheduled__2023-11-10T00:00:00+00:00'
[2023-11-16T16:07:15.614+0530] {base.py:73} INFO - Using connection ID 'postgres_conn' for task execution.
[2023-11-16T16:07:15.627+0530] {base.py:73} INFO - Using connection ID 'postgres_conn' for task execution.
[2023-11-16T16:07:15.636+0530] {logging_mixin.py:151} INFO - records [('New york                                          ', 'ny                  ')]
[2023-11-16T16:07:15.638+0530] {logging_mixin.py:151} INFO - Data transferred successfully
[2023-11-16T16:07:15.639+0530] {python.py:194} INFO - Done. Returned value was: None
[2023-11-16T16:07:15.643+0530] {taskinstance.py:1398} INFO - Marking task as SUCCESS. dag_id=hooks_demo, task_id=transfer, execution_date=20231110T000000, start_date=20231116T103715, end_date=20231116T103715
[2023-11-16T16:07:15.656+0530] {local_task_job_runner.py:228} INFO - Task exited with return code 0
[2023-11-16T16:07:15.664+0530] {taskinstance.py:2776} INFO - 0 downstream tasks scheduled from follow-on schedule check
