[2023-10-13T19:05:49.741+0530] {taskinstance.py:1157} INFO - Dependencies all met for dep_context=non-requeueable deps ti=<TaskInstance: pdf_extract.extract_text_from_pdf manual__2023-10-13T13:35:47.206985+00:00 [queued]>
[2023-10-13T19:05:49.747+0530] {taskinstance.py:1157} INFO - Dependencies all met for dep_context=requeueable deps ti=<TaskInstance: pdf_extract.extract_text_from_pdf manual__2023-10-13T13:35:47.206985+00:00 [queued]>
[2023-10-13T19:05:49.747+0530] {taskinstance.py:1359} INFO - Starting attempt 1 of 1
[2023-10-13T19:05:49.756+0530] {taskinstance.py:1380} INFO - Executing <Task(PythonOperator): extract_text_from_pdf> on 2023-10-13 13:35:47.206985+00:00
[2023-10-13T19:05:49.758+0530] {standard_task_runner.py:57} INFO - Started process 41327 to run task
[2023-10-13T19:05:49.760+0530] {standard_task_runner.py:84} INFO - Running: ['airflow', 'tasks', 'run', 'pdf_extract', 'extract_text_from_pdf', 'manual__2023-10-13T13:35:47.206985+00:00', '--job-id', '290', '--raw', '--subdir', 'DAGS_FOLDER/pdf_extract.py', '--cfg-path', '/tmp/tmpqeyv4bza']
[2023-10-13T19:05:49.760+0530] {standard_task_runner.py:85} INFO - Job 290: Subtask extract_text_from_pdf
[2023-10-13T19:05:49.783+0530] {task_command.py:415} INFO - Running <TaskInstance: pdf_extract.extract_text_from_pdf manual__2023-10-13T13:35:47.206985+00:00 [running]> on host harika-Latitude-5511
[2023-10-13T19:05:49.819+0530] {taskinstance.py:1660} INFO - Exporting env vars: AIRFLOW_CTX_DAG_OWNER='airflow' AIRFLOW_CTX_DAG_ID='pdf_extract' AIRFLOW_CTX_TASK_ID='extract_text_from_pdf' AIRFLOW_CTX_EXECUTION_DATE='2023-10-13T13:35:47.206985+00:00' AIRFLOW_CTX_TRY_NUMBER='1' AIRFLOW_CTX_DAG_RUN_ID='manual__2023-10-13T13:35:47.206985+00:00'
[2023-10-13T19:05:49.820+0530] {taskinstance.py:1935} ERROR - Task failed with exception
Traceback (most recent call last):
  File "/home/harika/.local/lib/python3.10/site-packages/airflow/operators/python.py", line 192, in execute
    return_value = self.execute_callable()
  File "/home/harika/.local/lib/python3.10/site-packages/airflow/operators/python.py", line 209, in execute_callable
    return self.python_callable(*self.op_args, **self.op_kwargs)
  File "/home/harika/airflow/dags/pdf_extract.py", line 21, in extract_text_from_pdf
    pdf_file.close()
UnboundLocalError: local variable 'pdf_file' referenced before assignment
[2023-10-13T19:05:49.823+0530] {taskinstance.py:1398} INFO - Marking task as FAILED. dag_id=pdf_extract, task_id=extract_text_from_pdf, execution_date=20231013T133547, start_date=20231013T133549, end_date=20231013T133549
[2023-10-13T19:05:49.830+0530] {standard_task_runner.py:104} ERROR - Failed to execute job 290 for task extract_text_from_pdf (local variable 'pdf_file' referenced before assignment; 41327)
[2023-10-13T19:05:49.852+0530] {local_task_job_runner.py:228} INFO - Task exited with return code 1
[2023-10-13T19:05:49.860+0530] {taskinstance.py:2776} INFO - 0 downstream tasks scheduled from follow-on schedule check
