[2023-10-25T10:07:42.160+0530] {taskinstance.py:1157} INFO - Dependencies all met for dep_context=non-requeueable deps ti=<TaskInstance: wikipedia_dag.get_details_from_wikipedia_task scheduled__2023-10-24T00:00:00+00:00 [queued]>
[2023-10-25T10:07:42.170+0530] {taskinstance.py:1157} INFO - Dependencies all met for dep_context=requeueable deps ti=<TaskInstance: wikipedia_dag.get_details_from_wikipedia_task scheduled__2023-10-24T00:00:00+00:00 [queued]>
[2023-10-25T10:07:42.171+0530] {taskinstance.py:1359} INFO - Starting attempt 1 of 2
[2023-10-25T10:07:42.189+0530] {taskinstance.py:1380} INFO - Executing <Task(PythonOperator): get_details_from_wikipedia_task> on 2023-10-24 00:00:00+00:00
[2023-10-25T10:07:42.194+0530] {standard_task_runner.py:57} INFO - Started process 8186 to run task
[2023-10-25T10:07:42.197+0530] {standard_task_runner.py:84} INFO - Running: ['airflow', 'tasks', 'run', 'wikipedia_dag', 'get_details_from_wikipedia_task', 'scheduled__2023-10-24T00:00:00+00:00', '--job-id', '833', '--raw', '--subdir', 'DAGS_FOLDER/word_count.py', '--cfg-path', '/tmp/tmpivrnxli1']
[2023-10-25T10:07:42.199+0530] {standard_task_runner.py:85} INFO - Job 833: Subtask get_details_from_wikipedia_task
[2023-10-25T10:07:42.228+0530] {task_command.py:415} INFO - Running <TaskInstance: wikipedia_dag.get_details_from_wikipedia_task scheduled__2023-10-24T00:00:00+00:00 [running]> on host harika-Latitude-5511
[2023-10-25T10:07:42.289+0530] {taskinstance.py:1660} INFO - Exporting env vars: AIRFLOW_CTX_DAG_EMAIL='harikasree2225@gmail.com' AIRFLOW_CTX_DAG_OWNER='airflow' AIRFLOW_CTX_DAG_ID='wikipedia_dag' AIRFLOW_CTX_TASK_ID='get_details_from_wikipedia_task' AIRFLOW_CTX_EXECUTION_DATE='2023-10-24T00:00:00+00:00' AIRFLOW_CTX_TRY_NUMBER='1' AIRFLOW_CTX_DAG_RUN_ID='scheduled__2023-10-24T00:00:00+00:00'
[2023-10-25T10:07:42.292+0530] {logging_mixin.py:151} INFO - Fruit
[2023-10-25T10:07:44.376+0530] {logging_mixin.py:151} INFO - Fruit
[2023-10-25T10:07:45.230+0530] {python.py:194} INFO - Done. Returned value was: /home/harika/wikidata/Fruit/content.txt
[2023-10-25T10:07:45.242+0530] {taskinstance.py:1398} INFO - Marking task as SUCCESS. dag_id=wikipedia_dag, task_id=get_details_from_wikipedia_task, execution_date=20231024T000000, start_date=20231025T043742, end_date=20231025T043745
[2023-10-25T10:07:45.259+0530] {local_task_job_runner.py:228} INFO - Task exited with return code 0
[2023-10-25T10:07:45.275+0530] {taskinstance.py:2776} INFO - 2 downstream tasks scheduled from follow-on schedule check
[2023-10-25T11:17:57.291+0530] {taskinstance.py:1157} INFO - Dependencies all met for dep_context=non-requeueable deps ti=<TaskInstance: wikipedia_dag.get_details_from_wikipedia_task scheduled__2023-10-24T00:00:00+00:00 [queued]>
[2023-10-25T11:17:57.296+0530] {taskinstance.py:1157} INFO - Dependencies all met for dep_context=requeueable deps ti=<TaskInstance: wikipedia_dag.get_details_from_wikipedia_task scheduled__2023-10-24T00:00:00+00:00 [queued]>
[2023-10-25T11:17:57.296+0530] {taskinstance.py:1359} INFO - Starting attempt 1 of 2
[2023-10-25T11:17:57.304+0530] {taskinstance.py:1380} INFO - Executing <Task(PythonOperator): get_details_from_wikipedia_task> on 2023-10-24 00:00:00+00:00
[2023-10-25T11:17:57.308+0530] {standard_task_runner.py:57} INFO - Started process 38249 to run task
[2023-10-25T11:17:57.309+0530] {standard_task_runner.py:84} INFO - Running: ['airflow', 'tasks', 'run', 'wikipedia_dag', 'get_details_from_wikipedia_task', 'scheduled__2023-10-24T00:00:00+00:00', '--job-id', '491', '--raw', '--subdir', 'DAGS_FOLDER/word_count.py', '--cfg-path', '/tmp/tmppj3emhpa']
[2023-10-25T11:17:57.310+0530] {standard_task_runner.py:85} INFO - Job 491: Subtask get_details_from_wikipedia_task
[2023-10-25T11:17:57.332+0530] {task_command.py:415} INFO - Running <TaskInstance: wikipedia_dag.get_details_from_wikipedia_task scheduled__2023-10-24T00:00:00+00:00 [running]> on host harika-Latitude-5511
[2023-10-25T11:17:57.368+0530] {taskinstance.py:1660} INFO - Exporting env vars: AIRFLOW_CTX_DAG_EMAIL='harikasree2225@gmail.com' AIRFLOW_CTX_DAG_OWNER='airflow' AIRFLOW_CTX_DAG_ID='wikipedia_dag' AIRFLOW_CTX_TASK_ID='get_details_from_wikipedia_task' AIRFLOW_CTX_EXECUTION_DATE='2023-10-24T00:00:00+00:00' AIRFLOW_CTX_TRY_NUMBER='1' AIRFLOW_CTX_DAG_RUN_ID='scheduled__2023-10-24T00:00:00+00:00'
[2023-10-25T11:17:57.369+0530] {logging_mixin.py:151} INFO - Fruit
[2023-10-25T11:17:59.441+0530] {logging_mixin.py:151} INFO - Fruit
[2023-10-25T11:18:00.330+0530] {python.py:194} INFO - Done. Returned value was: /home/harika/wikidata/Fruit/content.txt
[2023-10-25T11:18:00.340+0530] {taskinstance.py:1398} INFO - Marking task as SUCCESS. dag_id=wikipedia_dag, task_id=get_details_from_wikipedia_task, execution_date=20231024T000000, start_date=20231025T054757, end_date=20231025T054800
[2023-10-25T11:18:00.371+0530] {local_task_job_runner.py:228} INFO - Task exited with return code 0
[2023-10-25T11:18:00.385+0530] {taskinstance.py:2776} INFO - 2 downstream tasks scheduled from follow-on schedule check
