[2023-11-13T14:05:20.601+0530] {taskinstance.py:1157} INFO - Dependencies all met for dep_context=non-requeueable deps ti=<TaskInstance: deferrable.wait_sensor_non_deferrable manual__2023-11-13T07:37:03.998958+00:00 [queued]>
[2023-11-13T14:05:20.605+0530] {taskinstance.py:1157} INFO - Dependencies all met for dep_context=requeueable deps ti=<TaskInstance: deferrable.wait_sensor_non_deferrable manual__2023-11-13T07:37:03.998958+00:00 [queued]>
[2023-11-13T14:05:20.605+0530] {taskinstance.py:1359} INFO - Starting attempt 1 of 1
[2023-11-13T14:05:20.615+0530] {taskinstance.py:1380} INFO - Executing <Task(WaitOneHourSensor): wait_sensor_non_deferrable> on 2023-11-13 07:37:03.998958+00:00
[2023-11-13T14:05:20.618+0530] {standard_task_runner.py:57} INFO - Started process 224850 to run task
[2023-11-13T14:05:20.620+0530] {standard_task_runner.py:84} INFO - Running: ['airflow', 'tasks', 'run', 'deferrable', 'wait_sensor_non_deferrable', 'manual__2023-11-13T07:37:03.998958+00:00', '--job-id', '4540', '--raw', '--subdir', 'DAGS_FOLDER/deferrable_operator.py', '--cfg-path', '/tmp/tmphts5jm2j']
[2023-11-13T14:05:20.621+0530] {standard_task_runner.py:85} INFO - Job 4540: Subtask wait_sensor_non_deferrable
[2023-11-13T14:05:20.643+0530] {task_command.py:415} INFO - Running <TaskInstance: deferrable.wait_sensor_non_deferrable manual__2023-11-13T07:37:03.998958+00:00 [running]> on host harika-Latitude-5511
[2023-11-13T14:05:20.683+0530] {taskinstance.py:1660} INFO - Exporting env vars: AIRFLOW_CTX_DAG_OWNER='airflow' AIRFLOW_CTX_DAG_ID='deferrable' AIRFLOW_CTX_TASK_ID='wait_sensor_non_deferrable' AIRFLOW_CTX_EXECUTION_DATE='2023-11-13T07:37:03.998958+00:00' AIRFLOW_CTX_TRY_NUMBER='1' AIRFLOW_CTX_DAG_RUN_ID='manual__2023-11-13T07:37:03.998958+00:00'
[2023-11-13T14:27:06.349+0530] {process_utils.py:131} INFO - Sending Signals.SIGTERM to group 224850. PIDs of all processes in the group: [224850]
[2023-11-13T14:27:06.349+0530] {process_utils.py:86} INFO - Sending the signal Signals.SIGTERM to group 224850
[2023-11-13T14:27:06.349+0530] {taskinstance.py:1630} ERROR - Received SIGTERM. Terminating subprocesses.
[2023-11-13T14:27:06.353+0530] {taskinstance.py:1935} ERROR - Task failed with exception
Traceback (most recent call last):
  File "/home/harika/airflow/plugins/deferrable_op.py", line 25, in execute
    print("not deferrable")
  File "/home/harika/.local/lib/python3.10/site-packages/airflow/models/taskinstance.py", line 1632, in signal_handler
    raise AirflowException("Task received SIGTERM signal")
airflow.exceptions.AirflowException: Task received SIGTERM signal
[2023-11-13T14:27:06.356+0530] {taskinstance.py:1398} INFO - Marking task as FAILED. dag_id=deferrable, task_id=wait_sensor_non_deferrable, execution_date=20231113T073703, start_date=20231113T083520, end_date=20231113T085706
[2023-11-13T14:27:06.365+0530] {standard_task_runner.py:104} ERROR - Failed to execute job 4540 for task wait_sensor_non_deferrable (Task received SIGTERM signal; 224850)
[2023-11-13T14:27:06.375+0530] {process_utils.py:79} INFO - Process psutil.Process(pid=224850, status='terminated', exitcode=1, started='14:05:20') (224850) terminated with exit code 1
