[2023-11-07T14:48:02.492+0530] {taskinstance.py:1157} INFO - Dependencies all met for dep_context=non-requeueable deps ti=<TaskInstance: example_sensors.Sensor_fails_after_3_seconds manual__2023-11-07T09:16:43.573302+00:00 [queued]>
[2023-11-07T14:48:02.497+0530] {taskinstance.py:1157} INFO - Dependencies all met for dep_context=requeueable deps ti=<TaskInstance: example_sensors.Sensor_fails_after_3_seconds manual__2023-11-07T09:16:43.573302+00:00 [queued]>
[2023-11-07T14:48:02.497+0530] {taskinstance.py:1359} INFO - Starting attempt 1 of 1
[2023-11-07T14:48:02.507+0530] {taskinstance.py:1380} INFO - Executing <Task(BashSensor): Sensor_fails_after_3_seconds> on 2023-11-07 09:16:43.573302+00:00
[2023-11-07T14:48:02.510+0530] {standard_task_runner.py:57} INFO - Started process 82196 to run task
[2023-11-07T14:48:02.512+0530] {standard_task_runner.py:84} INFO - Running: ['airflow', 'tasks', 'run', 'example_sensors', 'Sensor_fails_after_3_seconds', 'manual__2023-11-07T09:16:43.573302+00:00', '--job-id', '4366', '--raw', '--subdir', 'DAGS_FOLDER/example_sensors.py', '--cfg-path', '/tmp/tmphl18jrsv']
[2023-11-07T14:48:02.513+0530] {standard_task_runner.py:85} INFO - Job 4366: Subtask Sensor_fails_after_3_seconds
[2023-11-07T14:48:02.536+0530] {task_command.py:415} INFO - Running <TaskInstance: example_sensors.Sensor_fails_after_3_seconds manual__2023-11-07T09:16:43.573302+00:00 [running]> on host harika-Latitude-5511
[2023-11-07T14:48:02.586+0530] {taskinstance.py:1660} INFO - Exporting env vars: AIRFLOW_CTX_DAG_OWNER='airflow' AIRFLOW_CTX_DAG_ID='example_sensors' AIRFLOW_CTX_TASK_ID='Sensor_fails_after_3_seconds' AIRFLOW_CTX_EXECUTION_DATE='2023-11-07T09:16:43.573302+00:00' AIRFLOW_CTX_TRY_NUMBER='1' AIRFLOW_CTX_DAG_RUN_ID='manual__2023-11-07T09:16:43.573302+00:00'
[2023-11-07T14:48:02.587+0530] {bash.py:70} INFO - Tmp dir root location: /tmp
[2023-11-07T14:48:02.588+0530] {bash.py:77} INFO - Temporary script location: /tmp/airflowtmp0mmi8rsv//tmp/airflowtmp0mmi8rsv/Sensor_fails_after_3_seconds_v6lcews
[2023-11-07T14:48:02.588+0530] {bash.py:78} INFO - Running command: exit 1
[2023-11-07T14:48:02.595+0530] {bash.py:90} INFO - Output:
[2023-11-07T14:48:02.596+0530] {bash.py:94} INFO - Command exited with return code 1
[2023-11-07T14:48:02.596+0530] {bash.py:110} INFO - Non-zero return code and no retry code set, will retry later
[2023-11-07T14:49:02.656+0530] {bash.py:70} INFO - Tmp dir root location: /tmp
[2023-11-07T14:49:02.657+0530] {bash.py:77} INFO - Temporary script location: /tmp/airflowtmp9bz37kr1//tmp/airflowtmp9bz37kr1/Sensor_fails_after_3_secondswp6f5ryh
[2023-11-07T14:49:02.658+0530] {bash.py:78} INFO - Running command: exit 1
[2023-11-07T14:49:02.669+0530] {bash.py:90} INFO - Output:
[2023-11-07T14:49:02.670+0530] {bash.py:94} INFO - Command exited with return code 1
[2023-11-07T14:49:02.670+0530] {bash.py:110} INFO - Non-zero return code and no retry code set, will retry later
[2023-11-07T14:49:02.670+0530] {taskinstance.py:1540} INFO - Sensor has timed out; run duration of 60.08285390099627 seconds exceeds the specified timeout of 3.0.
[2023-11-07T14:49:02.677+0530] {taskinstance.py:1398} INFO - Marking task as SKIPPED. dag_id=example_sensors, task_id=Sensor_fails_after_3_seconds, execution_date=20231107T091643, start_date=20231107T091802, end_date=20231107T091902
[2023-11-07T14:49:02.719+0530] {local_task_job_runner.py:228} INFO - Task exited with return code 0
[2023-11-07T14:49:02.753+0530] {taskinstance.py:2776} INFO - 0 downstream tasks scheduled from follow-on schedule check
