[2023-10-18T15:24:25.140+0530] {taskinstance.py:1157} INFO - Dependencies all met for dep_context=non-requeueable deps ti=<TaskInstance: wikipedia_dag.get_details_from_wikipedia_task manual__2023-10-18T09:54:21.855004+00:00 [queued]>
[2023-10-18T15:24:25.144+0530] {taskinstance.py:1157} INFO - Dependencies all met for dep_context=requeueable deps ti=<TaskInstance: wikipedia_dag.get_details_from_wikipedia_task manual__2023-10-18T09:54:21.855004+00:00 [queued]>
[2023-10-18T15:24:25.144+0530] {taskinstance.py:1359} INFO - Starting attempt 1 of 2
[2023-10-18T15:24:25.153+0530] {taskinstance.py:1380} INFO - Executing <Task(PythonOperator): get_details_from_wikipedia_task> on 2023-10-18 09:54:21.855004+00:00
[2023-10-18T15:24:25.155+0530] {standard_task_runner.py:57} INFO - Started process 73800 to run task
[2023-10-18T15:24:25.157+0530] {standard_task_runner.py:84} INFO - Running: ['airflow', 'tasks', 'run', 'wikipedia_dag', 'get_details_from_wikipedia_task', 'manual__2023-10-18T09:54:21.855004+00:00', '--job-id', '340', '--raw', '--subdir', 'DAGS_FOLDER/word_count.py', '--cfg-path', '/tmp/tmpjmi_4f5h']
[2023-10-18T15:24:25.158+0530] {standard_task_runner.py:85} INFO - Job 340: Subtask get_details_from_wikipedia_task
[2023-10-18T15:24:25.181+0530] {task_command.py:415} INFO - Running <TaskInstance: wikipedia_dag.get_details_from_wikipedia_task manual__2023-10-18T09:54:21.855004+00:00 [running]> on host harika-Latitude-5511
[2023-10-18T15:24:25.222+0530] {taskinstance.py:1660} INFO - Exporting env vars: AIRFLOW_CTX_DAG_EMAIL='harikasree2k@gmail.com' AIRFLOW_CTX_DAG_OWNER='airflow' AIRFLOW_CTX_DAG_ID='wikipedia_dag' AIRFLOW_CTX_TASK_ID='get_details_from_wikipedia_task' AIRFLOW_CTX_EXECUTION_DATE='2023-10-18T09:54:21.855004+00:00' AIRFLOW_CTX_TRY_NUMBER='1' AIRFLOW_CTX_DAG_RUN_ID='manual__2023-10-18T09:54:21.855004+00:00'
[2023-10-18T15:24:25.223+0530] {logging_mixin.py:151} INFO - Artificial intelligence
[2023-10-18T15:24:26.824+0530] {logging_mixin.py:151} INFO - Artificial intelligence
[2023-10-18T15:24:28.006+0530] {taskinstance.py:1935} ERROR - Task failed with exception
Traceback (most recent call last):
  File "/home/harika/.local/lib/python3.10/site-packages/airflow/operators/python.py", line 192, in execute
    return_value = self.execute_callable()
  File "/home/harika/.local/lib/python3.10/site-packages/airflow/operators/python.py", line 209, in execute_callable
    return self.python_callable(*self.op_args, **self.op_kwargs)
  File "/home/harika/airflow/dags/word_count.py", line 46, in get_details_from_wikipedia_api
    os.makedirs(download_folder)
  File "/usr/lib/python3.10/os.py", line 215, in makedirs
    makedirs(head, exist_ok=exist_ok)
  File "/usr/lib/python3.10/os.py", line 225, in makedirs
    mkdir(name, mode)
PermissionError: [Errno 13] Permission denied: '/home/wikidata'
[2023-10-18T15:24:28.009+0530] {taskinstance.py:1398} INFO - Marking task as UP_FOR_RETRY. dag_id=wikipedia_dag, task_id=get_details_from_wikipedia_task, execution_date=20231018T095421, start_date=20231018T095425, end_date=20231018T095428
[2023-10-18T15:24:28.021+0530] {standard_task_runner.py:104} ERROR - Failed to execute job 340 for task get_details_from_wikipedia_task ([Errno 13] Permission denied: '/home/wikidata'; 73800)
[2023-10-18T15:24:28.059+0530] {local_task_job_runner.py:228} INFO - Task exited with return code 1
[2023-10-18T15:24:28.075+0530] {taskinstance.py:2776} INFO - 0 downstream tasks scheduled from follow-on schedule check
