[2023-10-19T14:49:01.548+0530] {taskinstance.py:1157} INFO - Dependencies all met for dep_context=non-requeueable deps ti=<TaskInstance: wikipedia_dag.send_processed_file_as_email manual__2023-10-19T09:18:40.319942+00:00 [queued]>
[2023-10-19T14:49:01.553+0530] {taskinstance.py:1157} INFO - Dependencies all met for dep_context=requeueable deps ti=<TaskInstance: wikipedia_dag.send_processed_file_as_email manual__2023-10-19T09:18:40.319942+00:00 [queued]>
[2023-10-19T14:49:01.553+0530] {taskinstance.py:1359} INFO - Starting attempt 1 of 2
[2023-10-19T14:49:01.563+0530] {taskinstance.py:1380} INFO - Executing <Task(PythonOperator): send_processed_file_as_email> on 2023-10-19 09:18:40.319942+00:00
[2023-10-19T14:49:01.566+0530] {standard_task_runner.py:57} INFO - Started process 108385 to run task
[2023-10-19T14:49:01.568+0530] {standard_task_runner.py:84} INFO - Running: ['airflow', 'tasks', 'run', 'wikipedia_dag', 'send_processed_file_as_email', 'manual__2023-10-19T09:18:40.319942+00:00', '--job-id', '681', '--raw', '--subdir', 'DAGS_FOLDER/word_count.py', '--cfg-path', '/tmp/tmpx5ufvtv2']
[2023-10-19T14:49:01.568+0530] {standard_task_runner.py:85} INFO - Job 681: Subtask send_processed_file_as_email
[2023-10-19T14:49:01.591+0530] {task_command.py:415} INFO - Running <TaskInstance: wikipedia_dag.send_processed_file_as_email manual__2023-10-19T09:18:40.319942+00:00 [running]> on host harika-Latitude-5511
[2023-10-19T14:49:01.629+0530] {taskinstance.py:1660} INFO - Exporting env vars: AIRFLOW_CTX_DAG_EMAIL='harikasree2225@gmail.com' AIRFLOW_CTX_DAG_OWNER='airflow' AIRFLOW_CTX_DAG_ID='wikipedia_dag' AIRFLOW_CTX_TASK_ID='send_processed_file_as_email' AIRFLOW_CTX_EXECUTION_DATE='2023-10-19T09:18:40.319942+00:00' AIRFLOW_CTX_TRY_NUMBER='1' AIRFLOW_CTX_DAG_RUN_ID='manual__2023-10-19T09:18:40.319942+00:00'
[2023-10-19T14:49:01.633+0530] {logging_mixin.py:151} INFO - Input file location: /home/harika/wikidata/Artificial intelligence/content.txt
[2023-10-19T14:49:01.635+0530] {taskinstance.py:1935} ERROR - Task failed with exception
Traceback (most recent call last):
  File "/home/harika/.local/lib/python3.10/site-packages/airflow/operators/python.py", line 192, in execute
    return_value = self.execute_callable()
  File "/home/harika/.local/lib/python3.10/site-packages/airflow/operators/python.py", line 209, in execute_callable
    return self.python_callable(*self.op_args, **self.op_kwargs)
  File "/home/harika/airflow/dags/word_count.py", line 66, in send_processed_file_as_email
    processed_email_task.execute(context)
  File "/home/harika/.local/lib/python3.10/site-packages/airflow/operators/email.py", line 77, in execute
    send_email(
  File "/home/harika/.local/lib/python3.10/site-packages/airflow/utils/email.py", line 80, in send_email
    return backend(
  File "/home/harika/.local/lib/python3.10/site-packages/airflow/utils/email.py", line 141, in send_email_smtp
    msg, recipients = build_mime_message(
  File "/home/harika/.local/lib/python3.10/site-packages/airflow/utils/email.py", line 208, in build_mime_message
    with open(fname, "rb") as file:
FileNotFoundError: [Errno 2] No such file or directory: '/home/harika/wikidata/Artificial intelligence/content_counts.csv'
[2023-10-19T14:49:01.637+0530] {taskinstance.py:1398} INFO - Marking task as UP_FOR_RETRY. dag_id=wikipedia_dag, task_id=send_processed_file_as_email, execution_date=20231019T091840, start_date=20231019T091901, end_date=20231019T091901
[2023-10-19T14:49:01.643+0530] {standard_task_runner.py:104} ERROR - Failed to execute job 681 for task send_processed_file_as_email ([Errno 2] No such file or directory: '/home/harika/wikidata/Artificial intelligence/content_counts.csv'; 108385)
[2023-10-19T14:49:01.660+0530] {local_task_job_runner.py:228} INFO - Task exited with return code 1
[2023-10-19T14:49:01.672+0530] {taskinstance.py:2776} INFO - 0 downstream tasks scheduled from follow-on schedule check
