[2023-10-31T14:22:32.583+0530] {taskinstance.py:1157} INFO - Dependencies all met for dep_context=non-requeueable deps ti=<TaskInstance: date_time_example.wait_until_new_year manual__2023-10-31T08:52:30.975320+00:00 [queued]>
[2023-10-31T14:22:32.588+0530] {taskinstance.py:1157} INFO - Dependencies all met for dep_context=requeueable deps ti=<TaskInstance: date_time_example.wait_until_new_year manual__2023-10-31T08:52:30.975320+00:00 [queued]>
[2023-10-31T14:22:32.588+0530] {taskinstance.py:1359} INFO - Starting attempt 1 of 1
[2023-10-31T14:22:32.598+0530] {taskinstance.py:1380} INFO - Executing <Task(DateTimeSensor): wait_until_new_year> on 2023-10-31 08:52:30.975320+00:00
[2023-10-31T14:22:32.601+0530] {standard_task_runner.py:57} INFO - Started process 883822 to run task
[2023-10-31T14:22:32.603+0530] {standard_task_runner.py:84} INFO - Running: ['airflow', 'tasks', 'run', 'date_time_example', 'wait_until_new_year', 'manual__2023-10-31T08:52:30.975320+00:00', '--job-id', '2082', '--raw', '--subdir', 'DAGS_FOLDER/dataTimeSensor.py', '--cfg-path', '/tmp/tmpqgfwo8nl']
[2023-10-31T14:22:32.604+0530] {standard_task_runner.py:85} INFO - Job 2082: Subtask wait_until_new_year
[2023-10-31T14:22:32.629+0530] {task_command.py:415} INFO - Running <TaskInstance: date_time_example.wait_until_new_year manual__2023-10-31T08:52:30.975320+00:00 [running]> on host harika-Latitude-5511
[2023-10-31T14:22:32.672+0530] {taskinstance.py:1660} INFO - Exporting env vars: AIRFLOW_CTX_DAG_OWNER='airflow' AIRFLOW_CTX_DAG_ID='date_time_example' AIRFLOW_CTX_TASK_ID='wait_until_new_year' AIRFLOW_CTX_EXECUTION_DATE='2023-10-31T08:52:30.975320+00:00' AIRFLOW_CTX_TRY_NUMBER='1' AIRFLOW_CTX_DAG_RUN_ID='manual__2023-10-31T08:52:30.975320+00:00'
[2023-10-31T14:22:32.673+0530] {date_time.py:74} INFO - Checking if the time (2024-01-01T00:00:00) has come
[2023-10-31T14:23:32.451+0530] {process_utils.py:131} INFO - Sending Signals.SIGTERM to group 883822. PIDs of all processes in the group: [883822]
[2023-10-31T14:23:32.451+0530] {process_utils.py:86} INFO - Sending the signal Signals.SIGTERM to group 883822
[2023-10-31T14:23:32.452+0530] {taskinstance.py:1630} ERROR - Received SIGTERM. Terminating subprocesses.
[2023-10-31T14:23:32.459+0530] {taskinstance.py:1935} ERROR - Task failed with exception
Traceback (most recent call last):
  File "/home/harika/.local/lib/python3.10/site-packages/airflow/sensors/base.py", line 285, in execute
    time.sleep(self._get_next_poke_interval(started_at, run_duration, try_number))
  File "/home/harika/.local/lib/python3.10/site-packages/airflow/models/taskinstance.py", line 1632, in signal_handler
    raise AirflowException("Task received SIGTERM signal")
airflow.exceptions.AirflowException: Task received SIGTERM signal
[2023-10-31T14:23:32.463+0530] {taskinstance.py:1398} INFO - Marking task as FAILED. dag_id=date_time_example, task_id=wait_until_new_year, execution_date=20231031T085230, start_date=20231031T085232, end_date=20231031T085332
[2023-10-31T14:23:32.473+0530] {standard_task_runner.py:104} ERROR - Failed to execute job 2082 for task wait_until_new_year (Task received SIGTERM signal; 883822)
[2023-10-31T14:23:32.504+0530] {process_utils.py:79} INFO - Process psutil.Process(pid=883822, status='terminated', exitcode=1, started='14:22:32') (883822) terminated with exit code 1
