[2023-11-08T12:33:52.849+0530] {taskinstance.py:1157} INFO - Dependencies all met for dep_context=non-requeueable deps ti=<TaskInstance: date_time_sensor.wait_until_time manual__2023-11-08T07:03:50.463562+00:00 [queued]>
[2023-11-08T12:33:52.857+0530] {taskinstance.py:1157} INFO - Dependencies all met for dep_context=requeueable deps ti=<TaskInstance: date_time_sensor.wait_until_time manual__2023-11-08T07:03:50.463562+00:00 [queued]>
[2023-11-08T12:33:52.858+0530] {taskinstance.py:1359} INFO - Starting attempt 1 of 1
[2023-11-08T12:33:52.869+0530] {taskinstance.py:1380} INFO - Executing <Task(DateTimeSensor): wait_until_time> on 2023-11-08 07:03:50.463562+00:00
[2023-11-08T12:33:52.873+0530] {standard_task_runner.py:57} INFO - Started process 123741 to run task
[2023-11-08T12:33:52.875+0530] {standard_task_runner.py:84} INFO - Running: ['airflow', 'tasks', 'run', 'date_time_sensor', 'wait_until_time', 'manual__2023-11-08T07:03:50.463562+00:00', '--job-id', '4489', '--raw', '--subdir', 'DAGS_FOLDER/dataTimeSensor.py', '--cfg-path', '/tmp/tmpbe3gqcgf']
[2023-11-08T12:33:52.876+0530] {standard_task_runner.py:85} INFO - Job 4489: Subtask wait_until_time
[2023-11-08T12:33:52.908+0530] {task_command.py:415} INFO - Running <TaskInstance: date_time_sensor.wait_until_time manual__2023-11-08T07:03:50.463562+00:00 [running]> on host harika-Latitude-5511
[2023-11-08T12:33:52.962+0530] {taskinstance.py:1660} INFO - Exporting env vars: AIRFLOW_CTX_DAG_OWNER='airflow' AIRFLOW_CTX_DAG_ID='date_time_sensor' AIRFLOW_CTX_TASK_ID='wait_until_time' AIRFLOW_CTX_EXECUTION_DATE='2023-11-08T07:03:50.463562+00:00' AIRFLOW_CTX_TRY_NUMBER='1' AIRFLOW_CTX_DAG_RUN_ID='manual__2023-11-08T07:03:50.463562+00:00'
[2023-11-08T12:33:52.966+0530] {date_time.py:74} INFO - Checking if the time (2023-11-08T07:05:00) has come
[2023-11-08T12:33:53.056+0530] {taskinstance.py:1895} INFO - Rescheduling task, marking task as UP_FOR_RESCHEDULE
[2023-11-08T12:33:53.087+0530] {local_task_job_runner.py:228} INFO - Task exited with return code 0
[2023-11-08T12:33:53.097+0530] {taskinstance.py:2776} INFO - 0 downstream tasks scheduled from follow-on schedule check
[2023-11-08T12:34:55.734+0530] {taskinstance.py:1157} INFO - Dependencies all met for dep_context=non-requeueable deps ti=<TaskInstance: date_time_sensor.wait_until_time manual__2023-11-08T07:03:50.463562+00:00 [queued]>
[2023-11-08T12:34:55.739+0530] {taskinstance.py:1157} INFO - Dependencies all met for dep_context=requeueable deps ti=<TaskInstance: date_time_sensor.wait_until_time manual__2023-11-08T07:03:50.463562+00:00 [queued]>
[2023-11-08T12:34:55.739+0530] {taskinstance.py:1359} INFO - Starting attempt 1 of 1
[2023-11-08T12:34:55.749+0530] {taskinstance.py:1380} INFO - Executing <Task(DateTimeSensor): wait_until_time> on 2023-11-08 07:03:50.463562+00:00
[2023-11-08T12:34:55.753+0530] {standard_task_runner.py:57} INFO - Started process 123853 to run task
[2023-11-08T12:34:55.754+0530] {standard_task_runner.py:84} INFO - Running: ['airflow', 'tasks', 'run', 'date_time_sensor', 'wait_until_time', 'manual__2023-11-08T07:03:50.463562+00:00', '--job-id', '4490', '--raw', '--subdir', 'DAGS_FOLDER/dataTimeSensor.py', '--cfg-path', '/tmp/tmptjdtpzp3']
[2023-11-08T12:34:55.755+0530] {standard_task_runner.py:85} INFO - Job 4490: Subtask wait_until_time
[2023-11-08T12:34:55.779+0530] {task_command.py:415} INFO - Running <TaskInstance: date_time_sensor.wait_until_time manual__2023-11-08T07:03:50.463562+00:00 [running]> on host harika-Latitude-5511
[2023-11-08T12:34:55.826+0530] {taskinstance.py:1660} INFO - Exporting env vars: AIRFLOW_CTX_DAG_OWNER='airflow' AIRFLOW_CTX_DAG_ID='date_time_sensor' AIRFLOW_CTX_TASK_ID='wait_until_time' AIRFLOW_CTX_EXECUTION_DATE='2023-11-08T07:03:50.463562+00:00' AIRFLOW_CTX_TRY_NUMBER='1' AIRFLOW_CTX_DAG_RUN_ID='manual__2023-11-08T07:03:50.463562+00:00'
[2023-11-08T12:34:55.831+0530] {date_time.py:74} INFO - Checking if the time (2023-11-08T07:05:00) has come
[2023-11-08T12:34:55.936+0530] {taskinstance.py:1895} INFO - Rescheduling task, marking task as UP_FOR_RESCHEDULE
[2023-11-08T12:34:55.967+0530] {local_task_job_runner.py:228} INFO - Task exited with return code 0
[2023-11-08T12:34:55.997+0530] {taskinstance.py:2776} INFO - 0 downstream tasks scheduled from follow-on schedule check
[2023-11-08T12:35:58.135+0530] {taskinstance.py:1157} INFO - Dependencies all met for dep_context=non-requeueable deps ti=<TaskInstance: date_time_sensor.wait_until_time manual__2023-11-08T07:03:50.463562+00:00 [queued]>
[2023-11-08T12:35:58.141+0530] {taskinstance.py:1157} INFO - Dependencies all met for dep_context=requeueable deps ti=<TaskInstance: date_time_sensor.wait_until_time manual__2023-11-08T07:03:50.463562+00:00 [queued]>
[2023-11-08T12:35:58.141+0530] {taskinstance.py:1359} INFO - Starting attempt 1 of 1
[2023-11-08T12:35:58.150+0530] {taskinstance.py:1380} INFO - Executing <Task(DateTimeSensor): wait_until_time> on 2023-11-08 07:03:50.463562+00:00
[2023-11-08T12:35:58.153+0530] {standard_task_runner.py:57} INFO - Started process 123977 to run task
[2023-11-08T12:35:58.155+0530] {standard_task_runner.py:84} INFO - Running: ['airflow', 'tasks', 'run', 'date_time_sensor', 'wait_until_time', 'manual__2023-11-08T07:03:50.463562+00:00', '--job-id', '4492', '--raw', '--subdir', 'DAGS_FOLDER/dataTimeSensor.py', '--cfg-path', '/tmp/tmpnxyry97i']
[2023-11-08T12:35:58.156+0530] {standard_task_runner.py:85} INFO - Job 4492: Subtask wait_until_time
[2023-11-08T12:35:58.184+0530] {task_command.py:415} INFO - Running <TaskInstance: date_time_sensor.wait_until_time manual__2023-11-08T07:03:50.463562+00:00 [running]> on host harika-Latitude-5511
[2023-11-08T12:35:58.232+0530] {taskinstance.py:1660} INFO - Exporting env vars: AIRFLOW_CTX_DAG_OWNER='airflow' AIRFLOW_CTX_DAG_ID='date_time_sensor' AIRFLOW_CTX_TASK_ID='wait_until_time' AIRFLOW_CTX_EXECUTION_DATE='2023-11-08T07:03:50.463562+00:00' AIRFLOW_CTX_TRY_NUMBER='1' AIRFLOW_CTX_DAG_RUN_ID='manual__2023-11-08T07:03:50.463562+00:00'
[2023-11-08T12:35:58.236+0530] {date_time.py:74} INFO - Checking if the time (2023-11-08T07:07:00) has come
[2023-11-08T12:35:58.329+0530] {taskinstance.py:1895} INFO - Rescheduling task, marking task as UP_FOR_RESCHEDULE
[2023-11-08T12:35:58.367+0530] {local_task_job_runner.py:228} INFO - Task exited with return code 0
[2023-11-08T12:35:58.378+0530] {taskinstance.py:2776} INFO - 0 downstream tasks scheduled from follow-on schedule check
[2023-11-08T12:37:00.373+0530] {taskinstance.py:1157} INFO - Dependencies all met for dep_context=non-requeueable deps ti=<TaskInstance: date_time_sensor.wait_until_time manual__2023-11-08T07:03:50.463562+00:00 [queued]>
[2023-11-08T12:37:00.379+0530] {taskinstance.py:1157} INFO - Dependencies all met for dep_context=requeueable deps ti=<TaskInstance: date_time_sensor.wait_until_time manual__2023-11-08T07:03:50.463562+00:00 [queued]>
[2023-11-08T12:37:00.379+0530] {taskinstance.py:1359} INFO - Starting attempt 1 of 1
[2023-11-08T12:37:00.390+0530] {taskinstance.py:1380} INFO - Executing <Task(DateTimeSensor): wait_until_time> on 2023-11-08 07:03:50.463562+00:00
[2023-11-08T12:37:00.393+0530] {standard_task_runner.py:57} INFO - Started process 124073 to run task
[2023-11-08T12:37:00.395+0530] {standard_task_runner.py:84} INFO - Running: ['airflow', 'tasks', 'run', 'date_time_sensor', 'wait_until_time', 'manual__2023-11-08T07:03:50.463562+00:00', '--job-id', '4494', '--raw', '--subdir', 'DAGS_FOLDER/dataTimeSensor.py', '--cfg-path', '/tmp/tmp8rdqgkvs']
[2023-11-08T12:37:00.396+0530] {standard_task_runner.py:85} INFO - Job 4494: Subtask wait_until_time
[2023-11-08T12:37:00.419+0530] {task_command.py:415} INFO - Running <TaskInstance: date_time_sensor.wait_until_time manual__2023-11-08T07:03:50.463562+00:00 [running]> on host harika-Latitude-5511
[2023-11-08T12:37:00.464+0530] {taskinstance.py:1660} INFO - Exporting env vars: AIRFLOW_CTX_DAG_OWNER='airflow' AIRFLOW_CTX_DAG_ID='date_time_sensor' AIRFLOW_CTX_TASK_ID='wait_until_time' AIRFLOW_CTX_EXECUTION_DATE='2023-11-08T07:03:50.463562+00:00' AIRFLOW_CTX_TRY_NUMBER='1' AIRFLOW_CTX_DAG_RUN_ID='manual__2023-11-08T07:03:50.463562+00:00'
[2023-11-08T12:37:00.468+0530] {date_time.py:74} INFO - Checking if the time (2023-11-08T07:07:00) has come
[2023-11-08T12:37:00.468+0530] {base.py:287} INFO - Success criteria met. Exiting.
[2023-11-08T12:37:00.472+0530] {taskinstance.py:1398} INFO - Marking task as SUCCESS. dag_id=date_time_sensor, task_id=wait_until_time, execution_date=20231108T070350, start_date=20231108T070700, end_date=20231108T070700
[2023-11-08T12:37:00.607+0530] {local_task_job_runner.py:228} INFO - Task exited with return code 0
[2023-11-08T12:37:00.639+0530] {taskinstance.py:2776} INFO - 0 downstream tasks scheduled from follow-on schedule check
