[2023-11-01T09:50:14.137+0530] {taskinstance.py:1157} INFO - Dependencies all met for dep_context=non-requeueable deps ti=<TaskInstance: date_time_example.wait_until_new_year scheduled__2023-11-01T00:05:00+00:00 [queued]>
[2023-11-01T09:50:14.142+0530] {taskinstance.py:1157} INFO - Dependencies all met for dep_context=requeueable deps ti=<TaskInstance: date_time_example.wait_until_new_year scheduled__2023-11-01T00:05:00+00:00 [queued]>
[2023-11-01T09:50:14.142+0530] {taskinstance.py:1359} INFO - Starting attempt 1 of 1
[2023-11-01T09:50:14.151+0530] {taskinstance.py:1380} INFO - Executing <Task(DateTimeSensor): wait_until_new_year> on 2023-11-01 00:05:00+00:00
[2023-11-01T09:50:14.154+0530] {standard_task_runner.py:57} INFO - Started process 919769 to run task
[2023-11-01T09:50:14.156+0530] {standard_task_runner.py:84} INFO - Running: ['airflow', 'tasks', 'run', 'date_time_example', 'wait_until_new_year', 'scheduled__2023-11-01T00:05:00+00:00', '--job-id', '2118', '--raw', '--subdir', 'DAGS_FOLDER/dataTimeSensor.py', '--cfg-path', '/tmp/tmpo36edocu']
[2023-11-01T09:50:14.157+0530] {standard_task_runner.py:85} INFO - Job 2118: Subtask wait_until_new_year
[2023-11-01T09:50:14.178+0530] {task_command.py:415} INFO - Running <TaskInstance: date_time_example.wait_until_new_year scheduled__2023-11-01T00:05:00+00:00 [running]> on host harika-Latitude-5511
[2023-11-01T09:50:14.222+0530] {taskinstance.py:1660} INFO - Exporting env vars: AIRFLOW_CTX_DAG_OWNER='airflow' AIRFLOW_CTX_DAG_ID='date_time_example' AIRFLOW_CTX_TASK_ID='wait_until_new_year' AIRFLOW_CTX_EXECUTION_DATE='2023-11-01T00:05:00+00:00' AIRFLOW_CTX_TRY_NUMBER='1' AIRFLOW_CTX_DAG_RUN_ID='scheduled__2023-11-01T00:05:00+00:00'
[2023-11-01T09:50:14.225+0530] {date_time.py:74} INFO - Checking if the time (2023-11-01T09:39:00) has come
[2023-11-01T09:50:14.297+0530] {taskinstance.py:1895} INFO - Rescheduling task, marking task as UP_FOR_RESCHEDULE
[2023-11-01T09:50:14.328+0530] {local_task_job_runner.py:228} INFO - Task exited with return code 0
[2023-11-01T09:50:14.336+0530] {taskinstance.py:2776} INFO - 0 downstream tasks scheduled from follow-on schedule check
[2023-11-01T09:51:16.562+0530] {taskinstance.py:1157} INFO - Dependencies all met for dep_context=non-requeueable deps ti=<TaskInstance: date_time_example.wait_until_new_year scheduled__2023-11-01T00:05:00+00:00 [queued]>
[2023-11-01T09:51:16.567+0530] {taskinstance.py:1157} INFO - Dependencies all met for dep_context=requeueable deps ti=<TaskInstance: date_time_example.wait_until_new_year scheduled__2023-11-01T00:05:00+00:00 [queued]>
[2023-11-01T09:51:16.567+0530] {taskinstance.py:1359} INFO - Starting attempt 1 of 1
[2023-11-01T09:51:16.576+0530] {taskinstance.py:1380} INFO - Executing <Task(DateTimeSensor): wait_until_new_year> on 2023-11-01 00:05:00+00:00
[2023-11-01T09:51:16.579+0530] {standard_task_runner.py:57} INFO - Started process 921188 to run task
[2023-11-01T09:51:16.581+0530] {standard_task_runner.py:84} INFO - Running: ['airflow', 'tasks', 'run', 'date_time_example', 'wait_until_new_year', 'scheduled__2023-11-01T00:05:00+00:00', '--job-id', '2134', '--raw', '--subdir', 'DAGS_FOLDER/dataTimeSensor.py', '--cfg-path', '/tmp/tmp3w0e1vmc']
[2023-11-01T09:51:16.582+0530] {standard_task_runner.py:85} INFO - Job 2134: Subtask wait_until_new_year
[2023-11-01T09:51:16.603+0530] {task_command.py:415} INFO - Running <TaskInstance: date_time_example.wait_until_new_year scheduled__2023-11-01T00:05:00+00:00 [running]> on host harika-Latitude-5511
[2023-11-01T09:51:16.646+0530] {taskinstance.py:1660} INFO - Exporting env vars: AIRFLOW_CTX_DAG_OWNER='airflow' AIRFLOW_CTX_DAG_ID='date_time_example' AIRFLOW_CTX_TASK_ID='wait_until_new_year' AIRFLOW_CTX_EXECUTION_DATE='2023-11-01T00:05:00+00:00' AIRFLOW_CTX_TRY_NUMBER='1' AIRFLOW_CTX_DAG_RUN_ID='scheduled__2023-11-01T00:05:00+00:00'
[2023-11-01T09:51:16.649+0530] {date_time.py:74} INFO - Checking if the time (2023-11-01T09:39:00) has come
[2023-11-01T09:51:16.728+0530] {taskinstance.py:1895} INFO - Rescheduling task, marking task as UP_FOR_RESCHEDULE
[2023-11-01T09:51:16.753+0530] {local_task_job_runner.py:228} INFO - Task exited with return code 0
[2023-11-01T09:51:16.762+0530] {taskinstance.py:2776} INFO - 0 downstream tasks scheduled from follow-on schedule check
[2023-11-01T09:52:21.233+0530] {taskinstance.py:1157} INFO - Dependencies all met for dep_context=non-requeueable deps ti=<TaskInstance: date_time_example.wait_until_new_year scheduled__2023-11-01T00:05:00+00:00 [queued]>
[2023-11-01T09:52:21.238+0530] {taskinstance.py:1157} INFO - Dependencies all met for dep_context=requeueable deps ti=<TaskInstance: date_time_example.wait_until_new_year scheduled__2023-11-01T00:05:00+00:00 [queued]>
[2023-11-01T09:52:21.238+0530] {taskinstance.py:1359} INFO - Starting attempt 1 of 1
[2023-11-01T09:52:21.249+0530] {taskinstance.py:1380} INFO - Executing <Task(DateTimeSensor): wait_until_new_year> on 2023-11-01 00:05:00+00:00
[2023-11-01T09:52:21.253+0530] {standard_task_runner.py:57} INFO - Started process 922494 to run task
[2023-11-01T09:52:21.255+0530] {standard_task_runner.py:84} INFO - Running: ['airflow', 'tasks', 'run', 'date_time_example', 'wait_until_new_year', 'scheduled__2023-11-01T00:05:00+00:00', '--job-id', '2152', '--raw', '--subdir', 'DAGS_FOLDER/dataTimeSensor.py', '--cfg-path', '/tmp/tmplurngw28']
[2023-11-01T09:52:21.256+0530] {standard_task_runner.py:85} INFO - Job 2152: Subtask wait_until_new_year
[2023-11-01T09:52:21.281+0530] {task_command.py:415} INFO - Running <TaskInstance: date_time_example.wait_until_new_year scheduled__2023-11-01T00:05:00+00:00 [running]> on host harika-Latitude-5511
[2023-11-01T09:52:21.337+0530] {taskinstance.py:1660} INFO - Exporting env vars: AIRFLOW_CTX_DAG_OWNER='airflow' AIRFLOW_CTX_DAG_ID='date_time_example' AIRFLOW_CTX_TASK_ID='wait_until_new_year' AIRFLOW_CTX_EXECUTION_DATE='2023-11-01T00:05:00+00:00' AIRFLOW_CTX_TRY_NUMBER='1' AIRFLOW_CTX_DAG_RUN_ID='scheduled__2023-11-01T00:05:00+00:00'
[2023-11-01T09:52:21.341+0530] {date_time.py:74} INFO - Checking if the time (2023-11-01T09:52:00) has come
[2023-11-01T09:52:21.430+0530] {taskinstance.py:1895} INFO - Rescheduling task, marking task as UP_FOR_RESCHEDULE
[2023-11-01T09:52:21.467+0530] {local_task_job_runner.py:228} INFO - Task exited with return code 0
[2023-11-01T09:52:21.497+0530] {taskinstance.py:2776} INFO - 0 downstream tasks scheduled from follow-on schedule check
[2023-11-01T09:53:23.571+0530] {taskinstance.py:1157} INFO - Dependencies all met for dep_context=non-requeueable deps ti=<TaskInstance: date_time_example.wait_until_new_year scheduled__2023-11-01T00:05:00+00:00 [queued]>
[2023-11-01T09:53:23.577+0530] {taskinstance.py:1157} INFO - Dependencies all met for dep_context=requeueable deps ti=<TaskInstance: date_time_example.wait_until_new_year scheduled__2023-11-01T00:05:00+00:00 [queued]>
[2023-11-01T09:53:23.577+0530] {taskinstance.py:1359} INFO - Starting attempt 1 of 1
[2023-11-01T09:53:23.588+0530] {taskinstance.py:1380} INFO - Executing <Task(DateTimeSensor): wait_until_new_year> on 2023-11-01 00:05:00+00:00
[2023-11-01T09:53:23.591+0530] {standard_task_runner.py:57} INFO - Started process 923884 to run task
[2023-11-01T09:53:23.593+0530] {standard_task_runner.py:84} INFO - Running: ['airflow', 'tasks', 'run', 'date_time_example', 'wait_until_new_year', 'scheduled__2023-11-01T00:05:00+00:00', '--job-id', '2170', '--raw', '--subdir', 'DAGS_FOLDER/dataTimeSensor.py', '--cfg-path', '/tmp/tmpo_dqahv4']
[2023-11-01T09:53:23.594+0530] {standard_task_runner.py:85} INFO - Job 2170: Subtask wait_until_new_year
[2023-11-01T09:53:23.619+0530] {task_command.py:415} INFO - Running <TaskInstance: date_time_example.wait_until_new_year scheduled__2023-11-01T00:05:00+00:00 [running]> on host harika-Latitude-5511
[2023-11-01T09:53:23.667+0530] {taskinstance.py:1660} INFO - Exporting env vars: AIRFLOW_CTX_DAG_OWNER='airflow' AIRFLOW_CTX_DAG_ID='date_time_example' AIRFLOW_CTX_TASK_ID='wait_until_new_year' AIRFLOW_CTX_EXECUTION_DATE='2023-11-01T00:05:00+00:00' AIRFLOW_CTX_TRY_NUMBER='1' AIRFLOW_CTX_DAG_RUN_ID='scheduled__2023-11-01T00:05:00+00:00'
[2023-11-01T09:53:23.670+0530] {date_time.py:74} INFO - Checking if the time (2023-11-01T09:52:00) has come
[2023-11-01T09:53:23.764+0530] {taskinstance.py:1895} INFO - Rescheduling task, marking task as UP_FOR_RESCHEDULE
[2023-11-01T09:53:23.806+0530] {local_task_job_runner.py:228} INFO - Task exited with return code 0
[2023-11-01T09:53:23.835+0530] {taskinstance.py:2776} INFO - 0 downstream tasks scheduled from follow-on schedule check
[2023-11-01T09:54:25.625+0530] {taskinstance.py:1157} INFO - Dependencies all met for dep_context=non-requeueable deps ti=<TaskInstance: date_time_example.wait_until_new_year scheduled__2023-11-01T00:05:00+00:00 [queued]>
[2023-11-01T09:54:25.637+0530] {taskinstance.py:1157} INFO - Dependencies all met for dep_context=requeueable deps ti=<TaskInstance: date_time_example.wait_until_new_year scheduled__2023-11-01T00:05:00+00:00 [queued]>
[2023-11-01T09:54:25.637+0530] {taskinstance.py:1359} INFO - Starting attempt 1 of 1
[2023-11-01T09:54:25.651+0530] {taskinstance.py:1380} INFO - Executing <Task(DateTimeSensor): wait_until_new_year> on 2023-11-01 00:05:00+00:00
[2023-11-01T09:54:25.655+0530] {standard_task_runner.py:57} INFO - Started process 925269 to run task
[2023-11-01T09:54:25.658+0530] {standard_task_runner.py:84} INFO - Running: ['airflow', 'tasks', 'run', 'date_time_example', 'wait_until_new_year', 'scheduled__2023-11-01T00:05:00+00:00', '--job-id', '2186', '--raw', '--subdir', 'DAGS_FOLDER/dataTimeSensor.py', '--cfg-path', '/tmp/tmp18ogy4h9']
[2023-11-01T09:54:25.659+0530] {standard_task_runner.py:85} INFO - Job 2186: Subtask wait_until_new_year
[2023-11-01T09:54:25.689+0530] {task_command.py:415} INFO - Running <TaskInstance: date_time_example.wait_until_new_year scheduled__2023-11-01T00:05:00+00:00 [running]> on host harika-Latitude-5511
[2023-11-01T09:54:25.741+0530] {taskinstance.py:1660} INFO - Exporting env vars: AIRFLOW_CTX_DAG_OWNER='airflow' AIRFLOW_CTX_DAG_ID='date_time_example' AIRFLOW_CTX_TASK_ID='wait_until_new_year' AIRFLOW_CTX_EXECUTION_DATE='2023-11-01T00:05:00+00:00' AIRFLOW_CTX_TRY_NUMBER='1' AIRFLOW_CTX_DAG_RUN_ID='scheduled__2023-11-01T00:05:00+00:00'
[2023-11-01T09:54:25.746+0530] {date_time.py:74} INFO - Checking if the time (2023-11-01T09:52:00) has come
[2023-11-01T09:54:25.838+0530] {taskinstance.py:1895} INFO - Rescheduling task, marking task as UP_FOR_RESCHEDULE
[2023-11-01T09:54:25.869+0530] {local_task_job_runner.py:228} INFO - Task exited with return code 0
[2023-11-01T09:54:25.879+0530] {taskinstance.py:2776} INFO - 0 downstream tasks scheduled from follow-on schedule check
[2023-11-01T09:55:28.526+0530] {taskinstance.py:1157} INFO - Dependencies all met for dep_context=non-requeueable deps ti=<TaskInstance: date_time_example.wait_until_new_year scheduled__2023-11-01T00:05:00+00:00 [queued]>
[2023-11-01T09:55:28.532+0530] {taskinstance.py:1157} INFO - Dependencies all met for dep_context=requeueable deps ti=<TaskInstance: date_time_example.wait_until_new_year scheduled__2023-11-01T00:05:00+00:00 [queued]>
[2023-11-01T09:55:28.533+0530] {taskinstance.py:1359} INFO - Starting attempt 1 of 1
[2023-11-01T09:55:28.543+0530] {taskinstance.py:1380} INFO - Executing <Task(DateTimeSensor): wait_until_new_year> on 2023-11-01 00:05:00+00:00
[2023-11-01T09:55:28.546+0530] {standard_task_runner.py:57} INFO - Started process 926530 to run task
[2023-11-01T09:55:28.549+0530] {standard_task_runner.py:84} INFO - Running: ['airflow', 'tasks', 'run', 'date_time_example', 'wait_until_new_year', 'scheduled__2023-11-01T00:05:00+00:00', '--job-id', '2202', '--raw', '--subdir', 'DAGS_FOLDER/dataTimeSensor.py', '--cfg-path', '/tmp/tmpxg3svb5q']
[2023-11-01T09:55:28.550+0530] {standard_task_runner.py:85} INFO - Job 2202: Subtask wait_until_new_year
[2023-11-01T09:55:28.575+0530] {task_command.py:415} INFO - Running <TaskInstance: date_time_example.wait_until_new_year scheduled__2023-11-01T00:05:00+00:00 [running]> on host harika-Latitude-5511
[2023-11-01T09:55:28.623+0530] {taskinstance.py:1660} INFO - Exporting env vars: AIRFLOW_CTX_DAG_OWNER='airflow' AIRFLOW_CTX_DAG_ID='date_time_example' AIRFLOW_CTX_TASK_ID='wait_until_new_year' AIRFLOW_CTX_EXECUTION_DATE='2023-11-01T00:05:00+00:00' AIRFLOW_CTX_TRY_NUMBER='1' AIRFLOW_CTX_DAG_RUN_ID='scheduled__2023-11-01T00:05:00+00:00'
[2023-11-01T09:55:28.627+0530] {date_time.py:74} INFO - Checking if the time (2023-11-01T09:52:00) has come
[2023-11-01T09:55:28.721+0530] {taskinstance.py:1895} INFO - Rescheduling task, marking task as UP_FOR_RESCHEDULE
[2023-11-01T09:55:28.761+0530] {local_task_job_runner.py:228} INFO - Task exited with return code 0
[2023-11-01T09:55:28.785+0530] {taskinstance.py:2776} INFO - 0 downstream tasks scheduled from follow-on schedule check
[2023-11-01T09:56:31.442+0530] {taskinstance.py:1157} INFO - Dependencies all met for dep_context=non-requeueable deps ti=<TaskInstance: date_time_example.wait_until_new_year scheduled__2023-11-01T00:05:00+00:00 [queued]>
[2023-11-01T09:56:31.448+0530] {taskinstance.py:1157} INFO - Dependencies all met for dep_context=requeueable deps ti=<TaskInstance: date_time_example.wait_until_new_year scheduled__2023-11-01T00:05:00+00:00 [queued]>
[2023-11-01T09:56:31.449+0530] {taskinstance.py:1359} INFO - Starting attempt 1 of 1
[2023-11-01T09:56:31.458+0530] {taskinstance.py:1380} INFO - Executing <Task(DateTimeSensor): wait_until_new_year> on 2023-11-01 00:05:00+00:00
[2023-11-01T09:56:31.461+0530] {standard_task_runner.py:57} INFO - Started process 927924 to run task
[2023-11-01T09:56:31.464+0530] {standard_task_runner.py:84} INFO - Running: ['airflow', 'tasks', 'run', 'date_time_example', 'wait_until_new_year', 'scheduled__2023-11-01T00:05:00+00:00', '--job-id', '2218', '--raw', '--subdir', 'DAGS_FOLDER/dataTimeSensor.py', '--cfg-path', '/tmp/tmpstocu7h3']
[2023-11-01T09:56:31.466+0530] {standard_task_runner.py:85} INFO - Job 2218: Subtask wait_until_new_year
[2023-11-01T09:56:31.490+0530] {task_command.py:415} INFO - Running <TaskInstance: date_time_example.wait_until_new_year scheduled__2023-11-01T00:05:00+00:00 [running]> on host harika-Latitude-5511
[2023-11-01T09:56:31.537+0530] {taskinstance.py:1660} INFO - Exporting env vars: AIRFLOW_CTX_DAG_OWNER='airflow' AIRFLOW_CTX_DAG_ID='date_time_example' AIRFLOW_CTX_TASK_ID='wait_until_new_year' AIRFLOW_CTX_EXECUTION_DATE='2023-11-01T00:05:00+00:00' AIRFLOW_CTX_TRY_NUMBER='1' AIRFLOW_CTX_DAG_RUN_ID='scheduled__2023-11-01T00:05:00+00:00'
[2023-11-01T09:56:31.541+0530] {date_time.py:74} INFO - Checking if the time (2023-11-01T09:52:00) has come
[2023-11-01T09:56:31.629+0530] {taskinstance.py:1895} INFO - Rescheduling task, marking task as UP_FOR_RESCHEDULE
[2023-11-01T09:56:31.676+0530] {local_task_job_runner.py:228} INFO - Task exited with return code 0
[2023-11-01T09:56:31.700+0530] {taskinstance.py:2776} INFO - 0 downstream tasks scheduled from follow-on schedule check
[2023-11-01T09:57:34.306+0530] {taskinstance.py:1157} INFO - Dependencies all met for dep_context=non-requeueable deps ti=<TaskInstance: date_time_example.wait_until_new_year scheduled__2023-11-01T00:05:00+00:00 [queued]>
[2023-11-01T09:57:34.311+0530] {taskinstance.py:1157} INFO - Dependencies all met for dep_context=requeueable deps ti=<TaskInstance: date_time_example.wait_until_new_year scheduled__2023-11-01T00:05:00+00:00 [queued]>
[2023-11-01T09:57:34.311+0530] {taskinstance.py:1359} INFO - Starting attempt 1 of 1
[2023-11-01T09:57:34.321+0530] {taskinstance.py:1380} INFO - Executing <Task(DateTimeSensor): wait_until_new_year> on 2023-11-01 00:05:00+00:00
[2023-11-01T09:57:34.325+0530] {standard_task_runner.py:57} INFO - Started process 929316 to run task
[2023-11-01T09:57:34.327+0530] {standard_task_runner.py:84} INFO - Running: ['airflow', 'tasks', 'run', 'date_time_example', 'wait_until_new_year', 'scheduled__2023-11-01T00:05:00+00:00', '--job-id', '2234', '--raw', '--subdir', 'DAGS_FOLDER/dataTimeSensor.py', '--cfg-path', '/tmp/tmp5lmtwwso']
[2023-11-01T09:57:34.328+0530] {standard_task_runner.py:85} INFO - Job 2234: Subtask wait_until_new_year
[2023-11-01T09:57:34.368+0530] {task_command.py:415} INFO - Running <TaskInstance: date_time_example.wait_until_new_year scheduled__2023-11-01T00:05:00+00:00 [running]> on host harika-Latitude-5511
[2023-11-01T09:57:34.428+0530] {taskinstance.py:1660} INFO - Exporting env vars: AIRFLOW_CTX_DAG_OWNER='airflow' AIRFLOW_CTX_DAG_ID='date_time_example' AIRFLOW_CTX_TASK_ID='wait_until_new_year' AIRFLOW_CTX_EXECUTION_DATE='2023-11-01T00:05:00+00:00' AIRFLOW_CTX_TRY_NUMBER='1' AIRFLOW_CTX_DAG_RUN_ID='scheduled__2023-11-01T00:05:00+00:00'
[2023-11-01T09:57:34.433+0530] {date_time.py:74} INFO - Checking if the time (2023-11-01T09:52:00) has come
[2023-11-01T09:57:34.521+0530] {taskinstance.py:1895} INFO - Rescheduling task, marking task as UP_FOR_RESCHEDULE
[2023-11-01T09:57:34.539+0530] {local_task_job_runner.py:228} INFO - Task exited with return code 0
[2023-11-01T09:57:34.550+0530] {taskinstance.py:2776} INFO - 0 downstream tasks scheduled from follow-on schedule check
