[2023-11-07T15:57:59.100+0530] {taskinstance.py:1157} INFO - Dependencies all met for dep_context=non-requeueable deps ti=<TaskInstance: example_sensors.Sensor_fails_after_3_seconds manual__2023-11-07T10:26:41.563383+00:00 [queued]>
[2023-11-07T15:57:59.105+0530] {taskinstance.py:1157} INFO - Dependencies all met for dep_context=requeueable deps ti=<TaskInstance: example_sensors.Sensor_fails_after_3_seconds manual__2023-11-07T10:26:41.563383+00:00 [queued]>
[2023-11-07T15:57:59.105+0530] {taskinstance.py:1359} INFO - Starting attempt 1 of 1
[2023-11-07T15:57:59.115+0530] {taskinstance.py:1380} INFO - Executing <Task(BashSensor): Sensor_fails_after_3_seconds> on 2023-11-07 10:26:41.563383+00:00
[2023-11-07T15:57:59.118+0530] {standard_task_runner.py:57} INFO - Started process 88240 to run task
[2023-11-07T15:57:59.120+0530] {standard_task_runner.py:84} INFO - Running: ['airflow', 'tasks', 'run', 'example_sensors', 'Sensor_fails_after_3_seconds', 'manual__2023-11-07T10:26:41.563383+00:00', '--job-id', '4403', '--raw', '--subdir', 'DAGS_FOLDER/example_sensors.py', '--cfg-path', '/tmp/tmpf5sqzbjl']
[2023-11-07T15:57:59.121+0530] {standard_task_runner.py:85} INFO - Job 4403: Subtask Sensor_fails_after_3_seconds
[2023-11-07T15:57:59.142+0530] {task_command.py:415} INFO - Running <TaskInstance: example_sensors.Sensor_fails_after_3_seconds manual__2023-11-07T10:26:41.563383+00:00 [running]> on host harika-Latitude-5511
[2023-11-07T15:57:59.195+0530] {taskinstance.py:1660} INFO - Exporting env vars: AIRFLOW_CTX_DAG_OWNER='airflow' AIRFLOW_CTX_DAG_ID='example_sensors' AIRFLOW_CTX_TASK_ID='Sensor_fails_after_3_seconds' AIRFLOW_CTX_EXECUTION_DATE='2023-11-07T10:26:41.563383+00:00' AIRFLOW_CTX_TRY_NUMBER='1' AIRFLOW_CTX_DAG_RUN_ID='manual__2023-11-07T10:26:41.563383+00:00'
[2023-11-07T15:57:59.196+0530] {bash.py:70} INFO - Tmp dir root location: /tmp
[2023-11-07T15:57:59.196+0530] {bash.py:77} INFO - Temporary script location: /tmp/airflowtmpxmk3j4qa//tmp/airflowtmpxmk3j4qa/Sensor_fails_after_3_secondszuuc5nnz
[2023-11-07T15:57:59.196+0530] {bash.py:78} INFO - Running command: exit 1
[2023-11-07T15:57:59.202+0530] {bash.py:90} INFO - Output:
[2023-11-07T15:57:59.203+0530] {bash.py:94} INFO - Command exited with return code 1
[2023-11-07T15:57:59.203+0530] {bash.py:110} INFO - Non-zero return code and no retry code set, will retry later
[2023-11-07T15:58:59.263+0530] {bash.py:70} INFO - Tmp dir root location: /tmp
[2023-11-07T15:58:59.264+0530] {bash.py:77} INFO - Temporary script location: /tmp/airflowtmprvsgk7c2//tmp/airflowtmprvsgk7c2/Sensor_fails_after_3_secondsuv56f8s6
[2023-11-07T15:58:59.265+0530] {bash.py:78} INFO - Running command: exit 1
[2023-11-07T15:58:59.284+0530] {bash.py:90} INFO - Output:
[2023-11-07T15:58:59.287+0530] {bash.py:94} INFO - Command exited with return code 1
[2023-11-07T15:58:59.288+0530] {bash.py:110} INFO - Non-zero return code and no retry code set, will retry later
[2023-11-07T15:58:59.289+0530] {taskinstance.py:1540} INFO - Sensor has timed out; run duration of 60.09319749499991 seconds exceeds the specified timeout of 3.0.
[2023-11-07T15:58:59.306+0530] {taskinstance.py:1398} INFO - Marking task as SKIPPED. dag_id=example_sensors, task_id=Sensor_fails_after_3_seconds, execution_date=20231107T102641, start_date=20231107T102759, end_date=20231107T102859
[2023-11-07T15:58:59.362+0530] {local_task_job_runner.py:228} INFO - Task exited with return code 0
[2023-11-07T15:58:59.396+0530] {taskinstance.py:2776} INFO - 0 downstream tasks scheduled from follow-on schedule check
