[2023-11-08T10:46:40.863+0530] {taskinstance.py:1157} INFO - Dependencies all met for dep_context=non-requeueable deps ti=<TaskInstance: example_sensors.Sensor_fails_after_3_seconds manual__2023-11-08T05:15:23.865348+00:00 [queued]>
[2023-11-08T10:46:40.869+0530] {taskinstance.py:1157} INFO - Dependencies all met for dep_context=requeueable deps ti=<TaskInstance: example_sensors.Sensor_fails_after_3_seconds manual__2023-11-08T05:15:23.865348+00:00 [queued]>
[2023-11-08T10:46:40.869+0530] {taskinstance.py:1359} INFO - Starting attempt 1 of 1
[2023-11-08T10:46:40.879+0530] {taskinstance.py:1380} INFO - Executing <Task(BashSensor): Sensor_fails_after_3_seconds> on 2023-11-08 05:15:23.865348+00:00
[2023-11-08T10:46:40.882+0530] {standard_task_runner.py:57} INFO - Started process 98978 to run task
[2023-11-08T10:46:40.884+0530] {standard_task_runner.py:84} INFO - Running: ['airflow', 'tasks', 'run', 'example_sensors', 'Sensor_fails_after_3_seconds', 'manual__2023-11-08T05:15:23.865348+00:00', '--job-id', '4424', '--raw', '--subdir', 'DAGS_FOLDER/example_sensors.py', '--cfg-path', '/tmp/tmpeu2b9_i9']
[2023-11-08T10:46:40.885+0530] {standard_task_runner.py:85} INFO - Job 4424: Subtask Sensor_fails_after_3_seconds
[2023-11-08T10:46:40.906+0530] {task_command.py:415} INFO - Running <TaskInstance: example_sensors.Sensor_fails_after_3_seconds manual__2023-11-08T05:15:23.865348+00:00 [running]> on host harika-Latitude-5511
[2023-11-08T10:46:40.950+0530] {taskinstance.py:1660} INFO - Exporting env vars: AIRFLOW_CTX_DAG_OWNER='airflow' AIRFLOW_CTX_DAG_ID='example_sensors' AIRFLOW_CTX_TASK_ID='Sensor_fails_after_3_seconds' AIRFLOW_CTX_EXECUTION_DATE='2023-11-08T05:15:23.865348+00:00' AIRFLOW_CTX_TRY_NUMBER='1' AIRFLOW_CTX_DAG_RUN_ID='manual__2023-11-08T05:15:23.865348+00:00'
[2023-11-08T10:46:40.951+0530] {bash.py:70} INFO - Tmp dir root location: /tmp
[2023-11-08T10:46:40.951+0530] {bash.py:77} INFO - Temporary script location: /tmp/airflowtmpdmy5h9yi//tmp/airflowtmpdmy5h9yi/Sensor_fails_after_3_secondsyin8h099
[2023-11-08T10:46:40.951+0530] {bash.py:78} INFO - Running command: exit 1
[2023-11-08T10:46:40.958+0530] {bash.py:90} INFO - Output:
[2023-11-08T10:46:40.959+0530] {bash.py:94} INFO - Command exited with return code 1
[2023-11-08T10:46:40.959+0530] {bash.py:110} INFO - Non-zero return code and no retry code set, will retry later
[2023-11-08T10:47:41.017+0530] {bash.py:70} INFO - Tmp dir root location: /tmp
[2023-11-08T10:47:41.019+0530] {bash.py:77} INFO - Temporary script location: /tmp/airflowtmpgr4er4jg//tmp/airflowtmpgr4er4jg/Sensor_fails_after_3_secondss8wvd5u5
[2023-11-08T10:47:41.019+0530] {bash.py:78} INFO - Running command: exit 1
[2023-11-08T10:47:41.028+0530] {bash.py:90} INFO - Output:
[2023-11-08T10:47:41.029+0530] {bash.py:94} INFO - Command exited with return code 1
[2023-11-08T10:47:41.029+0530] {bash.py:110} INFO - Non-zero return code and no retry code set, will retry later
[2023-11-08T10:47:41.030+0530] {taskinstance.py:1540} INFO - Sensor has timed out; run duration of 60.07894011899771 seconds exceeds the specified timeout of 3.0.
[2023-11-08T10:47:41.037+0530] {taskinstance.py:1398} INFO - Marking task as SKIPPED. dag_id=example_sensors, task_id=Sensor_fails_after_3_seconds, execution_date=20231108T051523, start_date=20231108T051640, end_date=20231108T051741
[2023-11-08T10:47:41.071+0530] {local_task_job_runner.py:228} INFO - Task exited with return code 0
[2023-11-08T10:47:41.103+0530] {taskinstance.py:2776} INFO - 0 downstream tasks scheduled from follow-on schedule check
